[0.055s] Invoking command in '/home/auro/Auro/build/auro_interfaces': CMAKE_PREFIX_PATH=${CMAKE_PREFIX_PATH}:/home/auro/turtlebot3_ws/install/turtlebot3_teleop:/home/auro/turtlebot3_ws/install/turtlebot3_example:/opt/ros/humble /usr/bin/cmake --build /home/auro/Auro/build/auro_interfaces -- -j4 -l4
[0.497s] [  1%] Built target auro_interfaces__cpp
[0.497s] [  1%] Built target ament_cmake_python_symlink_auro_interfaces
[0.497s] [ 12%] Built target auro_interfaces__rosidl_typesupport_fastrtps_cpp
[0.497s] [ 23%] Built target auro_interfaces__rosidl_typesupport_introspection_cpp
[0.707s] running egg_info
[0.708s] writing auro_interfaces.egg-info/PKG-INFO
[0.709s] writing dependency_links to auro_interfaces.egg-info/dependency_links.txt
[0.709s] writing top-level names to auro_interfaces.egg-info/top_level.txt
[0.713s] reading manifest file 'auro_interfaces.egg-info/SOURCES.txt'
[0.714s] writing manifest file 'auro_interfaces.egg-info/SOURCES.txt'
[0.769s] [ 23%] Built target ament_cmake_python_build_auro_interfaces_egg
[0.808s] [ 34%] Built target auro_interfaces__rosidl_typesupport_cpp
[0.840s] [ 46%] Built target auro_interfaces__rosidl_generator_c
[0.882s] [ 57%] Built target auro_interfaces__rosidl_typesupport_fastrtps_c
[0.915s] [ 68%] Built target auro_interfaces__rosidl_typesupport_c
[0.949s] [ 79%] Built target auro_interfaces__rosidl_typesupport_introspection_c
[0.993s] [ 79%] Built target auro_interfaces
[1.023s] [ 80%] Built target auro_interfaces__py
[1.059s] [ 90%] Built target auro_interfaces__rosidl_generator_py
[1.100s] [ 93%] Built target auro_interfaces__rosidl_typesupport_fastrtps_c__pyext
[1.130s] [ 96%] Built target auro_interfaces__rosidl_typesupport_c__pyext
[1.163s] [100%] Built target auro_interfaces__rosidl_typesupport_introspection_c__pyext
[1.184s] Invoked command in '/home/auro/Auro/build/auro_interfaces' returned '0': CMAKE_PREFIX_PATH=${CMAKE_PREFIX_PATH}:/home/auro/turtlebot3_ws/install/turtlebot3_teleop:/home/auro/turtlebot3_ws/install/turtlebot3_example:/opt/ros/humble /usr/bin/cmake --build /home/auro/Auro/build/auro_interfaces -- -j4 -l4
[1.482s] Invoking command in '/home/auro/Auro/build/auro_interfaces': CMAKE_PREFIX_PATH=${CMAKE_PREFIX_PATH}:/home/auro/turtlebot3_ws/install/turtlebot3_teleop:/home/auro/turtlebot3_ws/install/turtlebot3_example:/opt/ros/humble /usr/bin/cmake --install /home/auro/Auro/build/auro_interfaces
[1.500s] -- Install configuration: ""
[1.501s] -- Execute custom install script
[1.503s] -- Up-to-date symlink: /home/auro/Auro/install/auro_interfaces/share/ament_index/resource_index/rosidl_interfaces/auro_interfaces
[1.504s] -- Up-to-date symlink: /home/auro/Auro/install/auro_interfaces/include/auro_interfaces/auro_interfaces/msg/detail/direction__functions.h
[1.507s] -- Up-to-date symlink: /home/auro/Auro/install/auro_interfaces/include/auro_interfaces/auro_interfaces/msg/detail/direction__struct.h
[1.507s] -- Up-to-date symlink: /home/auro/Auro/install/auro_interfaces/include/auro_interfaces/auro_interfaces/msg/detail/direction__type_support.h
[1.508s] -- Up-to-date symlink: /home/auro/Auro/install/auro_interfaces/include/auro_interfaces/auro_interfaces/msg/detail/item__functions.h
[1.508s] -- Up-to-date symlink: /home/auro/Auro/install/auro_interfaces/include/auro_interfaces/auro_interfaces/msg/detail/item__struct.h
[1.509s] -- Up-to-date symlink: /home/auro/Auro/install/auro_interfaces/include/auro_interfaces/auro_interfaces/msg/detail/item__type_support.h
[1.509s] -- Up-to-date symlink: /home/auro/Auro/install/auro_interfaces/include/auro_interfaces/auro_interfaces/msg/detail/item_list__functions.h
[1.510s] -- Up-to-date symlink: /home/auro/Auro/install/auro_interfaces/include/auro_interfaces/auro_interfaces/msg/detail/item_list__struct.h
[1.510s] -- Up-to-date symlink: /home/auro/Auro/install/auro_interfaces/include/auro_interfaces/auro_interfaces/msg/detail/item_list__type_support.h
[1.511s] -- Up-to-date symlink: /home/auro/Auro/install/auro_interfaces/include/auro_interfaces/auro_interfaces/msg/detail/string_with_pose__functions.h
[1.512s] -- Up-to-date symlink: /home/auro/Auro/install/auro_interfaces/include/auro_interfaces/auro_interfaces/msg/detail/string_with_pose__struct.h
[1.512s] -- Up-to-date symlink: /home/auro/Auro/install/auro_interfaces/include/auro_interfaces/auro_interfaces/msg/detail/string_with_pose__type_support.h
[1.513s] -- Up-to-date symlink: /home/auro/Auro/install/auro_interfaces/include/auro_interfaces/auro_interfaces/msg/direction.h
[1.513s] -- Up-to-date symlink: /home/auro/Auro/install/auro_interfaces/include/auro_interfaces/auro_interfaces/msg/item.h
[1.514s] -- Up-to-date symlink: /home/auro/Auro/install/auro_interfaces/include/auro_interfaces/auro_interfaces/msg/item_list.h
[1.514s] -- Up-to-date symlink: /home/auro/Auro/install/auro_interfaces/include/auro_interfaces/auro_interfaces/msg/rosidl_generator_c__visibility_control.h
[1.519s] -- Up-to-date symlink: /home/auro/Auro/install/auro_interfaces/include/auro_interfaces/auro_interfaces/msg/string_with_pose.h
[1.520s] -- Up-to-date symlink: /home/auro/Auro/install/auro_interfaces/include/auro_interfaces/auro_interfaces/srv/detail/item_request__functions.h
[1.520s] -- Up-to-date symlink: /home/auro/Auro/install/auro_interfaces/include/auro_interfaces/auro_interfaces/srv/detail/item_request__struct.h
[1.520s] -- Up-to-date symlink: /home/auro/Auro/install/auro_interfaces/include/auro_interfaces/auro_interfaces/srv/detail/item_request__type_support.h
[1.520s] -- Up-to-date symlink: /home/auro/Auro/install/auro_interfaces/include/auro_interfaces/auro_interfaces/srv/item_request.h
[1.520s] -- Up-to-date symlink: /home/auro/Auro/install/auro_interfaces/share/auro_interfaces/environment/library_path.sh
[1.520s] -- Up-to-date symlink: /home/auro/Auro/install/auro_interfaces/share/auro_interfaces/environment/library_path.dsv
[1.520s] -- Up-to-date symlink: /home/auro/Auro/install/auro_interfaces/include/auro_interfaces/auro_interfaces/msg/detail/direction__rosidl_typesupport_fastrtps_c.h
[1.521s] -- Up-to-date symlink: /home/auro/Auro/install/auro_interfaces/include/auro_interfaces/auro_interfaces/msg/detail/item__rosidl_typesupport_fastrtps_c.h
[1.521s] -- Up-to-date symlink: /home/auro/Auro/install/auro_interfaces/include/auro_interfaces/auro_interfaces/msg/detail/item_list__rosidl_typesupport_fastrtps_c.h
[1.521s] -- Up-to-date symlink: /home/auro/Auro/install/auro_interfaces/include/auro_interfaces/auro_interfaces/msg/detail/string_with_pose__rosidl_typesupport_fastrtps_c.h
[1.521s] -- Up-to-date symlink: /home/auro/Auro/install/auro_interfaces/include/auro_interfaces/auro_interfaces/msg/rosidl_typesupport_fastrtps_c__visibility_control.h
[1.521s] -- Up-to-date symlink: /home/auro/Auro/install/auro_interfaces/include/auro_interfaces/auro_interfaces/srv/detail/item_request__rosidl_typesupport_fastrtps_c.h
[1.521s] -- Up-to-date symlink: /home/auro/Auro/install/auro_interfaces/include/auro_interfaces/auro_interfaces/msg/detail/direction__builder.hpp
[1.521s] -- Up-to-date symlink: /home/auro/Auro/install/auro_interfaces/include/auro_interfaces/auro_interfaces/msg/detail/direction__struct.hpp
[1.521s] -- Up-to-date symlink: /home/auro/Auro/install/auro_interfaces/include/auro_interfaces/auro_interfaces/msg/detail/direction__traits.hpp
[1.521s] -- Up-to-date symlink: /home/auro/Auro/install/auro_interfaces/include/auro_interfaces/auro_interfaces/msg/detail/item__builder.hpp
[1.521s] -- Up-to-date symlink: /home/auro/Auro/install/auro_interfaces/include/auro_interfaces/auro_interfaces/msg/detail/item__struct.hpp
[1.521s] -- Up-to-date symlink: /home/auro/Auro/install/auro_interfaces/include/auro_interfaces/auro_interfaces/msg/detail/item__traits.hpp
[1.521s] -- Up-to-date symlink: /home/auro/Auro/install/auro_interfaces/include/auro_interfaces/auro_interfaces/msg/detail/item_list__builder.hpp
[1.521s] -- Up-to-date symlink: /home/auro/Auro/install/auro_interfaces/include/auro_interfaces/auro_interfaces/msg/detail/item_list__struct.hpp
[1.521s] -- Up-to-date symlink: /home/auro/Auro/install/auro_interfaces/include/auro_interfaces/auro_interfaces/msg/detail/item_list__traits.hpp
[1.522s] -- Up-to-date symlink: /home/auro/Auro/install/auro_interfaces/include/auro_interfaces/auro_interfaces/msg/detail/string_with_pose__builder.hpp
[1.523s] -- Up-to-date symlink: /home/auro/Auro/install/auro_interfaces/include/auro_interfaces/auro_interfaces/msg/detail/string_with_pose__struct.hpp
[1.524s] -- Up-to-date symlink: /home/auro/Auro/install/auro_interfaces/include/auro_interfaces/auro_interfaces/msg/detail/string_with_pose__traits.hpp
[1.525s] -- Up-to-date symlink: /home/auro/Auro/install/auro_interfaces/include/auro_interfaces/auro_interfaces/msg/direction.hpp
[1.525s] -- Up-to-date symlink: /home/auro/Auro/install/auro_interfaces/include/auro_interfaces/auro_interfaces/msg/item.hpp
[1.526s] -- Up-to-date symlink: /home/auro/Auro/install/auro_interfaces/include/auro_interfaces/auro_interfaces/msg/item_list.hpp
[1.526s] -- Up-to-date symlink: /home/auro/Auro/install/auro_interfaces/include/auro_interfaces/auro_interfaces/msg/string_with_pose.hpp
[1.527s] -- Up-to-date symlink: /home/auro/Auro/install/auro_interfaces/include/auro_interfaces/auro_interfaces/srv/detail/item_request__builder.hpp
[1.527s] -- Up-to-date symlink: /home/auro/Auro/install/auro_interfaces/include/auro_interfaces/auro_interfaces/srv/detail/item_request__struct.hpp
[1.527s] -- Up-to-date symlink: /home/auro/Auro/install/auro_interfaces/include/auro_interfaces/auro_interfaces/srv/detail/item_request__traits.hpp
[1.528s] -- Up-to-date symlink: /home/auro/Auro/install/auro_interfaces/include/auro_interfaces/auro_interfaces/srv/item_request.hpp
[1.532s] -- Up-to-date symlink: /home/auro/Auro/install/auro_interfaces/include/auro_interfaces/auro_interfaces/msg/detail/direction__rosidl_typesupport_fastrtps_cpp.hpp
[1.532s] -- Up-to-date symlink: /home/auro/Auro/install/auro_interfaces/include/auro_interfaces/auro_interfaces/msg/detail/item__rosidl_typesupport_fastrtps_cpp.hpp
[1.533s] -- Up-to-date symlink: /home/auro/Auro/install/auro_interfaces/include/auro_interfaces/auro_interfaces/msg/detail/item_list__rosidl_typesupport_fastrtps_cpp.hpp
[1.533s] -- Up-to-date symlink: /home/auro/Auro/install/auro_interfaces/include/auro_interfaces/auro_interfaces/msg/detail/string_with_pose__rosidl_typesupport_fastrtps_cpp.hpp
[1.533s] -- Up-to-date symlink: /home/auro/Auro/install/auro_interfaces/include/auro_interfaces/auro_interfaces/msg/rosidl_typesupport_fastrtps_cpp__visibility_control.h
[1.533s] -- Up-to-date symlink: /home/auro/Auro/install/auro_interfaces/include/auro_interfaces/auro_interfaces/srv/detail/item_request__rosidl_typesupport_fastrtps_cpp.hpp
[1.533s] -- Up-to-date symlink: /home/auro/Auro/install/auro_interfaces/include/auro_interfaces/auro_interfaces/msg/detail/direction__rosidl_typesupport_introspection_c.h
[1.534s] -- Up-to-date symlink: /home/auro/Auro/install/auro_interfaces/include/auro_interfaces/auro_interfaces/msg/detail/item__rosidl_typesupport_introspection_c.h
[1.534s] -- Up-to-date symlink: /home/auro/Auro/install/auro_interfaces/include/auro_interfaces/auro_interfaces/msg/detail/item_list__rosidl_typesupport_introspection_c.h
[1.535s] -- Up-to-date symlink: /home/auro/Auro/install/auro_interfaces/include/auro_interfaces/auro_interfaces/msg/detail/string_with_pose__rosidl_typesupport_introspection_c.h
[1.536s] -- Up-to-date symlink: /home/auro/Auro/install/auro_interfaces/include/auro_interfaces/auro_interfaces/msg/rosidl_typesupport_introspection_c__visibility_control.h
[1.537s] -- Up-to-date symlink: /home/auro/Auro/install/auro_interfaces/include/auro_interfaces/auro_interfaces/srv/detail/item_request__rosidl_typesupport_introspection_c.h
[1.538s] -- Up-to-date symlink: /home/auro/Auro/install/auro_interfaces/include/auro_interfaces/auro_interfaces/msg/detail/direction__rosidl_typesupport_introspection_cpp.hpp
[1.539s] -- Up-to-date symlink: /home/auro/Auro/install/auro_interfaces/include/auro_interfaces/auro_interfaces/msg/detail/item__rosidl_typesupport_introspection_cpp.hpp
[1.539s] -- Up-to-date symlink: /home/auro/Auro/install/auro_interfaces/include/auro_interfaces/auro_interfaces/msg/detail/item_list__rosidl_typesupport_introspection_cpp.hpp
[1.540s] -- Up-to-date symlink: /home/auro/Auro/install/auro_interfaces/include/auro_interfaces/auro_interfaces/msg/detail/string_with_pose__rosidl_typesupport_introspection_cpp.hpp
[1.541s] -- Up-to-date symlink: /home/auro/Auro/install/auro_interfaces/include/auro_interfaces/auro_interfaces/srv/detail/item_request__rosidl_typesupport_introspection_cpp.hpp
[1.541s] -- Up-to-date symlink: /home/auro/Auro/install/auro_interfaces/share/auro_interfaces/environment/pythonpath.sh
[1.543s] -- Up-to-date symlink: /home/auro/Auro/install/auro_interfaces/share/auro_interfaces/environment/pythonpath.dsv
[1.543s] -- Up-to-date symlink: /home/auro/Auro/install/auro_interfaces/local/lib/python3.10/dist-packages/auro_interfaces-0.0.0-py3.10.egg-info/PKG-INFO
[1.543s] -- Up-to-date symlink: /home/auro/Auro/install/auro_interfaces/local/lib/python3.10/dist-packages/auro_interfaces-0.0.0-py3.10.egg-info/SOURCES.txt
[1.544s] -- Up-to-date symlink: /home/auro/Auro/install/auro_interfaces/local/lib/python3.10/dist-packages/auro_interfaces-0.0.0-py3.10.egg-info/dependency_links.txt
[1.545s] -- Up-to-date symlink: /home/auro/Auro/install/auro_interfaces/local/lib/python3.10/dist-packages/auro_interfaces-0.0.0-py3.10.egg-info/top_level.txt
[1.546s] -- Up-to-date symlink: /home/auro/Auro/install/auro_interfaces/local/lib/python3.10/dist-packages/auro_interfaces/__init__.py
[1.546s] -- Up-to-date symlink: /home/auro/Auro/install/auro_interfaces/local/lib/python3.10/dist-packages/auro_interfaces/_auro_interfaces_s.ep.rosidl_typesupport_c.c
[1.547s] -- Up-to-date symlink: /home/auro/Auro/install/auro_interfaces/local/lib/python3.10/dist-packages/auro_interfaces/_auro_interfaces_s.ep.rosidl_typesupport_fastrtps_c.c
[1.548s] -- Up-to-date symlink: /home/auro/Auro/install/auro_interfaces/local/lib/python3.10/dist-packages/auro_interfaces/_auro_interfaces_s.ep.rosidl_typesupport_introspection_c.c
[1.549s] -- Up-to-date symlink: /home/auro/Auro/install/auro_interfaces/local/lib/python3.10/dist-packages/auro_interfaces/auro_interfaces_s__rosidl_typesupport_c.cpython-310-x86_64-linux-gnu.so
[1.550s] -- Up-to-date symlink: /home/auro/Auro/install/auro_interfaces/local/lib/python3.10/dist-packages/auro_interfaces/auro_interfaces_s__rosidl_typesupport_fastrtps_c.cpython-310-x86_64-linux-gnu.so
[1.550s] -- Up-to-date symlink: /home/auro/Auro/install/auro_interfaces/local/lib/python3.10/dist-packages/auro_interfaces/auro_interfaces_s__rosidl_typesupport_introspection_c.cpython-310-x86_64-linux-gnu.so
[1.551s] -- Up-to-date symlink: /home/auro/Auro/install/auro_interfaces/local/lib/python3.10/dist-packages/auro_interfaces/libauro_interfaces__rosidl_generator_py.so
[1.552s] -- Up-to-date symlink: /home/auro/Auro/install/auro_interfaces/local/lib/python3.10/dist-packages/auro_interfaces/msg/__init__.py
[1.554s] -- Up-to-date symlink: /home/auro/Auro/install/auro_interfaces/local/lib/python3.10/dist-packages/auro_interfaces/msg/_direction.py
[1.556s] -- Up-to-date symlink: /home/auro/Auro/install/auro_interfaces/local/lib/python3.10/dist-packages/auro_interfaces/msg/_direction_s.c
[1.556s] -- Up-to-date symlink: /home/auro/Auro/install/auro_interfaces/local/lib/python3.10/dist-packages/auro_interfaces/msg/_item.py
[1.557s] -- Up-to-date symlink: /home/auro/Auro/install/auro_interfaces/local/lib/python3.10/dist-packages/auro_interfaces/msg/_item_list.py
[1.557s] -- Up-to-date symlink: /home/auro/Auro/install/auro_interfaces/local/lib/python3.10/dist-packages/auro_interfaces/msg/_item_list_s.c
[1.558s] -- Up-to-date symlink: /home/auro/Auro/install/auro_interfaces/local/lib/python3.10/dist-packages/auro_interfaces/msg/_item_s.c
[1.559s] -- Up-to-date symlink: /home/auro/Auro/install/auro_interfaces/local/lib/python3.10/dist-packages/auro_interfaces/msg/_string_with_pose.py
[1.559s] -- Up-to-date symlink: /home/auro/Auro/install/auro_interfaces/local/lib/python3.10/dist-packages/auro_interfaces/msg/_string_with_pose_s.c
[1.559s] -- Up-to-date symlink: /home/auro/Auro/install/auro_interfaces/local/lib/python3.10/dist-packages/auro_interfaces/srv/__init__.py
[1.561s] -- Up-to-date symlink: /home/auro/Auro/install/auro_interfaces/local/lib/python3.10/dist-packages/auro_interfaces/srv/_item_request.py
[1.565s] -- Up-to-date symlink: /home/auro/Auro/install/auro_interfaces/local/lib/python3.10/dist-packages/auro_interfaces/srv/_item_request_s.c
[1.567s] -- Up-to-date symlink: /home/auro/Auro/install/auro_interfaces/local/lib/python3.10/dist-packages/auro_interfaces/auro_interfaces_s__rosidl_typesupport_fastrtps_c.cpython-310-x86_64-linux-gnu.so
[1.567s] -- Up-to-date symlink: /home/auro/Auro/install/auro_interfaces/local/lib/python3.10/dist-packages/auro_interfaces/auro_interfaces_s__rosidl_typesupport_introspection_c.cpython-310-x86_64-linux-gnu.so
[1.567s] -- Up-to-date symlink: /home/auro/Auro/install/auro_interfaces/local/lib/python3.10/dist-packages/auro_interfaces/auro_interfaces_s__rosidl_typesupport_c.cpython-310-x86_64-linux-gnu.so
[1.567s] -- Up-to-date symlink: /home/auro/Auro/install/auro_interfaces/share/auro_interfaces/msg/StringWithPose.idl
[1.567s] -- Up-to-date symlink: /home/auro/Auro/install/auro_interfaces/share/auro_interfaces/msg/Item.idl
[1.567s] -- Up-to-date symlink: /home/auro/Auro/install/auro_interfaces/share/auro_interfaces/msg/ItemList.idl
[1.567s] -- Up-to-date symlink: /home/auro/Auro/install/auro_interfaces/share/auro_interfaces/msg/Direction.idl
[1.567s] -- Up-to-date symlink: /home/auro/Auro/install/auro_interfaces/share/auro_interfaces/srv/ItemRequest.idl
[1.567s] -- Up-to-date symlink: /home/auro/Auro/install/auro_interfaces/share/auro_interfaces/msg/StringWithPose.msg
[1.567s] -- Up-to-date symlink: /home/auro/Auro/install/auro_interfaces/share/auro_interfaces/msg/Item.msg
[1.567s] -- Up-to-date symlink: /home/auro/Auro/install/auro_interfaces/share/auro_interfaces/msg/ItemList.msg
[1.567s] -- Up-to-date symlink: /home/auro/Auro/install/auro_interfaces/share/auro_interfaces/msg/Direction.msg
[1.567s] -- Up-to-date symlink: /home/auro/Auro/install/auro_interfaces/share/auro_interfaces/srv/ItemRequest.srv
[1.571s] -- Up-to-date symlink: /home/auro/Auro/install/auro_interfaces/share/auro_interfaces/srv/ItemRequest_Request.msg
[1.572s] -- Up-to-date symlink: /home/auro/Auro/install/auro_interfaces/share/auro_interfaces/srv/ItemRequest_Response.msg
[1.572s] -- Up-to-date symlink: /home/auro/Auro/install/auro_interfaces/share/ament_index/resource_index/package_run_dependencies/auro_interfaces
[1.572s] -- Up-to-date symlink: /home/auro/Auro/install/auro_interfaces/share/ament_index/resource_index/parent_prefix_path/auro_interfaces
[1.572s] -- Up-to-date symlink: /home/auro/Auro/install/auro_interfaces/share/auro_interfaces/environment/ament_prefix_path.sh
[1.572s] -- Up-to-date symlink: /home/auro/Auro/install/auro_interfaces/share/auro_interfaces/environment/ament_prefix_path.dsv
[1.572s] -- Up-to-date symlink: /home/auro/Auro/install/auro_interfaces/share/auro_interfaces/environment/path.sh
[1.572s] -- Up-to-date symlink: /home/auro/Auro/install/auro_interfaces/share/auro_interfaces/environment/path.dsv
[1.572s] -- Up-to-date symlink: /home/auro/Auro/install/auro_interfaces/share/auro_interfaces/local_setup.bash
[1.572s] -- Up-to-date symlink: /home/auro/Auro/install/auro_interfaces/share/auro_interfaces/local_setup.sh
[1.572s] -- Up-to-date symlink: /home/auro/Auro/install/auro_interfaces/share/auro_interfaces/local_setup.zsh
[1.572s] -- Up-to-date symlink: /home/auro/Auro/install/auro_interfaces/share/auro_interfaces/local_setup.dsv
[1.572s] -- Symlinking: /home/auro/Auro/install/auro_interfaces/share/auro_interfaces/package.dsv
[1.589s] -- Up-to-date symlink: /home/auro/Auro/install/auro_interfaces/share/ament_index/resource_index/packages/auro_interfaces
[1.589s] -- Up-to-date symlink: /home/auro/Auro/install/auro_interfaces/share/auro_interfaces/cmake/rosidl_cmake-extras.cmake
[1.589s] -- Up-to-date symlink: /home/auro/Auro/install/auro_interfaces/share/auro_interfaces/cmake/ament_cmake_export_dependencies-extras.cmake
[1.590s] -- Up-to-date symlink: /home/auro/Auro/install/auro_interfaces/share/auro_interfaces/cmake/ament_cmake_export_include_directories-extras.cmake
[1.590s] -- Up-to-date symlink: /home/auro/Auro/install/auro_interfaces/share/auro_interfaces/cmake/ament_cmake_export_libraries-extras.cmake
[1.591s] -- Up-to-date symlink: /home/auro/Auro/install/auro_interfaces/share/auro_interfaces/cmake/ament_cmake_export_targets-extras.cmake
[1.591s] -- Up-to-date symlink: /home/auro/Auro/install/auro_interfaces/share/auro_interfaces/cmake/rosidl_cmake_export_typesupport_targets-extras.cmake
[1.592s] -- Up-to-date symlink: /home/auro/Auro/install/auro_interfaces/share/auro_interfaces/cmake/rosidl_cmake_export_typesupport_libraries-extras.cmake
[1.592s] -- Up-to-date symlink: /home/auro/Auro/install/auro_interfaces/share/auro_interfaces/cmake/auro_interfacesConfig.cmake
[1.593s] -- Up-to-date symlink: /home/auro/Auro/install/auro_interfaces/share/auro_interfaces/cmake/auro_interfacesConfig-version.cmake
[1.593s] -- Up-to-date symlink: /home/auro/Auro/install/auro_interfaces/share/auro_interfaces/package.xml
[1.594s] -- Up-to-date: /home/auro/Auro/install/auro_interfaces/lib/libauro_interfaces__rosidl_generator_c.so
[1.594s] -- Up-to-date: /home/auro/Auro/install/auro_interfaces/lib/libauro_interfaces__rosidl_typesupport_fastrtps_c.so
[1.594s] -- Up-to-date: /home/auro/Auro/install/auro_interfaces/lib/libauro_interfaces__rosidl_typesupport_fastrtps_cpp.so
[1.595s] -- Up-to-date: /home/auro/Auro/install/auro_interfaces/lib/libauro_interfaces__rosidl_typesupport_introspection_c.so
[1.595s] -- Up-to-date: /home/auro/Auro/install/auro_interfaces/lib/libauro_interfaces__rosidl_typesupport_c.so
[1.596s] -- Up-to-date: /home/auro/Auro/install/auro_interfaces/lib/libauro_interfaces__rosidl_typesupport_introspection_cpp.so
[1.596s] -- Up-to-date: /home/auro/Auro/install/auro_interfaces/lib/libauro_interfaces__rosidl_typesupport_cpp.so
[1.662s] Listing '/home/auro/Auro/install/auro_interfaces/local/lib/python3.10/dist-packages/auro_interfaces'...
[1.663s] Listing '/home/auro/Auro/install/auro_interfaces/local/lib/python3.10/dist-packages/auro_interfaces/msg'...
[1.663s] Listing '/home/auro/Auro/install/auro_interfaces/local/lib/python3.10/dist-packages/auro_interfaces/srv'...
[1.670s] -- Up-to-date: /home/auro/Auro/install/auro_interfaces/lib/libauro_interfaces__rosidl_generator_py.so
[1.670s] -- Up-to-date: /home/auro/Auro/install/auro_interfaces/share/auro_interfaces/cmake/export_auro_interfaces__rosidl_generator_cExport.cmake
[1.670s] -- Up-to-date: /home/auro/Auro/install/auro_interfaces/share/auro_interfaces/cmake/export_auro_interfaces__rosidl_generator_cExport-noconfig.cmake
[1.670s] -- Up-to-date: /home/auro/Auro/install/auro_interfaces/share/auro_interfaces/cmake/export_auro_interfaces__rosidl_typesupport_fastrtps_cExport.cmake
[1.670s] -- Up-to-date: /home/auro/Auro/install/auro_interfaces/share/auro_interfaces/cmake/export_auro_interfaces__rosidl_typesupport_fastrtps_cExport-noconfig.cmake
[1.670s] -- Up-to-date: /home/auro/Auro/install/auro_interfaces/share/auro_interfaces/cmake/export_auro_interfaces__rosidl_generator_cppExport.cmake
[1.674s] -- Up-to-date: /home/auro/Auro/install/auro_interfaces/share/auro_interfaces/cmake/export_auro_interfaces__rosidl_typesupport_fastrtps_cppExport.cmake
[1.674s] -- Up-to-date: /home/auro/Auro/install/auro_interfaces/share/auro_interfaces/cmake/export_auro_interfaces__rosidl_typesupport_fastrtps_cppExport-noconfig.cmake
[1.674s] -- Up-to-date: /home/auro/Auro/install/auro_interfaces/share/auro_interfaces/cmake/auro_interfaces__rosidl_typesupport_introspection_cExport.cmake
[1.675s] -- Up-to-date: /home/auro/Auro/install/auro_interfaces/share/auro_interfaces/cmake/auro_interfaces__rosidl_typesupport_introspection_cExport-noconfig.cmake
[1.676s] -- Up-to-date: /home/auro/Auro/install/auro_interfaces/share/auro_interfaces/cmake/auro_interfaces__rosidl_typesupport_cExport.cmake
[1.677s] -- Up-to-date: /home/auro/Auro/install/auro_interfaces/share/auro_interfaces/cmake/auro_interfaces__rosidl_typesupport_cExport-noconfig.cmake
[1.677s] -- Up-to-date: /home/auro/Auro/install/auro_interfaces/share/auro_interfaces/cmake/auro_interfaces__rosidl_typesupport_introspection_cppExport.cmake
[1.677s] -- Up-to-date: /home/auro/Auro/install/auro_interfaces/share/auro_interfaces/cmake/auro_interfaces__rosidl_typesupport_introspection_cppExport-noconfig.cmake
[1.677s] -- Up-to-date: /home/auro/Auro/install/auro_interfaces/share/auro_interfaces/cmake/auro_interfaces__rosidl_typesupport_cppExport.cmake
[1.678s] -- Up-to-date: /home/auro/Auro/install/auro_interfaces/share/auro_interfaces/cmake/auro_interfaces__rosidl_typesupport_cppExport-noconfig.cmake
[1.680s] -- Up-to-date: /home/auro/Auro/install/auro_interfaces/share/auro_interfaces/cmake/export_auro_interfaces__rosidl_generator_pyExport.cmake
[1.680s] -- Up-to-date: /home/auro/Auro/install/auro_interfaces/share/auro_interfaces/cmake/export_auro_interfaces__rosidl_generator_pyExport-noconfig.cmake
[1.688s] Invoked command in '/home/auro/Auro/build/auro_interfaces' returned '0': CMAKE_PREFIX_PATH=${CMAKE_PREFIX_PATH}:/home/auro/turtlebot3_ws/install/turtlebot3_teleop:/home/auro/turtlebot3_ws/install/turtlebot3_example:/opt/ros/humble /usr/bin/cmake --install /home/auro/Auro/build/auro_interfaces
