[0.054s] Invoking command in '/home/auro/Auro/build/auro_interfaces': CMAKE_PREFIX_PATH=${CMAKE_PREFIX_PATH}:/home/auro/turtlebot3_ws/install/turtlebot3_teleop:/home/auro/turtlebot3_ws/install/turtlebot3_example:/opt/ros/humble /usr/bin/cmake --build /home/auro/Auro/build/auro_interfaces -- -j4 -l4
[0.424s] -- Found ament_cmake: 1.3.10 (/opt/ros/humble/share/ament_cmake/cmake)
[0.424s] -- Override CMake install command with custom implementation using symlinks instead of copying resources
[0.424s] -- Found geometry_msgs: 4.2.4 (/opt/ros/humble/share/geometry_msgs/cmake)
[0.424s] -- Found rosidl_generator_c: 3.1.5 (/opt/ros/humble/share/rosidl_generator_c/cmake)
[0.424s] -- Found rosidl_adapter: 3.1.5 (/opt/ros/humble/share/rosidl_adapter/cmake)
[0.424s] -- Found rosidl_generator_cpp: 3.1.5 (/opt/ros/humble/share/rosidl_generator_cpp/cmake)
[0.424s] -- Using all available rosidl_typesupport_c: rosidl_typesupport_fastrtps_c;rosidl_typesupport_introspection_c
[0.424s] -- Using all available rosidl_typesupport_cpp: rosidl_typesupport_fastrtps_cpp;rosidl_typesupport_introspection_cpp
[0.424s] -- Found rosidl_default_generators: 1.2.0 (/opt/ros/humble/share/rosidl_default_generators/cmake)
[0.867s] -- Found ament_cmake_ros: 0.10.0 (/opt/ros/humble/share/ament_cmake_ros/cmake)
[1.451s] -- Using all available rosidl_typesupport_c: rosidl_typesupport_fastrtps_c;rosidl_typesupport_introspection_c
[1.904s] -- Using all available rosidl_typesupport_cpp: rosidl_typesupport_fastrtps_cpp;rosidl_typesupport_introspection_cpp
[1.977s] -- Found python_cmake_module: 0.10.0 (/opt/ros/humble/share/python_cmake_module/cmake)
[2.033s] -- Using PYTHON_EXECUTABLE: /usr/bin/python3
[2.033s] -- Using PYTHON_INCLUDE_DIRS: /usr/include/python3.10
[2.033s] -- Using PYTHON_LIBRARIES: /usr/lib/x86_64-linux-gnu/libpython3.10.so
[2.125s] -- Found ament_lint_auto: 0.12.11 (/opt/ros/humble/share/ament_lint_auto/cmake)
[2.139s] -- Added test 'lint_cmake' to check CMake code style
[2.141s] -- Added test 'xmllint' to check XML markup files
[2.144s] -- Configuring done
[2.227s] -- Generating done
[2.231s] -- Build files have been written to: /home/auro/Auro/build/auro_interfaces
[2.288s] [  1%] [34m[1mGenerating C++ code for ROS interfaces[0m
[2.296s] [  2%] [34m[1mGenerating C code for ROS interfaces[0m
[2.378s] [  2%] Built target ament_cmake_python_symlink_auro_interfaces
[3.048s] running egg_info
[3.053s] writing auro_interfaces.egg-info/PKG-INFO
[3.053s] writing dependency_links to auro_interfaces.egg-info/dependency_links.txt
[3.053s] writing top-level names to auro_interfaces.egg-info/top_level.txt
[3.053s] reading manifest file 'auro_interfaces.egg-info/SOURCES.txt'
[3.054s] writing manifest file 'auro_interfaces.egg-info/SOURCES.txt'
[3.145s] [  2%] Built target ament_cmake_python_build_auro_interfaces_egg
[4.202s] [35m[1mConsolidate compiler generated dependencies of target auro_interfaces__rosidl_generator_c[0m
[4.247s] [  3%] [32mBuilding C object CMakeFiles/auro_interfaces__rosidl_generator_c.dir/rosidl_generator_c/auro_interfaces/msg/detail/string_with_pose__functions.c.o[0m
[4.298s] [  5%] [32mBuilding C object CMakeFiles/auro_interfaces__rosidl_generator_c.dir/rosidl_generator_c/auro_interfaces/msg/detail/item__functions.c.o[0m
[4.322s] [  6%] [32mBuilding C object CMakeFiles/auro_interfaces__rosidl_generator_c.dir/rosidl_generator_c/auro_interfaces/msg/detail/item_list__functions.c.o[0m
[4.388s] [  7%] [32mBuilding C object CMakeFiles/auro_interfaces__rosidl_generator_c.dir/rosidl_generator_c/auro_interfaces/msg/detail/direction__functions.c.o[0m
[4.411s] [  8%] [32mBuilding C object CMakeFiles/auro_interfaces__rosidl_generator_c.dir/rosidl_generator_c/auro_interfaces/srv/detail/item_request__functions.c.o[0m
[4.458s] [ 10%] [32mBuilding C object CMakeFiles/auro_interfaces__rosidl_generator_c.dir/rosidl_generator_c/auro_interfaces/srv/detail/sector__functions.c.o[0m
[4.538s] [ 11%] [32mBuilding C object CMakeFiles/auro_interfaces__rosidl_generator_c.dir/rosidl_generator_c/auro_interfaces/action/detail/move__functions.c.o[0m
[4.610s] [ 11%] Built target auro_interfaces__cpp
[4.645s] [ 12%] [34m[1mGenerating C++ type support dispatch for ROS interfaces[0m
[4.648s] [ 13%] [34m[1mGenerating C++ introspection for ROS interfaces[0m
[4.674s] [ 15%] [34m[1mGenerating C++ type support for eProsima Fast-RTPS[0m
[4.845s] [ 16%] [32m[1mLinking C shared library libauro_interfaces__rosidl_generator_c.so[0m
[5.003s] [ 16%] Built target auro_interfaces__rosidl_generator_c
[5.066s] [ 17%] [34m[1mGenerating C type support for eProsima Fast-RTPS[0m
[6.127s] [35m[1mConsolidate compiler generated dependencies of target auro_interfaces__rosidl_typesupport_cpp[0m
[6.158s] [ 18%] [32mBuilding CXX object CMakeFiles/auro_interfaces__rosidl_typesupport_cpp.dir/rosidl_typesupport_cpp/auro_interfaces/msg/string_with_pose__type_support.cpp.o[0m
[6.415s] [35m[1mConsolidate compiler generated dependencies of target auro_interfaces__rosidl_typesupport_fastrtps_cpp[0m
[6.467s] [ 20%] [32mBuilding CXX object CMakeFiles/auro_interfaces__rosidl_typesupport_fastrtps_cpp.dir/rosidl_typesupport_fastrtps_cpp/auro_interfaces/msg/detail/dds_fastrtps/string_with_pose__type_support.cpp.o[0m
[6.645s] [ 21%] [32mBuilding CXX object CMakeFiles/auro_interfaces__rosidl_typesupport_cpp.dir/rosidl_typesupport_cpp/auro_interfaces/msg/item__type_support.cpp.o[0m
[6.819s] [35m[1mConsolidate compiler generated dependencies of target auro_interfaces__rosidl_typesupport_introspection_cpp[0m
[6.858s] [ 22%] [32mBuilding CXX object CMakeFiles/auro_interfaces__rosidl_typesupport_introspection_cpp.dir/rosidl_typesupport_introspection_cpp/auro_interfaces/msg/detail/string_with_pose__type_support.cpp.o[0m
[7.230s] [ 24%] [32mBuilding CXX object CMakeFiles/auro_interfaces__rosidl_typesupport_cpp.dir/rosidl_typesupport_cpp/auro_interfaces/msg/item_list__type_support.cpp.o[0m
[7.399s] [35m[1mConsolidate compiler generated dependencies of target auro_interfaces__rosidl_typesupport_fastrtps_c[0m
[7.408s] [ 25%] [32mBuilding CXX object CMakeFiles/auro_interfaces__rosidl_typesupport_fastrtps_cpp.dir/rosidl_typesupport_fastrtps_cpp/auro_interfaces/msg/detail/dds_fastrtps/item__type_support.cpp.o[0m
[7.443s] [ 26%] [32mBuilding CXX object CMakeFiles/auro_interfaces__rosidl_typesupport_fastrtps_c.dir/rosidl_typesupport_fastrtps_c/auro_interfaces/msg/detail/string_with_pose__type_support_c.cpp.o[0m
[7.577s] [ 27%] [32mBuilding CXX object CMakeFiles/auro_interfaces__rosidl_typesupport_introspection_cpp.dir/rosidl_typesupport_introspection_cpp/auro_interfaces/msg/detail/item__type_support.cpp.o[0m
[7.754s] [ 29%] [32mBuilding CXX object CMakeFiles/auro_interfaces__rosidl_typesupport_cpp.dir/rosidl_typesupport_cpp/auro_interfaces/msg/direction__type_support.cpp.o[0m
[8.179s] [ 30%] [32mBuilding CXX object CMakeFiles/auro_interfaces__rosidl_typesupport_fastrtps_c.dir/rosidl_typesupport_fastrtps_c/auro_interfaces/msg/detail/item__type_support_c.cpp.o[0m
[8.238s] [ 31%] [32mBuilding CXX object CMakeFiles/auro_interfaces__rosidl_typesupport_fastrtps_cpp.dir/rosidl_typesupport_fastrtps_cpp/auro_interfaces/msg/detail/dds_fastrtps/item_list__type_support.cpp.o[0m
[8.329s] [ 32%] [32mBuilding CXX object CMakeFiles/auro_interfaces__rosidl_typesupport_cpp.dir/rosidl_typesupport_cpp/auro_interfaces/srv/item_request__type_support.cpp.o[0m
[8.395s] [ 34%] [32mBuilding CXX object CMakeFiles/auro_interfaces__rosidl_typesupport_introspection_cpp.dir/rosidl_typesupport_introspection_cpp/auro_interfaces/msg/detail/item_list__type_support.cpp.o[0m
[8.921s] [ 35%] [32mBuilding CXX object CMakeFiles/auro_interfaces__rosidl_typesupport_cpp.dir/rosidl_typesupport_cpp/auro_interfaces/srv/sector__type_support.cpp.o[0m
[8.921s] [ 36%] [32mBuilding CXX object CMakeFiles/auro_interfaces__rosidl_typesupport_fastrtps_c.dir/rosidl_typesupport_fastrtps_c/auro_interfaces/msg/detail/item_list__type_support_c.cpp.o[0m
[9.025s] [ 37%] [32mBuilding CXX object CMakeFiles/auro_interfaces__rosidl_typesupport_fastrtps_cpp.dir/rosidl_typesupport_fastrtps_cpp/auro_interfaces/msg/detail/dds_fastrtps/direction__type_support.cpp.o[0m
[9.229s] [ 39%] [32mBuilding CXX object CMakeFiles/auro_interfaces__rosidl_typesupport_introspection_cpp.dir/rosidl_typesupport_introspection_cpp/auro_interfaces/msg/detail/direction__type_support.cpp.o[0m
[9.448s] [ 40%] [32mBuilding CXX object CMakeFiles/auro_interfaces__rosidl_typesupport_fastrtps_c.dir/rosidl_typesupport_fastrtps_c/auro_interfaces/msg/detail/direction__type_support_c.cpp.o[0m
[9.480s] [ 41%] [32mBuilding CXX object CMakeFiles/auro_interfaces__rosidl_typesupport_cpp.dir/rosidl_typesupport_cpp/auro_interfaces/action/move__type_support.cpp.o[0m
[9.696s] [ 43%] [32mBuilding CXX object CMakeFiles/auro_interfaces__rosidl_typesupport_introspection_cpp.dir/rosidl_typesupport_introspection_cpp/auro_interfaces/srv/detail/item_request__type_support.cpp.o[0m
[9.831s] [ 44%] [32mBuilding CXX object CMakeFiles/auro_interfaces__rosidl_typesupport_fastrtps_cpp.dir/rosidl_typesupport_fastrtps_cpp/auro_interfaces/srv/detail/dds_fastrtps/item_request__type_support.cpp.o[0m
[9.976s] [ 45%] [32mBuilding CXX object CMakeFiles/auro_interfaces__rosidl_typesupport_fastrtps_c.dir/rosidl_typesupport_fastrtps_c/auro_interfaces/srv/detail/item_request__type_support_c.cpp.o[0m
[10.368s] [ 46%] [32m[1mLinking CXX shared library libauro_interfaces__rosidl_typesupport_cpp.so[0m
[10.372s] [ 48%] [32mBuilding CXX object CMakeFiles/auro_interfaces__rosidl_typesupport_introspection_cpp.dir/rosidl_typesupport_introspection_cpp/auro_interfaces/srv/detail/sector__type_support.cpp.o[0m
[10.455s] [ 49%] [32mBuilding CXX object CMakeFiles/auro_interfaces__rosidl_typesupport_fastrtps_cpp.dir/rosidl_typesupport_fastrtps_cpp/auro_interfaces/srv/detail/dds_fastrtps/sector__type_support.cpp.o[0m
[10.474s] [ 49%] Built target auro_interfaces__rosidl_typesupport_cpp
[10.481s] [ 50%] [32mBuilding CXX object CMakeFiles/auro_interfaces__rosidl_typesupport_fastrtps_c.dir/rosidl_typesupport_fastrtps_c/auro_interfaces/srv/detail/sector__type_support_c.cpp.o[0m
[10.489s] [ 51%] [34m[1mGenerating C introspection for ROS interfaces[0m
[11.041s] [ 53%] [32mBuilding CXX object CMakeFiles/auro_interfaces__rosidl_typesupport_fastrtps_c.dir/rosidl_typesupport_fastrtps_c/auro_interfaces/action/detail/move__type_support_c.cpp.o[0m
[11.066s] [ 54%] [32mBuilding CXX object CMakeFiles/auro_interfaces__rosidl_typesupport_introspection_cpp.dir/rosidl_typesupport_introspection_cpp/auro_interfaces/action/detail/move__type_support.cpp.o[0m
[11.136s] [ 55%] [32mBuilding CXX object CMakeFiles/auro_interfaces__rosidl_typesupport_fastrtps_cpp.dir/rosidl_typesupport_fastrtps_cpp/auro_interfaces/action/detail/dds_fastrtps/move__type_support.cpp.o[0m
[11.726s] [ 56%] [32m[1mLinking CXX shared library libauro_interfaces__rosidl_typesupport_fastrtps_c.so[0m
[11.964s] [ 58%] [32m[1mLinking CXX shared library libauro_interfaces__rosidl_typesupport_introspection_cpp.so[0m
[11.982s] [ 58%] Built target auro_interfaces__rosidl_typesupport_fastrtps_c
[11.998s] [ 59%] [34m[1mGenerating C type support dispatch for ROS interfaces[0m
[12.034s] [ 60%] [32m[1mLinking CXX shared library libauro_interfaces__rosidl_typesupport_fastrtps_cpp.so[0m
[12.047s] [35m[1mConsolidate compiler generated dependencies of target auro_interfaces__rosidl_typesupport_introspection_c[0m
[12.090s] [ 62%] [32mBuilding C object CMakeFiles/auro_interfaces__rosidl_typesupport_introspection_c.dir/rosidl_typesupport_introspection_c/auro_interfaces/msg/detail/string_with_pose__type_support.c.o[0m
[12.157s] [ 63%] [32mBuilding C object CMakeFiles/auro_interfaces__rosidl_typesupport_introspection_c.dir/rosidl_typesupport_introspection_c/auro_interfaces/msg/detail/item__type_support.c.o[0m
[12.239s] [ 64%] [32mBuilding C object CMakeFiles/auro_interfaces__rosidl_typesupport_introspection_c.dir/rosidl_typesupport_introspection_c/auro_interfaces/msg/detail/item_list__type_support.c.o[0m
[12.285s] [ 64%] Built target auro_interfaces__rosidl_typesupport_fastrtps_cpp
[12.285s] [ 64%] Built target auro_interfaces__rosidl_typesupport_introspection_cpp
[12.296s] [ 67%] [32mBuilding C object CMakeFiles/auro_interfaces__rosidl_typesupport_introspection_c.dir/rosidl_typesupport_introspection_c/auro_interfaces/srv/detail/item_request__type_support.c.o[0m
[12.296s] [ 67%] [32mBuilding C object CMakeFiles/auro_interfaces__rosidl_typesupport_introspection_c.dir/rosidl_typesupport_introspection_c/auro_interfaces/msg/detail/direction__type_support.c.o[0m
[12.302s] [ 68%] [32mBuilding C object CMakeFiles/auro_interfaces__rosidl_typesupport_introspection_c.dir/rosidl_typesupport_introspection_c/auro_interfaces/srv/detail/sector__type_support.c.o[0m
[12.348s] [ 69%] [32mBuilding C object CMakeFiles/auro_interfaces__rosidl_typesupport_introspection_c.dir/rosidl_typesupport_introspection_c/auro_interfaces/action/detail/move__type_support.c.o[0m
[12.414s] [ 70%] [32m[1mLinking C shared library libauro_interfaces__rosidl_typesupport_introspection_c.so[0m
[12.459s] [ 70%] Built target auro_interfaces__rosidl_typesupport_introspection_c
[12.730s] [35m[1mConsolidate compiler generated dependencies of target auro_interfaces__rosidl_typesupport_c[0m
[12.747s] [ 72%] [32mBuilding CXX object CMakeFiles/auro_interfaces__rosidl_typesupport_c.dir/rosidl_typesupport_c/auro_interfaces/msg/string_with_pose__type_support.cpp.o[0m
[12.747s] [ 73%] [32mBuilding CXX object CMakeFiles/auro_interfaces__rosidl_typesupport_c.dir/rosidl_typesupport_c/auro_interfaces/msg/item__type_support.cpp.o[0m
[12.751s] [ 74%] [32mBuilding CXX object CMakeFiles/auro_interfaces__rosidl_typesupport_c.dir/rosidl_typesupport_c/auro_interfaces/msg/item_list__type_support.cpp.o[0m
[12.773s] [ 75%] [32mBuilding CXX object CMakeFiles/auro_interfaces__rosidl_typesupport_c.dir/rosidl_typesupport_c/auro_interfaces/msg/direction__type_support.cpp.o[0m
[12.792s] [ 77%] [32mBuilding CXX object CMakeFiles/auro_interfaces__rosidl_typesupport_c.dir/rosidl_typesupport_c/auro_interfaces/srv/item_request__type_support.cpp.o[0m
[12.808s] [ 78%] [32mBuilding CXX object CMakeFiles/auro_interfaces__rosidl_typesupport_c.dir/rosidl_typesupport_c/auro_interfaces/srv/sector__type_support.cpp.o[0m
[12.812s] [ 79%] [32mBuilding CXX object CMakeFiles/auro_interfaces__rosidl_typesupport_c.dir/rosidl_typesupport_c/auro_interfaces/action/move__type_support.cpp.o[0m
[12.880s] [ 81%] [32m[1mLinking CXX shared library libauro_interfaces__rosidl_typesupport_c.so[0m
[12.936s] [ 81%] Built target auro_interfaces__rosidl_typesupport_c
[12.963s] [ 81%] Built target auro_interfaces
[12.990s] [ 82%] [34m[1mGenerating Python code for ROS interfaces[0m
[15.232s] [ 82%] Built target auro_interfaces__py
[15.246s] [35m[1mConsolidate compiler generated dependencies of target auro_interfaces__rosidl_generator_py[0m
[15.268s] [ 84%] [32mBuilding C object CMakeFiles/auro_interfaces__rosidl_generator_py.dir/rosidl_generator_py/auro_interfaces/msg/_item_s.c.o[0m
[15.268s] [ 84%] [32mBuilding C object CMakeFiles/auro_interfaces__rosidl_generator_py.dir/rosidl_generator_py/auro_interfaces/msg/_string_with_pose_s.c.o[0m
[15.268s] [ 86%] [32mBuilding C object CMakeFiles/auro_interfaces__rosidl_generator_py.dir/rosidl_generator_py/auro_interfaces/msg/_item_list_s.c.o[0m
[15.272s] [ 87%] [32mBuilding C object CMakeFiles/auro_interfaces__rosidl_generator_py.dir/rosidl_generator_py/auro_interfaces/msg/_direction_s.c.o[0m
[15.400s] [ 88%] [32mBuilding C object CMakeFiles/auro_interfaces__rosidl_generator_py.dir/rosidl_generator_py/auro_interfaces/srv/_item_request_s.c.o[0m
[15.425s] [ 89%] [32mBuilding C object CMakeFiles/auro_interfaces__rosidl_generator_py.dir/rosidl_generator_py/auro_interfaces/srv/_sector_s.c.o[0m
[15.462s] [ 91%] [32mBuilding C object CMakeFiles/auro_interfaces__rosidl_generator_py.dir/rosidl_generator_py/auro_interfaces/action/_move_s.c.o[0m
[15.617s] [ 92%] [32m[1mLinking C shared library rosidl_generator_py/auro_interfaces/libauro_interfaces__rosidl_generator_py.so[0m
[15.683s] [ 92%] Built target auro_interfaces__rosidl_generator_py
[15.696s] [35m[1mConsolidate compiler generated dependencies of target auro_interfaces__rosidl_typesupport_introspection_c__pyext[0m
[15.696s] [35m[1mConsolidate compiler generated dependencies of target auro_interfaces__rosidl_typesupport_c__pyext[0m
[15.696s] [35m[1mConsolidate compiler generated dependencies of target auro_interfaces__rosidl_typesupport_fastrtps_c__pyext[0m
[15.712s] [ 94%] [32mBuilding C object CMakeFiles/auro_interfaces__rosidl_typesupport_c__pyext.dir/rosidl_generator_py/auro_interfaces/_auro_interfaces_s.ep.rosidl_typesupport_c.c.o[0m
[15.712s] [ 94%] [32mBuilding C object CMakeFiles/auro_interfaces__rosidl_typesupport_fastrtps_c__pyext.dir/rosidl_generator_py/auro_interfaces/_auro_interfaces_s.ep.rosidl_typesupport_fastrtps_c.c.o[0m
[15.712s] [ 96%] [32mBuilding C object CMakeFiles/auro_interfaces__rosidl_typesupport_introspection_c__pyext.dir/rosidl_generator_py/auro_interfaces/_auro_interfaces_s.ep.rosidl_typesupport_introspection_c.c.o[0m
[15.877s] [ 98%] [32m[1mLinking C shared library rosidl_generator_py/auro_interfaces/auro_interfaces_s__rosidl_typesupport_fastrtps_c.cpython-310-x86_64-linux-gnu.so[0m
[15.877s] [ 98%] [32m[1mLinking C shared library rosidl_generator_py/auro_interfaces/auro_interfaces_s__rosidl_typesupport_introspection_c.cpython-310-x86_64-linux-gnu.so[0m
[15.881s] [100%] [32m[1mLinking C shared library rosidl_generator_py/auro_interfaces/auro_interfaces_s__rosidl_typesupport_c.cpython-310-x86_64-linux-gnu.so[0m
[15.939s] [100%] Built target auro_interfaces__rosidl_typesupport_fastrtps_c__pyext
[15.951s] [100%] Built target auro_interfaces__rosidl_typesupport_introspection_c__pyext
[15.953s] [100%] Built target auro_interfaces__rosidl_typesupport_c__pyext
[15.972s] Invoked command in '/home/auro/Auro/build/auro_interfaces' returned '0': CMAKE_PREFIX_PATH=${CMAKE_PREFIX_PATH}:/home/auro/turtlebot3_ws/install/turtlebot3_teleop:/home/auro/turtlebot3_ws/install/turtlebot3_example:/opt/ros/humble /usr/bin/cmake --build /home/auro/Auro/build/auro_interfaces -- -j4 -l4
[16.229s] Invoking command in '/home/auro/Auro/build/auro_interfaces': CMAKE_PREFIX_PATH=${CMAKE_PREFIX_PATH}:/home/auro/turtlebot3_ws/install/turtlebot3_teleop:/home/auro/turtlebot3_ws/install/turtlebot3_example:/opt/ros/humble /usr/bin/cmake --install /home/auro/Auro/build/auro_interfaces
[16.239s] -- Install configuration: ""
[16.240s] -- Execute custom install script
[16.240s] -- Up-to-date symlink: /home/auro/Auro/install/auro_interfaces/share/ament_index/resource_index/rosidl_interfaces/auro_interfaces
[16.241s] -- Up-to-date symlink: /home/auro/Auro/install/auro_interfaces/include/auro_interfaces/auro_interfaces/action/detail/move__functions.h
[16.241s] -- Up-to-date symlink: /home/auro/Auro/install/auro_interfaces/include/auro_interfaces/auro_interfaces/action/detail/move__struct.h
[16.241s] -- Up-to-date symlink: /home/auro/Auro/install/auro_interfaces/include/auro_interfaces/auro_interfaces/action/detail/move__type_support.h
[16.241s] -- Up-to-date symlink: /home/auro/Auro/install/auro_interfaces/include/auro_interfaces/auro_interfaces/action/move.h
[16.242s] -- Up-to-date symlink: /home/auro/Auro/install/auro_interfaces/include/auro_interfaces/auro_interfaces/msg/detail/direction__functions.h
[16.242s] -- Up-to-date symlink: /home/auro/Auro/install/auro_interfaces/include/auro_interfaces/auro_interfaces/msg/detail/direction__struct.h
[16.242s] -- Up-to-date symlink: /home/auro/Auro/install/auro_interfaces/include/auro_interfaces/auro_interfaces/msg/detail/direction__type_support.h
[16.242s] -- Up-to-date symlink: /home/auro/Auro/install/auro_interfaces/include/auro_interfaces/auro_interfaces/msg/detail/item__functions.h
[16.242s] -- Up-to-date symlink: /home/auro/Auro/install/auro_interfaces/include/auro_interfaces/auro_interfaces/msg/detail/item__struct.h
[16.242s] -- Up-to-date symlink: /home/auro/Auro/install/auro_interfaces/include/auro_interfaces/auro_interfaces/msg/detail/item__type_support.h
[16.243s] -- Up-to-date symlink: /home/auro/Auro/install/auro_interfaces/include/auro_interfaces/auro_interfaces/msg/detail/item_list__functions.h
[16.243s] -- Up-to-date symlink: /home/auro/Auro/install/auro_interfaces/include/auro_interfaces/auro_interfaces/msg/detail/item_list__struct.h
[16.243s] -- Up-to-date symlink: /home/auro/Auro/install/auro_interfaces/include/auro_interfaces/auro_interfaces/msg/detail/item_list__type_support.h
[16.243s] -- Up-to-date symlink: /home/auro/Auro/install/auro_interfaces/include/auro_interfaces/auro_interfaces/msg/detail/string_with_pose__functions.h
[16.244s] -- Up-to-date symlink: /home/auro/Auro/install/auro_interfaces/include/auro_interfaces/auro_interfaces/msg/detail/string_with_pose__struct.h
[16.244s] -- Up-to-date symlink: /home/auro/Auro/install/auro_interfaces/include/auro_interfaces/auro_interfaces/msg/detail/string_with_pose__type_support.h
[16.244s] -- Up-to-date symlink: /home/auro/Auro/install/auro_interfaces/include/auro_interfaces/auro_interfaces/msg/direction.h
[16.244s] -- Up-to-date symlink: /home/auro/Auro/install/auro_interfaces/include/auro_interfaces/auro_interfaces/msg/item.h
[16.244s] -- Up-to-date symlink: /home/auro/Auro/install/auro_interfaces/include/auro_interfaces/auro_interfaces/msg/item_list.h
[16.244s] -- Up-to-date symlink: /home/auro/Auro/install/auro_interfaces/include/auro_interfaces/auro_interfaces/msg/rosidl_generator_c__visibility_control.h
[16.244s] -- Up-to-date symlink: /home/auro/Auro/install/auro_interfaces/include/auro_interfaces/auro_interfaces/msg/string_with_pose.h
[16.245s] -- Up-to-date symlink: /home/auro/Auro/install/auro_interfaces/include/auro_interfaces/auro_interfaces/srv/detail/item_request__functions.h
[16.245s] -- Up-to-date symlink: /home/auro/Auro/install/auro_interfaces/include/auro_interfaces/auro_interfaces/srv/detail/item_request__struct.h
[16.245s] -- Up-to-date symlink: /home/auro/Auro/install/auro_interfaces/include/auro_interfaces/auro_interfaces/srv/detail/item_request__type_support.h
[16.245s] -- Symlinking: /home/auro/Auro/install/auro_interfaces/include/auro_interfaces/auro_interfaces/srv/detail/sector__functions.h
[16.255s] -- Symlinking: /home/auro/Auro/install/auro_interfaces/include/auro_interfaces/auro_interfaces/srv/detail/sector__struct.h
[16.266s] -- Symlinking: /home/auro/Auro/install/auro_interfaces/include/auro_interfaces/auro_interfaces/srv/detail/sector__type_support.h
[16.277s] -- Up-to-date symlink: /home/auro/Auro/install/auro_interfaces/include/auro_interfaces/auro_interfaces/srv/item_request.h
[16.277s] -- Symlinking: /home/auro/Auro/install/auro_interfaces/include/auro_interfaces/auro_interfaces/srv/sector.h
[16.290s] -- Up-to-date symlink: /home/auro/Auro/install/auro_interfaces/share/auro_interfaces/environment/library_path.sh
[16.290s] -- Up-to-date symlink: /home/auro/Auro/install/auro_interfaces/share/auro_interfaces/environment/library_path.dsv
[16.290s] -- Up-to-date symlink: /home/auro/Auro/install/auro_interfaces/include/auro_interfaces/auro_interfaces/action/detail/move__rosidl_typesupport_fastrtps_c.h
[16.290s] -- Up-to-date symlink: /home/auro/Auro/install/auro_interfaces/include/auro_interfaces/auro_interfaces/msg/detail/direction__rosidl_typesupport_fastrtps_c.h
[16.291s] -- Up-to-date symlink: /home/auro/Auro/install/auro_interfaces/include/auro_interfaces/auro_interfaces/msg/detail/item__rosidl_typesupport_fastrtps_c.h
[16.291s] -- Up-to-date symlink: /home/auro/Auro/install/auro_interfaces/include/auro_interfaces/auro_interfaces/msg/detail/item_list__rosidl_typesupport_fastrtps_c.h
[16.291s] -- Up-to-date symlink: /home/auro/Auro/install/auro_interfaces/include/auro_interfaces/auro_interfaces/msg/detail/string_with_pose__rosidl_typesupport_fastrtps_c.h
[16.291s] -- Up-to-date symlink: /home/auro/Auro/install/auro_interfaces/include/auro_interfaces/auro_interfaces/msg/rosidl_typesupport_fastrtps_c__visibility_control.h
[16.291s] -- Up-to-date symlink: /home/auro/Auro/install/auro_interfaces/include/auro_interfaces/auro_interfaces/srv/detail/item_request__rosidl_typesupport_fastrtps_c.h
[16.292s] -- Symlinking: /home/auro/Auro/install/auro_interfaces/include/auro_interfaces/auro_interfaces/srv/detail/sector__rosidl_typesupport_fastrtps_c.h
[16.304s] -- Up-to-date symlink: /home/auro/Auro/install/auro_interfaces/include/auro_interfaces/auro_interfaces/action/detail/move__builder.hpp
[16.304s] -- Up-to-date symlink: /home/auro/Auro/install/auro_interfaces/include/auro_interfaces/auro_interfaces/action/detail/move__struct.hpp
[16.304s] -- Up-to-date symlink: /home/auro/Auro/install/auro_interfaces/include/auro_interfaces/auro_interfaces/action/detail/move__traits.hpp
[16.305s] -- Up-to-date symlink: /home/auro/Auro/install/auro_interfaces/include/auro_interfaces/auro_interfaces/action/move.hpp
[16.305s] -- Up-to-date symlink: /home/auro/Auro/install/auro_interfaces/include/auro_interfaces/auro_interfaces/msg/detail/direction__builder.hpp
[16.305s] -- Up-to-date symlink: /home/auro/Auro/install/auro_interfaces/include/auro_interfaces/auro_interfaces/msg/detail/direction__struct.hpp
[16.305s] -- Up-to-date symlink: /home/auro/Auro/install/auro_interfaces/include/auro_interfaces/auro_interfaces/msg/detail/direction__traits.hpp
[16.305s] -- Up-to-date symlink: /home/auro/Auro/install/auro_interfaces/include/auro_interfaces/auro_interfaces/msg/detail/item__builder.hpp
[16.305s] -- Up-to-date symlink: /home/auro/Auro/install/auro_interfaces/include/auro_interfaces/auro_interfaces/msg/detail/item__struct.hpp
[16.305s] -- Up-to-date symlink: /home/auro/Auro/install/auro_interfaces/include/auro_interfaces/auro_interfaces/msg/detail/item__traits.hpp
[16.306s] -- Up-to-date symlink: /home/auro/Auro/install/auro_interfaces/include/auro_interfaces/auro_interfaces/msg/detail/item_list__builder.hpp
[16.306s] -- Up-to-date symlink: /home/auro/Auro/install/auro_interfaces/include/auro_interfaces/auro_interfaces/msg/detail/item_list__struct.hpp
[16.306s] -- Up-to-date symlink: /home/auro/Auro/install/auro_interfaces/include/auro_interfaces/auro_interfaces/msg/detail/item_list__traits.hpp
[16.306s] -- Up-to-date symlink: /home/auro/Auro/install/auro_interfaces/include/auro_interfaces/auro_interfaces/msg/detail/string_with_pose__builder.hpp
[16.306s] -- Up-to-date symlink: /home/auro/Auro/install/auro_interfaces/include/auro_interfaces/auro_interfaces/msg/detail/string_with_pose__struct.hpp
[16.306s] -- Up-to-date symlink: /home/auro/Auro/install/auro_interfaces/include/auro_interfaces/auro_interfaces/msg/detail/string_with_pose__traits.hpp
[16.307s] -- Up-to-date symlink: /home/auro/Auro/install/auro_interfaces/include/auro_interfaces/auro_interfaces/msg/direction.hpp
[16.307s] -- Up-to-date symlink: /home/auro/Auro/install/auro_interfaces/include/auro_interfaces/auro_interfaces/msg/item.hpp
[16.307s] -- Up-to-date symlink: /home/auro/Auro/install/auro_interfaces/include/auro_interfaces/auro_interfaces/msg/item_list.hpp
[16.307s] -- Up-to-date symlink: /home/auro/Auro/install/auro_interfaces/include/auro_interfaces/auro_interfaces/msg/string_with_pose.hpp
[16.307s] -- Up-to-date symlink: /home/auro/Auro/install/auro_interfaces/include/auro_interfaces/auro_interfaces/srv/detail/item_request__builder.hpp
[16.307s] -- Up-to-date symlink: /home/auro/Auro/install/auro_interfaces/include/auro_interfaces/auro_interfaces/srv/detail/item_request__struct.hpp
[16.308s] -- Up-to-date symlink: /home/auro/Auro/install/auro_interfaces/include/auro_interfaces/auro_interfaces/srv/detail/item_request__traits.hpp
[16.308s] -- Symlinking: /home/auro/Auro/install/auro_interfaces/include/auro_interfaces/auro_interfaces/srv/detail/sector__builder.hpp
[16.319s] -- Symlinking: /home/auro/Auro/install/auro_interfaces/include/auro_interfaces/auro_interfaces/srv/detail/sector__struct.hpp
[16.329s] -- Symlinking: /home/auro/Auro/install/auro_interfaces/include/auro_interfaces/auro_interfaces/srv/detail/sector__traits.hpp
[16.340s] -- Up-to-date symlink: /home/auro/Auro/install/auro_interfaces/include/auro_interfaces/auro_interfaces/srv/item_request.hpp
[16.341s] -- Symlinking: /home/auro/Auro/install/auro_interfaces/include/auro_interfaces/auro_interfaces/srv/sector.hpp
[16.352s] -- Up-to-date symlink: /home/auro/Auro/install/auro_interfaces/include/auro_interfaces/auro_interfaces/action/detail/move__rosidl_typesupport_fastrtps_cpp.hpp
[16.352s] -- Up-to-date symlink: /home/auro/Auro/install/auro_interfaces/include/auro_interfaces/auro_interfaces/msg/detail/direction__rosidl_typesupport_fastrtps_cpp.hpp
[16.352s] -- Up-to-date symlink: /home/auro/Auro/install/auro_interfaces/include/auro_interfaces/auro_interfaces/msg/detail/item__rosidl_typesupport_fastrtps_cpp.hpp
[16.353s] -- Up-to-date symlink: /home/auro/Auro/install/auro_interfaces/include/auro_interfaces/auro_interfaces/msg/detail/item_list__rosidl_typesupport_fastrtps_cpp.hpp
[16.353s] -- Up-to-date symlink: /home/auro/Auro/install/auro_interfaces/include/auro_interfaces/auro_interfaces/msg/detail/string_with_pose__rosidl_typesupport_fastrtps_cpp.hpp
[16.353s] -- Up-to-date symlink: /home/auro/Auro/install/auro_interfaces/include/auro_interfaces/auro_interfaces/msg/rosidl_typesupport_fastrtps_cpp__visibility_control.h
[16.353s] -- Up-to-date symlink: /home/auro/Auro/install/auro_interfaces/include/auro_interfaces/auro_interfaces/srv/detail/item_request__rosidl_typesupport_fastrtps_cpp.hpp
[16.353s] -- Symlinking: /home/auro/Auro/install/auro_interfaces/include/auro_interfaces/auro_interfaces/srv/detail/sector__rosidl_typesupport_fastrtps_cpp.hpp
[16.364s] -- Up-to-date symlink: /home/auro/Auro/install/auro_interfaces/include/auro_interfaces/auro_interfaces/action/detail/move__rosidl_typesupport_introspection_c.h
[16.365s] -- Up-to-date symlink: /home/auro/Auro/install/auro_interfaces/include/auro_interfaces/auro_interfaces/msg/detail/direction__rosidl_typesupport_introspection_c.h
[16.365s] -- Up-to-date symlink: /home/auro/Auro/install/auro_interfaces/include/auro_interfaces/auro_interfaces/msg/detail/item__rosidl_typesupport_introspection_c.h
[16.365s] -- Up-to-date symlink: /home/auro/Auro/install/auro_interfaces/include/auro_interfaces/auro_interfaces/msg/detail/item_list__rosidl_typesupport_introspection_c.h
[16.365s] -- Up-to-date symlink: /home/auro/Auro/install/auro_interfaces/include/auro_interfaces/auro_interfaces/msg/detail/string_with_pose__rosidl_typesupport_introspection_c.h
[16.365s] -- Up-to-date symlink: /home/auro/Auro/install/auro_interfaces/include/auro_interfaces/auro_interfaces/msg/rosidl_typesupport_introspection_c__visibility_control.h
[16.365s] -- Up-to-date symlink: /home/auro/Auro/install/auro_interfaces/include/auro_interfaces/auro_interfaces/srv/detail/item_request__rosidl_typesupport_introspection_c.h
[16.366s] -- Symlinking: /home/auro/Auro/install/auro_interfaces/include/auro_interfaces/auro_interfaces/srv/detail/sector__rosidl_typesupport_introspection_c.h
[16.377s] -- Up-to-date symlink: /home/auro/Auro/install/auro_interfaces/include/auro_interfaces/auro_interfaces/action/detail/move__rosidl_typesupport_introspection_cpp.hpp
[16.377s] -- Up-to-date symlink: /home/auro/Auro/install/auro_interfaces/include/auro_interfaces/auro_interfaces/msg/detail/direction__rosidl_typesupport_introspection_cpp.hpp
[16.377s] -- Up-to-date symlink: /home/auro/Auro/install/auro_interfaces/include/auro_interfaces/auro_interfaces/msg/detail/item__rosidl_typesupport_introspection_cpp.hpp
[16.378s] -- Up-to-date symlink: /home/auro/Auro/install/auro_interfaces/include/auro_interfaces/auro_interfaces/msg/detail/item_list__rosidl_typesupport_introspection_cpp.hpp
[16.378s] -- Up-to-date symlink: /home/auro/Auro/install/auro_interfaces/include/auro_interfaces/auro_interfaces/msg/detail/string_with_pose__rosidl_typesupport_introspection_cpp.hpp
[16.378s] -- Up-to-date symlink: /home/auro/Auro/install/auro_interfaces/include/auro_interfaces/auro_interfaces/srv/detail/item_request__rosidl_typesupport_introspection_cpp.hpp
[16.378s] -- Symlinking: /home/auro/Auro/install/auro_interfaces/include/auro_interfaces/auro_interfaces/srv/detail/sector__rosidl_typesupport_introspection_cpp.hpp
[16.389s] -- Up-to-date symlink: /home/auro/Auro/install/auro_interfaces/share/auro_interfaces/environment/pythonpath.sh
[16.390s] -- Up-to-date symlink: /home/auro/Auro/install/auro_interfaces/share/auro_interfaces/environment/pythonpath.dsv
[16.390s] -- Up-to-date symlink: /home/auro/Auro/install/auro_interfaces/local/lib/python3.10/dist-packages/auro_interfaces-0.0.0-py3.10.egg-info/PKG-INFO
[16.391s] -- Up-to-date symlink: /home/auro/Auro/install/auro_interfaces/local/lib/python3.10/dist-packages/auro_interfaces-0.0.0-py3.10.egg-info/SOURCES.txt
[16.391s] -- Up-to-date symlink: /home/auro/Auro/install/auro_interfaces/local/lib/python3.10/dist-packages/auro_interfaces-0.0.0-py3.10.egg-info/dependency_links.txt
[16.391s] -- Up-to-date symlink: /home/auro/Auro/install/auro_interfaces/local/lib/python3.10/dist-packages/auro_interfaces-0.0.0-py3.10.egg-info/top_level.txt
[16.392s] -- Up-to-date symlink: /home/auro/Auro/install/auro_interfaces/local/lib/python3.10/dist-packages/auro_interfaces/__init__.py
[16.392s] -- Up-to-date symlink: /home/auro/Auro/install/auro_interfaces/local/lib/python3.10/dist-packages/auro_interfaces/_auro_interfaces_s.ep.rosidl_typesupport_c.c
[16.392s] -- Up-to-date symlink: /home/auro/Auro/install/auro_interfaces/local/lib/python3.10/dist-packages/auro_interfaces/_auro_interfaces_s.ep.rosidl_typesupport_fastrtps_c.c
[16.392s] -- Up-to-date symlink: /home/auro/Auro/install/auro_interfaces/local/lib/python3.10/dist-packages/auro_interfaces/_auro_interfaces_s.ep.rosidl_typesupport_introspection_c.c
[16.392s] -- Up-to-date symlink: /home/auro/Auro/install/auro_interfaces/local/lib/python3.10/dist-packages/auro_interfaces/action/__init__.py
[16.393s] -- Up-to-date symlink: /home/auro/Auro/install/auro_interfaces/local/lib/python3.10/dist-packages/auro_interfaces/action/_move.py
[16.393s] -- Up-to-date symlink: /home/auro/Auro/install/auro_interfaces/local/lib/python3.10/dist-packages/auro_interfaces/action/_move_s.c
[16.393s] -- Up-to-date symlink: /home/auro/Auro/install/auro_interfaces/local/lib/python3.10/dist-packages/auro_interfaces/auro_interfaces_s__rosidl_typesupport_c.cpython-310-x86_64-linux-gnu.so
[16.393s] -- Up-to-date symlink: /home/auro/Auro/install/auro_interfaces/local/lib/python3.10/dist-packages/auro_interfaces/auro_interfaces_s__rosidl_typesupport_fastrtps_c.cpython-310-x86_64-linux-gnu.so
[16.393s] -- Up-to-date symlink: /home/auro/Auro/install/auro_interfaces/local/lib/python3.10/dist-packages/auro_interfaces/auro_interfaces_s__rosidl_typesupport_introspection_c.cpython-310-x86_64-linux-gnu.so
[16.393s] -- Up-to-date symlink: /home/auro/Auro/install/auro_interfaces/local/lib/python3.10/dist-packages/auro_interfaces/libauro_interfaces__rosidl_generator_py.so
[16.393s] -- Up-to-date symlink: /home/auro/Auro/install/auro_interfaces/local/lib/python3.10/dist-packages/auro_interfaces/msg/__init__.py
[16.394s] -- Up-to-date symlink: /home/auro/Auro/install/auro_interfaces/local/lib/python3.10/dist-packages/auro_interfaces/msg/_direction.py
[16.394s] -- Up-to-date symlink: /home/auro/Auro/install/auro_interfaces/local/lib/python3.10/dist-packages/auro_interfaces/msg/_direction_s.c
[16.394s] -- Up-to-date symlink: /home/auro/Auro/install/auro_interfaces/local/lib/python3.10/dist-packages/auro_interfaces/msg/_item.py
[16.394s] -- Up-to-date symlink: /home/auro/Auro/install/auro_interfaces/local/lib/python3.10/dist-packages/auro_interfaces/msg/_item_list.py
[16.394s] -- Up-to-date symlink: /home/auro/Auro/install/auro_interfaces/local/lib/python3.10/dist-packages/auro_interfaces/msg/_item_list_s.c
[16.394s] -- Up-to-date symlink: /home/auro/Auro/install/auro_interfaces/local/lib/python3.10/dist-packages/auro_interfaces/msg/_item_s.c
[16.394s] -- Up-to-date symlink: /home/auro/Auro/install/auro_interfaces/local/lib/python3.10/dist-packages/auro_interfaces/msg/_string_with_pose.py
[16.395s] -- Up-to-date symlink: /home/auro/Auro/install/auro_interfaces/local/lib/python3.10/dist-packages/auro_interfaces/msg/_string_with_pose_s.c
[16.395s] -- Up-to-date symlink: /home/auro/Auro/install/auro_interfaces/local/lib/python3.10/dist-packages/auro_interfaces/srv/__init__.py
[16.395s] -- Up-to-date symlink: /home/auro/Auro/install/auro_interfaces/local/lib/python3.10/dist-packages/auro_interfaces/srv/_item_request.py
[16.395s] -- Up-to-date symlink: /home/auro/Auro/install/auro_interfaces/local/lib/python3.10/dist-packages/auro_interfaces/srv/_item_request_s.c
[16.395s] -- Symlinking: /home/auro/Auro/install/auro_interfaces/local/lib/python3.10/dist-packages/auro_interfaces/srv/_sector.py
[16.407s] -- Symlinking: /home/auro/Auro/install/auro_interfaces/local/lib/python3.10/dist-packages/auro_interfaces/srv/_sector_s.c
[16.418s] -- Up-to-date symlink: /home/auro/Auro/install/auro_interfaces/local/lib/python3.10/dist-packages/auro_interfaces/auro_interfaces_s__rosidl_typesupport_fastrtps_c.cpython-310-x86_64-linux-gnu.so
[16.418s] -- Up-to-date symlink: /home/auro/Auro/install/auro_interfaces/local/lib/python3.10/dist-packages/auro_interfaces/auro_interfaces_s__rosidl_typesupport_introspection_c.cpython-310-x86_64-linux-gnu.so
[16.419s] -- Up-to-date symlink: /home/auro/Auro/install/auro_interfaces/local/lib/python3.10/dist-packages/auro_interfaces/auro_interfaces_s__rosidl_typesupport_c.cpython-310-x86_64-linux-gnu.so
[16.419s] -- Up-to-date symlink: /home/auro/Auro/install/auro_interfaces/share/auro_interfaces/msg/StringWithPose.idl
[16.419s] -- Up-to-date symlink: /home/auro/Auro/install/auro_interfaces/share/auro_interfaces/msg/Item.idl
[16.420s] -- Up-to-date symlink: /home/auro/Auro/install/auro_interfaces/share/auro_interfaces/msg/ItemList.idl
[16.420s] -- Up-to-date symlink: /home/auro/Auro/install/auro_interfaces/share/auro_interfaces/msg/Direction.idl
[16.420s] -- Up-to-date symlink: /home/auro/Auro/install/auro_interfaces/share/auro_interfaces/srv/ItemRequest.idl
[16.421s] -- Symlinking: /home/auro/Auro/install/auro_interfaces/share/auro_interfaces/srv/Sector.idl
[16.431s] -- Up-to-date symlink: /home/auro/Auro/install/auro_interfaces/share/auro_interfaces/action/Move.idl
[16.431s] -- Up-to-date symlink: /home/auro/Auro/install/auro_interfaces/share/auro_interfaces/msg/StringWithPose.msg
[16.432s] -- Up-to-date symlink: /home/auro/Auro/install/auro_interfaces/share/auro_interfaces/msg/Item.msg
[16.432s] -- Up-to-date symlink: /home/auro/Auro/install/auro_interfaces/share/auro_interfaces/msg/ItemList.msg
[16.432s] -- Up-to-date symlink: /home/auro/Auro/install/auro_interfaces/share/auro_interfaces/msg/Direction.msg
[16.432s] -- Up-to-date symlink: /home/auro/Auro/install/auro_interfaces/share/auro_interfaces/srv/ItemRequest.srv
[16.432s] -- Up-to-date symlink: /home/auro/Auro/install/auro_interfaces/share/auro_interfaces/srv/ItemRequest_Request.msg
[16.432s] -- Up-to-date symlink: /home/auro/Auro/install/auro_interfaces/share/auro_interfaces/srv/ItemRequest_Response.msg
[16.433s] -- Symlinking: /home/auro/Auro/install/auro_interfaces/share/auro_interfaces/srv/Sector.srv
[16.444s] -- Symlinking: /home/auro/Auro/install/auro_interfaces/share/auro_interfaces/srv/Sector_Request.msg
[16.455s] -- Symlinking: /home/auro/Auro/install/auro_interfaces/share/auro_interfaces/srv/Sector_Response.msg
[16.467s] -- Up-to-date symlink: /home/auro/Auro/install/auro_interfaces/share/auro_interfaces/action/Move.action
[16.467s] -- Up-to-date symlink: /home/auro/Auro/install/auro_interfaces/share/ament_index/resource_index/package_run_dependencies/auro_interfaces
[16.468s] -- Up-to-date symlink: /home/auro/Auro/install/auro_interfaces/share/ament_index/resource_index/parent_prefix_path/auro_interfaces
[16.468s] -- Up-to-date symlink: /home/auro/Auro/install/auro_interfaces/share/auro_interfaces/environment/ament_prefix_path.sh
[16.468s] -- Up-to-date symlink: /home/auro/Auro/install/auro_interfaces/share/auro_interfaces/environment/ament_prefix_path.dsv
[16.468s] -- Up-to-date symlink: /home/auro/Auro/install/auro_interfaces/share/auro_interfaces/environment/path.sh
[16.468s] -- Up-to-date symlink: /home/auro/Auro/install/auro_interfaces/share/auro_interfaces/environment/path.dsv
[16.468s] -- Up-to-date symlink: /home/auro/Auro/install/auro_interfaces/share/auro_interfaces/local_setup.bash
[16.469s] -- Up-to-date symlink: /home/auro/Auro/install/auro_interfaces/share/auro_interfaces/local_setup.sh
[16.469s] -- Up-to-date symlink: /home/auro/Auro/install/auro_interfaces/share/auro_interfaces/local_setup.zsh
[16.469s] -- Up-to-date symlink: /home/auro/Auro/install/auro_interfaces/share/auro_interfaces/local_setup.dsv
[16.469s] -- Symlinking: /home/auro/Auro/install/auro_interfaces/share/auro_interfaces/package.dsv
[16.481s] -- Up-to-date symlink: /home/auro/Auro/install/auro_interfaces/share/ament_index/resource_index/packages/auro_interfaces
[16.481s] -- Up-to-date symlink: /home/auro/Auro/install/auro_interfaces/share/auro_interfaces/cmake/rosidl_cmake-extras.cmake
[16.481s] -- Up-to-date symlink: /home/auro/Auro/install/auro_interfaces/share/auro_interfaces/cmake/ament_cmake_export_dependencies-extras.cmake
[16.481s] -- Up-to-date symlink: /home/auro/Auro/install/auro_interfaces/share/auro_interfaces/cmake/ament_cmake_export_include_directories-extras.cmake
[16.482s] -- Up-to-date symlink: /home/auro/Auro/install/auro_interfaces/share/auro_interfaces/cmake/ament_cmake_export_libraries-extras.cmake
[16.482s] -- Up-to-date symlink: /home/auro/Auro/install/auro_interfaces/share/auro_interfaces/cmake/ament_cmake_export_targets-extras.cmake
[16.482s] -- Up-to-date symlink: /home/auro/Auro/install/auro_interfaces/share/auro_interfaces/cmake/rosidl_cmake_export_typesupport_targets-extras.cmake
[16.483s] -- Up-to-date symlink: /home/auro/Auro/install/auro_interfaces/share/auro_interfaces/cmake/rosidl_cmake_export_typesupport_libraries-extras.cmake
[16.483s] -- Up-to-date symlink: /home/auro/Auro/install/auro_interfaces/share/auro_interfaces/cmake/auro_interfacesConfig.cmake
[16.483s] -- Up-to-date symlink: /home/auro/Auro/install/auro_interfaces/share/auro_interfaces/cmake/auro_interfacesConfig-version.cmake
[16.483s] -- Up-to-date symlink: /home/auro/Auro/install/auro_interfaces/share/auro_interfaces/package.xml
[16.483s] -- Installing: /home/auro/Auro/install/auro_interfaces/lib/libauro_interfaces__rosidl_generator_c.so
[16.484s] -- Set runtime path of "/home/auro/Auro/install/auro_interfaces/lib/libauro_interfaces__rosidl_generator_c.so" to ""
[16.484s] -- Installing: /home/auro/Auro/install/auro_interfaces/lib/libauro_interfaces__rosidl_typesupport_fastrtps_c.so
[16.485s] -- Set runtime path of "/home/auro/Auro/install/auro_interfaces/lib/libauro_interfaces__rosidl_typesupport_fastrtps_c.so" to ""
[16.485s] -- Installing: /home/auro/Auro/install/auro_interfaces/lib/libauro_interfaces__rosidl_typesupport_fastrtps_cpp.so
[16.486s] -- Set runtime path of "/home/auro/Auro/install/auro_interfaces/lib/libauro_interfaces__rosidl_typesupport_fastrtps_cpp.so" to ""
[16.486s] -- Installing: /home/auro/Auro/install/auro_interfaces/lib/libauro_interfaces__rosidl_typesupport_introspection_c.so
[16.486s] -- Set runtime path of "/home/auro/Auro/install/auro_interfaces/lib/libauro_interfaces__rosidl_typesupport_introspection_c.so" to ""
[16.487s] -- Installing: /home/auro/Auro/install/auro_interfaces/lib/libauro_interfaces__rosidl_typesupport_c.so
[16.487s] -- Set runtime path of "/home/auro/Auro/install/auro_interfaces/lib/libauro_interfaces__rosidl_typesupport_c.so" to ""
[16.487s] -- Installing: /home/auro/Auro/install/auro_interfaces/lib/libauro_interfaces__rosidl_typesupport_introspection_cpp.so
[16.488s] -- Set runtime path of "/home/auro/Auro/install/auro_interfaces/lib/libauro_interfaces__rosidl_typesupport_introspection_cpp.so" to ""
[16.488s] -- Installing: /home/auro/Auro/install/auro_interfaces/lib/libauro_interfaces__rosidl_typesupport_cpp.so
[16.489s] -- Set runtime path of "/home/auro/Auro/install/auro_interfaces/lib/libauro_interfaces__rosidl_typesupport_cpp.so" to ""
[16.549s] Listing '/home/auro/Auro/install/auro_interfaces/local/lib/python3.10/dist-packages/auro_interfaces'...
[16.550s] Compiling '/home/auro/Auro/install/auro_interfaces/local/lib/python3.10/dist-packages/auro_interfaces/__init__.py'...
[16.550s] Listing '/home/auro/Auro/install/auro_interfaces/local/lib/python3.10/dist-packages/auro_interfaces/action'...
[16.550s] Compiling '/home/auro/Auro/install/auro_interfaces/local/lib/python3.10/dist-packages/auro_interfaces/action/__init__.py'...
[16.550s] Compiling '/home/auro/Auro/install/auro_interfaces/local/lib/python3.10/dist-packages/auro_interfaces/action/_move.py'...
[16.550s] Listing '/home/auro/Auro/install/auro_interfaces/local/lib/python3.10/dist-packages/auro_interfaces/msg'...
[16.550s] Compiling '/home/auro/Auro/install/auro_interfaces/local/lib/python3.10/dist-packages/auro_interfaces/msg/__init__.py'...
[16.550s] Compiling '/home/auro/Auro/install/auro_interfaces/local/lib/python3.10/dist-packages/auro_interfaces/msg/_direction.py'...
[16.551s] Compiling '/home/auro/Auro/install/auro_interfaces/local/lib/python3.10/dist-packages/auro_interfaces/msg/_item.py'...
[16.551s] Compiling '/home/auro/Auro/install/auro_interfaces/local/lib/python3.10/dist-packages/auro_interfaces/msg/_item_list.py'...
[16.551s] Compiling '/home/auro/Auro/install/auro_interfaces/local/lib/python3.10/dist-packages/auro_interfaces/msg/_string_with_pose.py'...
[16.551s] Listing '/home/auro/Auro/install/auro_interfaces/local/lib/python3.10/dist-packages/auro_interfaces/srv'...
[16.551s] Compiling '/home/auro/Auro/install/auro_interfaces/local/lib/python3.10/dist-packages/auro_interfaces/srv/__init__.py'...
[16.551s] Compiling '/home/auro/Auro/install/auro_interfaces/local/lib/python3.10/dist-packages/auro_interfaces/srv/_item_request.py'...
[16.551s] Compiling '/home/auro/Auro/install/auro_interfaces/local/lib/python3.10/dist-packages/auro_interfaces/srv/_sector.py'...
[16.557s] -- Installing: /home/auro/Auro/install/auro_interfaces/lib/libauro_interfaces__rosidl_generator_py.so
[16.557s] -- Set runtime path of "/home/auro/Auro/install/auro_interfaces/lib/libauro_interfaces__rosidl_generator_py.so" to ""
[16.557s] -- Up-to-date: /home/auro/Auro/install/auro_interfaces/share/auro_interfaces/cmake/export_auro_interfaces__rosidl_generator_cExport.cmake
[16.557s] -- Up-to-date: /home/auro/Auro/install/auro_interfaces/share/auro_interfaces/cmake/export_auro_interfaces__rosidl_generator_cExport-noconfig.cmake
[16.558s] -- Up-to-date: /home/auro/Auro/install/auro_interfaces/share/auro_interfaces/cmake/export_auro_interfaces__rosidl_typesupport_fastrtps_cExport.cmake
[16.558s] -- Up-to-date: /home/auro/Auro/install/auro_interfaces/share/auro_interfaces/cmake/export_auro_interfaces__rosidl_typesupport_fastrtps_cExport-noconfig.cmake
[16.558s] -- Up-to-date: /home/auro/Auro/install/auro_interfaces/share/auro_interfaces/cmake/export_auro_interfaces__rosidl_generator_cppExport.cmake
[16.558s] -- Up-to-date: /home/auro/Auro/install/auro_interfaces/share/auro_interfaces/cmake/export_auro_interfaces__rosidl_typesupport_fastrtps_cppExport.cmake
[16.558s] -- Up-to-date: /home/auro/Auro/install/auro_interfaces/share/auro_interfaces/cmake/export_auro_interfaces__rosidl_typesupport_fastrtps_cppExport-noconfig.cmake
[16.558s] -- Up-to-date: /home/auro/Auro/install/auro_interfaces/share/auro_interfaces/cmake/auro_interfaces__rosidl_typesupport_introspection_cExport.cmake
[16.558s] -- Up-to-date: /home/auro/Auro/install/auro_interfaces/share/auro_interfaces/cmake/auro_interfaces__rosidl_typesupport_introspection_cExport-noconfig.cmake
[16.558s] -- Up-to-date: /home/auro/Auro/install/auro_interfaces/share/auro_interfaces/cmake/auro_interfaces__rosidl_typesupport_cExport.cmake
[16.558s] -- Up-to-date: /home/auro/Auro/install/auro_interfaces/share/auro_interfaces/cmake/auro_interfaces__rosidl_typesupport_cExport-noconfig.cmake
[16.559s] -- Up-to-date: /home/auro/Auro/install/auro_interfaces/share/auro_interfaces/cmake/auro_interfaces__rosidl_typesupport_introspection_cppExport.cmake
[16.559s] -- Up-to-date: /home/auro/Auro/install/auro_interfaces/share/auro_interfaces/cmake/auro_interfaces__rosidl_typesupport_introspection_cppExport-noconfig.cmake
[16.559s] -- Up-to-date: /home/auro/Auro/install/auro_interfaces/share/auro_interfaces/cmake/auro_interfaces__rosidl_typesupport_cppExport.cmake
[16.559s] -- Up-to-date: /home/auro/Auro/install/auro_interfaces/share/auro_interfaces/cmake/auro_interfaces__rosidl_typesupport_cppExport-noconfig.cmake
[16.559s] -- Up-to-date: /home/auro/Auro/install/auro_interfaces/share/auro_interfaces/cmake/export_auro_interfaces__rosidl_generator_pyExport.cmake
[16.559s] -- Up-to-date: /home/auro/Auro/install/auro_interfaces/share/auro_interfaces/cmake/export_auro_interfaces__rosidl_generator_pyExport-noconfig.cmake
[16.562s] Invoked command in '/home/auro/Auro/build/auro_interfaces' returned '0': CMAKE_PREFIX_PATH=${CMAKE_PREFIX_PATH}:/home/auro/turtlebot3_ws/install/turtlebot3_teleop:/home/auro/turtlebot3_ws/install/turtlebot3_example:/opt/ros/humble /usr/bin/cmake --install /home/auro/Auro/build/auro_interfaces
