[2.215s] Invoking command in '/home/auro/Auro_Revised/build/solution': PYTHONPATH=/home/auro/Auro_Revised/build/solution/prefix_override:/usr/lib/python3/dist-packages/colcon_core/task/python/colcon_distutils_commands:/home/auro/Auro_Revised/install/solution/lib/python3.10/site-packages:${PYTHONPATH} /usr/bin/python3 -W ignore:setup.py install is deprecated setup.py develop --editable --build-directory /home/auro/Auro_Revised/build/solution/build --no-deps symlink_data
[2.828s] running develop
[3.173s] running egg_info
[3.173s] writing solution.egg-info/PKG-INFO
[3.183s] writing dependency_links to solution.egg-info/dependency_links.txt
[3.183s] writing entry points to solution.egg-info/entry_points.txt
[3.183s] writing requirements to solution.egg-info/requires.txt
[3.183s] writing top-level names to solution.egg-info/top_level.txt
[3.183s] reading manifest file 'solution.egg-info/SOURCES.txt'
[3.183s] writing manifest file 'solution.egg-info/SOURCES.txt'
[3.185s] running build_ext
[3.185s] Creating /home/auro/Auro_Revised/install/solution/lib/python3.10/site-packages/solution.egg-link (link to .)
[3.187s] Installing collision_avoidance script to /home/auro/Auro_Revised/install/solution/lib/solution
[3.187s] Installing data_logger script to /home/auro/Auro_Revised/install/solution/lib/solution
[3.188s] Installing navigation script to /home/auro/Auro_Revised/install/solution/lib/solution
[3.189s] Installing robot_controller script to /home/auro/Auro_Revised/install/solution/lib/solution
[3.190s] Installing robot_manager script to /home/auro/Auro_Revised/install/solution/lib/solution
[3.190s] Installing robot_vision script to /home/auro/Auro_Revised/install/solution/lib/solution
[3.190s] 
[3.190s] Installed /home/auro/Auro_Revised/build/solution
[3.190s] running symlink_data
[3.291s] Invoked command in '/home/auro/Auro_Revised/build/solution' returned '0': PYTHONPATH=/home/auro/Auro_Revised/build/solution/prefix_override:/usr/lib/python3/dist-packages/colcon_core/task/python/colcon_distutils_commands:/home/auro/Auro_Revised/install/solution/lib/python3.10/site-packages:${PYTHONPATH} /usr/bin/python3 -W ignore:setup.py install is deprecated setup.py develop --editable --build-directory /home/auro/Auro_Revised/build/solution/build --no-deps symlink_data
