[0.187s] DEBUG:colcon:Command line arguments: ['/usr/bin/colcon', 'build', '--symlink-install']
[0.187s] DEBUG:colcon:Parsed command line arguments: Namespace(log_base=None, log_level=None, verb_name='build', build_base='build', install_base='install', merge_install=False, symlink_install=True, test_result_base=None, continue_on_error=False, executor='parallel', parallel_workers=4, event_handlers=None, ignore_user_meta=False, metas=['./colcon.meta'], base_paths=['.'], packages_ignore=None, packages_ignore_regex=None, paths=None, packages_up_to=None, packages_up_to_regex=None, packages_above=None, packages_above_and_dependencies=None, packages_above_depth=None, packages_select_by_dep=None, packages_skip_by_dep=None, packages_skip_up_to=None, packages_select_build_failed=False, packages_skip_build_finished=False, packages_select_test_failures=False, packages_skip_test_passed=False, packages_select=None, packages_skip=None, packages_select_regex=None, packages_skip_regex=None, packages_start=None, packages_end=None, allow_overriding=[], cmake_args=None, cmake_target=None, cmake_target_skip_unavailable=False, cmake_clean_cache=False, cmake_clean_first=False, cmake_force_configure=False, ament_cmake_args=None, catkin_cmake_args=None, catkin_skip_building_tests=False, mixin_files=None, mixin=None, verb_parser=<colcon_mixin.mixin.mixin_argument.MixinArgumentDecorator object at 0x7f388ce90040>, verb_extension=<colcon_core.verb.build.BuildVerb object at 0x7f388cfee740>, main=<bound method BuildVerb.main of <colcon_core.verb.build.BuildVerb object at 0x7f388cfee740>>, mixin_verb=('build',))
[0.420s] Level 1:colcon.colcon_core.package_discovery:discover_packages(colcon_meta) check parameters
[0.420s] Level 1:colcon.colcon_core.package_discovery:discover_packages(recursive) check parameters
[0.420s] Level 1:colcon.colcon_core.package_discovery:discover_packages(ignore) check parameters
[0.420s] Level 1:colcon.colcon_core.package_discovery:discover_packages(path) check parameters
[0.420s] Level 1:colcon.colcon_core.package_discovery:discover_packages(colcon_meta) discover
[0.420s] Level 1:colcon.colcon_core.package_discovery:discover_packages(recursive) discover
[0.420s] INFO:colcon.colcon_core.package_discovery:Crawling recursively for packages in '/home/auro/Auro_Revised'
[0.420s] Level 1:colcon.colcon_core.package_identification:_identify(.) by extensions ['ignore', 'ignore_ament_install']
[0.420s] Level 1:colcon.colcon_core.package_identification:_identify(.) by extension 'ignore'
[0.421s] Level 1:colcon.colcon_core.package_identification:_identify(.) by extension 'ignore_ament_install'
[0.421s] Level 1:colcon.colcon_core.package_identification:_identify(.) by extensions ['colcon_pkg']
[0.421s] Level 1:colcon.colcon_core.package_identification:_identify(.) by extension 'colcon_pkg'
[0.421s] Level 1:colcon.colcon_core.package_identification:_identify(.) by extensions ['colcon_meta']
[0.421s] Level 1:colcon.colcon_core.package_identification:_identify(.) by extension 'colcon_meta'
[0.421s] Level 1:colcon.colcon_core.package_identification:_identify(.) by extensions ['ros']
[0.421s] Level 1:colcon.colcon_core.package_identification:_identify(.) by extension 'ros'
[0.456s] Level 1:colcon.colcon_core.package_identification:_identify(.) by extensions ['cmake', 'python']
[0.456s] Level 1:colcon.colcon_core.package_identification:_identify(.) by extension 'cmake'
[0.456s] Level 1:colcon.colcon_core.package_identification:_identify(.) by extension 'python'
[0.456s] Level 1:colcon.colcon_core.package_identification:_identify(.) by extensions ['python_setup_py']
[0.456s] Level 1:colcon.colcon_core.package_identification:_identify(.) by extension 'python_setup_py'
[0.456s] Level 1:colcon.colcon_core.package_identification:_identify(assessment) by extensions ['ignore', 'ignore_ament_install']
[0.456s] Level 1:colcon.colcon_core.package_identification:_identify(assessment) by extension 'ignore'
[0.457s] Level 1:colcon.colcon_core.package_identification:_identify(assessment) by extension 'ignore_ament_install'
[0.457s] Level 1:colcon.colcon_core.package_identification:_identify(assessment) by extensions ['colcon_pkg']
[0.457s] Level 1:colcon.colcon_core.package_identification:_identify(assessment) by extension 'colcon_pkg'
[0.457s] Level 1:colcon.colcon_core.package_identification:_identify(assessment) by extensions ['colcon_meta']
[0.457s] Level 1:colcon.colcon_core.package_identification:_identify(assessment) by extension 'colcon_meta'
[0.457s] Level 1:colcon.colcon_core.package_identification:_identify(assessment) by extensions ['ros']
[0.457s] Level 1:colcon.colcon_core.package_identification:_identify(assessment) by extension 'ros'
[0.460s] DEBUG:colcon.colcon_core.package_identification:Package 'assessment' with type 'ros.ament_python' and name 'assessment'
[0.461s] Level 1:colcon.colcon_core.package_identification:_identify(assessment_interfaces) by extensions ['ignore', 'ignore_ament_install']
[0.461s] Level 1:colcon.colcon_core.package_identification:_identify(assessment_interfaces) by extension 'ignore'
[0.461s] Level 1:colcon.colcon_core.package_identification:_identify(assessment_interfaces) by extension 'ignore_ament_install'
[0.461s] Level 1:colcon.colcon_core.package_identification:_identify(assessment_interfaces) by extensions ['colcon_pkg']
[0.461s] Level 1:colcon.colcon_core.package_identification:_identify(assessment_interfaces) by extension 'colcon_pkg'
[0.461s] Level 1:colcon.colcon_core.package_identification:_identify(assessment_interfaces) by extensions ['colcon_meta']
[0.461s] Level 1:colcon.colcon_core.package_identification:_identify(assessment_interfaces) by extension 'colcon_meta'
[0.461s] Level 1:colcon.colcon_core.package_identification:_identify(assessment_interfaces) by extensions ['ros']
[0.461s] Level 1:colcon.colcon_core.package_identification:_identify(assessment_interfaces) by extension 'ros'
[0.462s] DEBUG:colcon.colcon_core.package_identification:Package 'assessment_interfaces' with type 'ros.ament_cmake' and name 'assessment_interfaces'
[0.462s] Level 1:colcon.colcon_core.package_identification:_identify(auro_interfaces) by extensions ['ignore', 'ignore_ament_install']
[0.462s] Level 1:colcon.colcon_core.package_identification:_identify(auro_interfaces) by extension 'ignore'
[0.462s] Level 1:colcon.colcon_core.package_identification:_identify(auro_interfaces) by extension 'ignore_ament_install'
[0.462s] Level 1:colcon.colcon_core.package_identification:_identify(auro_interfaces) by extensions ['colcon_pkg']
[0.462s] Level 1:colcon.colcon_core.package_identification:_identify(auro_interfaces) by extension 'colcon_pkg'
[0.462s] Level 1:colcon.colcon_core.package_identification:_identify(auro_interfaces) by extensions ['colcon_meta']
[0.462s] Level 1:colcon.colcon_core.package_identification:_identify(auro_interfaces) by extension 'colcon_meta'
[0.462s] Level 1:colcon.colcon_core.package_identification:_identify(auro_interfaces) by extensions ['ros']
[0.462s] Level 1:colcon.colcon_core.package_identification:_identify(auro_interfaces) by extension 'ros'
[0.463s] DEBUG:colcon.colcon_core.package_identification:Package 'auro_interfaces' with type 'ros.ament_cmake' and name 'auro_interfaces'
[0.463s] Level 1:colcon.colcon_core.package_identification:_identify(build) by extensions ['ignore', 'ignore_ament_install']
[0.463s] Level 1:colcon.colcon_core.package_identification:_identify(build) by extension 'ignore'
[0.463s] Level 1:colcon.colcon_core.package_identification:_identify(build) ignored
[0.463s] Level 1:colcon.colcon_core.package_identification:_identify(install) by extensions ['ignore', 'ignore_ament_install']
[0.463s] Level 1:colcon.colcon_core.package_identification:_identify(install) by extension 'ignore'
[0.463s] Level 1:colcon.colcon_core.package_identification:_identify(install) ignored
[0.464s] Level 1:colcon.colcon_core.package_identification:_identify(log) by extensions ['ignore', 'ignore_ament_install']
[0.464s] Level 1:colcon.colcon_core.package_identification:_identify(log) by extension 'ignore'
[0.464s] Level 1:colcon.colcon_core.package_identification:_identify(log) ignored
[0.464s] Level 1:colcon.colcon_core.package_identification:_identify(solution) by extensions ['ignore', 'ignore_ament_install']
[0.464s] Level 1:colcon.colcon_core.package_identification:_identify(solution) by extension 'ignore'
[0.464s] Level 1:colcon.colcon_core.package_identification:_identify(solution) by extension 'ignore_ament_install'
[0.464s] Level 1:colcon.colcon_core.package_identification:_identify(solution) by extensions ['colcon_pkg']
[0.464s] Level 1:colcon.colcon_core.package_identification:_identify(solution) by extension 'colcon_pkg'
[0.464s] Level 1:colcon.colcon_core.package_identification:_identify(solution) by extensions ['colcon_meta']
[0.464s] Level 1:colcon.colcon_core.package_identification:_identify(solution) by extension 'colcon_meta'
[0.464s] Level 1:colcon.colcon_core.package_identification:_identify(solution) by extensions ['ros']
[0.464s] Level 1:colcon.colcon_core.package_identification:_identify(solution) by extension 'ros'
[0.465s] DEBUG:colcon.colcon_core.package_identification:Package 'solution' with type 'ros.ament_python' and name 'solution'
[0.465s] Level 1:colcon.colcon_core.package_identification:_identify(tf_relay) by extensions ['ignore', 'ignore_ament_install']
[0.465s] Level 1:colcon.colcon_core.package_identification:_identify(tf_relay) by extension 'ignore'
[0.465s] Level 1:colcon.colcon_core.package_identification:_identify(tf_relay) by extension 'ignore_ament_install'
[0.465s] Level 1:colcon.colcon_core.package_identification:_identify(tf_relay) by extensions ['colcon_pkg']
[0.465s] Level 1:colcon.colcon_core.package_identification:_identify(tf_relay) by extension 'colcon_pkg'
[0.465s] Level 1:colcon.colcon_core.package_identification:_identify(tf_relay) by extensions ['colcon_meta']
[0.465s] Level 1:colcon.colcon_core.package_identification:_identify(tf_relay) by extension 'colcon_meta'
[0.465s] Level 1:colcon.colcon_core.package_identification:_identify(tf_relay) by extensions ['ros']
[0.465s] Level 1:colcon.colcon_core.package_identification:_identify(tf_relay) by extension 'ros'
[0.466s] DEBUG:colcon.colcon_core.package_identification:Package 'tf_relay' with type 'ros.ament_python' and name 'tf_relay'
[0.466s] Level 1:colcon.colcon_core.package_discovery:discover_packages(recursive) using defaults
[0.466s] Level 1:colcon.colcon_core.package_discovery:discover_packages(ignore) discover
[0.466s] Level 1:colcon.colcon_core.package_discovery:discover_packages(ignore) using defaults
[0.466s] Level 1:colcon.colcon_core.package_discovery:discover_packages(path) discover
[0.466s] Level 1:colcon.colcon_core.package_discovery:discover_packages(path) using defaults
[0.495s] Level 1:colcon.colcon_core.package_discovery:discover_packages(prefix_path) check parameters
[0.495s] Level 1:colcon.colcon_core.package_discovery:discover_packages(prefix_path) discover
[0.498s] DEBUG:colcon.colcon_installed_package_information.package_discovery:Found 5 installed packages in /home/auro/Auro_Revised/install
[0.499s] DEBUG:colcon.colcon_installed_package_information.package_discovery:Found 15 installed packages in /home/auro/turtlebot3_ws/install
[0.502s] DEBUG:colcon.colcon_installed_package_information.package_discovery:Found 398 installed packages in /opt/ros/humble
[0.505s] Level 1:colcon.colcon_core.package_discovery:discover_packages(prefix_path) using defaults
[0.581s] Level 5:colcon.colcon_core.verb:set package 'assessment_interfaces' build argument 'cmake_args' from command line to 'None'
[0.581s] Level 5:colcon.colcon_core.verb:set package 'assessment_interfaces' build argument 'cmake_target' from command line to 'None'
[0.581s] Level 5:colcon.colcon_core.verb:set package 'assessment_interfaces' build argument 'cmake_target_skip_unavailable' from command line to 'False'
[0.581s] Level 5:colcon.colcon_core.verb:set package 'assessment_interfaces' build argument 'cmake_clean_cache' from command line to 'False'
[0.581s] Level 5:colcon.colcon_core.verb:set package 'assessment_interfaces' build argument 'cmake_clean_first' from command line to 'False'
[0.581s] Level 5:colcon.colcon_core.verb:set package 'assessment_interfaces' build argument 'cmake_force_configure' from command line to 'False'
[0.581s] Level 5:colcon.colcon_core.verb:set package 'assessment_interfaces' build argument 'ament_cmake_args' from command line to 'None'
[0.581s] Level 5:colcon.colcon_core.verb:set package 'assessment_interfaces' build argument 'catkin_cmake_args' from command line to 'None'
[0.581s] Level 5:colcon.colcon_core.verb:set package 'assessment_interfaces' build argument 'catkin_skip_building_tests' from command line to 'False'
[0.581s] DEBUG:colcon.colcon_core.verb:Building package 'assessment_interfaces' with the following arguments: {'ament_cmake_args': None, 'build_base': '/home/auro/Auro_Revised/build/assessment_interfaces', 'catkin_cmake_args': None, 'catkin_skip_building_tests': False, 'cmake_args': None, 'cmake_clean_cache': False, 'cmake_clean_first': False, 'cmake_force_configure': False, 'cmake_target': None, 'cmake_target_skip_unavailable': False, 'install_base': '/home/auro/Auro_Revised/install/assessment_interfaces', 'merge_install': False, 'path': '/home/auro/Auro_Revised/assessment_interfaces', 'symlink_install': True, 'test_result_base': None}
[0.582s] Level 5:colcon.colcon_core.verb:set package 'auro_interfaces' build argument 'cmake_args' from command line to 'None'
[0.582s] Level 5:colcon.colcon_core.verb:set package 'auro_interfaces' build argument 'cmake_target' from command line to 'None'
[0.582s] Level 5:colcon.colcon_core.verb:set package 'auro_interfaces' build argument 'cmake_target_skip_unavailable' from command line to 'False'
[0.582s] Level 5:colcon.colcon_core.verb:set package 'auro_interfaces' build argument 'cmake_clean_cache' from command line to 'False'
[0.582s] Level 5:colcon.colcon_core.verb:set package 'auro_interfaces' build argument 'cmake_clean_first' from command line to 'False'
[0.582s] Level 5:colcon.colcon_core.verb:set package 'auro_interfaces' build argument 'cmake_force_configure' from command line to 'False'
[0.582s] Level 5:colcon.colcon_core.verb:set package 'auro_interfaces' build argument 'ament_cmake_args' from command line to 'None'
[0.582s] Level 5:colcon.colcon_core.verb:set package 'auro_interfaces' build argument 'catkin_cmake_args' from command line to 'None'
[0.582s] Level 5:colcon.colcon_core.verb:set package 'auro_interfaces' build argument 'catkin_skip_building_tests' from command line to 'False'
[0.582s] DEBUG:colcon.colcon_core.verb:Building package 'auro_interfaces' with the following arguments: {'ament_cmake_args': None, 'build_base': '/home/auro/Auro_Revised/build/auro_interfaces', 'catkin_cmake_args': None, 'catkin_skip_building_tests': False, 'cmake_args': None, 'cmake_clean_cache': False, 'cmake_clean_first': False, 'cmake_force_configure': False, 'cmake_target': None, 'cmake_target_skip_unavailable': False, 'install_base': '/home/auro/Auro_Revised/install/auro_interfaces', 'merge_install': False, 'path': '/home/auro/Auro_Revised/auro_interfaces', 'symlink_install': True, 'test_result_base': None}
[0.582s] Level 5:colcon.colcon_core.verb:set package 'solution' build argument 'cmake_args' from command line to 'None'
[0.582s] Level 5:colcon.colcon_core.verb:set package 'solution' build argument 'cmake_target' from command line to 'None'
[0.582s] Level 5:colcon.colcon_core.verb:set package 'solution' build argument 'cmake_target_skip_unavailable' from command line to 'False'
[0.583s] Level 5:colcon.colcon_core.verb:set package 'solution' build argument 'cmake_clean_cache' from command line to 'False'
[0.583s] Level 5:colcon.colcon_core.verb:set package 'solution' build argument 'cmake_clean_first' from command line to 'False'
[0.583s] Level 5:colcon.colcon_core.verb:set package 'solution' build argument 'cmake_force_configure' from command line to 'False'
[0.583s] Level 5:colcon.colcon_core.verb:set package 'solution' build argument 'ament_cmake_args' from command line to 'None'
[0.583s] Level 5:colcon.colcon_core.verb:set package 'solution' build argument 'catkin_cmake_args' from command line to 'None'
[0.583s] Level 5:colcon.colcon_core.verb:set package 'solution' build argument 'catkin_skip_building_tests' from command line to 'False'
[0.583s] DEBUG:colcon.colcon_core.verb:Building package 'solution' with the following arguments: {'ament_cmake_args': None, 'build_base': '/home/auro/Auro_Revised/build/solution', 'catkin_cmake_args': None, 'catkin_skip_building_tests': False, 'cmake_args': None, 'cmake_clean_cache': False, 'cmake_clean_first': False, 'cmake_force_configure': False, 'cmake_target': None, 'cmake_target_skip_unavailable': False, 'install_base': '/home/auro/Auro_Revised/install/solution', 'merge_install': False, 'path': '/home/auro/Auro_Revised/solution', 'symlink_install': True, 'test_result_base': None}
[0.583s] Level 5:colcon.colcon_core.verb:set package 'tf_relay' build argument 'cmake_args' from command line to 'None'
[0.583s] Level 5:colcon.colcon_core.verb:set package 'tf_relay' build argument 'cmake_target' from command line to 'None'
[0.583s] Level 5:colcon.colcon_core.verb:set package 'tf_relay' build argument 'cmake_target_skip_unavailable' from command line to 'False'
[0.583s] Level 5:colcon.colcon_core.verb:set package 'tf_relay' build argument 'cmake_clean_cache' from command line to 'False'
[0.583s] Level 5:colcon.colcon_core.verb:set package 'tf_relay' build argument 'cmake_clean_first' from command line to 'False'
[0.583s] Level 5:colcon.colcon_core.verb:set package 'tf_relay' build argument 'cmake_force_configure' from command line to 'False'
[0.583s] Level 5:colcon.colcon_core.verb:set package 'tf_relay' build argument 'ament_cmake_args' from command line to 'None'
[0.583s] Level 5:colcon.colcon_core.verb:set package 'tf_relay' build argument 'catkin_cmake_args' from command line to 'None'
[0.583s] Level 5:colcon.colcon_core.verb:set package 'tf_relay' build argument 'catkin_skip_building_tests' from command line to 'False'
[0.583s] DEBUG:colcon.colcon_core.verb:Building package 'tf_relay' with the following arguments: {'ament_cmake_args': None, 'build_base': '/home/auro/Auro_Revised/build/tf_relay', 'catkin_cmake_args': None, 'catkin_skip_building_tests': False, 'cmake_args': None, 'cmake_clean_cache': False, 'cmake_clean_first': False, 'cmake_force_configure': False, 'cmake_target': None, 'cmake_target_skip_unavailable': False, 'install_base': '/home/auro/Auro_Revised/install/tf_relay', 'merge_install': False, 'path': '/home/auro/Auro_Revised/tf_relay', 'symlink_install': True, 'test_result_base': None}
[0.584s] Level 5:colcon.colcon_core.verb:set package 'assessment' build argument 'cmake_args' from command line to 'None'
[0.584s] Level 5:colcon.colcon_core.verb:set package 'assessment' build argument 'cmake_target' from command line to 'None'
[0.584s] Level 5:colcon.colcon_core.verb:set package 'assessment' build argument 'cmake_target_skip_unavailable' from command line to 'False'
[0.584s] Level 5:colcon.colcon_core.verb:set package 'assessment' build argument 'cmake_clean_cache' from command line to 'False'
[0.584s] Level 5:colcon.colcon_core.verb:set package 'assessment' build argument 'cmake_clean_first' from command line to 'False'
[0.584s] Level 5:colcon.colcon_core.verb:set package 'assessment' build argument 'cmake_force_configure' from command line to 'False'
[0.584s] Level 5:colcon.colcon_core.verb:set package 'assessment' build argument 'ament_cmake_args' from command line to 'None'
[0.584s] Level 5:colcon.colcon_core.verb:set package 'assessment' build argument 'catkin_cmake_args' from command line to 'None'
[0.584s] Level 5:colcon.colcon_core.verb:set package 'assessment' build argument 'catkin_skip_building_tests' from command line to 'False'
[0.584s] DEBUG:colcon.colcon_core.verb:Building package 'assessment' with the following arguments: {'ament_cmake_args': None, 'build_base': '/home/auro/Auro_Revised/build/assessment', 'catkin_cmake_args': None, 'catkin_skip_building_tests': False, 'cmake_args': None, 'cmake_clean_cache': False, 'cmake_clean_first': False, 'cmake_force_configure': False, 'cmake_target': None, 'cmake_target_skip_unavailable': False, 'install_base': '/home/auro/Auro_Revised/install/assessment', 'merge_install': False, 'path': '/home/auro/Auro_Revised/assessment', 'symlink_install': True, 'test_result_base': None}
[0.584s] INFO:colcon.colcon_core.executor:Executing jobs using 'parallel' executor
[0.586s] DEBUG:colcon.colcon_parallel_executor.executor.parallel:run_until_complete
[0.587s] INFO:colcon.colcon_ros.task.ament_cmake.build:Building ROS package in '/home/auro/Auro_Revised/auro_interfaces' with build type 'ament_cmake'
[0.587s] INFO:colcon.colcon_cmake.task.cmake.build:Building CMake package in '/home/auro/Auro_Revised/auro_interfaces'
[0.590s] INFO:colcon.colcon_core.plugin_system:Skipping extension 'colcon_core.shell.bat': Not used on non-Windows systems
[0.590s] INFO:colcon.colcon_core.shell:Skip shell extension 'powershell' for command environment: Not usable outside of PowerShell
[0.590s] DEBUG:colcon.colcon_core.shell:Skip shell extension 'dsv' for command environment
[0.598s] INFO:colcon.colcon_ros.task.ament_cmake.build:Building ROS package in '/home/auro/Auro_Revised/assessment_interfaces' with build type 'ament_cmake'
[0.598s] INFO:colcon.colcon_cmake.task.cmake.build:Building CMake package in '/home/auro/Auro_Revised/assessment_interfaces'
[0.598s] INFO:colcon.colcon_core.shell:Skip shell extension 'powershell' for command environment: Not usable outside of PowerShell
[0.598s] DEBUG:colcon.colcon_core.shell:Skip shell extension 'dsv' for command environment
[0.606s] INFO:colcon.colcon_ros.task.ament_python.build:Building ROS package in '/home/auro/Auro_Revised/solution' with build type 'ament_python'
[0.607s] Level 1:colcon.colcon_core.shell:create_environment_hook('solution', 'ament_prefix_path')
[0.608s] INFO:colcon.colcon_core.shell:Creating environment hook '/home/auro/Auro_Revised/install/solution/share/solution/hook/ament_prefix_path.ps1'
[0.610s] INFO:colcon.colcon_core.shell:Creating environment descriptor '/home/auro/Auro_Revised/install/solution/share/solution/hook/ament_prefix_path.dsv'
[0.611s] INFO:colcon.colcon_core.shell:Creating environment hook '/home/auro/Auro_Revised/install/solution/share/solution/hook/ament_prefix_path.sh'
[0.613s] INFO:colcon.colcon_core.shell:Skip shell extension 'powershell' for command environment: Not usable outside of PowerShell
[0.613s] DEBUG:colcon.colcon_core.shell:Skip shell extension 'dsv' for command environment
[0.621s] INFO:colcon.colcon_ros.task.ament_python.build:Building ROS package in '/home/auro/Auro_Revised/tf_relay' with build type 'ament_python'
[0.622s] Level 1:colcon.colcon_core.shell:create_environment_hook('tf_relay', 'ament_prefix_path')
[0.622s] INFO:colcon.colcon_core.shell:Creating environment hook '/home/auro/Auro_Revised/install/tf_relay/share/tf_relay/hook/ament_prefix_path.ps1'
[0.623s] INFO:colcon.colcon_core.shell:Creating environment descriptor '/home/auro/Auro_Revised/install/tf_relay/share/tf_relay/hook/ament_prefix_path.dsv'
[0.624s] INFO:colcon.colcon_core.shell:Creating environment hook '/home/auro/Auro_Revised/install/tf_relay/share/tf_relay/hook/ament_prefix_path.sh'
[0.625s] INFO:colcon.colcon_core.shell:Skip shell extension 'powershell' for command environment: Not usable outside of PowerShell
[0.625s] DEBUG:colcon.colcon_core.shell:Skip shell extension 'dsv' for command environment
[0.655s] DEBUG:colcon.colcon_core.event_handler.log_command:Invoking command in '/home/auro/Auro_Revised/build/auro_interfaces': CMAKE_PREFIX_PATH=${CMAKE_PREFIX_PATH}:/home/auro/Auro_Revised/install/tf_relay:/home/auro/Auro_Revised/install/solution:/home/auro/Auro_Revised/install/assessment:/home/auro/turtlebot3_ws/install/turtlebot3_teleop:/home/auro/turtlebot3_ws/install/turtlebot3_example:/opt/ros/humble /usr/bin/cmake --build /home/auro/Auro_Revised/build/auro_interfaces -- -j4 -l4
[0.655s] DEBUG:colcon.colcon_core.event_handler.log_command:Invoking command in '/home/auro/Auro_Revised/build/assessment_interfaces': CMAKE_PREFIX_PATH=${CMAKE_PREFIX_PATH}:/home/auro/Auro_Revised/install/tf_relay:/home/auro/Auro_Revised/install/solution:/home/auro/Auro_Revised/install/assessment:/home/auro/turtlebot3_ws/install/turtlebot3_teleop:/home/auro/turtlebot3_ws/install/turtlebot3_example:/opt/ros/humble /usr/bin/cmake --build /home/auro/Auro_Revised/build/assessment_interfaces -- -j4 -l4
[1.090s] INFO:colcon.colcon_core.task.python.build:Building Python package in '/home/auro/Auro_Revised/solution'
[1.090s] INFO:colcon.colcon_core.shell:Skip shell extension 'powershell' for command environment: Not usable outside of PowerShell
[1.090s] DEBUG:colcon.colcon_core.shell:Skip shell extension 'dsv' for command environment
[1.599s] INFO:colcon.colcon_core.task.python.build:Building Python package in '/home/auro/Auro_Revised/tf_relay'
[1.600s] INFO:colcon.colcon_core.shell:Skip shell extension 'powershell' for command environment: Not usable outside of PowerShell
[1.600s] DEBUG:colcon.colcon_core.shell:Skip shell extension 'dsv' for command environment
[1.927s] DEBUG:colcon.colcon_core.event_handler.log_command:Invoked command in '/home/auro/Auro_Revised/build/assessment_interfaces' returned '0': CMAKE_PREFIX_PATH=${CMAKE_PREFIX_PATH}:/home/auro/Auro_Revised/install/tf_relay:/home/auro/Auro_Revised/install/solution:/home/auro/Auro_Revised/install/assessment:/home/auro/turtlebot3_ws/install/turtlebot3_teleop:/home/auro/turtlebot3_ws/install/turtlebot3_example:/opt/ros/humble /usr/bin/cmake --build /home/auro/Auro_Revised/build/assessment_interfaces -- -j4 -l4
[2.031s] DEBUG:colcon.colcon_core.event_handler.log_command:Invoked command in '/home/auro/Auro_Revised/build/auro_interfaces' returned '0': CMAKE_PREFIX_PATH=${CMAKE_PREFIX_PATH}:/home/auro/Auro_Revised/install/tf_relay:/home/auro/Auro_Revised/install/solution:/home/auro/Auro_Revised/install/assessment:/home/auro/turtlebot3_ws/install/turtlebot3_teleop:/home/auro/turtlebot3_ws/install/turtlebot3_example:/opt/ros/humble /usr/bin/cmake --build /home/auro/Auro_Revised/build/auro_interfaces -- -j4 -l4
[2.326s] DEBUG:colcon.colcon_core.event_handler.log_command:Invoking command in '/home/auro/Auro_Revised/build/tf_relay': PYTHONPATH=/home/auro/Auro_Revised/build/tf_relay/prefix_override:/usr/lib/python3/dist-packages/colcon_core/task/python/colcon_distutils_commands:/home/auro/Auro_Revised/install/tf_relay/lib/python3.10/site-packages:${PYTHONPATH} /usr/bin/python3 -W ignore:setup.py install is deprecated setup.py develop --editable --build-directory /home/auro/Auro_Revised/build/tf_relay/build --no-deps symlink_data
[2.345s] DEBUG:colcon.colcon_core.event_handler.log_command:Invoking command in '/home/auro/Auro_Revised/build/solution': PYTHONPATH=/home/auro/Auro_Revised/build/solution/prefix_override:/usr/lib/python3/dist-packages/colcon_core/task/python/colcon_distutils_commands:/home/auro/Auro_Revised/install/solution/lib/python3.10/site-packages:${PYTHONPATH} /usr/bin/python3 -W ignore:setup.py install is deprecated setup.py develop --editable --build-directory /home/auro/Auro_Revised/build/solution/build --no-deps symlink_data
[2.553s] DEBUG:colcon.colcon_core.event_handler.log_command:Invoking command in '/home/auro/Auro_Revised/build/assessment_interfaces': CMAKE_PREFIX_PATH=${CMAKE_PREFIX_PATH}:/home/auro/Auro_Revised/install/tf_relay:/home/auro/Auro_Revised/install/solution:/home/auro/Auro_Revised/install/assessment:/home/auro/turtlebot3_ws/install/turtlebot3_teleop:/home/auro/turtlebot3_ws/install/turtlebot3_example:/opt/ros/humble /usr/bin/cmake --install /home/auro/Auro_Revised/build/assessment_interfaces
[2.763s] Level 1:colcon.colcon_core.environment:create_environment_scripts_only(assessment_interfaces)
[2.767s] Level 1:colcon.colcon_core.environment:checking '/home/auro/Auro_Revised/install/assessment_interfaces' for CMake module files
[2.768s] Level 1:colcon.colcon_core.environment:checking '/home/auro/Auro_Revised/install/assessment_interfaces' for CMake config files
[2.770s] Level 1:colcon.colcon_core.shell:create_environment_hook('assessment_interfaces', 'cmake_prefix_path')
[2.771s] INFO:colcon.colcon_core.shell:Creating environment hook '/home/auro/Auro_Revised/install/assessment_interfaces/share/assessment_interfaces/hook/cmake_prefix_path.ps1'
[2.772s] INFO:colcon.colcon_core.shell:Creating environment descriptor '/home/auro/Auro_Revised/install/assessment_interfaces/share/assessment_interfaces/hook/cmake_prefix_path.dsv'
[2.773s] INFO:colcon.colcon_core.shell:Creating environment hook '/home/auro/Auro_Revised/install/assessment_interfaces/share/assessment_interfaces/hook/cmake_prefix_path.sh'
[2.776s] Level 1:colcon.colcon_core.environment:checking '/home/auro/Auro_Revised/install/assessment_interfaces/lib'
[2.776s] Level 1:colcon.colcon_core.shell:create_environment_hook('assessment_interfaces', 'ld_library_path_lib')
[2.776s] INFO:colcon.colcon_core.shell:Creating environment hook '/home/auro/Auro_Revised/install/assessment_interfaces/share/assessment_interfaces/hook/ld_library_path_lib.ps1'
[2.777s] INFO:colcon.colcon_core.shell:Creating environment descriptor '/home/auro/Auro_Revised/install/assessment_interfaces/share/assessment_interfaces/hook/ld_library_path_lib.dsv'
[2.778s] INFO:colcon.colcon_core.shell:Creating environment hook '/home/auro/Auro_Revised/install/assessment_interfaces/share/assessment_interfaces/hook/ld_library_path_lib.sh'
[2.778s] Level 1:colcon.colcon_core.environment:checking '/home/auro/Auro_Revised/install/assessment_interfaces/bin'
[2.778s] Level 1:colcon.colcon_core.environment:checking '/home/auro/Auro_Revised/install/assessment_interfaces/lib/pkgconfig/assessment_interfaces.pc'
[2.779s] Level 1:colcon.colcon_core.environment:checking '/home/auro/Auro_Revised/install/assessment_interfaces/lib/python3.10/site-packages'
[2.779s] Level 1:colcon.colcon_core.environment:checking '/home/auro/Auro_Revised/install/assessment_interfaces/bin'
[2.780s] INFO:colcon.colcon_core.shell:Creating package script '/home/auro/Auro_Revised/install/assessment_interfaces/share/assessment_interfaces/package.ps1'
[2.781s] INFO:colcon.colcon_core.shell:Creating package descriptor '/home/auro/Auro_Revised/install/assessment_interfaces/share/assessment_interfaces/package.dsv'
[2.782s] INFO:colcon.colcon_core.shell:Creating package script '/home/auro/Auro_Revised/install/assessment_interfaces/share/assessment_interfaces/package.sh'
[2.783s] INFO:colcon.colcon_core.shell:Creating package script '/home/auro/Auro_Revised/install/assessment_interfaces/share/assessment_interfaces/package.bash'
[2.785s] INFO:colcon.colcon_core.shell:Creating package script '/home/auro/Auro_Revised/install/assessment_interfaces/share/assessment_interfaces/package.zsh'
[2.786s] Level 1:colcon.colcon_core.environment:create_file_with_runtime_dependencies(/home/auro/Auro_Revised/install/assessment_interfaces/share/colcon-core/packages/assessment_interfaces)
[2.823s] DEBUG:colcon.colcon_core.event_handler.log_command:Invoked command in '/home/auro/Auro_Revised/build/assessment_interfaces' returned '0': CMAKE_PREFIX_PATH=${CMAKE_PREFIX_PATH}:/home/auro/Auro_Revised/install/tf_relay:/home/auro/Auro_Revised/install/solution:/home/auro/Auro_Revised/install/assessment:/home/auro/turtlebot3_ws/install/turtlebot3_teleop:/home/auro/turtlebot3_ws/install/turtlebot3_example:/opt/ros/humble /usr/bin/cmake --install /home/auro/Auro_Revised/build/assessment_interfaces
[3.019s] DEBUG:colcon.colcon_core.event_handler.log_command:Invoking command in '/home/auro/Auro_Revised/build/auro_interfaces': CMAKE_PREFIX_PATH=${CMAKE_PREFIX_PATH}:/home/auro/Auro_Revised/install/tf_relay:/home/auro/Auro_Revised/install/solution:/home/auro/Auro_Revised/install/assessment:/home/auro/turtlebot3_ws/install/turtlebot3_teleop:/home/auro/turtlebot3_ws/install/turtlebot3_example:/opt/ros/humble /usr/bin/cmake --install /home/auro/Auro_Revised/build/auro_interfaces
[3.158s] Level 1:colcon.colcon_core.shell:create_environment_hook('tf_relay', 'pythonpath_develop')
[3.158s] INFO:colcon.colcon_core.shell:Creating environment hook '/home/auro/Auro_Revised/build/tf_relay/share/tf_relay/hook/pythonpath_develop.ps1'
[3.160s] DEBUG:colcon.colcon_core.event_handler.log_command:Invoked command in '/home/auro/Auro_Revised/build/tf_relay' returned '0': PYTHONPATH=/home/auro/Auro_Revised/build/tf_relay/prefix_override:/usr/lib/python3/dist-packages/colcon_core/task/python/colcon_distutils_commands:/home/auro/Auro_Revised/install/tf_relay/lib/python3.10/site-packages:${PYTHONPATH} /usr/bin/python3 -W ignore:setup.py install is deprecated setup.py develop --editable --build-directory /home/auro/Auro_Revised/build/tf_relay/build --no-deps symlink_data
[3.161s] INFO:colcon.colcon_core.shell:Creating environment descriptor '/home/auro/Auro_Revised/build/tf_relay/share/tf_relay/hook/pythonpath_develop.dsv'
[3.164s] INFO:colcon.colcon_core.shell:Creating environment hook '/home/auro/Auro_Revised/build/tf_relay/share/tf_relay/hook/pythonpath_develop.sh'
[3.166s] Level 1:colcon.colcon_core.environment:checking '/home/auro/Auro_Revised/install/tf_relay' for CMake module files
[3.167s] Level 1:colcon.colcon_core.environment:checking '/home/auro/Auro_Revised/install/tf_relay' for CMake config files
[3.168s] Level 1:colcon.colcon_core.environment:checking '/home/auro/Auro_Revised/install/tf_relay/lib'
[3.169s] Level 1:colcon.colcon_core.environment:checking '/home/auro/Auro_Revised/install/tf_relay/bin'
[3.169s] Level 1:colcon.colcon_core.environment:checking '/home/auro/Auro_Revised/install/tf_relay/lib/pkgconfig/tf_relay.pc'
[3.170s] Level 1:colcon.colcon_core.environment:checking '/home/auro/Auro_Revised/install/tf_relay/lib/python3.10/site-packages'
[3.170s] Level 1:colcon.colcon_core.shell:create_environment_hook('tf_relay', 'pythonpath')
[3.170s] INFO:colcon.colcon_core.shell:Creating environment hook '/home/auro/Auro_Revised/install/tf_relay/share/tf_relay/hook/pythonpath.ps1'
[3.171s] INFO:colcon.colcon_core.shell:Creating environment descriptor '/home/auro/Auro_Revised/install/tf_relay/share/tf_relay/hook/pythonpath.dsv'
[3.172s] INFO:colcon.colcon_core.shell:Creating environment hook '/home/auro/Auro_Revised/install/tf_relay/share/tf_relay/hook/pythonpath.sh'
[3.174s] Level 1:colcon.colcon_core.environment:checking '/home/auro/Auro_Revised/install/tf_relay/bin'
[3.174s] Level 1:colcon.colcon_core.environment:create_environment_scripts_only(tf_relay)
[3.175s] INFO:colcon.colcon_core.shell:Creating package script '/home/auro/Auro_Revised/install/tf_relay/share/tf_relay/package.ps1'
[3.177s] INFO:colcon.colcon_core.shell:Creating package descriptor '/home/auro/Auro_Revised/install/tf_relay/share/tf_relay/package.dsv'
[3.178s] INFO:colcon.colcon_core.shell:Creating package script '/home/auro/Auro_Revised/install/tf_relay/share/tf_relay/package.sh'
[3.178s] INFO:colcon.colcon_core.shell:Creating package script '/home/auro/Auro_Revised/install/tf_relay/share/tf_relay/package.bash'
[3.179s] INFO:colcon.colcon_core.shell:Creating package script '/home/auro/Auro_Revised/install/tf_relay/share/tf_relay/package.zsh'
[3.180s] Level 1:colcon.colcon_core.environment:create_file_with_runtime_dependencies(/home/auro/Auro_Revised/install/tf_relay/share/colcon-core/packages/tf_relay)
[3.265s] Level 1:colcon.colcon_core.environment:create_environment_scripts_only(auro_interfaces)
[3.265s] DEBUG:colcon.colcon_core.event_handler.log_command:Invoked command in '/home/auro/Auro_Revised/build/auro_interfaces' returned '0': CMAKE_PREFIX_PATH=${CMAKE_PREFIX_PATH}:/home/auro/Auro_Revised/install/tf_relay:/home/auro/Auro_Revised/install/solution:/home/auro/Auro_Revised/install/assessment:/home/auro/turtlebot3_ws/install/turtlebot3_teleop:/home/auro/turtlebot3_ws/install/turtlebot3_example:/opt/ros/humble /usr/bin/cmake --install /home/auro/Auro_Revised/build/auro_interfaces
[3.266s] Level 1:colcon.colcon_core.environment:checking '/home/auro/Auro_Revised/install/auro_interfaces' for CMake module files
[3.269s] Level 1:colcon.colcon_core.environment:checking '/home/auro/Auro_Revised/install/auro_interfaces' for CMake config files
[3.271s] Level 1:colcon.colcon_core.shell:create_environment_hook('auro_interfaces', 'cmake_prefix_path')
[3.272s] INFO:colcon.colcon_core.shell:Creating environment hook '/home/auro/Auro_Revised/install/auro_interfaces/share/auro_interfaces/hook/cmake_prefix_path.ps1'
[3.274s] INFO:colcon.colcon_core.shell:Creating environment descriptor '/home/auro/Auro_Revised/install/auro_interfaces/share/auro_interfaces/hook/cmake_prefix_path.dsv'
[3.274s] INFO:colcon.colcon_core.shell:Creating environment hook '/home/auro/Auro_Revised/install/auro_interfaces/share/auro_interfaces/hook/cmake_prefix_path.sh'
[3.275s] Level 1:colcon.colcon_core.environment:checking '/home/auro/Auro_Revised/install/auro_interfaces/lib'
[3.276s] Level 1:colcon.colcon_core.shell:create_environment_hook('auro_interfaces', 'ld_library_path_lib')
[3.276s] INFO:colcon.colcon_core.shell:Creating environment hook '/home/auro/Auro_Revised/install/auro_interfaces/share/auro_interfaces/hook/ld_library_path_lib.ps1'
[3.277s] INFO:colcon.colcon_core.shell:Creating environment descriptor '/home/auro/Auro_Revised/install/auro_interfaces/share/auro_interfaces/hook/ld_library_path_lib.dsv'
[3.277s] INFO:colcon.colcon_core.shell:Creating environment hook '/home/auro/Auro_Revised/install/auro_interfaces/share/auro_interfaces/hook/ld_library_path_lib.sh'
[3.278s] Level 1:colcon.colcon_core.environment:checking '/home/auro/Auro_Revised/install/auro_interfaces/bin'
[3.278s] Level 1:colcon.colcon_core.environment:checking '/home/auro/Auro_Revised/install/auro_interfaces/lib/pkgconfig/auro_interfaces.pc'
[3.278s] Level 1:colcon.colcon_core.environment:checking '/home/auro/Auro_Revised/install/auro_interfaces/lib/python3.10/site-packages'
[3.279s] Level 1:colcon.colcon_core.environment:checking '/home/auro/Auro_Revised/install/auro_interfaces/bin'
[3.280s] INFO:colcon.colcon_core.shell:Creating package script '/home/auro/Auro_Revised/install/auro_interfaces/share/auro_interfaces/package.ps1'
[3.281s] INFO:colcon.colcon_core.shell:Creating package descriptor '/home/auro/Auro_Revised/install/auro_interfaces/share/auro_interfaces/package.dsv'
[3.283s] INFO:colcon.colcon_core.shell:Creating package script '/home/auro/Auro_Revised/install/auro_interfaces/share/auro_interfaces/package.sh'
[3.284s] INFO:colcon.colcon_core.shell:Creating package script '/home/auro/Auro_Revised/install/auro_interfaces/share/auro_interfaces/package.bash'
[3.285s] INFO:colcon.colcon_core.shell:Creating package script '/home/auro/Auro_Revised/install/auro_interfaces/share/auro_interfaces/package.zsh'
[3.286s] Level 1:colcon.colcon_core.environment:create_file_with_runtime_dependencies(/home/auro/Auro_Revised/install/auro_interfaces/share/colcon-core/packages/auro_interfaces)
[3.291s] Level 1:colcon.colcon_core.shell:create_environment_hook('solution', 'pythonpath_develop')
[3.291s] DEBUG:colcon.colcon_core.event_handler.log_command:Invoked command in '/home/auro/Auro_Revised/build/solution' returned '0': PYTHONPATH=/home/auro/Auro_Revised/build/solution/prefix_override:/usr/lib/python3/dist-packages/colcon_core/task/python/colcon_distutils_commands:/home/auro/Auro_Revised/install/solution/lib/python3.10/site-packages:${PYTHONPATH} /usr/bin/python3 -W ignore:setup.py install is deprecated setup.py develop --editable --build-directory /home/auro/Auro_Revised/build/solution/build --no-deps symlink_data
[3.292s] INFO:colcon.colcon_core.shell:Creating environment hook '/home/auro/Auro_Revised/build/solution/share/solution/hook/pythonpath_develop.ps1'
[3.294s] INFO:colcon.colcon_core.shell:Creating environment descriptor '/home/auro/Auro_Revised/build/solution/share/solution/hook/pythonpath_develop.dsv'
[3.294s] INFO:colcon.colcon_core.shell:Creating environment hook '/home/auro/Auro_Revised/build/solution/share/solution/hook/pythonpath_develop.sh'
[3.295s] Level 1:colcon.colcon_core.environment:checking '/home/auro/Auro_Revised/install/solution' for CMake module files
[3.296s] Level 1:colcon.colcon_core.environment:checking '/home/auro/Auro_Revised/install/solution' for CMake config files
[3.297s] Level 1:colcon.colcon_core.environment:checking '/home/auro/Auro_Revised/install/solution/lib'
[3.297s] Level 1:colcon.colcon_core.environment:checking '/home/auro/Auro_Revised/install/solution/bin'
[3.297s] Level 1:colcon.colcon_core.environment:checking '/home/auro/Auro_Revised/install/solution/lib/pkgconfig/solution.pc'
[3.297s] Level 1:colcon.colcon_core.environment:checking '/home/auro/Auro_Revised/install/solution/lib/python3.10/site-packages'
[3.297s] Level 1:colcon.colcon_core.shell:create_environment_hook('solution', 'pythonpath')
[3.298s] INFO:colcon.colcon_core.shell:Creating environment hook '/home/auro/Auro_Revised/install/solution/share/solution/hook/pythonpath.ps1'
[3.299s] INFO:colcon.colcon_core.shell:Creating environment descriptor '/home/auro/Auro_Revised/install/solution/share/solution/hook/pythonpath.dsv'
[3.300s] INFO:colcon.colcon_core.shell:Creating environment hook '/home/auro/Auro_Revised/install/solution/share/solution/hook/pythonpath.sh'
[3.301s] Level 1:colcon.colcon_core.environment:checking '/home/auro/Auro_Revised/install/solution/bin'
[3.302s] Level 1:colcon.colcon_core.environment:create_environment_scripts_only(solution)
[3.302s] INFO:colcon.colcon_core.shell:Creating package script '/home/auro/Auro_Revised/install/solution/share/solution/package.ps1'
[3.303s] INFO:colcon.colcon_core.shell:Creating package descriptor '/home/auro/Auro_Revised/install/solution/share/solution/package.dsv'
[3.304s] INFO:colcon.colcon_core.shell:Creating package script '/home/auro/Auro_Revised/install/solution/share/solution/package.sh'
[3.305s] INFO:colcon.colcon_core.shell:Creating package script '/home/auro/Auro_Revised/install/solution/share/solution/package.bash'
[3.306s] INFO:colcon.colcon_core.shell:Creating package script '/home/auro/Auro_Revised/install/solution/share/solution/package.zsh'
[3.307s] Level 1:colcon.colcon_core.environment:create_file_with_runtime_dependencies(/home/auro/Auro_Revised/install/solution/share/colcon-core/packages/solution)
[3.474s] Level 1:colcon.colcon_core.environment:create_environment_scripts_only(assessment_interfaces)
[3.474s] Level 1:colcon.colcon_core.environment:checking '/home/auro/Auro_Revised/install/assessment_interfaces' for CMake module files
[3.475s] Level 1:colcon.colcon_core.environment:checking '/home/auro/Auro_Revised/install/assessment_interfaces' for CMake config files
[3.477s] Level 1:colcon.colcon_core.shell:create_environment_hook('assessment_interfaces', 'cmake_prefix_path')
[3.478s] INFO:colcon.colcon_core.shell:Creating environment hook '/home/auro/Auro_Revised/install/assessment_interfaces/share/assessment_interfaces/hook/cmake_prefix_path.ps1'
[3.478s] INFO:colcon.colcon_core.shell:Creating environment descriptor '/home/auro/Auro_Revised/install/assessment_interfaces/share/assessment_interfaces/hook/cmake_prefix_path.dsv'
[3.479s] INFO:colcon.colcon_core.shell:Creating environment hook '/home/auro/Auro_Revised/install/assessment_interfaces/share/assessment_interfaces/hook/cmake_prefix_path.sh'
[3.480s] Level 1:colcon.colcon_core.environment:checking '/home/auro/Auro_Revised/install/assessment_interfaces/lib'
[3.480s] Level 1:colcon.colcon_core.shell:create_environment_hook('assessment_interfaces', 'ld_library_path_lib')
[3.480s] INFO:colcon.colcon_core.shell:Creating environment hook '/home/auro/Auro_Revised/install/assessment_interfaces/share/assessment_interfaces/hook/ld_library_path_lib.ps1'
[3.481s] INFO:colcon.colcon_core.shell:Creating environment descriptor '/home/auro/Auro_Revised/install/assessment_interfaces/share/assessment_interfaces/hook/ld_library_path_lib.dsv'
[3.481s] INFO:colcon.colcon_core.shell:Creating environment hook '/home/auro/Auro_Revised/install/assessment_interfaces/share/assessment_interfaces/hook/ld_library_path_lib.sh'
[3.482s] Level 1:colcon.colcon_core.environment:checking '/home/auro/Auro_Revised/install/assessment_interfaces/bin'
[3.482s] Level 1:colcon.colcon_core.environment:checking '/home/auro/Auro_Revised/install/assessment_interfaces/lib/pkgconfig/assessment_interfaces.pc'
[3.482s] Level 1:colcon.colcon_core.environment:checking '/home/auro/Auro_Revised/install/assessment_interfaces/lib/python3.10/site-packages'
[3.483s] Level 1:colcon.colcon_core.environment:checking '/home/auro/Auro_Revised/install/assessment_interfaces/bin'
[3.483s] INFO:colcon.colcon_core.shell:Creating package script '/home/auro/Auro_Revised/install/assessment_interfaces/share/assessment_interfaces/package.ps1'
[3.484s] INFO:colcon.colcon_core.shell:Creating package descriptor '/home/auro/Auro_Revised/install/assessment_interfaces/share/assessment_interfaces/package.dsv'
[3.485s] INFO:colcon.colcon_core.shell:Creating package script '/home/auro/Auro_Revised/install/assessment_interfaces/share/assessment_interfaces/package.sh'
[3.486s] INFO:colcon.colcon_core.shell:Creating package script '/home/auro/Auro_Revised/install/assessment_interfaces/share/assessment_interfaces/package.bash'
[3.487s] INFO:colcon.colcon_core.shell:Creating package script '/home/auro/Auro_Revised/install/assessment_interfaces/share/assessment_interfaces/package.zsh'
[3.487s] Level 1:colcon.colcon_core.environment:create_file_with_runtime_dependencies(/home/auro/Auro_Revised/install/assessment_interfaces/share/colcon-core/packages/assessment_interfaces)
[3.844s] Level 1:colcon.colcon_core.environment:create_environment_scripts_only(auro_interfaces)
[3.845s] Level 1:colcon.colcon_core.environment:checking '/home/auro/Auro_Revised/install/auro_interfaces' for CMake module files
[3.846s] Level 1:colcon.colcon_core.environment:checking '/home/auro/Auro_Revised/install/auro_interfaces' for CMake config files
[3.848s] Level 1:colcon.colcon_core.shell:create_environment_hook('auro_interfaces', 'cmake_prefix_path')
[3.848s] INFO:colcon.colcon_core.shell:Creating environment hook '/home/auro/Auro_Revised/install/auro_interfaces/share/auro_interfaces/hook/cmake_prefix_path.ps1'
[3.849s] INFO:colcon.colcon_core.shell:Creating environment descriptor '/home/auro/Auro_Revised/install/auro_interfaces/share/auro_interfaces/hook/cmake_prefix_path.dsv'
[3.849s] INFO:colcon.colcon_core.shell:Creating environment hook '/home/auro/Auro_Revised/install/auro_interfaces/share/auro_interfaces/hook/cmake_prefix_path.sh'
[3.850s] Level 1:colcon.colcon_core.environment:checking '/home/auro/Auro_Revised/install/auro_interfaces/lib'
[3.850s] Level 1:colcon.colcon_core.shell:create_environment_hook('auro_interfaces', 'ld_library_path_lib')
[3.850s] INFO:colcon.colcon_core.shell:Creating environment hook '/home/auro/Auro_Revised/install/auro_interfaces/share/auro_interfaces/hook/ld_library_path_lib.ps1'
[3.851s] INFO:colcon.colcon_core.shell:Creating environment descriptor '/home/auro/Auro_Revised/install/auro_interfaces/share/auro_interfaces/hook/ld_library_path_lib.dsv'
[3.851s] INFO:colcon.colcon_core.shell:Creating environment hook '/home/auro/Auro_Revised/install/auro_interfaces/share/auro_interfaces/hook/ld_library_path_lib.sh'
[3.852s] Level 1:colcon.colcon_core.environment:checking '/home/auro/Auro_Revised/install/auro_interfaces/bin'
[3.852s] Level 1:colcon.colcon_core.environment:checking '/home/auro/Auro_Revised/install/auro_interfaces/lib/pkgconfig/auro_interfaces.pc'
[3.852s] Level 1:colcon.colcon_core.environment:checking '/home/auro/Auro_Revised/install/auro_interfaces/lib/python3.10/site-packages'
[3.852s] Level 1:colcon.colcon_core.environment:checking '/home/auro/Auro_Revised/install/auro_interfaces/bin'
[3.853s] INFO:colcon.colcon_core.shell:Creating package script '/home/auro/Auro_Revised/install/auro_interfaces/share/auro_interfaces/package.ps1'
[3.854s] INFO:colcon.colcon_core.shell:Creating package descriptor '/home/auro/Auro_Revised/install/auro_interfaces/share/auro_interfaces/package.dsv'
[3.854s] INFO:colcon.colcon_core.shell:Creating package script '/home/auro/Auro_Revised/install/auro_interfaces/share/auro_interfaces/package.sh'
[3.855s] INFO:colcon.colcon_core.shell:Creating package script '/home/auro/Auro_Revised/install/auro_interfaces/share/auro_interfaces/package.bash'
[3.856s] INFO:colcon.colcon_core.shell:Creating package script '/home/auro/Auro_Revised/install/auro_interfaces/share/auro_interfaces/package.zsh'
[3.857s] Level 1:colcon.colcon_core.environment:create_file_with_runtime_dependencies(/home/auro/Auro_Revised/install/auro_interfaces/share/colcon-core/packages/auro_interfaces)
[3.857s] INFO:colcon.colcon_ros.task.ament_python.build:Building ROS package in '/home/auro/Auro_Revised/assessment' with build type 'ament_python'
[3.857s] Level 1:colcon.colcon_core.shell:create_environment_hook('assessment', 'ament_prefix_path')
[3.858s] INFO:colcon.colcon_core.shell:Creating environment hook '/home/auro/Auro_Revised/install/assessment/share/assessment/hook/ament_prefix_path.ps1'
[3.859s] INFO:colcon.colcon_core.shell:Creating environment descriptor '/home/auro/Auro_Revised/install/assessment/share/assessment/hook/ament_prefix_path.dsv'
[3.860s] INFO:colcon.colcon_core.shell:Creating environment hook '/home/auro/Auro_Revised/install/assessment/share/assessment/hook/ament_prefix_path.sh'
[3.861s] INFO:colcon.colcon_core.shell:Skip shell extension 'powershell' for command environment: Not usable outside of PowerShell
[3.861s] DEBUG:colcon.colcon_core.shell:Skip shell extension 'dsv' for command environment
[4.290s] INFO:colcon.colcon_core.task.python.build:Building Python package in '/home/auro/Auro_Revised/assessment'
[4.291s] INFO:colcon.colcon_core.shell:Skip shell extension 'powershell' for command environment: Not usable outside of PowerShell
[4.291s] DEBUG:colcon.colcon_core.shell:Skip shell extension 'dsv' for command environment
[4.840s] DEBUG:colcon.colcon_core.event_handler.log_command:Invoking command in '/home/auro/Auro_Revised/build/assessment': LD_LIBRARY_PATH=/home/auro/Auro_Revised/install/auro_interfaces/lib:/home/auro/Auro_Revised/install/assessment_interfaces/lib:/home/auro/turtlebot3_ws/install/turtlebot3_msgs/lib:/home/auro/turtlebot3_ws/install/dynamixel_sdk_custom_interfaces/lib:/home/auro/turtlebot3_ws/install/dynamixel_sdk/lib:/usr/lib/x86_64-linux-gnu/gazebo-11/plugins:/opt/ros/humble/opt/rviz_ogre_vendor/lib:/opt/ros/humble/lib/x86_64-linux-gnu:/opt/ros/humble/lib:/usr/lib/x86_64-linux-gnu/gazebo-11/plugins PYTHONPATH=/home/auro/Auro_Revised/build/assessment/prefix_override:/usr/lib/python3/dist-packages/colcon_core/task/python/colcon_distutils_commands:/home/auro/Auro_Revised/install/assessment/lib/python3.10/site-packages:${PYTHONPATH} /usr/bin/python3 -W ignore:setup.py install is deprecated setup.py develop --editable --build-directory /home/auro/Auro_Revised/build/assessment/build --no-deps symlink_data
[5.536s] Level 1:colcon.colcon_core.shell:create_environment_hook('assessment', 'pythonpath_develop')
[5.537s] INFO:colcon.colcon_core.shell:Creating environment hook '/home/auro/Auro_Revised/build/assessment/share/assessment/hook/pythonpath_develop.ps1'
[5.538s] DEBUG:colcon.colcon_core.event_handler.log_command:Invoked command in '/home/auro/Auro_Revised/build/assessment' returned '0': LD_LIBRARY_PATH=/home/auro/Auro_Revised/install/auro_interfaces/lib:/home/auro/Auro_Revised/install/assessment_interfaces/lib:/home/auro/turtlebot3_ws/install/turtlebot3_msgs/lib:/home/auro/turtlebot3_ws/install/dynamixel_sdk_custom_interfaces/lib:/home/auro/turtlebot3_ws/install/dynamixel_sdk/lib:/usr/lib/x86_64-linux-gnu/gazebo-11/plugins:/opt/ros/humble/opt/rviz_ogre_vendor/lib:/opt/ros/humble/lib/x86_64-linux-gnu:/opt/ros/humble/lib:/usr/lib/x86_64-linux-gnu/gazebo-11/plugins PYTHONPATH=/home/auro/Auro_Revised/build/assessment/prefix_override:/usr/lib/python3/dist-packages/colcon_core/task/python/colcon_distutils_commands:/home/auro/Auro_Revised/install/assessment/lib/python3.10/site-packages:${PYTHONPATH} /usr/bin/python3 -W ignore:setup.py install is deprecated setup.py develop --editable --build-directory /home/auro/Auro_Revised/build/assessment/build --no-deps symlink_data
[5.539s] INFO:colcon.colcon_core.shell:Creating environment descriptor '/home/auro/Auro_Revised/build/assessment/share/assessment/hook/pythonpath_develop.dsv'
[5.540s] INFO:colcon.colcon_core.shell:Creating environment hook '/home/auro/Auro_Revised/build/assessment/share/assessment/hook/pythonpath_develop.sh'
[5.541s] Level 1:colcon.colcon_core.environment:checking '/home/auro/Auro_Revised/install/assessment' for CMake module files
[5.541s] Level 1:colcon.colcon_core.environment:checking '/home/auro/Auro_Revised/install/assessment' for CMake config files
[5.542s] Level 1:colcon.colcon_core.environment:checking '/home/auro/Auro_Revised/install/assessment/lib'
[5.542s] Level 1:colcon.colcon_core.environment:checking '/home/auro/Auro_Revised/install/assessment/bin'
[5.542s] Level 1:colcon.colcon_core.environment:checking '/home/auro/Auro_Revised/install/assessment/lib/pkgconfig/assessment.pc'
[5.543s] Level 1:colcon.colcon_core.environment:checking '/home/auro/Auro_Revised/install/assessment/lib/python3.10/site-packages'
[5.543s] Level 1:colcon.colcon_core.shell:create_environment_hook('assessment', 'pythonpath')
[5.543s] INFO:colcon.colcon_core.shell:Creating environment hook '/home/auro/Auro_Revised/install/assessment/share/assessment/hook/pythonpath.ps1'
[5.544s] INFO:colcon.colcon_core.shell:Creating environment descriptor '/home/auro/Auro_Revised/install/assessment/share/assessment/hook/pythonpath.dsv'
[5.544s] INFO:colcon.colcon_core.shell:Creating environment hook '/home/auro/Auro_Revised/install/assessment/share/assessment/hook/pythonpath.sh'
[5.545s] Level 1:colcon.colcon_core.environment:checking '/home/auro/Auro_Revised/install/assessment/bin'
[5.545s] Level 1:colcon.colcon_core.environment:create_environment_scripts_only(assessment)
[5.546s] INFO:colcon.colcon_core.shell:Creating package script '/home/auro/Auro_Revised/install/assessment/share/assessment/package.ps1'
[5.546s] INFO:colcon.colcon_core.shell:Creating package descriptor '/home/auro/Auro_Revised/install/assessment/share/assessment/package.dsv'
[5.547s] INFO:colcon.colcon_core.shell:Creating package script '/home/auro/Auro_Revised/install/assessment/share/assessment/package.sh'
[5.547s] INFO:colcon.colcon_core.shell:Creating package script '/home/auro/Auro_Revised/install/assessment/share/assessment/package.bash'
[5.548s] INFO:colcon.colcon_core.shell:Creating package script '/home/auro/Auro_Revised/install/assessment/share/assessment/package.zsh'
[5.548s] Level 1:colcon.colcon_core.environment:create_file_with_runtime_dependencies(/home/auro/Auro_Revised/install/assessment/share/colcon-core/packages/assessment)
[5.548s] DEBUG:colcon.colcon_parallel_executor.executor.parallel:closing loop
[5.549s] DEBUG:colcon.colcon_parallel_executor.executor.parallel:loop closed
[5.549s] DEBUG:colcon.colcon_parallel_executor.executor.parallel:run_until_complete finished with '0'
[5.549s] DEBUG:colcon.colcon_core.event_reactor:joining thread
[5.557s] INFO:colcon.colcon_core.plugin_system:Skipping extension 'colcon_notification.desktop_notification.terminal_notifier': Not used on non-Darwin systems
[5.557s] INFO:colcon.colcon_core.plugin_system:Skipping extension 'colcon_notification.desktop_notification.win32': Not used on non-Windows systems
[5.558s] INFO:colcon.colcon_notification.desktop_notification:Sending desktop notification using 'notify2'
[5.573s] DEBUG:colcon.colcon_core.event_reactor:joined thread
[5.573s] INFO:colcon.colcon_core.shell:Creating prefix script '/home/auro/Auro_Revised/install/local_setup.ps1'
[5.575s] INFO:colcon.colcon_core.shell:Creating prefix util module '/home/auro/Auro_Revised/install/_local_setup_util_ps1.py'
[5.577s] INFO:colcon.colcon_core.shell:Creating prefix chain script '/home/auro/Auro_Revised/install/setup.ps1'
[5.580s] INFO:colcon.colcon_core.shell:Creating prefix script '/home/auro/Auro_Revised/install/local_setup.sh'
[5.580s] INFO:colcon.colcon_core.shell:Creating prefix util module '/home/auro/Auro_Revised/install/_local_setup_util_sh.py'
[5.581s] INFO:colcon.colcon_core.shell:Creating prefix chain script '/home/auro/Auro_Revised/install/setup.sh'
[5.583s] INFO:colcon.colcon_core.shell:Creating prefix script '/home/auro/Auro_Revised/install/local_setup.bash'
[5.584s] INFO:colcon.colcon_core.shell:Creating prefix chain script '/home/auro/Auro_Revised/install/setup.bash'
[5.586s] INFO:colcon.colcon_core.shell:Creating prefix script '/home/auro/Auro_Revised/install/local_setup.zsh'
[5.588s] INFO:colcon.colcon_core.shell:Creating prefix chain script '/home/auro/Auro_Revised/install/setup.zsh'
