[1.637s] Invoking command in '/home/auro/AURO-Revised/build/solution': PYTHONPATH=/home/auro/AURO-Revised/build/solution/prefix_override:/usr/lib/python3/dist-packages/colcon_core/task/python/colcon_distutils_commands:/home/auro/AURO-Revised/install/solution/lib/python3.10/site-packages:${PYTHONPATH} /usr/bin/python3 -W ignore:setup.py install is deprecated setup.py develop --editable --build-directory /home/auro/AURO-Revised/build/solution/build --no-deps symlink_data
[2.132s] running develop
[2.436s] running egg_info
[2.437s] writing solution.egg-info/PKG-INFO
[2.438s] writing dependency_links to solution.egg-info/dependency_links.txt
[2.439s] writing entry points to solution.egg-info/entry_points.txt
[2.439s] writing requirements to solution.egg-info/requires.txt
[2.440s] writing top-level names to solution.egg-info/top_level.txt
[2.444s] reading manifest file 'solution.egg-info/SOURCES.txt'
[2.446s] writing manifest file 'solution.egg-info/SOURCES.txt'
[2.450s] running build_ext
[2.450s] Creating /home/auro/AURO-Revised/install/solution/lib/python3.10/site-packages/solution.egg-link (link to .)
[2.451s] Installing collision_avoidance script to /home/auro/AURO-Revised/install/solution/lib/solution
[2.451s] Installing data_logger script to /home/auro/AURO-Revised/install/solution/lib/solution
[2.456s] Installing navigation script to /home/auro/AURO-Revised/install/solution/lib/solution
[2.456s] Installing robot_controller script to /home/auro/AURO-Revised/install/solution/lib/solution
[2.456s] Installing robot_manager script to /home/auro/AURO-Revised/install/solution/lib/solution
[2.456s] Installing robot_vision script to /home/auro/AURO-Revised/install/solution/lib/solution
[2.456s] 
[2.456s] Installed /home/auro/AURO-Revised/build/solution
[2.456s] running symlink_data
[2.518s] Invoked command in '/home/auro/AURO-Revised/build/solution' returned '0': PYTHONPATH=/home/auro/AURO-Revised/build/solution/prefix_override:/usr/lib/python3/dist-packages/colcon_core/task/python/colcon_distutils_commands:/home/auro/AURO-Revised/install/solution/lib/python3.10/site-packages:${PYTHONPATH} /usr/bin/python3 -W ignore:setup.py install is deprecated setup.py develop --editable --build-directory /home/auro/AURO-Revised/build/solution/build --no-deps symlink_data
