[1.874s] Invoking command in '/home/auro/Auro/build/solution': PYTHONPATH=/home/auro/Auro/build/solution/prefix_override:/usr/lib/python3/dist-packages/colcon_core/task/python/colcon_distutils_commands:/home/auro/Auro/install/solution/lib/python3.10/site-packages:${PYTHONPATH} /usr/bin/python3 -W ignore:setup.py install is deprecated setup.py develop --editable --build-directory /home/auro/Auro/build/solution/build --no-deps symlink_data
[2.445s] running develop
[2.816s] running egg_info
[2.816s] writing solution.egg-info/PKG-INFO
[2.816s] writing dependency_links to solution.egg-info/dependency_links.txt
[2.816s] writing entry points to solution.egg-info/entry_points.txt
[2.821s] writing requirements to solution.egg-info/requires.txt
[2.821s] writing top-level names to solution.egg-info/top_level.txt
[2.828s] reading manifest file 'solution.egg-info/SOURCES.txt'
[2.829s] writing manifest file 'solution.egg-info/SOURCES.txt'
[2.833s] running build_ext
[2.836s] Creating /home/auro/Auro/install/solution/lib/python3.10/site-packages/solution.egg-link (link to .)
[2.837s] Installing collision_avoidance script to /home/auro/Auro/install/solution/lib/solution
[2.838s] Installing data_logger script to /home/auro/Auro/install/solution/lib/solution
[2.839s] Installing robot_controller script to /home/auro/Auro/install/solution/lib/solution
[2.840s] Installing robot_manager script to /home/auro/Auro/install/solution/lib/solution
[2.843s] Installing robot_vision script to /home/auro/Auro/install/solution/lib/solution
[2.843s] 
[2.843s] Installed /home/auro/Auro/build/solution
[2.843s] running symlink_data
[2.964s] Invoked command in '/home/auro/Auro/build/solution' returned '0': PYTHONPATH=/home/auro/Auro/build/solution/prefix_override:/usr/lib/python3/dist-packages/colcon_core/task/python/colcon_distutils_commands:/home/auro/Auro/install/solution/lib/python3.10/site-packages:${PYTHONPATH} /usr/bin/python3 -W ignore:setup.py install is deprecated setup.py develop --editable --build-directory /home/auro/Auro/build/solution/build --no-deps symlink_data
