2025-01-15 21:02:42,431 - navigation robot1 - INFO - Starting: GO_TO_TARGET
2025-01-15 21:02:42,698 - navigation robot1 - INFO - 4.669999999999999
2025-01-15 21:02:48,041 - navigation robot1 - INFO - Feedback: Current position: (-3.0743566246961644, 1.983445777353484, 0.010000000000000002)
2025-01-15 21:32:29,346 - navigation robot1 - INFO - Starting: GO_TO_TARGET
2025-01-15 21:32:29,658 - navigation robot1 - INFO - 5.222499999999999
2025-01-15 21:47:52,111 - navigation robot1 - INFO - Starting: GO_TO_TARGET
2025-01-15 21:47:52,384 - navigation robot1 - INFO - 5.222499999999999
2025-01-15 21:48:12,616 - navigation robot1 - INFO - Feedback: Current position: (-3.0711122218588733, 1.119740057387145, 0.009999999999999998
2025-01-15 21:48:30,282 - navigation robot1 - INFO - Feedback: Current position: (-2.5971635559901136, 1.2974428039141102, 0.01
2025-01-15 21:48:45,654 - navigation robot1 - INFO - Feedback: Current position: (-2.1643005608148655, 1.4801120896852866, 0.010000000000000002
2025-01-15 21:49:02,569 - navigation robot1 - INFO - Feedback: Current position: (-1.6805717841851358, 1.6855715406577216, 0.009999999999999998
2025-01-15 21:49:22,071 - navigation robot1 - INFO - Feedback: Current position: (-1.2100325568649253, 1.8615763582154758, 0.010000000000000004
2025-01-15 21:49:37,205 - navigation robot1 - INFO - Feedback: Current position: (-0.730584311484185, 1.9365429786455564, 0.010000000000000002
2025-01-15 21:49:57,044 - navigation robot1 - INFO - Feedback: Current position: (-0.24167746212447438, 1.9317044961757803, 0.01
2025-01-15 21:50:16,412 - navigation robot1 - INFO - Feedback: Current position: (0.2545240991133917, 1.9415122122045907, 0.010000000000000002
2025-01-15 21:50:31,979 - navigation robot1 - INFO - Feedback: Current position: (0.7551489937739371, 1.9419384347402604, 0.01
2025-01-15 21:50:44,742 - navigation robot1 - INFO - Feedback: Current position: (1.241814779149045, 1.9038824000029217, 0.010000000000000002
2025-01-15 21:50:53,959 - navigation robot1 - INFO - Result: Target Reached
2025-01-15 21:50:53,965 - navigation robot1 - INFO - Movement call back
2025-01-15 21:50:53,965 - navigation robot1 - INFO - State.GO_TO_TARGET
2025-01-15 21:50:54,902 - navigation robot1 - INFO - Started finding target
2025-01-15 21:52:16,814 - navigation robot1 - INFO - Starting: GO_TO_TARGET
2025-01-15 21:52:17,158 - navigation robot1 - INFO - 1.000566037735849
2025-01-15 21:52:32,523 - navigation robot1 - INFO - Feedback: Current position: (1.8681964384221388, 1.533332307437966, 0.010000000000000002
2025-01-15 21:52:43,987 - navigation robot1 - INFO - Feedback: Current position: (2.1433891207852103, 1.2404310956547016, 0.01
2025-01-15 21:52:57,549 - navigation robot1 - INFO - Feedback: Current position: (2.168565699467091, 1.2373521923881665, 0.01
2025-01-15 21:53:10,865 - navigation robot1 - INFO - Feedback: Current position: (2.181146492209904, 1.2375563032548176, 0.009999999999999998
2025-01-15 21:53:22,743 - navigation robot1 - INFO - Result: Target Reached
2025-01-15 21:53:22,744 - navigation robot1 - INFO - Movement call back
2025-01-15 21:53:22,744 - navigation robot1 - INFO - State.GO_TO_TARGET
2025-01-15 21:53:24,969 - navigation robot1 - INFO - going to zone
2025-01-15 21:53:25,021 - navigation robot1 - INFO - goal
2025-01-15 21:53:25,616 - navigation robot1 - INFO - going to zone
2025-01-15 21:53:40,282 - navigation robot1 - INFO - Feedback: Current position: (2.4176516608130845, 1.5952101625081907, 0.010000000000000002
2025-01-15 21:53:51,506 - navigation robot1 - INFO - Feedback: Current position: (2.4751334419673503, 1.9760979896783804, 0.009999999999999998
2025-01-15 21:57:59,172 - navigation robot1 - INFO - Starting: GO_TO_TARGET
2025-01-15 21:57:59,483 - navigation robot1 - INFO - 5.222499999999999
2025-01-15 21:58:11,013 - navigation robot1 - INFO - Feedback: Current position: (-3.058614324869863, 1.1223137051779641, 0.010000000000000002
2025-01-15 22:13:36,874 - navigation robot1 - INFO - Starting: GO_TO_TARGET
2025-01-15 22:13:36,875 - navigation robot1 - INFO - 4.669999999999999
2025-01-15 22:14:02,524 - navigation robot1 - INFO - Feedback: Current position: (-3.0388952211849847, 1.9857387072230996, 0.010000000000000005
2025-01-15 22:14:26,235 - navigation robot1 - INFO - Feedback: Current position: (-2.5545703643711932, 1.9712968377735018, 0.009999999999999997
2025-01-15 22:14:41,958 - navigation robot1 - INFO - Feedback: Current position: (-2.0640081513453414, 1.9455740515381592, 0.01
2025-01-15 22:15:00,481 - navigation robot1 - INFO - Feedback: Current position: (-1.6329959933718197, 1.9607962114420774, 0.010000000000000002
