[0.174s] DEBUG:colcon:Command line arguments: ['/usr/bin/colcon', 'build', '--symlink-install']
[0.174s] DEBUG:colcon:Parsed command line arguments: Namespace(log_base=None, log_level=None, verb_name='build', build_base='build', install_base='install', merge_install=False, symlink_install=True, test_result_base=None, continue_on_error=False, executor='parallel', parallel_workers=4, event_handlers=None, ignore_user_meta=False, metas=['./colcon.meta'], base_paths=['.'], packages_ignore=None, packages_ignore_regex=None, paths=None, packages_up_to=None, packages_up_to_regex=None, packages_above=None, packages_above_and_dependencies=None, packages_above_depth=None, packages_select_by_dep=None, packages_skip_by_dep=None, packages_skip_up_to=None, packages_select_build_failed=False, packages_skip_build_finished=False, packages_select_test_failures=False, packages_skip_test_passed=False, packages_select=None, packages_skip=None, packages_select_regex=None, packages_skip_regex=None, packages_start=None, packages_end=None, allow_overriding=[], cmake_args=None, cmake_target=None, cmake_target_skip_unavailable=False, cmake_clean_cache=False, cmake_clean_first=False, cmake_force_configure=False, ament_cmake_args=None, catkin_cmake_args=None, catkin_skip_building_tests=False, mixin_files=None, mixin=None, verb_parser=<colcon_mixin.mixin.mixin_argument.MixinArgumentDecorator object at 0x7351122ac0a0>, verb_extension=<colcon_core.verb.build.BuildVerb object at 0x73511220b100>, main=<bound method BuildVerb.main of <colcon_core.verb.build.BuildVerb object at 0x73511220b100>>, mixin_verb=('build',))
[0.403s] Level 1:colcon.colcon_core.package_discovery:discover_packages(colcon_meta) check parameters
[0.403s] Level 1:colcon.colcon_core.package_discovery:discover_packages(recursive) check parameters
[0.403s] Level 1:colcon.colcon_core.package_discovery:discover_packages(ignore) check parameters
[0.404s] Level 1:colcon.colcon_core.package_discovery:discover_packages(path) check parameters
[0.404s] Level 1:colcon.colcon_core.package_discovery:discover_packages(colcon_meta) discover
[0.404s] Level 1:colcon.colcon_core.package_discovery:discover_packages(recursive) discover
[0.404s] INFO:colcon.colcon_core.package_discovery:Crawling recursively for packages in '/home/auro/Auro_Revised'
[0.404s] Level 1:colcon.colcon_core.package_identification:_identify(.) by extensions ['ignore', 'ignore_ament_install']
[0.404s] Level 1:colcon.colcon_core.package_identification:_identify(.) by extension 'ignore'
[0.404s] Level 1:colcon.colcon_core.package_identification:_identify(.) by extension 'ignore_ament_install'
[0.404s] Level 1:colcon.colcon_core.package_identification:_identify(.) by extensions ['colcon_pkg']
[0.404s] Level 1:colcon.colcon_core.package_identification:_identify(.) by extension 'colcon_pkg'
[0.404s] Level 1:colcon.colcon_core.package_identification:_identify(.) by extensions ['colcon_meta']
[0.404s] Level 1:colcon.colcon_core.package_identification:_identify(.) by extension 'colcon_meta'
[0.404s] Level 1:colcon.colcon_core.package_identification:_identify(.) by extensions ['ros']
[0.405s] Level 1:colcon.colcon_core.package_identification:_identify(.) by extension 'ros'
[0.442s] Level 1:colcon.colcon_core.package_identification:_identify(.) by extensions ['cmake', 'python']
[0.442s] Level 1:colcon.colcon_core.package_identification:_identify(.) by extension 'cmake'
[0.443s] Level 1:colcon.colcon_core.package_identification:_identify(.) by extension 'python'
[0.443s] Level 1:colcon.colcon_core.package_identification:_identify(.) by extensions ['python_setup_py']
[0.443s] Level 1:colcon.colcon_core.package_identification:_identify(.) by extension 'python_setup_py'
[0.443s] Level 1:colcon.colcon_core.package_identification:_identify(assessment) by extensions ['ignore', 'ignore_ament_install']
[0.443s] Level 1:colcon.colcon_core.package_identification:_identify(assessment) by extension 'ignore'
[0.443s] Level 1:colcon.colcon_core.package_identification:_identify(assessment) by extension 'ignore_ament_install'
[0.443s] Level 1:colcon.colcon_core.package_identification:_identify(assessment) by extensions ['colcon_pkg']
[0.443s] Level 1:colcon.colcon_core.package_identification:_identify(assessment) by extension 'colcon_pkg'
[0.443s] Level 1:colcon.colcon_core.package_identification:_identify(assessment) by extensions ['colcon_meta']
[0.443s] Level 1:colcon.colcon_core.package_identification:_identify(assessment) by extension 'colcon_meta'
[0.443s] Level 1:colcon.colcon_core.package_identification:_identify(assessment) by extensions ['ros']
[0.443s] Level 1:colcon.colcon_core.package_identification:_identify(assessment) by extension 'ros'
[0.446s] DEBUG:colcon.colcon_core.package_identification:Package 'assessment' with type 'ros.ament_python' and name 'assessment'
[0.447s] Level 1:colcon.colcon_core.package_identification:_identify(assessment_interfaces) by extensions ['ignore', 'ignore_ament_install']
[0.447s] Level 1:colcon.colcon_core.package_identification:_identify(assessment_interfaces) by extension 'ignore'
[0.447s] Level 1:colcon.colcon_core.package_identification:_identify(assessment_interfaces) by extension 'ignore_ament_install'
[0.447s] Level 1:colcon.colcon_core.package_identification:_identify(assessment_interfaces) by extensions ['colcon_pkg']
[0.447s] Level 1:colcon.colcon_core.package_identification:_identify(assessment_interfaces) by extension 'colcon_pkg'
[0.447s] Level 1:colcon.colcon_core.package_identification:_identify(assessment_interfaces) by extensions ['colcon_meta']
[0.447s] Level 1:colcon.colcon_core.package_identification:_identify(assessment_interfaces) by extension 'colcon_meta'
[0.447s] Level 1:colcon.colcon_core.package_identification:_identify(assessment_interfaces) by extensions ['ros']
[0.447s] Level 1:colcon.colcon_core.package_identification:_identify(assessment_interfaces) by extension 'ros'
[0.448s] DEBUG:colcon.colcon_core.package_identification:Package 'assessment_interfaces' with type 'ros.ament_cmake' and name 'assessment_interfaces'
[0.448s] Level 1:colcon.colcon_core.package_identification:_identify(auro_interfaces) by extensions ['ignore', 'ignore_ament_install']
[0.448s] Level 1:colcon.colcon_core.package_identification:_identify(auro_interfaces) by extension 'ignore'
[0.448s] Level 1:colcon.colcon_core.package_identification:_identify(auro_interfaces) by extension 'ignore_ament_install'
[0.448s] Level 1:colcon.colcon_core.package_identification:_identify(auro_interfaces) by extensions ['colcon_pkg']
[0.448s] Level 1:colcon.colcon_core.package_identification:_identify(auro_interfaces) by extension 'colcon_pkg'
[0.448s] Level 1:colcon.colcon_core.package_identification:_identify(auro_interfaces) by extensions ['colcon_meta']
[0.448s] Level 1:colcon.colcon_core.package_identification:_identify(auro_interfaces) by extension 'colcon_meta'
[0.448s] Level 1:colcon.colcon_core.package_identification:_identify(auro_interfaces) by extensions ['ros']
[0.448s] Level 1:colcon.colcon_core.package_identification:_identify(auro_interfaces) by extension 'ros'
[0.449s] DEBUG:colcon.colcon_core.package_identification:Package 'auro_interfaces' with type 'ros.ament_cmake' and name 'auro_interfaces'
[0.449s] Level 1:colcon.colcon_core.package_identification:_identify(build) by extensions ['ignore', 'ignore_ament_install']
[0.449s] Level 1:colcon.colcon_core.package_identification:_identify(build) by extension 'ignore'
[0.449s] Level 1:colcon.colcon_core.package_identification:_identify(build) ignored
[0.449s] Level 1:colcon.colcon_core.package_identification:_identify(install) by extensions ['ignore', 'ignore_ament_install']
[0.449s] Level 1:colcon.colcon_core.package_identification:_identify(install) by extension 'ignore'
[0.449s] Level 1:colcon.colcon_core.package_identification:_identify(install) ignored
[0.449s] Level 1:colcon.colcon_core.package_identification:_identify(log) by extensions ['ignore', 'ignore_ament_install']
[0.449s] Level 1:colcon.colcon_core.package_identification:_identify(log) by extension 'ignore'
[0.450s] Level 1:colcon.colcon_core.package_identification:_identify(log) ignored
[0.450s] Level 1:colcon.colcon_core.package_identification:_identify(solution) by extensions ['ignore', 'ignore_ament_install']
[0.450s] Level 1:colcon.colcon_core.package_identification:_identify(solution) by extension 'ignore'
[0.450s] Level 1:colcon.colcon_core.package_identification:_identify(solution) by extension 'ignore_ament_install'
[0.450s] Level 1:colcon.colcon_core.package_identification:_identify(solution) by extensions ['colcon_pkg']
[0.450s] Level 1:colcon.colcon_core.package_identification:_identify(solution) by extension 'colcon_pkg'
[0.450s] Level 1:colcon.colcon_core.package_identification:_identify(solution) by extensions ['colcon_meta']
[0.450s] Level 1:colcon.colcon_core.package_identification:_identify(solution) by extension 'colcon_meta'
[0.450s] Level 1:colcon.colcon_core.package_identification:_identify(solution) by extensions ['ros']
[0.450s] Level 1:colcon.colcon_core.package_identification:_identify(solution) by extension 'ros'
[0.451s] DEBUG:colcon.colcon_core.package_identification:Package 'solution' with type 'ros.ament_python' and name 'solution'
[0.451s] Level 1:colcon.colcon_core.package_identification:_identify(tf_relay) by extensions ['ignore', 'ignore_ament_install']
[0.451s] Level 1:colcon.colcon_core.package_identification:_identify(tf_relay) by extension 'ignore'
[0.451s] Level 1:colcon.colcon_core.package_identification:_identify(tf_relay) by extension 'ignore_ament_install'
[0.451s] Level 1:colcon.colcon_core.package_identification:_identify(tf_relay) by extensions ['colcon_pkg']
[0.451s] Level 1:colcon.colcon_core.package_identification:_identify(tf_relay) by extension 'colcon_pkg'
[0.451s] Level 1:colcon.colcon_core.package_identification:_identify(tf_relay) by extensions ['colcon_meta']
[0.451s] Level 1:colcon.colcon_core.package_identification:_identify(tf_relay) by extension 'colcon_meta'
[0.451s] Level 1:colcon.colcon_core.package_identification:_identify(tf_relay) by extensions ['ros']
[0.451s] Level 1:colcon.colcon_core.package_identification:_identify(tf_relay) by extension 'ros'
[0.452s] DEBUG:colcon.colcon_core.package_identification:Package 'tf_relay' with type 'ros.ament_python' and name 'tf_relay'
[0.452s] Level 1:colcon.colcon_core.package_discovery:discover_packages(recursive) using defaults
[0.452s] Level 1:colcon.colcon_core.package_discovery:discover_packages(ignore) discover
[0.452s] Level 1:colcon.colcon_core.package_discovery:discover_packages(ignore) using defaults
[0.452s] Level 1:colcon.colcon_core.package_discovery:discover_packages(path) discover
[0.452s] Level 1:colcon.colcon_core.package_discovery:discover_packages(path) using defaults
[0.482s] Level 1:colcon.colcon_core.package_discovery:discover_packages(prefix_path) check parameters
[0.482s] Level 1:colcon.colcon_core.package_discovery:discover_packages(prefix_path) discover
[0.485s] DEBUG:colcon.colcon_installed_package_information.package_discovery:Found 5 installed packages in /home/auro/Auro_Revised/install
[0.486s] DEBUG:colcon.colcon_installed_package_information.package_discovery:Found 15 installed packages in /home/auro/turtlebot3_ws/install
[0.489s] DEBUG:colcon.colcon_installed_package_information.package_discovery:Found 398 installed packages in /opt/ros/humble
[0.492s] Level 1:colcon.colcon_core.package_discovery:discover_packages(prefix_path) using defaults
[0.574s] Level 5:colcon.colcon_core.verb:set package 'assessment_interfaces' build argument 'cmake_args' from command line to 'None'
[0.574s] Level 5:colcon.colcon_core.verb:set package 'assessment_interfaces' build argument 'cmake_target' from command line to 'None'
[0.574s] Level 5:colcon.colcon_core.verb:set package 'assessment_interfaces' build argument 'cmake_target_skip_unavailable' from command line to 'False'
[0.574s] Level 5:colcon.colcon_core.verb:set package 'assessment_interfaces' build argument 'cmake_clean_cache' from command line to 'False'
[0.574s] Level 5:colcon.colcon_core.verb:set package 'assessment_interfaces' build argument 'cmake_clean_first' from command line to 'False'
[0.574s] Level 5:colcon.colcon_core.verb:set package 'assessment_interfaces' build argument 'cmake_force_configure' from command line to 'False'
[0.574s] Level 5:colcon.colcon_core.verb:set package 'assessment_interfaces' build argument 'ament_cmake_args' from command line to 'None'
[0.574s] Level 5:colcon.colcon_core.verb:set package 'assessment_interfaces' build argument 'catkin_cmake_args' from command line to 'None'
[0.574s] Level 5:colcon.colcon_core.verb:set package 'assessment_interfaces' build argument 'catkin_skip_building_tests' from command line to 'False'
[0.574s] DEBUG:colcon.colcon_core.verb:Building package 'assessment_interfaces' with the following arguments: {'ament_cmake_args': None, 'build_base': '/home/auro/Auro_Revised/build/assessment_interfaces', 'catkin_cmake_args': None, 'catkin_skip_building_tests': False, 'cmake_args': None, 'cmake_clean_cache': False, 'cmake_clean_first': False, 'cmake_force_configure': False, 'cmake_target': None, 'cmake_target_skip_unavailable': False, 'install_base': '/home/auro/Auro_Revised/install/assessment_interfaces', 'merge_install': False, 'path': '/home/auro/Auro_Revised/assessment_interfaces', 'symlink_install': True, 'test_result_base': None}
[0.575s] Level 5:colcon.colcon_core.verb:set package 'auro_interfaces' build argument 'cmake_args' from command line to 'None'
[0.575s] Level 5:colcon.colcon_core.verb:set package 'auro_interfaces' build argument 'cmake_target' from command line to 'None'
[0.575s] Level 5:colcon.colcon_core.verb:set package 'auro_interfaces' build argument 'cmake_target_skip_unavailable' from command line to 'False'
[0.575s] Level 5:colcon.colcon_core.verb:set package 'auro_interfaces' build argument 'cmake_clean_cache' from command line to 'False'
[0.575s] Level 5:colcon.colcon_core.verb:set package 'auro_interfaces' build argument 'cmake_clean_first' from command line to 'False'
[0.575s] Level 5:colcon.colcon_core.verb:set package 'auro_interfaces' build argument 'cmake_force_configure' from command line to 'False'
[0.575s] Level 5:colcon.colcon_core.verb:set package 'auro_interfaces' build argument 'ament_cmake_args' from command line to 'None'
[0.575s] Level 5:colcon.colcon_core.verb:set package 'auro_interfaces' build argument 'catkin_cmake_args' from command line to 'None'
[0.575s] Level 5:colcon.colcon_core.verb:set package 'auro_interfaces' build argument 'catkin_skip_building_tests' from command line to 'False'
[0.575s] DEBUG:colcon.colcon_core.verb:Building package 'auro_interfaces' with the following arguments: {'ament_cmake_args': None, 'build_base': '/home/auro/Auro_Revised/build/auro_interfaces', 'catkin_cmake_args': None, 'catkin_skip_building_tests': False, 'cmake_args': None, 'cmake_clean_cache': False, 'cmake_clean_first': False, 'cmake_force_configure': False, 'cmake_target': None, 'cmake_target_skip_unavailable': False, 'install_base': '/home/auro/Auro_Revised/install/auro_interfaces', 'merge_install': False, 'path': '/home/auro/Auro_Revised/auro_interfaces', 'symlink_install': True, 'test_result_base': None}
[0.576s] Level 5:colcon.colcon_core.verb:set package 'solution' build argument 'cmake_args' from command line to 'None'
[0.576s] Level 5:colcon.colcon_core.verb:set package 'solution' build argument 'cmake_target' from command line to 'None'
[0.576s] Level 5:colcon.colcon_core.verb:set package 'solution' build argument 'cmake_target_skip_unavailable' from command line to 'False'
[0.576s] Level 5:colcon.colcon_core.verb:set package 'solution' build argument 'cmake_clean_cache' from command line to 'False'
[0.576s] Level 5:colcon.colcon_core.verb:set package 'solution' build argument 'cmake_clean_first' from command line to 'False'
[0.576s] Level 5:colcon.colcon_core.verb:set package 'solution' build argument 'cmake_force_configure' from command line to 'False'
[0.576s] Level 5:colcon.colcon_core.verb:set package 'solution' build argument 'ament_cmake_args' from command line to 'None'
[0.576s] Level 5:colcon.colcon_core.verb:set package 'solution' build argument 'catkin_cmake_args' from command line to 'None'
[0.576s] Level 5:colcon.colcon_core.verb:set package 'solution' build argument 'catkin_skip_building_tests' from command line to 'False'
[0.576s] DEBUG:colcon.colcon_core.verb:Building package 'solution' with the following arguments: {'ament_cmake_args': None, 'build_base': '/home/auro/Auro_Revised/build/solution', 'catkin_cmake_args': None, 'catkin_skip_building_tests': False, 'cmake_args': None, 'cmake_clean_cache': False, 'cmake_clean_first': False, 'cmake_force_configure': False, 'cmake_target': None, 'cmake_target_skip_unavailable': False, 'install_base': '/home/auro/Auro_Revised/install/solution', 'merge_install': False, 'path': '/home/auro/Auro_Revised/solution', 'symlink_install': True, 'test_result_base': None}
[0.577s] Level 5:colcon.colcon_core.verb:set package 'tf_relay' build argument 'cmake_args' from command line to 'None'
[0.577s] Level 5:colcon.colcon_core.verb:set package 'tf_relay' build argument 'cmake_target' from command line to 'None'
[0.577s] Level 5:colcon.colcon_core.verb:set package 'tf_relay' build argument 'cmake_target_skip_unavailable' from command line to 'False'
[0.577s] Level 5:colcon.colcon_core.verb:set package 'tf_relay' build argument 'cmake_clean_cache' from command line to 'False'
[0.577s] Level 5:colcon.colcon_core.verb:set package 'tf_relay' build argument 'cmake_clean_first' from command line to 'False'
[0.577s] Level 5:colcon.colcon_core.verb:set package 'tf_relay' build argument 'cmake_force_configure' from command line to 'False'
[0.577s] Level 5:colcon.colcon_core.verb:set package 'tf_relay' build argument 'ament_cmake_args' from command line to 'None'
[0.577s] Level 5:colcon.colcon_core.verb:set package 'tf_relay' build argument 'catkin_cmake_args' from command line to 'None'
[0.577s] Level 5:colcon.colcon_core.verb:set package 'tf_relay' build argument 'catkin_skip_building_tests' from command line to 'False'
[0.577s] DEBUG:colcon.colcon_core.verb:Building package 'tf_relay' with the following arguments: {'ament_cmake_args': None, 'build_base': '/home/auro/Auro_Revised/build/tf_relay', 'catkin_cmake_args': None, 'catkin_skip_building_tests': False, 'cmake_args': None, 'cmake_clean_cache': False, 'cmake_clean_first': False, 'cmake_force_configure': False, 'cmake_target': None, 'cmake_target_skip_unavailable': False, 'install_base': '/home/auro/Auro_Revised/install/tf_relay', 'merge_install': False, 'path': '/home/auro/Auro_Revised/tf_relay', 'symlink_install': True, 'test_result_base': None}
[0.577s] Level 5:colcon.colcon_core.verb:set package 'assessment' build argument 'cmake_args' from command line to 'None'
[0.577s] Level 5:colcon.colcon_core.verb:set package 'assessment' build argument 'cmake_target' from command line to 'None'
[0.577s] Level 5:colcon.colcon_core.verb:set package 'assessment' build argument 'cmake_target_skip_unavailable' from command line to 'False'
[0.577s] Level 5:colcon.colcon_core.verb:set package 'assessment' build argument 'cmake_clean_cache' from command line to 'False'
[0.578s] Level 5:colcon.colcon_core.verb:set package 'assessment' build argument 'cmake_clean_first' from command line to 'False'
[0.578s] Level 5:colcon.colcon_core.verb:set package 'assessment' build argument 'cmake_force_configure' from command line to 'False'
[0.578s] Level 5:colcon.colcon_core.verb:set package 'assessment' build argument 'ament_cmake_args' from command line to 'None'
[0.578s] Level 5:colcon.colcon_core.verb:set package 'assessment' build argument 'catkin_cmake_args' from command line to 'None'
[0.578s] Level 5:colcon.colcon_core.verb:set package 'assessment' build argument 'catkin_skip_building_tests' from command line to 'False'
[0.578s] DEBUG:colcon.colcon_core.verb:Building package 'assessment' with the following arguments: {'ament_cmake_args': None, 'build_base': '/home/auro/Auro_Revised/build/assessment', 'catkin_cmake_args': None, 'catkin_skip_building_tests': False, 'cmake_args': None, 'cmake_clean_cache': False, 'cmake_clean_first': False, 'cmake_force_configure': False, 'cmake_target': None, 'cmake_target_skip_unavailable': False, 'install_base': '/home/auro/Auro_Revised/install/assessment', 'merge_install': False, 'path': '/home/auro/Auro_Revised/assessment', 'symlink_install': True, 'test_result_base': None}
[0.578s] INFO:colcon.colcon_core.executor:Executing jobs using 'parallel' executor
[0.579s] DEBUG:colcon.colcon_parallel_executor.executor.parallel:run_until_complete
[0.580s] INFO:colcon.colcon_ros.task.ament_cmake.build:Building ROS package in '/home/auro/Auro_Revised/auro_interfaces' with build type 'ament_cmake'
[0.580s] INFO:colcon.colcon_cmake.task.cmake.build:Building CMake package in '/home/auro/Auro_Revised/auro_interfaces'
[0.583s] INFO:colcon.colcon_core.plugin_system:Skipping extension 'colcon_core.shell.bat': Not used on non-Windows systems
[0.584s] INFO:colcon.colcon_core.shell:Skip shell extension 'powershell' for command environment: Not usable outside of PowerShell
[0.584s] DEBUG:colcon.colcon_core.shell:Skip shell extension 'dsv' for command environment
[0.592s] INFO:colcon.colcon_ros.task.ament_cmake.build:Building ROS package in '/home/auro/Auro_Revised/assessment_interfaces' with build type 'ament_cmake'
[0.592s] INFO:colcon.colcon_cmake.task.cmake.build:Building CMake package in '/home/auro/Auro_Revised/assessment_interfaces'
[0.593s] INFO:colcon.colcon_core.shell:Skip shell extension 'powershell' for command environment: Not usable outside of PowerShell
[0.593s] DEBUG:colcon.colcon_core.shell:Skip shell extension 'dsv' for command environment
[0.601s] INFO:colcon.colcon_ros.task.ament_python.build:Building ROS package in '/home/auro/Auro_Revised/solution' with build type 'ament_python'
[0.602s] Level 1:colcon.colcon_core.shell:create_environment_hook('solution', 'ament_prefix_path')
[0.602s] INFO:colcon.colcon_core.shell:Creating environment hook '/home/auro/Auro_Revised/install/solution/share/solution/hook/ament_prefix_path.ps1'
[0.603s] INFO:colcon.colcon_core.shell:Creating environment descriptor '/home/auro/Auro_Revised/install/solution/share/solution/hook/ament_prefix_path.dsv'
[0.605s] INFO:colcon.colcon_core.shell:Creating environment hook '/home/auro/Auro_Revised/install/solution/share/solution/hook/ament_prefix_path.sh'
[0.607s] INFO:colcon.colcon_core.shell:Skip shell extension 'powershell' for command environment: Not usable outside of PowerShell
[0.608s] DEBUG:colcon.colcon_core.shell:Skip shell extension 'dsv' for command environment
[0.616s] INFO:colcon.colcon_ros.task.ament_python.build:Building ROS package in '/home/auro/Auro_Revised/tf_relay' with build type 'ament_python'
[0.617s] Level 1:colcon.colcon_core.shell:create_environment_hook('tf_relay', 'ament_prefix_path')
[0.617s] INFO:colcon.colcon_core.shell:Creating environment hook '/home/auro/Auro_Revised/install/tf_relay/share/tf_relay/hook/ament_prefix_path.ps1'
[0.618s] INFO:colcon.colcon_core.shell:Creating environment descriptor '/home/auro/Auro_Revised/install/tf_relay/share/tf_relay/hook/ament_prefix_path.dsv'
[0.619s] INFO:colcon.colcon_core.shell:Creating environment hook '/home/auro/Auro_Revised/install/tf_relay/share/tf_relay/hook/ament_prefix_path.sh'
[0.620s] INFO:colcon.colcon_core.shell:Skip shell extension 'powershell' for command environment: Not usable outside of PowerShell
[0.621s] DEBUG:colcon.colcon_core.shell:Skip shell extension 'dsv' for command environment
[0.647s] DEBUG:colcon.colcon_core.event_handler.log_command:Invoking command in '/home/auro/Auro_Revised/build/auro_interfaces': CMAKE_PREFIX_PATH=${CMAKE_PREFIX_PATH}:/home/auro/Auro_Revised/install/tf_relay:/home/auro/Auro_Revised/install/solution:/home/auro/Auro_Revised/install/assessment:/home/auro/turtlebot3_ws/install/turtlebot3_teleop:/home/auro/turtlebot3_ws/install/turtlebot3_example:/opt/ros/humble /usr/bin/cmake --build /home/auro/Auro_Revised/build/auro_interfaces -- -j4 -l4
[0.653s] DEBUG:colcon.colcon_core.event_handler.log_command:Invoking command in '/home/auro/Auro_Revised/build/assessment_interfaces': CMAKE_PREFIX_PATH=${CMAKE_PREFIX_PATH}:/home/auro/Auro_Revised/install/tf_relay:/home/auro/Auro_Revised/install/solution:/home/auro/Auro_Revised/install/assessment:/home/auro/turtlebot3_ws/install/turtlebot3_teleop:/home/auro/turtlebot3_ws/install/turtlebot3_example:/opt/ros/humble /usr/bin/cmake --build /home/auro/Auro_Revised/build/assessment_interfaces -- -j4 -l4
[1.166s] INFO:colcon.colcon_core.task.python.build:Building Python package in '/home/auro/Auro_Revised/solution'
[1.166s] INFO:colcon.colcon_core.shell:Skip shell extension 'powershell' for command environment: Not usable outside of PowerShell
[1.166s] DEBUG:colcon.colcon_core.shell:Skip shell extension 'dsv' for command environment
[1.625s] INFO:colcon.colcon_core.task.python.build:Building Python package in '/home/auro/Auro_Revised/tf_relay'
[1.625s] INFO:colcon.colcon_core.shell:Skip shell extension 'powershell' for command environment: Not usable outside of PowerShell
[1.625s] DEBUG:colcon.colcon_core.shell:Skip shell extension 'dsv' for command environment
[1.921s] DEBUG:colcon.colcon_core.event_handler.log_command:Invoked command in '/home/auro/Auro_Revised/build/auro_interfaces' returned '0': CMAKE_PREFIX_PATH=${CMAKE_PREFIX_PATH}:/home/auro/Auro_Revised/install/tf_relay:/home/auro/Auro_Revised/install/solution:/home/auro/Auro_Revised/install/assessment:/home/auro/turtlebot3_ws/install/turtlebot3_teleop:/home/auro/turtlebot3_ws/install/turtlebot3_example:/opt/ros/humble /usr/bin/cmake --build /home/auro/Auro_Revised/build/auro_interfaces -- -j4 -l4
[1.973s] DEBUG:colcon.colcon_core.event_handler.log_command:Invoked command in '/home/auro/Auro_Revised/build/assessment_interfaces' returned '0': CMAKE_PREFIX_PATH=${CMAKE_PREFIX_PATH}:/home/auro/Auro_Revised/install/tf_relay:/home/auro/Auro_Revised/install/solution:/home/auro/Auro_Revised/install/assessment:/home/auro/turtlebot3_ws/install/turtlebot3_teleop:/home/auro/turtlebot3_ws/install/turtlebot3_example:/opt/ros/humble /usr/bin/cmake --build /home/auro/Auro_Revised/build/assessment_interfaces -- -j4 -l4
[2.404s] DEBUG:colcon.colcon_core.event_handler.log_command:Invoking command in '/home/auro/Auro_Revised/build/tf_relay': PYTHONPATH=/home/auro/Auro_Revised/build/tf_relay/prefix_override:/usr/lib/python3/dist-packages/colcon_core/task/python/colcon_distutils_commands:/home/auro/Auro_Revised/install/tf_relay/lib/python3.10/site-packages:${PYTHONPATH} /usr/bin/python3 -W ignore:setup.py install is deprecated setup.py develop --editable --build-directory /home/auro/Auro_Revised/build/tf_relay/build --no-deps symlink_data
[2.432s] DEBUG:colcon.colcon_core.event_handler.log_command:Invoking command in '/home/auro/Auro_Revised/build/solution': PYTHONPATH=/home/auro/Auro_Revised/build/solution/prefix_override:/usr/lib/python3/dist-packages/colcon_core/task/python/colcon_distutils_commands:/home/auro/Auro_Revised/install/solution/lib/python3.10/site-packages:${PYTHONPATH} /usr/bin/python3 -W ignore:setup.py install is deprecated setup.py develop --editable --build-directory /home/auro/Auro_Revised/build/solution/build --no-deps symlink_data
[2.678s] DEBUG:colcon.colcon_core.event_handler.log_command:Invoking command in '/home/auro/Auro_Revised/build/assessment_interfaces': CMAKE_PREFIX_PATH=${CMAKE_PREFIX_PATH}:/home/auro/Auro_Revised/install/tf_relay:/home/auro/Auro_Revised/install/solution:/home/auro/Auro_Revised/install/assessment:/home/auro/turtlebot3_ws/install/turtlebot3_teleop:/home/auro/turtlebot3_ws/install/turtlebot3_example:/opt/ros/humble /usr/bin/cmake --install /home/auro/Auro_Revised/build/assessment_interfaces
[2.849s] Level 1:colcon.colcon_core.environment:create_environment_scripts_only(assessment_interfaces)
[2.853s] Level 1:colcon.colcon_core.environment:checking '/home/auro/Auro_Revised/install/assessment_interfaces' for CMake module files
[2.854s] Level 1:colcon.colcon_core.environment:checking '/home/auro/Auro_Revised/install/assessment_interfaces' for CMake config files
[2.857s] Level 1:colcon.colcon_core.shell:create_environment_hook('assessment_interfaces', 'cmake_prefix_path')
[2.857s] INFO:colcon.colcon_core.shell:Creating environment hook '/home/auro/Auro_Revised/install/assessment_interfaces/share/assessment_interfaces/hook/cmake_prefix_path.ps1'
[2.859s] INFO:colcon.colcon_core.shell:Creating environment descriptor '/home/auro/Auro_Revised/install/assessment_interfaces/share/assessment_interfaces/hook/cmake_prefix_path.dsv'
[2.859s] DEBUG:colcon.colcon_core.event_handler.log_command:Invoked command in '/home/auro/Auro_Revised/build/assessment_interfaces' returned '0': CMAKE_PREFIX_PATH=${CMAKE_PREFIX_PATH}:/home/auro/Auro_Revised/install/tf_relay:/home/auro/Auro_Revised/install/solution:/home/auro/Auro_Revised/install/assessment:/home/auro/turtlebot3_ws/install/turtlebot3_teleop:/home/auro/turtlebot3_ws/install/turtlebot3_example:/opt/ros/humble /usr/bin/cmake --install /home/auro/Auro_Revised/build/assessment_interfaces
[2.860s] INFO:colcon.colcon_core.shell:Creating environment hook '/home/auro/Auro_Revised/install/assessment_interfaces/share/assessment_interfaces/hook/cmake_prefix_path.sh'
[2.862s] Level 1:colcon.colcon_core.environment:checking '/home/auro/Auro_Revised/install/assessment_interfaces/lib'
[2.862s] Level 1:colcon.colcon_core.shell:create_environment_hook('assessment_interfaces', 'ld_library_path_lib')
[2.862s] INFO:colcon.colcon_core.shell:Creating environment hook '/home/auro/Auro_Revised/install/assessment_interfaces/share/assessment_interfaces/hook/ld_library_path_lib.ps1'
[2.863s] INFO:colcon.colcon_core.shell:Creating environment descriptor '/home/auro/Auro_Revised/install/assessment_interfaces/share/assessment_interfaces/hook/ld_library_path_lib.dsv'
[2.864s] INFO:colcon.colcon_core.shell:Creating environment hook '/home/auro/Auro_Revised/install/assessment_interfaces/share/assessment_interfaces/hook/ld_library_path_lib.sh'
[2.865s] Level 1:colcon.colcon_core.environment:checking '/home/auro/Auro_Revised/install/assessment_interfaces/bin'
[2.865s] Level 1:colcon.colcon_core.environment:checking '/home/auro/Auro_Revised/install/assessment_interfaces/lib/pkgconfig/assessment_interfaces.pc'
[2.865s] Level 1:colcon.colcon_core.environment:checking '/home/auro/Auro_Revised/install/assessment_interfaces/lib/python3.10/site-packages'
[2.866s] Level 1:colcon.colcon_core.environment:checking '/home/auro/Auro_Revised/install/assessment_interfaces/bin'
[2.866s] INFO:colcon.colcon_core.shell:Creating package script '/home/auro/Auro_Revised/install/assessment_interfaces/share/assessment_interfaces/package.ps1'
[2.868s] INFO:colcon.colcon_core.shell:Creating package descriptor '/home/auro/Auro_Revised/install/assessment_interfaces/share/assessment_interfaces/package.dsv'
[2.869s] INFO:colcon.colcon_core.shell:Creating package script '/home/auro/Auro_Revised/install/assessment_interfaces/share/assessment_interfaces/package.sh'
[2.870s] INFO:colcon.colcon_core.shell:Creating package script '/home/auro/Auro_Revised/install/assessment_interfaces/share/assessment_interfaces/package.bash'
[2.872s] INFO:colcon.colcon_core.shell:Creating package script '/home/auro/Auro_Revised/install/assessment_interfaces/share/assessment_interfaces/package.zsh'
[2.873s] Level 1:colcon.colcon_core.environment:create_file_with_runtime_dependencies(/home/auro/Auro_Revised/install/assessment_interfaces/share/colcon-core/packages/assessment_interfaces)
[2.920s] DEBUG:colcon.colcon_core.event_handler.log_command:Invoking command in '/home/auro/Auro_Revised/build/auro_interfaces': CMAKE_PREFIX_PATH=${CMAKE_PREFIX_PATH}:/home/auro/Auro_Revised/install/tf_relay:/home/auro/Auro_Revised/install/solution:/home/auro/Auro_Revised/install/assessment:/home/auro/turtlebot3_ws/install/turtlebot3_teleop:/home/auro/turtlebot3_ws/install/turtlebot3_example:/opt/ros/humble /usr/bin/cmake --install /home/auro/Auro_Revised/build/auro_interfaces
[3.134s] Level 1:colcon.colcon_core.environment:create_environment_scripts_only(auro_interfaces)
[3.135s] Level 1:colcon.colcon_core.environment:checking '/home/auro/Auro_Revised/install/auro_interfaces' for CMake module files
[3.136s] Level 1:colcon.colcon_core.environment:checking '/home/auro/Auro_Revised/install/auro_interfaces' for CMake config files
[3.139s] Level 1:colcon.colcon_core.shell:create_environment_hook('auro_interfaces', 'cmake_prefix_path')
[3.139s] INFO:colcon.colcon_core.shell:Creating environment hook '/home/auro/Auro_Revised/install/auro_interfaces/share/auro_interfaces/hook/cmake_prefix_path.ps1'
[3.140s] INFO:colcon.colcon_core.shell:Creating environment descriptor '/home/auro/Auro_Revised/install/auro_interfaces/share/auro_interfaces/hook/cmake_prefix_path.dsv'
[3.141s] DEBUG:colcon.colcon_core.event_handler.log_command:Invoked command in '/home/auro/Auro_Revised/build/auro_interfaces' returned '0': CMAKE_PREFIX_PATH=${CMAKE_PREFIX_PATH}:/home/auro/Auro_Revised/install/tf_relay:/home/auro/Auro_Revised/install/solution:/home/auro/Auro_Revised/install/assessment:/home/auro/turtlebot3_ws/install/turtlebot3_teleop:/home/auro/turtlebot3_ws/install/turtlebot3_example:/opt/ros/humble /usr/bin/cmake --install /home/auro/Auro_Revised/build/auro_interfaces
[3.141s] INFO:colcon.colcon_core.shell:Creating environment hook '/home/auro/Auro_Revised/install/auro_interfaces/share/auro_interfaces/hook/cmake_prefix_path.sh'
[3.143s] Level 1:colcon.colcon_core.environment:checking '/home/auro/Auro_Revised/install/auro_interfaces/lib'
[3.143s] Level 1:colcon.colcon_core.shell:create_environment_hook('auro_interfaces', 'ld_library_path_lib')
[3.143s] INFO:colcon.colcon_core.shell:Creating environment hook '/home/auro/Auro_Revised/install/auro_interfaces/share/auro_interfaces/hook/ld_library_path_lib.ps1'
[3.144s] INFO:colcon.colcon_core.shell:Creating environment descriptor '/home/auro/Auro_Revised/install/auro_interfaces/share/auro_interfaces/hook/ld_library_path_lib.dsv'
[3.144s] INFO:colcon.colcon_core.shell:Creating environment hook '/home/auro/Auro_Revised/install/auro_interfaces/share/auro_interfaces/hook/ld_library_path_lib.sh'
[3.145s] Level 1:colcon.colcon_core.environment:checking '/home/auro/Auro_Revised/install/auro_interfaces/bin'
[3.145s] Level 1:colcon.colcon_core.environment:checking '/home/auro/Auro_Revised/install/auro_interfaces/lib/pkgconfig/auro_interfaces.pc'
[3.146s] Level 1:colcon.colcon_core.environment:checking '/home/auro/Auro_Revised/install/auro_interfaces/lib/python3.10/site-packages'
[3.146s] Level 1:colcon.colcon_core.environment:checking '/home/auro/Auro_Revised/install/auro_interfaces/bin'
[3.147s] INFO:colcon.colcon_core.shell:Creating package script '/home/auro/Auro_Revised/install/auro_interfaces/share/auro_interfaces/package.ps1'
[3.148s] INFO:colcon.colcon_core.shell:Creating package descriptor '/home/auro/Auro_Revised/install/auro_interfaces/share/auro_interfaces/package.dsv'
[3.149s] INFO:colcon.colcon_core.shell:Creating package script '/home/auro/Auro_Revised/install/auro_interfaces/share/auro_interfaces/package.sh'
[3.150s] INFO:colcon.colcon_core.shell:Creating package script '/home/auro/Auro_Revised/install/auro_interfaces/share/auro_interfaces/package.bash'
[3.151s] INFO:colcon.colcon_core.shell:Creating package script '/home/auro/Auro_Revised/install/auro_interfaces/share/auro_interfaces/package.zsh'
[3.152s] Level 1:colcon.colcon_core.environment:create_file_with_runtime_dependencies(/home/auro/Auro_Revised/install/auro_interfaces/share/colcon-core/packages/auro_interfaces)
[3.187s] Level 1:colcon.colcon_core.shell:create_environment_hook('tf_relay', 'pythonpath_develop')
[3.188s] DEBUG:colcon.colcon_core.event_handler.log_command:Invoked command in '/home/auro/Auro_Revised/build/tf_relay' returned '0': PYTHONPATH=/home/auro/Auro_Revised/build/tf_relay/prefix_override:/usr/lib/python3/dist-packages/colcon_core/task/python/colcon_distutils_commands:/home/auro/Auro_Revised/install/tf_relay/lib/python3.10/site-packages:${PYTHONPATH} /usr/bin/python3 -W ignore:setup.py install is deprecated setup.py develop --editable --build-directory /home/auro/Auro_Revised/build/tf_relay/build --no-deps symlink_data
[3.189s] INFO:colcon.colcon_core.shell:Creating environment hook '/home/auro/Auro_Revised/build/tf_relay/share/tf_relay/hook/pythonpath_develop.ps1'
[3.192s] INFO:colcon.colcon_core.shell:Creating environment descriptor '/home/auro/Auro_Revised/build/tf_relay/share/tf_relay/hook/pythonpath_develop.dsv'
[3.194s] INFO:colcon.colcon_core.shell:Creating environment hook '/home/auro/Auro_Revised/build/tf_relay/share/tf_relay/hook/pythonpath_develop.sh'
[3.195s] Level 1:colcon.colcon_core.environment:checking '/home/auro/Auro_Revised/install/tf_relay' for CMake module files
[3.196s] Level 1:colcon.colcon_core.environment:checking '/home/auro/Auro_Revised/install/tf_relay' for CMake config files
[3.197s] Level 1:colcon.colcon_core.environment:checking '/home/auro/Auro_Revised/install/tf_relay/lib'
[3.197s] Level 1:colcon.colcon_core.environment:checking '/home/auro/Auro_Revised/install/tf_relay/bin'
[3.197s] Level 1:colcon.colcon_core.environment:checking '/home/auro/Auro_Revised/install/tf_relay/lib/pkgconfig/tf_relay.pc'
[3.197s] Level 1:colcon.colcon_core.environment:checking '/home/auro/Auro_Revised/install/tf_relay/lib/python3.10/site-packages'
[3.197s] Level 1:colcon.colcon_core.shell:create_environment_hook('tf_relay', 'pythonpath')
[3.203s] INFO:colcon.colcon_core.shell:Creating environment hook '/home/auro/Auro_Revised/install/tf_relay/share/tf_relay/hook/pythonpath.ps1'
[3.206s] INFO:colcon.colcon_core.shell:Creating environment descriptor '/home/auro/Auro_Revised/install/tf_relay/share/tf_relay/hook/pythonpath.dsv'
[3.208s] INFO:colcon.colcon_core.shell:Creating environment hook '/home/auro/Auro_Revised/install/tf_relay/share/tf_relay/hook/pythonpath.sh'
[3.210s] Level 1:colcon.colcon_core.environment:checking '/home/auro/Auro_Revised/install/tf_relay/bin'
[3.212s] Level 1:colcon.colcon_core.environment:create_environment_scripts_only(tf_relay)
[3.213s] INFO:colcon.colcon_core.shell:Creating package script '/home/auro/Auro_Revised/install/tf_relay/share/tf_relay/package.ps1'
[3.214s] INFO:colcon.colcon_core.shell:Creating package descriptor '/home/auro/Auro_Revised/install/tf_relay/share/tf_relay/package.dsv'
[3.216s] INFO:colcon.colcon_core.shell:Creating package script '/home/auro/Auro_Revised/install/tf_relay/share/tf_relay/package.sh'
[3.217s] INFO:colcon.colcon_core.shell:Creating package script '/home/auro/Auro_Revised/install/tf_relay/share/tf_relay/package.bash'
[3.218s] INFO:colcon.colcon_core.shell:Creating package script '/home/auro/Auro_Revised/install/tf_relay/share/tf_relay/package.zsh'
[3.219s] Level 1:colcon.colcon_core.environment:create_file_with_runtime_dependencies(/home/auro/Auro_Revised/install/tf_relay/share/colcon-core/packages/tf_relay)
[3.319s] Level 1:colcon.colcon_core.shell:create_environment_hook('solution', 'pythonpath_develop')
[3.319s] INFO:colcon.colcon_core.shell:Creating environment hook '/home/auro/Auro_Revised/build/solution/share/solution/hook/pythonpath_develop.ps1'
[3.321s] DEBUG:colcon.colcon_core.event_handler.log_command:Invoked command in '/home/auro/Auro_Revised/build/solution' returned '0': PYTHONPATH=/home/auro/Auro_Revised/build/solution/prefix_override:/usr/lib/python3/dist-packages/colcon_core/task/python/colcon_distutils_commands:/home/auro/Auro_Revised/install/solution/lib/python3.10/site-packages:${PYTHONPATH} /usr/bin/python3 -W ignore:setup.py install is deprecated setup.py develop --editable --build-directory /home/auro/Auro_Revised/build/solution/build --no-deps symlink_data
[3.322s] INFO:colcon.colcon_core.shell:Creating environment descriptor '/home/auro/Auro_Revised/build/solution/share/solution/hook/pythonpath_develop.dsv'
[3.323s] INFO:colcon.colcon_core.shell:Creating environment hook '/home/auro/Auro_Revised/build/solution/share/solution/hook/pythonpath_develop.sh'
[3.324s] Level 1:colcon.colcon_core.environment:checking '/home/auro/Auro_Revised/install/solution' for CMake module files
[3.325s] Level 1:colcon.colcon_core.environment:checking '/home/auro/Auro_Revised/install/solution' for CMake config files
[3.327s] Level 1:colcon.colcon_core.environment:checking '/home/auro/Auro_Revised/install/solution/lib'
[3.327s] Level 1:colcon.colcon_core.environment:checking '/home/auro/Auro_Revised/install/solution/bin'
[3.327s] Level 1:colcon.colcon_core.environment:checking '/home/auro/Auro_Revised/install/solution/lib/pkgconfig/solution.pc'
[3.327s] Level 1:colcon.colcon_core.environment:checking '/home/auro/Auro_Revised/install/solution/lib/python3.10/site-packages'
[3.327s] Level 1:colcon.colcon_core.shell:create_environment_hook('solution', 'pythonpath')
[3.328s] INFO:colcon.colcon_core.shell:Creating environment hook '/home/auro/Auro_Revised/install/solution/share/solution/hook/pythonpath.ps1'
[3.329s] INFO:colcon.colcon_core.shell:Creating environment descriptor '/home/auro/Auro_Revised/install/solution/share/solution/hook/pythonpath.dsv'
[3.335s] INFO:colcon.colcon_core.shell:Creating environment hook '/home/auro/Auro_Revised/install/solution/share/solution/hook/pythonpath.sh'
[3.338s] Level 1:colcon.colcon_core.environment:checking '/home/auro/Auro_Revised/install/solution/bin'
[3.338s] Level 1:colcon.colcon_core.environment:create_environment_scripts_only(solution)
[3.339s] INFO:colcon.colcon_core.shell:Creating package script '/home/auro/Auro_Revised/install/solution/share/solution/package.ps1'
[3.340s] INFO:colcon.colcon_core.shell:Creating package descriptor '/home/auro/Auro_Revised/install/solution/share/solution/package.dsv'
[3.342s] INFO:colcon.colcon_core.shell:Creating package script '/home/auro/Auro_Revised/install/solution/share/solution/package.sh'
[3.343s] INFO:colcon.colcon_core.shell:Creating package script '/home/auro/Auro_Revised/install/solution/share/solution/package.bash'
[3.344s] INFO:colcon.colcon_core.shell:Creating package script '/home/auro/Auro_Revised/install/solution/share/solution/package.zsh'
[3.346s] Level 1:colcon.colcon_core.environment:create_file_with_runtime_dependencies(/home/auro/Auro_Revised/install/solution/share/colcon-core/packages/solution)
[3.573s] Level 1:colcon.colcon_core.environment:create_environment_scripts_only(assessment_interfaces)
[3.574s] Level 1:colcon.colcon_core.environment:checking '/home/auro/Auro_Revised/install/assessment_interfaces' for CMake module files
[3.575s] Level 1:colcon.colcon_core.environment:checking '/home/auro/Auro_Revised/install/assessment_interfaces' for CMake config files
[3.577s] Level 1:colcon.colcon_core.shell:create_environment_hook('assessment_interfaces', 'cmake_prefix_path')
[3.578s] INFO:colcon.colcon_core.shell:Creating environment hook '/home/auro/Auro_Revised/install/assessment_interfaces/share/assessment_interfaces/hook/cmake_prefix_path.ps1'
[3.579s] INFO:colcon.colcon_core.shell:Creating environment descriptor '/home/auro/Auro_Revised/install/assessment_interfaces/share/assessment_interfaces/hook/cmake_prefix_path.dsv'
[3.580s] INFO:colcon.colcon_core.shell:Creating environment hook '/home/auro/Auro_Revised/install/assessment_interfaces/share/assessment_interfaces/hook/cmake_prefix_path.sh'
[3.581s] Level 1:colcon.colcon_core.environment:checking '/home/auro/Auro_Revised/install/assessment_interfaces/lib'
[3.581s] Level 1:colcon.colcon_core.shell:create_environment_hook('assessment_interfaces', 'ld_library_path_lib')
[3.582s] INFO:colcon.colcon_core.shell:Creating environment hook '/home/auro/Auro_Revised/install/assessment_interfaces/share/assessment_interfaces/hook/ld_library_path_lib.ps1'
[3.582s] INFO:colcon.colcon_core.shell:Creating environment descriptor '/home/auro/Auro_Revised/install/assessment_interfaces/share/assessment_interfaces/hook/ld_library_path_lib.dsv'
[3.583s] INFO:colcon.colcon_core.shell:Creating environment hook '/home/auro/Auro_Revised/install/assessment_interfaces/share/assessment_interfaces/hook/ld_library_path_lib.sh'
[3.584s] Level 1:colcon.colcon_core.environment:checking '/home/auro/Auro_Revised/install/assessment_interfaces/bin'
[3.584s] Level 1:colcon.colcon_core.environment:checking '/home/auro/Auro_Revised/install/assessment_interfaces/lib/pkgconfig/assessment_interfaces.pc'
[3.585s] Level 1:colcon.colcon_core.environment:checking '/home/auro/Auro_Revised/install/assessment_interfaces/lib/python3.10/site-packages'
[3.585s] Level 1:colcon.colcon_core.environment:checking '/home/auro/Auro_Revised/install/assessment_interfaces/bin'
[3.586s] INFO:colcon.colcon_core.shell:Creating package script '/home/auro/Auro_Revised/install/assessment_interfaces/share/assessment_interfaces/package.ps1'
[3.587s] INFO:colcon.colcon_core.shell:Creating package descriptor '/home/auro/Auro_Revised/install/assessment_interfaces/share/assessment_interfaces/package.dsv'
[3.588s] INFO:colcon.colcon_core.shell:Creating package script '/home/auro/Auro_Revised/install/assessment_interfaces/share/assessment_interfaces/package.sh'
[3.589s] INFO:colcon.colcon_core.shell:Creating package script '/home/auro/Auro_Revised/install/assessment_interfaces/share/assessment_interfaces/package.bash'
[3.590s] INFO:colcon.colcon_core.shell:Creating package script '/home/auro/Auro_Revised/install/assessment_interfaces/share/assessment_interfaces/package.zsh'
[3.591s] Level 1:colcon.colcon_core.environment:create_file_with_runtime_dependencies(/home/auro/Auro_Revised/install/assessment_interfaces/share/colcon-core/packages/assessment_interfaces)
[3.794s] Level 1:colcon.colcon_core.environment:create_environment_scripts_only(auro_interfaces)
[3.795s] Level 1:colcon.colcon_core.environment:checking '/home/auro/Auro_Revised/install/auro_interfaces' for CMake module files
[3.796s] Level 1:colcon.colcon_core.environment:checking '/home/auro/Auro_Revised/install/auro_interfaces' for CMake config files
[3.798s] Level 1:colcon.colcon_core.shell:create_environment_hook('auro_interfaces', 'cmake_prefix_path')
[3.799s] INFO:colcon.colcon_core.shell:Creating environment hook '/home/auro/Auro_Revised/install/auro_interfaces/share/auro_interfaces/hook/cmake_prefix_path.ps1'
[3.800s] INFO:colcon.colcon_core.shell:Creating environment descriptor '/home/auro/Auro_Revised/install/auro_interfaces/share/auro_interfaces/hook/cmake_prefix_path.dsv'
[3.801s] INFO:colcon.colcon_core.shell:Creating environment hook '/home/auro/Auro_Revised/install/auro_interfaces/share/auro_interfaces/hook/cmake_prefix_path.sh'
[3.802s] Level 1:colcon.colcon_core.environment:checking '/home/auro/Auro_Revised/install/auro_interfaces/lib'
[3.802s] Level 1:colcon.colcon_core.shell:create_environment_hook('auro_interfaces', 'ld_library_path_lib')
[3.803s] INFO:colcon.colcon_core.shell:Creating environment hook '/home/auro/Auro_Revised/install/auro_interfaces/share/auro_interfaces/hook/ld_library_path_lib.ps1'
[3.804s] INFO:colcon.colcon_core.shell:Creating environment descriptor '/home/auro/Auro_Revised/install/auro_interfaces/share/auro_interfaces/hook/ld_library_path_lib.dsv'
[3.804s] INFO:colcon.colcon_core.shell:Creating environment hook '/home/auro/Auro_Revised/install/auro_interfaces/share/auro_interfaces/hook/ld_library_path_lib.sh'
[3.805s] Level 1:colcon.colcon_core.environment:checking '/home/auro/Auro_Revised/install/auro_interfaces/bin'
[3.805s] Level 1:colcon.colcon_core.environment:checking '/home/auro/Auro_Revised/install/auro_interfaces/lib/pkgconfig/auro_interfaces.pc'
[3.805s] Level 1:colcon.colcon_core.environment:checking '/home/auro/Auro_Revised/install/auro_interfaces/lib/python3.10/site-packages'
[3.806s] Level 1:colcon.colcon_core.environment:checking '/home/auro/Auro_Revised/install/auro_interfaces/bin'
[3.806s] INFO:colcon.colcon_core.shell:Creating package script '/home/auro/Auro_Revised/install/auro_interfaces/share/auro_interfaces/package.ps1'
[3.807s] INFO:colcon.colcon_core.shell:Creating package descriptor '/home/auro/Auro_Revised/install/auro_interfaces/share/auro_interfaces/package.dsv'
[3.808s] INFO:colcon.colcon_core.shell:Creating package script '/home/auro/Auro_Revised/install/auro_interfaces/share/auro_interfaces/package.sh'
[3.809s] INFO:colcon.colcon_core.shell:Creating package script '/home/auro/Auro_Revised/install/auro_interfaces/share/auro_interfaces/package.bash'
[3.810s] INFO:colcon.colcon_core.shell:Creating package script '/home/auro/Auro_Revised/install/auro_interfaces/share/auro_interfaces/package.zsh'
[3.811s] Level 1:colcon.colcon_core.environment:create_file_with_runtime_dependencies(/home/auro/Auro_Revised/install/auro_interfaces/share/colcon-core/packages/auro_interfaces)
[3.812s] INFO:colcon.colcon_ros.task.ament_python.build:Building ROS package in '/home/auro/Auro_Revised/assessment' with build type 'ament_python'
[3.812s] Level 1:colcon.colcon_core.shell:create_environment_hook('assessment', 'ament_prefix_path')
[3.813s] INFO:colcon.colcon_core.shell:Creating environment hook '/home/auro/Auro_Revised/install/assessment/share/assessment/hook/ament_prefix_path.ps1'
[3.814s] INFO:colcon.colcon_core.shell:Creating environment descriptor '/home/auro/Auro_Revised/install/assessment/share/assessment/hook/ament_prefix_path.dsv'
[3.816s] INFO:colcon.colcon_core.shell:Creating environment hook '/home/auro/Auro_Revised/install/assessment/share/assessment/hook/ament_prefix_path.sh'
[3.818s] INFO:colcon.colcon_core.shell:Skip shell extension 'powershell' for command environment: Not usable outside of PowerShell
[3.818s] DEBUG:colcon.colcon_core.shell:Skip shell extension 'dsv' for command environment
[4.497s] INFO:colcon.colcon_core.task.python.build:Building Python package in '/home/auro/Auro_Revised/assessment'
[4.498s] INFO:colcon.colcon_core.shell:Skip shell extension 'powershell' for command environment: Not usable outside of PowerShell
[4.498s] DEBUG:colcon.colcon_core.shell:Skip shell extension 'dsv' for command environment
[5.170s] DEBUG:colcon.colcon_core.event_handler.log_command:Invoking command in '/home/auro/Auro_Revised/build/assessment': LD_LIBRARY_PATH=/home/auro/Auro_Revised/install/auro_interfaces/lib:/home/auro/Auro_Revised/install/assessment_interfaces/lib:/home/auro/turtlebot3_ws/install/turtlebot3_msgs/lib:/home/auro/turtlebot3_ws/install/dynamixel_sdk_custom_interfaces/lib:/home/auro/turtlebot3_ws/install/dynamixel_sdk/lib:/usr/lib/x86_64-linux-gnu/gazebo-11/plugins:/opt/ros/humble/opt/rviz_ogre_vendor/lib:/opt/ros/humble/lib/x86_64-linux-gnu:/opt/ros/humble/lib:/usr/lib/x86_64-linux-gnu/gazebo-11/plugins PYTHONPATH=/home/auro/Auro_Revised/build/assessment/prefix_override:/usr/lib/python3/dist-packages/colcon_core/task/python/colcon_distutils_commands:/home/auro/Auro_Revised/install/assessment/lib/python3.10/site-packages:${PYTHONPATH} /usr/bin/python3 -W ignore:setup.py install is deprecated setup.py develop --editable --build-directory /home/auro/Auro_Revised/build/assessment/build --no-deps symlink_data
[5.855s] Level 1:colcon.colcon_core.shell:create_environment_hook('assessment', 'pythonpath_develop')
[5.856s] DEBUG:colcon.colcon_core.event_handler.log_command:Invoked command in '/home/auro/Auro_Revised/build/assessment' returned '0': LD_LIBRARY_PATH=/home/auro/Auro_Revised/install/auro_interfaces/lib:/home/auro/Auro_Revised/install/assessment_interfaces/lib:/home/auro/turtlebot3_ws/install/turtlebot3_msgs/lib:/home/auro/turtlebot3_ws/install/dynamixel_sdk_custom_interfaces/lib:/home/auro/turtlebot3_ws/install/dynamixel_sdk/lib:/usr/lib/x86_64-linux-gnu/gazebo-11/plugins:/opt/ros/humble/opt/rviz_ogre_vendor/lib:/opt/ros/humble/lib/x86_64-linux-gnu:/opt/ros/humble/lib:/usr/lib/x86_64-linux-gnu/gazebo-11/plugins PYTHONPATH=/home/auro/Auro_Revised/build/assessment/prefix_override:/usr/lib/python3/dist-packages/colcon_core/task/python/colcon_distutils_commands:/home/auro/Auro_Revised/install/assessment/lib/python3.10/site-packages:${PYTHONPATH} /usr/bin/python3 -W ignore:setup.py install is deprecated setup.py develop --editable --build-directory /home/auro/Auro_Revised/build/assessment/build --no-deps symlink_data
[5.856s] INFO:colcon.colcon_core.shell:Creating environment hook '/home/auro/Auro_Revised/build/assessment/share/assessment/hook/pythonpath_develop.ps1'
[5.857s] INFO:colcon.colcon_core.shell:Creating environment descriptor '/home/auro/Auro_Revised/build/assessment/share/assessment/hook/pythonpath_develop.dsv'
[5.858s] INFO:colcon.colcon_core.shell:Creating environment hook '/home/auro/Auro_Revised/build/assessment/share/assessment/hook/pythonpath_develop.sh'
[5.859s] Level 1:colcon.colcon_core.environment:checking '/home/auro/Auro_Revised/install/assessment' for CMake module files
[5.860s] Level 1:colcon.colcon_core.environment:checking '/home/auro/Auro_Revised/install/assessment' for CMake config files
[5.861s] Level 1:colcon.colcon_core.environment:checking '/home/auro/Auro_Revised/install/assessment/lib'
[5.861s] Level 1:colcon.colcon_core.environment:checking '/home/auro/Auro_Revised/install/assessment/bin'
[5.861s] Level 1:colcon.colcon_core.environment:checking '/home/auro/Auro_Revised/install/assessment/lib/pkgconfig/assessment.pc'
[5.861s] Level 1:colcon.colcon_core.environment:checking '/home/auro/Auro_Revised/install/assessment/lib/python3.10/site-packages'
[5.861s] Level 1:colcon.colcon_core.shell:create_environment_hook('assessment', 'pythonpath')
[5.862s] INFO:colcon.colcon_core.shell:Creating environment hook '/home/auro/Auro_Revised/install/assessment/share/assessment/hook/pythonpath.ps1'
[5.862s] INFO:colcon.colcon_core.shell:Creating environment descriptor '/home/auro/Auro_Revised/install/assessment/share/assessment/hook/pythonpath.dsv'
[5.863s] INFO:colcon.colcon_core.shell:Creating environment hook '/home/auro/Auro_Revised/install/assessment/share/assessment/hook/pythonpath.sh'
[5.863s] Level 1:colcon.colcon_core.environment:checking '/home/auro/Auro_Revised/install/assessment/bin'
[5.864s] Level 1:colcon.colcon_core.environment:create_environment_scripts_only(assessment)
[5.864s] INFO:colcon.colcon_core.shell:Creating package script '/home/auro/Auro_Revised/install/assessment/share/assessment/package.ps1'
[5.865s] INFO:colcon.colcon_core.shell:Creating package descriptor '/home/auro/Auro_Revised/install/assessment/share/assessment/package.dsv'
[5.866s] INFO:colcon.colcon_core.shell:Creating package script '/home/auro/Auro_Revised/install/assessment/share/assessment/package.sh'
[5.867s] INFO:colcon.colcon_core.shell:Creating package script '/home/auro/Auro_Revised/install/assessment/share/assessment/package.bash'
[5.868s] INFO:colcon.colcon_core.shell:Creating package script '/home/auro/Auro_Revised/install/assessment/share/assessment/package.zsh'
[5.869s] Level 1:colcon.colcon_core.environment:create_file_with_runtime_dependencies(/home/auro/Auro_Revised/install/assessment/share/colcon-core/packages/assessment)
[5.869s] DEBUG:colcon.colcon_parallel_executor.executor.parallel:closing loop
[5.870s] DEBUG:colcon.colcon_parallel_executor.executor.parallel:loop closed
[5.871s] DEBUG:colcon.colcon_parallel_executor.executor.parallel:run_until_complete finished with '0'
[5.871s] DEBUG:colcon.colcon_core.event_reactor:joining thread
[5.879s] INFO:colcon.colcon_core.plugin_system:Skipping extension 'colcon_notification.desktop_notification.terminal_notifier': Not used on non-Darwin systems
[5.879s] INFO:colcon.colcon_core.plugin_system:Skipping extension 'colcon_notification.desktop_notification.win32': Not used on non-Windows systems
[5.879s] INFO:colcon.colcon_notification.desktop_notification:Sending desktop notification using 'notify2'
[5.896s] DEBUG:colcon.colcon_core.event_reactor:joined thread
[5.897s] INFO:colcon.colcon_core.shell:Creating prefix script '/home/auro/Auro_Revised/install/local_setup.ps1'
[5.898s] INFO:colcon.colcon_core.shell:Creating prefix util module '/home/auro/Auro_Revised/install/_local_setup_util_ps1.py'
[5.901s] INFO:colcon.colcon_core.shell:Creating prefix chain script '/home/auro/Auro_Revised/install/setup.ps1'
[5.904s] INFO:colcon.colcon_core.shell:Creating prefix script '/home/auro/Auro_Revised/install/local_setup.sh'
[5.905s] INFO:colcon.colcon_core.shell:Creating prefix util module '/home/auro/Auro_Revised/install/_local_setup_util_sh.py'
[5.906s] INFO:colcon.colcon_core.shell:Creating prefix chain script '/home/auro/Auro_Revised/install/setup.sh'
[5.908s] INFO:colcon.colcon_core.shell:Creating prefix script '/home/auro/Auro_Revised/install/local_setup.bash'
[5.909s] INFO:colcon.colcon_core.shell:Creating prefix chain script '/home/auro/Auro_Revised/install/setup.bash'
[5.911s] INFO:colcon.colcon_core.shell:Creating prefix script '/home/auro/Auro_Revised/install/local_setup.zsh'
[5.912s] INFO:colcon.colcon_core.shell:Creating prefix chain script '/home/auro/Auro_Revised/install/setup.zsh'
