[1.723s] Invoking command in '/home/auro/AURO-Revised/build/solution': PYTHONPATH=/home/auro/AURO-Revised/build/solution/prefix_override:/usr/lib/python3/dist-packages/colcon_core/task/python/colcon_distutils_commands:/home/auro/AURO-Revised/install/solution/lib/python3.10/site-packages:${PYTHONPATH} /usr/bin/python3 -W ignore:setup.py install is deprecated setup.py develop --editable --build-directory /home/auro/AURO-Revised/build/solution/build --no-deps symlink_data
[2.210s] running develop
[2.531s] running egg_info
[2.532s] writing solution.egg-info/PKG-INFO
[2.533s] writing dependency_links to solution.egg-info/dependency_links.txt
[2.533s] writing entry points to solution.egg-info/entry_points.txt
[2.533s] writing requirements to solution.egg-info/requires.txt
[2.534s] writing top-level names to solution.egg-info/top_level.txt
[2.537s] reading manifest file 'solution.egg-info/SOURCES.txt'
[2.539s] writing manifest file 'solution.egg-info/SOURCES.txt'
[2.542s] running build_ext
[2.542s] Creating /home/auro/AURO-Revised/install/solution/lib/python3.10/site-packages/solution.egg-link (link to .)
[2.543s] Installing collision_avoidance script to /home/auro/AURO-Revised/install/solution/lib/solution
[2.544s] Installing data_logger script to /home/auro/AURO-Revised/install/solution/lib/solution
[2.544s] Installing navigation script to /home/auro/AURO-Revised/install/solution/lib/solution
[2.544s] Installing robot_controller script to /home/auro/AURO-Revised/install/solution/lib/solution
[2.544s] Installing robot_manager script to /home/auro/AURO-Revised/install/solution/lib/solution
[2.544s] Installing robot_vision script to /home/auro/AURO-Revised/install/solution/lib/solution
[2.545s] 
[2.545s] Installed /home/auro/AURO-Revised/build/solution
[2.545s] running symlink_data
[2.619s] Invoked command in '/home/auro/AURO-Revised/build/solution' returned '0': PYTHONPATH=/home/auro/AURO-Revised/build/solution/prefix_override:/usr/lib/python3/dist-packages/colcon_core/task/python/colcon_distutils_commands:/home/auro/AURO-Revised/install/solution/lib/python3.10/site-packages:${PYTHONPATH} /usr/bin/python3 -W ignore:setup.py install is deprecated setup.py develop --editable --build-directory /home/auro/AURO-Revised/build/solution/build --no-deps symlink_data
