[1.683s] Invoking command in '/home/auro/Auro_Revised/build/solution': PYTHONPATH=/home/auro/Auro_Revised/build/solution/prefix_override:/usr/lib/python3/dist-packages/colcon_core/task/python/colcon_distutils_commands:/home/auro/Auro_Revised/install/solution/lib/python3.10/site-packages:${PYTHONPATH} /usr/bin/python3 -W ignore:setup.py install is deprecated setup.py develop --editable --build-directory /home/auro/Auro_Revised/build/solution/build --no-deps symlink_data
[2.208s] running develop
[2.521s] running egg_info
[2.522s] writing solution.egg-info/PKG-INFO
[2.524s] writing dependency_links to solution.egg-info/dependency_links.txt
[2.524s] writing entry points to solution.egg-info/entry_points.txt
[2.525s] writing requirements to solution.egg-info/requires.txt
[2.525s] writing top-level names to solution.egg-info/top_level.txt
[2.530s] reading manifest file 'solution.egg-info/SOURCES.txt'
[2.530s] writing manifest file 'solution.egg-info/SOURCES.txt'
[2.532s] running build_ext
[2.533s] Creating /home/auro/Auro_Revised/install/solution/lib/python3.10/site-packages/solution.egg-link (link to .)
[2.534s] Installing collision_avoidance script to /home/auro/Auro_Revised/install/solution/lib/solution
[2.535s] Installing data_logger script to /home/auro/Auro_Revised/install/solution/lib/solution
[2.536s] Installing navigation script to /home/auro/Auro_Revised/install/solution/lib/solution
[2.536s] Installing robot_controller script to /home/auro/Auro_Revised/install/solution/lib/solution
[2.536s] Installing robot_manager script to /home/auro/Auro_Revised/install/solution/lib/solution
[2.536s] Installing robot_vision script to /home/auro/Auro_Revised/install/solution/lib/solution
[2.540s] 
[2.540s] Installed /home/auro/Auro_Revised/build/solution
[2.540s] running symlink_data
[2.603s] Invoked command in '/home/auro/Auro_Revised/build/solution' returned '0': PYTHONPATH=/home/auro/Auro_Revised/build/solution/prefix_override:/usr/lib/python3/dist-packages/colcon_core/task/python/colcon_distutils_commands:/home/auro/Auro_Revised/install/solution/lib/python3.10/site-packages:${PYTHONPATH} /usr/bin/python3 -W ignore:setup.py install is deprecated setup.py develop --editable --build-directory /home/auro/Auro_Revised/build/solution/build --no-deps symlink_data
