[1.417s] Invoking command in '/home/auro/Auro3.0/build/solution': PYTHONPATH=/home/auro/Auro3.0/build/solution/prefix_override:/usr/lib/python3/dist-packages/colcon_core/task/python/colcon_distutils_commands:/home/auro/Auro3.0/install/solution/lib/python3.10/site-packages:${PYTHONPATH} /usr/bin/python3 -W ignore:setup.py install is deprecated setup.py develop --editable --build-directory /home/auro/Auro3.0/build/solution/build --no-deps symlink_data
[1.842s] running develop
[2.097s] running egg_info
[2.098s] creating solution.egg-info
[2.098s] writing solution.egg-info/PKG-INFO
[2.098s] writing dependency_links to solution.egg-info/dependency_links.txt
[2.098s] writing entry points to solution.egg-info/entry_points.txt
[2.098s] writing requirements to solution.egg-info/requires.txt
[2.099s] writing top-level names to solution.egg-info/top_level.txt
[2.099s] writing manifest file 'solution.egg-info/SOURCES.txt'
[2.102s] reading manifest file 'solution.egg-info/SOURCES.txt'
[2.103s] writing manifest file 'solution.egg-info/SOURCES.txt'
[2.105s] running build_ext
[2.106s] Creating /home/auro/Auro3.0/install/solution/lib/python3.10/site-packages/solution.egg-link (link to .)
[2.107s] Installing collision_avoidance script to /home/auro/Auro3.0/install/solution/lib/solution
[2.107s] Installing data_logger script to /home/auro/Auro3.0/install/solution/lib/solution
[2.107s] Installing navigation script to /home/auro/Auro3.0/install/solution/lib/solution
[2.107s] Installing robot_controller script to /home/auro/Auro3.0/install/solution/lib/solution
[2.107s] Installing robot_manager script to /home/auro/Auro3.0/install/solution/lib/solution
[2.108s] Installing robot_vision script to /home/auro/Auro3.0/install/solution/lib/solution
[2.108s] 
[2.108s] Installed /home/auro/Auro3.0/build/solution
[2.108s] running symlink_data
[2.108s] creating /home/auro/Auro3.0/install/solution/share/ament_index
[2.108s] creating /home/auro/Auro3.0/install/solution/share/ament_index/resource_index
[2.108s] creating /home/auro/Auro3.0/install/solution/share/ament_index/resource_index/packages
[2.108s] symbolically linking /home/auro/Auro3.0/build/solution/resource/solution -> /home/auro/Auro3.0/install/solution/share/ament_index/resource_index/packages
[2.108s] symbolically linking /home/auro/Auro3.0/build/solution/package.xml -> /home/auro/Auro3.0/install/solution/share/solution
[2.109s] creating /home/auro/Auro3.0/install/solution/share/solution/launch
[2.109s] symbolically linking /home/auro/Auro3.0/build/solution/launch/solution_launch.py -> /home/auro/Auro3.0/install/solution/share/solution/launch/
[2.109s] symbolically linking /home/auro/Auro3.0/build/solution/launch/solution_nav2_launch.py -> /home/auro/Auro3.0/install/solution/share/solution/launch/
[2.109s] creating /home/auro/Auro3.0/install/solution/share/solution/config
[2.109s] symbolically linking /home/auro/Auro3.0/build/solution/config/initial_poses.yaml -> /home/auro/Auro3.0/install/solution/share/solution/config/
[2.109s] symbolically linking /home/auro/Auro3.0/build/solution/config/custom_rviz_windows.yaml -> /home/auro/Auro3.0/install/solution/share/solution/config/
[2.109s] creating /home/auro/Auro3.0/install/solution/share/solution/params
[2.109s] symbolically linking /home/auro/Auro3.0/build/solution/params/custom_nav2_params_namespaced.yaml -> /home/auro/Auro3.0/install/solution/share/solution/params/
[2.196s] Invoked command in '/home/auro/Auro3.0/build/solution' returned '0': PYTHONPATH=/home/auro/Auro3.0/build/solution/prefix_override:/usr/lib/python3/dist-packages/colcon_core/task/python/colcon_distutils_commands:/home/auro/Auro3.0/install/solution/lib/python3.10/site-packages:${PYTHONPATH} /usr/bin/python3 -W ignore:setup.py install is deprecated setup.py develop --editable --build-directory /home/auro/Auro3.0/build/solution/build --no-deps symlink_data
