[2.584s] Invoking command in '/home/auro/Auro/build/solution': PYTHONPATH=/home/auro/Auro/build/solution/prefix_override:/usr/lib/python3/dist-packages/colcon_core/task/python/colcon_distutils_commands:/home/auro/Auro/install/solution/lib/python3.10/site-packages:${PYTHONPATH} /usr/bin/python3 -W ignore:setup.py install is deprecated setup.py develop --editable --build-directory /home/auro/Auro/build/solution/build --no-deps symlink_data
[3.283s] running develop
[3.691s] running egg_info
[3.694s] writing solution.egg-info/PKG-INFO
[3.694s] writing dependency_links to solution.egg-info/dependency_links.txt
[3.695s] writing entry points to solution.egg-info/entry_points.txt
[3.695s] writing requirements to solution.egg-info/requires.txt
[3.695s] writing top-level names to solution.egg-info/top_level.txt
[3.699s] reading manifest file 'solution.egg-info/SOURCES.txt'
[3.702s] writing manifest file 'solution.egg-info/SOURCES.txt'
[3.706s] running build_ext
[3.707s] Creating /home/auro/Auro/install/solution/lib/python3.10/site-packages/solution.egg-link (link to .)
[3.743s] Installing collision_avoidance script to /home/auro/Auro/install/solution/lib/solution
[3.744s] Installing data_logger script to /home/auro/Auro/install/solution/lib/solution
[3.744s] Installing robot_controller script to /home/auro/Auro/install/solution/lib/solution
[3.744s] Installing robot_manager script to /home/auro/Auro/install/solution/lib/solution
[3.744s] Installing robot_vision script to /home/auro/Auro/install/solution/lib/solution
[3.744s] 
[3.744s] Installed /home/auro/Auro/build/solution
[3.744s] running symlink_data
[3.793s] Invoked command in '/home/auro/Auro/build/solution' returned '0': PYTHONPATH=/home/auro/Auro/build/solution/prefix_override:/usr/lib/python3/dist-packages/colcon_core/task/python/colcon_distutils_commands:/home/auro/Auro/install/solution/lib/python3.10/site-packages:${PYTHONPATH} /usr/bin/python3 -W ignore:setup.py install is deprecated setup.py develop --editable --build-directory /home/auro/Auro/build/solution/build --no-deps symlink_data
