[0.115s] Invoking command in '/home/auro/Auro/build/auro_interfaces': CMAKE_PREFIX_PATH=${CMAKE_PREFIX_PATH}:/home/auro/Auro/install/tf_relay:/home/auro/Auro/install/solution:/home/auro/Auro/install/assessment:/home/auro/turtlebot3_ws/install/turtlebot3_teleop:/home/auro/turtlebot3_ws/install/turtlebot3_example:/opt/ros/humble /usr/bin/cmake --build /home/auro/Auro/build/auro_interfaces -- -j4 -l4
[0.847s] [  1%] Built target auro_interfaces__cpp
[0.863s] [  1%] Built target ament_cmake_python_symlink_auro_interfaces
[0.864s] [ 12%] Built target auro_interfaces__rosidl_typesupport_fastrtps_cpp
[0.865s] [ 24%] Built target auro_interfaces__rosidl_typesupport_introspection_cpp
[1.186s] running egg_info
[1.186s] writing auro_interfaces.egg-info/PKG-INFO
[1.186s] writing dependency_links to auro_interfaces.egg-info/dependency_links.txt
[1.186s] writing top-level names to auro_interfaces.egg-info/top_level.txt
[1.186s] reading manifest file 'auro_interfaces.egg-info/SOURCES.txt'
[1.190s] writing manifest file 'auro_interfaces.egg-info/SOURCES.txt'
[1.299s] [ 24%] Built target ament_cmake_python_build_auro_interfaces_egg
[1.384s] [ 35%] Built target auro_interfaces__rosidl_typesupport_cpp
[1.461s] [ 47%] Built target auro_interfaces__rosidl_generator_c
[1.573s] [ 58%] Built target auro_interfaces__rosidl_typesupport_fastrtps_c
[1.636s] [ 70%] Built target auro_interfaces__rosidl_typesupport_c
[1.696s] [ 81%] Built target auro_interfaces__rosidl_typesupport_introspection_c
[1.769s] [ 81%] Built target auro_interfaces
[1.852s] [ 82%] Built target auro_interfaces__py
[1.913s] [ 93%] Built target auro_interfaces__rosidl_generator_py
[1.983s] [ 95%] Built target auro_interfaces__rosidl_typesupport_fastrtps_c__pyext
[2.053s] [ 97%] Built target auro_interfaces__rosidl_typesupport_c__pyext
[2.113s] [100%] Built target auro_interfaces__rosidl_typesupport_introspection_c__pyext
[2.149s] Invoked command in '/home/auro/Auro/build/auro_interfaces' returned '0': CMAKE_PREFIX_PATH=${CMAKE_PREFIX_PATH}:/home/auro/Auro/install/tf_relay:/home/auro/Auro/install/solution:/home/auro/Auro/install/assessment:/home/auro/turtlebot3_ws/install/turtlebot3_teleop:/home/auro/turtlebot3_ws/install/turtlebot3_example:/opt/ros/humble /usr/bin/cmake --build /home/auro/Auro/build/auro_interfaces -- -j4 -l4
[3.299s] Invoking command in '/home/auro/Auro/build/auro_interfaces': CMAKE_PREFIX_PATH=${CMAKE_PREFIX_PATH}:/home/auro/Auro/install/tf_relay:/home/auro/Auro/install/solution:/home/auro/Auro/install/assessment:/home/auro/turtlebot3_ws/install/turtlebot3_teleop:/home/auro/turtlebot3_ws/install/turtlebot3_example:/opt/ros/humble /usr/bin/cmake --install /home/auro/Auro/build/auro_interfaces
[3.317s] -- Install configuration: ""
[3.319s] -- Execute custom install script
[3.319s] -- Up-to-date symlink: /home/auro/Auro/install/auro_interfaces/share/ament_index/resource_index/rosidl_interfaces/auro_interfaces
[3.325s] -- Up-to-date symlink: /home/auro/Auro/install/auro_interfaces/include/auro_interfaces/auro_interfaces/action/detail/move__functions.h
[3.326s] -- Up-to-date symlink: /home/auro/Auro/install/auro_interfaces/include/auro_interfaces/auro_interfaces/action/detail/move__struct.h
[3.326s] -- Up-to-date symlink: /home/auro/Auro/install/auro_interfaces/include/auro_interfaces/auro_interfaces/action/detail/move__type_support.h
[3.326s] -- Up-to-date symlink: /home/auro/Auro/install/auro_interfaces/include/auro_interfaces/auro_interfaces/action/move.h
[3.326s] -- Up-to-date symlink: /home/auro/Auro/install/auro_interfaces/include/auro_interfaces/auro_interfaces/msg/detail/direction__functions.h
[3.327s] -- Up-to-date symlink: /home/auro/Auro/install/auro_interfaces/include/auro_interfaces/auro_interfaces/msg/detail/direction__struct.h
[3.327s] -- Up-to-date symlink: /home/auro/Auro/install/auro_interfaces/include/auro_interfaces/auro_interfaces/msg/detail/direction__type_support.h
[3.327s] -- Up-to-date symlink: /home/auro/Auro/install/auro_interfaces/include/auro_interfaces/auro_interfaces/msg/detail/item__functions.h
[3.327s] -- Up-to-date symlink: /home/auro/Auro/install/auro_interfaces/include/auro_interfaces/auro_interfaces/msg/detail/item__struct.h
[3.327s] -- Up-to-date symlink: /home/auro/Auro/install/auro_interfaces/include/auro_interfaces/auro_interfaces/msg/detail/item__type_support.h
[3.327s] -- Up-to-date symlink: /home/auro/Auro/install/auro_interfaces/include/auro_interfaces/auro_interfaces/msg/detail/item_list__functions.h
[3.328s] -- Up-to-date symlink: /home/auro/Auro/install/auro_interfaces/include/auro_interfaces/auro_interfaces/msg/detail/item_list__struct.h
[3.328s] -- Up-to-date symlink: /home/auro/Auro/install/auro_interfaces/include/auro_interfaces/auro_interfaces/msg/detail/item_list__type_support.h
[3.329s] -- Up-to-date symlink: /home/auro/Auro/install/auro_interfaces/include/auro_interfaces/auro_interfaces/msg/detail/string_with_pose__functions.h
[3.329s] -- Up-to-date symlink: /home/auro/Auro/install/auro_interfaces/include/auro_interfaces/auro_interfaces/msg/detail/string_with_pose__struct.h
[3.331s] -- Up-to-date symlink: /home/auro/Auro/install/auro_interfaces/include/auro_interfaces/auro_interfaces/msg/detail/string_with_pose__type_support.h
[3.331s] -- Up-to-date symlink: /home/auro/Auro/install/auro_interfaces/include/auro_interfaces/auro_interfaces/msg/direction.h
[3.331s] -- Up-to-date symlink: /home/auro/Auro/install/auro_interfaces/include/auro_interfaces/auro_interfaces/msg/item.h
[3.332s] -- Up-to-date symlink: /home/auro/Auro/install/auro_interfaces/include/auro_interfaces/auro_interfaces/msg/item_list.h
[3.332s] -- Up-to-date symlink: /home/auro/Auro/install/auro_interfaces/include/auro_interfaces/auro_interfaces/msg/rosidl_generator_c__visibility_control.h
[3.333s] -- Up-to-date symlink: /home/auro/Auro/install/auro_interfaces/include/auro_interfaces/auro_interfaces/msg/string_with_pose.h
[3.333s] -- Up-to-date symlink: /home/auro/Auro/install/auro_interfaces/include/auro_interfaces/auro_interfaces/srv/collision.h
[3.335s] -- Up-to-date symlink: /home/auro/Auro/install/auro_interfaces/include/auro_interfaces/auro_interfaces/srv/detail/collision__functions.h
[3.335s] -- Up-to-date symlink: /home/auro/Auro/install/auro_interfaces/include/auro_interfaces/auro_interfaces/srv/detail/collision__struct.h
[3.336s] -- Up-to-date symlink: /home/auro/Auro/install/auro_interfaces/include/auro_interfaces/auro_interfaces/srv/detail/collision__type_support.h
[3.337s] -- Up-to-date symlink: /home/auro/Auro/install/auro_interfaces/include/auro_interfaces/auro_interfaces/srv/detail/item_request__functions.h
[3.337s] -- Up-to-date symlink: /home/auro/Auro/install/auro_interfaces/include/auro_interfaces/auro_interfaces/srv/detail/item_request__struct.h
[3.338s] -- Up-to-date symlink: /home/auro/Auro/install/auro_interfaces/include/auro_interfaces/auro_interfaces/srv/detail/item_request__type_support.h
[3.339s] -- Up-to-date symlink: /home/auro/Auro/install/auro_interfaces/include/auro_interfaces/auro_interfaces/srv/detail/sector__functions.h
[3.340s] -- Up-to-date symlink: /home/auro/Auro/install/auro_interfaces/include/auro_interfaces/auro_interfaces/srv/detail/sector__struct.h
[3.340s] -- Up-to-date symlink: /home/auro/Auro/install/auro_interfaces/include/auro_interfaces/auro_interfaces/srv/detail/sector__type_support.h
[3.342s] -- Up-to-date symlink: /home/auro/Auro/install/auro_interfaces/include/auro_interfaces/auro_interfaces/srv/item_request.h
[3.342s] -- Up-to-date symlink: /home/auro/Auro/install/auro_interfaces/include/auro_interfaces/auro_interfaces/srv/sector.h
[3.343s] -- Up-to-date symlink: /home/auro/Auro/install/auro_interfaces/share/auro_interfaces/environment/library_path.sh
[3.343s] -- Up-to-date symlink: /home/auro/Auro/install/auro_interfaces/share/auro_interfaces/environment/library_path.dsv
[3.346s] -- Up-to-date symlink: /home/auro/Auro/install/auro_interfaces/include/auro_interfaces/auro_interfaces/action/detail/move__rosidl_typesupport_fastrtps_c.h
[3.347s] -- Up-to-date symlink: /home/auro/Auro/install/auro_interfaces/include/auro_interfaces/auro_interfaces/msg/detail/direction__rosidl_typesupport_fastrtps_c.h
[3.348s] -- Up-to-date symlink: /home/auro/Auro/install/auro_interfaces/include/auro_interfaces/auro_interfaces/msg/detail/item__rosidl_typesupport_fastrtps_c.h
[3.349s] -- Up-to-date symlink: /home/auro/Auro/install/auro_interfaces/include/auro_interfaces/auro_interfaces/msg/detail/item_list__rosidl_typesupport_fastrtps_c.h
[3.350s] -- Up-to-date symlink: /home/auro/Auro/install/auro_interfaces/include/auro_interfaces/auro_interfaces/msg/detail/string_with_pose__rosidl_typesupport_fastrtps_c.h
[3.350s] -- Up-to-date symlink: /home/auro/Auro/install/auro_interfaces/include/auro_interfaces/auro_interfaces/msg/rosidl_typesupport_fastrtps_c__visibility_control.h
[3.352s] -- Up-to-date symlink: /home/auro/Auro/install/auro_interfaces/include/auro_interfaces/auro_interfaces/srv/detail/collision__rosidl_typesupport_fastrtps_c.h
[3.352s] -- Up-to-date symlink: /home/auro/Auro/install/auro_interfaces/include/auro_interfaces/auro_interfaces/srv/detail/item_request__rosidl_typesupport_fastrtps_c.h
[3.353s] -- Up-to-date symlink: /home/auro/Auro/install/auro_interfaces/include/auro_interfaces/auro_interfaces/srv/detail/sector__rosidl_typesupport_fastrtps_c.h
[3.356s] -- Up-to-date symlink: /home/auro/Auro/install/auro_interfaces/include/auro_interfaces/auro_interfaces/action/detail/move__builder.hpp
[3.357s] -- Up-to-date symlink: /home/auro/Auro/install/auro_interfaces/include/auro_interfaces/auro_interfaces/action/detail/move__struct.hpp
[3.357s] -- Up-to-date symlink: /home/auro/Auro/install/auro_interfaces/include/auro_interfaces/auro_interfaces/action/detail/move__traits.hpp
[3.358s] -- Up-to-date symlink: /home/auro/Auro/install/auro_interfaces/include/auro_interfaces/auro_interfaces/action/move.hpp
[3.358s] -- Up-to-date symlink: /home/auro/Auro/install/auro_interfaces/include/auro_interfaces/auro_interfaces/msg/detail/direction__builder.hpp
[3.359s] -- Up-to-date symlink: /home/auro/Auro/install/auro_interfaces/include/auro_interfaces/auro_interfaces/msg/detail/direction__struct.hpp
[3.360s] -- Up-to-date symlink: /home/auro/Auro/install/auro_interfaces/include/auro_interfaces/auro_interfaces/msg/detail/direction__traits.hpp
[3.360s] -- Up-to-date symlink: /home/auro/Auro/install/auro_interfaces/include/auro_interfaces/auro_interfaces/msg/detail/item__builder.hpp
[3.361s] -- Up-to-date symlink: /home/auro/Auro/install/auro_interfaces/include/auro_interfaces/auro_interfaces/msg/detail/item__struct.hpp
[3.362s] -- Up-to-date symlink: /home/auro/Auro/install/auro_interfaces/include/auro_interfaces/auro_interfaces/msg/detail/item__traits.hpp
[3.362s] -- Up-to-date symlink: /home/auro/Auro/install/auro_interfaces/include/auro_interfaces/auro_interfaces/msg/detail/item_list__builder.hpp
[3.363s] -- Up-to-date symlink: /home/auro/Auro/install/auro_interfaces/include/auro_interfaces/auro_interfaces/msg/detail/item_list__struct.hpp
[3.363s] -- Up-to-date symlink: /home/auro/Auro/install/auro_interfaces/include/auro_interfaces/auro_interfaces/msg/detail/item_list__traits.hpp
[3.364s] -- Up-to-date symlink: /home/auro/Auro/install/auro_interfaces/include/auro_interfaces/auro_interfaces/msg/detail/string_with_pose__builder.hpp
[3.364s] -- Up-to-date symlink: /home/auro/Auro/install/auro_interfaces/include/auro_interfaces/auro_interfaces/msg/detail/string_with_pose__struct.hpp
[3.365s] -- Up-to-date symlink: /home/auro/Auro/install/auro_interfaces/include/auro_interfaces/auro_interfaces/msg/detail/string_with_pose__traits.hpp
[3.365s] -- Up-to-date symlink: /home/auro/Auro/install/auro_interfaces/include/auro_interfaces/auro_interfaces/msg/direction.hpp
[3.366s] -- Up-to-date symlink: /home/auro/Auro/install/auro_interfaces/include/auro_interfaces/auro_interfaces/msg/item.hpp
[3.366s] -- Up-to-date symlink: /home/auro/Auro/install/auro_interfaces/include/auro_interfaces/auro_interfaces/msg/item_list.hpp
[3.367s] -- Up-to-date symlink: /home/auro/Auro/install/auro_interfaces/include/auro_interfaces/auro_interfaces/msg/string_with_pose.hpp
[3.367s] -- Up-to-date symlink: /home/auro/Auro/install/auro_interfaces/include/auro_interfaces/auro_interfaces/srv/collision.hpp
[3.368s] -- Up-to-date symlink: /home/auro/Auro/install/auro_interfaces/include/auro_interfaces/auro_interfaces/srv/detail/collision__builder.hpp
[3.368s] -- Up-to-date symlink: /home/auro/Auro/install/auro_interfaces/include/auro_interfaces/auro_interfaces/srv/detail/collision__struct.hpp
[3.369s] -- Up-to-date symlink: /home/auro/Auro/install/auro_interfaces/include/auro_interfaces/auro_interfaces/srv/detail/collision__traits.hpp
[3.369s] -- Up-to-date symlink: /home/auro/Auro/install/auro_interfaces/include/auro_interfaces/auro_interfaces/srv/detail/item_request__builder.hpp
[3.369s] -- Up-to-date symlink: /home/auro/Auro/install/auro_interfaces/include/auro_interfaces/auro_interfaces/srv/detail/item_request__struct.hpp
[3.371s] -- Up-to-date symlink: /home/auro/Auro/install/auro_interfaces/include/auro_interfaces/auro_interfaces/srv/detail/item_request__traits.hpp
[3.371s] -- Up-to-date symlink: /home/auro/Auro/install/auro_interfaces/include/auro_interfaces/auro_interfaces/srv/detail/sector__builder.hpp
[3.371s] -- Up-to-date symlink: /home/auro/Auro/install/auro_interfaces/include/auro_interfaces/auro_interfaces/srv/detail/sector__struct.hpp
[3.372s] -- Up-to-date symlink: /home/auro/Auro/install/auro_interfaces/include/auro_interfaces/auro_interfaces/srv/detail/sector__traits.hpp
[3.378s] -- Up-to-date symlink: /home/auro/Auro/install/auro_interfaces/include/auro_interfaces/auro_interfaces/srv/item_request.hpp
[3.378s] -- Up-to-date symlink: /home/auro/Auro/install/auro_interfaces/include/auro_interfaces/auro_interfaces/srv/sector.hpp
[3.378s] -- Up-to-date symlink: /home/auro/Auro/install/auro_interfaces/include/auro_interfaces/auro_interfaces/action/detail/move__rosidl_typesupport_fastrtps_cpp.hpp
[3.378s] -- Up-to-date symlink: /home/auro/Auro/install/auro_interfaces/include/auro_interfaces/auro_interfaces/msg/detail/direction__rosidl_typesupport_fastrtps_cpp.hpp
[3.378s] -- Up-to-date symlink: /home/auro/Auro/install/auro_interfaces/include/auro_interfaces/auro_interfaces/msg/detail/item__rosidl_typesupport_fastrtps_cpp.hpp
[3.378s] -- Up-to-date symlink: /home/auro/Auro/install/auro_interfaces/include/auro_interfaces/auro_interfaces/msg/detail/item_list__rosidl_typesupport_fastrtps_cpp.hpp
[3.378s] -- Up-to-date symlink: /home/auro/Auro/install/auro_interfaces/include/auro_interfaces/auro_interfaces/msg/detail/string_with_pose__rosidl_typesupport_fastrtps_cpp.hpp
[3.378s] -- Up-to-date symlink: /home/auro/Auro/install/auro_interfaces/include/auro_interfaces/auro_interfaces/msg/rosidl_typesupport_fastrtps_cpp__visibility_control.h
[3.378s] -- Up-to-date symlink: /home/auro/Auro/install/auro_interfaces/include/auro_interfaces/auro_interfaces/srv/detail/collision__rosidl_typesupport_fastrtps_cpp.hpp
[3.379s] -- Up-to-date symlink: /home/auro/Auro/install/auro_interfaces/include/auro_interfaces/auro_interfaces/srv/detail/item_request__rosidl_typesupport_fastrtps_cpp.hpp
[3.379s] -- Up-to-date symlink: /home/auro/Auro/install/auro_interfaces/include/auro_interfaces/auro_interfaces/srv/detail/sector__rosidl_typesupport_fastrtps_cpp.hpp
[3.379s] -- Up-to-date symlink: /home/auro/Auro/install/auro_interfaces/include/auro_interfaces/auro_interfaces/action/detail/move__rosidl_typesupport_introspection_c.h
[3.379s] -- Up-to-date symlink: /home/auro/Auro/install/auro_interfaces/include/auro_interfaces/auro_interfaces/msg/detail/direction__rosidl_typesupport_introspection_c.h
[3.379s] -- Up-to-date symlink: /home/auro/Auro/install/auro_interfaces/include/auro_interfaces/auro_interfaces/msg/detail/item__rosidl_typesupport_introspection_c.h
[3.379s] -- Up-to-date symlink: /home/auro/Auro/install/auro_interfaces/include/auro_interfaces/auro_interfaces/msg/detail/item_list__rosidl_typesupport_introspection_c.h
[3.381s] -- Up-to-date symlink: /home/auro/Auro/install/auro_interfaces/include/auro_interfaces/auro_interfaces/msg/detail/string_with_pose__rosidl_typesupport_introspection_c.h
[3.382s] -- Up-to-date symlink: /home/auro/Auro/install/auro_interfaces/include/auro_interfaces/auro_interfaces/msg/rosidl_typesupport_introspection_c__visibility_control.h
[3.382s] -- Up-to-date symlink: /home/auro/Auro/install/auro_interfaces/include/auro_interfaces/auro_interfaces/srv/detail/collision__rosidl_typesupport_introspection_c.h
[3.382s] -- Up-to-date symlink: /home/auro/Auro/install/auro_interfaces/include/auro_interfaces/auro_interfaces/srv/detail/item_request__rosidl_typesupport_introspection_c.h
[3.382s] -- Up-to-date symlink: /home/auro/Auro/install/auro_interfaces/include/auro_interfaces/auro_interfaces/srv/detail/sector__rosidl_typesupport_introspection_c.h
[3.382s] -- Up-to-date symlink: /home/auro/Auro/install/auro_interfaces/include/auro_interfaces/auro_interfaces/action/detail/move__rosidl_typesupport_introspection_cpp.hpp
[3.383s] -- Up-to-date symlink: /home/auro/Auro/install/auro_interfaces/include/auro_interfaces/auro_interfaces/msg/detail/direction__rosidl_typesupport_introspection_cpp.hpp
[3.384s] -- Up-to-date symlink: /home/auro/Auro/install/auro_interfaces/include/auro_interfaces/auro_interfaces/msg/detail/item__rosidl_typesupport_introspection_cpp.hpp
[3.384s] -- Up-to-date symlink: /home/auro/Auro/install/auro_interfaces/include/auro_interfaces/auro_interfaces/msg/detail/item_list__rosidl_typesupport_introspection_cpp.hpp
[3.385s] -- Up-to-date symlink: /home/auro/Auro/install/auro_interfaces/include/auro_interfaces/auro_interfaces/msg/detail/string_with_pose__rosidl_typesupport_introspection_cpp.hpp
[3.387s] -- Up-to-date symlink: /home/auro/Auro/install/auro_interfaces/include/auro_interfaces/auro_interfaces/srv/detail/collision__rosidl_typesupport_introspection_cpp.hpp
[3.391s] -- Up-to-date symlink: /home/auro/Auro/install/auro_interfaces/include/auro_interfaces/auro_interfaces/srv/detail/item_request__rosidl_typesupport_introspection_cpp.hpp
[3.391s] -- Up-to-date symlink: /home/auro/Auro/install/auro_interfaces/include/auro_interfaces/auro_interfaces/srv/detail/sector__rosidl_typesupport_introspection_cpp.hpp
[3.391s] -- Up-to-date symlink: /home/auro/Auro/install/auro_interfaces/share/auro_interfaces/environment/pythonpath.sh
[3.391s] -- Up-to-date symlink: /home/auro/Auro/install/auro_interfaces/share/auro_interfaces/environment/pythonpath.dsv
[3.391s] -- Up-to-date symlink: /home/auro/Auro/install/auro_interfaces/local/lib/python3.10/dist-packages/auro_interfaces-0.0.0-py3.10.egg-info/PKG-INFO
[3.391s] -- Up-to-date symlink: /home/auro/Auro/install/auro_interfaces/local/lib/python3.10/dist-packages/auro_interfaces-0.0.0-py3.10.egg-info/SOURCES.txt
[3.391s] -- Up-to-date symlink: /home/auro/Auro/install/auro_interfaces/local/lib/python3.10/dist-packages/auro_interfaces-0.0.0-py3.10.egg-info/dependency_links.txt
[3.391s] -- Up-to-date symlink: /home/auro/Auro/install/auro_interfaces/local/lib/python3.10/dist-packages/auro_interfaces-0.0.0-py3.10.egg-info/top_level.txt
[3.396s] -- Up-to-date symlink: /home/auro/Auro/install/auro_interfaces/local/lib/python3.10/dist-packages/auro_interfaces/__init__.py
[3.396s] -- Up-to-date symlink: /home/auro/Auro/install/auro_interfaces/local/lib/python3.10/dist-packages/auro_interfaces/_auro_interfaces_s.ep.rosidl_typesupport_c.c
[3.396s] -- Up-to-date symlink: /home/auro/Auro/install/auro_interfaces/local/lib/python3.10/dist-packages/auro_interfaces/_auro_interfaces_s.ep.rosidl_typesupport_fastrtps_c.c
[3.396s] -- Up-to-date symlink: /home/auro/Auro/install/auro_interfaces/local/lib/python3.10/dist-packages/auro_interfaces/_auro_interfaces_s.ep.rosidl_typesupport_introspection_c.c
[3.396s] -- Up-to-date symlink: /home/auro/Auro/install/auro_interfaces/local/lib/python3.10/dist-packages/auro_interfaces/action/__init__.py
[3.396s] -- Up-to-date symlink: /home/auro/Auro/install/auro_interfaces/local/lib/python3.10/dist-packages/auro_interfaces/action/_move.py
[3.398s] -- Up-to-date symlink: /home/auro/Auro/install/auro_interfaces/local/lib/python3.10/dist-packages/auro_interfaces/action/_move_s.c
[3.398s] -- Up-to-date symlink: /home/auro/Auro/install/auro_interfaces/local/lib/python3.10/dist-packages/auro_interfaces/auro_interfaces_s__rosidl_typesupport_c.cpython-310-x86_64-linux-gnu.so
[3.399s] -- Up-to-date symlink: /home/auro/Auro/install/auro_interfaces/local/lib/python3.10/dist-packages/auro_interfaces/auro_interfaces_s__rosidl_typesupport_fastrtps_c.cpython-310-x86_64-linux-gnu.so
[3.399s] -- Up-to-date symlink: /home/auro/Auro/install/auro_interfaces/local/lib/python3.10/dist-packages/auro_interfaces/auro_interfaces_s__rosidl_typesupport_introspection_c.cpython-310-x86_64-linux-gnu.so
[3.399s] -- Up-to-date symlink: /home/auro/Auro/install/auro_interfaces/local/lib/python3.10/dist-packages/auro_interfaces/libauro_interfaces__rosidl_generator_py.so
[3.399s] -- Up-to-date symlink: /home/auro/Auro/install/auro_interfaces/local/lib/python3.10/dist-packages/auro_interfaces/msg/__init__.py
[3.399s] -- Up-to-date symlink: /home/auro/Auro/install/auro_interfaces/local/lib/python3.10/dist-packages/auro_interfaces/msg/_direction.py
[3.400s] -- Up-to-date symlink: /home/auro/Auro/install/auro_interfaces/local/lib/python3.10/dist-packages/auro_interfaces/msg/_direction_s.c
[3.400s] -- Up-to-date symlink: /home/auro/Auro/install/auro_interfaces/local/lib/python3.10/dist-packages/auro_interfaces/msg/_item.py
[3.400s] -- Up-to-date symlink: /home/auro/Auro/install/auro_interfaces/local/lib/python3.10/dist-packages/auro_interfaces/msg/_item_list.py
[3.400s] -- Up-to-date symlink: /home/auro/Auro/install/auro_interfaces/local/lib/python3.10/dist-packages/auro_interfaces/msg/_item_list_s.c
[3.401s] -- Up-to-date symlink: /home/auro/Auro/install/auro_interfaces/local/lib/python3.10/dist-packages/auro_interfaces/msg/_item_s.c
[3.401s] -- Up-to-date symlink: /home/auro/Auro/install/auro_interfaces/local/lib/python3.10/dist-packages/auro_interfaces/msg/_string_with_pose.py
[3.402s] -- Up-to-date symlink: /home/auro/Auro/install/auro_interfaces/local/lib/python3.10/dist-packages/auro_interfaces/msg/_string_with_pose_s.c
[3.403s] -- Up-to-date symlink: /home/auro/Auro/install/auro_interfaces/local/lib/python3.10/dist-packages/auro_interfaces/srv/__init__.py
[3.403s] -- Up-to-date symlink: /home/auro/Auro/install/auro_interfaces/local/lib/python3.10/dist-packages/auro_interfaces/srv/_collision.py
[3.404s] -- Up-to-date symlink: /home/auro/Auro/install/auro_interfaces/local/lib/python3.10/dist-packages/auro_interfaces/srv/_collision_s.c
[3.405s] -- Up-to-date symlink: /home/auro/Auro/install/auro_interfaces/local/lib/python3.10/dist-packages/auro_interfaces/srv/_item_request.py
[3.405s] -- Up-to-date symlink: /home/auro/Auro/install/auro_interfaces/local/lib/python3.10/dist-packages/auro_interfaces/srv/_item_request_s.c
[3.406s] -- Up-to-date symlink: /home/auro/Auro/install/auro_interfaces/local/lib/python3.10/dist-packages/auro_interfaces/srv/_sector.py
[3.408s] -- Up-to-date symlink: /home/auro/Auro/install/auro_interfaces/local/lib/python3.10/dist-packages/auro_interfaces/srv/_sector_s.c
[3.412s] -- Up-to-date symlink: /home/auro/Auro/install/auro_interfaces/local/lib/python3.10/dist-packages/auro_interfaces/auro_interfaces_s__rosidl_typesupport_fastrtps_c.cpython-310-x86_64-linux-gnu.so
[3.412s] -- Up-to-date symlink: /home/auro/Auro/install/auro_interfaces/local/lib/python3.10/dist-packages/auro_interfaces/auro_interfaces_s__rosidl_typesupport_introspection_c.cpython-310-x86_64-linux-gnu.so
[3.412s] -- Up-to-date symlink: /home/auro/Auro/install/auro_interfaces/local/lib/python3.10/dist-packages/auro_interfaces/auro_interfaces_s__rosidl_typesupport_c.cpython-310-x86_64-linux-gnu.so
[3.412s] -- Up-to-date symlink: /home/auro/Auro/install/auro_interfaces/share/auro_interfaces/msg/StringWithPose.idl
[3.412s] -- Up-to-date symlink: /home/auro/Auro/install/auro_interfaces/share/auro_interfaces/msg/Item.idl
[3.412s] -- Up-to-date symlink: /home/auro/Auro/install/auro_interfaces/share/auro_interfaces/msg/ItemList.idl
[3.412s] -- Up-to-date symlink: /home/auro/Auro/install/auro_interfaces/share/auro_interfaces/msg/Direction.idl
[3.412s] -- Up-to-date symlink: /home/auro/Auro/install/auro_interfaces/share/auro_interfaces/srv/ItemRequest.idl
[3.414s] -- Up-to-date symlink: /home/auro/Auro/install/auro_interfaces/share/auro_interfaces/srv/Sector.idl
[3.414s] -- Up-to-date symlink: /home/auro/Auro/install/auro_interfaces/share/auro_interfaces/srv/Collision.idl
[3.414s] -- Up-to-date symlink: /home/auro/Auro/install/auro_interfaces/share/auro_interfaces/action/Move.idl
[3.414s] -- Up-to-date symlink: /home/auro/Auro/install/auro_interfaces/share/auro_interfaces/msg/StringWithPose.msg
[3.415s] -- Up-to-date symlink: /home/auro/Auro/install/auro_interfaces/share/auro_interfaces/msg/Item.msg
[3.416s] -- Up-to-date symlink: /home/auro/Auro/install/auro_interfaces/share/auro_interfaces/msg/ItemList.msg
[3.416s] -- Up-to-date symlink: /home/auro/Auro/install/auro_interfaces/share/auro_interfaces/msg/Direction.msg
[3.416s] -- Up-to-date symlink: /home/auro/Auro/install/auro_interfaces/share/auro_interfaces/srv/ItemRequest.srv
[3.417s] -- Up-to-date symlink: /home/auro/Auro/install/auro_interfaces/share/auro_interfaces/srv/ItemRequest_Request.msg
[3.418s] -- Up-to-date symlink: /home/auro/Auro/install/auro_interfaces/share/auro_interfaces/srv/ItemRequest_Response.msg
[3.419s] -- Up-to-date symlink: /home/auro/Auro/install/auro_interfaces/share/auro_interfaces/srv/Sector.srv
[3.420s] -- Up-to-date symlink: /home/auro/Auro/install/auro_interfaces/share/auro_interfaces/srv/Sector_Request.msg
[3.420s] -- Up-to-date symlink: /home/auro/Auro/install/auro_interfaces/share/auro_interfaces/srv/Sector_Response.msg
[3.421s] -- Up-to-date symlink: /home/auro/Auro/install/auro_interfaces/share/auro_interfaces/srv/Collision.srv
[3.422s] -- Up-to-date symlink: /home/auro/Auro/install/auro_interfaces/share/auro_interfaces/srv/Collision_Request.msg
[3.422s] -- Up-to-date symlink: /home/auro/Auro/install/auro_interfaces/share/auro_interfaces/srv/Collision_Response.msg
[3.428s] -- Up-to-date symlink: /home/auro/Auro/install/auro_interfaces/share/auro_interfaces/action/Move.action
[3.428s] -- Up-to-date symlink: /home/auro/Auro/install/auro_interfaces/share/ament_index/resource_index/package_run_dependencies/auro_interfaces
[3.428s] -- Up-to-date symlink: /home/auro/Auro/install/auro_interfaces/share/ament_index/resource_index/parent_prefix_path/auro_interfaces
[3.428s] -- Up-to-date symlink: /home/auro/Auro/install/auro_interfaces/share/auro_interfaces/environment/ament_prefix_path.sh
[3.430s] -- Up-to-date symlink: /home/auro/Auro/install/auro_interfaces/share/auro_interfaces/environment/ament_prefix_path.dsv
[3.430s] -- Up-to-date symlink: /home/auro/Auro/install/auro_interfaces/share/auro_interfaces/environment/path.sh
[3.431s] -- Up-to-date symlink: /home/auro/Auro/install/auro_interfaces/share/auro_interfaces/environment/path.dsv
[3.432s] -- Up-to-date symlink: /home/auro/Auro/install/auro_interfaces/share/auro_interfaces/local_setup.bash
[3.432s] -- Up-to-date symlink: /home/auro/Auro/install/auro_interfaces/share/auro_interfaces/local_setup.sh
[3.433s] -- Up-to-date symlink: /home/auro/Auro/install/auro_interfaces/share/auro_interfaces/local_setup.zsh
[3.434s] -- Up-to-date symlink: /home/auro/Auro/install/auro_interfaces/share/auro_interfaces/local_setup.dsv
[3.435s] -- Symlinking: /home/auro/Auro/install/auro_interfaces/share/auro_interfaces/package.dsv
[3.460s] -- Up-to-date symlink: /home/auro/Auro/install/auro_interfaces/share/ament_index/resource_index/packages/auro_interfaces
[3.461s] -- Up-to-date symlink: /home/auro/Auro/install/auro_interfaces/share/auro_interfaces/cmake/rosidl_cmake-extras.cmake
[3.461s] -- Up-to-date symlink: /home/auro/Auro/install/auro_interfaces/share/auro_interfaces/cmake/ament_cmake_export_dependencies-extras.cmake
[3.463s] -- Up-to-date symlink: /home/auro/Auro/install/auro_interfaces/share/auro_interfaces/cmake/ament_cmake_export_include_directories-extras.cmake
[3.464s] -- Up-to-date symlink: /home/auro/Auro/install/auro_interfaces/share/auro_interfaces/cmake/ament_cmake_export_libraries-extras.cmake
[3.464s] -- Up-to-date symlink: /home/auro/Auro/install/auro_interfaces/share/auro_interfaces/cmake/ament_cmake_export_targets-extras.cmake
[3.465s] -- Up-to-date symlink: /home/auro/Auro/install/auro_interfaces/share/auro_interfaces/cmake/rosidl_cmake_export_typesupport_targets-extras.cmake
[3.466s] -- Up-to-date symlink: /home/auro/Auro/install/auro_interfaces/share/auro_interfaces/cmake/rosidl_cmake_export_typesupport_libraries-extras.cmake
[3.467s] -- Up-to-date symlink: /home/auro/Auro/install/auro_interfaces/share/auro_interfaces/cmake/auro_interfacesConfig.cmake
[3.467s] -- Up-to-date symlink: /home/auro/Auro/install/auro_interfaces/share/auro_interfaces/cmake/auro_interfacesConfig-version.cmake
[3.468s] -- Up-to-date symlink: /home/auro/Auro/install/auro_interfaces/share/auro_interfaces/package.xml
[3.470s] -- Up-to-date: /home/auro/Auro/install/auro_interfaces/lib/libauro_interfaces__rosidl_generator_c.so
[3.470s] -- Up-to-date: /home/auro/Auro/install/auro_interfaces/lib/libauro_interfaces__rosidl_typesupport_fastrtps_c.so
[3.471s] -- Up-to-date: /home/auro/Auro/install/auro_interfaces/lib/libauro_interfaces__rosidl_typesupport_fastrtps_cpp.so
[3.472s] -- Up-to-date: /home/auro/Auro/install/auro_interfaces/lib/libauro_interfaces__rosidl_typesupport_introspection_c.so
[3.473s] -- Up-to-date: /home/auro/Auro/install/auro_interfaces/lib/libauro_interfaces__rosidl_typesupport_c.so
[3.474s] -- Up-to-date: /home/auro/Auro/install/auro_interfaces/lib/libauro_interfaces__rosidl_typesupport_introspection_cpp.so
[3.476s] -- Up-to-date: /home/auro/Auro/install/auro_interfaces/lib/libauro_interfaces__rosidl_typesupport_cpp.so
[3.603s] Listing '/home/auro/Auro/install/auro_interfaces/local/lib/python3.10/dist-packages/auro_interfaces'...
[3.604s] Listing '/home/auro/Auro/install/auro_interfaces/local/lib/python3.10/dist-packages/auro_interfaces/action'...
[3.604s] Listing '/home/auro/Auro/install/auro_interfaces/local/lib/python3.10/dist-packages/auro_interfaces/msg'...
[3.604s] Listing '/home/auro/Auro/install/auro_interfaces/local/lib/python3.10/dist-packages/auro_interfaces/srv'...
[3.614s] -- Up-to-date: /home/auro/Auro/install/auro_interfaces/lib/libauro_interfaces__rosidl_generator_py.so
[3.614s] -- Up-to-date: /home/auro/Auro/install/auro_interfaces/share/auro_interfaces/cmake/export_auro_interfaces__rosidl_generator_cExport.cmake
[3.615s] -- Up-to-date: /home/auro/Auro/install/auro_interfaces/share/auro_interfaces/cmake/export_auro_interfaces__rosidl_generator_cExport-noconfig.cmake
[3.615s] -- Up-to-date: /home/auro/Auro/install/auro_interfaces/share/auro_interfaces/cmake/export_auro_interfaces__rosidl_typesupport_fastrtps_cExport.cmake
[3.616s] -- Up-to-date: /home/auro/Auro/install/auro_interfaces/share/auro_interfaces/cmake/export_auro_interfaces__rosidl_typesupport_fastrtps_cExport-noconfig.cmake
[3.616s] -- Up-to-date: /home/auro/Auro/install/auro_interfaces/share/auro_interfaces/cmake/export_auro_interfaces__rosidl_generator_cppExport.cmake
[3.617s] -- Up-to-date: /home/auro/Auro/install/auro_interfaces/share/auro_interfaces/cmake/export_auro_interfaces__rosidl_typesupport_fastrtps_cppExport.cmake
[3.617s] -- Up-to-date: /home/auro/Auro/install/auro_interfaces/share/auro_interfaces/cmake/export_auro_interfaces__rosidl_typesupport_fastrtps_cppExport-noconfig.cmake
[3.618s] -- Up-to-date: /home/auro/Auro/install/auro_interfaces/share/auro_interfaces/cmake/auro_interfaces__rosidl_typesupport_introspection_cExport.cmake
[3.618s] -- Up-to-date: /home/auro/Auro/install/auro_interfaces/share/auro_interfaces/cmake/auro_interfaces__rosidl_typesupport_introspection_cExport-noconfig.cmake
[3.618s] -- Up-to-date: /home/auro/Auro/install/auro_interfaces/share/auro_interfaces/cmake/auro_interfaces__rosidl_typesupport_cExport.cmake
[3.619s] -- Up-to-date: /home/auro/Auro/install/auro_interfaces/share/auro_interfaces/cmake/auro_interfaces__rosidl_typesupport_cExport-noconfig.cmake
[3.619s] -- Up-to-date: /home/auro/Auro/install/auro_interfaces/share/auro_interfaces/cmake/auro_interfaces__rosidl_typesupport_introspection_cppExport.cmake
[3.620s] -- Up-to-date: /home/auro/Auro/install/auro_interfaces/share/auro_interfaces/cmake/auro_interfaces__rosidl_typesupport_introspection_cppExport-noconfig.cmake
[3.620s] -- Up-to-date: /home/auro/Auro/install/auro_interfaces/share/auro_interfaces/cmake/auro_interfaces__rosidl_typesupport_cppExport.cmake
[3.620s] -- Up-to-date: /home/auro/Auro/install/auro_interfaces/share/auro_interfaces/cmake/auro_interfaces__rosidl_typesupport_cppExport-noconfig.cmake
[3.621s] -- Up-to-date: /home/auro/Auro/install/auro_interfaces/share/auro_interfaces/cmake/export_auro_interfaces__rosidl_generator_pyExport.cmake
[3.621s] -- Up-to-date: /home/auro/Auro/install/auro_interfaces/share/auro_interfaces/cmake/export_auro_interfaces__rosidl_generator_pyExport-noconfig.cmake
[3.634s] Invoked command in '/home/auro/Auro/build/auro_interfaces' returned '0': CMAKE_PREFIX_PATH=${CMAKE_PREFIX_PATH}:/home/auro/Auro/install/tf_relay:/home/auro/Auro/install/solution:/home/auro/Auro/install/assessment:/home/auro/turtlebot3_ws/install/turtlebot3_teleop:/home/auro/turtlebot3_ws/install/turtlebot3_example:/opt/ros/humble /usr/bin/cmake --install /home/auro/Auro/build/auro_interfaces
