[1.328s] Invoking command in '/home/auro/Auro_Revised/build/assessment': LD_LIBRARY_PATH=/home/auro/Auro_Revised/install/auro_interfaces/lib:/home/auro/Auro_Revised/install/assessment_interfaces/lib:/home/auro/turtlebot3_ws/install/turtlebot3_msgs/lib:/home/auro/turtlebot3_ws/install/dynamixel_sdk_custom_interfaces/lib:/home/auro/turtlebot3_ws/install/dynamixel_sdk/lib:/usr/lib/x86_64-linux-gnu/gazebo-11/plugins:/opt/ros/humble/opt/rviz_ogre_vendor/lib:/opt/ros/humble/lib/x86_64-linux-gnu:/opt/ros/humble/lib:/usr/lib/x86_64-linux-gnu/gazebo-11/plugins PYTHONPATH=/home/auro/Auro_Revised/build/assessment/prefix_override:/usr/lib/python3/dist-packages/colcon_core/task/python/colcon_distutils_commands:/home/auro/Auro_Revised/install/assessment/lib/python3.10/site-packages:${PYTHONPATH} /usr/bin/python3 -W ignore:setup.py install is deprecated setup.py develop --editable --build-directory /home/auro/Auro_Revised/build/assessment/build --no-deps symlink_data
[1.985s] running develop
[2.262s] running egg_info
[2.262s] writing assessment.egg-info/PKG-INFO
[2.263s] writing dependency_links to assessment.egg-info/dependency_links.txt
[2.263s] writing entry points to assessment.egg-info/entry_points.txt
[2.264s] writing requirements to assessment.egg-info/requires.txt
[2.264s] writing top-level names to assessment.egg-info/top_level.txt
[2.267s] reading manifest file 'assessment.egg-info/SOURCES.txt'
[2.270s] writing manifest file 'assessment.egg-info/SOURCES.txt'
[2.272s] running build_ext
[2.272s] Creating /home/auro/Auro_Revised/install/assessment/lib/python3.10/site-packages/assessment.egg-link (link to .)
[2.274s] Installing item_manager script to /home/auro/Auro_Revised/install/assessment/lib/assessment
[2.275s] Installing item_sensor script to /home/auro/Auro_Revised/install/assessment/lib/assessment
[2.275s] Installing robot_sensor script to /home/auro/Auro_Revised/install/assessment/lib/assessment
[2.275s] Installing zone_sensor script to /home/auro/Auro_Revised/install/assessment/lib/assessment
[2.275s] 
[2.276s] Installed /home/auro/Auro_Revised/build/assessment
[2.276s] running symlink_data
[2.351s] Invoked command in '/home/auro/Auro_Revised/build/assessment' returned '0': LD_LIBRARY_PATH=/home/auro/Auro_Revised/install/auro_interfaces/lib:/home/auro/Auro_Revised/install/assessment_interfaces/lib:/home/auro/turtlebot3_ws/install/turtlebot3_msgs/lib:/home/auro/turtlebot3_ws/install/dynamixel_sdk_custom_interfaces/lib:/home/auro/turtlebot3_ws/install/dynamixel_sdk/lib:/usr/lib/x86_64-linux-gnu/gazebo-11/plugins:/opt/ros/humble/opt/rviz_ogre_vendor/lib:/opt/ros/humble/lib/x86_64-linux-gnu:/opt/ros/humble/lib:/usr/lib/x86_64-linux-gnu/gazebo-11/plugins PYTHONPATH=/home/auro/Auro_Revised/build/assessment/prefix_override:/usr/lib/python3/dist-packages/colcon_core/task/python/colcon_distutils_commands:/home/auro/Auro_Revised/install/assessment/lib/python3.10/site-packages:${PYTHONPATH} /usr/bin/python3 -W ignore:setup.py install is deprecated setup.py develop --editable --build-directory /home/auro/Auro_Revised/build/assessment/build --no-deps symlink_data
