[1.581s] Invoking command in '/home/auro/AURO-Revised/build/solution': PYTHONPATH=/home/auro/AURO-Revised/build/solution/prefix_override:/usr/lib/python3/dist-packages/colcon_core/task/python/colcon_distutils_commands:/home/auro/AURO-Revised/install/solution/lib/python3.10/site-packages:${PYTHONPATH} /usr/bin/python3 -W ignore:setup.py install is deprecated setup.py develop --editable --build-directory /home/auro/AURO-Revised/build/solution/build --no-deps symlink_data
[2.083s] running develop
[2.356s] running egg_info
[2.360s] writing solution.egg-info/PKG-INFO
[2.360s] writing dependency_links to solution.egg-info/dependency_links.txt
[2.360s] writing entry points to solution.egg-info/entry_points.txt
[2.360s] writing requirements to solution.egg-info/requires.txt
[2.361s] writing top-level names to solution.egg-info/top_level.txt
[2.363s] reading manifest file 'solution.egg-info/SOURCES.txt'
[2.363s] writing manifest file 'solution.egg-info/SOURCES.txt'
[2.367s] running build_ext
[2.367s] Creating /home/auro/AURO-Revised/install/solution/lib/python3.10/site-packages/solution.egg-link (link to .)
[2.368s] Installing collision_avoidance script to /home/auro/AURO-Revised/install/solution/lib/solution
[2.369s] Installing data_logger script to /home/auro/AURO-Revised/install/solution/lib/solution
[2.369s] Installing navigation script to /home/auro/AURO-Revised/install/solution/lib/solution
[2.369s] Installing robot_controller script to /home/auro/AURO-Revised/install/solution/lib/solution
[2.369s] Installing robot_manager script to /home/auro/AURO-Revised/install/solution/lib/solution
[2.369s] Installing robot_vision script to /home/auro/AURO-Revised/install/solution/lib/solution
[2.369s] 
[2.369s] Installed /home/auro/AURO-Revised/build/solution
[2.369s] running symlink_data
[2.438s] Invoked command in '/home/auro/AURO-Revised/build/solution' returned '0': PYTHONPATH=/home/auro/AURO-Revised/build/solution/prefix_override:/usr/lib/python3/dist-packages/colcon_core/task/python/colcon_distutils_commands:/home/auro/AURO-Revised/install/solution/lib/python3.10/site-packages:${PYTHONPATH} /usr/bin/python3 -W ignore:setup.py install is deprecated setup.py develop --editable --build-directory /home/auro/AURO-Revised/build/solution/build --no-deps symlink_data
