[0.411s] DEBUG:colcon:Command line arguments: ['/usr/bin/colcon', 'build', '--symlink-install']
[0.411s] DEBUG:colcon:Parsed command line arguments: Namespace(log_base=None, log_level=None, verb_name='build', build_base='build', install_base='install', merge_install=False, symlink_install=True, test_result_base=None, continue_on_error=False, executor='parallel', parallel_workers=4, event_handlers=None, ignore_user_meta=False, metas=['./colcon.meta'], base_paths=['.'], packages_ignore=None, packages_ignore_regex=None, paths=None, packages_up_to=None, packages_up_to_regex=None, packages_above=None, packages_above_and_dependencies=None, packages_above_depth=None, packages_select_by_dep=None, packages_skip_by_dep=None, packages_skip_up_to=None, packages_select_build_failed=False, packages_skip_build_finished=False, packages_select_test_failures=False, packages_skip_test_passed=False, packages_select=None, packages_skip=None, packages_select_regex=None, packages_skip_regex=None, packages_start=None, packages_end=None, allow_overriding=[], cmake_args=None, cmake_target=None, cmake_target_skip_unavailable=False, cmake_clean_cache=False, cmake_clean_first=False, cmake_force_configure=False, ament_cmake_args=None, catkin_cmake_args=None, catkin_skip_building_tests=False, mixin_files=None, mixin=None, verb_parser=<colcon_mixin.mixin.mixin_argument.MixinArgumentDecorator object at 0x7bdde9a57010>, verb_extension=<colcon_core.verb.build.BuildVerb object at 0x7bdde9b1ada0>, main=<bound method BuildVerb.main of <colcon_core.verb.build.BuildVerb object at 0x7bdde9b1ada0>>, mixin_verb=('build',))
[0.773s] Level 1:colcon.colcon_core.package_discovery:discover_packages(colcon_meta) check parameters
[0.773s] Level 1:colcon.colcon_core.package_discovery:discover_packages(recursive) check parameters
[0.773s] Level 1:colcon.colcon_core.package_discovery:discover_packages(ignore) check parameters
[0.773s] Level 1:colcon.colcon_core.package_discovery:discover_packages(path) check parameters
[0.773s] Level 1:colcon.colcon_core.package_discovery:discover_packages(colcon_meta) discover
[0.773s] Level 1:colcon.colcon_core.package_discovery:discover_packages(recursive) discover
[0.773s] INFO:colcon.colcon_core.package_discovery:Crawling recursively for packages in '/home/auro/AURO-Revised'
[0.773s] Level 1:colcon.colcon_core.package_identification:_identify(.) by extensions ['ignore', 'ignore_ament_install']
[0.773s] Level 1:colcon.colcon_core.package_identification:_identify(.) by extension 'ignore'
[0.774s] Level 1:colcon.colcon_core.package_identification:_identify(.) by extension 'ignore_ament_install'
[0.774s] Level 1:colcon.colcon_core.package_identification:_identify(.) by extensions ['colcon_pkg']
[0.774s] Level 1:colcon.colcon_core.package_identification:_identify(.) by extension 'colcon_pkg'
[0.774s] Level 1:colcon.colcon_core.package_identification:_identify(.) by extensions ['colcon_meta']
[0.774s] Level 1:colcon.colcon_core.package_identification:_identify(.) by extension 'colcon_meta'
[0.774s] Level 1:colcon.colcon_core.package_identification:_identify(.) by extensions ['ros']
[0.774s] Level 1:colcon.colcon_core.package_identification:_identify(.) by extension 'ros'
[0.818s] Level 1:colcon.colcon_core.package_identification:_identify(.) by extensions ['cmake', 'python']
[0.818s] Level 1:colcon.colcon_core.package_identification:_identify(.) by extension 'cmake'
[0.818s] Level 1:colcon.colcon_core.package_identification:_identify(.) by extension 'python'
[0.818s] Level 1:colcon.colcon_core.package_identification:_identify(.) by extensions ['python_setup_py']
[0.818s] Level 1:colcon.colcon_core.package_identification:_identify(.) by extension 'python_setup_py'
[0.818s] Level 1:colcon.colcon_core.package_identification:_identify(assessment) by extensions ['ignore', 'ignore_ament_install']
[0.818s] Level 1:colcon.colcon_core.package_identification:_identify(assessment) by extension 'ignore'
[0.818s] Level 1:colcon.colcon_core.package_identification:_identify(assessment) by extension 'ignore_ament_install'
[0.819s] Level 1:colcon.colcon_core.package_identification:_identify(assessment) by extensions ['colcon_pkg']
[0.819s] Level 1:colcon.colcon_core.package_identification:_identify(assessment) by extension 'colcon_pkg'
[0.819s] Level 1:colcon.colcon_core.package_identification:_identify(assessment) by extensions ['colcon_meta']
[0.819s] Level 1:colcon.colcon_core.package_identification:_identify(assessment) by extension 'colcon_meta'
[0.819s] Level 1:colcon.colcon_core.package_identification:_identify(assessment) by extensions ['ros']
[0.819s] Level 1:colcon.colcon_core.package_identification:_identify(assessment) by extension 'ros'
[0.823s] DEBUG:colcon.colcon_core.package_identification:Package 'assessment' with type 'ros.ament_python' and name 'assessment'
[0.823s] Level 1:colcon.colcon_core.package_identification:_identify(assessment_interfaces) by extensions ['ignore', 'ignore_ament_install']
[0.823s] Level 1:colcon.colcon_core.package_identification:_identify(assessment_interfaces) by extension 'ignore'
[0.823s] Level 1:colcon.colcon_core.package_identification:_identify(assessment_interfaces) by extension 'ignore_ament_install'
[0.824s] Level 1:colcon.colcon_core.package_identification:_identify(assessment_interfaces) by extensions ['colcon_pkg']
[0.824s] Level 1:colcon.colcon_core.package_identification:_identify(assessment_interfaces) by extension 'colcon_pkg'
[0.824s] Level 1:colcon.colcon_core.package_identification:_identify(assessment_interfaces) by extensions ['colcon_meta']
[0.824s] Level 1:colcon.colcon_core.package_identification:_identify(assessment_interfaces) by extension 'colcon_meta'
[0.824s] Level 1:colcon.colcon_core.package_identification:_identify(assessment_interfaces) by extensions ['ros']
[0.824s] Level 1:colcon.colcon_core.package_identification:_identify(assessment_interfaces) by extension 'ros'
[0.825s] DEBUG:colcon.colcon_core.package_identification:Package 'assessment_interfaces' with type 'ros.ament_cmake' and name 'assessment_interfaces'
[0.825s] Level 1:colcon.colcon_core.package_identification:_identify(auro_interfaces) by extensions ['ignore', 'ignore_ament_install']
[0.825s] Level 1:colcon.colcon_core.package_identification:_identify(auro_interfaces) by extension 'ignore'
[0.825s] Level 1:colcon.colcon_core.package_identification:_identify(auro_interfaces) by extension 'ignore_ament_install'
[0.825s] Level 1:colcon.colcon_core.package_identification:_identify(auro_interfaces) by extensions ['colcon_pkg']
[0.825s] Level 1:colcon.colcon_core.package_identification:_identify(auro_interfaces) by extension 'colcon_pkg'
[0.825s] Level 1:colcon.colcon_core.package_identification:_identify(auro_interfaces) by extensions ['colcon_meta']
[0.825s] Level 1:colcon.colcon_core.package_identification:_identify(auro_interfaces) by extension 'colcon_meta'
[0.825s] Level 1:colcon.colcon_core.package_identification:_identify(auro_interfaces) by extensions ['ros']
[0.825s] Level 1:colcon.colcon_core.package_identification:_identify(auro_interfaces) by extension 'ros'
[0.826s] DEBUG:colcon.colcon_core.package_identification:Package 'auro_interfaces' with type 'ros.ament_cmake' and name 'auro_interfaces'
[0.826s] Level 1:colcon.colcon_core.package_identification:_identify(build) by extensions ['ignore', 'ignore_ament_install']
[0.826s] Level 1:colcon.colcon_core.package_identification:_identify(build) by extension 'ignore'
[0.827s] Level 1:colcon.colcon_core.package_identification:_identify(build) ignored
[0.827s] Level 1:colcon.colcon_core.package_identification:_identify(install) by extensions ['ignore', 'ignore_ament_install']
[0.827s] Level 1:colcon.colcon_core.package_identification:_identify(install) by extension 'ignore'
[0.827s] Level 1:colcon.colcon_core.package_identification:_identify(install) ignored
[0.827s] Level 1:colcon.colcon_core.package_identification:_identify(log) by extensions ['ignore', 'ignore_ament_install']
[0.827s] Level 1:colcon.colcon_core.package_identification:_identify(log) by extension 'ignore'
[0.827s] Level 1:colcon.colcon_core.package_identification:_identify(log) ignored
[0.827s] Level 1:colcon.colcon_core.package_identification:_identify(solution) by extensions ['ignore', 'ignore_ament_install']
[0.827s] Level 1:colcon.colcon_core.package_identification:_identify(solution) by extension 'ignore'
[0.827s] Level 1:colcon.colcon_core.package_identification:_identify(solution) by extension 'ignore_ament_install'
[0.828s] Level 1:colcon.colcon_core.package_identification:_identify(solution) by extensions ['colcon_pkg']
[0.828s] Level 1:colcon.colcon_core.package_identification:_identify(solution) by extension 'colcon_pkg'
[0.828s] Level 1:colcon.colcon_core.package_identification:_identify(solution) by extensions ['colcon_meta']
[0.828s] Level 1:colcon.colcon_core.package_identification:_identify(solution) by extension 'colcon_meta'
[0.828s] Level 1:colcon.colcon_core.package_identification:_identify(solution) by extensions ['ros']
[0.828s] Level 1:colcon.colcon_core.package_identification:_identify(solution) by extension 'ros'
[0.829s] DEBUG:colcon.colcon_core.package_identification:Package 'solution' with type 'ros.ament_python' and name 'solution'
[0.829s] Level 1:colcon.colcon_core.package_identification:_identify(tf_relay) by extensions ['ignore', 'ignore_ament_install']
[0.829s] Level 1:colcon.colcon_core.package_identification:_identify(tf_relay) by extension 'ignore'
[0.829s] Level 1:colcon.colcon_core.package_identification:_identify(tf_relay) by extension 'ignore_ament_install'
[0.829s] Level 1:colcon.colcon_core.package_identification:_identify(tf_relay) by extensions ['colcon_pkg']
[0.829s] Level 1:colcon.colcon_core.package_identification:_identify(tf_relay) by extension 'colcon_pkg'
[0.829s] Level 1:colcon.colcon_core.package_identification:_identify(tf_relay) by extensions ['colcon_meta']
[0.829s] Level 1:colcon.colcon_core.package_identification:_identify(tf_relay) by extension 'colcon_meta'
[0.830s] Level 1:colcon.colcon_core.package_identification:_identify(tf_relay) by extensions ['ros']
[0.830s] Level 1:colcon.colcon_core.package_identification:_identify(tf_relay) by extension 'ros'
[0.831s] DEBUG:colcon.colcon_core.package_identification:Package 'tf_relay' with type 'ros.ament_python' and name 'tf_relay'
[0.831s] Level 1:colcon.colcon_core.package_discovery:discover_packages(recursive) using defaults
[0.831s] Level 1:colcon.colcon_core.package_discovery:discover_packages(ignore) discover
[0.831s] Level 1:colcon.colcon_core.package_discovery:discover_packages(ignore) using defaults
[0.831s] Level 1:colcon.colcon_core.package_discovery:discover_packages(path) discover
[0.831s] Level 1:colcon.colcon_core.package_discovery:discover_packages(path) using defaults
[0.873s] Level 1:colcon.colcon_core.package_discovery:discover_packages(prefix_path) check parameters
[0.873s] Level 1:colcon.colcon_core.package_discovery:discover_packages(prefix_path) discover
[0.879s] DEBUG:colcon.colcon_installed_package_information.package_discovery:Found 15 installed packages in /home/auro/turtlebot3_ws/install
[0.881s] DEBUG:colcon.colcon_installed_package_information.package_discovery:Found 398 installed packages in /opt/ros/humble
[0.884s] Level 1:colcon.colcon_core.package_discovery:discover_packages(prefix_path) using defaults
[0.989s] Level 5:colcon.colcon_core.verb:set package 'assessment_interfaces' build argument 'cmake_args' from command line to 'None'
[0.989s] Level 5:colcon.colcon_core.verb:set package 'assessment_interfaces' build argument 'cmake_target' from command line to 'None'
[0.989s] Level 5:colcon.colcon_core.verb:set package 'assessment_interfaces' build argument 'cmake_target_skip_unavailable' from command line to 'False'
[0.989s] Level 5:colcon.colcon_core.verb:set package 'assessment_interfaces' build argument 'cmake_clean_cache' from command line to 'False'
[0.989s] Level 5:colcon.colcon_core.verb:set package 'assessment_interfaces' build argument 'cmake_clean_first' from command line to 'False'
[0.989s] Level 5:colcon.colcon_core.verb:set package 'assessment_interfaces' build argument 'cmake_force_configure' from command line to 'False'
[0.989s] Level 5:colcon.colcon_core.verb:set package 'assessment_interfaces' build argument 'ament_cmake_args' from command line to 'None'
[0.989s] Level 5:colcon.colcon_core.verb:set package 'assessment_interfaces' build argument 'catkin_cmake_args' from command line to 'None'
[0.989s] Level 5:colcon.colcon_core.verb:set package 'assessment_interfaces' build argument 'catkin_skip_building_tests' from command line to 'False'
[0.989s] DEBUG:colcon.colcon_core.verb:Building package 'assessment_interfaces' with the following arguments: {'ament_cmake_args': None, 'build_base': '/home/auro/AURO-Revised/build/assessment_interfaces', 'catkin_cmake_args': None, 'catkin_skip_building_tests': False, 'cmake_args': None, 'cmake_clean_cache': False, 'cmake_clean_first': False, 'cmake_force_configure': False, 'cmake_target': None, 'cmake_target_skip_unavailable': False, 'install_base': '/home/auro/AURO-Revised/install/assessment_interfaces', 'merge_install': False, 'path': '/home/auro/AURO-Revised/assessment_interfaces', 'symlink_install': True, 'test_result_base': None}
[0.990s] Level 5:colcon.colcon_core.verb:set package 'auro_interfaces' build argument 'cmake_args' from command line to 'None'
[0.990s] Level 5:colcon.colcon_core.verb:set package 'auro_interfaces' build argument 'cmake_target' from command line to 'None'
[0.990s] Level 5:colcon.colcon_core.verb:set package 'auro_interfaces' build argument 'cmake_target_skip_unavailable' from command line to 'False'
[0.990s] Level 5:colcon.colcon_core.verb:set package 'auro_interfaces' build argument 'cmake_clean_cache' from command line to 'False'
[0.990s] Level 5:colcon.colcon_core.verb:set package 'auro_interfaces' build argument 'cmake_clean_first' from command line to 'False'
[0.990s] Level 5:colcon.colcon_core.verb:set package 'auro_interfaces' build argument 'cmake_force_configure' from command line to 'False'
[0.990s] Level 5:colcon.colcon_core.verb:set package 'auro_interfaces' build argument 'ament_cmake_args' from command line to 'None'
[0.990s] Level 5:colcon.colcon_core.verb:set package 'auro_interfaces' build argument 'catkin_cmake_args' from command line to 'None'
[0.990s] Level 5:colcon.colcon_core.verb:set package 'auro_interfaces' build argument 'catkin_skip_building_tests' from command line to 'False'
[0.990s] DEBUG:colcon.colcon_core.verb:Building package 'auro_interfaces' with the following arguments: {'ament_cmake_args': None, 'build_base': '/home/auro/AURO-Revised/build/auro_interfaces', 'catkin_cmake_args': None, 'catkin_skip_building_tests': False, 'cmake_args': None, 'cmake_clean_cache': False, 'cmake_clean_first': False, 'cmake_force_configure': False, 'cmake_target': None, 'cmake_target_skip_unavailable': False, 'install_base': '/home/auro/AURO-Revised/install/auro_interfaces', 'merge_install': False, 'path': '/home/auro/AURO-Revised/auro_interfaces', 'symlink_install': True, 'test_result_base': None}
[0.990s] Level 5:colcon.colcon_core.verb:set package 'solution' build argument 'cmake_args' from command line to 'None'
[0.990s] Level 5:colcon.colcon_core.verb:set package 'solution' build argument 'cmake_target' from command line to 'None'
[0.990s] Level 5:colcon.colcon_core.verb:set package 'solution' build argument 'cmake_target_skip_unavailable' from command line to 'False'
[0.990s] Level 5:colcon.colcon_core.verb:set package 'solution' build argument 'cmake_clean_cache' from command line to 'False'
[0.990s] Level 5:colcon.colcon_core.verb:set package 'solution' build argument 'cmake_clean_first' from command line to 'False'
[0.990s] Level 5:colcon.colcon_core.verb:set package 'solution' build argument 'cmake_force_configure' from command line to 'False'
[0.990s] Level 5:colcon.colcon_core.verb:set package 'solution' build argument 'ament_cmake_args' from command line to 'None'
[0.990s] Level 5:colcon.colcon_core.verb:set package 'solution' build argument 'catkin_cmake_args' from command line to 'None'
[0.990s] Level 5:colcon.colcon_core.verb:set package 'solution' build argument 'catkin_skip_building_tests' from command line to 'False'
[0.991s] DEBUG:colcon.colcon_core.verb:Building package 'solution' with the following arguments: {'ament_cmake_args': None, 'build_base': '/home/auro/AURO-Revised/build/solution', 'catkin_cmake_args': None, 'catkin_skip_building_tests': False, 'cmake_args': None, 'cmake_clean_cache': False, 'cmake_clean_first': False, 'cmake_force_configure': False, 'cmake_target': None, 'cmake_target_skip_unavailable': False, 'install_base': '/home/auro/AURO-Revised/install/solution', 'merge_install': False, 'path': '/home/auro/AURO-Revised/solution', 'symlink_install': True, 'test_result_base': None}
[0.991s] Level 5:colcon.colcon_core.verb:set package 'tf_relay' build argument 'cmake_args' from command line to 'None'
[0.991s] Level 5:colcon.colcon_core.verb:set package 'tf_relay' build argument 'cmake_target' from command line to 'None'
[0.991s] Level 5:colcon.colcon_core.verb:set package 'tf_relay' build argument 'cmake_target_skip_unavailable' from command line to 'False'
[0.991s] Level 5:colcon.colcon_core.verb:set package 'tf_relay' build argument 'cmake_clean_cache' from command line to 'False'
[0.991s] Level 5:colcon.colcon_core.verb:set package 'tf_relay' build argument 'cmake_clean_first' from command line to 'False'
[0.991s] Level 5:colcon.colcon_core.verb:set package 'tf_relay' build argument 'cmake_force_configure' from command line to 'False'
[0.991s] Level 5:colcon.colcon_core.verb:set package 'tf_relay' build argument 'ament_cmake_args' from command line to 'None'
[0.991s] Level 5:colcon.colcon_core.verb:set package 'tf_relay' build argument 'catkin_cmake_args' from command line to 'None'
[0.991s] Level 5:colcon.colcon_core.verb:set package 'tf_relay' build argument 'catkin_skip_building_tests' from command line to 'False'
[0.991s] DEBUG:colcon.colcon_core.verb:Building package 'tf_relay' with the following arguments: {'ament_cmake_args': None, 'build_base': '/home/auro/AURO-Revised/build/tf_relay', 'catkin_cmake_args': None, 'catkin_skip_building_tests': False, 'cmake_args': None, 'cmake_clean_cache': False, 'cmake_clean_first': False, 'cmake_force_configure': False, 'cmake_target': None, 'cmake_target_skip_unavailable': False, 'install_base': '/home/auro/AURO-Revised/install/tf_relay', 'merge_install': False, 'path': '/home/auro/AURO-Revised/tf_relay', 'symlink_install': True, 'test_result_base': None}
[0.992s] Level 5:colcon.colcon_core.verb:set package 'assessment' build argument 'cmake_args' from command line to 'None'
[0.992s] Level 5:colcon.colcon_core.verb:set package 'assessment' build argument 'cmake_target' from command line to 'None'
[0.992s] Level 5:colcon.colcon_core.verb:set package 'assessment' build argument 'cmake_target_skip_unavailable' from command line to 'False'
[0.992s] Level 5:colcon.colcon_core.verb:set package 'assessment' build argument 'cmake_clean_cache' from command line to 'False'
[0.992s] Level 5:colcon.colcon_core.verb:set package 'assessment' build argument 'cmake_clean_first' from command line to 'False'
[0.992s] Level 5:colcon.colcon_core.verb:set package 'assessment' build argument 'cmake_force_configure' from command line to 'False'
[0.992s] Level 5:colcon.colcon_core.verb:set package 'assessment' build argument 'ament_cmake_args' from command line to 'None'
[0.992s] Level 5:colcon.colcon_core.verb:set package 'assessment' build argument 'catkin_cmake_args' from command line to 'None'
[0.992s] Level 5:colcon.colcon_core.verb:set package 'assessment' build argument 'catkin_skip_building_tests' from command line to 'False'
[0.992s] DEBUG:colcon.colcon_core.verb:Building package 'assessment' with the following arguments: {'ament_cmake_args': None, 'build_base': '/home/auro/AURO-Revised/build/assessment', 'catkin_cmake_args': None, 'catkin_skip_building_tests': False, 'cmake_args': None, 'cmake_clean_cache': False, 'cmake_clean_first': False, 'cmake_force_configure': False, 'cmake_target': None, 'cmake_target_skip_unavailable': False, 'install_base': '/home/auro/AURO-Revised/install/assessment', 'merge_install': False, 'path': '/home/auro/AURO-Revised/assessment', 'symlink_install': True, 'test_result_base': None}
[0.992s] INFO:colcon.colcon_core.executor:Executing jobs using 'parallel' executor
[0.993s] DEBUG:colcon.colcon_parallel_executor.executor.parallel:run_until_complete
[0.994s] INFO:colcon.colcon_ros.task.ament_cmake.build:Building ROS package in '/home/auro/AURO-Revised/auro_interfaces' with build type 'ament_cmake'
[0.994s] INFO:colcon.colcon_cmake.task.cmake.build:Building CMake package in '/home/auro/AURO-Revised/auro_interfaces'
[1.002s] INFO:colcon.colcon_core.plugin_system:Skipping extension 'colcon_core.shell.bat': Not used on non-Windows systems
[1.002s] INFO:colcon.colcon_core.shell:Skip shell extension 'powershell' for command environment: Not usable outside of PowerShell
[1.002s] DEBUG:colcon.colcon_core.shell:Skip shell extension 'dsv' for command environment
[1.011s] INFO:colcon.colcon_ros.task.ament_cmake.build:Building ROS package in '/home/auro/AURO-Revised/assessment_interfaces' with build type 'ament_cmake'
[1.012s] INFO:colcon.colcon_cmake.task.cmake.build:Building CMake package in '/home/auro/AURO-Revised/assessment_interfaces'
[1.015s] INFO:colcon.colcon_core.shell:Skip shell extension 'powershell' for command environment: Not usable outside of PowerShell
[1.015s] DEBUG:colcon.colcon_core.shell:Skip shell extension 'dsv' for command environment
[1.023s] INFO:colcon.colcon_ros.task.ament_python.build:Building ROS package in '/home/auro/AURO-Revised/solution' with build type 'ament_python'
[1.023s] Level 1:colcon.colcon_core.shell:create_environment_hook('solution', 'ament_prefix_path')
[1.023s] INFO:colcon.colcon_core.shell:Creating environment hook '/home/auro/AURO-Revised/install/solution/share/solution/hook/ament_prefix_path.ps1'
[1.026s] INFO:colcon.colcon_core.shell:Creating environment descriptor '/home/auro/AURO-Revised/install/solution/share/solution/hook/ament_prefix_path.dsv'
[1.027s] INFO:colcon.colcon_core.shell:Creating environment hook '/home/auro/AURO-Revised/install/solution/share/solution/hook/ament_prefix_path.sh'
[1.029s] INFO:colcon.colcon_core.shell:Skip shell extension 'powershell' for command environment: Not usable outside of PowerShell
[1.029s] DEBUG:colcon.colcon_core.shell:Skip shell extension 'dsv' for command environment
[1.038s] INFO:colcon.colcon_ros.task.ament_python.build:Building ROS package in '/home/auro/AURO-Revised/tf_relay' with build type 'ament_python'
[1.038s] Level 1:colcon.colcon_core.shell:create_environment_hook('tf_relay', 'ament_prefix_path')
[1.038s] INFO:colcon.colcon_core.shell:Creating environment hook '/home/auro/AURO-Revised/install/tf_relay/share/tf_relay/hook/ament_prefix_path.ps1'
[1.040s] INFO:colcon.colcon_core.shell:Creating environment descriptor '/home/auro/AURO-Revised/install/tf_relay/share/tf_relay/hook/ament_prefix_path.dsv'
[1.041s] INFO:colcon.colcon_core.shell:Creating environment hook '/home/auro/AURO-Revised/install/tf_relay/share/tf_relay/hook/ament_prefix_path.sh'
[1.042s] INFO:colcon.colcon_core.shell:Skip shell extension 'powershell' for command environment: Not usable outside of PowerShell
[1.042s] DEBUG:colcon.colcon_core.shell:Skip shell extension 'dsv' for command environment
[1.056s] DEBUG:colcon.colcon_core.event_handler.log_command:Invoking command in '/home/auro/AURO-Revised/build/auro_interfaces': CMAKE_PREFIX_PATH=${CMAKE_PREFIX_PATH}:/home/auro/turtlebot3_ws/install/turtlebot3_teleop:/home/auro/turtlebot3_ws/install/turtlebot3_example:/opt/ros/humble /usr/bin/cmake --build /home/auro/AURO-Revised/build/auro_interfaces -- -j4 -l4
[1.080s] DEBUG:colcon.colcon_core.event_handler.log_command:Invoking command in '/home/auro/AURO-Revised/build/assessment_interfaces': CMAKE_PREFIX_PATH=${CMAKE_PREFIX_PATH}:/home/auro/turtlebot3_ws/install/turtlebot3_teleop:/home/auro/turtlebot3_ws/install/turtlebot3_example:/opt/ros/humble /usr/bin/cmake --build /home/auro/AURO-Revised/build/assessment_interfaces -- -j4 -l4
[1.585s] INFO:colcon.colcon_core.task.python.build:Building Python package in '/home/auro/AURO-Revised/solution'
[1.585s] INFO:colcon.colcon_core.shell:Skip shell extension 'powershell' for command environment: Not usable outside of PowerShell
[1.585s] DEBUG:colcon.colcon_core.shell:Skip shell extension 'dsv' for command environment
[2.042s] INFO:colcon.colcon_core.task.python.build:Building Python package in '/home/auro/AURO-Revised/tf_relay'
[2.042s] INFO:colcon.colcon_core.shell:Skip shell extension 'powershell' for command environment: Not usable outside of PowerShell
[2.043s] DEBUG:colcon.colcon_core.shell:Skip shell extension 'dsv' for command environment
[2.063s] DEBUG:colcon.colcon_core.event_handler.log_command:Invoked command in '/home/auro/AURO-Revised/build/assessment_interfaces' returned '0': CMAKE_PREFIX_PATH=${CMAKE_PREFIX_PATH}:/home/auro/turtlebot3_ws/install/turtlebot3_teleop:/home/auro/turtlebot3_ws/install/turtlebot3_example:/opt/ros/humble /usr/bin/cmake --build /home/auro/AURO-Revised/build/assessment_interfaces -- -j4 -l4
[2.536s] DEBUG:colcon.colcon_core.event_handler.log_command:Invoking command in '/home/auro/AURO-Revised/build/assessment_interfaces': CMAKE_PREFIX_PATH=${CMAKE_PREFIX_PATH}:/home/auro/turtlebot3_ws/install/turtlebot3_teleop:/home/auro/turtlebot3_ws/install/turtlebot3_example:/opt/ros/humble /usr/bin/cmake --install /home/auro/AURO-Revised/build/assessment_interfaces
[2.789s] Level 1:colcon.colcon_core.environment:create_environment_scripts_only(assessment_interfaces)
[2.790s] DEBUG:colcon.colcon_core.event_handler.log_command:Invoked command in '/home/auro/AURO-Revised/build/assessment_interfaces' returned '0': CMAKE_PREFIX_PATH=${CMAKE_PREFIX_PATH}:/home/auro/turtlebot3_ws/install/turtlebot3_teleop:/home/auro/turtlebot3_ws/install/turtlebot3_example:/opt/ros/humble /usr/bin/cmake --install /home/auro/AURO-Revised/build/assessment_interfaces
[2.805s] Level 1:colcon.colcon_core.environment:checking '/home/auro/AURO-Revised/install/assessment_interfaces' for CMake module files
[2.806s] Level 1:colcon.colcon_core.environment:checking '/home/auro/AURO-Revised/install/assessment_interfaces' for CMake config files
[2.809s] Level 1:colcon.colcon_core.shell:create_environment_hook('assessment_interfaces', 'cmake_prefix_path')
[2.810s] INFO:colcon.colcon_core.shell:Creating environment hook '/home/auro/AURO-Revised/install/assessment_interfaces/share/assessment_interfaces/hook/cmake_prefix_path.ps1'
[2.811s] INFO:colcon.colcon_core.shell:Creating environment descriptor '/home/auro/AURO-Revised/install/assessment_interfaces/share/assessment_interfaces/hook/cmake_prefix_path.dsv'
[2.812s] INFO:colcon.colcon_core.shell:Creating environment hook '/home/auro/AURO-Revised/install/assessment_interfaces/share/assessment_interfaces/hook/cmake_prefix_path.sh'
[2.813s] Level 1:colcon.colcon_core.environment:checking '/home/auro/AURO-Revised/install/assessment_interfaces/lib'
[2.813s] Level 1:colcon.colcon_core.shell:create_environment_hook('assessment_interfaces', 'ld_library_path_lib')
[2.814s] INFO:colcon.colcon_core.shell:Creating environment hook '/home/auro/AURO-Revised/install/assessment_interfaces/share/assessment_interfaces/hook/ld_library_path_lib.ps1'
[2.814s] INFO:colcon.colcon_core.shell:Creating environment descriptor '/home/auro/AURO-Revised/install/assessment_interfaces/share/assessment_interfaces/hook/ld_library_path_lib.dsv'
[2.815s] INFO:colcon.colcon_core.shell:Creating environment hook '/home/auro/AURO-Revised/install/assessment_interfaces/share/assessment_interfaces/hook/ld_library_path_lib.sh'
[2.816s] Level 1:colcon.colcon_core.environment:checking '/home/auro/AURO-Revised/install/assessment_interfaces/bin'
[2.816s] Level 1:colcon.colcon_core.environment:checking '/home/auro/AURO-Revised/install/assessment_interfaces/lib/pkgconfig/assessment_interfaces.pc'
[2.816s] Level 1:colcon.colcon_core.environment:checking '/home/auro/AURO-Revised/install/assessment_interfaces/lib/python3.10/site-packages'
[2.816s] Level 1:colcon.colcon_core.environment:checking '/home/auro/AURO-Revised/install/assessment_interfaces/bin'
[2.817s] INFO:colcon.colcon_core.shell:Creating package script '/home/auro/AURO-Revised/install/assessment_interfaces/share/assessment_interfaces/package.ps1'
[2.819s] INFO:colcon.colcon_core.shell:Creating package descriptor '/home/auro/AURO-Revised/install/assessment_interfaces/share/assessment_interfaces/package.dsv'
[2.820s] INFO:colcon.colcon_core.shell:Creating package script '/home/auro/AURO-Revised/install/assessment_interfaces/share/assessment_interfaces/package.sh'
[2.822s] INFO:colcon.colcon_core.shell:Creating package script '/home/auro/AURO-Revised/install/assessment_interfaces/share/assessment_interfaces/package.bash'
[2.825s] INFO:colcon.colcon_core.shell:Creating package script '/home/auro/AURO-Revised/install/assessment_interfaces/share/assessment_interfaces/package.zsh'
[2.833s] Level 1:colcon.colcon_core.environment:create_file_with_runtime_dependencies(/home/auro/AURO-Revised/install/assessment_interfaces/share/colcon-core/packages/assessment_interfaces)
[2.872s] DEBUG:colcon.colcon_core.event_handler.log_command:Invoking command in '/home/auro/AURO-Revised/build/solution': PYTHONPATH=/home/auro/AURO-Revised/build/solution/prefix_override:/usr/lib/python3/dist-packages/colcon_core/task/python/colcon_distutils_commands:/home/auro/AURO-Revised/install/solution/lib/python3.10/site-packages:${PYTHONPATH} /usr/bin/python3 -W ignore:setup.py install is deprecated setup.py develop --editable --build-directory /home/auro/AURO-Revised/build/solution/build --no-deps symlink_data
[2.874s] DEBUG:colcon.colcon_core.event_handler.log_command:Invoking command in '/home/auro/AURO-Revised/build/tf_relay': PYTHONPATH=/home/auro/AURO-Revised/build/tf_relay/prefix_override:/usr/lib/python3/dist-packages/colcon_core/task/python/colcon_distutils_commands:/home/auro/AURO-Revised/install/tf_relay/lib/python3.10/site-packages:${PYTHONPATH} /usr/bin/python3 -W ignore:setup.py install is deprecated setup.py develop --editable --build-directory /home/auro/AURO-Revised/build/tf_relay/build --no-deps symlink_data
[3.390s] Level 1:colcon.colcon_core.environment:create_environment_scripts_only(assessment_interfaces)
[3.390s] Level 1:colcon.colcon_core.environment:checking '/home/auro/AURO-Revised/install/assessment_interfaces' for CMake module files
[3.391s] Level 1:colcon.colcon_core.environment:checking '/home/auro/AURO-Revised/install/assessment_interfaces' for CMake config files
[3.393s] Level 1:colcon.colcon_core.shell:create_environment_hook('assessment_interfaces', 'cmake_prefix_path')
[3.393s] INFO:colcon.colcon_core.shell:Creating environment hook '/home/auro/AURO-Revised/install/assessment_interfaces/share/assessment_interfaces/hook/cmake_prefix_path.ps1'
[3.394s] INFO:colcon.colcon_core.shell:Creating environment descriptor '/home/auro/AURO-Revised/install/assessment_interfaces/share/assessment_interfaces/hook/cmake_prefix_path.dsv'
[3.395s] INFO:colcon.colcon_core.shell:Creating environment hook '/home/auro/AURO-Revised/install/assessment_interfaces/share/assessment_interfaces/hook/cmake_prefix_path.sh'
[3.395s] Level 1:colcon.colcon_core.environment:checking '/home/auro/AURO-Revised/install/assessment_interfaces/lib'
[3.395s] Level 1:colcon.colcon_core.shell:create_environment_hook('assessment_interfaces', 'ld_library_path_lib')
[3.396s] INFO:colcon.colcon_core.shell:Creating environment hook '/home/auro/AURO-Revised/install/assessment_interfaces/share/assessment_interfaces/hook/ld_library_path_lib.ps1'
[3.396s] INFO:colcon.colcon_core.shell:Creating environment descriptor '/home/auro/AURO-Revised/install/assessment_interfaces/share/assessment_interfaces/hook/ld_library_path_lib.dsv'
[3.397s] INFO:colcon.colcon_core.shell:Creating environment hook '/home/auro/AURO-Revised/install/assessment_interfaces/share/assessment_interfaces/hook/ld_library_path_lib.sh'
[3.397s] Level 1:colcon.colcon_core.environment:checking '/home/auro/AURO-Revised/install/assessment_interfaces/bin'
[3.397s] Level 1:colcon.colcon_core.environment:checking '/home/auro/AURO-Revised/install/assessment_interfaces/lib/pkgconfig/assessment_interfaces.pc'
[3.398s] Level 1:colcon.colcon_core.environment:checking '/home/auro/AURO-Revised/install/assessment_interfaces/lib/python3.10/site-packages'
[3.398s] Level 1:colcon.colcon_core.environment:checking '/home/auro/AURO-Revised/install/assessment_interfaces/bin'
[3.399s] INFO:colcon.colcon_core.shell:Creating package script '/home/auro/AURO-Revised/install/assessment_interfaces/share/assessment_interfaces/package.ps1'
[3.399s] INFO:colcon.colcon_core.shell:Creating package descriptor '/home/auro/AURO-Revised/install/assessment_interfaces/share/assessment_interfaces/package.dsv'
[3.400s] INFO:colcon.colcon_core.shell:Creating package script '/home/auro/AURO-Revised/install/assessment_interfaces/share/assessment_interfaces/package.sh'
[3.401s] INFO:colcon.colcon_core.shell:Creating package script '/home/auro/AURO-Revised/install/assessment_interfaces/share/assessment_interfaces/package.bash'
[3.401s] INFO:colcon.colcon_core.shell:Creating package script '/home/auro/AURO-Revised/install/assessment_interfaces/share/assessment_interfaces/package.zsh'
[3.402s] Level 1:colcon.colcon_core.environment:create_file_with_runtime_dependencies(/home/auro/AURO-Revised/install/assessment_interfaces/share/colcon-core/packages/assessment_interfaces)
[3.666s] Level 1:colcon.colcon_core.shell:create_environment_hook('tf_relay', 'pythonpath_develop')
[3.667s] INFO:colcon.colcon_core.shell:Creating environment hook '/home/auro/AURO-Revised/build/tf_relay/share/tf_relay/hook/pythonpath_develop.ps1'
[3.668s] DEBUG:colcon.colcon_core.event_handler.log_command:Invoked command in '/home/auro/AURO-Revised/build/tf_relay' returned '0': PYTHONPATH=/home/auro/AURO-Revised/build/tf_relay/prefix_override:/usr/lib/python3/dist-packages/colcon_core/task/python/colcon_distutils_commands:/home/auro/AURO-Revised/install/tf_relay/lib/python3.10/site-packages:${PYTHONPATH} /usr/bin/python3 -W ignore:setup.py install is deprecated setup.py develop --editable --build-directory /home/auro/AURO-Revised/build/tf_relay/build --no-deps symlink_data
[3.669s] INFO:colcon.colcon_core.shell:Creating environment descriptor '/home/auro/AURO-Revised/build/tf_relay/share/tf_relay/hook/pythonpath_develop.dsv'
[3.670s] INFO:colcon.colcon_core.shell:Creating environment hook '/home/auro/AURO-Revised/build/tf_relay/share/tf_relay/hook/pythonpath_develop.sh'
[3.671s] Level 1:colcon.colcon_core.environment:checking '/home/auro/AURO-Revised/install/tf_relay' for CMake module files
[3.672s] Level 1:colcon.colcon_core.environment:checking '/home/auro/AURO-Revised/install/tf_relay' for CMake config files
[3.673s] Level 1:colcon.colcon_core.environment:checking '/home/auro/AURO-Revised/install/tf_relay/lib'
[3.673s] Level 1:colcon.colcon_core.environment:checking '/home/auro/AURO-Revised/install/tf_relay/bin'
[3.673s] Level 1:colcon.colcon_core.environment:checking '/home/auro/AURO-Revised/install/tf_relay/lib/pkgconfig/tf_relay.pc'
[3.674s] Level 1:colcon.colcon_core.environment:checking '/home/auro/AURO-Revised/install/tf_relay/lib/python3.10/site-packages'
[3.674s] Level 1:colcon.colcon_core.shell:create_environment_hook('tf_relay', 'pythonpath')
[3.674s] INFO:colcon.colcon_core.shell:Creating environment hook '/home/auro/AURO-Revised/install/tf_relay/share/tf_relay/hook/pythonpath.ps1'
[3.675s] INFO:colcon.colcon_core.shell:Creating environment descriptor '/home/auro/AURO-Revised/install/tf_relay/share/tf_relay/hook/pythonpath.dsv'
[3.675s] INFO:colcon.colcon_core.shell:Creating environment hook '/home/auro/AURO-Revised/install/tf_relay/share/tf_relay/hook/pythonpath.sh'
[3.676s] Level 1:colcon.colcon_core.environment:checking '/home/auro/AURO-Revised/install/tf_relay/bin'
[3.676s] Level 1:colcon.colcon_core.environment:create_environment_scripts_only(tf_relay)
[3.677s] INFO:colcon.colcon_core.shell:Creating package script '/home/auro/AURO-Revised/install/tf_relay/share/tf_relay/package.ps1'
[3.678s] INFO:colcon.colcon_core.shell:Creating package descriptor '/home/auro/AURO-Revised/install/tf_relay/share/tf_relay/package.dsv'
[3.679s] INFO:colcon.colcon_core.shell:Creating package script '/home/auro/AURO-Revised/install/tf_relay/share/tf_relay/package.sh'
[3.679s] INFO:colcon.colcon_core.shell:Creating package script '/home/auro/AURO-Revised/install/tf_relay/share/tf_relay/package.bash'
[3.680s] INFO:colcon.colcon_core.shell:Creating package script '/home/auro/AURO-Revised/install/tf_relay/share/tf_relay/package.zsh'
[3.681s] Level 1:colcon.colcon_core.environment:create_file_with_runtime_dependencies(/home/auro/AURO-Revised/install/tf_relay/share/colcon-core/packages/tf_relay)
[3.684s] Level 1:colcon.colcon_core.shell:create_environment_hook('solution', 'pythonpath_develop')
[3.685s] INFO:colcon.colcon_core.shell:Creating environment hook '/home/auro/AURO-Revised/build/solution/share/solution/hook/pythonpath_develop.ps1'
[3.685s] DEBUG:colcon.colcon_core.event_handler.log_command:Invoked command in '/home/auro/AURO-Revised/build/solution' returned '0': PYTHONPATH=/home/auro/AURO-Revised/build/solution/prefix_override:/usr/lib/python3/dist-packages/colcon_core/task/python/colcon_distutils_commands:/home/auro/AURO-Revised/install/solution/lib/python3.10/site-packages:${PYTHONPATH} /usr/bin/python3 -W ignore:setup.py install is deprecated setup.py develop --editable --build-directory /home/auro/AURO-Revised/build/solution/build --no-deps symlink_data
[3.687s] INFO:colcon.colcon_core.shell:Creating environment descriptor '/home/auro/AURO-Revised/build/solution/share/solution/hook/pythonpath_develop.dsv'
[3.687s] INFO:colcon.colcon_core.shell:Creating environment hook '/home/auro/AURO-Revised/build/solution/share/solution/hook/pythonpath_develop.sh'
[3.688s] Level 1:colcon.colcon_core.environment:checking '/home/auro/AURO-Revised/install/solution' for CMake module files
[3.689s] Level 1:colcon.colcon_core.environment:checking '/home/auro/AURO-Revised/install/solution' for CMake config files
[3.690s] Level 1:colcon.colcon_core.environment:checking '/home/auro/AURO-Revised/install/solution/lib'
[3.691s] Level 1:colcon.colcon_core.environment:checking '/home/auro/AURO-Revised/install/solution/bin'
[3.691s] Level 1:colcon.colcon_core.environment:checking '/home/auro/AURO-Revised/install/solution/lib/pkgconfig/solution.pc'
[3.691s] Level 1:colcon.colcon_core.environment:checking '/home/auro/AURO-Revised/install/solution/lib/python3.10/site-packages'
[3.691s] Level 1:colcon.colcon_core.shell:create_environment_hook('solution', 'pythonpath')
[3.691s] INFO:colcon.colcon_core.shell:Creating environment hook '/home/auro/AURO-Revised/install/solution/share/solution/hook/pythonpath.ps1'
[3.692s] INFO:colcon.colcon_core.shell:Creating environment descriptor '/home/auro/AURO-Revised/install/solution/share/solution/hook/pythonpath.dsv'
[3.692s] INFO:colcon.colcon_core.shell:Creating environment hook '/home/auro/AURO-Revised/install/solution/share/solution/hook/pythonpath.sh'
[3.693s] Level 1:colcon.colcon_core.environment:checking '/home/auro/AURO-Revised/install/solution/bin'
[3.693s] Level 1:colcon.colcon_core.environment:create_environment_scripts_only(solution)
[3.695s] INFO:colcon.colcon_core.shell:Creating package script '/home/auro/AURO-Revised/install/solution/share/solution/package.ps1'
[3.696s] INFO:colcon.colcon_core.shell:Creating package descriptor '/home/auro/AURO-Revised/install/solution/share/solution/package.dsv'
[3.697s] INFO:colcon.colcon_core.shell:Creating package script '/home/auro/AURO-Revised/install/solution/share/solution/package.sh'
[3.697s] INFO:colcon.colcon_core.shell:Creating package script '/home/auro/AURO-Revised/install/solution/share/solution/package.bash'
[3.699s] INFO:colcon.colcon_core.shell:Creating package script '/home/auro/AURO-Revised/install/solution/share/solution/package.zsh'
[3.700s] Level 1:colcon.colcon_core.environment:create_file_with_runtime_dependencies(/home/auro/AURO-Revised/install/solution/share/colcon-core/packages/solution)
[20.745s] DEBUG:colcon.colcon_core.event_handler.log_command:Invoked command in '/home/auro/AURO-Revised/build/auro_interfaces' returned '0': CMAKE_PREFIX_PATH=${CMAKE_PREFIX_PATH}:/home/auro/turtlebot3_ws/install/turtlebot3_teleop:/home/auro/turtlebot3_ws/install/turtlebot3_example:/opt/ros/humble /usr/bin/cmake --build /home/auro/AURO-Revised/build/auro_interfaces -- -j4 -l4
[21.156s] DEBUG:colcon.colcon_core.event_handler.log_command:Invoking command in '/home/auro/AURO-Revised/build/auro_interfaces': CMAKE_PREFIX_PATH=${CMAKE_PREFIX_PATH}:/home/auro/turtlebot3_ws/install/turtlebot3_teleop:/home/auro/turtlebot3_ws/install/turtlebot3_example:/opt/ros/humble /usr/bin/cmake --install /home/auro/AURO-Revised/build/auro_interfaces
[21.408s] Level 1:colcon.colcon_core.environment:create_environment_scripts_only(auro_interfaces)
[21.408s] Level 1:colcon.colcon_core.environment:checking '/home/auro/AURO-Revised/install/auro_interfaces' for CMake module files
[21.409s] DEBUG:colcon.colcon_core.event_handler.log_command:Invoked command in '/home/auro/AURO-Revised/build/auro_interfaces' returned '0': CMAKE_PREFIX_PATH=${CMAKE_PREFIX_PATH}:/home/auro/turtlebot3_ws/install/turtlebot3_teleop:/home/auro/turtlebot3_ws/install/turtlebot3_example:/opt/ros/humble /usr/bin/cmake --install /home/auro/AURO-Revised/build/auro_interfaces
[21.410s] Level 1:colcon.colcon_core.environment:checking '/home/auro/AURO-Revised/install/auro_interfaces' for CMake config files
[21.413s] Level 1:colcon.colcon_core.shell:create_environment_hook('auro_interfaces', 'cmake_prefix_path')
[21.413s] INFO:colcon.colcon_core.shell:Creating environment hook '/home/auro/AURO-Revised/install/auro_interfaces/share/auro_interfaces/hook/cmake_prefix_path.ps1'
[21.414s] INFO:colcon.colcon_core.shell:Creating environment descriptor '/home/auro/AURO-Revised/install/auro_interfaces/share/auro_interfaces/hook/cmake_prefix_path.dsv'
[21.414s] INFO:colcon.colcon_core.shell:Creating environment hook '/home/auro/AURO-Revised/install/auro_interfaces/share/auro_interfaces/hook/cmake_prefix_path.sh'
[21.415s] Level 1:colcon.colcon_core.environment:checking '/home/auro/AURO-Revised/install/auro_interfaces/lib'
[21.415s] Level 1:colcon.colcon_core.shell:create_environment_hook('auro_interfaces', 'ld_library_path_lib')
[21.416s] INFO:colcon.colcon_core.shell:Creating environment hook '/home/auro/AURO-Revised/install/auro_interfaces/share/auro_interfaces/hook/ld_library_path_lib.ps1'
[21.416s] INFO:colcon.colcon_core.shell:Creating environment descriptor '/home/auro/AURO-Revised/install/auro_interfaces/share/auro_interfaces/hook/ld_library_path_lib.dsv'
[21.417s] INFO:colcon.colcon_core.shell:Creating environment hook '/home/auro/AURO-Revised/install/auro_interfaces/share/auro_interfaces/hook/ld_library_path_lib.sh'
[21.417s] Level 1:colcon.colcon_core.environment:checking '/home/auro/AURO-Revised/install/auro_interfaces/bin'
[21.418s] Level 1:colcon.colcon_core.environment:checking '/home/auro/AURO-Revised/install/auro_interfaces/lib/pkgconfig/auro_interfaces.pc'
[21.418s] Level 1:colcon.colcon_core.environment:checking '/home/auro/AURO-Revised/install/auro_interfaces/lib/python3.10/site-packages'
[21.418s] Level 1:colcon.colcon_core.environment:checking '/home/auro/AURO-Revised/install/auro_interfaces/bin'
[21.419s] INFO:colcon.colcon_core.shell:Creating package script '/home/auro/AURO-Revised/install/auro_interfaces/share/auro_interfaces/package.ps1'
[21.419s] INFO:colcon.colcon_core.shell:Creating package descriptor '/home/auro/AURO-Revised/install/auro_interfaces/share/auro_interfaces/package.dsv'
[21.420s] INFO:colcon.colcon_core.shell:Creating package script '/home/auro/AURO-Revised/install/auro_interfaces/share/auro_interfaces/package.sh'
[21.420s] INFO:colcon.colcon_core.shell:Creating package script '/home/auro/AURO-Revised/install/auro_interfaces/share/auro_interfaces/package.bash'
[21.421s] INFO:colcon.colcon_core.shell:Creating package script '/home/auro/AURO-Revised/install/auro_interfaces/share/auro_interfaces/package.zsh'
[21.421s] Level 1:colcon.colcon_core.environment:create_file_with_runtime_dependencies(/home/auro/AURO-Revised/install/auro_interfaces/share/colcon-core/packages/auro_interfaces)
[21.822s] Level 1:colcon.colcon_core.environment:create_environment_scripts_only(auro_interfaces)
[21.822s] Level 1:colcon.colcon_core.environment:checking '/home/auro/AURO-Revised/install/auro_interfaces' for CMake module files
[21.823s] Level 1:colcon.colcon_core.environment:checking '/home/auro/AURO-Revised/install/auro_interfaces' for CMake config files
[21.825s] Level 1:colcon.colcon_core.shell:create_environment_hook('auro_interfaces', 'cmake_prefix_path')
[21.825s] INFO:colcon.colcon_core.shell:Creating environment hook '/home/auro/AURO-Revised/install/auro_interfaces/share/auro_interfaces/hook/cmake_prefix_path.ps1'
[21.826s] INFO:colcon.colcon_core.shell:Creating environment descriptor '/home/auro/AURO-Revised/install/auro_interfaces/share/auro_interfaces/hook/cmake_prefix_path.dsv'
[21.826s] INFO:colcon.colcon_core.shell:Creating environment hook '/home/auro/AURO-Revised/install/auro_interfaces/share/auro_interfaces/hook/cmake_prefix_path.sh'
[21.827s] Level 1:colcon.colcon_core.environment:checking '/home/auro/AURO-Revised/install/auro_interfaces/lib'
[21.827s] Level 1:colcon.colcon_core.shell:create_environment_hook('auro_interfaces', 'ld_library_path_lib')
[21.827s] INFO:colcon.colcon_core.shell:Creating environment hook '/home/auro/AURO-Revised/install/auro_interfaces/share/auro_interfaces/hook/ld_library_path_lib.ps1'
[21.828s] INFO:colcon.colcon_core.shell:Creating environment descriptor '/home/auro/AURO-Revised/install/auro_interfaces/share/auro_interfaces/hook/ld_library_path_lib.dsv'
[21.828s] INFO:colcon.colcon_core.shell:Creating environment hook '/home/auro/AURO-Revised/install/auro_interfaces/share/auro_interfaces/hook/ld_library_path_lib.sh'
[21.829s] Level 1:colcon.colcon_core.environment:checking '/home/auro/AURO-Revised/install/auro_interfaces/bin'
[21.829s] Level 1:colcon.colcon_core.environment:checking '/home/auro/AURO-Revised/install/auro_interfaces/lib/pkgconfig/auro_interfaces.pc'
[21.829s] Level 1:colcon.colcon_core.environment:checking '/home/auro/AURO-Revised/install/auro_interfaces/lib/python3.10/site-packages'
[21.829s] Level 1:colcon.colcon_core.environment:checking '/home/auro/AURO-Revised/install/auro_interfaces/bin'
[21.830s] INFO:colcon.colcon_core.shell:Creating package script '/home/auro/AURO-Revised/install/auro_interfaces/share/auro_interfaces/package.ps1'
[21.830s] INFO:colcon.colcon_core.shell:Creating package descriptor '/home/auro/AURO-Revised/install/auro_interfaces/share/auro_interfaces/package.dsv'
[21.831s] INFO:colcon.colcon_core.shell:Creating package script '/home/auro/AURO-Revised/install/auro_interfaces/share/auro_interfaces/package.sh'
[21.832s] INFO:colcon.colcon_core.shell:Creating package script '/home/auro/AURO-Revised/install/auro_interfaces/share/auro_interfaces/package.bash'
[21.832s] INFO:colcon.colcon_core.shell:Creating package script '/home/auro/AURO-Revised/install/auro_interfaces/share/auro_interfaces/package.zsh'
[21.833s] Level 1:colcon.colcon_core.environment:create_file_with_runtime_dependencies(/home/auro/AURO-Revised/install/auro_interfaces/share/colcon-core/packages/auro_interfaces)
[21.833s] INFO:colcon.colcon_ros.task.ament_python.build:Building ROS package in '/home/auro/AURO-Revised/assessment' with build type 'ament_python'
[21.833s] Level 1:colcon.colcon_core.shell:create_environment_hook('assessment', 'ament_prefix_path')
[21.834s] INFO:colcon.colcon_core.shell:Creating environment hook '/home/auro/AURO-Revised/install/assessment/share/assessment/hook/ament_prefix_path.ps1'
[21.842s] INFO:colcon.colcon_core.shell:Creating environment descriptor '/home/auro/AURO-Revised/install/assessment/share/assessment/hook/ament_prefix_path.dsv'
[21.843s] INFO:colcon.colcon_core.shell:Creating environment hook '/home/auro/AURO-Revised/install/assessment/share/assessment/hook/ament_prefix_path.sh'
[21.844s] INFO:colcon.colcon_core.shell:Skip shell extension 'powershell' for command environment: Not usable outside of PowerShell
[21.844s] DEBUG:colcon.colcon_core.shell:Skip shell extension 'dsv' for command environment
[22.233s] INFO:colcon.colcon_core.task.python.build:Building Python package in '/home/auro/AURO-Revised/assessment'
[22.233s] INFO:colcon.colcon_core.shell:Skip shell extension 'powershell' for command environment: Not usable outside of PowerShell
[22.233s] DEBUG:colcon.colcon_core.shell:Skip shell extension 'dsv' for command environment
[22.754s] DEBUG:colcon.colcon_core.event_handler.log_command:Invoking command in '/home/auro/AURO-Revised/build/assessment': AMENT_PREFIX_PATH=/home/auro/AURO-Revised/install/auro_interfaces:${AMENT_PREFIX_PATH} CMAKE_PREFIX_PATH=/home/auro/AURO-Revised/install/auro_interfaces:${CMAKE_PREFIX_PATH} LD_LIBRARY_PATH=/home/auro/AURO-Revised/install/auro_interfaces/lib:/home/auro/turtlebot3_ws/install/turtlebot3_msgs/lib:/home/auro/turtlebot3_ws/install/dynamixel_sdk_custom_interfaces/lib:/home/auro/turtlebot3_ws/install/dynamixel_sdk/lib:/usr/lib/x86_64-linux-gnu/gazebo-11/plugins:/opt/ros/humble/opt/rviz_ogre_vendor/lib:/opt/ros/humble/lib/x86_64-linux-gnu:/opt/ros/humble/lib:/usr/lib/x86_64-linux-gnu/gazebo-11/plugins PYTHONPATH=/home/auro/AURO-Revised/build/assessment/prefix_override:/usr/lib/python3/dist-packages/colcon_core/task/python/colcon_distutils_commands:/home/auro/AURO-Revised/install/assessment/lib/python3.10/site-packages:/home/auro/AURO-Revised/install/auro_interfaces/local/lib/python3.10/dist-packages:${PYTHONPATH} /usr/bin/python3 -W ignore:setup.py install is deprecated setup.py develop --editable --build-directory /home/auro/AURO-Revised/build/assessment/build --no-deps symlink_data
[23.417s] Level 1:colcon.colcon_core.shell:create_environment_hook('assessment', 'pythonpath_develop')
[23.417s] INFO:colcon.colcon_core.shell:Creating environment hook '/home/auro/AURO-Revised/build/assessment/share/assessment/hook/pythonpath_develop.ps1'
[23.419s] DEBUG:colcon.colcon_core.event_handler.log_command:Invoked command in '/home/auro/AURO-Revised/build/assessment' returned '0': AMENT_PREFIX_PATH=/home/auro/AURO-Revised/install/auro_interfaces:${AMENT_PREFIX_PATH} CMAKE_PREFIX_PATH=/home/auro/AURO-Revised/install/auro_interfaces:${CMAKE_PREFIX_PATH} LD_LIBRARY_PATH=/home/auro/AURO-Revised/install/auro_interfaces/lib:/home/auro/turtlebot3_ws/install/turtlebot3_msgs/lib:/home/auro/turtlebot3_ws/install/dynamixel_sdk_custom_interfaces/lib:/home/auro/turtlebot3_ws/install/dynamixel_sdk/lib:/usr/lib/x86_64-linux-gnu/gazebo-11/plugins:/opt/ros/humble/opt/rviz_ogre_vendor/lib:/opt/ros/humble/lib/x86_64-linux-gnu:/opt/ros/humble/lib:/usr/lib/x86_64-linux-gnu/gazebo-11/plugins PYTHONPATH=/home/auro/AURO-Revised/build/assessment/prefix_override:/usr/lib/python3/dist-packages/colcon_core/task/python/colcon_distutils_commands:/home/auro/AURO-Revised/install/assessment/lib/python3.10/site-packages:/home/auro/AURO-Revised/install/auro_interfaces/local/lib/python3.10/dist-packages:${PYTHONPATH} /usr/bin/python3 -W ignore:setup.py install is deprecated setup.py develop --editable --build-directory /home/auro/AURO-Revised/build/assessment/build --no-deps symlink_data
[23.419s] INFO:colcon.colcon_core.shell:Creating environment descriptor '/home/auro/AURO-Revised/build/assessment/share/assessment/hook/pythonpath_develop.dsv'
[23.420s] INFO:colcon.colcon_core.shell:Creating environment hook '/home/auro/AURO-Revised/build/assessment/share/assessment/hook/pythonpath_develop.sh'
[23.420s] Level 1:colcon.colcon_core.environment:checking '/home/auro/AURO-Revised/install/assessment' for CMake module files
[23.421s] Level 1:colcon.colcon_core.environment:checking '/home/auro/AURO-Revised/install/assessment' for CMake config files
[23.423s] Level 1:colcon.colcon_core.environment:checking '/home/auro/AURO-Revised/install/assessment/lib'
[23.423s] Level 1:colcon.colcon_core.environment:checking '/home/auro/AURO-Revised/install/assessment/bin'
[23.423s] Level 1:colcon.colcon_core.environment:checking '/home/auro/AURO-Revised/install/assessment/lib/pkgconfig/assessment.pc'
[23.423s] Level 1:colcon.colcon_core.environment:checking '/home/auro/AURO-Revised/install/assessment/lib/python3.10/site-packages'
[23.423s] Level 1:colcon.colcon_core.shell:create_environment_hook('assessment', 'pythonpath')
[23.424s] INFO:colcon.colcon_core.shell:Creating environment hook '/home/auro/AURO-Revised/install/assessment/share/assessment/hook/pythonpath.ps1'
[23.424s] INFO:colcon.colcon_core.shell:Creating environment descriptor '/home/auro/AURO-Revised/install/assessment/share/assessment/hook/pythonpath.dsv'
[23.425s] INFO:colcon.colcon_core.shell:Creating environment hook '/home/auro/AURO-Revised/install/assessment/share/assessment/hook/pythonpath.sh'
[23.425s] Level 1:colcon.colcon_core.environment:checking '/home/auro/AURO-Revised/install/assessment/bin'
[23.425s] Level 1:colcon.colcon_core.environment:create_environment_scripts_only(assessment)
[23.426s] INFO:colcon.colcon_core.shell:Creating package script '/home/auro/AURO-Revised/install/assessment/share/assessment/package.ps1'
[23.426s] INFO:colcon.colcon_core.shell:Creating package descriptor '/home/auro/AURO-Revised/install/assessment/share/assessment/package.dsv'
[23.427s] INFO:colcon.colcon_core.shell:Creating package script '/home/auro/AURO-Revised/install/assessment/share/assessment/package.sh'
[23.428s] INFO:colcon.colcon_core.shell:Creating package script '/home/auro/AURO-Revised/install/assessment/share/assessment/package.bash'
[23.428s] INFO:colcon.colcon_core.shell:Creating package script '/home/auro/AURO-Revised/install/assessment/share/assessment/package.zsh'
[23.428s] Level 1:colcon.colcon_core.environment:create_file_with_runtime_dependencies(/home/auro/AURO-Revised/install/assessment/share/colcon-core/packages/assessment)
[23.429s] DEBUG:colcon.colcon_parallel_executor.executor.parallel:closing loop
[23.429s] DEBUG:colcon.colcon_parallel_executor.executor.parallel:loop closed
[23.430s] DEBUG:colcon.colcon_parallel_executor.executor.parallel:run_until_complete finished with '0'
[23.430s] DEBUG:colcon.colcon_core.event_reactor:joining thread
[23.439s] INFO:colcon.colcon_core.plugin_system:Skipping extension 'colcon_notification.desktop_notification.terminal_notifier': Not used on non-Darwin systems
[23.439s] INFO:colcon.colcon_core.plugin_system:Skipping extension 'colcon_notification.desktop_notification.win32': Not used on non-Windows systems
[23.439s] INFO:colcon.colcon_notification.desktop_notification:Sending desktop notification using 'notify2'
[23.468s] DEBUG:colcon.colcon_core.event_reactor:joined thread
[23.468s] INFO:colcon.colcon_core.shell:Creating prefix script '/home/auro/AURO-Revised/install/local_setup.ps1'
[23.470s] INFO:colcon.colcon_core.shell:Creating prefix util module '/home/auro/AURO-Revised/install/_local_setup_util_ps1.py'
[23.473s] INFO:colcon.colcon_core.shell:Creating prefix chain script '/home/auro/AURO-Revised/install/setup.ps1'
[23.476s] INFO:colcon.colcon_core.shell:Creating prefix script '/home/auro/AURO-Revised/install/local_setup.sh'
[23.478s] INFO:colcon.colcon_core.shell:Creating prefix util module '/home/auro/AURO-Revised/install/_local_setup_util_sh.py'
[23.478s] INFO:colcon.colcon_core.shell:Creating prefix chain script '/home/auro/AURO-Revised/install/setup.sh'
[23.485s] INFO:colcon.colcon_core.shell:Creating prefix script '/home/auro/AURO-Revised/install/local_setup.bash'
[23.487s] INFO:colcon.colcon_core.shell:Creating prefix chain script '/home/auro/AURO-Revised/install/setup.bash'
[23.491s] INFO:colcon.colcon_core.shell:Creating prefix script '/home/auro/AURO-Revised/install/local_setup.zsh'
[23.492s] INFO:colcon.colcon_core.shell:Creating prefix chain script '/home/auro/AURO-Revised/install/setup.zsh'
