[1.650s] Invoking command in '/home/auro/Auro/build/solution': PYTHONPATH=/home/auro/Auro/build/solution/prefix_override:/usr/lib/python3/dist-packages/colcon_core/task/python/colcon_distutils_commands:/home/auro/Auro/install/solution/lib/python3.10/site-packages:${PYTHONPATH} /usr/bin/python3 -W ignore:setup.py install is deprecated setup.py develop --editable --build-directory /home/auro/Auro/build/solution/build --no-deps symlink_data
[2.332s] running develop
[2.707s] running egg_info
[2.707s] writing solution.egg-info/PKG-INFO
[2.712s] writing dependency_links to solution.egg-info/dependency_links.txt
[2.712s] writing entry points to solution.egg-info/entry_points.txt
[2.712s] writing requirements to solution.egg-info/requires.txt
[2.712s] writing top-level names to solution.egg-info/top_level.txt
[2.719s] reading manifest file 'solution.egg-info/SOURCES.txt'
[2.721s] writing manifest file 'solution.egg-info/SOURCES.txt'
[2.727s] running build_ext
[2.730s] Creating /home/auro/Auro/install/solution/lib/python3.10/site-packages/solution.egg-link (link to .)
[2.730s] Installing data_logger script to /home/auro/Auro/install/solution/lib/solution
[2.730s] Installing robot_controller script to /home/auro/Auro/install/solution/lib/solution
[2.730s] Installing robot_vision script to /home/auro/Auro/install/solution/lib/solution
[2.730s] Installing route_planner script to /home/auro/Auro/install/solution/lib/solution
[2.730s] 
[2.731s] Installed /home/auro/Auro/build/solution
[2.731s] running symlink_data
[3.184s] Invoked command in '/home/auro/Auro/build/solution' returned '0': PYTHONPATH=/home/auro/Auro/build/solution/prefix_override:/usr/lib/python3/dist-packages/colcon_core/task/python/colcon_distutils_commands:/home/auro/Auro/install/solution/lib/python3.10/site-packages:${PYTHONPATH} /usr/bin/python3 -W ignore:setup.py install is deprecated setup.py develop --editable --build-directory /home/auro/Auro/build/solution/build --no-deps symlink_data
