[0.156s] DEBUG:colcon:Command line arguments: ['/usr/bin/colcon', 'build', '--symlink-install']
[0.156s] DEBUG:colcon:Parsed command line arguments: Namespace(log_base=None, log_level=None, verb_name='build', build_base='build', install_base='install', merge_install=False, symlink_install=True, test_result_base=None, continue_on_error=False, executor='parallel', parallel_workers=4, event_handlers=None, ignore_user_meta=False, metas=['./colcon.meta'], base_paths=['.'], packages_ignore=None, packages_ignore_regex=None, paths=None, packages_up_to=None, packages_up_to_regex=None, packages_above=None, packages_above_and_dependencies=None, packages_above_depth=None, packages_select_by_dep=None, packages_skip_by_dep=None, packages_skip_up_to=None, packages_select_build_failed=False, packages_skip_build_finished=False, packages_select_test_failures=False, packages_skip_test_passed=False, packages_select=None, packages_skip=None, packages_select_regex=None, packages_skip_regex=None, packages_start=None, packages_end=None, allow_overriding=[], cmake_args=None, cmake_target=None, cmake_target_skip_unavailable=False, cmake_clean_cache=False, cmake_clean_first=False, cmake_force_configure=False, ament_cmake_args=None, catkin_cmake_args=None, catkin_skip_building_tests=False, mixin_files=None, mixin=None, verb_parser=<colcon_mixin.mixin.mixin_argument.MixinArgumentDecorator object at 0x76025284bfa0>, verb_extension=<colcon_core.verb.build.BuildVerb object at 0x76025284b1f0>, main=<bound method BuildVerb.main of <colcon_core.verb.build.BuildVerb object at 0x76025284b1f0>>, mixin_verb=('build',))
[0.385s] Level 1:colcon.colcon_core.package_discovery:discover_packages(colcon_meta) check parameters
[0.386s] Level 1:colcon.colcon_core.package_discovery:discover_packages(recursive) check parameters
[0.386s] Level 1:colcon.colcon_core.package_discovery:discover_packages(ignore) check parameters
[0.386s] Level 1:colcon.colcon_core.package_discovery:discover_packages(path) check parameters
[0.386s] Level 1:colcon.colcon_core.package_discovery:discover_packages(colcon_meta) discover
[0.386s] Level 1:colcon.colcon_core.package_discovery:discover_packages(recursive) discover
[0.386s] INFO:colcon.colcon_core.package_discovery:Crawling recursively for packages in '/home/auro/Auro'
[0.386s] Level 1:colcon.colcon_core.package_identification:_identify(.) by extensions ['ignore', 'ignore_ament_install']
[0.386s] Level 1:colcon.colcon_core.package_identification:_identify(.) by extension 'ignore'
[0.386s] Level 1:colcon.colcon_core.package_identification:_identify(.) by extension 'ignore_ament_install'
[0.386s] Level 1:colcon.colcon_core.package_identification:_identify(.) by extensions ['colcon_pkg']
[0.386s] Level 1:colcon.colcon_core.package_identification:_identify(.) by extension 'colcon_pkg'
[0.386s] Level 1:colcon.colcon_core.package_identification:_identify(.) by extensions ['colcon_meta']
[0.386s] Level 1:colcon.colcon_core.package_identification:_identify(.) by extension 'colcon_meta'
[0.386s] Level 1:colcon.colcon_core.package_identification:_identify(.) by extensions ['ros']
[0.386s] Level 1:colcon.colcon_core.package_identification:_identify(.) by extension 'ros'
[0.400s] Level 1:colcon.colcon_core.package_identification:_identify(.) by extensions ['cmake', 'python']
[0.400s] Level 1:colcon.colcon_core.package_identification:_identify(.) by extension 'cmake'
[0.400s] Level 1:colcon.colcon_core.package_identification:_identify(.) by extension 'python'
[0.400s] Level 1:colcon.colcon_core.package_identification:_identify(.) by extensions ['python_setup_py']
[0.400s] Level 1:colcon.colcon_core.package_identification:_identify(.) by extension 'python_setup_py'
[0.400s] Level 1:colcon.colcon_core.package_identification:_identify(assessment) by extensions ['ignore', 'ignore_ament_install']
[0.400s] Level 1:colcon.colcon_core.package_identification:_identify(assessment) by extension 'ignore'
[0.400s] Level 1:colcon.colcon_core.package_identification:_identify(assessment) by extension 'ignore_ament_install'
[0.400s] Level 1:colcon.colcon_core.package_identification:_identify(assessment) by extensions ['colcon_pkg']
[0.400s] Level 1:colcon.colcon_core.package_identification:_identify(assessment) by extension 'colcon_pkg'
[0.401s] Level 1:colcon.colcon_core.package_identification:_identify(assessment) by extensions ['colcon_meta']
[0.401s] Level 1:colcon.colcon_core.package_identification:_identify(assessment) by extension 'colcon_meta'
[0.401s] Level 1:colcon.colcon_core.package_identification:_identify(assessment) by extensions ['ros']
[0.401s] Level 1:colcon.colcon_core.package_identification:_identify(assessment) by extension 'ros'
[0.404s] DEBUG:colcon.colcon_core.package_identification:Package 'assessment' with type 'ros.ament_python' and name 'assessment'
[0.404s] Level 1:colcon.colcon_core.package_identification:_identify(assessment_interfaces) by extensions ['ignore', 'ignore_ament_install']
[0.404s] Level 1:colcon.colcon_core.package_identification:_identify(assessment_interfaces) by extension 'ignore'
[0.404s] Level 1:colcon.colcon_core.package_identification:_identify(assessment_interfaces) by extension 'ignore_ament_install'
[0.404s] Level 1:colcon.colcon_core.package_identification:_identify(assessment_interfaces) by extensions ['colcon_pkg']
[0.404s] Level 1:colcon.colcon_core.package_identification:_identify(assessment_interfaces) by extension 'colcon_pkg'
[0.404s] Level 1:colcon.colcon_core.package_identification:_identify(assessment_interfaces) by extensions ['colcon_meta']
[0.404s] Level 1:colcon.colcon_core.package_identification:_identify(assessment_interfaces) by extension 'colcon_meta'
[0.404s] Level 1:colcon.colcon_core.package_identification:_identify(assessment_interfaces) by extensions ['ros']
[0.405s] Level 1:colcon.colcon_core.package_identification:_identify(assessment_interfaces) by extension 'ros'
[0.405s] DEBUG:colcon.colcon_core.package_identification:Package 'assessment_interfaces' with type 'ros.ament_cmake' and name 'assessment_interfaces'
[0.405s] Level 1:colcon.colcon_core.package_identification:_identify(auro_interfaces) by extensions ['ignore', 'ignore_ament_install']
[0.405s] Level 1:colcon.colcon_core.package_identification:_identify(auro_interfaces) by extension 'ignore'
[0.406s] Level 1:colcon.colcon_core.package_identification:_identify(auro_interfaces) by extension 'ignore_ament_install'
[0.406s] Level 1:colcon.colcon_core.package_identification:_identify(auro_interfaces) by extensions ['colcon_pkg']
[0.406s] Level 1:colcon.colcon_core.package_identification:_identify(auro_interfaces) by extension 'colcon_pkg'
[0.406s] Level 1:colcon.colcon_core.package_identification:_identify(auro_interfaces) by extensions ['colcon_meta']
[0.406s] Level 1:colcon.colcon_core.package_identification:_identify(auro_interfaces) by extension 'colcon_meta'
[0.406s] Level 1:colcon.colcon_core.package_identification:_identify(auro_interfaces) by extensions ['ros']
[0.406s] Level 1:colcon.colcon_core.package_identification:_identify(auro_interfaces) by extension 'ros'
[0.407s] DEBUG:colcon.colcon_core.package_identification:Package 'auro_interfaces' with type 'ros.ament_cmake' and name 'auro_interfaces'
[0.407s] Level 1:colcon.colcon_core.package_identification:_identify(build) by extensions ['ignore', 'ignore_ament_install']
[0.407s] Level 1:colcon.colcon_core.package_identification:_identify(build) by extension 'ignore'
[0.407s] Level 1:colcon.colcon_core.package_identification:_identify(build) ignored
[0.407s] Level 1:colcon.colcon_core.package_identification:_identify(install) by extensions ['ignore', 'ignore_ament_install']
[0.407s] Level 1:colcon.colcon_core.package_identification:_identify(install) by extension 'ignore'
[0.407s] Level 1:colcon.colcon_core.package_identification:_identify(install) ignored
[0.407s] Level 1:colcon.colcon_core.package_identification:_identify(log) by extensions ['ignore', 'ignore_ament_install']
[0.408s] Level 1:colcon.colcon_core.package_identification:_identify(log) by extension 'ignore'
[0.408s] Level 1:colcon.colcon_core.package_identification:_identify(log) ignored
[0.408s] Level 1:colcon.colcon_core.package_identification:_identify(solution) by extensions ['ignore', 'ignore_ament_install']
[0.408s] Level 1:colcon.colcon_core.package_identification:_identify(solution) by extension 'ignore'
[0.408s] Level 1:colcon.colcon_core.package_identification:_identify(solution) by extension 'ignore_ament_install'
[0.408s] Level 1:colcon.colcon_core.package_identification:_identify(solution) by extensions ['colcon_pkg']
[0.408s] Level 1:colcon.colcon_core.package_identification:_identify(solution) by extension 'colcon_pkg'
[0.408s] Level 1:colcon.colcon_core.package_identification:_identify(solution) by extensions ['colcon_meta']
[0.408s] Level 1:colcon.colcon_core.package_identification:_identify(solution) by extension 'colcon_meta'
[0.408s] Level 1:colcon.colcon_core.package_identification:_identify(solution) by extensions ['ros']
[0.408s] Level 1:colcon.colcon_core.package_identification:_identify(solution) by extension 'ros'
[0.409s] DEBUG:colcon.colcon_core.package_identification:Package 'solution' with type 'ros.ament_python' and name 'solution'
[0.409s] Level 1:colcon.colcon_core.package_identification:_identify(tf_relay) by extensions ['ignore', 'ignore_ament_install']
[0.409s] Level 1:colcon.colcon_core.package_identification:_identify(tf_relay) by extension 'ignore'
[0.409s] Level 1:colcon.colcon_core.package_identification:_identify(tf_relay) by extension 'ignore_ament_install'
[0.409s] Level 1:colcon.colcon_core.package_identification:_identify(tf_relay) by extensions ['colcon_pkg']
[0.409s] Level 1:colcon.colcon_core.package_identification:_identify(tf_relay) by extension 'colcon_pkg'
[0.409s] Level 1:colcon.colcon_core.package_identification:_identify(tf_relay) by extensions ['colcon_meta']
[0.409s] Level 1:colcon.colcon_core.package_identification:_identify(tf_relay) by extension 'colcon_meta'
[0.409s] Level 1:colcon.colcon_core.package_identification:_identify(tf_relay) by extensions ['ros']
[0.409s] Level 1:colcon.colcon_core.package_identification:_identify(tf_relay) by extension 'ros'
[0.410s] DEBUG:colcon.colcon_core.package_identification:Package 'tf_relay' with type 'ros.ament_python' and name 'tf_relay'
[0.410s] Level 1:colcon.colcon_core.package_discovery:discover_packages(recursive) using defaults
[0.410s] Level 1:colcon.colcon_core.package_discovery:discover_packages(ignore) discover
[0.410s] Level 1:colcon.colcon_core.package_discovery:discover_packages(ignore) using defaults
[0.410s] Level 1:colcon.colcon_core.package_discovery:discover_packages(path) discover
[0.410s] Level 1:colcon.colcon_core.package_discovery:discover_packages(path) using defaults
[0.459s] Level 1:colcon.colcon_core.package_discovery:discover_packages(prefix_path) check parameters
[0.459s] Level 1:colcon.colcon_core.package_discovery:discover_packages(prefix_path) discover
[0.462s] DEBUG:colcon.colcon_installed_package_information.package_discovery:Found 5 installed packages in /home/auro/Auro/install
[0.463s] DEBUG:colcon.colcon_installed_package_information.package_discovery:Found 15 installed packages in /home/auro/turtlebot3_ws/install
[0.466s] DEBUG:colcon.colcon_installed_package_information.package_discovery:Found 398 installed packages in /opt/ros/humble
[0.469s] Level 1:colcon.colcon_core.package_discovery:discover_packages(prefix_path) using defaults
[0.542s] Level 5:colcon.colcon_core.verb:set package 'assessment_interfaces' build argument 'cmake_args' from command line to 'None'
[0.542s] Level 5:colcon.colcon_core.verb:set package 'assessment_interfaces' build argument 'cmake_target' from command line to 'None'
[0.542s] Level 5:colcon.colcon_core.verb:set package 'assessment_interfaces' build argument 'cmake_target_skip_unavailable' from command line to 'False'
[0.542s] Level 5:colcon.colcon_core.verb:set package 'assessment_interfaces' build argument 'cmake_clean_cache' from command line to 'False'
[0.542s] Level 5:colcon.colcon_core.verb:set package 'assessment_interfaces' build argument 'cmake_clean_first' from command line to 'False'
[0.542s] Level 5:colcon.colcon_core.verb:set package 'assessment_interfaces' build argument 'cmake_force_configure' from command line to 'False'
[0.542s] Level 5:colcon.colcon_core.verb:set package 'assessment_interfaces' build argument 'ament_cmake_args' from command line to 'None'
[0.542s] Level 5:colcon.colcon_core.verb:set package 'assessment_interfaces' build argument 'catkin_cmake_args' from command line to 'None'
[0.542s] Level 5:colcon.colcon_core.verb:set package 'assessment_interfaces' build argument 'catkin_skip_building_tests' from command line to 'False'
[0.542s] DEBUG:colcon.colcon_core.verb:Building package 'assessment_interfaces' with the following arguments: {'ament_cmake_args': None, 'build_base': '/home/auro/Auro/build/assessment_interfaces', 'catkin_cmake_args': None, 'catkin_skip_building_tests': False, 'cmake_args': None, 'cmake_clean_cache': False, 'cmake_clean_first': False, 'cmake_force_configure': False, 'cmake_target': None, 'cmake_target_skip_unavailable': False, 'install_base': '/home/auro/Auro/install/assessment_interfaces', 'merge_install': False, 'path': '/home/auro/Auro/assessment_interfaces', 'symlink_install': True, 'test_result_base': None}
[0.543s] Level 5:colcon.colcon_core.verb:set package 'auro_interfaces' build argument 'cmake_args' from command line to 'None'
[0.543s] Level 5:colcon.colcon_core.verb:set package 'auro_interfaces' build argument 'cmake_target' from command line to 'None'
[0.543s] Level 5:colcon.colcon_core.verb:set package 'auro_interfaces' build argument 'cmake_target_skip_unavailable' from command line to 'False'
[0.543s] Level 5:colcon.colcon_core.verb:set package 'auro_interfaces' build argument 'cmake_clean_cache' from command line to 'False'
[0.543s] Level 5:colcon.colcon_core.verb:set package 'auro_interfaces' build argument 'cmake_clean_first' from command line to 'False'
[0.543s] Level 5:colcon.colcon_core.verb:set package 'auro_interfaces' build argument 'cmake_force_configure' from command line to 'False'
[0.543s] Level 5:colcon.colcon_core.verb:set package 'auro_interfaces' build argument 'ament_cmake_args' from command line to 'None'
[0.543s] Level 5:colcon.colcon_core.verb:set package 'auro_interfaces' build argument 'catkin_cmake_args' from command line to 'None'
[0.543s] Level 5:colcon.colcon_core.verb:set package 'auro_interfaces' build argument 'catkin_skip_building_tests' from command line to 'False'
[0.543s] DEBUG:colcon.colcon_core.verb:Building package 'auro_interfaces' with the following arguments: {'ament_cmake_args': None, 'build_base': '/home/auro/Auro/build/auro_interfaces', 'catkin_cmake_args': None, 'catkin_skip_building_tests': False, 'cmake_args': None, 'cmake_clean_cache': False, 'cmake_clean_first': False, 'cmake_force_configure': False, 'cmake_target': None, 'cmake_target_skip_unavailable': False, 'install_base': '/home/auro/Auro/install/auro_interfaces', 'merge_install': False, 'path': '/home/auro/Auro/auro_interfaces', 'symlink_install': True, 'test_result_base': None}
[0.544s] Level 5:colcon.colcon_core.verb:set package 'solution' build argument 'cmake_args' from command line to 'None'
[0.544s] Level 5:colcon.colcon_core.verb:set package 'solution' build argument 'cmake_target' from command line to 'None'
[0.544s] Level 5:colcon.colcon_core.verb:set package 'solution' build argument 'cmake_target_skip_unavailable' from command line to 'False'
[0.544s] Level 5:colcon.colcon_core.verb:set package 'solution' build argument 'cmake_clean_cache' from command line to 'False'
[0.544s] Level 5:colcon.colcon_core.verb:set package 'solution' build argument 'cmake_clean_first' from command line to 'False'
[0.544s] Level 5:colcon.colcon_core.verb:set package 'solution' build argument 'cmake_force_configure' from command line to 'False'
[0.544s] Level 5:colcon.colcon_core.verb:set package 'solution' build argument 'ament_cmake_args' from command line to 'None'
[0.544s] Level 5:colcon.colcon_core.verb:set package 'solution' build argument 'catkin_cmake_args' from command line to 'None'
[0.544s] Level 5:colcon.colcon_core.verb:set package 'solution' build argument 'catkin_skip_building_tests' from command line to 'False'
[0.544s] DEBUG:colcon.colcon_core.verb:Building package 'solution' with the following arguments: {'ament_cmake_args': None, 'build_base': '/home/auro/Auro/build/solution', 'catkin_cmake_args': None, 'catkin_skip_building_tests': False, 'cmake_args': None, 'cmake_clean_cache': False, 'cmake_clean_first': False, 'cmake_force_configure': False, 'cmake_target': None, 'cmake_target_skip_unavailable': False, 'install_base': '/home/auro/Auro/install/solution', 'merge_install': False, 'path': '/home/auro/Auro/solution', 'symlink_install': True, 'test_result_base': None}
[0.544s] Level 5:colcon.colcon_core.verb:set package 'tf_relay' build argument 'cmake_args' from command line to 'None'
[0.544s] Level 5:colcon.colcon_core.verb:set package 'tf_relay' build argument 'cmake_target' from command line to 'None'
[0.544s] Level 5:colcon.colcon_core.verb:set package 'tf_relay' build argument 'cmake_target_skip_unavailable' from command line to 'False'
[0.544s] Level 5:colcon.colcon_core.verb:set package 'tf_relay' build argument 'cmake_clean_cache' from command line to 'False'
[0.544s] Level 5:colcon.colcon_core.verb:set package 'tf_relay' build argument 'cmake_clean_first' from command line to 'False'
[0.544s] Level 5:colcon.colcon_core.verb:set package 'tf_relay' build argument 'cmake_force_configure' from command line to 'False'
[0.544s] Level 5:colcon.colcon_core.verb:set package 'tf_relay' build argument 'ament_cmake_args' from command line to 'None'
[0.544s] Level 5:colcon.colcon_core.verb:set package 'tf_relay' build argument 'catkin_cmake_args' from command line to 'None'
[0.544s] Level 5:colcon.colcon_core.verb:set package 'tf_relay' build argument 'catkin_skip_building_tests' from command line to 'False'
[0.545s] DEBUG:colcon.colcon_core.verb:Building package 'tf_relay' with the following arguments: {'ament_cmake_args': None, 'build_base': '/home/auro/Auro/build/tf_relay', 'catkin_cmake_args': None, 'catkin_skip_building_tests': False, 'cmake_args': None, 'cmake_clean_cache': False, 'cmake_clean_first': False, 'cmake_force_configure': False, 'cmake_target': None, 'cmake_target_skip_unavailable': False, 'install_base': '/home/auro/Auro/install/tf_relay', 'merge_install': False, 'path': '/home/auro/Auro/tf_relay', 'symlink_install': True, 'test_result_base': None}
[0.545s] Level 5:colcon.colcon_core.verb:set package 'assessment' build argument 'cmake_args' from command line to 'None'
[0.545s] Level 5:colcon.colcon_core.verb:set package 'assessment' build argument 'cmake_target' from command line to 'None'
[0.545s] Level 5:colcon.colcon_core.verb:set package 'assessment' build argument 'cmake_target_skip_unavailable' from command line to 'False'
[0.545s] Level 5:colcon.colcon_core.verb:set package 'assessment' build argument 'cmake_clean_cache' from command line to 'False'
[0.545s] Level 5:colcon.colcon_core.verb:set package 'assessment' build argument 'cmake_clean_first' from command line to 'False'
[0.545s] Level 5:colcon.colcon_core.verb:set package 'assessment' build argument 'cmake_force_configure' from command line to 'False'
[0.545s] Level 5:colcon.colcon_core.verb:set package 'assessment' build argument 'ament_cmake_args' from command line to 'None'
[0.545s] Level 5:colcon.colcon_core.verb:set package 'assessment' build argument 'catkin_cmake_args' from command line to 'None'
[0.545s] Level 5:colcon.colcon_core.verb:set package 'assessment' build argument 'catkin_skip_building_tests' from command line to 'False'
[0.545s] DEBUG:colcon.colcon_core.verb:Building package 'assessment' with the following arguments: {'ament_cmake_args': None, 'build_base': '/home/auro/Auro/build/assessment', 'catkin_cmake_args': None, 'catkin_skip_building_tests': False, 'cmake_args': None, 'cmake_clean_cache': False, 'cmake_clean_first': False, 'cmake_force_configure': False, 'cmake_target': None, 'cmake_target_skip_unavailable': False, 'install_base': '/home/auro/Auro/install/assessment', 'merge_install': False, 'path': '/home/auro/Auro/assessment', 'symlink_install': True, 'test_result_base': None}
[0.545s] INFO:colcon.colcon_core.executor:Executing jobs using 'parallel' executor
[0.547s] DEBUG:colcon.colcon_parallel_executor.executor.parallel:run_until_complete
[0.547s] INFO:colcon.colcon_ros.task.ament_cmake.build:Building ROS package in '/home/auro/Auro/auro_interfaces' with build type 'ament_cmake'
[0.547s] INFO:colcon.colcon_cmake.task.cmake.build:Building CMake package in '/home/auro/Auro/auro_interfaces'
[0.550s] INFO:colcon.colcon_core.plugin_system:Skipping extension 'colcon_core.shell.bat': Not used on non-Windows systems
[0.550s] INFO:colcon.colcon_core.shell:Skip shell extension 'powershell' for command environment: Not usable outside of PowerShell
[0.550s] DEBUG:colcon.colcon_core.shell:Skip shell extension 'dsv' for command environment
[0.558s] INFO:colcon.colcon_ros.task.ament_cmake.build:Building ROS package in '/home/auro/Auro/assessment_interfaces' with build type 'ament_cmake'
[0.559s] INFO:colcon.colcon_cmake.task.cmake.build:Building CMake package in '/home/auro/Auro/assessment_interfaces'
[0.559s] INFO:colcon.colcon_core.shell:Skip shell extension 'powershell' for command environment: Not usable outside of PowerShell
[0.559s] DEBUG:colcon.colcon_core.shell:Skip shell extension 'dsv' for command environment
[0.568s] INFO:colcon.colcon_ros.task.ament_python.build:Building ROS package in '/home/auro/Auro/solution' with build type 'ament_python'
[0.568s] Level 1:colcon.colcon_core.shell:create_environment_hook('solution', 'ament_prefix_path')
[0.569s] INFO:colcon.colcon_core.shell:Creating environment hook '/home/auro/Auro/install/solution/share/solution/hook/ament_prefix_path.ps1'
[0.570s] INFO:colcon.colcon_core.shell:Creating environment descriptor '/home/auro/Auro/install/solution/share/solution/hook/ament_prefix_path.dsv'
[0.571s] INFO:colcon.colcon_core.shell:Creating environment hook '/home/auro/Auro/install/solution/share/solution/hook/ament_prefix_path.sh'
[0.573s] INFO:colcon.colcon_core.shell:Skip shell extension 'powershell' for command environment: Not usable outside of PowerShell
[0.573s] DEBUG:colcon.colcon_core.shell:Skip shell extension 'dsv' for command environment
[0.581s] INFO:colcon.colcon_ros.task.ament_python.build:Building ROS package in '/home/auro/Auro/tf_relay' with build type 'ament_python'
[0.582s] Level 1:colcon.colcon_core.shell:create_environment_hook('tf_relay', 'ament_prefix_path')
[0.582s] INFO:colcon.colcon_core.shell:Creating environment hook '/home/auro/Auro/install/tf_relay/share/tf_relay/hook/ament_prefix_path.ps1'
[0.583s] INFO:colcon.colcon_core.shell:Creating environment descriptor '/home/auro/Auro/install/tf_relay/share/tf_relay/hook/ament_prefix_path.dsv'
[0.584s] INFO:colcon.colcon_core.shell:Creating environment hook '/home/auro/Auro/install/tf_relay/share/tf_relay/hook/ament_prefix_path.sh'
[0.585s] INFO:colcon.colcon_core.shell:Skip shell extension 'powershell' for command environment: Not usable outside of PowerShell
[0.585s] DEBUG:colcon.colcon_core.shell:Skip shell extension 'dsv' for command environment
[0.602s] DEBUG:colcon.colcon_core.event_handler.log_command:Invoking command in '/home/auro/Auro/build/auro_interfaces': CMAKE_PREFIX_PATH=${CMAKE_PREFIX_PATH}:/home/auro/Auro/install/tf_relay:/home/auro/Auro/install/solution:/home/auro/Auro/install/assessment:/home/auro/turtlebot3_ws/install/turtlebot3_teleop:/home/auro/turtlebot3_ws/install/turtlebot3_example:/opt/ros/humble /usr/bin/cmake --build /home/auro/Auro/build/auro_interfaces -- -j4 -l4
[0.612s] DEBUG:colcon.colcon_core.event_handler.log_command:Invoking command in '/home/auro/Auro/build/assessment_interfaces': CMAKE_PREFIX_PATH=${CMAKE_PREFIX_PATH}:/home/auro/Auro/install/tf_relay:/home/auro/Auro/install/solution:/home/auro/Auro/install/assessment:/home/auro/turtlebot3_ws/install/turtlebot3_teleop:/home/auro/turtlebot3_ws/install/turtlebot3_example:/opt/ros/humble /usr/bin/cmake --build /home/auro/Auro/build/assessment_interfaces -- -j4 -l4
[1.006s] INFO:colcon.colcon_core.task.python.build:Building Python package in '/home/auro/Auro/solution'
[1.007s] INFO:colcon.colcon_core.shell:Skip shell extension 'powershell' for command environment: Not usable outside of PowerShell
[1.007s] DEBUG:colcon.colcon_core.shell:Skip shell extension 'dsv' for command environment
[1.455s] INFO:colcon.colcon_core.task.python.build:Building Python package in '/home/auro/Auro/tf_relay'
[1.455s] INFO:colcon.colcon_core.shell:Skip shell extension 'powershell' for command environment: Not usable outside of PowerShell
[1.456s] DEBUG:colcon.colcon_core.shell:Skip shell extension 'dsv' for command environment
[1.704s] DEBUG:colcon.colcon_core.event_handler.log_command:Invoked command in '/home/auro/Auro/build/auro_interfaces' returned '0': CMAKE_PREFIX_PATH=${CMAKE_PREFIX_PATH}:/home/auro/Auro/install/tf_relay:/home/auro/Auro/install/solution:/home/auro/Auro/install/assessment:/home/auro/turtlebot3_ws/install/turtlebot3_teleop:/home/auro/turtlebot3_ws/install/turtlebot3_example:/opt/ros/humble /usr/bin/cmake --build /home/auro/Auro/build/auro_interfaces -- -j4 -l4
[1.762s] DEBUG:colcon.colcon_core.event_handler.log_command:Invoked command in '/home/auro/Auro/build/assessment_interfaces' returned '0': CMAKE_PREFIX_PATH=${CMAKE_PREFIX_PATH}:/home/auro/Auro/install/tf_relay:/home/auro/Auro/install/solution:/home/auro/Auro/install/assessment:/home/auro/turtlebot3_ws/install/turtlebot3_teleop:/home/auro/turtlebot3_ws/install/turtlebot3_example:/opt/ros/humble /usr/bin/cmake --build /home/auro/Auro/build/assessment_interfaces -- -j4 -l4
[2.017s] DEBUG:colcon.colcon_core.event_handler.log_command:Invoking command in '/home/auro/Auro/build/auro_interfaces': CMAKE_PREFIX_PATH=${CMAKE_PREFIX_PATH}:/home/auro/Auro/install/tf_relay:/home/auro/Auro/install/solution:/home/auro/Auro/install/assessment:/home/auro/turtlebot3_ws/install/turtlebot3_teleop:/home/auro/turtlebot3_ws/install/turtlebot3_example:/opt/ros/humble /usr/bin/cmake --install /home/auro/Auro/build/auro_interfaces
[2.068s] DEBUG:colcon.colcon_core.event_handler.log_command:Invoking command in '/home/auro/Auro/build/tf_relay': PYTHONPATH=/home/auro/Auro/build/tf_relay/prefix_override:/usr/lib/python3/dist-packages/colcon_core/task/python/colcon_distutils_commands:/home/auro/Auro/install/tf_relay/lib/python3.10/site-packages:${PYTHONPATH} /usr/bin/python3 -W ignore:setup.py install is deprecated setup.py develop --editable --build-directory /home/auro/Auro/build/tf_relay/build --no-deps symlink_data
[2.127s] DEBUG:colcon.colcon_core.event_handler.log_command:Invoking command in '/home/auro/Auro/build/solution': PYTHONPATH=/home/auro/Auro/build/solution/prefix_override:/usr/lib/python3/dist-packages/colcon_core/task/python/colcon_distutils_commands:/home/auro/Auro/install/solution/lib/python3.10/site-packages:${PYTHONPATH} /usr/bin/python3 -W ignore:setup.py install is deprecated setup.py develop --editable --build-directory /home/auro/Auro/build/solution/build --no-deps symlink_data
[2.173s] Level 1:colcon.colcon_core.environment:create_environment_scripts_only(auro_interfaces)
[2.174s] DEBUG:colcon.colcon_core.event_handler.log_command:Invoked command in '/home/auro/Auro/build/auro_interfaces' returned '0': CMAKE_PREFIX_PATH=${CMAKE_PREFIX_PATH}:/home/auro/Auro/install/tf_relay:/home/auro/Auro/install/solution:/home/auro/Auro/install/assessment:/home/auro/turtlebot3_ws/install/turtlebot3_teleop:/home/auro/turtlebot3_ws/install/turtlebot3_example:/opt/ros/humble /usr/bin/cmake --install /home/auro/Auro/build/auro_interfaces
[2.178s] Level 1:colcon.colcon_core.environment:checking '/home/auro/Auro/install/auro_interfaces' for CMake module files
[2.180s] Level 1:colcon.colcon_core.environment:checking '/home/auro/Auro/install/auro_interfaces' for CMake config files
[2.181s] Level 1:colcon.colcon_core.shell:create_environment_hook('auro_interfaces', 'cmake_prefix_path')
[2.182s] INFO:colcon.colcon_core.shell:Creating environment hook '/home/auro/Auro/install/auro_interfaces/share/auro_interfaces/hook/cmake_prefix_path.ps1'
[2.183s] INFO:colcon.colcon_core.shell:Creating environment descriptor '/home/auro/Auro/install/auro_interfaces/share/auro_interfaces/hook/cmake_prefix_path.dsv'
[2.184s] INFO:colcon.colcon_core.shell:Creating environment hook '/home/auro/Auro/install/auro_interfaces/share/auro_interfaces/hook/cmake_prefix_path.sh'
[2.186s] Level 1:colcon.colcon_core.environment:checking '/home/auro/Auro/install/auro_interfaces/lib'
[2.186s] Level 1:colcon.colcon_core.shell:create_environment_hook('auro_interfaces', 'ld_library_path_lib')
[2.187s] INFO:colcon.colcon_core.shell:Creating environment hook '/home/auro/Auro/install/auro_interfaces/share/auro_interfaces/hook/ld_library_path_lib.ps1'
[2.189s] INFO:colcon.colcon_core.shell:Creating environment descriptor '/home/auro/Auro/install/auro_interfaces/share/auro_interfaces/hook/ld_library_path_lib.dsv'
[2.190s] INFO:colcon.colcon_core.shell:Creating environment hook '/home/auro/Auro/install/auro_interfaces/share/auro_interfaces/hook/ld_library_path_lib.sh'
[2.191s] Level 1:colcon.colcon_core.environment:checking '/home/auro/Auro/install/auro_interfaces/bin'
[2.191s] Level 1:colcon.colcon_core.environment:checking '/home/auro/Auro/install/auro_interfaces/lib/pkgconfig/auro_interfaces.pc'
[2.192s] Level 1:colcon.colcon_core.environment:checking '/home/auro/Auro/install/auro_interfaces/lib/python3.10/site-packages'
[2.192s] Level 1:colcon.colcon_core.environment:checking '/home/auro/Auro/install/auro_interfaces/bin'
[2.193s] INFO:colcon.colcon_core.shell:Creating package script '/home/auro/Auro/install/auro_interfaces/share/auro_interfaces/package.ps1'
[2.195s] INFO:colcon.colcon_core.shell:Creating package descriptor '/home/auro/Auro/install/auro_interfaces/share/auro_interfaces/package.dsv'
[2.196s] INFO:colcon.colcon_core.shell:Creating package script '/home/auro/Auro/install/auro_interfaces/share/auro_interfaces/package.sh'
[2.198s] INFO:colcon.colcon_core.shell:Creating package script '/home/auro/Auro/install/auro_interfaces/share/auro_interfaces/package.bash'
[2.199s] INFO:colcon.colcon_core.shell:Creating package script '/home/auro/Auro/install/auro_interfaces/share/auro_interfaces/package.zsh'
[2.201s] Level 1:colcon.colcon_core.environment:create_file_with_runtime_dependencies(/home/auro/Auro/install/auro_interfaces/share/colcon-core/packages/auro_interfaces)
[2.276s] DEBUG:colcon.colcon_core.event_handler.log_command:Invoking command in '/home/auro/Auro/build/assessment_interfaces': CMAKE_PREFIX_PATH=${CMAKE_PREFIX_PATH}:/home/auro/Auro/install/tf_relay:/home/auro/Auro/install/solution:/home/auro/Auro/install/assessment:/home/auro/turtlebot3_ws/install/turtlebot3_teleop:/home/auro/turtlebot3_ws/install/turtlebot3_example:/opt/ros/humble /usr/bin/cmake --install /home/auro/Auro/build/assessment_interfaces
[2.453s] Level 1:colcon.colcon_core.environment:create_environment_scripts_only(assessment_interfaces)
[2.453s] Level 1:colcon.colcon_core.environment:checking '/home/auro/Auro/install/assessment_interfaces' for CMake module files
[2.455s] DEBUG:colcon.colcon_core.event_handler.log_command:Invoked command in '/home/auro/Auro/build/assessment_interfaces' returned '0': CMAKE_PREFIX_PATH=${CMAKE_PREFIX_PATH}:/home/auro/Auro/install/tf_relay:/home/auro/Auro/install/solution:/home/auro/Auro/install/assessment:/home/auro/turtlebot3_ws/install/turtlebot3_teleop:/home/auro/turtlebot3_ws/install/turtlebot3_example:/opt/ros/humble /usr/bin/cmake --install /home/auro/Auro/build/assessment_interfaces
[2.455s] Level 1:colcon.colcon_core.environment:checking '/home/auro/Auro/install/assessment_interfaces' for CMake config files
[2.457s] Level 1:colcon.colcon_core.shell:create_environment_hook('assessment_interfaces', 'cmake_prefix_path')
[2.458s] INFO:colcon.colcon_core.shell:Creating environment hook '/home/auro/Auro/install/assessment_interfaces/share/assessment_interfaces/hook/cmake_prefix_path.ps1'
[2.458s] INFO:colcon.colcon_core.shell:Creating environment descriptor '/home/auro/Auro/install/assessment_interfaces/share/assessment_interfaces/hook/cmake_prefix_path.dsv'
[2.459s] INFO:colcon.colcon_core.shell:Creating environment hook '/home/auro/Auro/install/assessment_interfaces/share/assessment_interfaces/hook/cmake_prefix_path.sh'
[2.460s] Level 1:colcon.colcon_core.environment:checking '/home/auro/Auro/install/assessment_interfaces/lib'
[2.460s] Level 1:colcon.colcon_core.shell:create_environment_hook('assessment_interfaces', 'ld_library_path_lib')
[2.460s] INFO:colcon.colcon_core.shell:Creating environment hook '/home/auro/Auro/install/assessment_interfaces/share/assessment_interfaces/hook/ld_library_path_lib.ps1'
[2.461s] INFO:colcon.colcon_core.shell:Creating environment descriptor '/home/auro/Auro/install/assessment_interfaces/share/assessment_interfaces/hook/ld_library_path_lib.dsv'
[2.462s] INFO:colcon.colcon_core.shell:Creating environment hook '/home/auro/Auro/install/assessment_interfaces/share/assessment_interfaces/hook/ld_library_path_lib.sh'
[2.462s] Level 1:colcon.colcon_core.environment:checking '/home/auro/Auro/install/assessment_interfaces/bin'
[2.462s] Level 1:colcon.colcon_core.environment:checking '/home/auro/Auro/install/assessment_interfaces/lib/pkgconfig/assessment_interfaces.pc'
[2.463s] Level 1:colcon.colcon_core.environment:checking '/home/auro/Auro/install/assessment_interfaces/lib/python3.10/site-packages'
[2.463s] Level 1:colcon.colcon_core.environment:checking '/home/auro/Auro/install/assessment_interfaces/bin'
[2.464s] INFO:colcon.colcon_core.shell:Creating package script '/home/auro/Auro/install/assessment_interfaces/share/assessment_interfaces/package.ps1'
[2.464s] INFO:colcon.colcon_core.shell:Creating package descriptor '/home/auro/Auro/install/assessment_interfaces/share/assessment_interfaces/package.dsv'
[2.465s] INFO:colcon.colcon_core.shell:Creating package script '/home/auro/Auro/install/assessment_interfaces/share/assessment_interfaces/package.sh'
[2.466s] INFO:colcon.colcon_core.shell:Creating package script '/home/auro/Auro/install/assessment_interfaces/share/assessment_interfaces/package.bash'
[2.466s] INFO:colcon.colcon_core.shell:Creating package script '/home/auro/Auro/install/assessment_interfaces/share/assessment_interfaces/package.zsh'
[2.467s] Level 1:colcon.colcon_core.environment:create_file_with_runtime_dependencies(/home/auro/Auro/install/assessment_interfaces/share/colcon-core/packages/assessment_interfaces)
[2.552s] Level 1:colcon.colcon_core.environment:create_environment_scripts_only(auro_interfaces)
[2.552s] Level 1:colcon.colcon_core.environment:checking '/home/auro/Auro/install/auro_interfaces' for CMake module files
[2.554s] Level 1:colcon.colcon_core.environment:checking '/home/auro/Auro/install/auro_interfaces' for CMake config files
[2.555s] Level 1:colcon.colcon_core.shell:create_environment_hook('auro_interfaces', 'cmake_prefix_path')
[2.555s] INFO:colcon.colcon_core.shell:Creating environment hook '/home/auro/Auro/install/auro_interfaces/share/auro_interfaces/hook/cmake_prefix_path.ps1'
[2.556s] INFO:colcon.colcon_core.shell:Creating environment descriptor '/home/auro/Auro/install/auro_interfaces/share/auro_interfaces/hook/cmake_prefix_path.dsv'
[2.557s] INFO:colcon.colcon_core.shell:Creating environment hook '/home/auro/Auro/install/auro_interfaces/share/auro_interfaces/hook/cmake_prefix_path.sh'
[2.558s] Level 1:colcon.colcon_core.environment:checking '/home/auro/Auro/install/auro_interfaces/lib'
[2.558s] Level 1:colcon.colcon_core.shell:create_environment_hook('auro_interfaces', 'ld_library_path_lib')
[2.559s] INFO:colcon.colcon_core.shell:Creating environment hook '/home/auro/Auro/install/auro_interfaces/share/auro_interfaces/hook/ld_library_path_lib.ps1'
[2.559s] INFO:colcon.colcon_core.shell:Creating environment descriptor '/home/auro/Auro/install/auro_interfaces/share/auro_interfaces/hook/ld_library_path_lib.dsv'
[2.560s] INFO:colcon.colcon_core.shell:Creating environment hook '/home/auro/Auro/install/auro_interfaces/share/auro_interfaces/hook/ld_library_path_lib.sh'
[2.561s] Level 1:colcon.colcon_core.environment:checking '/home/auro/Auro/install/auro_interfaces/bin'
[2.561s] Level 1:colcon.colcon_core.environment:checking '/home/auro/Auro/install/auro_interfaces/lib/pkgconfig/auro_interfaces.pc'
[2.561s] Level 1:colcon.colcon_core.environment:checking '/home/auro/Auro/install/auro_interfaces/lib/python3.10/site-packages'
[2.562s] Level 1:colcon.colcon_core.environment:checking '/home/auro/Auro/install/auro_interfaces/bin'
[2.562s] INFO:colcon.colcon_core.shell:Creating package script '/home/auro/Auro/install/auro_interfaces/share/auro_interfaces/package.ps1'
[2.563s] INFO:colcon.colcon_core.shell:Creating package descriptor '/home/auro/Auro/install/auro_interfaces/share/auro_interfaces/package.dsv'
[2.564s] INFO:colcon.colcon_core.shell:Creating package script '/home/auro/Auro/install/auro_interfaces/share/auro_interfaces/package.sh'
[2.565s] INFO:colcon.colcon_core.shell:Creating package script '/home/auro/Auro/install/auro_interfaces/share/auro_interfaces/package.bash'
[2.566s] INFO:colcon.colcon_core.shell:Creating package script '/home/auro/Auro/install/auro_interfaces/share/auro_interfaces/package.zsh'
[2.567s] Level 1:colcon.colcon_core.environment:create_file_with_runtime_dependencies(/home/auro/Auro/install/auro_interfaces/share/colcon-core/packages/auro_interfaces)
[2.569s] INFO:colcon.colcon_ros.task.ament_python.build:Building ROS package in '/home/auro/Auro/assessment' with build type 'ament_python'
[2.569s] Level 1:colcon.colcon_core.shell:create_environment_hook('assessment', 'ament_prefix_path')
[2.570s] INFO:colcon.colcon_core.shell:Creating environment hook '/home/auro/Auro/install/assessment/share/assessment/hook/ament_prefix_path.ps1'
[2.571s] INFO:colcon.colcon_core.shell:Creating environment descriptor '/home/auro/Auro/install/assessment/share/assessment/hook/ament_prefix_path.dsv'
[2.571s] INFO:colcon.colcon_core.shell:Creating environment hook '/home/auro/Auro/install/assessment/share/assessment/hook/ament_prefix_path.sh'
[2.573s] INFO:colcon.colcon_core.shell:Skip shell extension 'powershell' for command environment: Not usable outside of PowerShell
[2.573s] DEBUG:colcon.colcon_core.shell:Skip shell extension 'dsv' for command environment
[3.049s] INFO:colcon.colcon_core.task.python.build:Building Python package in '/home/auro/Auro/assessment'
[3.049s] INFO:colcon.colcon_core.shell:Skip shell extension 'powershell' for command environment: Not usable outside of PowerShell
[3.049s] DEBUG:colcon.colcon_core.shell:Skip shell extension 'dsv' for command environment
[3.058s] Level 1:colcon.colcon_core.shell:create_environment_hook('tf_relay', 'pythonpath_develop')
[3.058s] INFO:colcon.colcon_core.shell:Creating environment hook '/home/auro/Auro/build/tf_relay/share/tf_relay/hook/pythonpath_develop.ps1'
[3.059s] DEBUG:colcon.colcon_core.event_handler.log_command:Invoked command in '/home/auro/Auro/build/tf_relay' returned '0': PYTHONPATH=/home/auro/Auro/build/tf_relay/prefix_override:/usr/lib/python3/dist-packages/colcon_core/task/python/colcon_distutils_commands:/home/auro/Auro/install/tf_relay/lib/python3.10/site-packages:${PYTHONPATH} /usr/bin/python3 -W ignore:setup.py install is deprecated setup.py develop --editable --build-directory /home/auro/Auro/build/tf_relay/build --no-deps symlink_data
[3.060s] INFO:colcon.colcon_core.shell:Creating environment descriptor '/home/auro/Auro/build/tf_relay/share/tf_relay/hook/pythonpath_develop.dsv'
[3.061s] INFO:colcon.colcon_core.shell:Creating environment hook '/home/auro/Auro/build/tf_relay/share/tf_relay/hook/pythonpath_develop.sh'
[3.061s] Level 1:colcon.colcon_core.environment:checking '/home/auro/Auro/install/tf_relay' for CMake module files
[3.062s] Level 1:colcon.colcon_core.environment:checking '/home/auro/Auro/install/tf_relay' for CMake config files
[3.063s] Level 1:colcon.colcon_core.environment:checking '/home/auro/Auro/install/tf_relay/lib'
[3.063s] Level 1:colcon.colcon_core.environment:checking '/home/auro/Auro/install/tf_relay/bin'
[3.063s] Level 1:colcon.colcon_core.environment:checking '/home/auro/Auro/install/tf_relay/lib/pkgconfig/tf_relay.pc'
[3.063s] Level 1:colcon.colcon_core.environment:checking '/home/auro/Auro/install/tf_relay/lib/python3.10/site-packages'
[3.063s] Level 1:colcon.colcon_core.shell:create_environment_hook('tf_relay', 'pythonpath')
[3.064s] INFO:colcon.colcon_core.shell:Creating environment hook '/home/auro/Auro/install/tf_relay/share/tf_relay/hook/pythonpath.ps1'
[3.064s] INFO:colcon.colcon_core.shell:Creating environment descriptor '/home/auro/Auro/install/tf_relay/share/tf_relay/hook/pythonpath.dsv'
[3.065s] INFO:colcon.colcon_core.shell:Creating environment hook '/home/auro/Auro/install/tf_relay/share/tf_relay/hook/pythonpath.sh'
[3.066s] Level 1:colcon.colcon_core.environment:checking '/home/auro/Auro/install/tf_relay/bin'
[3.066s] Level 1:colcon.colcon_core.environment:create_environment_scripts_only(tf_relay)
[3.066s] INFO:colcon.colcon_core.shell:Creating package script '/home/auro/Auro/install/tf_relay/share/tf_relay/package.ps1'
[3.067s] INFO:colcon.colcon_core.shell:Creating package descriptor '/home/auro/Auro/install/tf_relay/share/tf_relay/package.dsv'
[3.068s] INFO:colcon.colcon_core.shell:Creating package script '/home/auro/Auro/install/tf_relay/share/tf_relay/package.sh'
[3.069s] INFO:colcon.colcon_core.shell:Creating package script '/home/auro/Auro/install/tf_relay/share/tf_relay/package.bash'
[3.069s] INFO:colcon.colcon_core.shell:Creating package script '/home/auro/Auro/install/tf_relay/share/tf_relay/package.zsh'
[3.070s] Level 1:colcon.colcon_core.environment:create_file_with_runtime_dependencies(/home/auro/Auro/install/tf_relay/share/colcon-core/packages/tf_relay)
[3.070s] Level 1:colcon.colcon_core.environment:create_environment_scripts_only(assessment_interfaces)
[3.071s] Level 1:colcon.colcon_core.environment:checking '/home/auro/Auro/install/assessment_interfaces' for CMake module files
[3.073s] Level 1:colcon.colcon_core.environment:checking '/home/auro/Auro/install/assessment_interfaces' for CMake config files
[3.074s] Level 1:colcon.colcon_core.shell:create_environment_hook('assessment_interfaces', 'cmake_prefix_path')
[3.075s] INFO:colcon.colcon_core.shell:Creating environment hook '/home/auro/Auro/install/assessment_interfaces/share/assessment_interfaces/hook/cmake_prefix_path.ps1'
[3.075s] INFO:colcon.colcon_core.shell:Creating environment descriptor '/home/auro/Auro/install/assessment_interfaces/share/assessment_interfaces/hook/cmake_prefix_path.dsv'
[3.076s] INFO:colcon.colcon_core.shell:Creating environment hook '/home/auro/Auro/install/assessment_interfaces/share/assessment_interfaces/hook/cmake_prefix_path.sh'
[3.077s] Level 1:colcon.colcon_core.environment:checking '/home/auro/Auro/install/assessment_interfaces/lib'
[3.077s] Level 1:colcon.colcon_core.shell:create_environment_hook('assessment_interfaces', 'ld_library_path_lib')
[3.077s] INFO:colcon.colcon_core.shell:Creating environment hook '/home/auro/Auro/install/assessment_interfaces/share/assessment_interfaces/hook/ld_library_path_lib.ps1'
[3.078s] INFO:colcon.colcon_core.shell:Creating environment descriptor '/home/auro/Auro/install/assessment_interfaces/share/assessment_interfaces/hook/ld_library_path_lib.dsv'
[3.078s] INFO:colcon.colcon_core.shell:Creating environment hook '/home/auro/Auro/install/assessment_interfaces/share/assessment_interfaces/hook/ld_library_path_lib.sh'
[3.079s] Level 1:colcon.colcon_core.environment:checking '/home/auro/Auro/install/assessment_interfaces/bin'
[3.079s] Level 1:colcon.colcon_core.environment:checking '/home/auro/Auro/install/assessment_interfaces/lib/pkgconfig/assessment_interfaces.pc'
[3.079s] Level 1:colcon.colcon_core.environment:checking '/home/auro/Auro/install/assessment_interfaces/lib/python3.10/site-packages'
[3.079s] Level 1:colcon.colcon_core.environment:checking '/home/auro/Auro/install/assessment_interfaces/bin'
[3.080s] INFO:colcon.colcon_core.shell:Creating package script '/home/auro/Auro/install/assessment_interfaces/share/assessment_interfaces/package.ps1'
[3.081s] INFO:colcon.colcon_core.shell:Creating package descriptor '/home/auro/Auro/install/assessment_interfaces/share/assessment_interfaces/package.dsv'
[3.081s] INFO:colcon.colcon_core.shell:Creating package script '/home/auro/Auro/install/assessment_interfaces/share/assessment_interfaces/package.sh'
[3.082s] INFO:colcon.colcon_core.shell:Creating package script '/home/auro/Auro/install/assessment_interfaces/share/assessment_interfaces/package.bash'
[3.083s] INFO:colcon.colcon_core.shell:Creating package script '/home/auro/Auro/install/assessment_interfaces/share/assessment_interfaces/package.zsh'
[3.083s] Level 1:colcon.colcon_core.environment:create_file_with_runtime_dependencies(/home/auro/Auro/install/assessment_interfaces/share/colcon-core/packages/assessment_interfaces)
[3.084s] Level 1:colcon.colcon_core.shell:create_environment_hook('solution', 'pythonpath_develop')
[3.085s] INFO:colcon.colcon_core.shell:Creating environment hook '/home/auro/Auro/build/solution/share/solution/hook/pythonpath_develop.ps1'
[3.088s] DEBUG:colcon.colcon_core.event_handler.log_command:Invoked command in '/home/auro/Auro/build/solution' returned '0': PYTHONPATH=/home/auro/Auro/build/solution/prefix_override:/usr/lib/python3/dist-packages/colcon_core/task/python/colcon_distutils_commands:/home/auro/Auro/install/solution/lib/python3.10/site-packages:${PYTHONPATH} /usr/bin/python3 -W ignore:setup.py install is deprecated setup.py develop --editable --build-directory /home/auro/Auro/build/solution/build --no-deps symlink_data
[3.088s] INFO:colcon.colcon_core.shell:Creating environment descriptor '/home/auro/Auro/build/solution/share/solution/hook/pythonpath_develop.dsv'
[3.089s] INFO:colcon.colcon_core.shell:Creating environment hook '/home/auro/Auro/build/solution/share/solution/hook/pythonpath_develop.sh'
[3.090s] Level 1:colcon.colcon_core.environment:checking '/home/auro/Auro/install/solution' for CMake module files
[3.091s] Level 1:colcon.colcon_core.environment:checking '/home/auro/Auro/install/solution' for CMake config files
[3.092s] Level 1:colcon.colcon_core.environment:checking '/home/auro/Auro/install/solution/lib'
[3.092s] Level 1:colcon.colcon_core.environment:checking '/home/auro/Auro/install/solution/bin'
[3.092s] Level 1:colcon.colcon_core.environment:checking '/home/auro/Auro/install/solution/lib/pkgconfig/solution.pc'
[3.092s] Level 1:colcon.colcon_core.environment:checking '/home/auro/Auro/install/solution/lib/python3.10/site-packages'
[3.092s] Level 1:colcon.colcon_core.shell:create_environment_hook('solution', 'pythonpath')
[3.093s] INFO:colcon.colcon_core.shell:Creating environment hook '/home/auro/Auro/install/solution/share/solution/hook/pythonpath.ps1'
[3.094s] INFO:colcon.colcon_core.shell:Creating environment descriptor '/home/auro/Auro/install/solution/share/solution/hook/pythonpath.dsv'
[3.094s] INFO:colcon.colcon_core.shell:Creating environment hook '/home/auro/Auro/install/solution/share/solution/hook/pythonpath.sh'
[3.095s] Level 1:colcon.colcon_core.environment:checking '/home/auro/Auro/install/solution/bin'
[3.095s] Level 1:colcon.colcon_core.environment:create_environment_scripts_only(solution)
[3.096s] INFO:colcon.colcon_core.shell:Creating package script '/home/auro/Auro/install/solution/share/solution/package.ps1'
[3.096s] INFO:colcon.colcon_core.shell:Creating package descriptor '/home/auro/Auro/install/solution/share/solution/package.dsv'
[3.097s] INFO:colcon.colcon_core.shell:Creating package script '/home/auro/Auro/install/solution/share/solution/package.sh'
[3.098s] INFO:colcon.colcon_core.shell:Creating package script '/home/auro/Auro/install/solution/share/solution/package.bash'
[3.098s] INFO:colcon.colcon_core.shell:Creating package script '/home/auro/Auro/install/solution/share/solution/package.zsh'
[3.099s] Level 1:colcon.colcon_core.environment:create_file_with_runtime_dependencies(/home/auro/Auro/install/solution/share/colcon-core/packages/solution)
[3.658s] DEBUG:colcon.colcon_core.event_handler.log_command:Invoking command in '/home/auro/Auro/build/assessment': LD_LIBRARY_PATH=/home/auro/Auro/install/auro_interfaces/lib:/home/auro/Auro/install/assessment_interfaces/lib:/home/auro/turtlebot3_ws/install/turtlebot3_msgs/lib:/home/auro/turtlebot3_ws/install/dynamixel_sdk_custom_interfaces/lib:/home/auro/turtlebot3_ws/install/dynamixel_sdk/lib:/usr/lib/x86_64-linux-gnu/gazebo-11/plugins:/opt/ros/humble/opt/rviz_ogre_vendor/lib:/opt/ros/humble/lib/x86_64-linux-gnu:/opt/ros/humble/lib:/usr/lib/x86_64-linux-gnu/gazebo-11/plugins PYTHONPATH=/home/auro/Auro/build/assessment/prefix_override:/usr/lib/python3/dist-packages/colcon_core/task/python/colcon_distutils_commands:/home/auro/Auro/install/assessment/lib/python3.10/site-packages:${PYTHONPATH} /usr/bin/python3 -W ignore:setup.py install is deprecated setup.py develop --editable --build-directory /home/auro/Auro/build/assessment/build --no-deps symlink_data
[4.312s] Level 1:colcon.colcon_core.shell:create_environment_hook('assessment', 'pythonpath_develop')
[4.313s] DEBUG:colcon.colcon_core.event_handler.log_command:Invoked command in '/home/auro/Auro/build/assessment' returned '0': LD_LIBRARY_PATH=/home/auro/Auro/install/auro_interfaces/lib:/home/auro/Auro/install/assessment_interfaces/lib:/home/auro/turtlebot3_ws/install/turtlebot3_msgs/lib:/home/auro/turtlebot3_ws/install/dynamixel_sdk_custom_interfaces/lib:/home/auro/turtlebot3_ws/install/dynamixel_sdk/lib:/usr/lib/x86_64-linux-gnu/gazebo-11/plugins:/opt/ros/humble/opt/rviz_ogre_vendor/lib:/opt/ros/humble/lib/x86_64-linux-gnu:/opt/ros/humble/lib:/usr/lib/x86_64-linux-gnu/gazebo-11/plugins PYTHONPATH=/home/auro/Auro/build/assessment/prefix_override:/usr/lib/python3/dist-packages/colcon_core/task/python/colcon_distutils_commands:/home/auro/Auro/install/assessment/lib/python3.10/site-packages:${PYTHONPATH} /usr/bin/python3 -W ignore:setup.py install is deprecated setup.py develop --editable --build-directory /home/auro/Auro/build/assessment/build --no-deps symlink_data
[4.314s] INFO:colcon.colcon_core.shell:Creating environment hook '/home/auro/Auro/build/assessment/share/assessment/hook/pythonpath_develop.ps1'
[4.314s] INFO:colcon.colcon_core.shell:Creating environment descriptor '/home/auro/Auro/build/assessment/share/assessment/hook/pythonpath_develop.dsv'
[4.315s] INFO:colcon.colcon_core.shell:Creating environment hook '/home/auro/Auro/build/assessment/share/assessment/hook/pythonpath_develop.sh'
[4.316s] Level 1:colcon.colcon_core.environment:checking '/home/auro/Auro/install/assessment' for CMake module files
[4.317s] Level 1:colcon.colcon_core.environment:checking '/home/auro/Auro/install/assessment' for CMake config files
[4.318s] Level 1:colcon.colcon_core.environment:checking '/home/auro/Auro/install/assessment/lib'
[4.318s] Level 1:colcon.colcon_core.environment:checking '/home/auro/Auro/install/assessment/bin'
[4.318s] Level 1:colcon.colcon_core.environment:checking '/home/auro/Auro/install/assessment/lib/pkgconfig/assessment.pc'
[4.318s] Level 1:colcon.colcon_core.environment:checking '/home/auro/Auro/install/assessment/lib/python3.10/site-packages'
[4.318s] Level 1:colcon.colcon_core.shell:create_environment_hook('assessment', 'pythonpath')
[4.318s] INFO:colcon.colcon_core.shell:Creating environment hook '/home/auro/Auro/install/assessment/share/assessment/hook/pythonpath.ps1'
[4.319s] INFO:colcon.colcon_core.shell:Creating environment descriptor '/home/auro/Auro/install/assessment/share/assessment/hook/pythonpath.dsv'
[4.319s] INFO:colcon.colcon_core.shell:Creating environment hook '/home/auro/Auro/install/assessment/share/assessment/hook/pythonpath.sh'
[4.320s] Level 1:colcon.colcon_core.environment:checking '/home/auro/Auro/install/assessment/bin'
[4.320s] Level 1:colcon.colcon_core.environment:create_environment_scripts_only(assessment)
[4.321s] INFO:colcon.colcon_core.shell:Creating package script '/home/auro/Auro/install/assessment/share/assessment/package.ps1'
[4.322s] INFO:colcon.colcon_core.shell:Creating package descriptor '/home/auro/Auro/install/assessment/share/assessment/package.dsv'
[4.322s] INFO:colcon.colcon_core.shell:Creating package script '/home/auro/Auro/install/assessment/share/assessment/package.sh'
[4.323s] INFO:colcon.colcon_core.shell:Creating package script '/home/auro/Auro/install/assessment/share/assessment/package.bash'
[4.323s] INFO:colcon.colcon_core.shell:Creating package script '/home/auro/Auro/install/assessment/share/assessment/package.zsh'
[4.324s] Level 1:colcon.colcon_core.environment:create_file_with_runtime_dependencies(/home/auro/Auro/install/assessment/share/colcon-core/packages/assessment)
[4.324s] DEBUG:colcon.colcon_parallel_executor.executor.parallel:closing loop
[4.324s] DEBUG:colcon.colcon_parallel_executor.executor.parallel:loop closed
[4.324s] DEBUG:colcon.colcon_parallel_executor.executor.parallel:run_until_complete finished with '0'
[4.325s] DEBUG:colcon.colcon_core.event_reactor:joining thread
[4.333s] INFO:colcon.colcon_core.plugin_system:Skipping extension 'colcon_notification.desktop_notification.terminal_notifier': Not used on non-Darwin systems
[4.333s] INFO:colcon.colcon_core.plugin_system:Skipping extension 'colcon_notification.desktop_notification.win32': Not used on non-Windows systems
[4.333s] INFO:colcon.colcon_notification.desktop_notification:Sending desktop notification using 'notify2'
[4.350s] DEBUG:colcon.colcon_core.event_reactor:joined thread
[4.350s] INFO:colcon.colcon_core.shell:Creating prefix script '/home/auro/Auro/install/local_setup.ps1'
[4.352s] INFO:colcon.colcon_core.shell:Creating prefix util module '/home/auro/Auro/install/_local_setup_util_ps1.py'
[4.354s] INFO:colcon.colcon_core.shell:Creating prefix chain script '/home/auro/Auro/install/setup.ps1'
[4.357s] INFO:colcon.colcon_core.shell:Creating prefix script '/home/auro/Auro/install/local_setup.sh'
[4.358s] INFO:colcon.colcon_core.shell:Creating prefix util module '/home/auro/Auro/install/_local_setup_util_sh.py'
[4.359s] INFO:colcon.colcon_core.shell:Creating prefix chain script '/home/auro/Auro/install/setup.sh'
[4.362s] INFO:colcon.colcon_core.shell:Creating prefix script '/home/auro/Auro/install/local_setup.bash'
[4.363s] INFO:colcon.colcon_core.shell:Creating prefix chain script '/home/auro/Auro/install/setup.bash'
[4.365s] INFO:colcon.colcon_core.shell:Creating prefix script '/home/auro/Auro/install/local_setup.zsh'
[4.366s] INFO:colcon.colcon_core.shell:Creating prefix chain script '/home/auro/Auro/install/setup.zsh'
