[0.145s] DEBUG:colcon:Command line arguments: ['/usr/bin/colcon', 'build', '--symlink-install']
[0.146s] DEBUG:colcon:Parsed command line arguments: Namespace(log_base=None, log_level=None, verb_name='build', build_base='build', install_base='install', merge_install=False, symlink_install=True, test_result_base=None, continue_on_error=False, executor='parallel', parallel_workers=4, event_handlers=None, ignore_user_meta=False, metas=['./colcon.meta'], base_paths=['.'], packages_ignore=None, packages_ignore_regex=None, paths=None, packages_up_to=None, packages_up_to_regex=None, packages_above=None, packages_above_and_dependencies=None, packages_above_depth=None, packages_select_by_dep=None, packages_skip_by_dep=None, packages_skip_up_to=None, packages_select_build_failed=False, packages_skip_build_finished=False, packages_select_test_failures=False, packages_skip_test_passed=False, packages_select=None, packages_skip=None, packages_select_regex=None, packages_skip_regex=None, packages_start=None, packages_end=None, allow_overriding=[], cmake_args=None, cmake_target=None, cmake_target_skip_unavailable=False, cmake_clean_cache=False, cmake_clean_first=False, cmake_force_configure=False, ament_cmake_args=None, catkin_cmake_args=None, catkin_skip_building_tests=False, mixin_files=None, mixin=None, verb_parser=<colcon_mixin.mixin.mixin_argument.MixinArgumentDecorator object at 0x757c27770040>, verb_extension=<colcon_core.verb.build.BuildVerb object at 0x757c27743250>, main=<bound method BuildVerb.main of <colcon_core.verb.build.BuildVerb object at 0x757c27743250>>, mixin_verb=('build',))
[0.354s] Level 1:colcon.colcon_core.package_discovery:discover_packages(colcon_meta) check parameters
[0.354s] Level 1:colcon.colcon_core.package_discovery:discover_packages(recursive) check parameters
[0.354s] Level 1:colcon.colcon_core.package_discovery:discover_packages(ignore) check parameters
[0.354s] Level 1:colcon.colcon_core.package_discovery:discover_packages(path) check parameters
[0.354s] Level 1:colcon.colcon_core.package_discovery:discover_packages(colcon_meta) discover
[0.354s] Level 1:colcon.colcon_core.package_discovery:discover_packages(recursive) discover
[0.354s] INFO:colcon.colcon_core.package_discovery:Crawling recursively for packages in '/home/auro/Auro'
[0.354s] Level 1:colcon.colcon_core.package_identification:_identify(.) by extensions ['ignore', 'ignore_ament_install']
[0.354s] Level 1:colcon.colcon_core.package_identification:_identify(.) by extension 'ignore'
[0.354s] Level 1:colcon.colcon_core.package_identification:_identify(.) by extension 'ignore_ament_install'
[0.354s] Level 1:colcon.colcon_core.package_identification:_identify(.) by extensions ['colcon_pkg']
[0.354s] Level 1:colcon.colcon_core.package_identification:_identify(.) by extension 'colcon_pkg'
[0.354s] Level 1:colcon.colcon_core.package_identification:_identify(.) by extensions ['colcon_meta']
[0.354s] Level 1:colcon.colcon_core.package_identification:_identify(.) by extension 'colcon_meta'
[0.354s] Level 1:colcon.colcon_core.package_identification:_identify(.) by extensions ['ros']
[0.354s] Level 1:colcon.colcon_core.package_identification:_identify(.) by extension 'ros'
[0.367s] Level 1:colcon.colcon_core.package_identification:_identify(.) by extensions ['cmake', 'python']
[0.367s] Level 1:colcon.colcon_core.package_identification:_identify(.) by extension 'cmake'
[0.367s] Level 1:colcon.colcon_core.package_identification:_identify(.) by extension 'python'
[0.367s] Level 1:colcon.colcon_core.package_identification:_identify(.) by extensions ['python_setup_py']
[0.367s] Level 1:colcon.colcon_core.package_identification:_identify(.) by extension 'python_setup_py'
[0.367s] Level 1:colcon.colcon_core.package_identification:_identify(assessment) by extensions ['ignore', 'ignore_ament_install']
[0.367s] Level 1:colcon.colcon_core.package_identification:_identify(assessment) by extension 'ignore'
[0.367s] Level 1:colcon.colcon_core.package_identification:_identify(assessment) by extension 'ignore_ament_install'
[0.367s] Level 1:colcon.colcon_core.package_identification:_identify(assessment) by extensions ['colcon_pkg']
[0.367s] Level 1:colcon.colcon_core.package_identification:_identify(assessment) by extension 'colcon_pkg'
[0.367s] Level 1:colcon.colcon_core.package_identification:_identify(assessment) by extensions ['colcon_meta']
[0.367s] Level 1:colcon.colcon_core.package_identification:_identify(assessment) by extension 'colcon_meta'
[0.367s] Level 1:colcon.colcon_core.package_identification:_identify(assessment) by extensions ['ros']
[0.367s] Level 1:colcon.colcon_core.package_identification:_identify(assessment) by extension 'ros'
[0.370s] DEBUG:colcon.colcon_core.package_identification:Package 'assessment' with type 'ros.ament_python' and name 'assessment'
[0.370s] Level 1:colcon.colcon_core.package_identification:_identify(assessment_interfaces) by extensions ['ignore', 'ignore_ament_install']
[0.370s] Level 1:colcon.colcon_core.package_identification:_identify(assessment_interfaces) by extension 'ignore'
[0.370s] Level 1:colcon.colcon_core.package_identification:_identify(assessment_interfaces) by extension 'ignore_ament_install'
[0.370s] Level 1:colcon.colcon_core.package_identification:_identify(assessment_interfaces) by extensions ['colcon_pkg']
[0.370s] Level 1:colcon.colcon_core.package_identification:_identify(assessment_interfaces) by extension 'colcon_pkg'
[0.370s] Level 1:colcon.colcon_core.package_identification:_identify(assessment_interfaces) by extensions ['colcon_meta']
[0.370s] Level 1:colcon.colcon_core.package_identification:_identify(assessment_interfaces) by extension 'colcon_meta'
[0.371s] Level 1:colcon.colcon_core.package_identification:_identify(assessment_interfaces) by extensions ['ros']
[0.371s] Level 1:colcon.colcon_core.package_identification:_identify(assessment_interfaces) by extension 'ros'
[0.371s] DEBUG:colcon.colcon_core.package_identification:Package 'assessment_interfaces' with type 'ros.ament_cmake' and name 'assessment_interfaces'
[0.371s] Level 1:colcon.colcon_core.package_identification:_identify(auro_interfaces) by extensions ['ignore', 'ignore_ament_install']
[0.372s] Level 1:colcon.colcon_core.package_identification:_identify(auro_interfaces) by extension 'ignore'
[0.372s] Level 1:colcon.colcon_core.package_identification:_identify(auro_interfaces) by extension 'ignore_ament_install'
[0.372s] Level 1:colcon.colcon_core.package_identification:_identify(auro_interfaces) by extensions ['colcon_pkg']
[0.372s] Level 1:colcon.colcon_core.package_identification:_identify(auro_interfaces) by extension 'colcon_pkg'
[0.372s] Level 1:colcon.colcon_core.package_identification:_identify(auro_interfaces) by extensions ['colcon_meta']
[0.372s] Level 1:colcon.colcon_core.package_identification:_identify(auro_interfaces) by extension 'colcon_meta'
[0.372s] Level 1:colcon.colcon_core.package_identification:_identify(auro_interfaces) by extensions ['ros']
[0.372s] Level 1:colcon.colcon_core.package_identification:_identify(auro_interfaces) by extension 'ros'
[0.373s] DEBUG:colcon.colcon_core.package_identification:Package 'auro_interfaces' with type 'ros.ament_cmake' and name 'auro_interfaces'
[0.373s] Level 1:colcon.colcon_core.package_identification:_identify(build) by extensions ['ignore', 'ignore_ament_install']
[0.373s] Level 1:colcon.colcon_core.package_identification:_identify(build) by extension 'ignore'
[0.373s] Level 1:colcon.colcon_core.package_identification:_identify(build) ignored
[0.373s] Level 1:colcon.colcon_core.package_identification:_identify(install) by extensions ['ignore', 'ignore_ament_install']
[0.373s] Level 1:colcon.colcon_core.package_identification:_identify(install) by extension 'ignore'
[0.373s] Level 1:colcon.colcon_core.package_identification:_identify(install) ignored
[0.374s] Level 1:colcon.colcon_core.package_identification:_identify(log) by extensions ['ignore', 'ignore_ament_install']
[0.374s] Level 1:colcon.colcon_core.package_identification:_identify(log) by extension 'ignore'
[0.374s] Level 1:colcon.colcon_core.package_identification:_identify(log) ignored
[0.374s] Level 1:colcon.colcon_core.package_identification:_identify(solution) by extensions ['ignore', 'ignore_ament_install']
[0.374s] Level 1:colcon.colcon_core.package_identification:_identify(solution) by extension 'ignore'
[0.374s] Level 1:colcon.colcon_core.package_identification:_identify(solution) by extension 'ignore_ament_install'
[0.374s] Level 1:colcon.colcon_core.package_identification:_identify(solution) by extensions ['colcon_pkg']
[0.374s] Level 1:colcon.colcon_core.package_identification:_identify(solution) by extension 'colcon_pkg'
[0.374s] Level 1:colcon.colcon_core.package_identification:_identify(solution) by extensions ['colcon_meta']
[0.374s] Level 1:colcon.colcon_core.package_identification:_identify(solution) by extension 'colcon_meta'
[0.375s] Level 1:colcon.colcon_core.package_identification:_identify(solution) by extensions ['ros']
[0.375s] Level 1:colcon.colcon_core.package_identification:_identify(solution) by extension 'ros'
[0.375s] DEBUG:colcon.colcon_core.package_identification:Package 'solution' with type 'ros.ament_python' and name 'solution'
[0.375s] Level 1:colcon.colcon_core.package_identification:_identify(tf_relay) by extensions ['ignore', 'ignore_ament_install']
[0.375s] Level 1:colcon.colcon_core.package_identification:_identify(tf_relay) by extension 'ignore'
[0.375s] Level 1:colcon.colcon_core.package_identification:_identify(tf_relay) by extension 'ignore_ament_install'
[0.375s] Level 1:colcon.colcon_core.package_identification:_identify(tf_relay) by extensions ['colcon_pkg']
[0.375s] Level 1:colcon.colcon_core.package_identification:_identify(tf_relay) by extension 'colcon_pkg'
[0.375s] Level 1:colcon.colcon_core.package_identification:_identify(tf_relay) by extensions ['colcon_meta']
[0.375s] Level 1:colcon.colcon_core.package_identification:_identify(tf_relay) by extension 'colcon_meta'
[0.376s] Level 1:colcon.colcon_core.package_identification:_identify(tf_relay) by extensions ['ros']
[0.376s] Level 1:colcon.colcon_core.package_identification:_identify(tf_relay) by extension 'ros'
[0.376s] DEBUG:colcon.colcon_core.package_identification:Package 'tf_relay' with type 'ros.ament_python' and name 'tf_relay'
[0.376s] Level 1:colcon.colcon_core.package_discovery:discover_packages(recursive) using defaults
[0.376s] Level 1:colcon.colcon_core.package_discovery:discover_packages(ignore) discover
[0.376s] Level 1:colcon.colcon_core.package_discovery:discover_packages(ignore) using defaults
[0.376s] Level 1:colcon.colcon_core.package_discovery:discover_packages(path) discover
[0.376s] Level 1:colcon.colcon_core.package_discovery:discover_packages(path) using defaults
[0.419s] Level 1:colcon.colcon_core.package_discovery:discover_packages(prefix_path) check parameters
[0.419s] Level 1:colcon.colcon_core.package_discovery:discover_packages(prefix_path) discover
[0.421s] DEBUG:colcon.colcon_installed_package_information.package_discovery:Found 5 installed packages in /home/auro/Auro/install
[0.422s] DEBUG:colcon.colcon_installed_package_information.package_discovery:Found 15 installed packages in /home/auro/turtlebot3_ws/install
[0.425s] DEBUG:colcon.colcon_installed_package_information.package_discovery:Found 398 installed packages in /opt/ros/humble
[0.428s] Level 1:colcon.colcon_core.package_discovery:discover_packages(prefix_path) using defaults
[0.494s] Level 5:colcon.colcon_core.verb:set package 'assessment_interfaces' build argument 'cmake_args' from command line to 'None'
[0.494s] Level 5:colcon.colcon_core.verb:set package 'assessment_interfaces' build argument 'cmake_target' from command line to 'None'
[0.494s] Level 5:colcon.colcon_core.verb:set package 'assessment_interfaces' build argument 'cmake_target_skip_unavailable' from command line to 'False'
[0.494s] Level 5:colcon.colcon_core.verb:set package 'assessment_interfaces' build argument 'cmake_clean_cache' from command line to 'False'
[0.494s] Level 5:colcon.colcon_core.verb:set package 'assessment_interfaces' build argument 'cmake_clean_first' from command line to 'False'
[0.494s] Level 5:colcon.colcon_core.verb:set package 'assessment_interfaces' build argument 'cmake_force_configure' from command line to 'False'
[0.494s] Level 5:colcon.colcon_core.verb:set package 'assessment_interfaces' build argument 'ament_cmake_args' from command line to 'None'
[0.494s] Level 5:colcon.colcon_core.verb:set package 'assessment_interfaces' build argument 'catkin_cmake_args' from command line to 'None'
[0.494s] Level 5:colcon.colcon_core.verb:set package 'assessment_interfaces' build argument 'catkin_skip_building_tests' from command line to 'False'
[0.494s] DEBUG:colcon.colcon_core.verb:Building package 'assessment_interfaces' with the following arguments: {'ament_cmake_args': None, 'build_base': '/home/auro/Auro/build/assessment_interfaces', 'catkin_cmake_args': None, 'catkin_skip_building_tests': False, 'cmake_args': None, 'cmake_clean_cache': False, 'cmake_clean_first': False, 'cmake_force_configure': False, 'cmake_target': None, 'cmake_target_skip_unavailable': False, 'install_base': '/home/auro/Auro/install/assessment_interfaces', 'merge_install': False, 'path': '/home/auro/Auro/assessment_interfaces', 'symlink_install': True, 'test_result_base': None}
[0.494s] Level 5:colcon.colcon_core.verb:set package 'auro_interfaces' build argument 'cmake_args' from command line to 'None'
[0.495s] Level 5:colcon.colcon_core.verb:set package 'auro_interfaces' build argument 'cmake_target' from command line to 'None'
[0.495s] Level 5:colcon.colcon_core.verb:set package 'auro_interfaces' build argument 'cmake_target_skip_unavailable' from command line to 'False'
[0.495s] Level 5:colcon.colcon_core.verb:set package 'auro_interfaces' build argument 'cmake_clean_cache' from command line to 'False'
[0.495s] Level 5:colcon.colcon_core.verb:set package 'auro_interfaces' build argument 'cmake_clean_first' from command line to 'False'
[0.495s] Level 5:colcon.colcon_core.verb:set package 'auro_interfaces' build argument 'cmake_force_configure' from command line to 'False'
[0.495s] Level 5:colcon.colcon_core.verb:set package 'auro_interfaces' build argument 'ament_cmake_args' from command line to 'None'
[0.495s] Level 5:colcon.colcon_core.verb:set package 'auro_interfaces' build argument 'catkin_cmake_args' from command line to 'None'
[0.495s] Level 5:colcon.colcon_core.verb:set package 'auro_interfaces' build argument 'catkin_skip_building_tests' from command line to 'False'
[0.495s] DEBUG:colcon.colcon_core.verb:Building package 'auro_interfaces' with the following arguments: {'ament_cmake_args': None, 'build_base': '/home/auro/Auro/build/auro_interfaces', 'catkin_cmake_args': None, 'catkin_skip_building_tests': False, 'cmake_args': None, 'cmake_clean_cache': False, 'cmake_clean_first': False, 'cmake_force_configure': False, 'cmake_target': None, 'cmake_target_skip_unavailable': False, 'install_base': '/home/auro/Auro/install/auro_interfaces', 'merge_install': False, 'path': '/home/auro/Auro/auro_interfaces', 'symlink_install': True, 'test_result_base': None}
[0.495s] Level 5:colcon.colcon_core.verb:set package 'solution' build argument 'cmake_args' from command line to 'None'
[0.495s] Level 5:colcon.colcon_core.verb:set package 'solution' build argument 'cmake_target' from command line to 'None'
[0.495s] Level 5:colcon.colcon_core.verb:set package 'solution' build argument 'cmake_target_skip_unavailable' from command line to 'False'
[0.495s] Level 5:colcon.colcon_core.verb:set package 'solution' build argument 'cmake_clean_cache' from command line to 'False'
[0.495s] Level 5:colcon.colcon_core.verb:set package 'solution' build argument 'cmake_clean_first' from command line to 'False'
[0.495s] Level 5:colcon.colcon_core.verb:set package 'solution' build argument 'cmake_force_configure' from command line to 'False'
[0.495s] Level 5:colcon.colcon_core.verb:set package 'solution' build argument 'ament_cmake_args' from command line to 'None'
[0.495s] Level 5:colcon.colcon_core.verb:set package 'solution' build argument 'catkin_cmake_args' from command line to 'None'
[0.495s] Level 5:colcon.colcon_core.verb:set package 'solution' build argument 'catkin_skip_building_tests' from command line to 'False'
[0.495s] DEBUG:colcon.colcon_core.verb:Building package 'solution' with the following arguments: {'ament_cmake_args': None, 'build_base': '/home/auro/Auro/build/solution', 'catkin_cmake_args': None, 'catkin_skip_building_tests': False, 'cmake_args': None, 'cmake_clean_cache': False, 'cmake_clean_first': False, 'cmake_force_configure': False, 'cmake_target': None, 'cmake_target_skip_unavailable': False, 'install_base': '/home/auro/Auro/install/solution', 'merge_install': False, 'path': '/home/auro/Auro/solution', 'symlink_install': True, 'test_result_base': None}
[0.496s] Level 5:colcon.colcon_core.verb:set package 'tf_relay' build argument 'cmake_args' from command line to 'None'
[0.496s] Level 5:colcon.colcon_core.verb:set package 'tf_relay' build argument 'cmake_target' from command line to 'None'
[0.496s] Level 5:colcon.colcon_core.verb:set package 'tf_relay' build argument 'cmake_target_skip_unavailable' from command line to 'False'
[0.496s] Level 5:colcon.colcon_core.verb:set package 'tf_relay' build argument 'cmake_clean_cache' from command line to 'False'
[0.496s] Level 5:colcon.colcon_core.verb:set package 'tf_relay' build argument 'cmake_clean_first' from command line to 'False'
[0.496s] Level 5:colcon.colcon_core.verb:set package 'tf_relay' build argument 'cmake_force_configure' from command line to 'False'
[0.496s] Level 5:colcon.colcon_core.verb:set package 'tf_relay' build argument 'ament_cmake_args' from command line to 'None'
[0.496s] Level 5:colcon.colcon_core.verb:set package 'tf_relay' build argument 'catkin_cmake_args' from command line to 'None'
[0.496s] Level 5:colcon.colcon_core.verb:set package 'tf_relay' build argument 'catkin_skip_building_tests' from command line to 'False'
[0.496s] DEBUG:colcon.colcon_core.verb:Building package 'tf_relay' with the following arguments: {'ament_cmake_args': None, 'build_base': '/home/auro/Auro/build/tf_relay', 'catkin_cmake_args': None, 'catkin_skip_building_tests': False, 'cmake_args': None, 'cmake_clean_cache': False, 'cmake_clean_first': False, 'cmake_force_configure': False, 'cmake_target': None, 'cmake_target_skip_unavailable': False, 'install_base': '/home/auro/Auro/install/tf_relay', 'merge_install': False, 'path': '/home/auro/Auro/tf_relay', 'symlink_install': True, 'test_result_base': None}
[0.496s] Level 5:colcon.colcon_core.verb:set package 'assessment' build argument 'cmake_args' from command line to 'None'
[0.496s] Level 5:colcon.colcon_core.verb:set package 'assessment' build argument 'cmake_target' from command line to 'None'
[0.496s] Level 5:colcon.colcon_core.verb:set package 'assessment' build argument 'cmake_target_skip_unavailable' from command line to 'False'
[0.497s] Level 5:colcon.colcon_core.verb:set package 'assessment' build argument 'cmake_clean_cache' from command line to 'False'
[0.497s] Level 5:colcon.colcon_core.verb:set package 'assessment' build argument 'cmake_clean_first' from command line to 'False'
[0.497s] Level 5:colcon.colcon_core.verb:set package 'assessment' build argument 'cmake_force_configure' from command line to 'False'
[0.497s] Level 5:colcon.colcon_core.verb:set package 'assessment' build argument 'ament_cmake_args' from command line to 'None'
[0.497s] Level 5:colcon.colcon_core.verb:set package 'assessment' build argument 'catkin_cmake_args' from command line to 'None'
[0.497s] Level 5:colcon.colcon_core.verb:set package 'assessment' build argument 'catkin_skip_building_tests' from command line to 'False'
[0.497s] DEBUG:colcon.colcon_core.verb:Building package 'assessment' with the following arguments: {'ament_cmake_args': None, 'build_base': '/home/auro/Auro/build/assessment', 'catkin_cmake_args': None, 'catkin_skip_building_tests': False, 'cmake_args': None, 'cmake_clean_cache': False, 'cmake_clean_first': False, 'cmake_force_configure': False, 'cmake_target': None, 'cmake_target_skip_unavailable': False, 'install_base': '/home/auro/Auro/install/assessment', 'merge_install': False, 'path': '/home/auro/Auro/assessment', 'symlink_install': True, 'test_result_base': None}
[0.497s] INFO:colcon.colcon_core.executor:Executing jobs using 'parallel' executor
[0.498s] DEBUG:colcon.colcon_parallel_executor.executor.parallel:run_until_complete
[0.499s] INFO:colcon.colcon_ros.task.ament_cmake.build:Building ROS package in '/home/auro/Auro/auro_interfaces' with build type 'ament_cmake'
[0.499s] INFO:colcon.colcon_cmake.task.cmake.build:Building CMake package in '/home/auro/Auro/auro_interfaces'
[0.502s] INFO:colcon.colcon_core.plugin_system:Skipping extension 'colcon_core.shell.bat': Not used on non-Windows systems
[0.502s] INFO:colcon.colcon_core.shell:Skip shell extension 'powershell' for command environment: Not usable outside of PowerShell
[0.502s] DEBUG:colcon.colcon_core.shell:Skip shell extension 'dsv' for command environment
[0.509s] INFO:colcon.colcon_ros.task.ament_cmake.build:Building ROS package in '/home/auro/Auro/assessment_interfaces' with build type 'ament_cmake'
[0.509s] INFO:colcon.colcon_cmake.task.cmake.build:Building CMake package in '/home/auro/Auro/assessment_interfaces'
[0.509s] INFO:colcon.colcon_core.shell:Skip shell extension 'powershell' for command environment: Not usable outside of PowerShell
[0.509s] DEBUG:colcon.colcon_core.shell:Skip shell extension 'dsv' for command environment
[0.516s] INFO:colcon.colcon_ros.task.ament_python.build:Building ROS package in '/home/auro/Auro/solution' with build type 'ament_python'
[0.516s] Level 1:colcon.colcon_core.shell:create_environment_hook('solution', 'ament_prefix_path')
[0.516s] INFO:colcon.colcon_core.shell:Creating environment hook '/home/auro/Auro/install/solution/share/solution/hook/ament_prefix_path.ps1'
[0.517s] INFO:colcon.colcon_core.shell:Creating environment descriptor '/home/auro/Auro/install/solution/share/solution/hook/ament_prefix_path.dsv'
[0.518s] INFO:colcon.colcon_core.shell:Creating environment hook '/home/auro/Auro/install/solution/share/solution/hook/ament_prefix_path.sh'
[0.519s] INFO:colcon.colcon_core.shell:Skip shell extension 'powershell' for command environment: Not usable outside of PowerShell
[0.519s] DEBUG:colcon.colcon_core.shell:Skip shell extension 'dsv' for command environment
[0.525s] INFO:colcon.colcon_ros.task.ament_python.build:Building ROS package in '/home/auro/Auro/tf_relay' with build type 'ament_python'
[0.526s] Level 1:colcon.colcon_core.shell:create_environment_hook('tf_relay', 'ament_prefix_path')
[0.526s] INFO:colcon.colcon_core.shell:Creating environment hook '/home/auro/Auro/install/tf_relay/share/tf_relay/hook/ament_prefix_path.ps1'
[0.527s] INFO:colcon.colcon_core.shell:Creating environment descriptor '/home/auro/Auro/install/tf_relay/share/tf_relay/hook/ament_prefix_path.dsv'
[0.527s] INFO:colcon.colcon_core.shell:Creating environment hook '/home/auro/Auro/install/tf_relay/share/tf_relay/hook/ament_prefix_path.sh'
[0.528s] INFO:colcon.colcon_core.shell:Skip shell extension 'powershell' for command environment: Not usable outside of PowerShell
[0.528s] DEBUG:colcon.colcon_core.shell:Skip shell extension 'dsv' for command environment
[0.546s] DEBUG:colcon.colcon_core.event_handler.log_command:Invoking command in '/home/auro/Auro/build/auro_interfaces': CMAKE_PREFIX_PATH=${CMAKE_PREFIX_PATH}:/home/auro/Auro/install/tf_relay:/home/auro/Auro/install/solution:/home/auro/Auro/install/assessment:/home/auro/turtlebot3_ws/install/turtlebot3_teleop:/home/auro/turtlebot3_ws/install/turtlebot3_example:/opt/ros/humble /usr/bin/cmake --build /home/auro/Auro/build/auro_interfaces -- -j4 -l4
[0.552s] DEBUG:colcon.colcon_core.event_handler.log_command:Invoking command in '/home/auro/Auro/build/assessment_interfaces': CMAKE_PREFIX_PATH=${CMAKE_PREFIX_PATH}:/home/auro/Auro/install/tf_relay:/home/auro/Auro/install/solution:/home/auro/Auro/install/assessment:/home/auro/turtlebot3_ws/install/turtlebot3_teleop:/home/auro/turtlebot3_ws/install/turtlebot3_example:/opt/ros/humble /usr/bin/cmake --build /home/auro/Auro/build/assessment_interfaces -- -j4 -l4
[0.916s] INFO:colcon.colcon_core.task.python.build:Building Python package in '/home/auro/Auro/solution'
[0.916s] INFO:colcon.colcon_core.shell:Skip shell extension 'powershell' for command environment: Not usable outside of PowerShell
[0.916s] DEBUG:colcon.colcon_core.shell:Skip shell extension 'dsv' for command environment
[1.318s] INFO:colcon.colcon_core.task.python.build:Building Python package in '/home/auro/Auro/tf_relay'
[1.319s] INFO:colcon.colcon_core.shell:Skip shell extension 'powershell' for command environment: Not usable outside of PowerShell
[1.319s] DEBUG:colcon.colcon_core.shell:Skip shell extension 'dsv' for command environment
[1.590s] DEBUG:colcon.colcon_core.event_handler.log_command:Invoked command in '/home/auro/Auro/build/assessment_interfaces' returned '0': CMAKE_PREFIX_PATH=${CMAKE_PREFIX_PATH}:/home/auro/Auro/install/tf_relay:/home/auro/Auro/install/solution:/home/auro/Auro/install/assessment:/home/auro/turtlebot3_ws/install/turtlebot3_teleop:/home/auro/turtlebot3_ws/install/turtlebot3_example:/opt/ros/humble /usr/bin/cmake --build /home/auro/Auro/build/assessment_interfaces -- -j4 -l4
[1.593s] DEBUG:colcon.colcon_core.event_handler.log_command:Invoked command in '/home/auro/Auro/build/auro_interfaces' returned '0': CMAKE_PREFIX_PATH=${CMAKE_PREFIX_PATH}:/home/auro/Auro/install/tf_relay:/home/auro/Auro/install/solution:/home/auro/Auro/install/assessment:/home/auro/turtlebot3_ws/install/turtlebot3_teleop:/home/auro/turtlebot3_ws/install/turtlebot3_example:/opt/ros/humble /usr/bin/cmake --build /home/auro/Auro/build/auro_interfaces -- -j4 -l4
[1.929s] DEBUG:colcon.colcon_core.event_handler.log_command:Invoking command in '/home/auro/Auro/build/tf_relay': PYTHONPATH=/home/auro/Auro/build/tf_relay/prefix_override:/usr/lib/python3/dist-packages/colcon_core/task/python/colcon_distutils_commands:/home/auro/Auro/install/tf_relay/lib/python3.10/site-packages:${PYTHONPATH} /usr/bin/python3 -W ignore:setup.py install is deprecated setup.py develop --editable --build-directory /home/auro/Auro/build/tf_relay/build --no-deps symlink_data
[1.936s] DEBUG:colcon.colcon_core.event_handler.log_command:Invoking command in '/home/auro/Auro/build/solution': PYTHONPATH=/home/auro/Auro/build/solution/prefix_override:/usr/lib/python3/dist-packages/colcon_core/task/python/colcon_distutils_commands:/home/auro/Auro/install/solution/lib/python3.10/site-packages:${PYTHONPATH} /usr/bin/python3 -W ignore:setup.py install is deprecated setup.py develop --editable --build-directory /home/auro/Auro/build/solution/build --no-deps symlink_data
[1.995s] DEBUG:colcon.colcon_core.event_handler.log_command:Invoking command in '/home/auro/Auro/build/auro_interfaces': CMAKE_PREFIX_PATH=${CMAKE_PREFIX_PATH}:/home/auro/Auro/install/tf_relay:/home/auro/Auro/install/solution:/home/auro/Auro/install/assessment:/home/auro/turtlebot3_ws/install/turtlebot3_teleop:/home/auro/turtlebot3_ws/install/turtlebot3_example:/opt/ros/humble /usr/bin/cmake --install /home/auro/Auro/build/auro_interfaces
[2.007s] DEBUG:colcon.colcon_core.event_handler.log_command:Invoking command in '/home/auro/Auro/build/assessment_interfaces': CMAKE_PREFIX_PATH=${CMAKE_PREFIX_PATH}:/home/auro/Auro/install/tf_relay:/home/auro/Auro/install/solution:/home/auro/Auro/install/assessment:/home/auro/turtlebot3_ws/install/turtlebot3_teleop:/home/auro/turtlebot3_ws/install/turtlebot3_example:/opt/ros/humble /usr/bin/cmake --install /home/auro/Auro/build/assessment_interfaces
[2.148s] Level 1:colcon.colcon_core.environment:create_environment_scripts_only(auro_interfaces)
[2.151s] Level 1:colcon.colcon_core.environment:checking '/home/auro/Auro/install/auro_interfaces' for CMake module files
[2.152s] Level 1:colcon.colcon_core.environment:checking '/home/auro/Auro/install/auro_interfaces' for CMake config files
[2.153s] Level 1:colcon.colcon_core.shell:create_environment_hook('auro_interfaces', 'cmake_prefix_path')
[2.154s] INFO:colcon.colcon_core.shell:Creating environment hook '/home/auro/Auro/install/auro_interfaces/share/auro_interfaces/hook/cmake_prefix_path.ps1'
[2.154s] INFO:colcon.colcon_core.shell:Creating environment descriptor '/home/auro/Auro/install/auro_interfaces/share/auro_interfaces/hook/cmake_prefix_path.dsv'
[2.155s] DEBUG:colcon.colcon_core.event_handler.log_command:Invoked command in '/home/auro/Auro/build/auro_interfaces' returned '0': CMAKE_PREFIX_PATH=${CMAKE_PREFIX_PATH}:/home/auro/Auro/install/tf_relay:/home/auro/Auro/install/solution:/home/auro/Auro/install/assessment:/home/auro/turtlebot3_ws/install/turtlebot3_teleop:/home/auro/turtlebot3_ws/install/turtlebot3_example:/opt/ros/humble /usr/bin/cmake --install /home/auro/Auro/build/auro_interfaces
[2.155s] INFO:colcon.colcon_core.shell:Creating environment hook '/home/auro/Auro/install/auro_interfaces/share/auro_interfaces/hook/cmake_prefix_path.sh'
[2.156s] Level 1:colcon.colcon_core.environment:checking '/home/auro/Auro/install/auro_interfaces/lib'
[2.157s] Level 1:colcon.colcon_core.shell:create_environment_hook('auro_interfaces', 'ld_library_path_lib')
[2.157s] INFO:colcon.colcon_core.shell:Creating environment hook '/home/auro/Auro/install/auro_interfaces/share/auro_interfaces/hook/ld_library_path_lib.ps1'
[2.157s] INFO:colcon.colcon_core.shell:Creating environment descriptor '/home/auro/Auro/install/auro_interfaces/share/auro_interfaces/hook/ld_library_path_lib.dsv'
[2.158s] INFO:colcon.colcon_core.shell:Creating environment hook '/home/auro/Auro/install/auro_interfaces/share/auro_interfaces/hook/ld_library_path_lib.sh'
[2.159s] Level 1:colcon.colcon_core.environment:checking '/home/auro/Auro/install/auro_interfaces/bin'
[2.159s] Level 1:colcon.colcon_core.environment:checking '/home/auro/Auro/install/auro_interfaces/lib/pkgconfig/auro_interfaces.pc'
[2.159s] Level 1:colcon.colcon_core.environment:checking '/home/auro/Auro/install/auro_interfaces/lib/python3.10/site-packages'
[2.159s] Level 1:colcon.colcon_core.environment:checking '/home/auro/Auro/install/auro_interfaces/bin'
[2.160s] INFO:colcon.colcon_core.shell:Creating package script '/home/auro/Auro/install/auro_interfaces/share/auro_interfaces/package.ps1'
[2.161s] INFO:colcon.colcon_core.shell:Creating package descriptor '/home/auro/Auro/install/auro_interfaces/share/auro_interfaces/package.dsv'
[2.162s] INFO:colcon.colcon_core.shell:Creating package script '/home/auro/Auro/install/auro_interfaces/share/auro_interfaces/package.sh'
[2.163s] INFO:colcon.colcon_core.shell:Creating package script '/home/auro/Auro/install/auro_interfaces/share/auro_interfaces/package.bash'
[2.164s] INFO:colcon.colcon_core.shell:Creating package script '/home/auro/Auro/install/auro_interfaces/share/auro_interfaces/package.zsh'
[2.165s] Level 1:colcon.colcon_core.environment:create_file_with_runtime_dependencies(/home/auro/Auro/install/auro_interfaces/share/colcon-core/packages/auro_interfaces)
[2.187s] Level 1:colcon.colcon_core.environment:create_environment_scripts_only(assessment_interfaces)
[2.188s] Level 1:colcon.colcon_core.environment:checking '/home/auro/Auro/install/assessment_interfaces' for CMake module files
[2.188s] Level 1:colcon.colcon_core.environment:checking '/home/auro/Auro/install/assessment_interfaces' for CMake config files
[2.190s] Level 1:colcon.colcon_core.shell:create_environment_hook('assessment_interfaces', 'cmake_prefix_path')
[2.191s] INFO:colcon.colcon_core.shell:Creating environment hook '/home/auro/Auro/install/assessment_interfaces/share/assessment_interfaces/hook/cmake_prefix_path.ps1'
[2.192s] DEBUG:colcon.colcon_core.event_handler.log_command:Invoked command in '/home/auro/Auro/build/assessment_interfaces' returned '0': CMAKE_PREFIX_PATH=${CMAKE_PREFIX_PATH}:/home/auro/Auro/install/tf_relay:/home/auro/Auro/install/solution:/home/auro/Auro/install/assessment:/home/auro/turtlebot3_ws/install/turtlebot3_teleop:/home/auro/turtlebot3_ws/install/turtlebot3_example:/opt/ros/humble /usr/bin/cmake --install /home/auro/Auro/build/assessment_interfaces
[2.192s] INFO:colcon.colcon_core.shell:Creating environment descriptor '/home/auro/Auro/install/assessment_interfaces/share/assessment_interfaces/hook/cmake_prefix_path.dsv'
[2.193s] INFO:colcon.colcon_core.shell:Creating environment hook '/home/auro/Auro/install/assessment_interfaces/share/assessment_interfaces/hook/cmake_prefix_path.sh'
[2.194s] Level 1:colcon.colcon_core.environment:checking '/home/auro/Auro/install/assessment_interfaces/lib'
[2.194s] Level 1:colcon.colcon_core.shell:create_environment_hook('assessment_interfaces', 'ld_library_path_lib')
[2.194s] INFO:colcon.colcon_core.shell:Creating environment hook '/home/auro/Auro/install/assessment_interfaces/share/assessment_interfaces/hook/ld_library_path_lib.ps1'
[2.195s] INFO:colcon.colcon_core.shell:Creating environment descriptor '/home/auro/Auro/install/assessment_interfaces/share/assessment_interfaces/hook/ld_library_path_lib.dsv'
[2.196s] INFO:colcon.colcon_core.shell:Creating environment hook '/home/auro/Auro/install/assessment_interfaces/share/assessment_interfaces/hook/ld_library_path_lib.sh'
[2.197s] Level 1:colcon.colcon_core.environment:checking '/home/auro/Auro/install/assessment_interfaces/bin'
[2.197s] Level 1:colcon.colcon_core.environment:checking '/home/auro/Auro/install/assessment_interfaces/lib/pkgconfig/assessment_interfaces.pc'
[2.197s] Level 1:colcon.colcon_core.environment:checking '/home/auro/Auro/install/assessment_interfaces/lib/python3.10/site-packages'
[2.198s] Level 1:colcon.colcon_core.environment:checking '/home/auro/Auro/install/assessment_interfaces/bin'
[2.199s] INFO:colcon.colcon_core.shell:Creating package script '/home/auro/Auro/install/assessment_interfaces/share/assessment_interfaces/package.ps1'
[2.200s] INFO:colcon.colcon_core.shell:Creating package descriptor '/home/auro/Auro/install/assessment_interfaces/share/assessment_interfaces/package.dsv'
[2.201s] INFO:colcon.colcon_core.shell:Creating package script '/home/auro/Auro/install/assessment_interfaces/share/assessment_interfaces/package.sh'
[2.202s] INFO:colcon.colcon_core.shell:Creating package script '/home/auro/Auro/install/assessment_interfaces/share/assessment_interfaces/package.bash'
[2.203s] INFO:colcon.colcon_core.shell:Creating package script '/home/auro/Auro/install/assessment_interfaces/share/assessment_interfaces/package.zsh'
[2.204s] Level 1:colcon.colcon_core.environment:create_file_with_runtime_dependencies(/home/auro/Auro/install/assessment_interfaces/share/colcon-core/packages/assessment_interfaces)
[2.570s] Level 1:colcon.colcon_core.environment:create_environment_scripts_only(auro_interfaces)
[2.570s] Level 1:colcon.colcon_core.environment:checking '/home/auro/Auro/install/auro_interfaces' for CMake module files
[2.571s] Level 1:colcon.colcon_core.environment:checking '/home/auro/Auro/install/auro_interfaces' for CMake config files
[2.573s] Level 1:colcon.colcon_core.shell:create_environment_hook('auro_interfaces', 'cmake_prefix_path')
[2.573s] INFO:colcon.colcon_core.shell:Creating environment hook '/home/auro/Auro/install/auro_interfaces/share/auro_interfaces/hook/cmake_prefix_path.ps1'
[2.574s] INFO:colcon.colcon_core.shell:Creating environment descriptor '/home/auro/Auro/install/auro_interfaces/share/auro_interfaces/hook/cmake_prefix_path.dsv'
[2.574s] INFO:colcon.colcon_core.shell:Creating environment hook '/home/auro/Auro/install/auro_interfaces/share/auro_interfaces/hook/cmake_prefix_path.sh'
[2.575s] Level 1:colcon.colcon_core.environment:checking '/home/auro/Auro/install/auro_interfaces/lib'
[2.575s] Level 1:colcon.colcon_core.shell:create_environment_hook('auro_interfaces', 'ld_library_path_lib')
[2.576s] INFO:colcon.colcon_core.shell:Creating environment hook '/home/auro/Auro/install/auro_interfaces/share/auro_interfaces/hook/ld_library_path_lib.ps1'
[2.576s] INFO:colcon.colcon_core.shell:Creating environment descriptor '/home/auro/Auro/install/auro_interfaces/share/auro_interfaces/hook/ld_library_path_lib.dsv'
[2.577s] INFO:colcon.colcon_core.shell:Creating environment hook '/home/auro/Auro/install/auro_interfaces/share/auro_interfaces/hook/ld_library_path_lib.sh'
[2.577s] Level 1:colcon.colcon_core.environment:checking '/home/auro/Auro/install/auro_interfaces/bin'
[2.577s] Level 1:colcon.colcon_core.environment:checking '/home/auro/Auro/install/auro_interfaces/lib/pkgconfig/auro_interfaces.pc'
[2.578s] Level 1:colcon.colcon_core.environment:checking '/home/auro/Auro/install/auro_interfaces/lib/python3.10/site-packages'
[2.578s] Level 1:colcon.colcon_core.environment:checking '/home/auro/Auro/install/auro_interfaces/bin'
[2.578s] INFO:colcon.colcon_core.shell:Creating package script '/home/auro/Auro/install/auro_interfaces/share/auro_interfaces/package.ps1'
[2.579s] INFO:colcon.colcon_core.shell:Creating package descriptor '/home/auro/Auro/install/auro_interfaces/share/auro_interfaces/package.dsv'
[2.580s] INFO:colcon.colcon_core.shell:Creating package script '/home/auro/Auro/install/auro_interfaces/share/auro_interfaces/package.sh'
[2.581s] INFO:colcon.colcon_core.shell:Creating package script '/home/auro/Auro/install/auro_interfaces/share/auro_interfaces/package.bash'
[2.581s] INFO:colcon.colcon_core.shell:Creating package script '/home/auro/Auro/install/auro_interfaces/share/auro_interfaces/package.zsh'
[2.582s] Level 1:colcon.colcon_core.environment:create_file_with_runtime_dependencies(/home/auro/Auro/install/auro_interfaces/share/colcon-core/packages/auro_interfaces)
[2.582s] INFO:colcon.colcon_ros.task.ament_python.build:Building ROS package in '/home/auro/Auro/assessment' with build type 'ament_python'
[2.583s] Level 1:colcon.colcon_core.shell:create_environment_hook('assessment', 'ament_prefix_path')
[2.584s] INFO:colcon.colcon_core.shell:Creating environment hook '/home/auro/Auro/install/assessment/share/assessment/hook/ament_prefix_path.ps1'
[2.584s] INFO:colcon.colcon_core.shell:Creating environment descriptor '/home/auro/Auro/install/assessment/share/assessment/hook/ament_prefix_path.dsv'
[2.585s] INFO:colcon.colcon_core.shell:Creating environment hook '/home/auro/Auro/install/assessment/share/assessment/hook/ament_prefix_path.sh'
[2.586s] INFO:colcon.colcon_core.shell:Skip shell extension 'powershell' for command environment: Not usable outside of PowerShell
[2.587s] DEBUG:colcon.colcon_core.shell:Skip shell extension 'dsv' for command environment
[2.989s] INFO:colcon.colcon_core.task.python.build:Building Python package in '/home/auro/Auro/assessment'
[2.989s] INFO:colcon.colcon_core.shell:Skip shell extension 'powershell' for command environment: Not usable outside of PowerShell
[2.989s] DEBUG:colcon.colcon_core.shell:Skip shell extension 'dsv' for command environment
[2.998s] Level 1:colcon.colcon_core.environment:create_environment_scripts_only(assessment_interfaces)
[2.998s] Level 1:colcon.colcon_core.environment:checking '/home/auro/Auro/install/assessment_interfaces' for CMake module files
[2.999s] Level 1:colcon.colcon_core.environment:checking '/home/auro/Auro/install/assessment_interfaces' for CMake config files
[3.001s] Level 1:colcon.colcon_core.shell:create_environment_hook('assessment_interfaces', 'cmake_prefix_path')
[3.001s] INFO:colcon.colcon_core.shell:Creating environment hook '/home/auro/Auro/install/assessment_interfaces/share/assessment_interfaces/hook/cmake_prefix_path.ps1'
[3.002s] INFO:colcon.colcon_core.shell:Creating environment descriptor '/home/auro/Auro/install/assessment_interfaces/share/assessment_interfaces/hook/cmake_prefix_path.dsv'
[3.003s] INFO:colcon.colcon_core.shell:Creating environment hook '/home/auro/Auro/install/assessment_interfaces/share/assessment_interfaces/hook/cmake_prefix_path.sh'
[3.003s] Level 1:colcon.colcon_core.environment:checking '/home/auro/Auro/install/assessment_interfaces/lib'
[3.003s] Level 1:colcon.colcon_core.shell:create_environment_hook('assessment_interfaces', 'ld_library_path_lib')
[3.004s] INFO:colcon.colcon_core.shell:Creating environment hook '/home/auro/Auro/install/assessment_interfaces/share/assessment_interfaces/hook/ld_library_path_lib.ps1'
[3.004s] INFO:colcon.colcon_core.shell:Creating environment descriptor '/home/auro/Auro/install/assessment_interfaces/share/assessment_interfaces/hook/ld_library_path_lib.dsv'
[3.005s] INFO:colcon.colcon_core.shell:Creating environment hook '/home/auro/Auro/install/assessment_interfaces/share/assessment_interfaces/hook/ld_library_path_lib.sh'
[3.005s] Level 1:colcon.colcon_core.environment:checking '/home/auro/Auro/install/assessment_interfaces/bin'
[3.005s] Level 1:colcon.colcon_core.environment:checking '/home/auro/Auro/install/assessment_interfaces/lib/pkgconfig/assessment_interfaces.pc'
[3.006s] Level 1:colcon.colcon_core.environment:checking '/home/auro/Auro/install/assessment_interfaces/lib/python3.10/site-packages'
[3.006s] Level 1:colcon.colcon_core.environment:checking '/home/auro/Auro/install/assessment_interfaces/bin'
[3.006s] INFO:colcon.colcon_core.shell:Creating package script '/home/auro/Auro/install/assessment_interfaces/share/assessment_interfaces/package.ps1'
[3.007s] INFO:colcon.colcon_core.shell:Creating package descriptor '/home/auro/Auro/install/assessment_interfaces/share/assessment_interfaces/package.dsv'
[3.008s] INFO:colcon.colcon_core.shell:Creating package script '/home/auro/Auro/install/assessment_interfaces/share/assessment_interfaces/package.sh'
[3.008s] INFO:colcon.colcon_core.shell:Creating package script '/home/auro/Auro/install/assessment_interfaces/share/assessment_interfaces/package.bash'
[3.009s] INFO:colcon.colcon_core.shell:Creating package script '/home/auro/Auro/install/assessment_interfaces/share/assessment_interfaces/package.zsh'
[3.009s] Level 1:colcon.colcon_core.environment:create_file_with_runtime_dependencies(/home/auro/Auro/install/assessment_interfaces/share/colcon-core/packages/assessment_interfaces)
[3.010s] Level 1:colcon.colcon_core.shell:create_environment_hook('tf_relay', 'pythonpath_develop')
[3.011s] INFO:colcon.colcon_core.shell:Creating environment hook '/home/auro/Auro/build/tf_relay/share/tf_relay/hook/pythonpath_develop.ps1'
[3.012s] INFO:colcon.colcon_core.shell:Creating environment descriptor '/home/auro/Auro/build/tf_relay/share/tf_relay/hook/pythonpath_develop.dsv'
[3.012s] DEBUG:colcon.colcon_core.event_handler.log_command:Invoked command in '/home/auro/Auro/build/tf_relay' returned '0': PYTHONPATH=/home/auro/Auro/build/tf_relay/prefix_override:/usr/lib/python3/dist-packages/colcon_core/task/python/colcon_distutils_commands:/home/auro/Auro/install/tf_relay/lib/python3.10/site-packages:${PYTHONPATH} /usr/bin/python3 -W ignore:setup.py install is deprecated setup.py develop --editable --build-directory /home/auro/Auro/build/tf_relay/build --no-deps symlink_data
[3.013s] INFO:colcon.colcon_core.shell:Creating environment hook '/home/auro/Auro/build/tf_relay/share/tf_relay/hook/pythonpath_develop.sh'
[3.014s] Level 1:colcon.colcon_core.environment:checking '/home/auro/Auro/install/tf_relay' for CMake module files
[3.014s] Level 1:colcon.colcon_core.environment:checking '/home/auro/Auro/install/tf_relay' for CMake config files
[3.015s] Level 1:colcon.colcon_core.environment:checking '/home/auro/Auro/install/tf_relay/lib'
[3.015s] Level 1:colcon.colcon_core.environment:checking '/home/auro/Auro/install/tf_relay/bin'
[3.015s] Level 1:colcon.colcon_core.environment:checking '/home/auro/Auro/install/tf_relay/lib/pkgconfig/tf_relay.pc'
[3.015s] Level 1:colcon.colcon_core.environment:checking '/home/auro/Auro/install/tf_relay/lib/python3.10/site-packages'
[3.015s] Level 1:colcon.colcon_core.shell:create_environment_hook('tf_relay', 'pythonpath')
[3.016s] INFO:colcon.colcon_core.shell:Creating environment hook '/home/auro/Auro/install/tf_relay/share/tf_relay/hook/pythonpath.ps1'
[3.017s] INFO:colcon.colcon_core.shell:Creating environment descriptor '/home/auro/Auro/install/tf_relay/share/tf_relay/hook/pythonpath.dsv'
[3.017s] INFO:colcon.colcon_core.shell:Creating environment hook '/home/auro/Auro/install/tf_relay/share/tf_relay/hook/pythonpath.sh'
[3.018s] Level 1:colcon.colcon_core.environment:checking '/home/auro/Auro/install/tf_relay/bin'
[3.018s] Level 1:colcon.colcon_core.environment:create_environment_scripts_only(tf_relay)
[3.019s] INFO:colcon.colcon_core.shell:Creating package script '/home/auro/Auro/install/tf_relay/share/tf_relay/package.ps1'
[3.019s] INFO:colcon.colcon_core.shell:Creating package descriptor '/home/auro/Auro/install/tf_relay/share/tf_relay/package.dsv'
[3.020s] INFO:colcon.colcon_core.shell:Creating package script '/home/auro/Auro/install/tf_relay/share/tf_relay/package.sh'
[3.021s] INFO:colcon.colcon_core.shell:Creating package script '/home/auro/Auro/install/tf_relay/share/tf_relay/package.bash'
[3.022s] INFO:colcon.colcon_core.shell:Creating package script '/home/auro/Auro/install/tf_relay/share/tf_relay/package.zsh'
[3.022s] Level 1:colcon.colcon_core.environment:create_file_with_runtime_dependencies(/home/auro/Auro/install/tf_relay/share/colcon-core/packages/tf_relay)
[3.023s] Level 1:colcon.colcon_core.shell:create_environment_hook('solution', 'pythonpath_develop')
[3.023s] INFO:colcon.colcon_core.shell:Creating environment hook '/home/auro/Auro/build/solution/share/solution/hook/pythonpath_develop.ps1'
[3.025s] INFO:colcon.colcon_core.shell:Creating environment descriptor '/home/auro/Auro/build/solution/share/solution/hook/pythonpath_develop.dsv'
[3.026s] DEBUG:colcon.colcon_core.event_handler.log_command:Invoked command in '/home/auro/Auro/build/solution' returned '0': PYTHONPATH=/home/auro/Auro/build/solution/prefix_override:/usr/lib/python3/dist-packages/colcon_core/task/python/colcon_distutils_commands:/home/auro/Auro/install/solution/lib/python3.10/site-packages:${PYTHONPATH} /usr/bin/python3 -W ignore:setup.py install is deprecated setup.py develop --editable --build-directory /home/auro/Auro/build/solution/build --no-deps symlink_data
[3.026s] INFO:colcon.colcon_core.shell:Creating environment hook '/home/auro/Auro/build/solution/share/solution/hook/pythonpath_develop.sh'
[3.027s] Level 1:colcon.colcon_core.environment:checking '/home/auro/Auro/install/solution' for CMake module files
[3.028s] Level 1:colcon.colcon_core.environment:checking '/home/auro/Auro/install/solution' for CMake config files
[3.028s] Level 1:colcon.colcon_core.environment:checking '/home/auro/Auro/install/solution/lib'
[3.028s] Level 1:colcon.colcon_core.environment:checking '/home/auro/Auro/install/solution/bin'
[3.028s] Level 1:colcon.colcon_core.environment:checking '/home/auro/Auro/install/solution/lib/pkgconfig/solution.pc'
[3.029s] Level 1:colcon.colcon_core.environment:checking '/home/auro/Auro/install/solution/lib/python3.10/site-packages'
[3.029s] Level 1:colcon.colcon_core.shell:create_environment_hook('solution', 'pythonpath')
[3.029s] INFO:colcon.colcon_core.shell:Creating environment hook '/home/auro/Auro/install/solution/share/solution/hook/pythonpath.ps1'
[3.030s] INFO:colcon.colcon_core.shell:Creating environment descriptor '/home/auro/Auro/install/solution/share/solution/hook/pythonpath.dsv'
[3.030s] INFO:colcon.colcon_core.shell:Creating environment hook '/home/auro/Auro/install/solution/share/solution/hook/pythonpath.sh'
[3.031s] Level 1:colcon.colcon_core.environment:checking '/home/auro/Auro/install/solution/bin'
[3.031s] Level 1:colcon.colcon_core.environment:create_environment_scripts_only(solution)
[3.031s] INFO:colcon.colcon_core.shell:Creating package script '/home/auro/Auro/install/solution/share/solution/package.ps1'
[3.032s] INFO:colcon.colcon_core.shell:Creating package descriptor '/home/auro/Auro/install/solution/share/solution/package.dsv'
[3.033s] INFO:colcon.colcon_core.shell:Creating package script '/home/auro/Auro/install/solution/share/solution/package.sh'
[3.033s] INFO:colcon.colcon_core.shell:Creating package script '/home/auro/Auro/install/solution/share/solution/package.bash'
[3.034s] INFO:colcon.colcon_core.shell:Creating package script '/home/auro/Auro/install/solution/share/solution/package.zsh'
[3.034s] Level 1:colcon.colcon_core.environment:create_file_with_runtime_dependencies(/home/auro/Auro/install/solution/share/colcon-core/packages/solution)
[3.615s] DEBUG:colcon.colcon_core.event_handler.log_command:Invoking command in '/home/auro/Auro/build/assessment': LD_LIBRARY_PATH=/home/auro/Auro/install/auro_interfaces/lib:/home/auro/Auro/install/assessment_interfaces/lib:/home/auro/turtlebot3_ws/install/turtlebot3_msgs/lib:/home/auro/turtlebot3_ws/install/dynamixel_sdk_custom_interfaces/lib:/home/auro/turtlebot3_ws/install/dynamixel_sdk/lib:/usr/lib/x86_64-linux-gnu/gazebo-11/plugins:/opt/ros/humble/opt/rviz_ogre_vendor/lib:/opt/ros/humble/lib/x86_64-linux-gnu:/opt/ros/humble/lib:/usr/lib/x86_64-linux-gnu/gazebo-11/plugins PYTHONPATH=/home/auro/Auro/build/assessment/prefix_override:/usr/lib/python3/dist-packages/colcon_core/task/python/colcon_distutils_commands:/home/auro/Auro/install/assessment/lib/python3.10/site-packages:${PYTHONPATH} /usr/bin/python3 -W ignore:setup.py install is deprecated setup.py develop --editable --build-directory /home/auro/Auro/build/assessment/build --no-deps symlink_data
[4.300s] Level 1:colcon.colcon_core.shell:create_environment_hook('assessment', 'pythonpath_develop')
[4.301s] DEBUG:colcon.colcon_core.event_handler.log_command:Invoked command in '/home/auro/Auro/build/assessment' returned '0': LD_LIBRARY_PATH=/home/auro/Auro/install/auro_interfaces/lib:/home/auro/Auro/install/assessment_interfaces/lib:/home/auro/turtlebot3_ws/install/turtlebot3_msgs/lib:/home/auro/turtlebot3_ws/install/dynamixel_sdk_custom_interfaces/lib:/home/auro/turtlebot3_ws/install/dynamixel_sdk/lib:/usr/lib/x86_64-linux-gnu/gazebo-11/plugins:/opt/ros/humble/opt/rviz_ogre_vendor/lib:/opt/ros/humble/lib/x86_64-linux-gnu:/opt/ros/humble/lib:/usr/lib/x86_64-linux-gnu/gazebo-11/plugins PYTHONPATH=/home/auro/Auro/build/assessment/prefix_override:/usr/lib/python3/dist-packages/colcon_core/task/python/colcon_distutils_commands:/home/auro/Auro/install/assessment/lib/python3.10/site-packages:${PYTHONPATH} /usr/bin/python3 -W ignore:setup.py install is deprecated setup.py develop --editable --build-directory /home/auro/Auro/build/assessment/build --no-deps symlink_data
[4.302s] INFO:colcon.colcon_core.shell:Creating environment hook '/home/auro/Auro/build/assessment/share/assessment/hook/pythonpath_develop.ps1'
[4.302s] INFO:colcon.colcon_core.shell:Creating environment descriptor '/home/auro/Auro/build/assessment/share/assessment/hook/pythonpath_develop.dsv'
[4.303s] INFO:colcon.colcon_core.shell:Creating environment hook '/home/auro/Auro/build/assessment/share/assessment/hook/pythonpath_develop.sh'
[4.303s] Level 1:colcon.colcon_core.environment:checking '/home/auro/Auro/install/assessment' for CMake module files
[4.304s] Level 1:colcon.colcon_core.environment:checking '/home/auro/Auro/install/assessment' for CMake config files
[4.305s] Level 1:colcon.colcon_core.environment:checking '/home/auro/Auro/install/assessment/lib'
[4.305s] Level 1:colcon.colcon_core.environment:checking '/home/auro/Auro/install/assessment/bin'
[4.305s] Level 1:colcon.colcon_core.environment:checking '/home/auro/Auro/install/assessment/lib/pkgconfig/assessment.pc'
[4.305s] Level 1:colcon.colcon_core.environment:checking '/home/auro/Auro/install/assessment/lib/python3.10/site-packages'
[4.305s] Level 1:colcon.colcon_core.shell:create_environment_hook('assessment', 'pythonpath')
[4.306s] INFO:colcon.colcon_core.shell:Creating environment hook '/home/auro/Auro/install/assessment/share/assessment/hook/pythonpath.ps1'
[4.306s] INFO:colcon.colcon_core.shell:Creating environment descriptor '/home/auro/Auro/install/assessment/share/assessment/hook/pythonpath.dsv'
[4.307s] INFO:colcon.colcon_core.shell:Creating environment hook '/home/auro/Auro/install/assessment/share/assessment/hook/pythonpath.sh'
[4.307s] Level 1:colcon.colcon_core.environment:checking '/home/auro/Auro/install/assessment/bin'
[4.307s] Level 1:colcon.colcon_core.environment:create_environment_scripts_only(assessment)
[4.308s] INFO:colcon.colcon_core.shell:Creating package script '/home/auro/Auro/install/assessment/share/assessment/package.ps1'
[4.309s] INFO:colcon.colcon_core.shell:Creating package descriptor '/home/auro/Auro/install/assessment/share/assessment/package.dsv'
[4.309s] INFO:colcon.colcon_core.shell:Creating package script '/home/auro/Auro/install/assessment/share/assessment/package.sh'
[4.310s] INFO:colcon.colcon_core.shell:Creating package script '/home/auro/Auro/install/assessment/share/assessment/package.bash'
[4.310s] INFO:colcon.colcon_core.shell:Creating package script '/home/auro/Auro/install/assessment/share/assessment/package.zsh'
[4.310s] Level 1:colcon.colcon_core.environment:create_file_with_runtime_dependencies(/home/auro/Auro/install/assessment/share/colcon-core/packages/assessment)
[4.311s] DEBUG:colcon.colcon_parallel_executor.executor.parallel:closing loop
[4.312s] DEBUG:colcon.colcon_parallel_executor.executor.parallel:loop closed
[4.312s] DEBUG:colcon.colcon_parallel_executor.executor.parallel:run_until_complete finished with '0'
[4.312s] DEBUG:colcon.colcon_core.event_reactor:joining thread
[4.319s] INFO:colcon.colcon_core.plugin_system:Skipping extension 'colcon_notification.desktop_notification.terminal_notifier': Not used on non-Darwin systems
[4.319s] INFO:colcon.colcon_core.plugin_system:Skipping extension 'colcon_notification.desktop_notification.win32': Not used on non-Windows systems
[4.319s] INFO:colcon.colcon_notification.desktop_notification:Sending desktop notification using 'notify2'
[4.334s] DEBUG:colcon.colcon_core.event_reactor:joined thread
[4.334s] INFO:colcon.colcon_core.shell:Creating prefix script '/home/auro/Auro/install/local_setup.ps1'
[4.336s] INFO:colcon.colcon_core.shell:Creating prefix util module '/home/auro/Auro/install/_local_setup_util_ps1.py'
[4.338s] INFO:colcon.colcon_core.shell:Creating prefix chain script '/home/auro/Auro/install/setup.ps1'
[4.340s] INFO:colcon.colcon_core.shell:Creating prefix script '/home/auro/Auro/install/local_setup.sh'
[4.341s] INFO:colcon.colcon_core.shell:Creating prefix util module '/home/auro/Auro/install/_local_setup_util_sh.py'
[4.341s] INFO:colcon.colcon_core.shell:Creating prefix chain script '/home/auro/Auro/install/setup.sh'
[4.344s] INFO:colcon.colcon_core.shell:Creating prefix script '/home/auro/Auro/install/local_setup.bash'
[4.345s] INFO:colcon.colcon_core.shell:Creating prefix chain script '/home/auro/Auro/install/setup.bash'
[4.348s] INFO:colcon.colcon_core.shell:Creating prefix script '/home/auro/Auro/install/local_setup.zsh'
[4.350s] INFO:colcon.colcon_core.shell:Creating prefix chain script '/home/auro/Auro/install/setup.zsh'
