[0.073s] Invoking command in '/home/auro/Auro3.0/build/auro_interfaces': CMAKE_PREFIX_PATH=${CMAKE_PREFIX_PATH}:/home/auro/turtlebot3_ws/install/turtlebot3_teleop:/home/auro/turtlebot3_ws/install/turtlebot3_example:/opt/ros/humble /usr/bin/cmake /home/auro/Auro3.0/auro_interfaces -DAMENT_CMAKE_SYMLINK_INSTALL=1 -DCMAKE_INSTALL_PREFIX=/home/auro/Auro3.0/install/auro_interfaces
[0.557s] -- The C compiler identification is GNU 11.4.0
[0.557s] -- The CXX compiler identification is GNU 11.4.0
[0.558s] -- Detecting C compiler ABI info
[0.585s] -- Detecting C compiler ABI info - done
[0.600s] -- Check for working C compiler: /usr/bin/cc - skipped
[0.600s] -- Detecting C compile features
[0.601s] -- Detecting C compile features - done
[0.606s] -- Detecting CXX compiler ABI info
[0.743s] -- Detecting CXX compiler ABI info - done
[0.764s] -- Check for working CXX compiler: /usr/bin/c++ - skipped
[0.765s] -- Detecting CXX compile features
[0.768s] -- Detecting CXX compile features - done
[0.822s] -- Found ament_cmake: 1.3.10 (/opt/ros/humble/share/ament_cmake/cmake)
[1.098s] -- Found Python3: /usr/bin/python3 (found version "3.10.12") found components: Interpreter 
[1.222s] -- Override CMake install command with custom implementation using symlinks instead of copying resources
[1.344s] -- Found geometry_msgs: 4.2.4 (/opt/ros/humble/share/geometry_msgs/cmake)
[1.445s] -- Found rosidl_generator_c: 3.1.5 (/opt/ros/humble/share/rosidl_generator_c/cmake)
[1.464s] -- Found rosidl_adapter: 3.1.5 (/opt/ros/humble/share/rosidl_adapter/cmake)
[1.488s] -- Found rosidl_generator_cpp: 3.1.5 (/opt/ros/humble/share/rosidl_generator_cpp/cmake)
[1.528s] -- Using all available rosidl_typesupport_c: rosidl_typesupport_fastrtps_c;rosidl_typesupport_introspection_c
[1.552s] -- Using all available rosidl_typesupport_cpp: rosidl_typesupport_fastrtps_cpp;rosidl_typesupport_introspection_cpp
[1.664s] -- Found rosidl_default_generators: 1.2.0 (/opt/ros/humble/share/rosidl_default_generators/cmake)
[2.603s] -- Found ament_cmake_ros: 0.10.0 (/opt/ros/humble/share/ament_cmake_ros/cmake)
[3.275s] -- Using all available rosidl_typesupport_c: rosidl_typesupport_fastrtps_c;rosidl_typesupport_introspection_c
[3.545s] -- Using all available rosidl_typesupport_cpp: rosidl_typesupport_fastrtps_cpp;rosidl_typesupport_introspection_cpp
[3.590s] -- Found PythonInterp: /usr/bin/python3 (found suitable version "3.10.12", minimum required is "3.6") 
[3.597s] -- Found python_cmake_module: 0.10.0 (/opt/ros/humble/share/python_cmake_module/cmake)
[3.641s] -- Found PythonLibs: /usr/lib/x86_64-linux-gnu/libpython3.10.so (found suitable version "3.10.12", minimum required is "3.5") 
[3.641s] -- Using PYTHON_EXECUTABLE: /usr/bin/python3
[3.641s] -- Using PYTHON_INCLUDE_DIRS: /usr/include/python3.10
[3.642s] -- Using PYTHON_LIBRARIES: /usr/lib/x86_64-linux-gnu/libpython3.10.so
[3.681s] -- Found PythonExtra: .so  
[3.807s] -- Found ament_lint_auto: 0.12.11 (/opt/ros/humble/share/ament_lint_auto/cmake)
[3.851s] -- Added test 'lint_cmake' to check CMake code style
[3.854s] -- Added test 'xmllint' to check XML markup files
[3.860s] -- Configuring done
[3.961s] -- Generating done
[3.979s] -- Build files have been written to: /home/auro/Auro3.0/build/auro_interfaces
[3.981s] Invoked command in '/home/auro/Auro3.0/build/auro_interfaces' returned '0': CMAKE_PREFIX_PATH=${CMAKE_PREFIX_PATH}:/home/auro/turtlebot3_ws/install/turtlebot3_teleop:/home/auro/turtlebot3_ws/install/turtlebot3_example:/opt/ros/humble /usr/bin/cmake /home/auro/Auro3.0/auro_interfaces -DAMENT_CMAKE_SYMLINK_INSTALL=1 -DCMAKE_INSTALL_PREFIX=/home/auro/Auro3.0/install/auro_interfaces
[3.983s] Invoking command in '/home/auro/Auro3.0/build/auro_interfaces': CMAKE_PREFIX_PATH=${CMAKE_PREFIX_PATH}:/home/auro/turtlebot3_ws/install/turtlebot3_teleop:/home/auro/turtlebot3_ws/install/turtlebot3_example:/opt/ros/humble /usr/bin/cmake --build /home/auro/Auro3.0/build/auro_interfaces -- -j4 -l4
[4.063s] [  1%] [34m[1mGenerating C code for ROS interfaces[0m
[4.100s] [  1%] [34m[1mGenerating C++ code for ROS interfaces[0m
[4.225s] [  1%] Built target ament_cmake_python_symlink_auro_interfaces
[4.841s] running egg_info
[4.842s] creating auro_interfaces.egg-info
[4.845s] writing auro_interfaces.egg-info/PKG-INFO
[4.846s] writing dependency_links to auro_interfaces.egg-info/dependency_links.txt
[4.846s] writing top-level names to auro_interfaces.egg-info/top_level.txt
[4.848s] writing manifest file 'auro_interfaces.egg-info/SOURCES.txt'
[4.853s] reading manifest file 'auro_interfaces.egg-info/SOURCES.txt'
[4.854s] writing manifest file 'auro_interfaces.egg-info/SOURCES.txt'
[4.941s] [  1%] Built target ament_cmake_python_build_auro_interfaces_egg
[7.249s] [  2%] [32mBuilding C object CMakeFiles/auro_interfaces__rosidl_generator_c.dir/rosidl_generator_c/auro_interfaces/msg/detail/string_with_pose__functions.c.o[0m
[7.279s] [  3%] [32mBuilding C object CMakeFiles/auro_interfaces__rosidl_generator_c.dir/rosidl_generator_c/auro_interfaces/msg/detail/item__functions.c.o[0m
[7.294s] [  4%] [32mBuilding C object CMakeFiles/auro_interfaces__rosidl_generator_c.dir/rosidl_generator_c/auro_interfaces/msg/detail/item_list__functions.c.o[0m
[7.416s] [  5%] [32mBuilding C object CMakeFiles/auro_interfaces__rosidl_generator_c.dir/rosidl_generator_c/auro_interfaces/srv/detail/item_request__functions.c.o[0m
[7.421s] [  5%] [32mBuilding C object CMakeFiles/auro_interfaces__rosidl_generator_c.dir/rosidl_generator_c/auro_interfaces/msg/detail/direction__functions.c.o[0m
[7.530s] [  6%] [32mBuilding C object CMakeFiles/auro_interfaces__rosidl_generator_c.dir/rosidl_generator_c/auro_interfaces/srv/detail/collision__functions.c.o[0m
[7.533s] [  7%] [32mBuilding C object CMakeFiles/auro_interfaces__rosidl_generator_c.dir/rosidl_generator_c/auro_interfaces/srv/detail/zone_request__functions.c.o[0m
[7.659s] [  8%] [32mBuilding C object CMakeFiles/auro_interfaces__rosidl_generator_c.dir/rosidl_generator_c/auro_interfaces/action/detail/move__functions.c.o[0m
[7.663s] [  9%] [32mBuilding C object CMakeFiles/auro_interfaces__rosidl_generator_c.dir/rosidl_generator_c/auro_interfaces/srv/detail/check_goal__functions.c.o[0m
[7.748s] [  9%] [32mBuilding C object CMakeFiles/auro_interfaces__rosidl_generator_c.dir/rosidl_generator_c/auro_interfaces/srv/detail/rotate__functions.c.o[0m
[7.846s] [ 10%] [32mBuilding C object CMakeFiles/auro_interfaces__rosidl_generator_c.dir/rosidl_generator_c/auro_interfaces/srv/detail/task__functions.c.o[0m
[7.961s] [ 11%] [32mBuilding C object CMakeFiles/auro_interfaces__rosidl_generator_c.dir/rosidl_generator_c/auro_interfaces/srv/detail/find_target__functions.c.o[0m
[8.141s] [ 12%] [32m[1mLinking C shared library libauro_interfaces__rosidl_generator_c.so[0m
[8.176s] [ 12%] Built target auro_interfaces__cpp
[8.243s] [ 12%] [34m[1mGenerating C++ type support for eProsima Fast-RTPS[0m
[8.243s] [ 13%] [34m[1mGenerating C++ type support dispatch for ROS interfaces[0m
[8.293s] [ 14%] [34m[1mGenerating C++ introspection for ROS interfaces[0m
[8.304s] [ 14%] Built target auro_interfaces__rosidl_generator_c
[8.342s] [ 15%] [34m[1mGenerating C type support for eProsima Fast-RTPS[0m
[11.066s] [ 16%] [32mBuilding CXX object CMakeFiles/auro_interfaces__rosidl_typesupport_cpp.dir/rosidl_typesupport_cpp/auro_interfaces/msg/string_with_pose__type_support.cpp.o[0m
[11.694s] [ 16%] [32mBuilding CXX object CMakeFiles/auro_interfaces__rosidl_typesupport_introspection_cpp.dir/rosidl_typesupport_introspection_cpp/auro_interfaces/msg/detail/string_with_pose__type_support.cpp.o[0m
[11.792s] [ 17%] [32mBuilding CXX object CMakeFiles/auro_interfaces__rosidl_typesupport_cpp.dir/rosidl_typesupport_cpp/auro_interfaces/msg/item__type_support.cpp.o[0m
[12.491s] [ 18%] [32mBuilding CXX object CMakeFiles/auro_interfaces__rosidl_typesupport_cpp.dir/rosidl_typesupport_cpp/auro_interfaces/msg/item_list__type_support.cpp.o[0m
[12.761s] [ 19%] [32mBuilding CXX object CMakeFiles/auro_interfaces__rosidl_typesupport_introspection_cpp.dir/rosidl_typesupport_introspection_cpp/auro_interfaces/msg/detail/item__type_support.cpp.o[0m
[13.058s] [ 20%] [32mBuilding CXX object CMakeFiles/auro_interfaces__rosidl_typesupport_fastrtps_cpp.dir/rosidl_typesupport_fastrtps_cpp/auro_interfaces/msg/detail/dds_fastrtps/string_with_pose__type_support.cpp.o[0m
[13.058s] [ 21%] [32mBuilding CXX object CMakeFiles/auro_interfaces__rosidl_typesupport_cpp.dir/rosidl_typesupport_cpp/auro_interfaces/msg/direction__type_support.cpp.o[0m
[13.086s] [ 22%] [32mBuilding CXX object CMakeFiles/auro_interfaces__rosidl_typesupport_fastrtps_c.dir/rosidl_typesupport_fastrtps_c/auro_interfaces/msg/detail/string_with_pose__type_support_c.cpp.o[0m
[13.571s] [ 23%] [32mBuilding CXX object CMakeFiles/auro_interfaces__rosidl_typesupport_introspection_cpp.dir/rosidl_typesupport_introspection_cpp/auro_interfaces/msg/detail/item_list__type_support.cpp.o[0m
[13.674s] [ 23%] [32mBuilding CXX object CMakeFiles/auro_interfaces__rosidl_typesupport_cpp.dir/rosidl_typesupport_cpp/auro_interfaces/srv/item_request__type_support.cpp.o[0m
[14.308s] [ 24%] [32mBuilding CXX object CMakeFiles/auro_interfaces__rosidl_typesupport_cpp.dir/rosidl_typesupport_cpp/auro_interfaces/srv/zone_request__type_support.cpp.o[0m
[14.322s] [ 25%] [32mBuilding CXX object CMakeFiles/auro_interfaces__rosidl_typesupport_fastrtps_c.dir/rosidl_typesupport_fastrtps_c/auro_interfaces/msg/detail/item__type_support_c.cpp.o[0m
[14.326s] [ 26%] [32mBuilding CXX object CMakeFiles/auro_interfaces__rosidl_typesupport_introspection_cpp.dir/rosidl_typesupport_introspection_cpp/auro_interfaces/msg/detail/direction__type_support.cpp.o[0m
[14.459s] [ 27%] [32mBuilding CXX object CMakeFiles/auro_interfaces__rosidl_typesupport_fastrtps_cpp.dir/rosidl_typesupport_fastrtps_cpp/auro_interfaces/msg/detail/dds_fastrtps/item__type_support.cpp.o[0m
[15.073s] [ 27%] [32mBuilding CXX object CMakeFiles/auro_interfaces__rosidl_typesupport_fastrtps_c.dir/rosidl_typesupport_fastrtps_c/auro_interfaces/msg/detail/item_list__type_support_c.cpp.o[0m
[15.073s] [ 28%] [32mBuilding CXX object CMakeFiles/auro_interfaces__rosidl_typesupport_cpp.dir/rosidl_typesupport_cpp/auro_interfaces/srv/collision__type_support.cpp.o[0m
[15.312s] [ 29%] [32mBuilding CXX object CMakeFiles/auro_interfaces__rosidl_typesupport_introspection_cpp.dir/rosidl_typesupport_introspection_cpp/auro_interfaces/srv/detail/item_request__type_support.cpp.o[0m
[15.440s] [ 30%] [32mBuilding CXX object CMakeFiles/auro_interfaces__rosidl_typesupport_fastrtps_cpp.dir/rosidl_typesupport_fastrtps_cpp/auro_interfaces/msg/detail/dds_fastrtps/item_list__type_support.cpp.o[0m
[15.741s] [ 31%] [32mBuilding CXX object CMakeFiles/auro_interfaces__rosidl_typesupport_cpp.dir/rosidl_typesupport_cpp/auro_interfaces/action/move__type_support.cpp.o[0m
[16.010s] [ 32%] [32mBuilding CXX object CMakeFiles/auro_interfaces__rosidl_typesupport_fastrtps_c.dir/rosidl_typesupport_fastrtps_c/auro_interfaces/msg/detail/direction__type_support_c.cpp.o[0m
[16.264s] [ 33%] [32mBuilding CXX object CMakeFiles/auro_interfaces__rosidl_typesupport_introspection_cpp.dir/rosidl_typesupport_introspection_cpp/auro_interfaces/srv/detail/zone_request__type_support.cpp.o[0m
[16.698s] [ 34%] [32mBuilding CXX object CMakeFiles/auro_interfaces__rosidl_typesupport_fastrtps_cpp.dir/rosidl_typesupport_fastrtps_cpp/auro_interfaces/msg/detail/dds_fastrtps/direction__type_support.cpp.o[0m
[17.008s] [ 35%] [32mBuilding CXX object CMakeFiles/auro_interfaces__rosidl_typesupport_cpp.dir/rosidl_typesupport_cpp/auro_interfaces/srv/check_goal__type_support.cpp.o[0m
[17.029s] [ 36%] [32mBuilding CXX object CMakeFiles/auro_interfaces__rosidl_typesupport_fastrtps_c.dir/rosidl_typesupport_fastrtps_c/auro_interfaces/srv/detail/item_request__type_support_c.cpp.o[0m
[17.354s] [ 36%] [32mBuilding CXX object CMakeFiles/auro_interfaces__rosidl_typesupport_introspection_cpp.dir/rosidl_typesupport_introspection_cpp/auro_interfaces/srv/detail/collision__type_support.cpp.o[0m
[17.748s] [ 37%] [32mBuilding CXX object CMakeFiles/auro_interfaces__rosidl_typesupport_cpp.dir/rosidl_typesupport_cpp/auro_interfaces/srv/rotate__type_support.cpp.o[0m
[17.752s] [ 38%] [32mBuilding CXX object CMakeFiles/auro_interfaces__rosidl_typesupport_fastrtps_cpp.dir/rosidl_typesupport_fastrtps_cpp/auro_interfaces/srv/detail/dds_fastrtps/item_request__type_support.cpp.o[0m
[17.993s] [ 39%] [32mBuilding CXX object CMakeFiles/auro_interfaces__rosidl_typesupport_fastrtps_c.dir/rosidl_typesupport_fastrtps_c/auro_interfaces/srv/detail/zone_request__type_support_c.cpp.o[0m
[18.035s] [ 40%] [32mBuilding CXX object CMakeFiles/auro_interfaces__rosidl_typesupport_introspection_cpp.dir/rosidl_typesupport_introspection_cpp/auro_interfaces/action/detail/move__type_support.cpp.o[0m
[18.230s] [ 40%] [32mBuilding CXX object CMakeFiles/auro_interfaces__rosidl_typesupport_cpp.dir/rosidl_typesupport_cpp/auro_interfaces/srv/task__type_support.cpp.o[0m
[18.628s] [ 40%] [32mBuilding CXX object CMakeFiles/auro_interfaces__rosidl_typesupport_fastrtps_cpp.dir/rosidl_typesupport_fastrtps_cpp/auro_interfaces/srv/detail/dds_fastrtps/zone_request__type_support.cpp.o[0m
[18.633s] [ 41%] [32mBuilding CXX object CMakeFiles/auro_interfaces__rosidl_typesupport_fastrtps_c.dir/rosidl_typesupport_fastrtps_c/auro_interfaces/srv/detail/collision__type_support_c.cpp.o[0m
[18.703s] [ 42%] [32mBuilding CXX object CMakeFiles/auro_interfaces__rosidl_typesupport_cpp.dir/rosidl_typesupport_cpp/auro_interfaces/srv/find_target__type_support.cpp.o[0m
[19.041s] [ 43%] [32mBuilding CXX object CMakeFiles/auro_interfaces__rosidl_typesupport_introspection_cpp.dir/rosidl_typesupport_introspection_cpp/auro_interfaces/srv/detail/check_goal__type_support.cpp.o[0m
[19.103s] [ 44%] [32m[1mLinking CXX shared library libauro_interfaces__rosidl_typesupport_cpp.so[0m
[19.246s] [ 45%] [32mBuilding CXX object CMakeFiles/auro_interfaces__rosidl_typesupport_fastrtps_c.dir/rosidl_typesupport_fastrtps_c/auro_interfaces/action/detail/move__type_support_c.cpp.o[0m
[19.257s] [ 45%] Built target auro_interfaces__rosidl_typesupport_cpp
[19.301s] [ 46%] [34m[1mGenerating C introspection for ROS interfaces[0m
[19.305s] [ 47%] [32mBuilding CXX object CMakeFiles/auro_interfaces__rosidl_typesupport_fastrtps_cpp.dir/rosidl_typesupport_fastrtps_cpp/auro_interfaces/srv/detail/dds_fastrtps/collision__type_support.cpp.o[0m
[19.630s] [ 48%] [32mBuilding CXX object CMakeFiles/auro_interfaces__rosidl_typesupport_introspection_cpp.dir/rosidl_typesupport_introspection_cpp/auro_interfaces/srv/detail/rotate__type_support.cpp.o[0m
[19.986s] [ 49%] [32mBuilding CXX object CMakeFiles/auro_interfaces__rosidl_typesupport_fastrtps_cpp.dir/rosidl_typesupport_fastrtps_cpp/auro_interfaces/action/detail/dds_fastrtps/move__type_support.cpp.o[0m
[20.018s] [ 49%] [32mBuilding CXX object CMakeFiles/auro_interfaces__rosidl_typesupport_fastrtps_c.dir/rosidl_typesupport_fastrtps_c/auro_interfaces/srv/detail/check_goal__type_support_c.cpp.o[0m
[20.207s] [ 50%] [32mBuilding CXX object CMakeFiles/auro_interfaces__rosidl_typesupport_introspection_cpp.dir/rosidl_typesupport_introspection_cpp/auro_interfaces/srv/detail/task__type_support.cpp.o[0m
[20.542s] [ 51%] [32mBuilding CXX object CMakeFiles/auro_interfaces__rosidl_typesupport_fastrtps_c.dir/rosidl_typesupport_fastrtps_c/auro_interfaces/srv/detail/rotate__type_support_c.cpp.o[0m
[20.829s] [ 52%] [32mBuilding CXX object CMakeFiles/auro_interfaces__rosidl_typesupport_fastrtps_cpp.dir/rosidl_typesupport_fastrtps_cpp/auro_interfaces/srv/detail/dds_fastrtps/check_goal__type_support.cpp.o[0m
[21.046s] [ 53%] [32mBuilding CXX object CMakeFiles/auro_interfaces__rosidl_typesupport_introspection_cpp.dir/rosidl_typesupport_introspection_cpp/auro_interfaces/srv/detail/find_target__type_support.cpp.o[0m
[21.279s] [ 54%] [32mBuilding CXX object CMakeFiles/auro_interfaces__rosidl_typesupport_fastrtps_c.dir/rosidl_typesupport_fastrtps_c/auro_interfaces/srv/detail/task__type_support_c.cpp.o[0m
[21.659s] [ 55%] [32mBuilding CXX object CMakeFiles/auro_interfaces__rosidl_typesupport_fastrtps_cpp.dir/rosidl_typesupport_fastrtps_cpp/auro_interfaces/srv/detail/dds_fastrtps/rotate__type_support.cpp.o[0m
[21.758s] [ 56%] [32m[1mLinking CXX shared library libauro_interfaces__rosidl_typesupport_introspection_cpp.so[0m
[22.056s] [ 57%] [32mBuilding CXX object CMakeFiles/auro_interfaces__rosidl_typesupport_fastrtps_c.dir/rosidl_typesupport_fastrtps_c/auro_interfaces/srv/detail/find_target__type_support_c.cpp.o[0m
[22.087s] [ 58%] [32mBuilding C object CMakeFiles/auro_interfaces__rosidl_typesupport_introspection_c.dir/rosidl_typesupport_introspection_c/auro_interfaces/msg/detail/string_with_pose__type_support.c.o[0m
[22.098s] [ 58%] Built target auro_interfaces__rosidl_typesupport_introspection_cpp
[22.155s] [ 59%] [34m[1mGenerating C type support dispatch for ROS interfaces[0m
[22.257s] [ 60%] [32mBuilding C object CMakeFiles/auro_interfaces__rosidl_typesupport_introspection_c.dir/rosidl_typesupport_introspection_c/auro_interfaces/msg/detail/item__type_support.c.o[0m
[22.419s] [ 61%] [32mBuilding C object CMakeFiles/auro_interfaces__rosidl_typesupport_introspection_c.dir/rosidl_typesupport_introspection_c/auro_interfaces/msg/detail/item_list__type_support.c.o[0m
[22.569s] [ 62%] [32mBuilding CXX object CMakeFiles/auro_interfaces__rosidl_typesupport_fastrtps_cpp.dir/rosidl_typesupport_fastrtps_cpp/auro_interfaces/srv/detail/dds_fastrtps/task__type_support.cpp.o[0m
[22.569s] [ 62%] [32mBuilding C object CMakeFiles/auro_interfaces__rosidl_typesupport_introspection_c.dir/rosidl_typesupport_introspection_c/auro_interfaces/msg/detail/direction__type_support.c.o[0m
[22.632s] [ 63%] [32mBuilding C object CMakeFiles/auro_interfaces__rosidl_typesupport_introspection_c.dir/rosidl_typesupport_introspection_c/auro_interfaces/srv/detail/item_request__type_support.c.o[0m
[22.771s] [ 64%] [32mBuilding C object CMakeFiles/auro_interfaces__rosidl_typesupport_introspection_c.dir/rosidl_typesupport_introspection_c/auro_interfaces/srv/detail/zone_request__type_support.c.o[0m
[22.836s] [ 65%] [32m[1mLinking CXX shared library libauro_interfaces__rosidl_typesupport_fastrtps_c.so[0m
[22.873s] [ 66%] [32mBuilding C object CMakeFiles/auro_interfaces__rosidl_typesupport_introspection_c.dir/rosidl_typesupport_introspection_c/auro_interfaces/srv/detail/collision__type_support.c.o[0m
[23.001s] [ 67%] [32mBuilding C object CMakeFiles/auro_interfaces__rosidl_typesupport_introspection_c.dir/rosidl_typesupport_introspection_c/auro_interfaces/action/detail/move__type_support.c.o[0m
[23.160s] [ 68%] [32mBuilding C object CMakeFiles/auro_interfaces__rosidl_typesupport_introspection_c.dir/rosidl_typesupport_introspection_c/auro_interfaces/srv/detail/check_goal__type_support.c.o[0m
[23.282s] [ 69%] [32mBuilding C object CMakeFiles/auro_interfaces__rosidl_typesupport_introspection_c.dir/rosidl_typesupport_introspection_c/auro_interfaces/srv/detail/rotate__type_support.c.o[0m
[23.303s] [ 69%] Built target auro_interfaces__rosidl_typesupport_fastrtps_c
[23.308s] [ 69%] [32mBuilding CXX object CMakeFiles/auro_interfaces__rosidl_typesupport_fastrtps_cpp.dir/rosidl_typesupport_fastrtps_cpp/auro_interfaces/srv/detail/dds_fastrtps/find_target__type_support.cpp.o[0m
[23.380s] [ 69%] [32mBuilding C object CMakeFiles/auro_interfaces__rosidl_typesupport_introspection_c.dir/rosidl_typesupport_introspection_c/auro_interfaces/srv/detail/task__type_support.c.o[0m
[23.440s] [ 70%] [32mBuilding C object CMakeFiles/auro_interfaces__rosidl_typesupport_introspection_c.dir/rosidl_typesupport_introspection_c/auro_interfaces/srv/detail/find_target__type_support.c.o[0m
[23.508s] [ 71%] [32m[1mLinking C shared library libauro_interfaces__rosidl_typesupport_introspection_c.so[0m
[23.580s] [ 71%] Built target auro_interfaces__rosidl_typesupport_introspection_c
[23.826s] [ 71%] [32mBuilding CXX object CMakeFiles/auro_interfaces__rosidl_typesupport_c.dir/rosidl_typesupport_c/auro_interfaces/msg/item__type_support.cpp.o[0m
[23.833s] [ 72%] [32mBuilding CXX object CMakeFiles/auro_interfaces__rosidl_typesupport_c.dir/rosidl_typesupport_c/auro_interfaces/msg/string_with_pose__type_support.cpp.o[0m
[23.836s] [ 73%] [32mBuilding CXX object CMakeFiles/auro_interfaces__rosidl_typesupport_c.dir/rosidl_typesupport_c/auro_interfaces/msg/item_list__type_support.cpp.o[0m
[23.853s] [ 74%] [32m[1mLinking CXX shared library libauro_interfaces__rosidl_typesupport_fastrtps_cpp.so[0m
[23.881s] [ 75%] [32mBuilding CXX object CMakeFiles/auro_interfaces__rosidl_typesupport_c.dir/rosidl_typesupport_c/auro_interfaces/srv/item_request__type_support.cpp.o[0m
[23.882s] [ 76%] [32mBuilding CXX object CMakeFiles/auro_interfaces__rosidl_typesupport_c.dir/rosidl_typesupport_c/auro_interfaces/msg/direction__type_support.cpp.o[0m
[23.885s] [ 77%] [32mBuilding CXX object CMakeFiles/auro_interfaces__rosidl_typesupport_c.dir/rosidl_typesupport_c/auro_interfaces/srv/zone_request__type_support.cpp.o[0m
[23.939s] [ 78%] [32mBuilding CXX object CMakeFiles/auro_interfaces__rosidl_typesupport_c.dir/rosidl_typesupport_c/auro_interfaces/srv/collision__type_support.cpp.o[0m
[23.953s] [ 79%] [32mBuilding CXX object CMakeFiles/auro_interfaces__rosidl_typesupport_c.dir/rosidl_typesupport_c/auro_interfaces/srv/check_goal__type_support.cpp.o[0m
[23.972s] [ 79%] [32mBuilding CXX object CMakeFiles/auro_interfaces__rosidl_typesupport_c.dir/rosidl_typesupport_c/auro_interfaces/action/move__type_support.cpp.o[0m
[24.017s] [ 80%] [32mBuilding CXX object CMakeFiles/auro_interfaces__rosidl_typesupport_c.dir/rosidl_typesupport_c/auro_interfaces/srv/rotate__type_support.cpp.o[0m
[24.040s] [ 81%] [32mBuilding CXX object CMakeFiles/auro_interfaces__rosidl_typesupport_c.dir/rosidl_typesupport_c/auro_interfaces/srv/task__type_support.cpp.o[0m
[24.059s] [ 82%] [32mBuilding CXX object CMakeFiles/auro_interfaces__rosidl_typesupport_c.dir/rosidl_typesupport_c/auro_interfaces/srv/find_target__type_support.cpp.o[0m
[24.122s] [ 82%] Built target auro_interfaces__rosidl_typesupport_fastrtps_cpp
[24.128s] [ 83%] [32m[1mLinking CXX shared library libauro_interfaces__rosidl_typesupport_c.so[0m
[24.196s] [ 83%] Built target auro_interfaces__rosidl_typesupport_c
[24.227s] [ 83%] Built target auro_interfaces
[24.258s] [ 84%] [34m[1mGenerating Python code for ROS interfaces[0m
[27.924s] [ 84%] Built target auro_interfaces__py
[27.955s] [ 85%] [32mBuilding C object CMakeFiles/auro_interfaces__rosidl_generator_py.dir/rosidl_generator_py/auro_interfaces/msg/_string_with_pose_s.c.o[0m
[27.956s] [ 86%] [32mBuilding C object CMakeFiles/auro_interfaces__rosidl_generator_py.dir/rosidl_generator_py/auro_interfaces/msg/_item_list_s.c.o[0m
[27.956s] [ 86%] [32mBuilding C object CMakeFiles/auro_interfaces__rosidl_generator_py.dir/rosidl_generator_py/auro_interfaces/msg/_item_s.c.o[0m
[28.086s] [ 87%] [32mBuilding C object CMakeFiles/auro_interfaces__rosidl_generator_py.dir/rosidl_generator_py/auro_interfaces/msg/_direction_s.c.o[0m
[28.086s] [ 88%] [32mBuilding C object CMakeFiles/auro_interfaces__rosidl_generator_py.dir/rosidl_generator_py/auro_interfaces/srv/_item_request_s.c.o[0m
[28.101s] [ 89%] [32mBuilding C object CMakeFiles/auro_interfaces__rosidl_generator_py.dir/rosidl_generator_py/auro_interfaces/srv/_zone_request_s.c.o[0m
[28.118s] [ 90%] [32mBuilding C object CMakeFiles/auro_interfaces__rosidl_generator_py.dir/rosidl_generator_py/auro_interfaces/srv/_collision_s.c.o[0m
[28.255s] [ 91%] [32mBuilding C object CMakeFiles/auro_interfaces__rosidl_generator_py.dir/rosidl_generator_py/auro_interfaces/action/_move_s.c.o[0m
[28.255s] [ 92%] [32mBuilding C object CMakeFiles/auro_interfaces__rosidl_generator_py.dir/rosidl_generator_py/auro_interfaces/srv/_check_goal_s.c.o[0m
[28.298s] [ 93%] [32mBuilding C object CMakeFiles/auro_interfaces__rosidl_generator_py.dir/rosidl_generator_py/auro_interfaces/srv/_task_s.c.o[0m
[28.298s] [ 93%] [32mBuilding C object CMakeFiles/auro_interfaces__rosidl_generator_py.dir/rosidl_generator_py/auro_interfaces/srv/_rotate_s.c.o[0m
[28.417s] [ 94%] [32mBuilding C object CMakeFiles/auro_interfaces__rosidl_generator_py.dir/rosidl_generator_py/auro_interfaces/srv/_find_target_s.c.o[0m
[28.562s] [ 95%] [32m[1mLinking C shared library rosidl_generator_py/auro_interfaces/libauro_interfaces__rosidl_generator_py.so[0m
[28.654s] [ 95%] Built target auro_interfaces__rosidl_generator_py
[28.680s] [ 96%] [32mBuilding C object CMakeFiles/auro_interfaces__rosidl_typesupport_fastrtps_c__pyext.dir/rosidl_generator_py/auro_interfaces/_auro_interfaces_s.ep.rosidl_typesupport_fastrtps_c.c.o[0m
[28.681s] [ 97%] [32mBuilding C object CMakeFiles/auro_interfaces__rosidl_typesupport_introspection_c__pyext.dir/rosidl_generator_py/auro_interfaces/_auro_interfaces_s.ep.rosidl_typesupport_introspection_c.c.o[0m
[28.682s] [ 97%] [32mBuilding C object CMakeFiles/auro_interfaces__rosidl_typesupport_c__pyext.dir/rosidl_generator_py/auro_interfaces/_auro_interfaces_s.ep.rosidl_typesupport_c.c.o[0m
[28.912s] [ 98%] [32m[1mLinking C shared library rosidl_generator_py/auro_interfaces/auro_interfaces_s__rosidl_typesupport_introspection_c.cpython-310-x86_64-linux-gnu.so[0m
[28.938s] [ 99%] [32m[1mLinking C shared library rosidl_generator_py/auro_interfaces/auro_interfaces_s__rosidl_typesupport_c.cpython-310-x86_64-linux-gnu.so[0m
[28.954s] [100%] [32m[1mLinking C shared library rosidl_generator_py/auro_interfaces/auro_interfaces_s__rosidl_typesupport_fastrtps_c.cpython-310-x86_64-linux-gnu.so[0m
[28.997s] [100%] Built target auro_interfaces__rosidl_typesupport_introspection_c__pyext
[29.007s] [100%] Built target auro_interfaces__rosidl_typesupport_c__pyext
[29.032s] [100%] Built target auro_interfaces__rosidl_typesupport_fastrtps_c__pyext
[29.053s] Invoked command in '/home/auro/Auro3.0/build/auro_interfaces' returned '0': CMAKE_PREFIX_PATH=${CMAKE_PREFIX_PATH}:/home/auro/turtlebot3_ws/install/turtlebot3_teleop:/home/auro/turtlebot3_ws/install/turtlebot3_example:/opt/ros/humble /usr/bin/cmake --build /home/auro/Auro3.0/build/auro_interfaces -- -j4 -l4
[29.478s] Invoking command in '/home/auro/Auro3.0/build/auro_interfaces': CMAKE_PREFIX_PATH=${CMAKE_PREFIX_PATH}:/home/auro/turtlebot3_ws/install/turtlebot3_teleop:/home/auro/turtlebot3_ws/install/turtlebot3_example:/opt/ros/humble /usr/bin/cmake --install /home/auro/Auro3.0/build/auro_interfaces
[29.488s] -- Install configuration: ""
[29.488s] -- Execute custom install script
[29.489s] -- Symlinking: /home/auro/Auro3.0/install/auro_interfaces/share/ament_index/resource_index/rosidl_interfaces/auro_interfaces
[29.502s] -- Symlinking: /home/auro/Auro3.0/install/auro_interfaces/include/auro_interfaces/auro_interfaces/action/detail/move__functions.h
[29.514s] -- Symlinking: /home/auro/Auro3.0/install/auro_interfaces/include/auro_interfaces/auro_interfaces/action/detail/move__struct.h
[29.526s] -- Symlinking: /home/auro/Auro3.0/install/auro_interfaces/include/auro_interfaces/auro_interfaces/action/detail/move__type_support.h
[29.538s] -- Symlinking: /home/auro/Auro3.0/install/auro_interfaces/include/auro_interfaces/auro_interfaces/action/move.h
[29.551s] -- Symlinking: /home/auro/Auro3.0/install/auro_interfaces/include/auro_interfaces/auro_interfaces/msg/detail/direction__functions.h
[29.564s] -- Symlinking: /home/auro/Auro3.0/install/auro_interfaces/include/auro_interfaces/auro_interfaces/msg/detail/direction__struct.h
[29.578s] -- Symlinking: /home/auro/Auro3.0/install/auro_interfaces/include/auro_interfaces/auro_interfaces/msg/detail/direction__type_support.h
[29.590s] -- Symlinking: /home/auro/Auro3.0/install/auro_interfaces/include/auro_interfaces/auro_interfaces/msg/detail/item__functions.h
[29.602s] -- Symlinking: /home/auro/Auro3.0/install/auro_interfaces/include/auro_interfaces/auro_interfaces/msg/detail/item__struct.h
[29.614s] -- Symlinking: /home/auro/Auro3.0/install/auro_interfaces/include/auro_interfaces/auro_interfaces/msg/detail/item__type_support.h
[29.626s] -- Symlinking: /home/auro/Auro3.0/install/auro_interfaces/include/auro_interfaces/auro_interfaces/msg/detail/item_list__functions.h
[29.639s] -- Symlinking: /home/auro/Auro3.0/install/auro_interfaces/include/auro_interfaces/auro_interfaces/msg/detail/item_list__struct.h
[29.653s] -- Symlinking: /home/auro/Auro3.0/install/auro_interfaces/include/auro_interfaces/auro_interfaces/msg/detail/item_list__type_support.h
[29.665s] -- Symlinking: /home/auro/Auro3.0/install/auro_interfaces/include/auro_interfaces/auro_interfaces/msg/detail/string_with_pose__functions.h
[29.678s] -- Symlinking: /home/auro/Auro3.0/install/auro_interfaces/include/auro_interfaces/auro_interfaces/msg/detail/string_with_pose__struct.h
[29.692s] -- Symlinking: /home/auro/Auro3.0/install/auro_interfaces/include/auro_interfaces/auro_interfaces/msg/detail/string_with_pose__type_support.h
[29.706s] -- Symlinking: /home/auro/Auro3.0/install/auro_interfaces/include/auro_interfaces/auro_interfaces/msg/direction.h
[29.719s] -- Symlinking: /home/auro/Auro3.0/install/auro_interfaces/include/auro_interfaces/auro_interfaces/msg/item.h
[29.737s] -- Symlinking: /home/auro/Auro3.0/install/auro_interfaces/include/auro_interfaces/auro_interfaces/msg/item_list.h
[29.749s] -- Symlinking: /home/auro/Auro3.0/install/auro_interfaces/include/auro_interfaces/auro_interfaces/msg/rosidl_generator_c__visibility_control.h
[29.763s] -- Symlinking: /home/auro/Auro3.0/install/auro_interfaces/include/auro_interfaces/auro_interfaces/msg/string_with_pose.h
[29.775s] -- Symlinking: /home/auro/Auro3.0/install/auro_interfaces/include/auro_interfaces/auro_interfaces/srv/check_goal.h
[29.788s] -- Symlinking: /home/auro/Auro3.0/install/auro_interfaces/include/auro_interfaces/auro_interfaces/srv/collision.h
[29.799s] -- Symlinking: /home/auro/Auro3.0/install/auro_interfaces/include/auro_interfaces/auro_interfaces/srv/detail/check_goal__functions.h
[29.811s] -- Symlinking: /home/auro/Auro3.0/install/auro_interfaces/include/auro_interfaces/auro_interfaces/srv/detail/check_goal__struct.h
[29.824s] -- Symlinking: /home/auro/Auro3.0/install/auro_interfaces/include/auro_interfaces/auro_interfaces/srv/detail/check_goal__type_support.h
[29.837s] -- Symlinking: /home/auro/Auro3.0/install/auro_interfaces/include/auro_interfaces/auro_interfaces/srv/detail/collision__functions.h
[29.850s] -- Symlinking: /home/auro/Auro3.0/install/auro_interfaces/include/auro_interfaces/auro_interfaces/srv/detail/collision__struct.h
[29.862s] -- Symlinking: /home/auro/Auro3.0/install/auro_interfaces/include/auro_interfaces/auro_interfaces/srv/detail/collision__type_support.h
[29.875s] -- Symlinking: /home/auro/Auro3.0/install/auro_interfaces/include/auro_interfaces/auro_interfaces/srv/detail/find_target__functions.h
[29.887s] -- Symlinking: /home/auro/Auro3.0/install/auro_interfaces/include/auro_interfaces/auro_interfaces/srv/detail/find_target__struct.h
[29.897s] -- Symlinking: /home/auro/Auro3.0/install/auro_interfaces/include/auro_interfaces/auro_interfaces/srv/detail/find_target__type_support.h
[29.909s] -- Symlinking: /home/auro/Auro3.0/install/auro_interfaces/include/auro_interfaces/auro_interfaces/srv/detail/item_request__functions.h
[29.920s] -- Symlinking: /home/auro/Auro3.0/install/auro_interfaces/include/auro_interfaces/auro_interfaces/srv/detail/item_request__struct.h
[29.933s] -- Symlinking: /home/auro/Auro3.0/install/auro_interfaces/include/auro_interfaces/auro_interfaces/srv/detail/item_request__type_support.h
[29.946s] -- Symlinking: /home/auro/Auro3.0/install/auro_interfaces/include/auro_interfaces/auro_interfaces/srv/detail/rotate__functions.h
[29.958s] -- Symlinking: /home/auro/Auro3.0/install/auro_interfaces/include/auro_interfaces/auro_interfaces/srv/detail/rotate__struct.h
[29.970s] -- Symlinking: /home/auro/Auro3.0/install/auro_interfaces/include/auro_interfaces/auro_interfaces/srv/detail/rotate__type_support.h
[29.981s] -- Symlinking: /home/auro/Auro3.0/install/auro_interfaces/include/auro_interfaces/auro_interfaces/srv/detail/task__functions.h
[29.993s] -- Symlinking: /home/auro/Auro3.0/install/auro_interfaces/include/auro_interfaces/auro_interfaces/srv/detail/task__struct.h
[30.005s] -- Symlinking: /home/auro/Auro3.0/install/auro_interfaces/include/auro_interfaces/auro_interfaces/srv/detail/task__type_support.h
[30.016s] -- Symlinking: /home/auro/Auro3.0/install/auro_interfaces/include/auro_interfaces/auro_interfaces/srv/detail/zone_request__functions.h
[30.028s] -- Symlinking: /home/auro/Auro3.0/install/auro_interfaces/include/auro_interfaces/auro_interfaces/srv/detail/zone_request__struct.h
[30.041s] -- Symlinking: /home/auro/Auro3.0/install/auro_interfaces/include/auro_interfaces/auro_interfaces/srv/detail/zone_request__type_support.h
[30.058s] -- Symlinking: /home/auro/Auro3.0/install/auro_interfaces/include/auro_interfaces/auro_interfaces/srv/find_target.h
[30.070s] -- Symlinking: /home/auro/Auro3.0/install/auro_interfaces/include/auro_interfaces/auro_interfaces/srv/item_request.h
[30.082s] -- Symlinking: /home/auro/Auro3.0/install/auro_interfaces/include/auro_interfaces/auro_interfaces/srv/rotate.h
[30.095s] -- Symlinking: /home/auro/Auro3.0/install/auro_interfaces/include/auro_interfaces/auro_interfaces/srv/task.h
[30.107s] -- Symlinking: /home/auro/Auro3.0/install/auro_interfaces/include/auro_interfaces/auro_interfaces/srv/zone_request.h
[30.120s] -- Symlinking: /home/auro/Auro3.0/install/auro_interfaces/share/auro_interfaces/environment/library_path.sh
[30.133s] -- Symlinking: /home/auro/Auro3.0/install/auro_interfaces/share/auro_interfaces/environment/library_path.dsv
[30.147s] -- Symlinking: /home/auro/Auro3.0/install/auro_interfaces/include/auro_interfaces/auro_interfaces/action/detail/move__rosidl_typesupport_fastrtps_c.h
[30.160s] -- Symlinking: /home/auro/Auro3.0/install/auro_interfaces/include/auro_interfaces/auro_interfaces/msg/detail/direction__rosidl_typesupport_fastrtps_c.h
[30.173s] -- Symlinking: /home/auro/Auro3.0/install/auro_interfaces/include/auro_interfaces/auro_interfaces/msg/detail/item__rosidl_typesupport_fastrtps_c.h
[30.185s] -- Symlinking: /home/auro/Auro3.0/install/auro_interfaces/include/auro_interfaces/auro_interfaces/msg/detail/item_list__rosidl_typesupport_fastrtps_c.h
[30.197s] -- Symlinking: /home/auro/Auro3.0/install/auro_interfaces/include/auro_interfaces/auro_interfaces/msg/detail/string_with_pose__rosidl_typesupport_fastrtps_c.h
[30.210s] -- Symlinking: /home/auro/Auro3.0/install/auro_interfaces/include/auro_interfaces/auro_interfaces/msg/rosidl_typesupport_fastrtps_c__visibility_control.h
[30.223s] -- Symlinking: /home/auro/Auro3.0/install/auro_interfaces/include/auro_interfaces/auro_interfaces/srv/detail/check_goal__rosidl_typesupport_fastrtps_c.h
[30.236s] -- Symlinking: /home/auro/Auro3.0/install/auro_interfaces/include/auro_interfaces/auro_interfaces/srv/detail/collision__rosidl_typesupport_fastrtps_c.h
[30.250s] -- Symlinking: /home/auro/Auro3.0/install/auro_interfaces/include/auro_interfaces/auro_interfaces/srv/detail/find_target__rosidl_typesupport_fastrtps_c.h
[30.263s] -- Symlinking: /home/auro/Auro3.0/install/auro_interfaces/include/auro_interfaces/auro_interfaces/srv/detail/item_request__rosidl_typesupport_fastrtps_c.h
[30.275s] -- Symlinking: /home/auro/Auro3.0/install/auro_interfaces/include/auro_interfaces/auro_interfaces/srv/detail/rotate__rosidl_typesupport_fastrtps_c.h
[30.287s] -- Symlinking: /home/auro/Auro3.0/install/auro_interfaces/include/auro_interfaces/auro_interfaces/srv/detail/task__rosidl_typesupport_fastrtps_c.h
[30.300s] -- Symlinking: /home/auro/Auro3.0/install/auro_interfaces/include/auro_interfaces/auro_interfaces/srv/detail/zone_request__rosidl_typesupport_fastrtps_c.h
[30.315s] -- Symlinking: /home/auro/Auro3.0/install/auro_interfaces/include/auro_interfaces/auro_interfaces/action/detail/move__builder.hpp
[30.328s] -- Symlinking: /home/auro/Auro3.0/install/auro_interfaces/include/auro_interfaces/auro_interfaces/action/detail/move__struct.hpp
[30.345s] -- Symlinking: /home/auro/Auro3.0/install/auro_interfaces/include/auro_interfaces/auro_interfaces/action/detail/move__traits.hpp
[30.358s] -- Symlinking: /home/auro/Auro3.0/install/auro_interfaces/include/auro_interfaces/auro_interfaces/action/move.hpp
[30.369s] -- Symlinking: /home/auro/Auro3.0/install/auro_interfaces/include/auro_interfaces/auro_interfaces/msg/detail/direction__builder.hpp
[30.382s] -- Symlinking: /home/auro/Auro3.0/install/auro_interfaces/include/auro_interfaces/auro_interfaces/msg/detail/direction__struct.hpp
[30.394s] -- Symlinking: /home/auro/Auro3.0/install/auro_interfaces/include/auro_interfaces/auro_interfaces/msg/detail/direction__traits.hpp
[30.406s] -- Symlinking: /home/auro/Auro3.0/install/auro_interfaces/include/auro_interfaces/auro_interfaces/msg/detail/item__builder.hpp
[30.417s] -- Symlinking: /home/auro/Auro3.0/install/auro_interfaces/include/auro_interfaces/auro_interfaces/msg/detail/item__struct.hpp
[30.429s] -- Symlinking: /home/auro/Auro3.0/install/auro_interfaces/include/auro_interfaces/auro_interfaces/msg/detail/item__traits.hpp
[30.444s] -- Symlinking: /home/auro/Auro3.0/install/auro_interfaces/include/auro_interfaces/auro_interfaces/msg/detail/item_list__builder.hpp
[30.456s] -- Symlinking: /home/auro/Auro3.0/install/auro_interfaces/include/auro_interfaces/auro_interfaces/msg/detail/item_list__struct.hpp
[30.467s] -- Symlinking: /home/auro/Auro3.0/install/auro_interfaces/include/auro_interfaces/auro_interfaces/msg/detail/item_list__traits.hpp
[30.479s] -- Symlinking: /home/auro/Auro3.0/install/auro_interfaces/include/auro_interfaces/auro_interfaces/msg/detail/string_with_pose__builder.hpp
[30.490s] -- Symlinking: /home/auro/Auro3.0/install/auro_interfaces/include/auro_interfaces/auro_interfaces/msg/detail/string_with_pose__struct.hpp
[30.501s] -- Symlinking: /home/auro/Auro3.0/install/auro_interfaces/include/auro_interfaces/auro_interfaces/msg/detail/string_with_pose__traits.hpp
[30.513s] -- Symlinking: /home/auro/Auro3.0/install/auro_interfaces/include/auro_interfaces/auro_interfaces/msg/direction.hpp
[30.524s] -- Symlinking: /home/auro/Auro3.0/install/auro_interfaces/include/auro_interfaces/auro_interfaces/msg/item.hpp
[30.536s] -- Symlinking: /home/auro/Auro3.0/install/auro_interfaces/include/auro_interfaces/auro_interfaces/msg/item_list.hpp
[30.547s] -- Symlinking: /home/auro/Auro3.0/install/auro_interfaces/include/auro_interfaces/auro_interfaces/msg/string_with_pose.hpp
[30.559s] -- Symlinking: /home/auro/Auro3.0/install/auro_interfaces/include/auro_interfaces/auro_interfaces/srv/check_goal.hpp
[30.571s] -- Symlinking: /home/auro/Auro3.0/install/auro_interfaces/include/auro_interfaces/auro_interfaces/srv/collision.hpp
[30.583s] -- Symlinking: /home/auro/Auro3.0/install/auro_interfaces/include/auro_interfaces/auro_interfaces/srv/detail/check_goal__builder.hpp
[30.595s] -- Symlinking: /home/auro/Auro3.0/install/auro_interfaces/include/auro_interfaces/auro_interfaces/srv/detail/check_goal__struct.hpp
[30.607s] -- Symlinking: /home/auro/Auro3.0/install/auro_interfaces/include/auro_interfaces/auro_interfaces/srv/detail/check_goal__traits.hpp
[30.618s] -- Symlinking: /home/auro/Auro3.0/install/auro_interfaces/include/auro_interfaces/auro_interfaces/srv/detail/collision__builder.hpp
[30.628s] -- Symlinking: /home/auro/Auro3.0/install/auro_interfaces/include/auro_interfaces/auro_interfaces/srv/detail/collision__struct.hpp
[30.640s] -- Symlinking: /home/auro/Auro3.0/install/auro_interfaces/include/auro_interfaces/auro_interfaces/srv/detail/collision__traits.hpp
[30.651s] -- Symlinking: /home/auro/Auro3.0/install/auro_interfaces/include/auro_interfaces/auro_interfaces/srv/detail/find_target__builder.hpp
[30.662s] -- Symlinking: /home/auro/Auro3.0/install/auro_interfaces/include/auro_interfaces/auro_interfaces/srv/detail/find_target__struct.hpp
[30.679s] -- Symlinking: /home/auro/Auro3.0/install/auro_interfaces/include/auro_interfaces/auro_interfaces/srv/detail/find_target__traits.hpp
[30.687s] -- Symlinking: /home/auro/Auro3.0/install/auro_interfaces/include/auro_interfaces/auro_interfaces/srv/detail/item_request__builder.hpp
[30.699s] -- Symlinking: /home/auro/Auro3.0/install/auro_interfaces/include/auro_interfaces/auro_interfaces/srv/detail/item_request__struct.hpp
[30.711s] -- Symlinking: /home/auro/Auro3.0/install/auro_interfaces/include/auro_interfaces/auro_interfaces/srv/detail/item_request__traits.hpp
[30.723s] -- Symlinking: /home/auro/Auro3.0/install/auro_interfaces/include/auro_interfaces/auro_interfaces/srv/detail/rotate__builder.hpp
[30.736s] -- Symlinking: /home/auro/Auro3.0/install/auro_interfaces/include/auro_interfaces/auro_interfaces/srv/detail/rotate__struct.hpp
[30.751s] -- Symlinking: /home/auro/Auro3.0/install/auro_interfaces/include/auro_interfaces/auro_interfaces/srv/detail/rotate__traits.hpp
[30.761s] -- Symlinking: /home/auro/Auro3.0/install/auro_interfaces/include/auro_interfaces/auro_interfaces/srv/detail/task__builder.hpp
[30.774s] -- Symlinking: /home/auro/Auro3.0/install/auro_interfaces/include/auro_interfaces/auro_interfaces/srv/detail/task__struct.hpp
[30.786s] -- Symlinking: /home/auro/Auro3.0/install/auro_interfaces/include/auro_interfaces/auro_interfaces/srv/detail/task__traits.hpp
[30.798s] -- Symlinking: /home/auro/Auro3.0/install/auro_interfaces/include/auro_interfaces/auro_interfaces/srv/detail/zone_request__builder.hpp
[30.809s] -- Symlinking: /home/auro/Auro3.0/install/auro_interfaces/include/auro_interfaces/auro_interfaces/srv/detail/zone_request__struct.hpp
[30.821s] -- Symlinking: /home/auro/Auro3.0/install/auro_interfaces/include/auro_interfaces/auro_interfaces/srv/detail/zone_request__traits.hpp
[30.832s] -- Symlinking: /home/auro/Auro3.0/install/auro_interfaces/include/auro_interfaces/auro_interfaces/srv/find_target.hpp
[30.845s] -- Symlinking: /home/auro/Auro3.0/install/auro_interfaces/include/auro_interfaces/auro_interfaces/srv/item_request.hpp
[30.858s] -- Symlinking: /home/auro/Auro3.0/install/auro_interfaces/include/auro_interfaces/auro_interfaces/srv/rotate.hpp
[30.870s] -- Symlinking: /home/auro/Auro3.0/install/auro_interfaces/include/auro_interfaces/auro_interfaces/srv/task.hpp
[30.883s] -- Symlinking: /home/auro/Auro3.0/install/auro_interfaces/include/auro_interfaces/auro_interfaces/srv/zone_request.hpp
[30.895s] -- Symlinking: /home/auro/Auro3.0/install/auro_interfaces/include/auro_interfaces/auro_interfaces/action/detail/move__rosidl_typesupport_fastrtps_cpp.hpp
[30.907s] -- Symlinking: /home/auro/Auro3.0/install/auro_interfaces/include/auro_interfaces/auro_interfaces/msg/detail/direction__rosidl_typesupport_fastrtps_cpp.hpp
[30.920s] -- Symlinking: /home/auro/Auro3.0/install/auro_interfaces/include/auro_interfaces/auro_interfaces/msg/detail/item__rosidl_typesupport_fastrtps_cpp.hpp
[30.932s] -- Symlinking: /home/auro/Auro3.0/install/auro_interfaces/include/auro_interfaces/auro_interfaces/msg/detail/item_list__rosidl_typesupport_fastrtps_cpp.hpp
[30.946s] -- Symlinking: /home/auro/Auro3.0/install/auro_interfaces/include/auro_interfaces/auro_interfaces/msg/detail/string_with_pose__rosidl_typesupport_fastrtps_cpp.hpp
[30.958s] -- Symlinking: /home/auro/Auro3.0/install/auro_interfaces/include/auro_interfaces/auro_interfaces/msg/rosidl_typesupport_fastrtps_cpp__visibility_control.h
[30.970s] -- Symlinking: /home/auro/Auro3.0/install/auro_interfaces/include/auro_interfaces/auro_interfaces/srv/detail/check_goal__rosidl_typesupport_fastrtps_cpp.hpp
[30.982s] -- Symlinking: /home/auro/Auro3.0/install/auro_interfaces/include/auro_interfaces/auro_interfaces/srv/detail/collision__rosidl_typesupport_fastrtps_cpp.hpp
[30.994s] -- Symlinking: /home/auro/Auro3.0/install/auro_interfaces/include/auro_interfaces/auro_interfaces/srv/detail/find_target__rosidl_typesupport_fastrtps_cpp.hpp
[31.005s] -- Symlinking: /home/auro/Auro3.0/install/auro_interfaces/include/auro_interfaces/auro_interfaces/srv/detail/item_request__rosidl_typesupport_fastrtps_cpp.hpp
[31.016s] -- Symlinking: /home/auro/Auro3.0/install/auro_interfaces/include/auro_interfaces/auro_interfaces/srv/detail/rotate__rosidl_typesupport_fastrtps_cpp.hpp
[31.027s] -- Symlinking: /home/auro/Auro3.0/install/auro_interfaces/include/auro_interfaces/auro_interfaces/srv/detail/task__rosidl_typesupport_fastrtps_cpp.hpp
[31.039s] -- Symlinking: /home/auro/Auro3.0/install/auro_interfaces/include/auro_interfaces/auro_interfaces/srv/detail/zone_request__rosidl_typesupport_fastrtps_cpp.hpp
[31.058s] -- Symlinking: /home/auro/Auro3.0/install/auro_interfaces/include/auro_interfaces/auro_interfaces/action/detail/move__rosidl_typesupport_introspection_c.h
[31.064s] -- Symlinking: /home/auro/Auro3.0/install/auro_interfaces/include/auro_interfaces/auro_interfaces/msg/detail/direction__rosidl_typesupport_introspection_c.h
[31.078s] -- Symlinking: /home/auro/Auro3.0/install/auro_interfaces/include/auro_interfaces/auro_interfaces/msg/detail/item__rosidl_typesupport_introspection_c.h
[31.090s] -- Symlinking: /home/auro/Auro3.0/install/auro_interfaces/include/auro_interfaces/auro_interfaces/msg/detail/item_list__rosidl_typesupport_introspection_c.h
[31.103s] -- Symlinking: /home/auro/Auro3.0/install/auro_interfaces/include/auro_interfaces/auro_interfaces/msg/detail/string_with_pose__rosidl_typesupport_introspection_c.h
[31.116s] -- Symlinking: /home/auro/Auro3.0/install/auro_interfaces/include/auro_interfaces/auro_interfaces/msg/rosidl_typesupport_introspection_c__visibility_control.h
[31.128s] -- Symlinking: /home/auro/Auro3.0/install/auro_interfaces/include/auro_interfaces/auro_interfaces/srv/detail/check_goal__rosidl_typesupport_introspection_c.h
[31.140s] -- Symlinking: /home/auro/Auro3.0/install/auro_interfaces/include/auro_interfaces/auro_interfaces/srv/detail/collision__rosidl_typesupport_introspection_c.h
[31.158s] -- Symlinking: /home/auro/Auro3.0/install/auro_interfaces/include/auro_interfaces/auro_interfaces/srv/detail/find_target__rosidl_typesupport_introspection_c.h
[31.170s] -- Symlinking: /home/auro/Auro3.0/install/auro_interfaces/include/auro_interfaces/auro_interfaces/srv/detail/item_request__rosidl_typesupport_introspection_c.h
[31.183s] -- Symlinking: /home/auro/Auro3.0/install/auro_interfaces/include/auro_interfaces/auro_interfaces/srv/detail/rotate__rosidl_typesupport_introspection_c.h
[31.195s] -- Symlinking: /home/auro/Auro3.0/install/auro_interfaces/include/auro_interfaces/auro_interfaces/srv/detail/task__rosidl_typesupport_introspection_c.h
[31.208s] -- Symlinking: /home/auro/Auro3.0/install/auro_interfaces/include/auro_interfaces/auro_interfaces/srv/detail/zone_request__rosidl_typesupport_introspection_c.h
[31.220s] -- Symlinking: /home/auro/Auro3.0/install/auro_interfaces/include/auro_interfaces/auro_interfaces/action/detail/move__rosidl_typesupport_introspection_cpp.hpp
[31.232s] -- Symlinking: /home/auro/Auro3.0/install/auro_interfaces/include/auro_interfaces/auro_interfaces/msg/detail/direction__rosidl_typesupport_introspection_cpp.hpp
[31.244s] -- Symlinking: /home/auro/Auro3.0/install/auro_interfaces/include/auro_interfaces/auro_interfaces/msg/detail/item__rosidl_typesupport_introspection_cpp.hpp
[31.264s] -- Symlinking: /home/auro/Auro3.0/install/auro_interfaces/include/auro_interfaces/auro_interfaces/msg/detail/item_list__rosidl_typesupport_introspection_cpp.hpp
[31.273s] -- Symlinking: /home/auro/Auro3.0/install/auro_interfaces/include/auro_interfaces/auro_interfaces/msg/detail/string_with_pose__rosidl_typesupport_introspection_cpp.hpp
[31.286s] -- Symlinking: /home/auro/Auro3.0/install/auro_interfaces/include/auro_interfaces/auro_interfaces/srv/detail/check_goal__rosidl_typesupport_introspection_cpp.hpp
[31.299s] -- Symlinking: /home/auro/Auro3.0/install/auro_interfaces/include/auro_interfaces/auro_interfaces/srv/detail/collision__rosidl_typesupport_introspection_cpp.hpp
[31.311s] -- Symlinking: /home/auro/Auro3.0/install/auro_interfaces/include/auro_interfaces/auro_interfaces/srv/detail/find_target__rosidl_typesupport_introspection_cpp.hpp
[31.323s] -- Symlinking: /home/auro/Auro3.0/install/auro_interfaces/include/auro_interfaces/auro_interfaces/srv/detail/item_request__rosidl_typesupport_introspection_cpp.hpp
[31.336s] -- Symlinking: /home/auro/Auro3.0/install/auro_interfaces/include/auro_interfaces/auro_interfaces/srv/detail/rotate__rosidl_typesupport_introspection_cpp.hpp
[31.349s] -- Symlinking: /home/auro/Auro3.0/install/auro_interfaces/include/auro_interfaces/auro_interfaces/srv/detail/task__rosidl_typesupport_introspection_cpp.hpp
[31.367s] -- Symlinking: /home/auro/Auro3.0/install/auro_interfaces/include/auro_interfaces/auro_interfaces/srv/detail/zone_request__rosidl_typesupport_introspection_cpp.hpp
[31.382s] -- Symlinking: /home/auro/Auro3.0/install/auro_interfaces/share/auro_interfaces/environment/pythonpath.sh
[31.395s] -- Symlinking: /home/auro/Auro3.0/install/auro_interfaces/share/auro_interfaces/environment/pythonpath.dsv
[31.410s] -- Symlinking: /home/auro/Auro3.0/install/auro_interfaces/local/lib/python3.10/dist-packages/auro_interfaces-0.0.0-py3.10.egg-info/PKG-INFO
[31.424s] -- Symlinking: /home/auro/Auro3.0/install/auro_interfaces/local/lib/python3.10/dist-packages/auro_interfaces-0.0.0-py3.10.egg-info/SOURCES.txt
[31.439s] -- Symlinking: /home/auro/Auro3.0/install/auro_interfaces/local/lib/python3.10/dist-packages/auro_interfaces-0.0.0-py3.10.egg-info/dependency_links.txt
[31.454s] -- Symlinking: /home/auro/Auro3.0/install/auro_interfaces/local/lib/python3.10/dist-packages/auro_interfaces-0.0.0-py3.10.egg-info/top_level.txt
[31.472s] -- Symlinking: /home/auro/Auro3.0/install/auro_interfaces/local/lib/python3.10/dist-packages/auro_interfaces/__init__.py
[31.485s] -- Symlinking: /home/auro/Auro3.0/install/auro_interfaces/local/lib/python3.10/dist-packages/auro_interfaces/_auro_interfaces_s.ep.rosidl_typesupport_c.c
[31.499s] -- Symlinking: /home/auro/Auro3.0/install/auro_interfaces/local/lib/python3.10/dist-packages/auro_interfaces/_auro_interfaces_s.ep.rosidl_typesupport_fastrtps_c.c
[31.513s] -- Symlinking: /home/auro/Auro3.0/install/auro_interfaces/local/lib/python3.10/dist-packages/auro_interfaces/_auro_interfaces_s.ep.rosidl_typesupport_introspection_c.c
[31.530s] -- Symlinking: /home/auro/Auro3.0/install/auro_interfaces/local/lib/python3.10/dist-packages/auro_interfaces/action/__init__.py
[31.544s] -- Symlinking: /home/auro/Auro3.0/install/auro_interfaces/local/lib/python3.10/dist-packages/auro_interfaces/action/_move.py
[31.558s] -- Symlinking: /home/auro/Auro3.0/install/auro_interfaces/local/lib/python3.10/dist-packages/auro_interfaces/action/_move_s.c
[31.575s] -- Symlinking: /home/auro/Auro3.0/install/auro_interfaces/local/lib/python3.10/dist-packages/auro_interfaces/auro_interfaces_s__rosidl_typesupport_c.cpython-310-x86_64-linux-gnu.so
[31.590s] -- Symlinking: /home/auro/Auro3.0/install/auro_interfaces/local/lib/python3.10/dist-packages/auro_interfaces/auro_interfaces_s__rosidl_typesupport_fastrtps_c.cpython-310-x86_64-linux-gnu.so
[31.604s] -- Symlinking: /home/auro/Auro3.0/install/auro_interfaces/local/lib/python3.10/dist-packages/auro_interfaces/auro_interfaces_s__rosidl_typesupport_introspection_c.cpython-310-x86_64-linux-gnu.so
[31.619s] -- Symlinking: /home/auro/Auro3.0/install/auro_interfaces/local/lib/python3.10/dist-packages/auro_interfaces/libauro_interfaces__rosidl_generator_py.so
[31.633s] -- Symlinking: /home/auro/Auro3.0/install/auro_interfaces/local/lib/python3.10/dist-packages/auro_interfaces/msg/__init__.py
[31.646s] -- Symlinking: /home/auro/Auro3.0/install/auro_interfaces/local/lib/python3.10/dist-packages/auro_interfaces/msg/_direction.py
[31.659s] -- Symlinking: /home/auro/Auro3.0/install/auro_interfaces/local/lib/python3.10/dist-packages/auro_interfaces/msg/_direction_s.c
[31.678s] -- Symlinking: /home/auro/Auro3.0/install/auro_interfaces/local/lib/python3.10/dist-packages/auro_interfaces/msg/_item.py
[31.689s] -- Symlinking: /home/auro/Auro3.0/install/auro_interfaces/local/lib/python3.10/dist-packages/auro_interfaces/msg/_item_list.py
[31.703s] -- Symlinking: /home/auro/Auro3.0/install/auro_interfaces/local/lib/python3.10/dist-packages/auro_interfaces/msg/_item_list_s.c
[31.717s] -- Symlinking: /home/auro/Auro3.0/install/auro_interfaces/local/lib/python3.10/dist-packages/auro_interfaces/msg/_item_s.c
[31.730s] -- Symlinking: /home/auro/Auro3.0/install/auro_interfaces/local/lib/python3.10/dist-packages/auro_interfaces/msg/_string_with_pose.py
[31.744s] -- Symlinking: /home/auro/Auro3.0/install/auro_interfaces/local/lib/python3.10/dist-packages/auro_interfaces/msg/_string_with_pose_s.c
[31.757s] -- Symlinking: /home/auro/Auro3.0/install/auro_interfaces/local/lib/python3.10/dist-packages/auro_interfaces/srv/__init__.py
[31.772s] -- Symlinking: /home/auro/Auro3.0/install/auro_interfaces/local/lib/python3.10/dist-packages/auro_interfaces/srv/_check_goal.py
[31.788s] -- Symlinking: /home/auro/Auro3.0/install/auro_interfaces/local/lib/python3.10/dist-packages/auro_interfaces/srv/_check_goal_s.c
[31.803s] -- Symlinking: /home/auro/Auro3.0/install/auro_interfaces/local/lib/python3.10/dist-packages/auro_interfaces/srv/_collision.py
[31.817s] -- Symlinking: /home/auro/Auro3.0/install/auro_interfaces/local/lib/python3.10/dist-packages/auro_interfaces/srv/_collision_s.c
[31.831s] -- Symlinking: /home/auro/Auro3.0/install/auro_interfaces/local/lib/python3.10/dist-packages/auro_interfaces/srv/_find_target.py
[31.846s] -- Symlinking: /home/auro/Auro3.0/install/auro_interfaces/local/lib/python3.10/dist-packages/auro_interfaces/srv/_find_target_s.c
[31.860s] -- Symlinking: /home/auro/Auro3.0/install/auro_interfaces/local/lib/python3.10/dist-packages/auro_interfaces/srv/_item_request.py
[31.878s] -- Symlinking: /home/auro/Auro3.0/install/auro_interfaces/local/lib/python3.10/dist-packages/auro_interfaces/srv/_item_request_s.c
[31.891s] -- Symlinking: /home/auro/Auro3.0/install/auro_interfaces/local/lib/python3.10/dist-packages/auro_interfaces/srv/_rotate.py
[31.905s] -- Symlinking: /home/auro/Auro3.0/install/auro_interfaces/local/lib/python3.10/dist-packages/auro_interfaces/srv/_rotate_s.c
[31.919s] -- Symlinking: /home/auro/Auro3.0/install/auro_interfaces/local/lib/python3.10/dist-packages/auro_interfaces/srv/_task.py
[31.933s] -- Symlinking: /home/auro/Auro3.0/install/auro_interfaces/local/lib/python3.10/dist-packages/auro_interfaces/srv/_task_s.c
[31.947s] -- Symlinking: /home/auro/Auro3.0/install/auro_interfaces/local/lib/python3.10/dist-packages/auro_interfaces/srv/_zone_request.py
[31.962s] -- Symlinking: /home/auro/Auro3.0/install/auro_interfaces/local/lib/python3.10/dist-packages/auro_interfaces/srv/_zone_request_s.c
[31.977s] -- Up-to-date symlink: /home/auro/Auro3.0/install/auro_interfaces/local/lib/python3.10/dist-packages/auro_interfaces/auro_interfaces_s__rosidl_typesupport_fastrtps_c.cpython-310-x86_64-linux-gnu.so
[31.978s] -- Up-to-date symlink: /home/auro/Auro3.0/install/auro_interfaces/local/lib/python3.10/dist-packages/auro_interfaces/auro_interfaces_s__rosidl_typesupport_introspection_c.cpython-310-x86_64-linux-gnu.so
[31.978s] -- Up-to-date symlink: /home/auro/Auro3.0/install/auro_interfaces/local/lib/python3.10/dist-packages/auro_interfaces/auro_interfaces_s__rosidl_typesupport_c.cpython-310-x86_64-linux-gnu.so
[31.978s] -- Symlinking: /home/auro/Auro3.0/install/auro_interfaces/share/auro_interfaces/msg/StringWithPose.idl
[31.993s] -- Symlinking: /home/auro/Auro3.0/install/auro_interfaces/share/auro_interfaces/msg/Item.idl
[32.007s] -- Symlinking: /home/auro/Auro3.0/install/auro_interfaces/share/auro_interfaces/msg/ItemList.idl
[32.021s] -- Symlinking: /home/auro/Auro3.0/install/auro_interfaces/share/auro_interfaces/msg/Direction.idl
[32.036s] -- Symlinking: /home/auro/Auro3.0/install/auro_interfaces/share/auro_interfaces/srv/ItemRequest.idl
[32.050s] -- Symlinking: /home/auro/Auro3.0/install/auro_interfaces/share/auro_interfaces/srv/ZoneRequest.idl
[32.064s] -- Symlinking: /home/auro/Auro3.0/install/auro_interfaces/share/auro_interfaces/srv/Collision.idl
[32.079s] -- Symlinking: /home/auro/Auro3.0/install/auro_interfaces/share/auro_interfaces/action/Move.idl
[32.093s] -- Symlinking: /home/auro/Auro3.0/install/auro_interfaces/share/auro_interfaces/srv/CheckGoal.idl
[32.108s] -- Symlinking: /home/auro/Auro3.0/install/auro_interfaces/share/auro_interfaces/srv/Rotate.idl
[32.124s] -- Symlinking: /home/auro/Auro3.0/install/auro_interfaces/share/auro_interfaces/srv/Task.idl
[32.139s] -- Symlinking: /home/auro/Auro3.0/install/auro_interfaces/share/auro_interfaces/srv/FindTarget.idl
[32.152s] -- Symlinking: /home/auro/Auro3.0/install/auro_interfaces/share/auro_interfaces/msg/StringWithPose.msg
[32.166s] -- Symlinking: /home/auro/Auro3.0/install/auro_interfaces/share/auro_interfaces/msg/Item.msg
[32.186s] -- Symlinking: /home/auro/Auro3.0/install/auro_interfaces/share/auro_interfaces/msg/ItemList.msg
[32.202s] -- Symlinking: /home/auro/Auro3.0/install/auro_interfaces/share/auro_interfaces/msg/Direction.msg
[32.217s] -- Symlinking: /home/auro/Auro3.0/install/auro_interfaces/share/auro_interfaces/srv/ItemRequest.srv
[32.231s] -- Symlinking: /home/auro/Auro3.0/install/auro_interfaces/share/auro_interfaces/srv/ItemRequest_Request.msg
[32.245s] -- Symlinking: /home/auro/Auro3.0/install/auro_interfaces/share/auro_interfaces/srv/ItemRequest_Response.msg
[32.260s] -- Symlinking: /home/auro/Auro3.0/install/auro_interfaces/share/auro_interfaces/srv/ZoneRequest.srv
[32.282s] -- Symlinking: /home/auro/Auro3.0/install/auro_interfaces/share/auro_interfaces/srv/ZoneRequest_Request.msg
[32.298s] -- Symlinking: /home/auro/Auro3.0/install/auro_interfaces/share/auro_interfaces/srv/ZoneRequest_Response.msg
[32.312s] -- Symlinking: /home/auro/Auro3.0/install/auro_interfaces/share/auro_interfaces/srv/Collision.srv
[32.326s] -- Symlinking: /home/auro/Auro3.0/install/auro_interfaces/share/auro_interfaces/srv/Collision_Request.msg
[32.341s] -- Symlinking: /home/auro/Auro3.0/install/auro_interfaces/share/auro_interfaces/srv/Collision_Response.msg
[32.356s] -- Symlinking: /home/auro/Auro3.0/install/auro_interfaces/share/auro_interfaces/action/Move.action
[32.370s] -- Symlinking: /home/auro/Auro3.0/install/auro_interfaces/share/auro_interfaces/srv/CheckGoal.srv
[32.384s] -- Symlinking: /home/auro/Auro3.0/install/auro_interfaces/share/auro_interfaces/srv/CheckGoal_Request.msg
[32.400s] -- Symlinking: /home/auro/Auro3.0/install/auro_interfaces/share/auro_interfaces/srv/CheckGoal_Response.msg
[32.414s] -- Symlinking: /home/auro/Auro3.0/install/auro_interfaces/share/auro_interfaces/srv/Rotate.srv
[32.429s] -- Symlinking: /home/auro/Auro3.0/install/auro_interfaces/share/auro_interfaces/srv/Rotate_Request.msg
[32.444s] -- Symlinking: /home/auro/Auro3.0/install/auro_interfaces/share/auro_interfaces/srv/Rotate_Response.msg
[32.458s] -- Symlinking: /home/auro/Auro3.0/install/auro_interfaces/share/auro_interfaces/srv/Task.srv
[32.472s] -- Symlinking: /home/auro/Auro3.0/install/auro_interfaces/share/auro_interfaces/srv/Task_Request.msg
[32.487s] -- Symlinking: /home/auro/Auro3.0/install/auro_interfaces/share/auro_interfaces/srv/Task_Response.msg
[32.503s] -- Symlinking: /home/auro/Auro3.0/install/auro_interfaces/share/auro_interfaces/srv/FindTarget.srv
[32.517s] -- Symlinking: /home/auro/Auro3.0/install/auro_interfaces/share/auro_interfaces/srv/FindTarget_Request.msg
[32.533s] -- Symlinking: /home/auro/Auro3.0/install/auro_interfaces/share/auro_interfaces/srv/FindTarget_Response.msg
[32.547s] -- Symlinking: /home/auro/Auro3.0/install/auro_interfaces/share/ament_index/resource_index/package_run_dependencies/auro_interfaces
[32.562s] -- Symlinking: /home/auro/Auro3.0/install/auro_interfaces/share/ament_index/resource_index/parent_prefix_path/auro_interfaces
[32.584s] -- Symlinking: /home/auro/Auro3.0/install/auro_interfaces/share/auro_interfaces/environment/ament_prefix_path.sh
[32.595s] -- Symlinking: /home/auro/Auro3.0/install/auro_interfaces/share/auro_interfaces/environment/ament_prefix_path.dsv
[32.610s] -- Symlinking: /home/auro/Auro3.0/install/auro_interfaces/share/auro_interfaces/environment/path.sh
[32.623s] -- Symlinking: /home/auro/Auro3.0/install/auro_interfaces/share/auro_interfaces/environment/path.dsv
[32.637s] -- Symlinking: /home/auro/Auro3.0/install/auro_interfaces/share/auro_interfaces/local_setup.bash
[32.651s] -- Symlinking: /home/auro/Auro3.0/install/auro_interfaces/share/auro_interfaces/local_setup.sh
[32.665s] -- Symlinking: /home/auro/Auro3.0/install/auro_interfaces/share/auro_interfaces/local_setup.zsh
[32.683s] -- Symlinking: /home/auro/Auro3.0/install/auro_interfaces/share/auro_interfaces/local_setup.dsv
[32.696s] -- Symlinking: /home/auro/Auro3.0/install/auro_interfaces/share/auro_interfaces/package.dsv
[32.710s] -- Symlinking: /home/auro/Auro3.0/install/auro_interfaces/share/ament_index/resource_index/packages/auro_interfaces
[32.723s] -- Symlinking: /home/auro/Auro3.0/install/auro_interfaces/share/auro_interfaces/cmake/rosidl_cmake-extras.cmake
[32.737s] -- Symlinking: /home/auro/Auro3.0/install/auro_interfaces/share/auro_interfaces/cmake/ament_cmake_export_dependencies-extras.cmake
[32.750s] -- Symlinking: /home/auro/Auro3.0/install/auro_interfaces/share/auro_interfaces/cmake/ament_cmake_export_include_directories-extras.cmake
[32.763s] -- Symlinking: /home/auro/Auro3.0/install/auro_interfaces/share/auro_interfaces/cmake/ament_cmake_export_libraries-extras.cmake
[32.781s] -- Symlinking: /home/auro/Auro3.0/install/auro_interfaces/share/auro_interfaces/cmake/ament_cmake_export_targets-extras.cmake
[32.790s] -- Symlinking: /home/auro/Auro3.0/install/auro_interfaces/share/auro_interfaces/cmake/rosidl_cmake_export_typesupport_targets-extras.cmake
[32.802s] -- Symlinking: /home/auro/Auro3.0/install/auro_interfaces/share/auro_interfaces/cmake/rosidl_cmake_export_typesupport_libraries-extras.cmake
[32.814s] -- Symlinking: /home/auro/Auro3.0/install/auro_interfaces/share/auro_interfaces/cmake/auro_interfacesConfig.cmake
[32.826s] -- Symlinking: /home/auro/Auro3.0/install/auro_interfaces/share/auro_interfaces/cmake/auro_interfacesConfig-version.cmake
[32.838s] -- Symlinking: /home/auro/Auro3.0/install/auro_interfaces/share/auro_interfaces/package.xml
[32.850s] -- Installing: /home/auro/Auro3.0/install/auro_interfaces/lib/libauro_interfaces__rosidl_generator_c.so
[32.851s] -- Set runtime path of "/home/auro/Auro3.0/install/auro_interfaces/lib/libauro_interfaces__rosidl_generator_c.so" to ""
[32.851s] -- Installing: /home/auro/Auro3.0/install/auro_interfaces/lib/libauro_interfaces__rosidl_typesupport_fastrtps_c.so
[32.851s] -- Set runtime path of "/home/auro/Auro3.0/install/auro_interfaces/lib/libauro_interfaces__rosidl_typesupport_fastrtps_c.so" to ""
[32.851s] -- Installing: /home/auro/Auro3.0/install/auro_interfaces/lib/libauro_interfaces__rosidl_typesupport_fastrtps_cpp.so
[32.852s] -- Set runtime path of "/home/auro/Auro3.0/install/auro_interfaces/lib/libauro_interfaces__rosidl_typesupport_fastrtps_cpp.so" to ""
[32.852s] -- Installing: /home/auro/Auro3.0/install/auro_interfaces/lib/libauro_interfaces__rosidl_typesupport_introspection_c.so
[32.853s] -- Set runtime path of "/home/auro/Auro3.0/install/auro_interfaces/lib/libauro_interfaces__rosidl_typesupport_introspection_c.so" to ""
[32.853s] -- Installing: /home/auro/Auro3.0/install/auro_interfaces/lib/libauro_interfaces__rosidl_typesupport_c.so
[32.853s] -- Set runtime path of "/home/auro/Auro3.0/install/auro_interfaces/lib/libauro_interfaces__rosidl_typesupport_c.so" to ""
[32.853s] -- Installing: /home/auro/Auro3.0/install/auro_interfaces/lib/libauro_interfaces__rosidl_typesupport_introspection_cpp.so
[32.854s] -- Set runtime path of "/home/auro/Auro3.0/install/auro_interfaces/lib/libauro_interfaces__rosidl_typesupport_introspection_cpp.so" to ""
[32.854s] -- Installing: /home/auro/Auro3.0/install/auro_interfaces/lib/libauro_interfaces__rosidl_typesupport_cpp.so
[32.854s] -- Set runtime path of "/home/auro/Auro3.0/install/auro_interfaces/lib/libauro_interfaces__rosidl_typesupport_cpp.so" to ""
[32.923s] Listing '/home/auro/Auro3.0/install/auro_interfaces/local/lib/python3.10/dist-packages/auro_interfaces'...
[32.923s] Compiling '/home/auro/Auro3.0/install/auro_interfaces/local/lib/python3.10/dist-packages/auro_interfaces/__init__.py'...
[32.923s] Listing '/home/auro/Auro3.0/install/auro_interfaces/local/lib/python3.10/dist-packages/auro_interfaces/action'...
[32.923s] Compiling '/home/auro/Auro3.0/install/auro_interfaces/local/lib/python3.10/dist-packages/auro_interfaces/action/__init__.py'...
[32.923s] Compiling '/home/auro/Auro3.0/install/auro_interfaces/local/lib/python3.10/dist-packages/auro_interfaces/action/_move.py'...
[32.923s] Listing '/home/auro/Auro3.0/install/auro_interfaces/local/lib/python3.10/dist-packages/auro_interfaces/msg'...
[32.924s] Compiling '/home/auro/Auro3.0/install/auro_interfaces/local/lib/python3.10/dist-packages/auro_interfaces/msg/__init__.py'...
[32.924s] Compiling '/home/auro/Auro3.0/install/auro_interfaces/local/lib/python3.10/dist-packages/auro_interfaces/msg/_direction.py'...
[32.924s] Compiling '/home/auro/Auro3.0/install/auro_interfaces/local/lib/python3.10/dist-packages/auro_interfaces/msg/_item.py'...
[32.924s] Compiling '/home/auro/Auro3.0/install/auro_interfaces/local/lib/python3.10/dist-packages/auro_interfaces/msg/_item_list.py'...
[32.924s] Compiling '/home/auro/Auro3.0/install/auro_interfaces/local/lib/python3.10/dist-packages/auro_interfaces/msg/_string_with_pose.py'...
[32.924s] Listing '/home/auro/Auro3.0/install/auro_interfaces/local/lib/python3.10/dist-packages/auro_interfaces/srv'...
[32.924s] Compiling '/home/auro/Auro3.0/install/auro_interfaces/local/lib/python3.10/dist-packages/auro_interfaces/srv/__init__.py'...
[32.924s] Compiling '/home/auro/Auro3.0/install/auro_interfaces/local/lib/python3.10/dist-packages/auro_interfaces/srv/_check_goal.py'...
[32.924s] Compiling '/home/auro/Auro3.0/install/auro_interfaces/local/lib/python3.10/dist-packages/auro_interfaces/srv/_collision.py'...
[32.924s] Compiling '/home/auro/Auro3.0/install/auro_interfaces/local/lib/python3.10/dist-packages/auro_interfaces/srv/_find_target.py'...
[32.924s] Compiling '/home/auro/Auro3.0/install/auro_interfaces/local/lib/python3.10/dist-packages/auro_interfaces/srv/_item_request.py'...
[32.924s] Compiling '/home/auro/Auro3.0/install/auro_interfaces/local/lib/python3.10/dist-packages/auro_interfaces/srv/_rotate.py'...
[32.924s] Compiling '/home/auro/Auro3.0/install/auro_interfaces/local/lib/python3.10/dist-packages/auro_interfaces/srv/_task.py'...
[32.925s] Compiling '/home/auro/Auro3.0/install/auro_interfaces/local/lib/python3.10/dist-packages/auro_interfaces/srv/_zone_request.py'...
[32.930s] -- Installing: /home/auro/Auro3.0/install/auro_interfaces/lib/libauro_interfaces__rosidl_generator_py.so
[32.930s] -- Set runtime path of "/home/auro/Auro3.0/install/auro_interfaces/lib/libauro_interfaces__rosidl_generator_py.so" to ""
[32.931s] -- Installing: /home/auro/Auro3.0/install/auro_interfaces/share/auro_interfaces/cmake/export_auro_interfaces__rosidl_generator_cExport.cmake
[32.931s] -- Installing: /home/auro/Auro3.0/install/auro_interfaces/share/auro_interfaces/cmake/export_auro_interfaces__rosidl_generator_cExport-noconfig.cmake
[32.931s] -- Installing: /home/auro/Auro3.0/install/auro_interfaces/share/auro_interfaces/cmake/export_auro_interfaces__rosidl_typesupport_fastrtps_cExport.cmake
[32.931s] -- Installing: /home/auro/Auro3.0/install/auro_interfaces/share/auro_interfaces/cmake/export_auro_interfaces__rosidl_typesupport_fastrtps_cExport-noconfig.cmake
[32.931s] -- Installing: /home/auro/Auro3.0/install/auro_interfaces/share/auro_interfaces/cmake/export_auro_interfaces__rosidl_generator_cppExport.cmake
[32.931s] -- Installing: /home/auro/Auro3.0/install/auro_interfaces/share/auro_interfaces/cmake/export_auro_interfaces__rosidl_typesupport_fastrtps_cppExport.cmake
[32.932s] -- Installing: /home/auro/Auro3.0/install/auro_interfaces/share/auro_interfaces/cmake/export_auro_interfaces__rosidl_typesupport_fastrtps_cppExport-noconfig.cmake
[32.932s] -- Installing: /home/auro/Auro3.0/install/auro_interfaces/share/auro_interfaces/cmake/auro_interfaces__rosidl_typesupport_introspection_cExport.cmake
[32.932s] -- Installing: /home/auro/Auro3.0/install/auro_interfaces/share/auro_interfaces/cmake/auro_interfaces__rosidl_typesupport_introspection_cExport-noconfig.cmake
[32.932s] -- Installing: /home/auro/Auro3.0/install/auro_interfaces/share/auro_interfaces/cmake/auro_interfaces__rosidl_typesupport_cExport.cmake
[32.932s] -- Installing: /home/auro/Auro3.0/install/auro_interfaces/share/auro_interfaces/cmake/auro_interfaces__rosidl_typesupport_cExport-noconfig.cmake
[32.933s] -- Installing: /home/auro/Auro3.0/install/auro_interfaces/share/auro_interfaces/cmake/auro_interfaces__rosidl_typesupport_introspection_cppExport.cmake
[32.933s] -- Installing: /home/auro/Auro3.0/install/auro_interfaces/share/auro_interfaces/cmake/auro_interfaces__rosidl_typesupport_introspection_cppExport-noconfig.cmake
[32.933s] -- Installing: /home/auro/Auro3.0/install/auro_interfaces/share/auro_interfaces/cmake/auro_interfaces__rosidl_typesupport_cppExport.cmake
[32.933s] -- Installing: /home/auro/Auro3.0/install/auro_interfaces/share/auro_interfaces/cmake/auro_interfaces__rosidl_typesupport_cppExport-noconfig.cmake
[32.933s] -- Installing: /home/auro/Auro3.0/install/auro_interfaces/share/auro_interfaces/cmake/export_auro_interfaces__rosidl_generator_pyExport.cmake
[32.934s] -- Installing: /home/auro/Auro3.0/install/auro_interfaces/share/auro_interfaces/cmake/export_auro_interfaces__rosidl_generator_pyExport-noconfig.cmake
[32.938s] Invoked command in '/home/auro/Auro3.0/build/auro_interfaces' returned '0': CMAKE_PREFIX_PATH=${CMAKE_PREFIX_PATH}:/home/auro/turtlebot3_ws/install/turtlebot3_teleop:/home/auro/turtlebot3_ws/install/turtlebot3_example:/opt/ros/humble /usr/bin/cmake --install /home/auro/Auro3.0/build/auro_interfaces
