[0.052s] Invoking command in '/home/auro/Auro/build/assessment_interfaces': CMAKE_PREFIX_PATH=${CMAKE_PREFIX_PATH}:/home/auro/Auro/install/tf_relay:/home/auro/Auro/install/solution:/home/auro/Auro/install/assessment:/home/auro/turtlebot3_ws/install/turtlebot3_teleop:/home/auro/turtlebot3_ws/install/turtlebot3_example:/opt/ros/humble /usr/bin/cmake --build /home/auro/Auro/build/assessment_interfaces -- -j4 -l4
[0.537s] [  1%] Built target assessment_interfaces__cpp
[0.537s] [  1%] Built target ament_cmake_python_symlink_assessment_interfaces
[0.538s] [ 12%] Built target assessment_interfaces__rosidl_typesupport_fastrtps_cpp
[0.539s] [ 24%] Built target assessment_interfaces__rosidl_typesupport_introspection_cpp
[0.678s] running egg_info
[0.678s] writing assessment_interfaces.egg-info/PKG-INFO
[0.680s] writing dependency_links to assessment_interfaces.egg-info/dependency_links.txt
[0.681s] writing top-level names to assessment_interfaces.egg-info/top_level.txt
[0.685s] reading manifest file 'assessment_interfaces.egg-info/SOURCES.txt'
[0.686s] writing manifest file 'assessment_interfaces.egg-info/SOURCES.txt'
[0.731s] [ 24%] Built target ament_cmake_python_build_assessment_interfaces_egg
[0.769s] [ 35%] Built target assessment_interfaces__rosidl_typesupport_cpp
[0.806s] [ 47%] Built target assessment_interfaces__rosidl_generator_c
[0.847s] [ 58%] Built target assessment_interfaces__rosidl_typesupport_fastrtps_c
[0.886s] [ 70%] Built target assessment_interfaces__rosidl_typesupport_c
[0.921s] [ 82%] Built target assessment_interfaces__rosidl_typesupport_introspection_c
[0.952s] [ 82%] Built target assessment_interfaces
[0.988s] [ 83%] Built target assessment_interfaces__py
[1.027s] [ 93%] Built target assessment_interfaces__rosidl_generator_py
[1.062s] [ 95%] Built target assessment_interfaces__rosidl_typesupport_fastrtps_c__pyext
[1.111s] [ 97%] Built target assessment_interfaces__rosidl_typesupport_c__pyext
[1.142s] [100%] Built target assessment_interfaces__rosidl_typesupport_introspection_c__pyext
[1.178s] Invoked command in '/home/auro/Auro/build/assessment_interfaces' returned '0': CMAKE_PREFIX_PATH=${CMAKE_PREFIX_PATH}:/home/auro/Auro/install/tf_relay:/home/auro/Auro/install/solution:/home/auro/Auro/install/assessment:/home/auro/turtlebot3_ws/install/turtlebot3_teleop:/home/auro/turtlebot3_ws/install/turtlebot3_example:/opt/ros/humble /usr/bin/cmake --build /home/auro/Auro/build/assessment_interfaces -- -j4 -l4
[1.807s] Invoking command in '/home/auro/Auro/build/assessment_interfaces': CMAKE_PREFIX_PATH=${CMAKE_PREFIX_PATH}:/home/auro/Auro/install/tf_relay:/home/auro/Auro/install/solution:/home/auro/Auro/install/assessment:/home/auro/turtlebot3_ws/install/turtlebot3_teleop:/home/auro/turtlebot3_ws/install/turtlebot3_example:/opt/ros/humble /usr/bin/cmake --install /home/auro/Auro/build/assessment_interfaces
[1.828s] -- Install configuration: ""
[1.828s] -- Execute custom install script
[1.828s] -- Up-to-date symlink: /home/auro/Auro/install/assessment_interfaces/share/ament_index/resource_index/rosidl_interfaces/assessment_interfaces
[1.828s] -- Up-to-date symlink: /home/auro/Auro/install/assessment_interfaces/include/assessment_interfaces/assessment_interfaces/msg/detail/item__functions.h
[1.828s] -- Up-to-date symlink: /home/auro/Auro/install/assessment_interfaces/include/assessment_interfaces/assessment_interfaces/msg/detail/item__struct.h
[1.828s] -- Up-to-date symlink: /home/auro/Auro/install/assessment_interfaces/include/assessment_interfaces/assessment_interfaces/msg/detail/item__type_support.h
[1.829s] -- Up-to-date symlink: /home/auro/Auro/install/assessment_interfaces/include/assessment_interfaces/assessment_interfaces/msg/detail/item_holder__functions.h
[1.829s] -- Up-to-date symlink: /home/auro/Auro/install/assessment_interfaces/include/assessment_interfaces/assessment_interfaces/msg/detail/item_holder__struct.h
[1.829s] -- Up-to-date symlink: /home/auro/Auro/install/assessment_interfaces/include/assessment_interfaces/assessment_interfaces/msg/detail/item_holder__type_support.h
[1.829s] -- Up-to-date symlink: /home/auro/Auro/install/assessment_interfaces/include/assessment_interfaces/assessment_interfaces/msg/detail/item_holders__functions.h
[1.829s] -- Up-to-date symlink: /home/auro/Auro/install/assessment_interfaces/include/assessment_interfaces/assessment_interfaces/msg/detail/item_holders__struct.h
[1.829s] -- Up-to-date symlink: /home/auro/Auro/install/assessment_interfaces/include/assessment_interfaces/assessment_interfaces/msg/detail/item_holders__type_support.h
[1.829s] -- Up-to-date symlink: /home/auro/Auro/install/assessment_interfaces/include/assessment_interfaces/assessment_interfaces/msg/detail/item_list__functions.h
[1.829s] -- Up-to-date symlink: /home/auro/Auro/install/assessment_interfaces/include/assessment_interfaces/assessment_interfaces/msg/detail/item_list__struct.h
[1.829s] -- Up-to-date symlink: /home/auro/Auro/install/assessment_interfaces/include/assessment_interfaces/assessment_interfaces/msg/detail/item_list__type_support.h
[1.829s] -- Up-to-date symlink: /home/auro/Auro/install/assessment_interfaces/include/assessment_interfaces/assessment_interfaces/msg/detail/item_log__functions.h
[1.830s] -- Up-to-date symlink: /home/auro/Auro/install/assessment_interfaces/include/assessment_interfaces/assessment_interfaces/msg/detail/item_log__struct.h
[1.831s] -- Up-to-date symlink: /home/auro/Auro/install/assessment_interfaces/include/assessment_interfaces/assessment_interfaces/msg/detail/item_log__type_support.h
[1.832s] -- Up-to-date symlink: /home/auro/Auro/install/assessment_interfaces/include/assessment_interfaces/assessment_interfaces/msg/detail/robot__functions.h
[1.832s] -- Up-to-date symlink: /home/auro/Auro/install/assessment_interfaces/include/assessment_interfaces/assessment_interfaces/msg/detail/robot__struct.h
[1.832s] -- Up-to-date symlink: /home/auro/Auro/install/assessment_interfaces/include/assessment_interfaces/assessment_interfaces/msg/detail/robot__type_support.h
[1.832s] -- Up-to-date symlink: /home/auro/Auro/install/assessment_interfaces/include/assessment_interfaces/assessment_interfaces/msg/detail/robot_list__functions.h
[1.832s] -- Up-to-date symlink: /home/auro/Auro/install/assessment_interfaces/include/assessment_interfaces/assessment_interfaces/msg/detail/robot_list__struct.h
[1.832s] -- Up-to-date symlink: /home/auro/Auro/install/assessment_interfaces/include/assessment_interfaces/assessment_interfaces/msg/detail/robot_list__type_support.h
[1.832s] -- Up-to-date symlink: /home/auro/Auro/install/assessment_interfaces/include/assessment_interfaces/assessment_interfaces/msg/detail/zone__functions.h
[1.832s] -- Up-to-date symlink: /home/auro/Auro/install/assessment_interfaces/include/assessment_interfaces/assessment_interfaces/msg/detail/zone__struct.h
[1.833s] -- Up-to-date symlink: /home/auro/Auro/install/assessment_interfaces/include/assessment_interfaces/assessment_interfaces/msg/detail/zone__type_support.h
[1.834s] -- Up-to-date symlink: /home/auro/Auro/install/assessment_interfaces/include/assessment_interfaces/assessment_interfaces/msg/detail/zone_list__functions.h
[1.834s] -- Up-to-date symlink: /home/auro/Auro/install/assessment_interfaces/include/assessment_interfaces/assessment_interfaces/msg/detail/zone_list__struct.h
[1.835s] -- Up-to-date symlink: /home/auro/Auro/install/assessment_interfaces/include/assessment_interfaces/assessment_interfaces/msg/detail/zone_list__type_support.h
[1.835s] -- Up-to-date symlink: /home/auro/Auro/install/assessment_interfaces/include/assessment_interfaces/assessment_interfaces/msg/item.h
[1.836s] -- Up-to-date symlink: /home/auro/Auro/install/assessment_interfaces/include/assessment_interfaces/assessment_interfaces/msg/item_holder.h
[1.836s] -- Up-to-date symlink: /home/auro/Auro/install/assessment_interfaces/include/assessment_interfaces/assessment_interfaces/msg/item_holders.h
[1.837s] -- Up-to-date symlink: /home/auro/Auro/install/assessment_interfaces/include/assessment_interfaces/assessment_interfaces/msg/item_list.h
[1.837s] -- Up-to-date symlink: /home/auro/Auro/install/assessment_interfaces/include/assessment_interfaces/assessment_interfaces/msg/item_log.h
[1.837s] -- Up-to-date symlink: /home/auro/Auro/install/assessment_interfaces/include/assessment_interfaces/assessment_interfaces/msg/robot.h
[1.838s] -- Up-to-date symlink: /home/auro/Auro/install/assessment_interfaces/include/assessment_interfaces/assessment_interfaces/msg/robot_list.h
[1.840s] -- Up-to-date symlink: /home/auro/Auro/install/assessment_interfaces/include/assessment_interfaces/assessment_interfaces/msg/rosidl_generator_c__visibility_control.h
[1.840s] -- Up-to-date symlink: /home/auro/Auro/install/assessment_interfaces/include/assessment_interfaces/assessment_interfaces/msg/zone.h
[1.840s] -- Up-to-date symlink: /home/auro/Auro/install/assessment_interfaces/include/assessment_interfaces/assessment_interfaces/msg/zone_list.h
[1.840s] -- Up-to-date symlink: /home/auro/Auro/install/assessment_interfaces/share/assessment_interfaces/environment/library_path.sh
[1.840s] -- Up-to-date symlink: /home/auro/Auro/install/assessment_interfaces/share/assessment_interfaces/environment/library_path.dsv
[1.842s] -- Up-to-date symlink: /home/auro/Auro/install/assessment_interfaces/include/assessment_interfaces/assessment_interfaces/msg/detail/item__rosidl_typesupport_fastrtps_c.h
[1.843s] -- Up-to-date symlink: /home/auro/Auro/install/assessment_interfaces/include/assessment_interfaces/assessment_interfaces/msg/detail/item_holder__rosidl_typesupport_fastrtps_c.h
[1.843s] -- Up-to-date symlink: /home/auro/Auro/install/assessment_interfaces/include/assessment_interfaces/assessment_interfaces/msg/detail/item_holders__rosidl_typesupport_fastrtps_c.h
[1.844s] -- Up-to-date symlink: /home/auro/Auro/install/assessment_interfaces/include/assessment_interfaces/assessment_interfaces/msg/detail/item_list__rosidl_typesupport_fastrtps_c.h
[1.846s] -- Up-to-date symlink: /home/auro/Auro/install/assessment_interfaces/include/assessment_interfaces/assessment_interfaces/msg/detail/item_log__rosidl_typesupport_fastrtps_c.h
[1.846s] -- Up-to-date symlink: /home/auro/Auro/install/assessment_interfaces/include/assessment_interfaces/assessment_interfaces/msg/detail/robot__rosidl_typesupport_fastrtps_c.h
[1.847s] -- Up-to-date symlink: /home/auro/Auro/install/assessment_interfaces/include/assessment_interfaces/assessment_interfaces/msg/detail/robot_list__rosidl_typesupport_fastrtps_c.h
[1.847s] -- Up-to-date symlink: /home/auro/Auro/install/assessment_interfaces/include/assessment_interfaces/assessment_interfaces/msg/detail/zone__rosidl_typesupport_fastrtps_c.h
[1.847s] -- Up-to-date symlink: /home/auro/Auro/install/assessment_interfaces/include/assessment_interfaces/assessment_interfaces/msg/detail/zone_list__rosidl_typesupport_fastrtps_c.h
[1.847s] -- Up-to-date symlink: /home/auro/Auro/install/assessment_interfaces/include/assessment_interfaces/assessment_interfaces/msg/rosidl_typesupport_fastrtps_c__visibility_control.h
[1.847s] -- Up-to-date symlink: /home/auro/Auro/install/assessment_interfaces/include/assessment_interfaces/assessment_interfaces/msg/detail/item__rosidl_typesupport_introspection_c.h
[1.848s] -- Up-to-date symlink: /home/auro/Auro/install/assessment_interfaces/include/assessment_interfaces/assessment_interfaces/msg/detail/item_holder__rosidl_typesupport_introspection_c.h
[1.848s] -- Up-to-date symlink: /home/auro/Auro/install/assessment_interfaces/include/assessment_interfaces/assessment_interfaces/msg/detail/item_holders__rosidl_typesupport_introspection_c.h
[1.849s] -- Up-to-date symlink: /home/auro/Auro/install/assessment_interfaces/include/assessment_interfaces/assessment_interfaces/msg/detail/item_list__rosidl_typesupport_introspection_c.h
[1.849s] -- Up-to-date symlink: /home/auro/Auro/install/assessment_interfaces/include/assessment_interfaces/assessment_interfaces/msg/detail/item_log__rosidl_typesupport_introspection_c.h
[1.850s] -- Up-to-date symlink: /home/auro/Auro/install/assessment_interfaces/include/assessment_interfaces/assessment_interfaces/msg/detail/robot__rosidl_typesupport_introspection_c.h
[1.851s] -- Up-to-date symlink: /home/auro/Auro/install/assessment_interfaces/include/assessment_interfaces/assessment_interfaces/msg/detail/robot_list__rosidl_typesupport_introspection_c.h
[1.852s] -- Up-to-date symlink: /home/auro/Auro/install/assessment_interfaces/include/assessment_interfaces/assessment_interfaces/msg/detail/zone__rosidl_typesupport_introspection_c.h
[1.852s] -- Up-to-date symlink: /home/auro/Auro/install/assessment_interfaces/include/assessment_interfaces/assessment_interfaces/msg/detail/zone_list__rosidl_typesupport_introspection_c.h
[1.852s] -- Up-to-date symlink: /home/auro/Auro/install/assessment_interfaces/include/assessment_interfaces/assessment_interfaces/msg/rosidl_typesupport_introspection_c__visibility_control.h
[1.856s] -- Up-to-date symlink: /home/auro/Auro/install/assessment_interfaces/include/assessment_interfaces/assessment_interfaces/msg/detail/item__builder.hpp
[1.856s] -- Up-to-date symlink: /home/auro/Auro/install/assessment_interfaces/include/assessment_interfaces/assessment_interfaces/msg/detail/item__struct.hpp
[1.856s] -- Up-to-date symlink: /home/auro/Auro/install/assessment_interfaces/include/assessment_interfaces/assessment_interfaces/msg/detail/item__traits.hpp
[1.856s] -- Up-to-date symlink: /home/auro/Auro/install/assessment_interfaces/include/assessment_interfaces/assessment_interfaces/msg/detail/item_holder__builder.hpp
[1.856s] -- Up-to-date symlink: /home/auro/Auro/install/assessment_interfaces/include/assessment_interfaces/assessment_interfaces/msg/detail/item_holder__struct.hpp
[1.856s] -- Up-to-date symlink: /home/auro/Auro/install/assessment_interfaces/include/assessment_interfaces/assessment_interfaces/msg/detail/item_holder__traits.hpp
[1.856s] -- Up-to-date symlink: /home/auro/Auro/install/assessment_interfaces/include/assessment_interfaces/assessment_interfaces/msg/detail/item_holders__builder.hpp
[1.856s] -- Up-to-date symlink: /home/auro/Auro/install/assessment_interfaces/include/assessment_interfaces/assessment_interfaces/msg/detail/item_holders__struct.hpp
[1.857s] -- Up-to-date symlink: /home/auro/Auro/install/assessment_interfaces/include/assessment_interfaces/assessment_interfaces/msg/detail/item_holders__traits.hpp
[1.857s] -- Up-to-date symlink: /home/auro/Auro/install/assessment_interfaces/include/assessment_interfaces/assessment_interfaces/msg/detail/item_list__builder.hpp
[1.857s] -- Up-to-date symlink: /home/auro/Auro/install/assessment_interfaces/include/assessment_interfaces/assessment_interfaces/msg/detail/item_list__struct.hpp
[1.857s] -- Up-to-date symlink: /home/auro/Auro/install/assessment_interfaces/include/assessment_interfaces/assessment_interfaces/msg/detail/item_list__traits.hpp
[1.861s] -- Up-to-date symlink: /home/auro/Auro/install/assessment_interfaces/include/assessment_interfaces/assessment_interfaces/msg/detail/item_log__builder.hpp
[1.861s] -- Up-to-date symlink: /home/auro/Auro/install/assessment_interfaces/include/assessment_interfaces/assessment_interfaces/msg/detail/item_log__struct.hpp
[1.861s] -- Up-to-date symlink: /home/auro/Auro/install/assessment_interfaces/include/assessment_interfaces/assessment_interfaces/msg/detail/item_log__traits.hpp
[1.861s] -- Up-to-date symlink: /home/auro/Auro/install/assessment_interfaces/include/assessment_interfaces/assessment_interfaces/msg/detail/robot__builder.hpp
[1.861s] -- Up-to-date symlink: /home/auro/Auro/install/assessment_interfaces/include/assessment_interfaces/assessment_interfaces/msg/detail/robot__struct.hpp
[1.861s] -- Up-to-date symlink: /home/auro/Auro/install/assessment_interfaces/include/assessment_interfaces/assessment_interfaces/msg/detail/robot__traits.hpp
[1.861s] -- Up-to-date symlink: /home/auro/Auro/install/assessment_interfaces/include/assessment_interfaces/assessment_interfaces/msg/detail/robot_list__builder.hpp
[1.862s] -- Up-to-date symlink: /home/auro/Auro/install/assessment_interfaces/include/assessment_interfaces/assessment_interfaces/msg/detail/robot_list__struct.hpp
[1.862s] -- Up-to-date symlink: /home/auro/Auro/install/assessment_interfaces/include/assessment_interfaces/assessment_interfaces/msg/detail/robot_list__traits.hpp
[1.863s] -- Up-to-date symlink: /home/auro/Auro/install/assessment_interfaces/include/assessment_interfaces/assessment_interfaces/msg/detail/zone__builder.hpp
[1.863s] -- Up-to-date symlink: /home/auro/Auro/install/assessment_interfaces/include/assessment_interfaces/assessment_interfaces/msg/detail/zone__struct.hpp
[1.863s] -- Up-to-date symlink: /home/auro/Auro/install/assessment_interfaces/include/assessment_interfaces/assessment_interfaces/msg/detail/zone__traits.hpp
[1.863s] -- Up-to-date symlink: /home/auro/Auro/install/assessment_interfaces/include/assessment_interfaces/assessment_interfaces/msg/detail/zone_list__builder.hpp
[1.865s] -- Up-to-date symlink: /home/auro/Auro/install/assessment_interfaces/include/assessment_interfaces/assessment_interfaces/msg/detail/zone_list__struct.hpp
[1.865s] -- Up-to-date symlink: /home/auro/Auro/install/assessment_interfaces/include/assessment_interfaces/assessment_interfaces/msg/detail/zone_list__traits.hpp
[1.865s] -- Up-to-date symlink: /home/auro/Auro/install/assessment_interfaces/include/assessment_interfaces/assessment_interfaces/msg/item.hpp
[1.865s] -- Up-to-date symlink: /home/auro/Auro/install/assessment_interfaces/include/assessment_interfaces/assessment_interfaces/msg/item_holder.hpp
[1.865s] -- Up-to-date symlink: /home/auro/Auro/install/assessment_interfaces/include/assessment_interfaces/assessment_interfaces/msg/item_holders.hpp
[1.866s] -- Up-to-date symlink: /home/auro/Auro/install/assessment_interfaces/include/assessment_interfaces/assessment_interfaces/msg/item_list.hpp
[1.866s] -- Up-to-date symlink: /home/auro/Auro/install/assessment_interfaces/include/assessment_interfaces/assessment_interfaces/msg/item_log.hpp
[1.866s] -- Up-to-date symlink: /home/auro/Auro/install/assessment_interfaces/include/assessment_interfaces/assessment_interfaces/msg/robot.hpp
[1.866s] -- Up-to-date symlink: /home/auro/Auro/install/assessment_interfaces/include/assessment_interfaces/assessment_interfaces/msg/robot_list.hpp
[1.866s] -- Up-to-date symlink: /home/auro/Auro/install/assessment_interfaces/include/assessment_interfaces/assessment_interfaces/msg/zone.hpp
[1.866s] -- Up-to-date symlink: /home/auro/Auro/install/assessment_interfaces/include/assessment_interfaces/assessment_interfaces/msg/zone_list.hpp
[1.866s] -- Up-to-date symlink: /home/auro/Auro/install/assessment_interfaces/include/assessment_interfaces/assessment_interfaces/msg/detail/item__rosidl_typesupport_fastrtps_cpp.hpp
[1.867s] -- Up-to-date symlink: /home/auro/Auro/install/assessment_interfaces/include/assessment_interfaces/assessment_interfaces/msg/detail/item_holder__rosidl_typesupport_fastrtps_cpp.hpp
[1.867s] -- Up-to-date symlink: /home/auro/Auro/install/assessment_interfaces/include/assessment_interfaces/assessment_interfaces/msg/detail/item_holders__rosidl_typesupport_fastrtps_cpp.hpp
[1.867s] -- Up-to-date symlink: /home/auro/Auro/install/assessment_interfaces/include/assessment_interfaces/assessment_interfaces/msg/detail/item_list__rosidl_typesupport_fastrtps_cpp.hpp
[1.867s] -- Up-to-date symlink: /home/auro/Auro/install/assessment_interfaces/include/assessment_interfaces/assessment_interfaces/msg/detail/item_log__rosidl_typesupport_fastrtps_cpp.hpp
[1.868s] -- Up-to-date symlink: /home/auro/Auro/install/assessment_interfaces/include/assessment_interfaces/assessment_interfaces/msg/detail/robot__rosidl_typesupport_fastrtps_cpp.hpp
[1.868s] -- Up-to-date symlink: /home/auro/Auro/install/assessment_interfaces/include/assessment_interfaces/assessment_interfaces/msg/detail/robot_list__rosidl_typesupport_fastrtps_cpp.hpp
[1.869s] -- Up-to-date symlink: /home/auro/Auro/install/assessment_interfaces/include/assessment_interfaces/assessment_interfaces/msg/detail/zone__rosidl_typesupport_fastrtps_cpp.hpp
[1.869s] -- Up-to-date symlink: /home/auro/Auro/install/assessment_interfaces/include/assessment_interfaces/assessment_interfaces/msg/detail/zone_list__rosidl_typesupport_fastrtps_cpp.hpp
[1.869s] -- Up-to-date symlink: /home/auro/Auro/install/assessment_interfaces/include/assessment_interfaces/assessment_interfaces/msg/rosidl_typesupport_fastrtps_cpp__visibility_control.h
[1.870s] -- Up-to-date symlink: /home/auro/Auro/install/assessment_interfaces/include/assessment_interfaces/assessment_interfaces/msg/detail/item__rosidl_typesupport_introspection_cpp.hpp
[1.872s] -- Up-to-date symlink: /home/auro/Auro/install/assessment_interfaces/include/assessment_interfaces/assessment_interfaces/msg/detail/item_holder__rosidl_typesupport_introspection_cpp.hpp
[1.873s] -- Up-to-date symlink: /home/auro/Auro/install/assessment_interfaces/include/assessment_interfaces/assessment_interfaces/msg/detail/item_holders__rosidl_typesupport_introspection_cpp.hpp
[1.873s] -- Up-to-date symlink: /home/auro/Auro/install/assessment_interfaces/include/assessment_interfaces/assessment_interfaces/msg/detail/item_list__rosidl_typesupport_introspection_cpp.hpp
[1.873s] -- Up-to-date symlink: /home/auro/Auro/install/assessment_interfaces/include/assessment_interfaces/assessment_interfaces/msg/detail/item_log__rosidl_typesupport_introspection_cpp.hpp
[1.874s] -- Up-to-date symlink: /home/auro/Auro/install/assessment_interfaces/include/assessment_interfaces/assessment_interfaces/msg/detail/robot__rosidl_typesupport_introspection_cpp.hpp
[1.874s] -- Up-to-date symlink: /home/auro/Auro/install/assessment_interfaces/include/assessment_interfaces/assessment_interfaces/msg/detail/robot_list__rosidl_typesupport_introspection_cpp.hpp
[1.875s] -- Up-to-date symlink: /home/auro/Auro/install/assessment_interfaces/include/assessment_interfaces/assessment_interfaces/msg/detail/zone__rosidl_typesupport_introspection_cpp.hpp
[1.875s] -- Up-to-date symlink: /home/auro/Auro/install/assessment_interfaces/include/assessment_interfaces/assessment_interfaces/msg/detail/zone_list__rosidl_typesupport_introspection_cpp.hpp
[1.875s] -- Up-to-date symlink: /home/auro/Auro/install/assessment_interfaces/share/assessment_interfaces/environment/pythonpath.sh
[1.876s] -- Up-to-date symlink: /home/auro/Auro/install/assessment_interfaces/share/assessment_interfaces/environment/pythonpath.dsv
[1.876s] -- Up-to-date symlink: /home/auro/Auro/install/assessment_interfaces/local/lib/python3.10/dist-packages/assessment_interfaces-0.0.0-py3.10.egg-info/PKG-INFO
[1.877s] -- Up-to-date symlink: /home/auro/Auro/install/assessment_interfaces/local/lib/python3.10/dist-packages/assessment_interfaces-0.0.0-py3.10.egg-info/SOURCES.txt
[1.877s] -- Up-to-date symlink: /home/auro/Auro/install/assessment_interfaces/local/lib/python3.10/dist-packages/assessment_interfaces-0.0.0-py3.10.egg-info/dependency_links.txt
[1.877s] -- Up-to-date symlink: /home/auro/Auro/install/assessment_interfaces/local/lib/python3.10/dist-packages/assessment_interfaces-0.0.0-py3.10.egg-info/top_level.txt
[1.879s] -- Up-to-date symlink: /home/auro/Auro/install/assessment_interfaces/local/lib/python3.10/dist-packages/assessment_interfaces/__init__.py
[1.879s] -- Up-to-date symlink: /home/auro/Auro/install/assessment_interfaces/local/lib/python3.10/dist-packages/assessment_interfaces/_assessment_interfaces_s.ep.rosidl_typesupport_c.c
[1.879s] -- Up-to-date symlink: /home/auro/Auro/install/assessment_interfaces/local/lib/python3.10/dist-packages/assessment_interfaces/_assessment_interfaces_s.ep.rosidl_typesupport_fastrtps_c.c
[1.880s] -- Up-to-date symlink: /home/auro/Auro/install/assessment_interfaces/local/lib/python3.10/dist-packages/assessment_interfaces/_assessment_interfaces_s.ep.rosidl_typesupport_introspection_c.c
[1.880s] -- Up-to-date symlink: /home/auro/Auro/install/assessment_interfaces/local/lib/python3.10/dist-packages/assessment_interfaces/assessment_interfaces_s__rosidl_typesupport_c.cpython-310-x86_64-linux-gnu.so
[1.880s] -- Up-to-date symlink: /home/auro/Auro/install/assessment_interfaces/local/lib/python3.10/dist-packages/assessment_interfaces/assessment_interfaces_s__rosidl_typesupport_fastrtps_c.cpython-310-x86_64-linux-gnu.so
[1.880s] -- Up-to-date symlink: /home/auro/Auro/install/assessment_interfaces/local/lib/python3.10/dist-packages/assessment_interfaces/assessment_interfaces_s__rosidl_typesupport_introspection_c.cpython-310-x86_64-linux-gnu.so
[1.881s] -- Up-to-date symlink: /home/auro/Auro/install/assessment_interfaces/local/lib/python3.10/dist-packages/assessment_interfaces/libassessment_interfaces__rosidl_generator_py.so
[1.881s] -- Up-to-date symlink: /home/auro/Auro/install/assessment_interfaces/local/lib/python3.10/dist-packages/assessment_interfaces/msg/__init__.py
[1.881s] -- Up-to-date symlink: /home/auro/Auro/install/assessment_interfaces/local/lib/python3.10/dist-packages/assessment_interfaces/msg/_item.py
[1.882s] -- Up-to-date symlink: /home/auro/Auro/install/assessment_interfaces/local/lib/python3.10/dist-packages/assessment_interfaces/msg/_item_holder.py
[1.882s] -- Up-to-date symlink: /home/auro/Auro/install/assessment_interfaces/local/lib/python3.10/dist-packages/assessment_interfaces/msg/_item_holder_s.c
[1.883s] -- Up-to-date symlink: /home/auro/Auro/install/assessment_interfaces/local/lib/python3.10/dist-packages/assessment_interfaces/msg/_item_holders.py
[1.883s] -- Up-to-date symlink: /home/auro/Auro/install/assessment_interfaces/local/lib/python3.10/dist-packages/assessment_interfaces/msg/_item_holders_s.c
[1.883s] -- Up-to-date symlink: /home/auro/Auro/install/assessment_interfaces/local/lib/python3.10/dist-packages/assessment_interfaces/msg/_item_list.py
[1.884s] -- Up-to-date symlink: /home/auro/Auro/install/assessment_interfaces/local/lib/python3.10/dist-packages/assessment_interfaces/msg/_item_list_s.c
[1.884s] -- Up-to-date symlink: /home/auro/Auro/install/assessment_interfaces/local/lib/python3.10/dist-packages/assessment_interfaces/msg/_item_log.py
[1.884s] -- Up-to-date symlink: /home/auro/Auro/install/assessment_interfaces/local/lib/python3.10/dist-packages/assessment_interfaces/msg/_item_log_s.c
[1.885s] -- Up-to-date symlink: /home/auro/Auro/install/assessment_interfaces/local/lib/python3.10/dist-packages/assessment_interfaces/msg/_item_s.c
[1.885s] -- Up-to-date symlink: /home/auro/Auro/install/assessment_interfaces/local/lib/python3.10/dist-packages/assessment_interfaces/msg/_robot.py
[1.886s] -- Up-to-date symlink: /home/auro/Auro/install/assessment_interfaces/local/lib/python3.10/dist-packages/assessment_interfaces/msg/_robot_list.py
[1.886s] -- Up-to-date symlink: /home/auro/Auro/install/assessment_interfaces/local/lib/python3.10/dist-packages/assessment_interfaces/msg/_robot_list_s.c
[1.886s] -- Up-to-date symlink: /home/auro/Auro/install/assessment_interfaces/local/lib/python3.10/dist-packages/assessment_interfaces/msg/_robot_s.c
[1.886s] -- Up-to-date symlink: /home/auro/Auro/install/assessment_interfaces/local/lib/python3.10/dist-packages/assessment_interfaces/msg/_zone.py
[1.887s] -- Up-to-date symlink: /home/auro/Auro/install/assessment_interfaces/local/lib/python3.10/dist-packages/assessment_interfaces/msg/_zone_list.py
[1.890s] -- Up-to-date symlink: /home/auro/Auro/install/assessment_interfaces/local/lib/python3.10/dist-packages/assessment_interfaces/msg/_zone_list_s.c
[1.890s] -- Up-to-date symlink: /home/auro/Auro/install/assessment_interfaces/local/lib/python3.10/dist-packages/assessment_interfaces/msg/_zone_s.c
[1.890s] -- Up-to-date symlink: /home/auro/Auro/install/assessment_interfaces/local/lib/python3.10/dist-packages/assessment_interfaces/assessment_interfaces_s__rosidl_typesupport_fastrtps_c.cpython-310-x86_64-linux-gnu.so
[1.897s] -- Up-to-date symlink: /home/auro/Auro/install/assessment_interfaces/local/lib/python3.10/dist-packages/assessment_interfaces/assessment_interfaces_s__rosidl_typesupport_introspection_c.cpython-310-x86_64-linux-gnu.so
[1.897s] -- Up-to-date symlink: /home/auro/Auro/install/assessment_interfaces/local/lib/python3.10/dist-packages/assessment_interfaces/assessment_interfaces_s__rosidl_typesupport_c.cpython-310-x86_64-linux-gnu.so
[1.897s] -- Up-to-date symlink: /home/auro/Auro/install/assessment_interfaces/share/assessment_interfaces/msg/ItemLog.idl
[1.898s] -- Up-to-date symlink: /home/auro/Auro/install/assessment_interfaces/share/assessment_interfaces/msg/ItemHolder.idl
[1.898s] -- Up-to-date symlink: /home/auro/Auro/install/assessment_interfaces/share/assessment_interfaces/msg/ItemHolders.idl
[1.898s] -- Up-to-date symlink: /home/auro/Auro/install/assessment_interfaces/share/assessment_interfaces/msg/Item.idl
[1.898s] -- Up-to-date symlink: /home/auro/Auro/install/assessment_interfaces/share/assessment_interfaces/msg/ItemList.idl
[1.898s] -- Up-to-date symlink: /home/auro/Auro/install/assessment_interfaces/share/assessment_interfaces/msg/Zone.idl
[1.898s] -- Up-to-date symlink: /home/auro/Auro/install/assessment_interfaces/share/assessment_interfaces/msg/ZoneList.idl
[1.898s] -- Up-to-date symlink: /home/auro/Auro/install/assessment_interfaces/share/assessment_interfaces/msg/Robot.idl
[1.898s] -- Up-to-date symlink: /home/auro/Auro/install/assessment_interfaces/share/assessment_interfaces/msg/RobotList.idl
[1.898s] -- Up-to-date symlink: /home/auro/Auro/install/assessment_interfaces/share/assessment_interfaces/msg/ItemLog.msg
[1.898s] -- Up-to-date symlink: /home/auro/Auro/install/assessment_interfaces/share/assessment_interfaces/msg/ItemHolder.msg
[1.898s] -- Up-to-date symlink: /home/auro/Auro/install/assessment_interfaces/share/assessment_interfaces/msg/ItemHolders.msg
[1.898s] -- Up-to-date symlink: /home/auro/Auro/install/assessment_interfaces/share/assessment_interfaces/msg/Item.msg
[1.898s] -- Up-to-date symlink: /home/auro/Auro/install/assessment_interfaces/share/assessment_interfaces/msg/ItemList.msg
[1.899s] -- Up-to-date symlink: /home/auro/Auro/install/assessment_interfaces/share/assessment_interfaces/msg/Zone.msg
[1.899s] -- Up-to-date symlink: /home/auro/Auro/install/assessment_interfaces/share/assessment_interfaces/msg/ZoneList.msg
[1.899s] -- Up-to-date symlink: /home/auro/Auro/install/assessment_interfaces/share/assessment_interfaces/msg/Robot.msg
[1.899s] -- Up-to-date symlink: /home/auro/Auro/install/assessment_interfaces/share/assessment_interfaces/msg/RobotList.msg
[1.899s] -- Up-to-date symlink: /home/auro/Auro/install/assessment_interfaces/share/ament_index/resource_index/package_run_dependencies/assessment_interfaces
[1.899s] -- Up-to-date symlink: /home/auro/Auro/install/assessment_interfaces/share/ament_index/resource_index/parent_prefix_path/assessment_interfaces
[1.899s] -- Up-to-date symlink: /home/auro/Auro/install/assessment_interfaces/share/assessment_interfaces/environment/ament_prefix_path.sh
[1.899s] -- Up-to-date symlink: /home/auro/Auro/install/assessment_interfaces/share/assessment_interfaces/environment/ament_prefix_path.dsv
[1.899s] -- Up-to-date symlink: /home/auro/Auro/install/assessment_interfaces/share/assessment_interfaces/environment/path.sh
[1.899s] -- Up-to-date symlink: /home/auro/Auro/install/assessment_interfaces/share/assessment_interfaces/environment/path.dsv
[1.899s] -- Up-to-date symlink: /home/auro/Auro/install/assessment_interfaces/share/assessment_interfaces/local_setup.bash
[1.899s] -- Up-to-date symlink: /home/auro/Auro/install/assessment_interfaces/share/assessment_interfaces/local_setup.sh
[1.899s] -- Up-to-date symlink: /home/auro/Auro/install/assessment_interfaces/share/assessment_interfaces/local_setup.zsh
[1.900s] -- Up-to-date symlink: /home/auro/Auro/install/assessment_interfaces/share/assessment_interfaces/local_setup.dsv
[1.900s] -- Symlinking: /home/auro/Auro/install/assessment_interfaces/share/assessment_interfaces/package.dsv
[1.910s] -- Up-to-date symlink: /home/auro/Auro/install/assessment_interfaces/share/ament_index/resource_index/packages/assessment_interfaces
[1.911s] -- Up-to-date symlink: /home/auro/Auro/install/assessment_interfaces/share/assessment_interfaces/cmake/rosidl_cmake-extras.cmake
[1.911s] -- Up-to-date symlink: /home/auro/Auro/install/assessment_interfaces/share/assessment_interfaces/cmake/ament_cmake_export_include_directories-extras.cmake
[1.912s] -- Up-to-date symlink: /home/auro/Auro/install/assessment_interfaces/share/assessment_interfaces/cmake/ament_cmake_export_libraries-extras.cmake
[1.912s] -- Up-to-date symlink: /home/auro/Auro/install/assessment_interfaces/share/assessment_interfaces/cmake/ament_cmake_export_targets-extras.cmake
[1.913s] -- Up-to-date symlink: /home/auro/Auro/install/assessment_interfaces/share/assessment_interfaces/cmake/rosidl_cmake_export_typesupport_targets-extras.cmake
[1.913s] -- Up-to-date symlink: /home/auro/Auro/install/assessment_interfaces/share/assessment_interfaces/cmake/ament_cmake_export_dependencies-extras.cmake
[1.913s] -- Up-to-date symlink: /home/auro/Auro/install/assessment_interfaces/share/assessment_interfaces/cmake/rosidl_cmake_export_typesupport_libraries-extras.cmake
[1.914s] -- Up-to-date symlink: /home/auro/Auro/install/assessment_interfaces/share/assessment_interfaces/cmake/assessment_interfacesConfig.cmake
[1.914s] -- Up-to-date symlink: /home/auro/Auro/install/assessment_interfaces/share/assessment_interfaces/cmake/assessment_interfacesConfig-version.cmake
[1.914s] -- Up-to-date symlink: /home/auro/Auro/install/assessment_interfaces/share/assessment_interfaces/package.xml
[1.915s] -- Up-to-date: /home/auro/Auro/install/assessment_interfaces/lib/libassessment_interfaces__rosidl_generator_c.so
[1.916s] -- Up-to-date: /home/auro/Auro/install/assessment_interfaces/lib/libassessment_interfaces__rosidl_typesupport_fastrtps_c.so
[1.916s] -- Up-to-date: /home/auro/Auro/install/assessment_interfaces/lib/libassessment_interfaces__rosidl_typesupport_introspection_c.so
[1.917s] -- Up-to-date: /home/auro/Auro/install/assessment_interfaces/lib/libassessment_interfaces__rosidl_typesupport_c.so
[1.917s] -- Up-to-date: /home/auro/Auro/install/assessment_interfaces/lib/libassessment_interfaces__rosidl_typesupport_fastrtps_cpp.so
[1.918s] -- Up-to-date: /home/auro/Auro/install/assessment_interfaces/lib/libassessment_interfaces__rosidl_typesupport_introspection_cpp.so
[1.918s] -- Up-to-date: /home/auro/Auro/install/assessment_interfaces/lib/libassessment_interfaces__rosidl_typesupport_cpp.so
[1.975s] Listing '/home/auro/Auro/install/assessment_interfaces/local/lib/python3.10/dist-packages/assessment_interfaces'...
[1.975s] Listing '/home/auro/Auro/install/assessment_interfaces/local/lib/python3.10/dist-packages/assessment_interfaces/msg'...
[1.983s] -- Up-to-date: /home/auro/Auro/install/assessment_interfaces/lib/libassessment_interfaces__rosidl_generator_py.so
[1.984s] -- Up-to-date: /home/auro/Auro/install/assessment_interfaces/share/assessment_interfaces/cmake/export_assessment_interfaces__rosidl_generator_cExport.cmake
[1.984s] -- Up-to-date: /home/auro/Auro/install/assessment_interfaces/share/assessment_interfaces/cmake/export_assessment_interfaces__rosidl_generator_cExport-noconfig.cmake
[1.984s] -- Up-to-date: /home/auro/Auro/install/assessment_interfaces/share/assessment_interfaces/cmake/export_assessment_interfaces__rosidl_typesupport_fastrtps_cExport.cmake
[1.984s] -- Up-to-date: /home/auro/Auro/install/assessment_interfaces/share/assessment_interfaces/cmake/export_assessment_interfaces__rosidl_typesupport_fastrtps_cExport-noconfig.cmake
[1.984s] -- Up-to-date: /home/auro/Auro/install/assessment_interfaces/share/assessment_interfaces/cmake/assessment_interfaces__rosidl_typesupport_introspection_cExport.cmake
[1.984s] -- Up-to-date: /home/auro/Auro/install/assessment_interfaces/share/assessment_interfaces/cmake/assessment_interfaces__rosidl_typesupport_introspection_cExport-noconfig.cmake
[1.984s] -- Up-to-date: /home/auro/Auro/install/assessment_interfaces/share/assessment_interfaces/cmake/assessment_interfaces__rosidl_typesupport_cExport.cmake
[1.984s] -- Up-to-date: /home/auro/Auro/install/assessment_interfaces/share/assessment_interfaces/cmake/assessment_interfaces__rosidl_typesupport_cExport-noconfig.cmake
[1.984s] -- Up-to-date: /home/auro/Auro/install/assessment_interfaces/share/assessment_interfaces/cmake/export_assessment_interfaces__rosidl_generator_cppExport.cmake
[1.984s] -- Up-to-date: /home/auro/Auro/install/assessment_interfaces/share/assessment_interfaces/cmake/export_assessment_interfaces__rosidl_typesupport_fastrtps_cppExport.cmake
[1.984s] -- Up-to-date: /home/auro/Auro/install/assessment_interfaces/share/assessment_interfaces/cmake/export_assessment_interfaces__rosidl_typesupport_fastrtps_cppExport-noconfig.cmake
[1.984s] -- Up-to-date: /home/auro/Auro/install/assessment_interfaces/share/assessment_interfaces/cmake/assessment_interfaces__rosidl_typesupport_introspection_cppExport.cmake
[1.985s] -- Up-to-date: /home/auro/Auro/install/assessment_interfaces/share/assessment_interfaces/cmake/assessment_interfaces__rosidl_typesupport_introspection_cppExport-noconfig.cmake
[1.985s] -- Up-to-date: /home/auro/Auro/install/assessment_interfaces/share/assessment_interfaces/cmake/assessment_interfaces__rosidl_typesupport_cppExport.cmake
[1.985s] -- Up-to-date: /home/auro/Auro/install/assessment_interfaces/share/assessment_interfaces/cmake/assessment_interfaces__rosidl_typesupport_cppExport-noconfig.cmake
[1.985s] -- Up-to-date: /home/auro/Auro/install/assessment_interfaces/share/assessment_interfaces/cmake/export_assessment_interfaces__rosidl_generator_pyExport.cmake
[1.985s] -- Up-to-date: /home/auro/Auro/install/assessment_interfaces/share/assessment_interfaces/cmake/export_assessment_interfaces__rosidl_generator_pyExport-noconfig.cmake
[1.989s] Invoked command in '/home/auro/Auro/build/assessment_interfaces' returned '0': CMAKE_PREFIX_PATH=${CMAKE_PREFIX_PATH}:/home/auro/Auro/install/tf_relay:/home/auro/Auro/install/solution:/home/auro/Auro/install/assessment:/home/auro/turtlebot3_ws/install/turtlebot3_teleop:/home/auro/turtlebot3_ws/install/turtlebot3_example:/opt/ros/humble /usr/bin/cmake --install /home/auro/Auro/build/assessment_interfaces
