[0.067s] Invoking command in '/home/auro/Auro/build/assessment_interfaces': CMAKE_PREFIX_PATH=${CMAKE_PREFIX_PATH}:/home/auro/Auro/install/tf_relay:/home/auro/Auro/install/solution:/home/auro/Auro/install/assessment:/home/auro/turtlebot3_ws/install/turtlebot3_teleop:/home/auro/turtlebot3_ws/install/turtlebot3_example:/opt/ros/humble /usr/bin/cmake --build /home/auro/Auro/build/assessment_interfaces -- -j4 -l4
[0.535s] [  1%] Built target assessment_interfaces__cpp
[0.535s] [  1%] Built target ament_cmake_python_symlink_assessment_interfaces
[0.535s] [ 12%] Built target assessment_interfaces__rosidl_typesupport_fastrtps_cpp
[0.535s] [ 24%] Built target assessment_interfaces__rosidl_typesupport_introspection_cpp
[0.724s] running egg_info
[0.725s] writing assessment_interfaces.egg-info/PKG-INFO
[0.725s] writing dependency_links to assessment_interfaces.egg-info/dependency_links.txt
[0.725s] writing top-level names to assessment_interfaces.egg-info/top_level.txt
[0.730s] reading manifest file 'assessment_interfaces.egg-info/SOURCES.txt'
[0.733s] writing manifest file 'assessment_interfaces.egg-info/SOURCES.txt'
[0.793s] [ 24%] Built target ament_cmake_python_build_assessment_interfaces_egg
[0.868s] [ 35%] Built target assessment_interfaces__rosidl_typesupport_cpp
[0.916s] [ 47%] Built target assessment_interfaces__rosidl_generator_c
[0.983s] [ 58%] Built target assessment_interfaces__rosidl_typesupport_fastrtps_c
[1.027s] [ 70%] Built target assessment_interfaces__rosidl_typesupport_c
[1.074s] [ 82%] Built target assessment_interfaces__rosidl_typesupport_introspection_c
[1.135s] [ 82%] Built target assessment_interfaces
[1.202s] [ 83%] Built target assessment_interfaces__py
[1.246s] [ 93%] Built target assessment_interfaces__rosidl_generator_py
[1.282s] [ 95%] Built target assessment_interfaces__rosidl_typesupport_fastrtps_c__pyext
[1.319s] [ 97%] Built target assessment_interfaces__rosidl_typesupport_c__pyext
[1.359s] [100%] Built target assessment_interfaces__rosidl_typesupport_introspection_c__pyext
[1.388s] Invoked command in '/home/auro/Auro/build/assessment_interfaces' returned '0': CMAKE_PREFIX_PATH=${CMAKE_PREFIX_PATH}:/home/auro/Auro/install/tf_relay:/home/auro/Auro/install/solution:/home/auro/Auro/install/assessment:/home/auro/turtlebot3_ws/install/turtlebot3_teleop:/home/auro/turtlebot3_ws/install/turtlebot3_example:/opt/ros/humble /usr/bin/cmake --build /home/auro/Auro/build/assessment_interfaces -- -j4 -l4
[2.032s] Invoking command in '/home/auro/Auro/build/assessment_interfaces': CMAKE_PREFIX_PATH=${CMAKE_PREFIX_PATH}:/home/auro/Auro/install/tf_relay:/home/auro/Auro/install/solution:/home/auro/Auro/install/assessment:/home/auro/turtlebot3_ws/install/turtlebot3_teleop:/home/auro/turtlebot3_ws/install/turtlebot3_example:/opt/ros/humble /usr/bin/cmake --install /home/auro/Auro/build/assessment_interfaces
[2.042s] -- Install configuration: ""
[2.042s] -- Execute custom install script
[2.043s] -- Up-to-date symlink: /home/auro/Auro/install/assessment_interfaces/share/ament_index/resource_index/rosidl_interfaces/assessment_interfaces
[2.044s] -- Up-to-date symlink: /home/auro/Auro/install/assessment_interfaces/include/assessment_interfaces/assessment_interfaces/msg/detail/item__functions.h
[2.044s] -- Up-to-date symlink: /home/auro/Auro/install/assessment_interfaces/include/assessment_interfaces/assessment_interfaces/msg/detail/item__struct.h
[2.044s] -- Up-to-date symlink: /home/auro/Auro/install/assessment_interfaces/include/assessment_interfaces/assessment_interfaces/msg/detail/item__type_support.h
[2.045s] -- Up-to-date symlink: /home/auro/Auro/install/assessment_interfaces/include/assessment_interfaces/assessment_interfaces/msg/detail/item_holder__functions.h
[2.045s] -- Up-to-date symlink: /home/auro/Auro/install/assessment_interfaces/include/assessment_interfaces/assessment_interfaces/msg/detail/item_holder__struct.h
[2.045s] -- Up-to-date symlink: /home/auro/Auro/install/assessment_interfaces/include/assessment_interfaces/assessment_interfaces/msg/detail/item_holder__type_support.h
[2.045s] -- Up-to-date symlink: /home/auro/Auro/install/assessment_interfaces/include/assessment_interfaces/assessment_interfaces/msg/detail/item_holders__functions.h
[2.045s] -- Up-to-date symlink: /home/auro/Auro/install/assessment_interfaces/include/assessment_interfaces/assessment_interfaces/msg/detail/item_holders__struct.h
[2.046s] -- Up-to-date symlink: /home/auro/Auro/install/assessment_interfaces/include/assessment_interfaces/assessment_interfaces/msg/detail/item_holders__type_support.h
[2.053s] -- Up-to-date symlink: /home/auro/Auro/install/assessment_interfaces/include/assessment_interfaces/assessment_interfaces/msg/detail/item_list__functions.h
[2.053s] -- Up-to-date symlink: /home/auro/Auro/install/assessment_interfaces/include/assessment_interfaces/assessment_interfaces/msg/detail/item_list__struct.h
[2.054s] -- Up-to-date symlink: /home/auro/Auro/install/assessment_interfaces/include/assessment_interfaces/assessment_interfaces/msg/detail/item_list__type_support.h
[2.054s] -- Up-to-date symlink: /home/auro/Auro/install/assessment_interfaces/include/assessment_interfaces/assessment_interfaces/msg/detail/item_log__functions.h
[2.054s] -- Up-to-date symlink: /home/auro/Auro/install/assessment_interfaces/include/assessment_interfaces/assessment_interfaces/msg/detail/item_log__struct.h
[2.054s] -- Up-to-date symlink: /home/auro/Auro/install/assessment_interfaces/include/assessment_interfaces/assessment_interfaces/msg/detail/item_log__type_support.h
[2.054s] -- Up-to-date symlink: /home/auro/Auro/install/assessment_interfaces/include/assessment_interfaces/assessment_interfaces/msg/detail/robot__functions.h
[2.054s] -- Up-to-date symlink: /home/auro/Auro/install/assessment_interfaces/include/assessment_interfaces/assessment_interfaces/msg/detail/robot__struct.h
[2.054s] -- Up-to-date symlink: /home/auro/Auro/install/assessment_interfaces/include/assessment_interfaces/assessment_interfaces/msg/detail/robot__type_support.h
[2.054s] -- Up-to-date symlink: /home/auro/Auro/install/assessment_interfaces/include/assessment_interfaces/assessment_interfaces/msg/detail/robot_list__functions.h
[2.055s] -- Up-to-date symlink: /home/auro/Auro/install/assessment_interfaces/include/assessment_interfaces/assessment_interfaces/msg/detail/robot_list__struct.h
[2.055s] -- Up-to-date symlink: /home/auro/Auro/install/assessment_interfaces/include/assessment_interfaces/assessment_interfaces/msg/detail/robot_list__type_support.h
[2.055s] -- Up-to-date symlink: /home/auro/Auro/install/assessment_interfaces/include/assessment_interfaces/assessment_interfaces/msg/detail/zone__functions.h
[2.055s] -- Up-to-date symlink: /home/auro/Auro/install/assessment_interfaces/include/assessment_interfaces/assessment_interfaces/msg/detail/zone__struct.h
[2.055s] -- Up-to-date symlink: /home/auro/Auro/install/assessment_interfaces/include/assessment_interfaces/assessment_interfaces/msg/detail/zone__type_support.h
[2.055s] -- Up-to-date symlink: /home/auro/Auro/install/assessment_interfaces/include/assessment_interfaces/assessment_interfaces/msg/detail/zone_list__functions.h
[2.055s] -- Up-to-date symlink: /home/auro/Auro/install/assessment_interfaces/include/assessment_interfaces/assessment_interfaces/msg/detail/zone_list__struct.h
[2.055s] -- Up-to-date symlink: /home/auro/Auro/install/assessment_interfaces/include/assessment_interfaces/assessment_interfaces/msg/detail/zone_list__type_support.h
[2.056s] -- Up-to-date symlink: /home/auro/Auro/install/assessment_interfaces/include/assessment_interfaces/assessment_interfaces/msg/item.h
[2.056s] -- Up-to-date symlink: /home/auro/Auro/install/assessment_interfaces/include/assessment_interfaces/assessment_interfaces/msg/item_holder.h
[2.056s] -- Up-to-date symlink: /home/auro/Auro/install/assessment_interfaces/include/assessment_interfaces/assessment_interfaces/msg/item_holders.h
[2.056s] -- Up-to-date symlink: /home/auro/Auro/install/assessment_interfaces/include/assessment_interfaces/assessment_interfaces/msg/item_list.h
[2.056s] -- Up-to-date symlink: /home/auro/Auro/install/assessment_interfaces/include/assessment_interfaces/assessment_interfaces/msg/item_log.h
[2.056s] -- Up-to-date symlink: /home/auro/Auro/install/assessment_interfaces/include/assessment_interfaces/assessment_interfaces/msg/robot.h
[2.056s] -- Up-to-date symlink: /home/auro/Auro/install/assessment_interfaces/include/assessment_interfaces/assessment_interfaces/msg/robot_list.h
[2.056s] -- Up-to-date symlink: /home/auro/Auro/install/assessment_interfaces/include/assessment_interfaces/assessment_interfaces/msg/rosidl_generator_c__visibility_control.h
[2.056s] -- Up-to-date symlink: /home/auro/Auro/install/assessment_interfaces/include/assessment_interfaces/assessment_interfaces/msg/zone.h
[2.057s] -- Up-to-date symlink: /home/auro/Auro/install/assessment_interfaces/include/assessment_interfaces/assessment_interfaces/msg/zone_list.h
[2.057s] -- Up-to-date symlink: /home/auro/Auro/install/assessment_interfaces/share/assessment_interfaces/environment/library_path.sh
[2.057s] -- Up-to-date symlink: /home/auro/Auro/install/assessment_interfaces/share/assessment_interfaces/environment/library_path.dsv
[2.057s] -- Up-to-date symlink: /home/auro/Auro/install/assessment_interfaces/include/assessment_interfaces/assessment_interfaces/msg/detail/item__rosidl_typesupport_fastrtps_c.h
[2.057s] -- Up-to-date symlink: /home/auro/Auro/install/assessment_interfaces/include/assessment_interfaces/assessment_interfaces/msg/detail/item_holder__rosidl_typesupport_fastrtps_c.h
[2.057s] -- Up-to-date symlink: /home/auro/Auro/install/assessment_interfaces/include/assessment_interfaces/assessment_interfaces/msg/detail/item_holders__rosidl_typesupport_fastrtps_c.h
[2.057s] -- Up-to-date symlink: /home/auro/Auro/install/assessment_interfaces/include/assessment_interfaces/assessment_interfaces/msg/detail/item_list__rosidl_typesupport_fastrtps_c.h
[2.057s] -- Up-to-date symlink: /home/auro/Auro/install/assessment_interfaces/include/assessment_interfaces/assessment_interfaces/msg/detail/item_log__rosidl_typesupport_fastrtps_c.h
[2.057s] -- Up-to-date symlink: /home/auro/Auro/install/assessment_interfaces/include/assessment_interfaces/assessment_interfaces/msg/detail/robot__rosidl_typesupport_fastrtps_c.h
[2.058s] -- Up-to-date symlink: /home/auro/Auro/install/assessment_interfaces/include/assessment_interfaces/assessment_interfaces/msg/detail/robot_list__rosidl_typesupport_fastrtps_c.h
[2.058s] -- Up-to-date symlink: /home/auro/Auro/install/assessment_interfaces/include/assessment_interfaces/assessment_interfaces/msg/detail/zone__rosidl_typesupport_fastrtps_c.h
[2.058s] -- Up-to-date symlink: /home/auro/Auro/install/assessment_interfaces/include/assessment_interfaces/assessment_interfaces/msg/detail/zone_list__rosidl_typesupport_fastrtps_c.h
[2.058s] -- Up-to-date symlink: /home/auro/Auro/install/assessment_interfaces/include/assessment_interfaces/assessment_interfaces/msg/rosidl_typesupport_fastrtps_c__visibility_control.h
[2.058s] -- Up-to-date symlink: /home/auro/Auro/install/assessment_interfaces/include/assessment_interfaces/assessment_interfaces/msg/detail/item__rosidl_typesupport_introspection_c.h
[2.058s] -- Up-to-date symlink: /home/auro/Auro/install/assessment_interfaces/include/assessment_interfaces/assessment_interfaces/msg/detail/item_holder__rosidl_typesupport_introspection_c.h
[2.058s] -- Up-to-date symlink: /home/auro/Auro/install/assessment_interfaces/include/assessment_interfaces/assessment_interfaces/msg/detail/item_holders__rosidl_typesupport_introspection_c.h
[2.066s] -- Up-to-date symlink: /home/auro/Auro/install/assessment_interfaces/include/assessment_interfaces/assessment_interfaces/msg/detail/item_list__rosidl_typesupport_introspection_c.h
[2.066s] -- Up-to-date symlink: /home/auro/Auro/install/assessment_interfaces/include/assessment_interfaces/assessment_interfaces/msg/detail/item_log__rosidl_typesupport_introspection_c.h
[2.066s] -- Up-to-date symlink: /home/auro/Auro/install/assessment_interfaces/include/assessment_interfaces/assessment_interfaces/msg/detail/robot__rosidl_typesupport_introspection_c.h
[2.066s] -- Up-to-date symlink: /home/auro/Auro/install/assessment_interfaces/include/assessment_interfaces/assessment_interfaces/msg/detail/robot_list__rosidl_typesupport_introspection_c.h
[2.066s] -- Up-to-date symlink: /home/auro/Auro/install/assessment_interfaces/include/assessment_interfaces/assessment_interfaces/msg/detail/zone__rosidl_typesupport_introspection_c.h
[2.067s] -- Up-to-date symlink: /home/auro/Auro/install/assessment_interfaces/include/assessment_interfaces/assessment_interfaces/msg/detail/zone_list__rosidl_typesupport_introspection_c.h
[2.067s] -- Up-to-date symlink: /home/auro/Auro/install/assessment_interfaces/include/assessment_interfaces/assessment_interfaces/msg/rosidl_typesupport_introspection_c__visibility_control.h
[2.067s] -- Up-to-date symlink: /home/auro/Auro/install/assessment_interfaces/include/assessment_interfaces/assessment_interfaces/msg/detail/item__builder.hpp
[2.067s] -- Up-to-date symlink: /home/auro/Auro/install/assessment_interfaces/include/assessment_interfaces/assessment_interfaces/msg/detail/item__struct.hpp
[2.067s] -- Up-to-date symlink: /home/auro/Auro/install/assessment_interfaces/include/assessment_interfaces/assessment_interfaces/msg/detail/item__traits.hpp
[2.067s] -- Up-to-date symlink: /home/auro/Auro/install/assessment_interfaces/include/assessment_interfaces/assessment_interfaces/msg/detail/item_holder__builder.hpp
[2.067s] -- Up-to-date symlink: /home/auro/Auro/install/assessment_interfaces/include/assessment_interfaces/assessment_interfaces/msg/detail/item_holder__struct.hpp
[2.067s] -- Up-to-date symlink: /home/auro/Auro/install/assessment_interfaces/include/assessment_interfaces/assessment_interfaces/msg/detail/item_holder__traits.hpp
[2.068s] -- Up-to-date symlink: /home/auro/Auro/install/assessment_interfaces/include/assessment_interfaces/assessment_interfaces/msg/detail/item_holders__builder.hpp
[2.068s] -- Up-to-date symlink: /home/auro/Auro/install/assessment_interfaces/include/assessment_interfaces/assessment_interfaces/msg/detail/item_holders__struct.hpp
[2.068s] -- Up-to-date symlink: /home/auro/Auro/install/assessment_interfaces/include/assessment_interfaces/assessment_interfaces/msg/detail/item_holders__traits.hpp
[2.068s] -- Up-to-date symlink: /home/auro/Auro/install/assessment_interfaces/include/assessment_interfaces/assessment_interfaces/msg/detail/item_list__builder.hpp
[2.068s] -- Up-to-date symlink: /home/auro/Auro/install/assessment_interfaces/include/assessment_interfaces/assessment_interfaces/msg/detail/item_list__struct.hpp
[2.068s] -- Up-to-date symlink: /home/auro/Auro/install/assessment_interfaces/include/assessment_interfaces/assessment_interfaces/msg/detail/item_list__traits.hpp
[2.068s] -- Up-to-date symlink: /home/auro/Auro/install/assessment_interfaces/include/assessment_interfaces/assessment_interfaces/msg/detail/item_log__builder.hpp
[2.068s] -- Up-to-date symlink: /home/auro/Auro/install/assessment_interfaces/include/assessment_interfaces/assessment_interfaces/msg/detail/item_log__struct.hpp
[2.068s] -- Up-to-date symlink: /home/auro/Auro/install/assessment_interfaces/include/assessment_interfaces/assessment_interfaces/msg/detail/item_log__traits.hpp
[2.068s] -- Up-to-date symlink: /home/auro/Auro/install/assessment_interfaces/include/assessment_interfaces/assessment_interfaces/msg/detail/robot__builder.hpp
[2.068s] -- Up-to-date symlink: /home/auro/Auro/install/assessment_interfaces/include/assessment_interfaces/assessment_interfaces/msg/detail/robot__struct.hpp
[2.068s] -- Up-to-date symlink: /home/auro/Auro/install/assessment_interfaces/include/assessment_interfaces/assessment_interfaces/msg/detail/robot__traits.hpp
[2.069s] -- Up-to-date symlink: /home/auro/Auro/install/assessment_interfaces/include/assessment_interfaces/assessment_interfaces/msg/detail/robot_list__builder.hpp
[2.069s] -- Up-to-date symlink: /home/auro/Auro/install/assessment_interfaces/include/assessment_interfaces/assessment_interfaces/msg/detail/robot_list__struct.hpp
[2.069s] -- Up-to-date symlink: /home/auro/Auro/install/assessment_interfaces/include/assessment_interfaces/assessment_interfaces/msg/detail/robot_list__traits.hpp
[2.069s] -- Up-to-date symlink: /home/auro/Auro/install/assessment_interfaces/include/assessment_interfaces/assessment_interfaces/msg/detail/zone__builder.hpp
[2.069s] -- Up-to-date symlink: /home/auro/Auro/install/assessment_interfaces/include/assessment_interfaces/assessment_interfaces/msg/detail/zone__struct.hpp
[2.069s] -- Up-to-date symlink: /home/auro/Auro/install/assessment_interfaces/include/assessment_interfaces/assessment_interfaces/msg/detail/zone__traits.hpp
[2.079s] -- Up-to-date symlink: /home/auro/Auro/install/assessment_interfaces/include/assessment_interfaces/assessment_interfaces/msg/detail/zone_list__builder.hpp
[2.079s] -- Up-to-date symlink: /home/auro/Auro/install/assessment_interfaces/include/assessment_interfaces/assessment_interfaces/msg/detail/zone_list__struct.hpp
[2.079s] -- Up-to-date symlink: /home/auro/Auro/install/assessment_interfaces/include/assessment_interfaces/assessment_interfaces/msg/detail/zone_list__traits.hpp
[2.080s] -- Up-to-date symlink: /home/auro/Auro/install/assessment_interfaces/include/assessment_interfaces/assessment_interfaces/msg/item.hpp
[2.080s] -- Up-to-date symlink: /home/auro/Auro/install/assessment_interfaces/include/assessment_interfaces/assessment_interfaces/msg/item_holder.hpp
[2.080s] -- Up-to-date symlink: /home/auro/Auro/install/assessment_interfaces/include/assessment_interfaces/assessment_interfaces/msg/item_holders.hpp
[2.080s] -- Up-to-date symlink: /home/auro/Auro/install/assessment_interfaces/include/assessment_interfaces/assessment_interfaces/msg/item_list.hpp
[2.080s] -- Up-to-date symlink: /home/auro/Auro/install/assessment_interfaces/include/assessment_interfaces/assessment_interfaces/msg/item_log.hpp
[2.081s] -- Up-to-date symlink: /home/auro/Auro/install/assessment_interfaces/include/assessment_interfaces/assessment_interfaces/msg/robot.hpp
[2.081s] -- Up-to-date symlink: /home/auro/Auro/install/assessment_interfaces/include/assessment_interfaces/assessment_interfaces/msg/robot_list.hpp
[2.082s] -- Up-to-date symlink: /home/auro/Auro/install/assessment_interfaces/include/assessment_interfaces/assessment_interfaces/msg/zone.hpp
[2.082s] -- Up-to-date symlink: /home/auro/Auro/install/assessment_interfaces/include/assessment_interfaces/assessment_interfaces/msg/zone_list.hpp
[2.083s] -- Up-to-date symlink: /home/auro/Auro/install/assessment_interfaces/include/assessment_interfaces/assessment_interfaces/msg/detail/item__rosidl_typesupport_fastrtps_cpp.hpp
[2.083s] -- Up-to-date symlink: /home/auro/Auro/install/assessment_interfaces/include/assessment_interfaces/assessment_interfaces/msg/detail/item_holder__rosidl_typesupport_fastrtps_cpp.hpp
[2.083s] -- Up-to-date symlink: /home/auro/Auro/install/assessment_interfaces/include/assessment_interfaces/assessment_interfaces/msg/detail/item_holders__rosidl_typesupport_fastrtps_cpp.hpp
[2.084s] -- Up-to-date symlink: /home/auro/Auro/install/assessment_interfaces/include/assessment_interfaces/assessment_interfaces/msg/detail/item_list__rosidl_typesupport_fastrtps_cpp.hpp
[2.084s] -- Up-to-date symlink: /home/auro/Auro/install/assessment_interfaces/include/assessment_interfaces/assessment_interfaces/msg/detail/item_log__rosidl_typesupport_fastrtps_cpp.hpp
[2.084s] -- Up-to-date symlink: /home/auro/Auro/install/assessment_interfaces/include/assessment_interfaces/assessment_interfaces/msg/detail/robot__rosidl_typesupport_fastrtps_cpp.hpp
[2.084s] -- Up-to-date symlink: /home/auro/Auro/install/assessment_interfaces/include/assessment_interfaces/assessment_interfaces/msg/detail/robot_list__rosidl_typesupport_fastrtps_cpp.hpp
[2.084s] -- Up-to-date symlink: /home/auro/Auro/install/assessment_interfaces/include/assessment_interfaces/assessment_interfaces/msg/detail/zone__rosidl_typesupport_fastrtps_cpp.hpp
[2.084s] -- Up-to-date symlink: /home/auro/Auro/install/assessment_interfaces/include/assessment_interfaces/assessment_interfaces/msg/detail/zone_list__rosidl_typesupport_fastrtps_cpp.hpp
[2.084s] -- Up-to-date symlink: /home/auro/Auro/install/assessment_interfaces/include/assessment_interfaces/assessment_interfaces/msg/rosidl_typesupport_fastrtps_cpp__visibility_control.h
[2.084s] -- Up-to-date symlink: /home/auro/Auro/install/assessment_interfaces/include/assessment_interfaces/assessment_interfaces/msg/detail/item__rosidl_typesupport_introspection_cpp.hpp
[2.084s] -- Up-to-date symlink: /home/auro/Auro/install/assessment_interfaces/include/assessment_interfaces/assessment_interfaces/msg/detail/item_holder__rosidl_typesupport_introspection_cpp.hpp
[2.084s] -- Up-to-date symlink: /home/auro/Auro/install/assessment_interfaces/include/assessment_interfaces/assessment_interfaces/msg/detail/item_holders__rosidl_typesupport_introspection_cpp.hpp
[2.085s] -- Up-to-date symlink: /home/auro/Auro/install/assessment_interfaces/include/assessment_interfaces/assessment_interfaces/msg/detail/item_list__rosidl_typesupport_introspection_cpp.hpp
[2.085s] -- Up-to-date symlink: /home/auro/Auro/install/assessment_interfaces/include/assessment_interfaces/assessment_interfaces/msg/detail/item_log__rosidl_typesupport_introspection_cpp.hpp
[2.085s] -- Up-to-date symlink: /home/auro/Auro/install/assessment_interfaces/include/assessment_interfaces/assessment_interfaces/msg/detail/robot__rosidl_typesupport_introspection_cpp.hpp
[2.087s] -- Up-to-date symlink: /home/auro/Auro/install/assessment_interfaces/include/assessment_interfaces/assessment_interfaces/msg/detail/robot_list__rosidl_typesupport_introspection_cpp.hpp
[2.088s] -- Up-to-date symlink: /home/auro/Auro/install/assessment_interfaces/include/assessment_interfaces/assessment_interfaces/msg/detail/zone__rosidl_typesupport_introspection_cpp.hpp
[2.088s] -- Up-to-date symlink: /home/auro/Auro/install/assessment_interfaces/include/assessment_interfaces/assessment_interfaces/msg/detail/zone_list__rosidl_typesupport_introspection_cpp.hpp
[2.088s] -- Up-to-date symlink: /home/auro/Auro/install/assessment_interfaces/share/assessment_interfaces/environment/pythonpath.sh
[2.089s] -- Up-to-date symlink: /home/auro/Auro/install/assessment_interfaces/share/assessment_interfaces/environment/pythonpath.dsv
[2.090s] -- Up-to-date symlink: /home/auro/Auro/install/assessment_interfaces/local/lib/python3.10/dist-packages/assessment_interfaces-0.0.0-py3.10.egg-info/PKG-INFO
[2.090s] -- Up-to-date symlink: /home/auro/Auro/install/assessment_interfaces/local/lib/python3.10/dist-packages/assessment_interfaces-0.0.0-py3.10.egg-info/SOURCES.txt
[2.091s] -- Up-to-date symlink: /home/auro/Auro/install/assessment_interfaces/local/lib/python3.10/dist-packages/assessment_interfaces-0.0.0-py3.10.egg-info/dependency_links.txt
[2.091s] -- Up-to-date symlink: /home/auro/Auro/install/assessment_interfaces/local/lib/python3.10/dist-packages/assessment_interfaces-0.0.0-py3.10.egg-info/top_level.txt
[2.092s] -- Up-to-date symlink: /home/auro/Auro/install/assessment_interfaces/local/lib/python3.10/dist-packages/assessment_interfaces/__init__.py
[2.092s] -- Up-to-date symlink: /home/auro/Auro/install/assessment_interfaces/local/lib/python3.10/dist-packages/assessment_interfaces/_assessment_interfaces_s.ep.rosidl_typesupport_c.c
[2.092s] -- Up-to-date symlink: /home/auro/Auro/install/assessment_interfaces/local/lib/python3.10/dist-packages/assessment_interfaces/_assessment_interfaces_s.ep.rosidl_typesupport_fastrtps_c.c
[2.093s] -- Up-to-date symlink: /home/auro/Auro/install/assessment_interfaces/local/lib/python3.10/dist-packages/assessment_interfaces/_assessment_interfaces_s.ep.rosidl_typesupport_introspection_c.c
[2.093s] -- Up-to-date symlink: /home/auro/Auro/install/assessment_interfaces/local/lib/python3.10/dist-packages/assessment_interfaces/assessment_interfaces_s__rosidl_typesupport_c.cpython-310-x86_64-linux-gnu.so
[2.094s] -- Up-to-date symlink: /home/auro/Auro/install/assessment_interfaces/local/lib/python3.10/dist-packages/assessment_interfaces/assessment_interfaces_s__rosidl_typesupport_fastrtps_c.cpython-310-x86_64-linux-gnu.so
[2.094s] -- Up-to-date symlink: /home/auro/Auro/install/assessment_interfaces/local/lib/python3.10/dist-packages/assessment_interfaces/assessment_interfaces_s__rosidl_typesupport_introspection_c.cpython-310-x86_64-linux-gnu.so
[2.094s] -- Up-to-date symlink: /home/auro/Auro/install/assessment_interfaces/local/lib/python3.10/dist-packages/assessment_interfaces/libassessment_interfaces__rosidl_generator_py.so
[2.094s] -- Up-to-date symlink: /home/auro/Auro/install/assessment_interfaces/local/lib/python3.10/dist-packages/assessment_interfaces/msg/__init__.py
[2.095s] -- Up-to-date symlink: /home/auro/Auro/install/assessment_interfaces/local/lib/python3.10/dist-packages/assessment_interfaces/msg/_item.py
[2.095s] -- Up-to-date symlink: /home/auro/Auro/install/assessment_interfaces/local/lib/python3.10/dist-packages/assessment_interfaces/msg/_item_holder.py
[2.095s] -- Up-to-date symlink: /home/auro/Auro/install/assessment_interfaces/local/lib/python3.10/dist-packages/assessment_interfaces/msg/_item_holder_s.c
[2.096s] -- Up-to-date symlink: /home/auro/Auro/install/assessment_interfaces/local/lib/python3.10/dist-packages/assessment_interfaces/msg/_item_holders.py
[2.096s] -- Up-to-date symlink: /home/auro/Auro/install/assessment_interfaces/local/lib/python3.10/dist-packages/assessment_interfaces/msg/_item_holders_s.c
[2.097s] -- Up-to-date symlink: /home/auro/Auro/install/assessment_interfaces/local/lib/python3.10/dist-packages/assessment_interfaces/msg/_item_list.py
[2.097s] -- Up-to-date symlink: /home/auro/Auro/install/assessment_interfaces/local/lib/python3.10/dist-packages/assessment_interfaces/msg/_item_list_s.c
[2.097s] -- Up-to-date symlink: /home/auro/Auro/install/assessment_interfaces/local/lib/python3.10/dist-packages/assessment_interfaces/msg/_item_log.py
[2.098s] -- Up-to-date symlink: /home/auro/Auro/install/assessment_interfaces/local/lib/python3.10/dist-packages/assessment_interfaces/msg/_item_log_s.c
[2.098s] -- Up-to-date symlink: /home/auro/Auro/install/assessment_interfaces/local/lib/python3.10/dist-packages/assessment_interfaces/msg/_item_s.c
[2.099s] -- Up-to-date symlink: /home/auro/Auro/install/assessment_interfaces/local/lib/python3.10/dist-packages/assessment_interfaces/msg/_robot.py
[2.099s] -- Up-to-date symlink: /home/auro/Auro/install/assessment_interfaces/local/lib/python3.10/dist-packages/assessment_interfaces/msg/_robot_list.py
[2.099s] -- Up-to-date symlink: /home/auro/Auro/install/assessment_interfaces/local/lib/python3.10/dist-packages/assessment_interfaces/msg/_robot_list_s.c
[2.099s] -- Up-to-date symlink: /home/auro/Auro/install/assessment_interfaces/local/lib/python3.10/dist-packages/assessment_interfaces/msg/_robot_s.c
[2.099s] -- Up-to-date symlink: /home/auro/Auro/install/assessment_interfaces/local/lib/python3.10/dist-packages/assessment_interfaces/msg/_zone.py
[2.099s] -- Up-to-date symlink: /home/auro/Auro/install/assessment_interfaces/local/lib/python3.10/dist-packages/assessment_interfaces/msg/_zone_list.py
[2.100s] -- Up-to-date symlink: /home/auro/Auro/install/assessment_interfaces/local/lib/python3.10/dist-packages/assessment_interfaces/msg/_zone_list_s.c
[2.102s] -- Up-to-date symlink: /home/auro/Auro/install/assessment_interfaces/local/lib/python3.10/dist-packages/assessment_interfaces/msg/_zone_s.c
[2.102s] -- Up-to-date symlink: /home/auro/Auro/install/assessment_interfaces/local/lib/python3.10/dist-packages/assessment_interfaces/assessment_interfaces_s__rosidl_typesupport_fastrtps_c.cpython-310-x86_64-linux-gnu.so
[2.102s] -- Up-to-date symlink: /home/auro/Auro/install/assessment_interfaces/local/lib/python3.10/dist-packages/assessment_interfaces/assessment_interfaces_s__rosidl_typesupport_introspection_c.cpython-310-x86_64-linux-gnu.so
[2.102s] -- Up-to-date symlink: /home/auro/Auro/install/assessment_interfaces/local/lib/python3.10/dist-packages/assessment_interfaces/assessment_interfaces_s__rosidl_typesupport_c.cpython-310-x86_64-linux-gnu.so
[2.102s] -- Up-to-date symlink: /home/auro/Auro/install/assessment_interfaces/share/assessment_interfaces/msg/ItemLog.idl
[2.102s] -- Up-to-date symlink: /home/auro/Auro/install/assessment_interfaces/share/assessment_interfaces/msg/ItemHolder.idl
[2.104s] -- Up-to-date symlink: /home/auro/Auro/install/assessment_interfaces/share/assessment_interfaces/msg/ItemHolders.idl
[2.104s] -- Up-to-date symlink: /home/auro/Auro/install/assessment_interfaces/share/assessment_interfaces/msg/Item.idl
[2.104s] -- Up-to-date symlink: /home/auro/Auro/install/assessment_interfaces/share/assessment_interfaces/msg/ItemList.idl
[2.104s] -- Up-to-date symlink: /home/auro/Auro/install/assessment_interfaces/share/assessment_interfaces/msg/Zone.idl
[2.104s] -- Up-to-date symlink: /home/auro/Auro/install/assessment_interfaces/share/assessment_interfaces/msg/ZoneList.idl
[2.104s] -- Up-to-date symlink: /home/auro/Auro/install/assessment_interfaces/share/assessment_interfaces/msg/Robot.idl
[2.105s] -- Up-to-date symlink: /home/auro/Auro/install/assessment_interfaces/share/assessment_interfaces/msg/RobotList.idl
[2.105s] -- Up-to-date symlink: /home/auro/Auro/install/assessment_interfaces/share/assessment_interfaces/msg/ItemLog.msg
[2.105s] -- Up-to-date symlink: /home/auro/Auro/install/assessment_interfaces/share/assessment_interfaces/msg/ItemHolder.msg
[2.105s] -- Up-to-date symlink: /home/auro/Auro/install/assessment_interfaces/share/assessment_interfaces/msg/ItemHolders.msg
[2.105s] -- Up-to-date symlink: /home/auro/Auro/install/assessment_interfaces/share/assessment_interfaces/msg/Item.msg
[2.105s] -- Up-to-date symlink: /home/auro/Auro/install/assessment_interfaces/share/assessment_interfaces/msg/ItemList.msg
[2.105s] -- Up-to-date symlink: /home/auro/Auro/install/assessment_interfaces/share/assessment_interfaces/msg/Zone.msg
[2.105s] -- Up-to-date symlink: /home/auro/Auro/install/assessment_interfaces/share/assessment_interfaces/msg/ZoneList.msg
[2.106s] -- Up-to-date symlink: /home/auro/Auro/install/assessment_interfaces/share/assessment_interfaces/msg/Robot.msg
[2.106s] -- Up-to-date symlink: /home/auro/Auro/install/assessment_interfaces/share/assessment_interfaces/msg/RobotList.msg
[2.106s] -- Up-to-date symlink: /home/auro/Auro/install/assessment_interfaces/share/ament_index/resource_index/package_run_dependencies/assessment_interfaces
[2.106s] -- Up-to-date symlink: /home/auro/Auro/install/assessment_interfaces/share/ament_index/resource_index/parent_prefix_path/assessment_interfaces
[2.106s] -- Up-to-date symlink: /home/auro/Auro/install/assessment_interfaces/share/assessment_interfaces/environment/ament_prefix_path.sh
[2.106s] -- Up-to-date symlink: /home/auro/Auro/install/assessment_interfaces/share/assessment_interfaces/environment/ament_prefix_path.dsv
[2.106s] -- Up-to-date symlink: /home/auro/Auro/install/assessment_interfaces/share/assessment_interfaces/environment/path.sh
[2.106s] -- Up-to-date symlink: /home/auro/Auro/install/assessment_interfaces/share/assessment_interfaces/environment/path.dsv
[2.106s] -- Up-to-date symlink: /home/auro/Auro/install/assessment_interfaces/share/assessment_interfaces/local_setup.bash
[2.107s] -- Up-to-date symlink: /home/auro/Auro/install/assessment_interfaces/share/assessment_interfaces/local_setup.sh
[2.107s] -- Up-to-date symlink: /home/auro/Auro/install/assessment_interfaces/share/assessment_interfaces/local_setup.zsh
[2.107s] -- Up-to-date symlink: /home/auro/Auro/install/assessment_interfaces/share/assessment_interfaces/local_setup.dsv
[2.107s] -- Symlinking: /home/auro/Auro/install/assessment_interfaces/share/assessment_interfaces/package.dsv
[2.114s] -- Up-to-date symlink: /home/auro/Auro/install/assessment_interfaces/share/ament_index/resource_index/packages/assessment_interfaces
[2.114s] -- Up-to-date symlink: /home/auro/Auro/install/assessment_interfaces/share/assessment_interfaces/cmake/rosidl_cmake-extras.cmake
[2.114s] -- Up-to-date symlink: /home/auro/Auro/install/assessment_interfaces/share/assessment_interfaces/cmake/ament_cmake_export_include_directories-extras.cmake
[2.114s] -- Up-to-date symlink: /home/auro/Auro/install/assessment_interfaces/share/assessment_interfaces/cmake/ament_cmake_export_libraries-extras.cmake
[2.115s] -- Up-to-date symlink: /home/auro/Auro/install/assessment_interfaces/share/assessment_interfaces/cmake/ament_cmake_export_targets-extras.cmake
[2.115s] -- Up-to-date symlink: /home/auro/Auro/install/assessment_interfaces/share/assessment_interfaces/cmake/rosidl_cmake_export_typesupport_targets-extras.cmake
[2.115s] -- Up-to-date symlink: /home/auro/Auro/install/assessment_interfaces/share/assessment_interfaces/cmake/ament_cmake_export_dependencies-extras.cmake
[2.115s] -- Up-to-date symlink: /home/auro/Auro/install/assessment_interfaces/share/assessment_interfaces/cmake/rosidl_cmake_export_typesupport_libraries-extras.cmake
[2.116s] -- Up-to-date symlink: /home/auro/Auro/install/assessment_interfaces/share/assessment_interfaces/cmake/assessment_interfacesConfig.cmake
[2.116s] -- Up-to-date symlink: /home/auro/Auro/install/assessment_interfaces/share/assessment_interfaces/cmake/assessment_interfacesConfig-version.cmake
[2.116s] -- Up-to-date symlink: /home/auro/Auro/install/assessment_interfaces/share/assessment_interfaces/package.xml
[2.116s] -- Up-to-date: /home/auro/Auro/install/assessment_interfaces/lib/libassessment_interfaces__rosidl_generator_c.so
[2.117s] -- Up-to-date: /home/auro/Auro/install/assessment_interfaces/lib/libassessment_interfaces__rosidl_typesupport_fastrtps_c.so
[2.117s] -- Up-to-date: /home/auro/Auro/install/assessment_interfaces/lib/libassessment_interfaces__rosidl_typesupport_introspection_c.so
[2.118s] -- Up-to-date: /home/auro/Auro/install/assessment_interfaces/lib/libassessment_interfaces__rosidl_typesupport_c.so
[2.118s] -- Up-to-date: /home/auro/Auro/install/assessment_interfaces/lib/libassessment_interfaces__rosidl_typesupport_fastrtps_cpp.so
[2.119s] -- Up-to-date: /home/auro/Auro/install/assessment_interfaces/lib/libassessment_interfaces__rosidl_typesupport_introspection_cpp.so
[2.124s] -- Up-to-date: /home/auro/Auro/install/assessment_interfaces/lib/libassessment_interfaces__rosidl_typesupport_cpp.so
[2.196s] Listing '/home/auro/Auro/install/assessment_interfaces/local/lib/python3.10/dist-packages/assessment_interfaces'...
[2.196s] Listing '/home/auro/Auro/install/assessment_interfaces/local/lib/python3.10/dist-packages/assessment_interfaces/msg'...
[2.201s] -- Up-to-date: /home/auro/Auro/install/assessment_interfaces/lib/libassessment_interfaces__rosidl_generator_py.so
[2.201s] -- Up-to-date: /home/auro/Auro/install/assessment_interfaces/share/assessment_interfaces/cmake/export_assessment_interfaces__rosidl_generator_cExport.cmake
[2.201s] -- Up-to-date: /home/auro/Auro/install/assessment_interfaces/share/assessment_interfaces/cmake/export_assessment_interfaces__rosidl_generator_cExport-noconfig.cmake
[2.201s] -- Up-to-date: /home/auro/Auro/install/assessment_interfaces/share/assessment_interfaces/cmake/export_assessment_interfaces__rosidl_typesupport_fastrtps_cExport.cmake
[2.201s] -- Up-to-date: /home/auro/Auro/install/assessment_interfaces/share/assessment_interfaces/cmake/export_assessment_interfaces__rosidl_typesupport_fastrtps_cExport-noconfig.cmake
[2.201s] -- Up-to-date: /home/auro/Auro/install/assessment_interfaces/share/assessment_interfaces/cmake/assessment_interfaces__rosidl_typesupport_introspection_cExport.cmake
[2.201s] -- Up-to-date: /home/auro/Auro/install/assessment_interfaces/share/assessment_interfaces/cmake/assessment_interfaces__rosidl_typesupport_introspection_cExport-noconfig.cmake
[2.201s] -- Up-to-date: /home/auro/Auro/install/assessment_interfaces/share/assessment_interfaces/cmake/assessment_interfaces__rosidl_typesupport_cExport.cmake
[2.201s] -- Up-to-date: /home/auro/Auro/install/assessment_interfaces/share/assessment_interfaces/cmake/assessment_interfaces__rosidl_typesupport_cExport-noconfig.cmake
[2.202s] -- Up-to-date: /home/auro/Auro/install/assessment_interfaces/share/assessment_interfaces/cmake/export_assessment_interfaces__rosidl_generator_cppExport.cmake
[2.202s] -- Up-to-date: /home/auro/Auro/install/assessment_interfaces/share/assessment_interfaces/cmake/export_assessment_interfaces__rosidl_typesupport_fastrtps_cppExport.cmake
[2.202s] -- Up-to-date: /home/auro/Auro/install/assessment_interfaces/share/assessment_interfaces/cmake/export_assessment_interfaces__rosidl_typesupport_fastrtps_cppExport-noconfig.cmake
[2.202s] -- Up-to-date: /home/auro/Auro/install/assessment_interfaces/share/assessment_interfaces/cmake/assessment_interfaces__rosidl_typesupport_introspection_cppExport.cmake
[2.202s] -- Up-to-date: /home/auro/Auro/install/assessment_interfaces/share/assessment_interfaces/cmake/assessment_interfaces__rosidl_typesupport_introspection_cppExport-noconfig.cmake
[2.202s] -- Up-to-date: /home/auro/Auro/install/assessment_interfaces/share/assessment_interfaces/cmake/assessment_interfaces__rosidl_typesupport_cppExport.cmake
[2.202s] -- Up-to-date: /home/auro/Auro/install/assessment_interfaces/share/assessment_interfaces/cmake/assessment_interfaces__rosidl_typesupport_cppExport-noconfig.cmake
[2.202s] -- Up-to-date: /home/auro/Auro/install/assessment_interfaces/share/assessment_interfaces/cmake/export_assessment_interfaces__rosidl_generator_pyExport.cmake
[2.202s] -- Up-to-date: /home/auro/Auro/install/assessment_interfaces/share/assessment_interfaces/cmake/export_assessment_interfaces__rosidl_generator_pyExport-noconfig.cmake
[2.205s] Invoked command in '/home/auro/Auro/build/assessment_interfaces' returned '0': CMAKE_PREFIX_PATH=${CMAKE_PREFIX_PATH}:/home/auro/Auro/install/tf_relay:/home/auro/Auro/install/solution:/home/auro/Auro/install/assessment:/home/auro/turtlebot3_ws/install/turtlebot3_teleop:/home/auro/turtlebot3_ws/install/turtlebot3_example:/opt/ros/humble /usr/bin/cmake --install /home/auro/Auro/build/assessment_interfaces
