[0.175s] DEBUG:colcon:Command line arguments: ['/usr/bin/colcon', 'build', '--symlink-install']
[0.175s] DEBUG:colcon:Parsed command line arguments: Namespace(log_base=None, log_level=None, verb_name='build', build_base='build', install_base='install', merge_install=False, symlink_install=True, test_result_base=None, continue_on_error=False, executor='parallel', parallel_workers=4, event_handlers=None, ignore_user_meta=False, metas=['./colcon.meta'], base_paths=['.'], packages_ignore=None, packages_ignore_regex=None, paths=None, packages_up_to=None, packages_up_to_regex=None, packages_above=None, packages_above_and_dependencies=None, packages_above_depth=None, packages_select_by_dep=None, packages_skip_by_dep=None, packages_skip_up_to=None, packages_select_build_failed=False, packages_skip_build_finished=False, packages_select_test_failures=False, packages_skip_test_passed=False, packages_select=None, packages_skip=None, packages_select_regex=None, packages_skip_regex=None, packages_start=None, packages_end=None, allow_overriding=[], cmake_args=None, cmake_target=None, cmake_target_skip_unavailable=False, cmake_clean_cache=False, cmake_clean_first=False, cmake_force_configure=False, ament_cmake_args=None, catkin_cmake_args=None, catkin_skip_building_tests=False, mixin_files=None, mixin=None, verb_parser=<colcon_mixin.mixin.mixin_argument.MixinArgumentDecorator object at 0x78ef19c980d0>, verb_extension=<colcon_core.verb.build.BuildVerb object at 0x78ef19df6b30>, main=<bound method BuildVerb.main of <colcon_core.verb.build.BuildVerb object at 0x78ef19df6b30>>, mixin_verb=('build',))
[0.398s] Level 1:colcon.colcon_core.package_discovery:discover_packages(colcon_meta) check parameters
[0.398s] Level 1:colcon.colcon_core.package_discovery:discover_packages(recursive) check parameters
[0.398s] Level 1:colcon.colcon_core.package_discovery:discover_packages(ignore) check parameters
[0.398s] Level 1:colcon.colcon_core.package_discovery:discover_packages(path) check parameters
[0.398s] Level 1:colcon.colcon_core.package_discovery:discover_packages(colcon_meta) discover
[0.399s] Level 1:colcon.colcon_core.package_discovery:discover_packages(recursive) discover
[0.399s] INFO:colcon.colcon_core.package_discovery:Crawling recursively for packages in '/home/auro/Auro3.0'
[0.399s] Level 1:colcon.colcon_core.package_identification:_identify(.) by extensions ['ignore', 'ignore_ament_install']
[0.399s] Level 1:colcon.colcon_core.package_identification:_identify(.) by extension 'ignore'
[0.399s] Level 1:colcon.colcon_core.package_identification:_identify(.) by extension 'ignore_ament_install'
[0.399s] Level 1:colcon.colcon_core.package_identification:_identify(.) by extensions ['colcon_pkg']
[0.399s] Level 1:colcon.colcon_core.package_identification:_identify(.) by extension 'colcon_pkg'
[0.399s] Level 1:colcon.colcon_core.package_identification:_identify(.) by extensions ['colcon_meta']
[0.399s] Level 1:colcon.colcon_core.package_identification:_identify(.) by extension 'colcon_meta'
[0.399s] Level 1:colcon.colcon_core.package_identification:_identify(.) by extensions ['ros']
[0.399s] Level 1:colcon.colcon_core.package_identification:_identify(.) by extension 'ros'
[0.430s] Level 1:colcon.colcon_core.package_identification:_identify(.) by extensions ['cmake', 'python']
[0.431s] Level 1:colcon.colcon_core.package_identification:_identify(.) by extension 'cmake'
[0.431s] Level 1:colcon.colcon_core.package_identification:_identify(.) by extension 'python'
[0.431s] Level 1:colcon.colcon_core.package_identification:_identify(.) by extensions ['python_setup_py']
[0.431s] Level 1:colcon.colcon_core.package_identification:_identify(.) by extension 'python_setup_py'
[0.431s] Level 1:colcon.colcon_core.package_identification:_identify(assessment) by extensions ['ignore', 'ignore_ament_install']
[0.431s] Level 1:colcon.colcon_core.package_identification:_identify(assessment) by extension 'ignore'
[0.431s] Level 1:colcon.colcon_core.package_identification:_identify(assessment) by extension 'ignore_ament_install'
[0.431s] Level 1:colcon.colcon_core.package_identification:_identify(assessment) by extensions ['colcon_pkg']
[0.431s] Level 1:colcon.colcon_core.package_identification:_identify(assessment) by extension 'colcon_pkg'
[0.431s] Level 1:colcon.colcon_core.package_identification:_identify(assessment) by extensions ['colcon_meta']
[0.431s] Level 1:colcon.colcon_core.package_identification:_identify(assessment) by extension 'colcon_meta'
[0.431s] Level 1:colcon.colcon_core.package_identification:_identify(assessment) by extensions ['ros']
[0.431s] Level 1:colcon.colcon_core.package_identification:_identify(assessment) by extension 'ros'
[0.435s] DEBUG:colcon.colcon_core.package_identification:Package 'assessment' with type 'ros.ament_python' and name 'assessment'
[0.435s] Level 1:colcon.colcon_core.package_identification:_identify(assessment_interfaces) by extensions ['ignore', 'ignore_ament_install']
[0.435s] Level 1:colcon.colcon_core.package_identification:_identify(assessment_interfaces) by extension 'ignore'
[0.436s] Level 1:colcon.colcon_core.package_identification:_identify(assessment_interfaces) by extension 'ignore_ament_install'
[0.436s] Level 1:colcon.colcon_core.package_identification:_identify(assessment_interfaces) by extensions ['colcon_pkg']
[0.436s] Level 1:colcon.colcon_core.package_identification:_identify(assessment_interfaces) by extension 'colcon_pkg'
[0.436s] Level 1:colcon.colcon_core.package_identification:_identify(assessment_interfaces) by extensions ['colcon_meta']
[0.436s] Level 1:colcon.colcon_core.package_identification:_identify(assessment_interfaces) by extension 'colcon_meta'
[0.436s] Level 1:colcon.colcon_core.package_identification:_identify(assessment_interfaces) by extensions ['ros']
[0.436s] Level 1:colcon.colcon_core.package_identification:_identify(assessment_interfaces) by extension 'ros'
[0.437s] DEBUG:colcon.colcon_core.package_identification:Package 'assessment_interfaces' with type 'ros.ament_cmake' and name 'assessment_interfaces'
[0.437s] Level 1:colcon.colcon_core.package_identification:_identify(auro_interfaces) by extensions ['ignore', 'ignore_ament_install']
[0.437s] Level 1:colcon.colcon_core.package_identification:_identify(auro_interfaces) by extension 'ignore'
[0.437s] Level 1:colcon.colcon_core.package_identification:_identify(auro_interfaces) by extension 'ignore_ament_install'
[0.437s] Level 1:colcon.colcon_core.package_identification:_identify(auro_interfaces) by extensions ['colcon_pkg']
[0.437s] Level 1:colcon.colcon_core.package_identification:_identify(auro_interfaces) by extension 'colcon_pkg'
[0.437s] Level 1:colcon.colcon_core.package_identification:_identify(auro_interfaces) by extensions ['colcon_meta']
[0.437s] Level 1:colcon.colcon_core.package_identification:_identify(auro_interfaces) by extension 'colcon_meta'
[0.437s] Level 1:colcon.colcon_core.package_identification:_identify(auro_interfaces) by extensions ['ros']
[0.437s] Level 1:colcon.colcon_core.package_identification:_identify(auro_interfaces) by extension 'ros'
[0.438s] DEBUG:colcon.colcon_core.package_identification:Package 'auro_interfaces' with type 'ros.ament_cmake' and name 'auro_interfaces'
[0.438s] Level 1:colcon.colcon_core.package_identification:_identify(build) by extensions ['ignore', 'ignore_ament_install']
[0.438s] Level 1:colcon.colcon_core.package_identification:_identify(build) by extension 'ignore'
[0.438s] Level 1:colcon.colcon_core.package_identification:_identify(build) ignored
[0.438s] Level 1:colcon.colcon_core.package_identification:_identify(install) by extensions ['ignore', 'ignore_ament_install']
[0.438s] Level 1:colcon.colcon_core.package_identification:_identify(install) by extension 'ignore'
[0.438s] Level 1:colcon.colcon_core.package_identification:_identify(install) ignored
[0.439s] Level 1:colcon.colcon_core.package_identification:_identify(log) by extensions ['ignore', 'ignore_ament_install']
[0.439s] Level 1:colcon.colcon_core.package_identification:_identify(log) by extension 'ignore'
[0.439s] Level 1:colcon.colcon_core.package_identification:_identify(log) ignored
[0.439s] Level 1:colcon.colcon_core.package_identification:_identify(solution) by extensions ['ignore', 'ignore_ament_install']
[0.439s] Level 1:colcon.colcon_core.package_identification:_identify(solution) by extension 'ignore'
[0.439s] Level 1:colcon.colcon_core.package_identification:_identify(solution) by extension 'ignore_ament_install'
[0.439s] Level 1:colcon.colcon_core.package_identification:_identify(solution) by extensions ['colcon_pkg']
[0.439s] Level 1:colcon.colcon_core.package_identification:_identify(solution) by extension 'colcon_pkg'
[0.439s] Level 1:colcon.colcon_core.package_identification:_identify(solution) by extensions ['colcon_meta']
[0.439s] Level 1:colcon.colcon_core.package_identification:_identify(solution) by extension 'colcon_meta'
[0.439s] Level 1:colcon.colcon_core.package_identification:_identify(solution) by extensions ['ros']
[0.439s] Level 1:colcon.colcon_core.package_identification:_identify(solution) by extension 'ros'
[0.440s] DEBUG:colcon.colcon_core.package_identification:Package 'solution' with type 'ros.ament_python' and name 'solution'
[0.440s] Level 1:colcon.colcon_core.package_identification:_identify(tf_relay) by extensions ['ignore', 'ignore_ament_install']
[0.440s] Level 1:colcon.colcon_core.package_identification:_identify(tf_relay) by extension 'ignore'
[0.440s] Level 1:colcon.colcon_core.package_identification:_identify(tf_relay) by extension 'ignore_ament_install'
[0.440s] Level 1:colcon.colcon_core.package_identification:_identify(tf_relay) by extensions ['colcon_pkg']
[0.441s] Level 1:colcon.colcon_core.package_identification:_identify(tf_relay) by extension 'colcon_pkg'
[0.441s] Level 1:colcon.colcon_core.package_identification:_identify(tf_relay) by extensions ['colcon_meta']
[0.441s] Level 1:colcon.colcon_core.package_identification:_identify(tf_relay) by extension 'colcon_meta'
[0.441s] Level 1:colcon.colcon_core.package_identification:_identify(tf_relay) by extensions ['ros']
[0.441s] Level 1:colcon.colcon_core.package_identification:_identify(tf_relay) by extension 'ros'
[0.441s] DEBUG:colcon.colcon_core.package_identification:Package 'tf_relay' with type 'ros.ament_python' and name 'tf_relay'
[0.441s] Level 1:colcon.colcon_core.package_discovery:discover_packages(recursive) using defaults
[0.442s] Level 1:colcon.colcon_core.package_discovery:discover_packages(ignore) discover
[0.442s] Level 1:colcon.colcon_core.package_discovery:discover_packages(ignore) using defaults
[0.442s] Level 1:colcon.colcon_core.package_discovery:discover_packages(path) discover
[0.442s] Level 1:colcon.colcon_core.package_discovery:discover_packages(path) using defaults
[0.469s] Level 1:colcon.colcon_core.package_discovery:discover_packages(prefix_path) check parameters
[0.469s] Level 1:colcon.colcon_core.package_discovery:discover_packages(prefix_path) discover
[0.471s] DEBUG:colcon.colcon_installed_package_information.package_discovery:Found 5 installed packages in /home/auro/Auro3.0/install
[0.472s] DEBUG:colcon.colcon_installed_package_information.package_discovery:Found 15 installed packages in /home/auro/turtlebot3_ws/install
[0.475s] DEBUG:colcon.colcon_installed_package_information.package_discovery:Found 398 installed packages in /opt/ros/humble
[0.478s] Level 1:colcon.colcon_core.package_discovery:discover_packages(prefix_path) using defaults
[0.553s] Level 5:colcon.colcon_core.verb:set package 'assessment_interfaces' build argument 'cmake_args' from command line to 'None'
[0.553s] Level 5:colcon.colcon_core.verb:set package 'assessment_interfaces' build argument 'cmake_target' from command line to 'None'
[0.553s] Level 5:colcon.colcon_core.verb:set package 'assessment_interfaces' build argument 'cmake_target_skip_unavailable' from command line to 'False'
[0.553s] Level 5:colcon.colcon_core.verb:set package 'assessment_interfaces' build argument 'cmake_clean_cache' from command line to 'False'
[0.553s] Level 5:colcon.colcon_core.verb:set package 'assessment_interfaces' build argument 'cmake_clean_first' from command line to 'False'
[0.553s] Level 5:colcon.colcon_core.verb:set package 'assessment_interfaces' build argument 'cmake_force_configure' from command line to 'False'
[0.553s] Level 5:colcon.colcon_core.verb:set package 'assessment_interfaces' build argument 'ament_cmake_args' from command line to 'None'
[0.553s] Level 5:colcon.colcon_core.verb:set package 'assessment_interfaces' build argument 'catkin_cmake_args' from command line to 'None'
[0.553s] Level 5:colcon.colcon_core.verb:set package 'assessment_interfaces' build argument 'catkin_skip_building_tests' from command line to 'False'
[0.553s] DEBUG:colcon.colcon_core.verb:Building package 'assessment_interfaces' with the following arguments: {'ament_cmake_args': None, 'build_base': '/home/auro/Auro3.0/build/assessment_interfaces', 'catkin_cmake_args': None, 'catkin_skip_building_tests': False, 'cmake_args': None, 'cmake_clean_cache': False, 'cmake_clean_first': False, 'cmake_force_configure': False, 'cmake_target': None, 'cmake_target_skip_unavailable': False, 'install_base': '/home/auro/Auro3.0/install/assessment_interfaces', 'merge_install': False, 'path': '/home/auro/Auro3.0/assessment_interfaces', 'symlink_install': True, 'test_result_base': None}
[0.553s] Level 5:colcon.colcon_core.verb:set package 'auro_interfaces' build argument 'cmake_args' from command line to 'None'
[0.553s] Level 5:colcon.colcon_core.verb:set package 'auro_interfaces' build argument 'cmake_target' from command line to 'None'
[0.554s] Level 5:colcon.colcon_core.verb:set package 'auro_interfaces' build argument 'cmake_target_skip_unavailable' from command line to 'False'
[0.554s] Level 5:colcon.colcon_core.verb:set package 'auro_interfaces' build argument 'cmake_clean_cache' from command line to 'False'
[0.554s] Level 5:colcon.colcon_core.verb:set package 'auro_interfaces' build argument 'cmake_clean_first' from command line to 'False'
[0.554s] Level 5:colcon.colcon_core.verb:set package 'auro_interfaces' build argument 'cmake_force_configure' from command line to 'False'
[0.554s] Level 5:colcon.colcon_core.verb:set package 'auro_interfaces' build argument 'ament_cmake_args' from command line to 'None'
[0.554s] Level 5:colcon.colcon_core.verb:set package 'auro_interfaces' build argument 'catkin_cmake_args' from command line to 'None'
[0.554s] Level 5:colcon.colcon_core.verb:set package 'auro_interfaces' build argument 'catkin_skip_building_tests' from command line to 'False'
[0.554s] DEBUG:colcon.colcon_core.verb:Building package 'auro_interfaces' with the following arguments: {'ament_cmake_args': None, 'build_base': '/home/auro/Auro3.0/build/auro_interfaces', 'catkin_cmake_args': None, 'catkin_skip_building_tests': False, 'cmake_args': None, 'cmake_clean_cache': False, 'cmake_clean_first': False, 'cmake_force_configure': False, 'cmake_target': None, 'cmake_target_skip_unavailable': False, 'install_base': '/home/auro/Auro3.0/install/auro_interfaces', 'merge_install': False, 'path': '/home/auro/Auro3.0/auro_interfaces', 'symlink_install': True, 'test_result_base': None}
[0.554s] Level 5:colcon.colcon_core.verb:set package 'solution' build argument 'cmake_args' from command line to 'None'
[0.554s] Level 5:colcon.colcon_core.verb:set package 'solution' build argument 'cmake_target' from command line to 'None'
[0.554s] Level 5:colcon.colcon_core.verb:set package 'solution' build argument 'cmake_target_skip_unavailable' from command line to 'False'
[0.554s] Level 5:colcon.colcon_core.verb:set package 'solution' build argument 'cmake_clean_cache' from command line to 'False'
[0.554s] Level 5:colcon.colcon_core.verb:set package 'solution' build argument 'cmake_clean_first' from command line to 'False'
[0.554s] Level 5:colcon.colcon_core.verb:set package 'solution' build argument 'cmake_force_configure' from command line to 'False'
[0.554s] Level 5:colcon.colcon_core.verb:set package 'solution' build argument 'ament_cmake_args' from command line to 'None'
[0.554s] Level 5:colcon.colcon_core.verb:set package 'solution' build argument 'catkin_cmake_args' from command line to 'None'
[0.554s] Level 5:colcon.colcon_core.verb:set package 'solution' build argument 'catkin_skip_building_tests' from command line to 'False'
[0.554s] DEBUG:colcon.colcon_core.verb:Building package 'solution' with the following arguments: {'ament_cmake_args': None, 'build_base': '/home/auro/Auro3.0/build/solution', 'catkin_cmake_args': None, 'catkin_skip_building_tests': False, 'cmake_args': None, 'cmake_clean_cache': False, 'cmake_clean_first': False, 'cmake_force_configure': False, 'cmake_target': None, 'cmake_target_skip_unavailable': False, 'install_base': '/home/auro/Auro3.0/install/solution', 'merge_install': False, 'path': '/home/auro/Auro3.0/solution', 'symlink_install': True, 'test_result_base': None}
[0.555s] Level 5:colcon.colcon_core.verb:set package 'tf_relay' build argument 'cmake_args' from command line to 'None'
[0.555s] Level 5:colcon.colcon_core.verb:set package 'tf_relay' build argument 'cmake_target' from command line to 'None'
[0.555s] Level 5:colcon.colcon_core.verb:set package 'tf_relay' build argument 'cmake_target_skip_unavailable' from command line to 'False'
[0.555s] Level 5:colcon.colcon_core.verb:set package 'tf_relay' build argument 'cmake_clean_cache' from command line to 'False'
[0.555s] Level 5:colcon.colcon_core.verb:set package 'tf_relay' build argument 'cmake_clean_first' from command line to 'False'
[0.555s] Level 5:colcon.colcon_core.verb:set package 'tf_relay' build argument 'cmake_force_configure' from command line to 'False'
[0.555s] Level 5:colcon.colcon_core.verb:set package 'tf_relay' build argument 'ament_cmake_args' from command line to 'None'
[0.555s] Level 5:colcon.colcon_core.verb:set package 'tf_relay' build argument 'catkin_cmake_args' from command line to 'None'
[0.555s] Level 5:colcon.colcon_core.verb:set package 'tf_relay' build argument 'catkin_skip_building_tests' from command line to 'False'
[0.555s] DEBUG:colcon.colcon_core.verb:Building package 'tf_relay' with the following arguments: {'ament_cmake_args': None, 'build_base': '/home/auro/Auro3.0/build/tf_relay', 'catkin_cmake_args': None, 'catkin_skip_building_tests': False, 'cmake_args': None, 'cmake_clean_cache': False, 'cmake_clean_first': False, 'cmake_force_configure': False, 'cmake_target': None, 'cmake_target_skip_unavailable': False, 'install_base': '/home/auro/Auro3.0/install/tf_relay', 'merge_install': False, 'path': '/home/auro/Auro3.0/tf_relay', 'symlink_install': True, 'test_result_base': None}
[0.556s] Level 5:colcon.colcon_core.verb:set package 'assessment' build argument 'cmake_args' from command line to 'None'
[0.556s] Level 5:colcon.colcon_core.verb:set package 'assessment' build argument 'cmake_target' from command line to 'None'
[0.556s] Level 5:colcon.colcon_core.verb:set package 'assessment' build argument 'cmake_target_skip_unavailable' from command line to 'False'
[0.556s] Level 5:colcon.colcon_core.verb:set package 'assessment' build argument 'cmake_clean_cache' from command line to 'False'
[0.556s] Level 5:colcon.colcon_core.verb:set package 'assessment' build argument 'cmake_clean_first' from command line to 'False'
[0.556s] Level 5:colcon.colcon_core.verb:set package 'assessment' build argument 'cmake_force_configure' from command line to 'False'
[0.556s] Level 5:colcon.colcon_core.verb:set package 'assessment' build argument 'ament_cmake_args' from command line to 'None'
[0.556s] Level 5:colcon.colcon_core.verb:set package 'assessment' build argument 'catkin_cmake_args' from command line to 'None'
[0.556s] Level 5:colcon.colcon_core.verb:set package 'assessment' build argument 'catkin_skip_building_tests' from command line to 'False'
[0.556s] DEBUG:colcon.colcon_core.verb:Building package 'assessment' with the following arguments: {'ament_cmake_args': None, 'build_base': '/home/auro/Auro3.0/build/assessment', 'catkin_cmake_args': None, 'catkin_skip_building_tests': False, 'cmake_args': None, 'cmake_clean_cache': False, 'cmake_clean_first': False, 'cmake_force_configure': False, 'cmake_target': None, 'cmake_target_skip_unavailable': False, 'install_base': '/home/auro/Auro3.0/install/assessment', 'merge_install': False, 'path': '/home/auro/Auro3.0/assessment', 'symlink_install': True, 'test_result_base': None}
[0.556s] INFO:colcon.colcon_core.executor:Executing jobs using 'parallel' executor
[0.559s] DEBUG:colcon.colcon_parallel_executor.executor.parallel:run_until_complete
[0.560s] INFO:colcon.colcon_ros.task.ament_cmake.build:Building ROS package in '/home/auro/Auro3.0/auro_interfaces' with build type 'ament_cmake'
[0.560s] INFO:colcon.colcon_cmake.task.cmake.build:Building CMake package in '/home/auro/Auro3.0/auro_interfaces'
[0.564s] INFO:colcon.colcon_core.plugin_system:Skipping extension 'colcon_core.shell.bat': Not used on non-Windows systems
[0.564s] INFO:colcon.colcon_core.shell:Skip shell extension 'powershell' for command environment: Not usable outside of PowerShell
[0.564s] DEBUG:colcon.colcon_core.shell:Skip shell extension 'dsv' for command environment
[0.572s] INFO:colcon.colcon_ros.task.ament_cmake.build:Building ROS package in '/home/auro/Auro3.0/assessment_interfaces' with build type 'ament_cmake'
[0.572s] INFO:colcon.colcon_cmake.task.cmake.build:Building CMake package in '/home/auro/Auro3.0/assessment_interfaces'
[0.573s] INFO:colcon.colcon_core.shell:Skip shell extension 'powershell' for command environment: Not usable outside of PowerShell
[0.573s] DEBUG:colcon.colcon_core.shell:Skip shell extension 'dsv' for command environment
[0.582s] INFO:colcon.colcon_ros.task.ament_python.build:Building ROS package in '/home/auro/Auro3.0/solution' with build type 'ament_python'
[0.583s] Level 1:colcon.colcon_core.shell:create_environment_hook('solution', 'ament_prefix_path')
[0.583s] INFO:colcon.colcon_core.shell:Creating environment hook '/home/auro/Auro3.0/install/solution/share/solution/hook/ament_prefix_path.ps1'
[0.584s] INFO:colcon.colcon_core.shell:Creating environment descriptor '/home/auro/Auro3.0/install/solution/share/solution/hook/ament_prefix_path.dsv'
[0.585s] INFO:colcon.colcon_core.shell:Creating environment hook '/home/auro/Auro3.0/install/solution/share/solution/hook/ament_prefix_path.sh'
[0.586s] INFO:colcon.colcon_core.shell:Skip shell extension 'powershell' for command environment: Not usable outside of PowerShell
[0.586s] DEBUG:colcon.colcon_core.shell:Skip shell extension 'dsv' for command environment
[0.592s] INFO:colcon.colcon_ros.task.ament_python.build:Building ROS package in '/home/auro/Auro3.0/tf_relay' with build type 'ament_python'
[0.593s] Level 1:colcon.colcon_core.shell:create_environment_hook('tf_relay', 'ament_prefix_path')
[0.593s] INFO:colcon.colcon_core.shell:Creating environment hook '/home/auro/Auro3.0/install/tf_relay/share/tf_relay/hook/ament_prefix_path.ps1'
[0.594s] INFO:colcon.colcon_core.shell:Creating environment descriptor '/home/auro/Auro3.0/install/tf_relay/share/tf_relay/hook/ament_prefix_path.dsv'
[0.595s] INFO:colcon.colcon_core.shell:Creating environment hook '/home/auro/Auro3.0/install/tf_relay/share/tf_relay/hook/ament_prefix_path.sh'
[0.596s] INFO:colcon.colcon_core.shell:Skip shell extension 'powershell' for command environment: Not usable outside of PowerShell
[0.596s] DEBUG:colcon.colcon_core.shell:Skip shell extension 'dsv' for command environment
[0.615s] DEBUG:colcon.colcon_core.event_handler.log_command:Invoking command in '/home/auro/Auro3.0/build/auro_interfaces': CMAKE_PREFIX_PATH=${CMAKE_PREFIX_PATH}:/home/auro/Auro3.0/install/tf_relay:/home/auro/Auro3.0/install/solution:/home/auro/Auro3.0/install/assessment:/home/auro/turtlebot3_ws/install/turtlebot3_teleop:/home/auro/turtlebot3_ws/install/turtlebot3_example:/opt/ros/humble /usr/bin/cmake --build /home/auro/Auro3.0/build/auro_interfaces -- -j4 -l4
[0.627s] DEBUG:colcon.colcon_core.event_handler.log_command:Invoking command in '/home/auro/Auro3.0/build/assessment_interfaces': CMAKE_PREFIX_PATH=${CMAKE_PREFIX_PATH}:/home/auro/Auro3.0/install/tf_relay:/home/auro/Auro3.0/install/solution:/home/auro/Auro3.0/install/assessment:/home/auro/turtlebot3_ws/install/turtlebot3_teleop:/home/auro/turtlebot3_ws/install/turtlebot3_example:/opt/ros/humble /usr/bin/cmake --build /home/auro/Auro3.0/build/assessment_interfaces -- -j4 -l4
[1.223s] INFO:colcon.colcon_core.task.python.build:Building Python package in '/home/auro/Auro3.0/solution'
[1.224s] INFO:colcon.colcon_core.shell:Skip shell extension 'powershell' for command environment: Not usable outside of PowerShell
[1.224s] DEBUG:colcon.colcon_core.shell:Skip shell extension 'dsv' for command environment
[1.686s] INFO:colcon.colcon_core.task.python.build:Building Python package in '/home/auro/Auro3.0/tf_relay'
[1.686s] INFO:colcon.colcon_core.shell:Skip shell extension 'powershell' for command environment: Not usable outside of PowerShell
[1.686s] DEBUG:colcon.colcon_core.shell:Skip shell extension 'dsv' for command environment
[1.701s] DEBUG:colcon.colcon_core.event_handler.log_command:Invoked command in '/home/auro/Auro3.0/build/assessment_interfaces' returned '0': CMAKE_PREFIX_PATH=${CMAKE_PREFIX_PATH}:/home/auro/Auro3.0/install/tf_relay:/home/auro/Auro3.0/install/solution:/home/auro/Auro3.0/install/assessment:/home/auro/turtlebot3_ws/install/turtlebot3_teleop:/home/auro/turtlebot3_ws/install/turtlebot3_example:/opt/ros/humble /usr/bin/cmake --build /home/auro/Auro3.0/build/assessment_interfaces -- -j4 -l4
[1.716s] DEBUG:colcon.colcon_core.event_handler.log_command:Invoked command in '/home/auro/Auro3.0/build/auro_interfaces' returned '0': CMAKE_PREFIX_PATH=${CMAKE_PREFIX_PATH}:/home/auro/Auro3.0/install/tf_relay:/home/auro/Auro3.0/install/solution:/home/auro/Auro3.0/install/assessment:/home/auro/turtlebot3_ws/install/turtlebot3_teleop:/home/auro/turtlebot3_ws/install/turtlebot3_example:/opt/ros/humble /usr/bin/cmake --build /home/auro/Auro3.0/build/auro_interfaces -- -j4 -l4
[2.109s] DEBUG:colcon.colcon_core.event_handler.log_command:Invoking command in '/home/auro/Auro3.0/build/assessment_interfaces': CMAKE_PREFIX_PATH=${CMAKE_PREFIX_PATH}:/home/auro/Auro3.0/install/tf_relay:/home/auro/Auro3.0/install/solution:/home/auro/Auro3.0/install/assessment:/home/auro/turtlebot3_ws/install/turtlebot3_teleop:/home/auro/turtlebot3_ws/install/turtlebot3_example:/opt/ros/humble /usr/bin/cmake --install /home/auro/Auro3.0/build/assessment_interfaces
[2.247s] DEBUG:colcon.colcon_core.event_handler.log_command:Invoking command in '/home/auro/Auro3.0/build/auro_interfaces': CMAKE_PREFIX_PATH=${CMAKE_PREFIX_PATH}:/home/auro/Auro3.0/install/tf_relay:/home/auro/Auro3.0/install/solution:/home/auro/Auro3.0/install/assessment:/home/auro/turtlebot3_ws/install/turtlebot3_teleop:/home/auro/turtlebot3_ws/install/turtlebot3_example:/opt/ros/humble /usr/bin/cmake --install /home/auro/Auro3.0/build/auro_interfaces
[2.248s] Level 1:colcon.colcon_core.environment:create_environment_scripts_only(assessment_interfaces)
[2.248s] DEBUG:colcon.colcon_core.event_handler.log_command:Invoked command in '/home/auro/Auro3.0/build/assessment_interfaces' returned '0': CMAKE_PREFIX_PATH=${CMAKE_PREFIX_PATH}:/home/auro/Auro3.0/install/tf_relay:/home/auro/Auro3.0/install/solution:/home/auro/Auro3.0/install/assessment:/home/auro/turtlebot3_ws/install/turtlebot3_teleop:/home/auro/turtlebot3_ws/install/turtlebot3_example:/opt/ros/humble /usr/bin/cmake --install /home/auro/Auro3.0/build/assessment_interfaces
[2.251s] Level 1:colcon.colcon_core.environment:checking '/home/auro/Auro3.0/install/assessment_interfaces' for CMake module files
[2.252s] Level 1:colcon.colcon_core.environment:checking '/home/auro/Auro3.0/install/assessment_interfaces' for CMake config files
[2.253s] Level 1:colcon.colcon_core.shell:create_environment_hook('assessment_interfaces', 'cmake_prefix_path')
[2.254s] INFO:colcon.colcon_core.shell:Creating environment hook '/home/auro/Auro3.0/install/assessment_interfaces/share/assessment_interfaces/hook/cmake_prefix_path.ps1'
[2.261s] INFO:colcon.colcon_core.shell:Creating environment descriptor '/home/auro/Auro3.0/install/assessment_interfaces/share/assessment_interfaces/hook/cmake_prefix_path.dsv'
[2.262s] INFO:colcon.colcon_core.shell:Creating environment hook '/home/auro/Auro3.0/install/assessment_interfaces/share/assessment_interfaces/hook/cmake_prefix_path.sh'
[2.266s] Level 1:colcon.colcon_core.environment:checking '/home/auro/Auro3.0/install/assessment_interfaces/lib'
[2.267s] Level 1:colcon.colcon_core.shell:create_environment_hook('assessment_interfaces', 'ld_library_path_lib')
[2.267s] INFO:colcon.colcon_core.shell:Creating environment hook '/home/auro/Auro3.0/install/assessment_interfaces/share/assessment_interfaces/hook/ld_library_path_lib.ps1'
[2.270s] INFO:colcon.colcon_core.shell:Creating environment descriptor '/home/auro/Auro3.0/install/assessment_interfaces/share/assessment_interfaces/hook/ld_library_path_lib.dsv'
[2.271s] INFO:colcon.colcon_core.shell:Creating environment hook '/home/auro/Auro3.0/install/assessment_interfaces/share/assessment_interfaces/hook/ld_library_path_lib.sh'
[2.273s] Level 1:colcon.colcon_core.environment:checking '/home/auro/Auro3.0/install/assessment_interfaces/bin'
[2.273s] Level 1:colcon.colcon_core.environment:checking '/home/auro/Auro3.0/install/assessment_interfaces/lib/pkgconfig/assessment_interfaces.pc'
[2.273s] Level 1:colcon.colcon_core.environment:checking '/home/auro/Auro3.0/install/assessment_interfaces/lib/python3.10/site-packages'
[2.273s] Level 1:colcon.colcon_core.environment:checking '/home/auro/Auro3.0/install/assessment_interfaces/bin'
[2.274s] INFO:colcon.colcon_core.shell:Creating package script '/home/auro/Auro3.0/install/assessment_interfaces/share/assessment_interfaces/package.ps1'
[2.277s] INFO:colcon.colcon_core.shell:Creating package descriptor '/home/auro/Auro3.0/install/assessment_interfaces/share/assessment_interfaces/package.dsv'
[2.283s] INFO:colcon.colcon_core.shell:Creating package script '/home/auro/Auro3.0/install/assessment_interfaces/share/assessment_interfaces/package.sh'
[2.290s] INFO:colcon.colcon_core.shell:Creating package script '/home/auro/Auro3.0/install/assessment_interfaces/share/assessment_interfaces/package.bash'
[2.293s] INFO:colcon.colcon_core.shell:Creating package script '/home/auro/Auro3.0/install/assessment_interfaces/share/assessment_interfaces/package.zsh'
[2.296s] Level 1:colcon.colcon_core.environment:create_file_with_runtime_dependencies(/home/auro/Auro3.0/install/assessment_interfaces/share/colcon-core/packages/assessment_interfaces)
[2.306s] DEBUG:colcon.colcon_core.event_handler.log_command:Invoking command in '/home/auro/Auro3.0/build/solution': PYTHONPATH=/home/auro/Auro3.0/build/solution/prefix_override:/usr/lib/python3/dist-packages/colcon_core/task/python/colcon_distutils_commands:/home/auro/Auro3.0/install/solution/lib/python3.10/site-packages:${PYTHONPATH} /usr/bin/python3 -W ignore:setup.py install is deprecated setup.py develop --editable --build-directory /home/auro/Auro3.0/build/solution/build --no-deps symlink_data
[2.310s] DEBUG:colcon.colcon_core.event_handler.log_command:Invoking command in '/home/auro/Auro3.0/build/tf_relay': PYTHONPATH=/home/auro/Auro3.0/build/tf_relay/prefix_override:/usr/lib/python3/dist-packages/colcon_core/task/python/colcon_distutils_commands:/home/auro/Auro3.0/install/tf_relay/lib/python3.10/site-packages:${PYTHONPATH} /usr/bin/python3 -W ignore:setup.py install is deprecated setup.py develop --editable --build-directory /home/auro/Auro3.0/build/tf_relay/build --no-deps symlink_data
[2.396s] Level 1:colcon.colcon_core.environment:create_environment_scripts_only(auro_interfaces)
[2.397s] Level 1:colcon.colcon_core.environment:checking '/home/auro/Auro3.0/install/auro_interfaces' for CMake module files
[2.398s] Level 1:colcon.colcon_core.environment:checking '/home/auro/Auro3.0/install/auro_interfaces' for CMake config files
[2.399s] Level 1:colcon.colcon_core.shell:create_environment_hook('auro_interfaces', 'cmake_prefix_path')
[2.400s] INFO:colcon.colcon_core.shell:Creating environment hook '/home/auro/Auro3.0/install/auro_interfaces/share/auro_interfaces/hook/cmake_prefix_path.ps1'
[2.401s] DEBUG:colcon.colcon_core.event_handler.log_command:Invoked command in '/home/auro/Auro3.0/build/auro_interfaces' returned '0': CMAKE_PREFIX_PATH=${CMAKE_PREFIX_PATH}:/home/auro/Auro3.0/install/tf_relay:/home/auro/Auro3.0/install/solution:/home/auro/Auro3.0/install/assessment:/home/auro/turtlebot3_ws/install/turtlebot3_teleop:/home/auro/turtlebot3_ws/install/turtlebot3_example:/opt/ros/humble /usr/bin/cmake --install /home/auro/Auro3.0/build/auro_interfaces
[2.401s] INFO:colcon.colcon_core.shell:Creating environment descriptor '/home/auro/Auro3.0/install/auro_interfaces/share/auro_interfaces/hook/cmake_prefix_path.dsv'
[2.402s] INFO:colcon.colcon_core.shell:Creating environment hook '/home/auro/Auro3.0/install/auro_interfaces/share/auro_interfaces/hook/cmake_prefix_path.sh'
[2.403s] Level 1:colcon.colcon_core.environment:checking '/home/auro/Auro3.0/install/auro_interfaces/lib'
[2.403s] Level 1:colcon.colcon_core.shell:create_environment_hook('auro_interfaces', 'ld_library_path_lib')
[2.404s] INFO:colcon.colcon_core.shell:Creating environment hook '/home/auro/Auro3.0/install/auro_interfaces/share/auro_interfaces/hook/ld_library_path_lib.ps1'
[2.404s] INFO:colcon.colcon_core.shell:Creating environment descriptor '/home/auro/Auro3.0/install/auro_interfaces/share/auro_interfaces/hook/ld_library_path_lib.dsv'
[2.405s] INFO:colcon.colcon_core.shell:Creating environment hook '/home/auro/Auro3.0/install/auro_interfaces/share/auro_interfaces/hook/ld_library_path_lib.sh'
[2.405s] Level 1:colcon.colcon_core.environment:checking '/home/auro/Auro3.0/install/auro_interfaces/bin'
[2.406s] Level 1:colcon.colcon_core.environment:checking '/home/auro/Auro3.0/install/auro_interfaces/lib/pkgconfig/auro_interfaces.pc'
[2.406s] Level 1:colcon.colcon_core.environment:checking '/home/auro/Auro3.0/install/auro_interfaces/lib/python3.10/site-packages'
[2.406s] Level 1:colcon.colcon_core.environment:checking '/home/auro/Auro3.0/install/auro_interfaces/bin'
[2.407s] INFO:colcon.colcon_core.shell:Creating package script '/home/auro/Auro3.0/install/auro_interfaces/share/auro_interfaces/package.ps1'
[2.407s] INFO:colcon.colcon_core.shell:Creating package descriptor '/home/auro/Auro3.0/install/auro_interfaces/share/auro_interfaces/package.dsv'
[2.408s] INFO:colcon.colcon_core.shell:Creating package script '/home/auro/Auro3.0/install/auro_interfaces/share/auro_interfaces/package.sh'
[2.409s] INFO:colcon.colcon_core.shell:Creating package script '/home/auro/Auro3.0/install/auro_interfaces/share/auro_interfaces/package.bash'
[2.409s] INFO:colcon.colcon_core.shell:Creating package script '/home/auro/Auro3.0/install/auro_interfaces/share/auro_interfaces/package.zsh'
[2.410s] Level 1:colcon.colcon_core.environment:create_file_with_runtime_dependencies(/home/auro/Auro3.0/install/auro_interfaces/share/colcon-core/packages/auro_interfaces)
[2.692s] Level 1:colcon.colcon_core.environment:create_environment_scripts_only(assessment_interfaces)
[2.693s] Level 1:colcon.colcon_core.environment:checking '/home/auro/Auro3.0/install/assessment_interfaces' for CMake module files
[2.693s] Level 1:colcon.colcon_core.environment:checking '/home/auro/Auro3.0/install/assessment_interfaces' for CMake config files
[2.695s] Level 1:colcon.colcon_core.shell:create_environment_hook('assessment_interfaces', 'cmake_prefix_path')
[2.695s] INFO:colcon.colcon_core.shell:Creating environment hook '/home/auro/Auro3.0/install/assessment_interfaces/share/assessment_interfaces/hook/cmake_prefix_path.ps1'
[2.696s] INFO:colcon.colcon_core.shell:Creating environment descriptor '/home/auro/Auro3.0/install/assessment_interfaces/share/assessment_interfaces/hook/cmake_prefix_path.dsv'
[2.696s] INFO:colcon.colcon_core.shell:Creating environment hook '/home/auro/Auro3.0/install/assessment_interfaces/share/assessment_interfaces/hook/cmake_prefix_path.sh'
[2.697s] Level 1:colcon.colcon_core.environment:checking '/home/auro/Auro3.0/install/assessment_interfaces/lib'
[2.697s] Level 1:colcon.colcon_core.shell:create_environment_hook('assessment_interfaces', 'ld_library_path_lib')
[2.697s] INFO:colcon.colcon_core.shell:Creating environment hook '/home/auro/Auro3.0/install/assessment_interfaces/share/assessment_interfaces/hook/ld_library_path_lib.ps1'
[2.698s] INFO:colcon.colcon_core.shell:Creating environment descriptor '/home/auro/Auro3.0/install/assessment_interfaces/share/assessment_interfaces/hook/ld_library_path_lib.dsv'
[2.699s] INFO:colcon.colcon_core.shell:Creating environment hook '/home/auro/Auro3.0/install/assessment_interfaces/share/assessment_interfaces/hook/ld_library_path_lib.sh'
[2.699s] Level 1:colcon.colcon_core.environment:checking '/home/auro/Auro3.0/install/assessment_interfaces/bin'
[2.699s] Level 1:colcon.colcon_core.environment:checking '/home/auro/Auro3.0/install/assessment_interfaces/lib/pkgconfig/assessment_interfaces.pc'
[2.699s] Level 1:colcon.colcon_core.environment:checking '/home/auro/Auro3.0/install/assessment_interfaces/lib/python3.10/site-packages'
[2.700s] Level 1:colcon.colcon_core.environment:checking '/home/auro/Auro3.0/install/assessment_interfaces/bin'
[2.700s] INFO:colcon.colcon_core.shell:Creating package script '/home/auro/Auro3.0/install/assessment_interfaces/share/assessment_interfaces/package.ps1'
[2.701s] INFO:colcon.colcon_core.shell:Creating package descriptor '/home/auro/Auro3.0/install/assessment_interfaces/share/assessment_interfaces/package.dsv'
[2.702s] INFO:colcon.colcon_core.shell:Creating package script '/home/auro/Auro3.0/install/assessment_interfaces/share/assessment_interfaces/package.sh'
[2.702s] INFO:colcon.colcon_core.shell:Creating package script '/home/auro/Auro3.0/install/assessment_interfaces/share/assessment_interfaces/package.bash'
[2.703s] INFO:colcon.colcon_core.shell:Creating package script '/home/auro/Auro3.0/install/assessment_interfaces/share/assessment_interfaces/package.zsh'
[2.704s] Level 1:colcon.colcon_core.environment:create_file_with_runtime_dependencies(/home/auro/Auro3.0/install/assessment_interfaces/share/colcon-core/packages/assessment_interfaces)
[2.877s] Level 1:colcon.colcon_core.environment:create_environment_scripts_only(auro_interfaces)
[2.877s] Level 1:colcon.colcon_core.environment:checking '/home/auro/Auro3.0/install/auro_interfaces' for CMake module files
[2.878s] Level 1:colcon.colcon_core.environment:checking '/home/auro/Auro3.0/install/auro_interfaces' for CMake config files
[2.880s] Level 1:colcon.colcon_core.shell:create_environment_hook('auro_interfaces', 'cmake_prefix_path')
[2.880s] INFO:colcon.colcon_core.shell:Creating environment hook '/home/auro/Auro3.0/install/auro_interfaces/share/auro_interfaces/hook/cmake_prefix_path.ps1'
[2.881s] INFO:colcon.colcon_core.shell:Creating environment descriptor '/home/auro/Auro3.0/install/auro_interfaces/share/auro_interfaces/hook/cmake_prefix_path.dsv'
[2.882s] INFO:colcon.colcon_core.shell:Creating environment hook '/home/auro/Auro3.0/install/auro_interfaces/share/auro_interfaces/hook/cmake_prefix_path.sh'
[2.883s] Level 1:colcon.colcon_core.environment:checking '/home/auro/Auro3.0/install/auro_interfaces/lib'
[2.883s] Level 1:colcon.colcon_core.shell:create_environment_hook('auro_interfaces', 'ld_library_path_lib')
[2.883s] INFO:colcon.colcon_core.shell:Creating environment hook '/home/auro/Auro3.0/install/auro_interfaces/share/auro_interfaces/hook/ld_library_path_lib.ps1'
[2.887s] INFO:colcon.colcon_core.shell:Creating environment descriptor '/home/auro/Auro3.0/install/auro_interfaces/share/auro_interfaces/hook/ld_library_path_lib.dsv'
[2.888s] INFO:colcon.colcon_core.shell:Creating environment hook '/home/auro/Auro3.0/install/auro_interfaces/share/auro_interfaces/hook/ld_library_path_lib.sh'
[2.888s] Level 1:colcon.colcon_core.environment:checking '/home/auro/Auro3.0/install/auro_interfaces/bin'
[2.889s] Level 1:colcon.colcon_core.environment:checking '/home/auro/Auro3.0/install/auro_interfaces/lib/pkgconfig/auro_interfaces.pc'
[2.889s] Level 1:colcon.colcon_core.environment:checking '/home/auro/Auro3.0/install/auro_interfaces/lib/python3.10/site-packages'
[2.889s] Level 1:colcon.colcon_core.environment:checking '/home/auro/Auro3.0/install/auro_interfaces/bin'
[2.890s] INFO:colcon.colcon_core.shell:Creating package script '/home/auro/Auro3.0/install/auro_interfaces/share/auro_interfaces/package.ps1'
[2.891s] INFO:colcon.colcon_core.shell:Creating package descriptor '/home/auro/Auro3.0/install/auro_interfaces/share/auro_interfaces/package.dsv'
[2.891s] INFO:colcon.colcon_core.shell:Creating package script '/home/auro/Auro3.0/install/auro_interfaces/share/auro_interfaces/package.sh'
[2.892s] INFO:colcon.colcon_core.shell:Creating package script '/home/auro/Auro3.0/install/auro_interfaces/share/auro_interfaces/package.bash'
[2.893s] INFO:colcon.colcon_core.shell:Creating package script '/home/auro/Auro3.0/install/auro_interfaces/share/auro_interfaces/package.zsh'
[2.893s] Level 1:colcon.colcon_core.environment:create_file_with_runtime_dependencies(/home/auro/Auro3.0/install/auro_interfaces/share/colcon-core/packages/auro_interfaces)
[2.900s] INFO:colcon.colcon_ros.task.ament_python.build:Building ROS package in '/home/auro/Auro3.0/assessment' with build type 'ament_python'
[2.900s] Level 1:colcon.colcon_core.shell:create_environment_hook('assessment', 'ament_prefix_path')
[2.901s] INFO:colcon.colcon_core.shell:Creating environment hook '/home/auro/Auro3.0/install/assessment/share/assessment/hook/ament_prefix_path.ps1'
[2.903s] INFO:colcon.colcon_core.shell:Creating environment descriptor '/home/auro/Auro3.0/install/assessment/share/assessment/hook/ament_prefix_path.dsv'
[2.904s] INFO:colcon.colcon_core.shell:Creating environment hook '/home/auro/Auro3.0/install/assessment/share/assessment/hook/ament_prefix_path.sh'
[2.905s] INFO:colcon.colcon_core.shell:Skip shell extension 'powershell' for command environment: Not usable outside of PowerShell
[2.905s] DEBUG:colcon.colcon_core.shell:Skip shell extension 'dsv' for command environment
[3.314s] INFO:colcon.colcon_core.task.python.build:Building Python package in '/home/auro/Auro3.0/assessment'
[3.315s] INFO:colcon.colcon_core.shell:Skip shell extension 'powershell' for command environment: Not usable outside of PowerShell
[3.315s] DEBUG:colcon.colcon_core.shell:Skip shell extension 'dsv' for command environment
[3.323s] Level 1:colcon.colcon_core.shell:create_environment_hook('solution', 'pythonpath_develop')
[3.323s] INFO:colcon.colcon_core.shell:Creating environment hook '/home/auro/Auro3.0/build/solution/share/solution/hook/pythonpath_develop.ps1'
[3.325s] DEBUG:colcon.colcon_core.event_handler.log_command:Invoked command in '/home/auro/Auro3.0/build/solution' returned '0': PYTHONPATH=/home/auro/Auro3.0/build/solution/prefix_override:/usr/lib/python3/dist-packages/colcon_core/task/python/colcon_distutils_commands:/home/auro/Auro3.0/install/solution/lib/python3.10/site-packages:${PYTHONPATH} /usr/bin/python3 -W ignore:setup.py install is deprecated setup.py develop --editable --build-directory /home/auro/Auro3.0/build/solution/build --no-deps symlink_data
[3.325s] INFO:colcon.colcon_core.shell:Creating environment descriptor '/home/auro/Auro3.0/build/solution/share/solution/hook/pythonpath_develop.dsv'
[3.326s] INFO:colcon.colcon_core.shell:Creating environment hook '/home/auro/Auro3.0/build/solution/share/solution/hook/pythonpath_develop.sh'
[3.327s] Level 1:colcon.colcon_core.environment:checking '/home/auro/Auro3.0/install/solution' for CMake module files
[3.327s] Level 1:colcon.colcon_core.environment:checking '/home/auro/Auro3.0/install/solution' for CMake config files
[3.328s] Level 1:colcon.colcon_core.environment:checking '/home/auro/Auro3.0/install/solution/lib'
[3.328s] Level 1:colcon.colcon_core.environment:checking '/home/auro/Auro3.0/install/solution/bin'
[3.328s] Level 1:colcon.colcon_core.environment:checking '/home/auro/Auro3.0/install/solution/lib/pkgconfig/solution.pc'
[3.328s] Level 1:colcon.colcon_core.environment:checking '/home/auro/Auro3.0/install/solution/lib/python3.10/site-packages'
[3.328s] Level 1:colcon.colcon_core.shell:create_environment_hook('solution', 'pythonpath')
[3.329s] INFO:colcon.colcon_core.shell:Creating environment hook '/home/auro/Auro3.0/install/solution/share/solution/hook/pythonpath.ps1'
[3.329s] INFO:colcon.colcon_core.shell:Creating environment descriptor '/home/auro/Auro3.0/install/solution/share/solution/hook/pythonpath.dsv'
[3.330s] INFO:colcon.colcon_core.shell:Creating environment hook '/home/auro/Auro3.0/install/solution/share/solution/hook/pythonpath.sh'
[3.330s] Level 1:colcon.colcon_core.environment:checking '/home/auro/Auro3.0/install/solution/bin'
[3.330s] Level 1:colcon.colcon_core.environment:create_environment_scripts_only(solution)
[3.331s] INFO:colcon.colcon_core.shell:Creating package script '/home/auro/Auro3.0/install/solution/share/solution/package.ps1'
[3.332s] INFO:colcon.colcon_core.shell:Creating package descriptor '/home/auro/Auro3.0/install/solution/share/solution/package.dsv'
[3.332s] INFO:colcon.colcon_core.shell:Creating package script '/home/auro/Auro3.0/install/solution/share/solution/package.sh'
[3.333s] INFO:colcon.colcon_core.shell:Creating package script '/home/auro/Auro3.0/install/solution/share/solution/package.bash'
[3.333s] INFO:colcon.colcon_core.shell:Creating package script '/home/auro/Auro3.0/install/solution/share/solution/package.zsh'
[3.334s] Level 1:colcon.colcon_core.environment:create_file_with_runtime_dependencies(/home/auro/Auro3.0/install/solution/share/colcon-core/packages/solution)
[3.335s] Level 1:colcon.colcon_core.shell:create_environment_hook('tf_relay', 'pythonpath_develop')
[3.336s] INFO:colcon.colcon_core.shell:Creating environment hook '/home/auro/Auro3.0/build/tf_relay/share/tf_relay/hook/pythonpath_develop.ps1'
[3.337s] DEBUG:colcon.colcon_core.event_handler.log_command:Invoked command in '/home/auro/Auro3.0/build/tf_relay' returned '0': PYTHONPATH=/home/auro/Auro3.0/build/tf_relay/prefix_override:/usr/lib/python3/dist-packages/colcon_core/task/python/colcon_distutils_commands:/home/auro/Auro3.0/install/tf_relay/lib/python3.10/site-packages:${PYTHONPATH} /usr/bin/python3 -W ignore:setup.py install is deprecated setup.py develop --editable --build-directory /home/auro/Auro3.0/build/tf_relay/build --no-deps symlink_data
[3.337s] INFO:colcon.colcon_core.shell:Creating environment descriptor '/home/auro/Auro3.0/build/tf_relay/share/tf_relay/hook/pythonpath_develop.dsv'
[3.338s] INFO:colcon.colcon_core.shell:Creating environment hook '/home/auro/Auro3.0/build/tf_relay/share/tf_relay/hook/pythonpath_develop.sh'
[3.338s] Level 1:colcon.colcon_core.environment:checking '/home/auro/Auro3.0/install/tf_relay' for CMake module files
[3.339s] Level 1:colcon.colcon_core.environment:checking '/home/auro/Auro3.0/install/tf_relay' for CMake config files
[3.339s] Level 1:colcon.colcon_core.environment:checking '/home/auro/Auro3.0/install/tf_relay/lib'
[3.339s] Level 1:colcon.colcon_core.environment:checking '/home/auro/Auro3.0/install/tf_relay/bin'
[3.339s] Level 1:colcon.colcon_core.environment:checking '/home/auro/Auro3.0/install/tf_relay/lib/pkgconfig/tf_relay.pc'
[3.340s] Level 1:colcon.colcon_core.environment:checking '/home/auro/Auro3.0/install/tf_relay/lib/python3.10/site-packages'
[3.340s] Level 1:colcon.colcon_core.shell:create_environment_hook('tf_relay', 'pythonpath')
[3.340s] INFO:colcon.colcon_core.shell:Creating environment hook '/home/auro/Auro3.0/install/tf_relay/share/tf_relay/hook/pythonpath.ps1'
[3.341s] INFO:colcon.colcon_core.shell:Creating environment descriptor '/home/auro/Auro3.0/install/tf_relay/share/tf_relay/hook/pythonpath.dsv'
[3.341s] INFO:colcon.colcon_core.shell:Creating environment hook '/home/auro/Auro3.0/install/tf_relay/share/tf_relay/hook/pythonpath.sh'
[3.342s] Level 1:colcon.colcon_core.environment:checking '/home/auro/Auro3.0/install/tf_relay/bin'
[3.342s] Level 1:colcon.colcon_core.environment:create_environment_scripts_only(tf_relay)
[3.342s] INFO:colcon.colcon_core.shell:Creating package script '/home/auro/Auro3.0/install/tf_relay/share/tf_relay/package.ps1'
[3.343s] INFO:colcon.colcon_core.shell:Creating package descriptor '/home/auro/Auro3.0/install/tf_relay/share/tf_relay/package.dsv'
[3.343s] INFO:colcon.colcon_core.shell:Creating package script '/home/auro/Auro3.0/install/tf_relay/share/tf_relay/package.sh'
[3.344s] INFO:colcon.colcon_core.shell:Creating package script '/home/auro/Auro3.0/install/tf_relay/share/tf_relay/package.bash'
[3.344s] INFO:colcon.colcon_core.shell:Creating package script '/home/auro/Auro3.0/install/tf_relay/share/tf_relay/package.zsh'
[3.345s] Level 1:colcon.colcon_core.environment:create_file_with_runtime_dependencies(/home/auro/Auro3.0/install/tf_relay/share/colcon-core/packages/tf_relay)
[3.839s] DEBUG:colcon.colcon_core.event_handler.log_command:Invoking command in '/home/auro/Auro3.0/build/assessment': LD_LIBRARY_PATH=/home/auro/Auro3.0/install/auro_interfaces/lib:/home/auro/Auro3.0/install/assessment_interfaces/lib:/home/auro/turtlebot3_ws/install/turtlebot3_msgs/lib:/home/auro/turtlebot3_ws/install/dynamixel_sdk_custom_interfaces/lib:/home/auro/turtlebot3_ws/install/dynamixel_sdk/lib:/usr/lib/x86_64-linux-gnu/gazebo-11/plugins:/opt/ros/humble/opt/rviz_ogre_vendor/lib:/opt/ros/humble/lib/x86_64-linux-gnu:/opt/ros/humble/lib:/usr/lib/x86_64-linux-gnu/gazebo-11/plugins PYTHONPATH=/home/auro/Auro3.0/build/assessment/prefix_override:/usr/lib/python3/dist-packages/colcon_core/task/python/colcon_distutils_commands:/home/auro/Auro3.0/install/assessment/lib/python3.10/site-packages:${PYTHONPATH} /usr/bin/python3 -W ignore:setup.py install is deprecated setup.py develop --editable --build-directory /home/auro/Auro3.0/build/assessment/build --no-deps symlink_data
[4.474s] Level 1:colcon.colcon_core.shell:create_environment_hook('assessment', 'pythonpath_develop')
[4.474s] INFO:colcon.colcon_core.shell:Creating environment hook '/home/auro/Auro3.0/build/assessment/share/assessment/hook/pythonpath_develop.ps1'
[4.475s] DEBUG:colcon.colcon_core.event_handler.log_command:Invoked command in '/home/auro/Auro3.0/build/assessment' returned '0': LD_LIBRARY_PATH=/home/auro/Auro3.0/install/auro_interfaces/lib:/home/auro/Auro3.0/install/assessment_interfaces/lib:/home/auro/turtlebot3_ws/install/turtlebot3_msgs/lib:/home/auro/turtlebot3_ws/install/dynamixel_sdk_custom_interfaces/lib:/home/auro/turtlebot3_ws/install/dynamixel_sdk/lib:/usr/lib/x86_64-linux-gnu/gazebo-11/plugins:/opt/ros/humble/opt/rviz_ogre_vendor/lib:/opt/ros/humble/lib/x86_64-linux-gnu:/opt/ros/humble/lib:/usr/lib/x86_64-linux-gnu/gazebo-11/plugins PYTHONPATH=/home/auro/Auro3.0/build/assessment/prefix_override:/usr/lib/python3/dist-packages/colcon_core/task/python/colcon_distutils_commands:/home/auro/Auro3.0/install/assessment/lib/python3.10/site-packages:${PYTHONPATH} /usr/bin/python3 -W ignore:setup.py install is deprecated setup.py develop --editable --build-directory /home/auro/Auro3.0/build/assessment/build --no-deps symlink_data
[4.475s] INFO:colcon.colcon_core.shell:Creating environment descriptor '/home/auro/Auro3.0/build/assessment/share/assessment/hook/pythonpath_develop.dsv'
[4.476s] INFO:colcon.colcon_core.shell:Creating environment hook '/home/auro/Auro3.0/build/assessment/share/assessment/hook/pythonpath_develop.sh'
[4.476s] Level 1:colcon.colcon_core.environment:checking '/home/auro/Auro3.0/install/assessment' for CMake module files
[4.477s] Level 1:colcon.colcon_core.environment:checking '/home/auro/Auro3.0/install/assessment' for CMake config files
[4.478s] Level 1:colcon.colcon_core.environment:checking '/home/auro/Auro3.0/install/assessment/lib'
[4.478s] Level 1:colcon.colcon_core.environment:checking '/home/auro/Auro3.0/install/assessment/bin'
[4.478s] Level 1:colcon.colcon_core.environment:checking '/home/auro/Auro3.0/install/assessment/lib/pkgconfig/assessment.pc'
[4.478s] Level 1:colcon.colcon_core.environment:checking '/home/auro/Auro3.0/install/assessment/lib/python3.10/site-packages'
[4.478s] Level 1:colcon.colcon_core.shell:create_environment_hook('assessment', 'pythonpath')
[4.478s] INFO:colcon.colcon_core.shell:Creating environment hook '/home/auro/Auro3.0/install/assessment/share/assessment/hook/pythonpath.ps1'
[4.479s] INFO:colcon.colcon_core.shell:Creating environment descriptor '/home/auro/Auro3.0/install/assessment/share/assessment/hook/pythonpath.dsv'
[4.479s] INFO:colcon.colcon_core.shell:Creating environment hook '/home/auro/Auro3.0/install/assessment/share/assessment/hook/pythonpath.sh'
[4.480s] Level 1:colcon.colcon_core.environment:checking '/home/auro/Auro3.0/install/assessment/bin'
[4.480s] Level 1:colcon.colcon_core.environment:create_environment_scripts_only(assessment)
[4.481s] INFO:colcon.colcon_core.shell:Creating package script '/home/auro/Auro3.0/install/assessment/share/assessment/package.ps1'
[4.481s] INFO:colcon.colcon_core.shell:Creating package descriptor '/home/auro/Auro3.0/install/assessment/share/assessment/package.dsv'
[4.482s] INFO:colcon.colcon_core.shell:Creating package script '/home/auro/Auro3.0/install/assessment/share/assessment/package.sh'
[4.482s] INFO:colcon.colcon_core.shell:Creating package script '/home/auro/Auro3.0/install/assessment/share/assessment/package.bash'
[4.483s] INFO:colcon.colcon_core.shell:Creating package script '/home/auro/Auro3.0/install/assessment/share/assessment/package.zsh'
[4.483s] Level 1:colcon.colcon_core.environment:create_file_with_runtime_dependencies(/home/auro/Auro3.0/install/assessment/share/colcon-core/packages/assessment)
[4.484s] DEBUG:colcon.colcon_parallel_executor.executor.parallel:closing loop
[4.484s] DEBUG:colcon.colcon_parallel_executor.executor.parallel:loop closed
[4.484s] DEBUG:colcon.colcon_parallel_executor.executor.parallel:run_until_complete finished with '0'
[4.484s] DEBUG:colcon.colcon_core.event_reactor:joining thread
[4.491s] INFO:colcon.colcon_core.plugin_system:Skipping extension 'colcon_notification.desktop_notification.terminal_notifier': Not used on non-Darwin systems
[4.491s] INFO:colcon.colcon_core.plugin_system:Skipping extension 'colcon_notification.desktop_notification.win32': Not used on non-Windows systems
[4.491s] INFO:colcon.colcon_notification.desktop_notification:Sending desktop notification using 'notify2'
[4.512s] DEBUG:colcon.colcon_core.event_reactor:joined thread
[4.513s] INFO:colcon.colcon_core.shell:Creating prefix script '/home/auro/Auro3.0/install/local_setup.ps1'
[4.515s] INFO:colcon.colcon_core.shell:Creating prefix util module '/home/auro/Auro3.0/install/_local_setup_util_ps1.py'
[4.517s] INFO:colcon.colcon_core.shell:Creating prefix chain script '/home/auro/Auro3.0/install/setup.ps1'
[4.519s] INFO:colcon.colcon_core.shell:Creating prefix script '/home/auro/Auro3.0/install/local_setup.sh'
[4.520s] INFO:colcon.colcon_core.shell:Creating prefix util module '/home/auro/Auro3.0/install/_local_setup_util_sh.py'
[4.520s] INFO:colcon.colcon_core.shell:Creating prefix chain script '/home/auro/Auro3.0/install/setup.sh'
[4.522s] INFO:colcon.colcon_core.shell:Creating prefix script '/home/auro/Auro3.0/install/local_setup.bash'
[4.523s] INFO:colcon.colcon_core.shell:Creating prefix chain script '/home/auro/Auro3.0/install/setup.bash'
[4.525s] INFO:colcon.colcon_core.shell:Creating prefix script '/home/auro/Auro3.0/install/local_setup.zsh'
[4.526s] INFO:colcon.colcon_core.shell:Creating prefix chain script '/home/auro/Auro3.0/install/setup.zsh'
