[1.605s] Invoking command in '/home/auro/Auro/build/solution': PYTHONPATH=/home/auro/Auro/build/solution/prefix_override:/usr/lib/python3/dist-packages/colcon_core/task/python/colcon_distutils_commands:/home/auro/Auro/install/solution/lib/python3.10/site-packages:${PYTHONPATH} /usr/bin/python3 -W ignore:setup.py install is deprecated setup.py develop --editable --build-directory /home/auro/Auro/build/solution/build --no-deps symlink_data
[2.105s] running develop
[2.356s] running egg_info
[2.356s] writing solution.egg-info/PKG-INFO
[2.356s] writing dependency_links to solution.egg-info/dependency_links.txt
[2.356s] writing entry points to solution.egg-info/entry_points.txt
[2.357s] writing requirements to solution.egg-info/requires.txt
[2.357s] writing top-level names to solution.egg-info/top_level.txt
[2.359s] reading manifest file 'solution.egg-info/SOURCES.txt'
[2.360s] writing manifest file 'solution.egg-info/SOURCES.txt'
[2.364s] running build_ext
[2.364s] Creating /home/auro/Auro/install/solution/lib/python3.10/site-packages/solution.egg-link (link to .)
[2.366s] Installing collision_avoidance script to /home/auro/Auro/install/solution/lib/solution
[2.367s] Installing data_logger script to /home/auro/Auro/install/solution/lib/solution
[2.367s] Installing robot_controller script to /home/auro/Auro/install/solution/lib/solution
[2.368s] Installing robot_manager script to /home/auro/Auro/install/solution/lib/solution
[2.368s] Installing robot_vision script to /home/auro/Auro/install/solution/lib/solution
[2.369s] 
[2.369s] Installed /home/auro/Auro/build/solution
[2.369s] running symlink_data
[2.754s] Invoked command in '/home/auro/Auro/build/solution' returned '0': PYTHONPATH=/home/auro/Auro/build/solution/prefix_override:/usr/lib/python3/dist-packages/colcon_core/task/python/colcon_distutils_commands:/home/auro/Auro/install/solution/lib/python3.10/site-packages:${PYTHONPATH} /usr/bin/python3 -W ignore:setup.py install is deprecated setup.py develop --editable --build-directory /home/auro/Auro/build/solution/build --no-deps symlink_data
