[1.632s] Invoking command in '/home/auro/Auro_Revised/build/assessment': LD_LIBRARY_PATH=/home/auro/Auro_Revised/install/auro_interfaces/lib:/home/auro/Auro_Revised/install/assessment_interfaces/lib:/home/auro/turtlebot3_ws/install/turtlebot3_msgs/lib:/home/auro/turtlebot3_ws/install/dynamixel_sdk_custom_interfaces/lib:/home/auro/turtlebot3_ws/install/dynamixel_sdk/lib:/usr/lib/x86_64-linux-gnu/gazebo-11/plugins:/opt/ros/humble/opt/rviz_ogre_vendor/lib:/opt/ros/humble/lib/x86_64-linux-gnu:/opt/ros/humble/lib:/usr/lib/x86_64-linux-gnu/gazebo-11/plugins PYTHONPATH=/home/auro/Auro_Revised/build/assessment/prefix_override:/usr/lib/python3/dist-packages/colcon_core/task/python/colcon_distutils_commands:/home/auro/Auro_Revised/install/assessment/lib/python3.10/site-packages:${PYTHONPATH} /usr/bin/python3 -W ignore:setup.py install is deprecated setup.py develop --editable --build-directory /home/auro/Auro_Revised/build/assessment/build --no-deps symlink_data
[2.264s] running develop
[2.659s] running egg_info
[2.660s] writing assessment.egg-info/PKG-INFO
[2.660s] writing dependency_links to assessment.egg-info/dependency_links.txt
[2.661s] writing entry points to assessment.egg-info/entry_points.txt
[2.661s] writing requirements to assessment.egg-info/requires.txt
[2.662s] writing top-level names to assessment.egg-info/top_level.txt
[2.667s] reading manifest file 'assessment.egg-info/SOURCES.txt'
[2.670s] writing manifest file 'assessment.egg-info/SOURCES.txt'
[2.673s] running build_ext
[2.674s] Creating /home/auro/Auro_Revised/install/assessment/lib/python3.10/site-packages/assessment.egg-link (link to .)
[2.675s] Installing item_manager script to /home/auro/Auro_Revised/install/assessment/lib/assessment
[2.676s] Installing item_sensor script to /home/auro/Auro_Revised/install/assessment/lib/assessment
[2.676s] Installing robot_sensor script to /home/auro/Auro_Revised/install/assessment/lib/assessment
[2.676s] Installing zone_sensor script to /home/auro/Auro_Revised/install/assessment/lib/assessment
[2.677s] 
[2.677s] Installed /home/auro/Auro_Revised/build/assessment
[2.677s] running symlink_data
[2.749s] Invoked command in '/home/auro/Auro_Revised/build/assessment' returned '0': LD_LIBRARY_PATH=/home/auro/Auro_Revised/install/auro_interfaces/lib:/home/auro/Auro_Revised/install/assessment_interfaces/lib:/home/auro/turtlebot3_ws/install/turtlebot3_msgs/lib:/home/auro/turtlebot3_ws/install/dynamixel_sdk_custom_interfaces/lib:/home/auro/turtlebot3_ws/install/dynamixel_sdk/lib:/usr/lib/x86_64-linux-gnu/gazebo-11/plugins:/opt/ros/humble/opt/rviz_ogre_vendor/lib:/opt/ros/humble/lib/x86_64-linux-gnu:/opt/ros/humble/lib:/usr/lib/x86_64-linux-gnu/gazebo-11/plugins PYTHONPATH=/home/auro/Auro_Revised/build/assessment/prefix_override:/usr/lib/python3/dist-packages/colcon_core/task/python/colcon_distutils_commands:/home/auro/Auro_Revised/install/assessment/lib/python3.10/site-packages:${PYTHONPATH} /usr/bin/python3 -W ignore:setup.py install is deprecated setup.py develop --editable --build-directory /home/auro/Auro_Revised/build/assessment/build --no-deps symlink_data
