[0.136s] DEBUG:colcon:Command line arguments: ['/usr/bin/colcon', 'build', '--symlink-install']
[0.136s] DEBUG:colcon:Parsed command line arguments: Namespace(log_base=None, log_level=None, verb_name='build', build_base='build', install_base='install', merge_install=False, symlink_install=True, test_result_base=None, continue_on_error=False, executor='parallel', parallel_workers=4, event_handlers=None, ignore_user_meta=False, metas=['./colcon.meta'], base_paths=['.'], packages_ignore=None, packages_ignore_regex=None, paths=None, packages_up_to=None, packages_up_to_regex=None, packages_above=None, packages_above_and_dependencies=None, packages_above_depth=None, packages_select_by_dep=None, packages_skip_by_dep=None, packages_skip_up_to=None, packages_select_build_failed=False, packages_skip_build_finished=False, packages_select_test_failures=False, packages_skip_test_passed=False, packages_select=None, packages_skip=None, packages_select_regex=None, packages_skip_regex=None, packages_start=None, packages_end=None, allow_overriding=[], cmake_args=None, cmake_target=None, cmake_target_skip_unavailable=False, cmake_clean_cache=False, cmake_clean_first=False, cmake_force_configure=False, ament_cmake_args=None, catkin_cmake_args=None, catkin_skip_building_tests=False, mixin_files=None, mixin=None, verb_parser=<colcon_mixin.mixin.mixin_argument.MixinArgumentDecorator object at 0x721d1e53afe0>, verb_extension=<colcon_core.verb.build.BuildVerb object at 0x721d1e53a230>, main=<bound method BuildVerb.main of <colcon_core.verb.build.BuildVerb object at 0x721d1e53a230>>, mixin_verb=('build',))
[0.347s] Level 1:colcon.colcon_core.package_discovery:discover_packages(colcon_meta) check parameters
[0.347s] Level 1:colcon.colcon_core.package_discovery:discover_packages(recursive) check parameters
[0.347s] Level 1:colcon.colcon_core.package_discovery:discover_packages(ignore) check parameters
[0.347s] Level 1:colcon.colcon_core.package_discovery:discover_packages(path) check parameters
[0.347s] Level 1:colcon.colcon_core.package_discovery:discover_packages(colcon_meta) discover
[0.347s] Level 1:colcon.colcon_core.package_discovery:discover_packages(recursive) discover
[0.347s] INFO:colcon.colcon_core.package_discovery:Crawling recursively for packages in '/home/auro/Auro'
[0.348s] Level 1:colcon.colcon_core.package_identification:_identify(.) by extensions ['ignore', 'ignore_ament_install']
[0.348s] Level 1:colcon.colcon_core.package_identification:_identify(.) by extension 'ignore'
[0.348s] Level 1:colcon.colcon_core.package_identification:_identify(.) by extension 'ignore_ament_install'
[0.348s] Level 1:colcon.colcon_core.package_identification:_identify(.) by extensions ['colcon_pkg']
[0.348s] Level 1:colcon.colcon_core.package_identification:_identify(.) by extension 'colcon_pkg'
[0.348s] Level 1:colcon.colcon_core.package_identification:_identify(.) by extensions ['colcon_meta']
[0.348s] Level 1:colcon.colcon_core.package_identification:_identify(.) by extension 'colcon_meta'
[0.348s] Level 1:colcon.colcon_core.package_identification:_identify(.) by extensions ['ros']
[0.348s] Level 1:colcon.colcon_core.package_identification:_identify(.) by extension 'ros'
[0.361s] Level 1:colcon.colcon_core.package_identification:_identify(.) by extensions ['cmake', 'python']
[0.361s] Level 1:colcon.colcon_core.package_identification:_identify(.) by extension 'cmake'
[0.361s] Level 1:colcon.colcon_core.package_identification:_identify(.) by extension 'python'
[0.361s] Level 1:colcon.colcon_core.package_identification:_identify(.) by extensions ['python_setup_py']
[0.361s] Level 1:colcon.colcon_core.package_identification:_identify(.) by extension 'python_setup_py'
[0.361s] Level 1:colcon.colcon_core.package_identification:_identify(assessment) by extensions ['ignore', 'ignore_ament_install']
[0.361s] Level 1:colcon.colcon_core.package_identification:_identify(assessment) by extension 'ignore'
[0.361s] Level 1:colcon.colcon_core.package_identification:_identify(assessment) by extension 'ignore_ament_install'
[0.361s] Level 1:colcon.colcon_core.package_identification:_identify(assessment) by extensions ['colcon_pkg']
[0.361s] Level 1:colcon.colcon_core.package_identification:_identify(assessment) by extension 'colcon_pkg'
[0.361s] Level 1:colcon.colcon_core.package_identification:_identify(assessment) by extensions ['colcon_meta']
[0.361s] Level 1:colcon.colcon_core.package_identification:_identify(assessment) by extension 'colcon_meta'
[0.361s] Level 1:colcon.colcon_core.package_identification:_identify(assessment) by extensions ['ros']
[0.361s] Level 1:colcon.colcon_core.package_identification:_identify(assessment) by extension 'ros'
[0.364s] DEBUG:colcon.colcon_core.package_identification:Package 'assessment' with type 'ros.ament_python' and name 'assessment'
[0.365s] Level 1:colcon.colcon_core.package_identification:_identify(assessment_interfaces) by extensions ['ignore', 'ignore_ament_install']
[0.365s] Level 1:colcon.colcon_core.package_identification:_identify(assessment_interfaces) by extension 'ignore'
[0.365s] Level 1:colcon.colcon_core.package_identification:_identify(assessment_interfaces) by extension 'ignore_ament_install'
[0.365s] Level 1:colcon.colcon_core.package_identification:_identify(assessment_interfaces) by extensions ['colcon_pkg']
[0.365s] Level 1:colcon.colcon_core.package_identification:_identify(assessment_interfaces) by extension 'colcon_pkg'
[0.365s] Level 1:colcon.colcon_core.package_identification:_identify(assessment_interfaces) by extensions ['colcon_meta']
[0.365s] Level 1:colcon.colcon_core.package_identification:_identify(assessment_interfaces) by extension 'colcon_meta'
[0.365s] Level 1:colcon.colcon_core.package_identification:_identify(assessment_interfaces) by extensions ['ros']
[0.365s] Level 1:colcon.colcon_core.package_identification:_identify(assessment_interfaces) by extension 'ros'
[0.366s] DEBUG:colcon.colcon_core.package_identification:Package 'assessment_interfaces' with type 'ros.ament_cmake' and name 'assessment_interfaces'
[0.366s] Level 1:colcon.colcon_core.package_identification:_identify(auro_interfaces) by extensions ['ignore', 'ignore_ament_install']
[0.366s] Level 1:colcon.colcon_core.package_identification:_identify(auro_interfaces) by extension 'ignore'
[0.366s] Level 1:colcon.colcon_core.package_identification:_identify(auro_interfaces) by extension 'ignore_ament_install'
[0.366s] Level 1:colcon.colcon_core.package_identification:_identify(auro_interfaces) by extensions ['colcon_pkg']
[0.366s] Level 1:colcon.colcon_core.package_identification:_identify(auro_interfaces) by extension 'colcon_pkg'
[0.366s] Level 1:colcon.colcon_core.package_identification:_identify(auro_interfaces) by extensions ['colcon_meta']
[0.366s] Level 1:colcon.colcon_core.package_identification:_identify(auro_interfaces) by extension 'colcon_meta'
[0.366s] Level 1:colcon.colcon_core.package_identification:_identify(auro_interfaces) by extensions ['ros']
[0.366s] Level 1:colcon.colcon_core.package_identification:_identify(auro_interfaces) by extension 'ros'
[0.367s] DEBUG:colcon.colcon_core.package_identification:Package 'auro_interfaces' with type 'ros.ament_cmake' and name 'auro_interfaces'
[0.367s] Level 1:colcon.colcon_core.package_identification:_identify(build) by extensions ['ignore', 'ignore_ament_install']
[0.367s] Level 1:colcon.colcon_core.package_identification:_identify(build) by extension 'ignore'
[0.367s] Level 1:colcon.colcon_core.package_identification:_identify(build) ignored
[0.367s] Level 1:colcon.colcon_core.package_identification:_identify(install) by extensions ['ignore', 'ignore_ament_install']
[0.367s] Level 1:colcon.colcon_core.package_identification:_identify(install) by extension 'ignore'
[0.367s] Level 1:colcon.colcon_core.package_identification:_identify(install) ignored
[0.368s] Level 1:colcon.colcon_core.package_identification:_identify(log) by extensions ['ignore', 'ignore_ament_install']
[0.368s] Level 1:colcon.colcon_core.package_identification:_identify(log) by extension 'ignore'
[0.368s] Level 1:colcon.colcon_core.package_identification:_identify(log) ignored
[0.368s] Level 1:colcon.colcon_core.package_identification:_identify(solution) by extensions ['ignore', 'ignore_ament_install']
[0.368s] Level 1:colcon.colcon_core.package_identification:_identify(solution) by extension 'ignore'
[0.368s] Level 1:colcon.colcon_core.package_identification:_identify(solution) by extension 'ignore_ament_install'
[0.368s] Level 1:colcon.colcon_core.package_identification:_identify(solution) by extensions ['colcon_pkg']
[0.368s] Level 1:colcon.colcon_core.package_identification:_identify(solution) by extension 'colcon_pkg'
[0.368s] Level 1:colcon.colcon_core.package_identification:_identify(solution) by extensions ['colcon_meta']
[0.368s] Level 1:colcon.colcon_core.package_identification:_identify(solution) by extension 'colcon_meta'
[0.368s] Level 1:colcon.colcon_core.package_identification:_identify(solution) by extensions ['ros']
[0.368s] Level 1:colcon.colcon_core.package_identification:_identify(solution) by extension 'ros'
[0.369s] DEBUG:colcon.colcon_core.package_identification:Package 'solution' with type 'ros.ament_python' and name 'solution'
[0.369s] Level 1:colcon.colcon_core.package_identification:_identify(tf_relay) by extensions ['ignore', 'ignore_ament_install']
[0.369s] Level 1:colcon.colcon_core.package_identification:_identify(tf_relay) by extension 'ignore'
[0.369s] Level 1:colcon.colcon_core.package_identification:_identify(tf_relay) by extension 'ignore_ament_install'
[0.369s] Level 1:colcon.colcon_core.package_identification:_identify(tf_relay) by extensions ['colcon_pkg']
[0.369s] Level 1:colcon.colcon_core.package_identification:_identify(tf_relay) by extension 'colcon_pkg'
[0.369s] Level 1:colcon.colcon_core.package_identification:_identify(tf_relay) by extensions ['colcon_meta']
[0.369s] Level 1:colcon.colcon_core.package_identification:_identify(tf_relay) by extension 'colcon_meta'
[0.369s] Level 1:colcon.colcon_core.package_identification:_identify(tf_relay) by extensions ['ros']
[0.369s] Level 1:colcon.colcon_core.package_identification:_identify(tf_relay) by extension 'ros'
[0.370s] DEBUG:colcon.colcon_core.package_identification:Package 'tf_relay' with type 'ros.ament_python' and name 'tf_relay'
[0.370s] Level 1:colcon.colcon_core.package_discovery:discover_packages(recursive) using defaults
[0.370s] Level 1:colcon.colcon_core.package_discovery:discover_packages(ignore) discover
[0.370s] Level 1:colcon.colcon_core.package_discovery:discover_packages(ignore) using defaults
[0.370s] Level 1:colcon.colcon_core.package_discovery:discover_packages(path) discover
[0.370s] Level 1:colcon.colcon_core.package_discovery:discover_packages(path) using defaults
[0.415s] Level 1:colcon.colcon_core.package_discovery:discover_packages(prefix_path) check parameters
[0.415s] Level 1:colcon.colcon_core.package_discovery:discover_packages(prefix_path) discover
[0.418s] DEBUG:colcon.colcon_installed_package_information.package_discovery:Found 15 installed packages in /home/auro/turtlebot3_ws/install
[0.420s] DEBUG:colcon.colcon_installed_package_information.package_discovery:Found 398 installed packages in /opt/ros/humble
[0.423s] Level 1:colcon.colcon_core.package_discovery:discover_packages(prefix_path) using defaults
[0.491s] Level 5:colcon.colcon_core.verb:set package 'assessment_interfaces' build argument 'cmake_args' from command line to 'None'
[0.491s] Level 5:colcon.colcon_core.verb:set package 'assessment_interfaces' build argument 'cmake_target' from command line to 'None'
[0.491s] Level 5:colcon.colcon_core.verb:set package 'assessment_interfaces' build argument 'cmake_target_skip_unavailable' from command line to 'False'
[0.491s] Level 5:colcon.colcon_core.verb:set package 'assessment_interfaces' build argument 'cmake_clean_cache' from command line to 'False'
[0.491s] Level 5:colcon.colcon_core.verb:set package 'assessment_interfaces' build argument 'cmake_clean_first' from command line to 'False'
[0.491s] Level 5:colcon.colcon_core.verb:set package 'assessment_interfaces' build argument 'cmake_force_configure' from command line to 'False'
[0.491s] Level 5:colcon.colcon_core.verb:set package 'assessment_interfaces' build argument 'ament_cmake_args' from command line to 'None'
[0.491s] Level 5:colcon.colcon_core.verb:set package 'assessment_interfaces' build argument 'catkin_cmake_args' from command line to 'None'
[0.491s] Level 5:colcon.colcon_core.verb:set package 'assessment_interfaces' build argument 'catkin_skip_building_tests' from command line to 'False'
[0.491s] DEBUG:colcon.colcon_core.verb:Building package 'assessment_interfaces' with the following arguments: {'ament_cmake_args': None, 'build_base': '/home/auro/Auro/build/assessment_interfaces', 'catkin_cmake_args': None, 'catkin_skip_building_tests': False, 'cmake_args': None, 'cmake_clean_cache': False, 'cmake_clean_first': False, 'cmake_force_configure': False, 'cmake_target': None, 'cmake_target_skip_unavailable': False, 'install_base': '/home/auro/Auro/install/assessment_interfaces', 'merge_install': False, 'path': '/home/auro/Auro/assessment_interfaces', 'symlink_install': True, 'test_result_base': None}
[0.491s] Level 5:colcon.colcon_core.verb:set package 'auro_interfaces' build argument 'cmake_args' from command line to 'None'
[0.491s] Level 5:colcon.colcon_core.verb:set package 'auro_interfaces' build argument 'cmake_target' from command line to 'None'
[0.491s] Level 5:colcon.colcon_core.verb:set package 'auro_interfaces' build argument 'cmake_target_skip_unavailable' from command line to 'False'
[0.491s] Level 5:colcon.colcon_core.verb:set package 'auro_interfaces' build argument 'cmake_clean_cache' from command line to 'False'
[0.491s] Level 5:colcon.colcon_core.verb:set package 'auro_interfaces' build argument 'cmake_clean_first' from command line to 'False'
[0.491s] Level 5:colcon.colcon_core.verb:set package 'auro_interfaces' build argument 'cmake_force_configure' from command line to 'False'
[0.491s] Level 5:colcon.colcon_core.verb:set package 'auro_interfaces' build argument 'ament_cmake_args' from command line to 'None'
[0.492s] Level 5:colcon.colcon_core.verb:set package 'auro_interfaces' build argument 'catkin_cmake_args' from command line to 'None'
[0.492s] Level 5:colcon.colcon_core.verb:set package 'auro_interfaces' build argument 'catkin_skip_building_tests' from command line to 'False'
[0.492s] DEBUG:colcon.colcon_core.verb:Building package 'auro_interfaces' with the following arguments: {'ament_cmake_args': None, 'build_base': '/home/auro/Auro/build/auro_interfaces', 'catkin_cmake_args': None, 'catkin_skip_building_tests': False, 'cmake_args': None, 'cmake_clean_cache': False, 'cmake_clean_first': False, 'cmake_force_configure': False, 'cmake_target': None, 'cmake_target_skip_unavailable': False, 'install_base': '/home/auro/Auro/install/auro_interfaces', 'merge_install': False, 'path': '/home/auro/Auro/auro_interfaces', 'symlink_install': True, 'test_result_base': None}
[0.492s] Level 5:colcon.colcon_core.verb:set package 'solution' build argument 'cmake_args' from command line to 'None'
[0.492s] Level 5:colcon.colcon_core.verb:set package 'solution' build argument 'cmake_target' from command line to 'None'
[0.492s] Level 5:colcon.colcon_core.verb:set package 'solution' build argument 'cmake_target_skip_unavailable' from command line to 'False'
[0.492s] Level 5:colcon.colcon_core.verb:set package 'solution' build argument 'cmake_clean_cache' from command line to 'False'
[0.492s] Level 5:colcon.colcon_core.verb:set package 'solution' build argument 'cmake_clean_first' from command line to 'False'
[0.492s] Level 5:colcon.colcon_core.verb:set package 'solution' build argument 'cmake_force_configure' from command line to 'False'
[0.492s] Level 5:colcon.colcon_core.verb:set package 'solution' build argument 'ament_cmake_args' from command line to 'None'
[0.492s] Level 5:colcon.colcon_core.verb:set package 'solution' build argument 'catkin_cmake_args' from command line to 'None'
[0.492s] Level 5:colcon.colcon_core.verb:set package 'solution' build argument 'catkin_skip_building_tests' from command line to 'False'
[0.492s] DEBUG:colcon.colcon_core.verb:Building package 'solution' with the following arguments: {'ament_cmake_args': None, 'build_base': '/home/auro/Auro/build/solution', 'catkin_cmake_args': None, 'catkin_skip_building_tests': False, 'cmake_args': None, 'cmake_clean_cache': False, 'cmake_clean_first': False, 'cmake_force_configure': False, 'cmake_target': None, 'cmake_target_skip_unavailable': False, 'install_base': '/home/auro/Auro/install/solution', 'merge_install': False, 'path': '/home/auro/Auro/solution', 'symlink_install': True, 'test_result_base': None}
[0.493s] Level 5:colcon.colcon_core.verb:set package 'tf_relay' build argument 'cmake_args' from command line to 'None'
[0.493s] Level 5:colcon.colcon_core.verb:set package 'tf_relay' build argument 'cmake_target' from command line to 'None'
[0.493s] Level 5:colcon.colcon_core.verb:set package 'tf_relay' build argument 'cmake_target_skip_unavailable' from command line to 'False'
[0.493s] Level 5:colcon.colcon_core.verb:set package 'tf_relay' build argument 'cmake_clean_cache' from command line to 'False'
[0.493s] Level 5:colcon.colcon_core.verb:set package 'tf_relay' build argument 'cmake_clean_first' from command line to 'False'
[0.493s] Level 5:colcon.colcon_core.verb:set package 'tf_relay' build argument 'cmake_force_configure' from command line to 'False'
[0.493s] Level 5:colcon.colcon_core.verb:set package 'tf_relay' build argument 'ament_cmake_args' from command line to 'None'
[0.493s] Level 5:colcon.colcon_core.verb:set package 'tf_relay' build argument 'catkin_cmake_args' from command line to 'None'
[0.493s] Level 5:colcon.colcon_core.verb:set package 'tf_relay' build argument 'catkin_skip_building_tests' from command line to 'False'
[0.493s] DEBUG:colcon.colcon_core.verb:Building package 'tf_relay' with the following arguments: {'ament_cmake_args': None, 'build_base': '/home/auro/Auro/build/tf_relay', 'catkin_cmake_args': None, 'catkin_skip_building_tests': False, 'cmake_args': None, 'cmake_clean_cache': False, 'cmake_clean_first': False, 'cmake_force_configure': False, 'cmake_target': None, 'cmake_target_skip_unavailable': False, 'install_base': '/home/auro/Auro/install/tf_relay', 'merge_install': False, 'path': '/home/auro/Auro/tf_relay', 'symlink_install': True, 'test_result_base': None}
[0.493s] Level 5:colcon.colcon_core.verb:set package 'assessment' build argument 'cmake_args' from command line to 'None'
[0.493s] Level 5:colcon.colcon_core.verb:set package 'assessment' build argument 'cmake_target' from command line to 'None'
[0.493s] Level 5:colcon.colcon_core.verb:set package 'assessment' build argument 'cmake_target_skip_unavailable' from command line to 'False'
[0.494s] Level 5:colcon.colcon_core.verb:set package 'assessment' build argument 'cmake_clean_cache' from command line to 'False'
[0.494s] Level 5:colcon.colcon_core.verb:set package 'assessment' build argument 'cmake_clean_first' from command line to 'False'
[0.494s] Level 5:colcon.colcon_core.verb:set package 'assessment' build argument 'cmake_force_configure' from command line to 'False'
[0.494s] Level 5:colcon.colcon_core.verb:set package 'assessment' build argument 'ament_cmake_args' from command line to 'None'
[0.494s] Level 5:colcon.colcon_core.verb:set package 'assessment' build argument 'catkin_cmake_args' from command line to 'None'
[0.494s] Level 5:colcon.colcon_core.verb:set package 'assessment' build argument 'catkin_skip_building_tests' from command line to 'False'
[0.494s] DEBUG:colcon.colcon_core.verb:Building package 'assessment' with the following arguments: {'ament_cmake_args': None, 'build_base': '/home/auro/Auro/build/assessment', 'catkin_cmake_args': None, 'catkin_skip_building_tests': False, 'cmake_args': None, 'cmake_clean_cache': False, 'cmake_clean_first': False, 'cmake_force_configure': False, 'cmake_target': None, 'cmake_target_skip_unavailable': False, 'install_base': '/home/auro/Auro/install/assessment', 'merge_install': False, 'path': '/home/auro/Auro/assessment', 'symlink_install': True, 'test_result_base': None}
[0.494s] INFO:colcon.colcon_core.executor:Executing jobs using 'parallel' executor
[0.496s] DEBUG:colcon.colcon_parallel_executor.executor.parallel:run_until_complete
[0.496s] INFO:colcon.colcon_ros.task.ament_cmake.build:Building ROS package in '/home/auro/Auro/auro_interfaces' with build type 'ament_cmake'
[0.496s] INFO:colcon.colcon_cmake.task.cmake.build:Building CMake package in '/home/auro/Auro/auro_interfaces'
[0.500s] INFO:colcon.colcon_core.plugin_system:Skipping extension 'colcon_core.shell.bat': Not used on non-Windows systems
[0.500s] INFO:colcon.colcon_core.shell:Skip shell extension 'powershell' for command environment: Not usable outside of PowerShell
[0.500s] DEBUG:colcon.colcon_core.shell:Skip shell extension 'dsv' for command environment
[0.507s] INFO:colcon.colcon_ros.task.ament_cmake.build:Building ROS package in '/home/auro/Auro/assessment_interfaces' with build type 'ament_cmake'
[0.507s] INFO:colcon.colcon_cmake.task.cmake.build:Building CMake package in '/home/auro/Auro/assessment_interfaces'
[0.508s] INFO:colcon.colcon_core.shell:Skip shell extension 'powershell' for command environment: Not usable outside of PowerShell
[0.508s] DEBUG:colcon.colcon_core.shell:Skip shell extension 'dsv' for command environment
[0.516s] INFO:colcon.colcon_ros.task.ament_python.build:Building ROS package in '/home/auro/Auro/solution' with build type 'ament_python'
[0.516s] Level 1:colcon.colcon_core.shell:create_environment_hook('solution', 'ament_prefix_path')
[0.517s] INFO:colcon.colcon_core.shell:Creating environment hook '/home/auro/Auro/install/solution/share/solution/hook/ament_prefix_path.ps1'
[0.519s] INFO:colcon.colcon_core.shell:Creating environment descriptor '/home/auro/Auro/install/solution/share/solution/hook/ament_prefix_path.dsv'
[0.520s] INFO:colcon.colcon_core.shell:Creating environment hook '/home/auro/Auro/install/solution/share/solution/hook/ament_prefix_path.sh'
[0.521s] INFO:colcon.colcon_core.shell:Skip shell extension 'powershell' for command environment: Not usable outside of PowerShell
[0.521s] DEBUG:colcon.colcon_core.shell:Skip shell extension 'dsv' for command environment
[0.526s] INFO:colcon.colcon_ros.task.ament_python.build:Building ROS package in '/home/auro/Auro/tf_relay' with build type 'ament_python'
[0.526s] Level 1:colcon.colcon_core.shell:create_environment_hook('tf_relay', 'ament_prefix_path')
[0.527s] INFO:colcon.colcon_core.shell:Creating environment hook '/home/auro/Auro/install/tf_relay/share/tf_relay/hook/ament_prefix_path.ps1'
[0.528s] INFO:colcon.colcon_core.shell:Creating environment descriptor '/home/auro/Auro/install/tf_relay/share/tf_relay/hook/ament_prefix_path.dsv'
[0.529s] INFO:colcon.colcon_core.shell:Creating environment hook '/home/auro/Auro/install/tf_relay/share/tf_relay/hook/ament_prefix_path.sh'
[0.530s] INFO:colcon.colcon_core.shell:Skip shell extension 'powershell' for command environment: Not usable outside of PowerShell
[0.530s] DEBUG:colcon.colcon_core.shell:Skip shell extension 'dsv' for command environment
[0.544s] DEBUG:colcon.colcon_core.event_handler.log_command:Invoking command in '/home/auro/Auro/build/auro_interfaces': CMAKE_PREFIX_PATH=${CMAKE_PREFIX_PATH}:/home/auro/turtlebot3_ws/install/turtlebot3_teleop:/home/auro/turtlebot3_ws/install/turtlebot3_example:/opt/ros/humble /usr/bin/cmake --build /home/auro/Auro/build/auro_interfaces -- -j4 -l4
[0.554s] DEBUG:colcon.colcon_core.event_handler.log_command:Invoking command in '/home/auro/Auro/build/assessment_interfaces': CMAKE_PREFIX_PATH=${CMAKE_PREFIX_PATH}:/home/auro/turtlebot3_ws/install/turtlebot3_teleop:/home/auro/turtlebot3_ws/install/turtlebot3_example:/opt/ros/humble /usr/bin/cmake --build /home/auro/Auro/build/assessment_interfaces -- -j4 -l4
[0.956s] INFO:colcon.colcon_core.task.python.build:Building Python package in '/home/auro/Auro/solution'
[0.956s] INFO:colcon.colcon_core.shell:Skip shell extension 'powershell' for command environment: Not usable outside of PowerShell
[0.957s] DEBUG:colcon.colcon_core.shell:Skip shell extension 'dsv' for command environment
[1.373s] INFO:colcon.colcon_core.task.python.build:Building Python package in '/home/auro/Auro/tf_relay'
[1.374s] INFO:colcon.colcon_core.shell:Skip shell extension 'powershell' for command environment: Not usable outside of PowerShell
[1.374s] DEBUG:colcon.colcon_core.shell:Skip shell extension 'dsv' for command environment
[1.594s] DEBUG:colcon.colcon_core.event_handler.log_command:Invoked command in '/home/auro/Auro/build/auro_interfaces' returned '0': CMAKE_PREFIX_PATH=${CMAKE_PREFIX_PATH}:/home/auro/turtlebot3_ws/install/turtlebot3_teleop:/home/auro/turtlebot3_ws/install/turtlebot3_example:/opt/ros/humble /usr/bin/cmake --build /home/auro/Auro/build/auro_interfaces -- -j4 -l4
[1.660s] DEBUG:colcon.colcon_core.event_handler.log_command:Invoked command in '/home/auro/Auro/build/assessment_interfaces' returned '0': CMAKE_PREFIX_PATH=${CMAKE_PREFIX_PATH}:/home/auro/turtlebot3_ws/install/turtlebot3_teleop:/home/auro/turtlebot3_ws/install/turtlebot3_example:/opt/ros/humble /usr/bin/cmake --build /home/auro/Auro/build/assessment_interfaces -- -j4 -l4
[1.912s] DEBUG:colcon.colcon_core.event_handler.log_command:Invoking command in '/home/auro/Auro/build/auro_interfaces': CMAKE_PREFIX_PATH=${CMAKE_PREFIX_PATH}:/home/auro/turtlebot3_ws/install/turtlebot3_teleop:/home/auro/turtlebot3_ws/install/turtlebot3_example:/opt/ros/humble /usr/bin/cmake --install /home/auro/Auro/build/auro_interfaces
[2.074s] DEBUG:colcon.colcon_core.event_handler.log_command:Invoking command in '/home/auro/Auro/build/tf_relay': PYTHONPATH=/home/auro/Auro/build/tf_relay/prefix_override:/usr/lib/python3/dist-packages/colcon_core/task/python/colcon_distutils_commands:/home/auro/Auro/install/tf_relay/lib/python3.10/site-packages:${PYTHONPATH} /usr/bin/python3 -W ignore:setup.py install is deprecated setup.py develop --editable --build-directory /home/auro/Auro/build/tf_relay/build --no-deps symlink_data
[2.075s] DEBUG:colcon.colcon_core.event_handler.log_command:Invoking command in '/home/auro/Auro/build/solution': PYTHONPATH=/home/auro/Auro/build/solution/prefix_override:/usr/lib/python3/dist-packages/colcon_core/task/python/colcon_distutils_commands:/home/auro/Auro/install/solution/lib/python3.10/site-packages:${PYTHONPATH} /usr/bin/python3 -W ignore:setup.py install is deprecated setup.py develop --editable --build-directory /home/auro/Auro/build/solution/build --no-deps symlink_data
[2.092s] Level 1:colcon.colcon_core.environment:create_environment_scripts_only(auro_interfaces)
[2.094s] DEBUG:colcon.colcon_core.event_handler.log_command:Invoked command in '/home/auro/Auro/build/auro_interfaces' returned '0': CMAKE_PREFIX_PATH=${CMAKE_PREFIX_PATH}:/home/auro/turtlebot3_ws/install/turtlebot3_teleop:/home/auro/turtlebot3_ws/install/turtlebot3_example:/opt/ros/humble /usr/bin/cmake --install /home/auro/Auro/build/auro_interfaces
[2.096s] Level 1:colcon.colcon_core.environment:checking '/home/auro/Auro/install/auro_interfaces' for CMake module files
[2.097s] Level 1:colcon.colcon_core.environment:checking '/home/auro/Auro/install/auro_interfaces' for CMake config files
[2.099s] Level 1:colcon.colcon_core.shell:create_environment_hook('auro_interfaces', 'cmake_prefix_path')
[2.099s] INFO:colcon.colcon_core.shell:Creating environment hook '/home/auro/Auro/install/auro_interfaces/share/auro_interfaces/hook/cmake_prefix_path.ps1'
[2.101s] INFO:colcon.colcon_core.shell:Creating environment descriptor '/home/auro/Auro/install/auro_interfaces/share/auro_interfaces/hook/cmake_prefix_path.dsv'
[2.102s] INFO:colcon.colcon_core.shell:Creating environment hook '/home/auro/Auro/install/auro_interfaces/share/auro_interfaces/hook/cmake_prefix_path.sh'
[2.104s] Level 1:colcon.colcon_core.environment:checking '/home/auro/Auro/install/auro_interfaces/lib'
[2.104s] Level 1:colcon.colcon_core.shell:create_environment_hook('auro_interfaces', 'ld_library_path_lib')
[2.105s] INFO:colcon.colcon_core.shell:Creating environment hook '/home/auro/Auro/install/auro_interfaces/share/auro_interfaces/hook/ld_library_path_lib.ps1'
[2.106s] INFO:colcon.colcon_core.shell:Creating environment descriptor '/home/auro/Auro/install/auro_interfaces/share/auro_interfaces/hook/ld_library_path_lib.dsv'
[2.106s] INFO:colcon.colcon_core.shell:Creating environment hook '/home/auro/Auro/install/auro_interfaces/share/auro_interfaces/hook/ld_library_path_lib.sh'
[2.107s] Level 1:colcon.colcon_core.environment:checking '/home/auro/Auro/install/auro_interfaces/bin'
[2.107s] Level 1:colcon.colcon_core.environment:checking '/home/auro/Auro/install/auro_interfaces/lib/pkgconfig/auro_interfaces.pc'
[2.107s] Level 1:colcon.colcon_core.environment:checking '/home/auro/Auro/install/auro_interfaces/lib/python3.10/site-packages'
[2.108s] Level 1:colcon.colcon_core.environment:checking '/home/auro/Auro/install/auro_interfaces/bin'
[2.110s] INFO:colcon.colcon_core.shell:Creating package script '/home/auro/Auro/install/auro_interfaces/share/auro_interfaces/package.ps1'
[2.111s] INFO:colcon.colcon_core.shell:Creating package descriptor '/home/auro/Auro/install/auro_interfaces/share/auro_interfaces/package.dsv'
[2.112s] INFO:colcon.colcon_core.shell:Creating package script '/home/auro/Auro/install/auro_interfaces/share/auro_interfaces/package.sh'
[2.114s] INFO:colcon.colcon_core.shell:Creating package script '/home/auro/Auro/install/auro_interfaces/share/auro_interfaces/package.bash'
[2.119s] INFO:colcon.colcon_core.shell:Creating package script '/home/auro/Auro/install/auro_interfaces/share/auro_interfaces/package.zsh'
[2.120s] Level 1:colcon.colcon_core.environment:create_file_with_runtime_dependencies(/home/auro/Auro/install/auro_interfaces/share/colcon-core/packages/auro_interfaces)
[2.128s] DEBUG:colcon.colcon_core.event_handler.log_command:Invoking command in '/home/auro/Auro/build/assessment_interfaces': CMAKE_PREFIX_PATH=${CMAKE_PREFIX_PATH}:/home/auro/turtlebot3_ws/install/turtlebot3_teleop:/home/auro/turtlebot3_ws/install/turtlebot3_example:/opt/ros/humble /usr/bin/cmake --install /home/auro/Auro/build/assessment_interfaces
[2.290s] Level 1:colcon.colcon_core.environment:create_environment_scripts_only(assessment_interfaces)
[2.290s] Level 1:colcon.colcon_core.environment:checking '/home/auro/Auro/install/assessment_interfaces' for CMake module files
[2.291s] Level 1:colcon.colcon_core.environment:checking '/home/auro/Auro/install/assessment_interfaces' for CMake config files
[2.293s] Level 1:colcon.colcon_core.shell:create_environment_hook('assessment_interfaces', 'cmake_prefix_path')
[2.294s] INFO:colcon.colcon_core.shell:Creating environment hook '/home/auro/Auro/install/assessment_interfaces/share/assessment_interfaces/hook/cmake_prefix_path.ps1'
[2.295s] INFO:colcon.colcon_core.shell:Creating environment descriptor '/home/auro/Auro/install/assessment_interfaces/share/assessment_interfaces/hook/cmake_prefix_path.dsv'
[2.295s] DEBUG:colcon.colcon_core.event_handler.log_command:Invoked command in '/home/auro/Auro/build/assessment_interfaces' returned '0': CMAKE_PREFIX_PATH=${CMAKE_PREFIX_PATH}:/home/auro/turtlebot3_ws/install/turtlebot3_teleop:/home/auro/turtlebot3_ws/install/turtlebot3_example:/opt/ros/humble /usr/bin/cmake --install /home/auro/Auro/build/assessment_interfaces
[2.296s] INFO:colcon.colcon_core.shell:Creating environment hook '/home/auro/Auro/install/assessment_interfaces/share/assessment_interfaces/hook/cmake_prefix_path.sh'
[2.297s] Level 1:colcon.colcon_core.environment:checking '/home/auro/Auro/install/assessment_interfaces/lib'
[2.297s] Level 1:colcon.colcon_core.shell:create_environment_hook('assessment_interfaces', 'ld_library_path_lib')
[2.298s] INFO:colcon.colcon_core.shell:Creating environment hook '/home/auro/Auro/install/assessment_interfaces/share/assessment_interfaces/hook/ld_library_path_lib.ps1'
[2.299s] INFO:colcon.colcon_core.shell:Creating environment descriptor '/home/auro/Auro/install/assessment_interfaces/share/assessment_interfaces/hook/ld_library_path_lib.dsv'
[2.299s] INFO:colcon.colcon_core.shell:Creating environment hook '/home/auro/Auro/install/assessment_interfaces/share/assessment_interfaces/hook/ld_library_path_lib.sh'
[2.300s] Level 1:colcon.colcon_core.environment:checking '/home/auro/Auro/install/assessment_interfaces/bin'
[2.300s] Level 1:colcon.colcon_core.environment:checking '/home/auro/Auro/install/assessment_interfaces/lib/pkgconfig/assessment_interfaces.pc'
[2.301s] Level 1:colcon.colcon_core.environment:checking '/home/auro/Auro/install/assessment_interfaces/lib/python3.10/site-packages'
[2.301s] Level 1:colcon.colcon_core.environment:checking '/home/auro/Auro/install/assessment_interfaces/bin'
[2.302s] INFO:colcon.colcon_core.shell:Creating package script '/home/auro/Auro/install/assessment_interfaces/share/assessment_interfaces/package.ps1'
[2.302s] INFO:colcon.colcon_core.shell:Creating package descriptor '/home/auro/Auro/install/assessment_interfaces/share/assessment_interfaces/package.dsv'
[2.303s] INFO:colcon.colcon_core.shell:Creating package script '/home/auro/Auro/install/assessment_interfaces/share/assessment_interfaces/package.sh'
[2.304s] INFO:colcon.colcon_core.shell:Creating package script '/home/auro/Auro/install/assessment_interfaces/share/assessment_interfaces/package.bash'
[2.305s] INFO:colcon.colcon_core.shell:Creating package script '/home/auro/Auro/install/assessment_interfaces/share/assessment_interfaces/package.zsh'
[2.306s] Level 1:colcon.colcon_core.environment:create_file_with_runtime_dependencies(/home/auro/Auro/install/assessment_interfaces/share/colcon-core/packages/assessment_interfaces)
[2.456s] Level 1:colcon.colcon_core.environment:create_environment_scripts_only(auro_interfaces)
[2.457s] Level 1:colcon.colcon_core.environment:checking '/home/auro/Auro/install/auro_interfaces' for CMake module files
[2.458s] Level 1:colcon.colcon_core.environment:checking '/home/auro/Auro/install/auro_interfaces' for CMake config files
[2.459s] Level 1:colcon.colcon_core.shell:create_environment_hook('auro_interfaces', 'cmake_prefix_path')
[2.460s] INFO:colcon.colcon_core.shell:Creating environment hook '/home/auro/Auro/install/auro_interfaces/share/auro_interfaces/hook/cmake_prefix_path.ps1'
[2.460s] INFO:colcon.colcon_core.shell:Creating environment descriptor '/home/auro/Auro/install/auro_interfaces/share/auro_interfaces/hook/cmake_prefix_path.dsv'
[2.462s] INFO:colcon.colcon_core.shell:Creating environment hook '/home/auro/Auro/install/auro_interfaces/share/auro_interfaces/hook/cmake_prefix_path.sh'
[2.463s] Level 1:colcon.colcon_core.environment:checking '/home/auro/Auro/install/auro_interfaces/lib'
[2.463s] Level 1:colcon.colcon_core.shell:create_environment_hook('auro_interfaces', 'ld_library_path_lib')
[2.463s] INFO:colcon.colcon_core.shell:Creating environment hook '/home/auro/Auro/install/auro_interfaces/share/auro_interfaces/hook/ld_library_path_lib.ps1'
[2.464s] INFO:colcon.colcon_core.shell:Creating environment descriptor '/home/auro/Auro/install/auro_interfaces/share/auro_interfaces/hook/ld_library_path_lib.dsv'
[2.465s] INFO:colcon.colcon_core.shell:Creating environment hook '/home/auro/Auro/install/auro_interfaces/share/auro_interfaces/hook/ld_library_path_lib.sh'
[2.466s] Level 1:colcon.colcon_core.environment:checking '/home/auro/Auro/install/auro_interfaces/bin'
[2.466s] Level 1:colcon.colcon_core.environment:checking '/home/auro/Auro/install/auro_interfaces/lib/pkgconfig/auro_interfaces.pc'
[2.466s] Level 1:colcon.colcon_core.environment:checking '/home/auro/Auro/install/auro_interfaces/lib/python3.10/site-packages'
[2.467s] Level 1:colcon.colcon_core.environment:checking '/home/auro/Auro/install/auro_interfaces/bin'
[2.467s] INFO:colcon.colcon_core.shell:Creating package script '/home/auro/Auro/install/auro_interfaces/share/auro_interfaces/package.ps1'
[2.469s] INFO:colcon.colcon_core.shell:Creating package descriptor '/home/auro/Auro/install/auro_interfaces/share/auro_interfaces/package.dsv'
[2.470s] INFO:colcon.colcon_core.shell:Creating package script '/home/auro/Auro/install/auro_interfaces/share/auro_interfaces/package.sh'
[2.471s] INFO:colcon.colcon_core.shell:Creating package script '/home/auro/Auro/install/auro_interfaces/share/auro_interfaces/package.bash'
[2.472s] INFO:colcon.colcon_core.shell:Creating package script '/home/auro/Auro/install/auro_interfaces/share/auro_interfaces/package.zsh'
[2.473s] Level 1:colcon.colcon_core.environment:create_file_with_runtime_dependencies(/home/auro/Auro/install/auro_interfaces/share/colcon-core/packages/auro_interfaces)
[2.474s] INFO:colcon.colcon_ros.task.ament_python.build:Building ROS package in '/home/auro/Auro/assessment' with build type 'ament_python'
[2.475s] Level 1:colcon.colcon_core.shell:create_environment_hook('assessment', 'ament_prefix_path')
[2.475s] INFO:colcon.colcon_core.shell:Creating environment hook '/home/auro/Auro/install/assessment/share/assessment/hook/ament_prefix_path.ps1'
[2.476s] INFO:colcon.colcon_core.shell:Creating environment descriptor '/home/auro/Auro/install/assessment/share/assessment/hook/ament_prefix_path.dsv'
[2.477s] INFO:colcon.colcon_core.shell:Creating environment hook '/home/auro/Auro/install/assessment/share/assessment/hook/ament_prefix_path.sh'
[2.478s] INFO:colcon.colcon_core.shell:Skip shell extension 'powershell' for command environment: Not usable outside of PowerShell
[2.478s] DEBUG:colcon.colcon_core.shell:Skip shell extension 'dsv' for command environment
[2.954s] INFO:colcon.colcon_core.task.python.build:Building Python package in '/home/auro/Auro/assessment'
[2.954s] INFO:colcon.colcon_core.shell:Skip shell extension 'powershell' for command environment: Not usable outside of PowerShell
[2.955s] DEBUG:colcon.colcon_core.shell:Skip shell extension 'dsv' for command environment
[2.965s] Level 1:colcon.colcon_core.shell:create_environment_hook('solution', 'pythonpath_develop')
[2.965s] INFO:colcon.colcon_core.shell:Creating environment hook '/home/auro/Auro/build/solution/share/solution/hook/pythonpath_develop.ps1'
[2.966s] DEBUG:colcon.colcon_core.event_handler.log_command:Invoked command in '/home/auro/Auro/build/solution' returned '0': PYTHONPATH=/home/auro/Auro/build/solution/prefix_override:/usr/lib/python3/dist-packages/colcon_core/task/python/colcon_distutils_commands:/home/auro/Auro/install/solution/lib/python3.10/site-packages:${PYTHONPATH} /usr/bin/python3 -W ignore:setup.py install is deprecated setup.py develop --editable --build-directory /home/auro/Auro/build/solution/build --no-deps symlink_data
[2.966s] INFO:colcon.colcon_core.shell:Creating environment descriptor '/home/auro/Auro/build/solution/share/solution/hook/pythonpath_develop.dsv'
[2.967s] INFO:colcon.colcon_core.shell:Creating environment hook '/home/auro/Auro/build/solution/share/solution/hook/pythonpath_develop.sh'
[2.967s] Level 1:colcon.colcon_core.environment:checking '/home/auro/Auro/install/solution' for CMake module files
[2.968s] Level 1:colcon.colcon_core.environment:checking '/home/auro/Auro/install/solution' for CMake config files
[2.969s] Level 1:colcon.colcon_core.environment:checking '/home/auro/Auro/install/solution/lib'
[2.969s] Level 1:colcon.colcon_core.environment:checking '/home/auro/Auro/install/solution/bin'
[2.969s] Level 1:colcon.colcon_core.environment:checking '/home/auro/Auro/install/solution/lib/pkgconfig/solution.pc'
[2.969s] Level 1:colcon.colcon_core.environment:checking '/home/auro/Auro/install/solution/lib/python3.10/site-packages'
[2.969s] Level 1:colcon.colcon_core.shell:create_environment_hook('solution', 'pythonpath')
[2.970s] INFO:colcon.colcon_core.shell:Creating environment hook '/home/auro/Auro/install/solution/share/solution/hook/pythonpath.ps1'
[2.970s] INFO:colcon.colcon_core.shell:Creating environment descriptor '/home/auro/Auro/install/solution/share/solution/hook/pythonpath.dsv'
[2.971s] INFO:colcon.colcon_core.shell:Creating environment hook '/home/auro/Auro/install/solution/share/solution/hook/pythonpath.sh'
[2.971s] Level 1:colcon.colcon_core.environment:checking '/home/auro/Auro/install/solution/bin'
[2.972s] Level 1:colcon.colcon_core.environment:create_environment_scripts_only(solution)
[2.972s] INFO:colcon.colcon_core.shell:Creating package script '/home/auro/Auro/install/solution/share/solution/package.ps1'
[2.973s] INFO:colcon.colcon_core.shell:Creating package descriptor '/home/auro/Auro/install/solution/share/solution/package.dsv'
[2.974s] INFO:colcon.colcon_core.shell:Creating package script '/home/auro/Auro/install/solution/share/solution/package.sh'
[2.975s] INFO:colcon.colcon_core.shell:Creating package script '/home/auro/Auro/install/solution/share/solution/package.bash'
[2.975s] INFO:colcon.colcon_core.shell:Creating package script '/home/auro/Auro/install/solution/share/solution/package.zsh'
[2.976s] Level 1:colcon.colcon_core.environment:create_file_with_runtime_dependencies(/home/auro/Auro/install/solution/share/colcon-core/packages/solution)
[2.977s] Level 1:colcon.colcon_core.environment:create_environment_scripts_only(assessment_interfaces)
[2.978s] Level 1:colcon.colcon_core.environment:checking '/home/auro/Auro/install/assessment_interfaces' for CMake module files
[2.979s] Level 1:colcon.colcon_core.environment:checking '/home/auro/Auro/install/assessment_interfaces' for CMake config files
[2.981s] Level 1:colcon.colcon_core.shell:create_environment_hook('assessment_interfaces', 'cmake_prefix_path')
[2.981s] INFO:colcon.colcon_core.shell:Creating environment hook '/home/auro/Auro/install/assessment_interfaces/share/assessment_interfaces/hook/cmake_prefix_path.ps1'
[2.982s] INFO:colcon.colcon_core.shell:Creating environment descriptor '/home/auro/Auro/install/assessment_interfaces/share/assessment_interfaces/hook/cmake_prefix_path.dsv'
[2.982s] INFO:colcon.colcon_core.shell:Creating environment hook '/home/auro/Auro/install/assessment_interfaces/share/assessment_interfaces/hook/cmake_prefix_path.sh'
[2.983s] Level 1:colcon.colcon_core.environment:checking '/home/auro/Auro/install/assessment_interfaces/lib'
[2.983s] Level 1:colcon.colcon_core.shell:create_environment_hook('assessment_interfaces', 'ld_library_path_lib')
[2.983s] INFO:colcon.colcon_core.shell:Creating environment hook '/home/auro/Auro/install/assessment_interfaces/share/assessment_interfaces/hook/ld_library_path_lib.ps1'
[2.984s] INFO:colcon.colcon_core.shell:Creating environment descriptor '/home/auro/Auro/install/assessment_interfaces/share/assessment_interfaces/hook/ld_library_path_lib.dsv'
[2.984s] INFO:colcon.colcon_core.shell:Creating environment hook '/home/auro/Auro/install/assessment_interfaces/share/assessment_interfaces/hook/ld_library_path_lib.sh'
[2.985s] Level 1:colcon.colcon_core.environment:checking '/home/auro/Auro/install/assessment_interfaces/bin'
[2.985s] Level 1:colcon.colcon_core.environment:checking '/home/auro/Auro/install/assessment_interfaces/lib/pkgconfig/assessment_interfaces.pc'
[2.985s] Level 1:colcon.colcon_core.environment:checking '/home/auro/Auro/install/assessment_interfaces/lib/python3.10/site-packages'
[2.985s] Level 1:colcon.colcon_core.environment:checking '/home/auro/Auro/install/assessment_interfaces/bin'
[2.986s] INFO:colcon.colcon_core.shell:Creating package script '/home/auro/Auro/install/assessment_interfaces/share/assessment_interfaces/package.ps1'
[2.987s] INFO:colcon.colcon_core.shell:Creating package descriptor '/home/auro/Auro/install/assessment_interfaces/share/assessment_interfaces/package.dsv'
[2.988s] INFO:colcon.colcon_core.shell:Creating package script '/home/auro/Auro/install/assessment_interfaces/share/assessment_interfaces/package.sh'
[2.988s] INFO:colcon.colcon_core.shell:Creating package script '/home/auro/Auro/install/assessment_interfaces/share/assessment_interfaces/package.bash'
[2.989s] INFO:colcon.colcon_core.shell:Creating package script '/home/auro/Auro/install/assessment_interfaces/share/assessment_interfaces/package.zsh'
[2.990s] Level 1:colcon.colcon_core.environment:create_file_with_runtime_dependencies(/home/auro/Auro/install/assessment_interfaces/share/colcon-core/packages/assessment_interfaces)
[2.991s] Level 1:colcon.colcon_core.shell:create_environment_hook('tf_relay', 'pythonpath_develop')
[2.992s] INFO:colcon.colcon_core.shell:Creating environment hook '/home/auro/Auro/build/tf_relay/share/tf_relay/hook/pythonpath_develop.ps1'
[2.995s] DEBUG:colcon.colcon_core.event_handler.log_command:Invoked command in '/home/auro/Auro/build/tf_relay' returned '0': PYTHONPATH=/home/auro/Auro/build/tf_relay/prefix_override:/usr/lib/python3/dist-packages/colcon_core/task/python/colcon_distutils_commands:/home/auro/Auro/install/tf_relay/lib/python3.10/site-packages:${PYTHONPATH} /usr/bin/python3 -W ignore:setup.py install is deprecated setup.py develop --editable --build-directory /home/auro/Auro/build/tf_relay/build --no-deps symlink_data
[2.995s] INFO:colcon.colcon_core.shell:Creating environment descriptor '/home/auro/Auro/build/tf_relay/share/tf_relay/hook/pythonpath_develop.dsv'
[2.996s] INFO:colcon.colcon_core.shell:Creating environment hook '/home/auro/Auro/build/tf_relay/share/tf_relay/hook/pythonpath_develop.sh'
[2.997s] Level 1:colcon.colcon_core.environment:checking '/home/auro/Auro/install/tf_relay' for CMake module files
[2.997s] Level 1:colcon.colcon_core.environment:checking '/home/auro/Auro/install/tf_relay' for CMake config files
[2.998s] Level 1:colcon.colcon_core.environment:checking '/home/auro/Auro/install/tf_relay/lib'
[2.998s] Level 1:colcon.colcon_core.environment:checking '/home/auro/Auro/install/tf_relay/bin'
[2.998s] Level 1:colcon.colcon_core.environment:checking '/home/auro/Auro/install/tf_relay/lib/pkgconfig/tf_relay.pc'
[2.998s] Level 1:colcon.colcon_core.environment:checking '/home/auro/Auro/install/tf_relay/lib/python3.10/site-packages'
[2.998s] Level 1:colcon.colcon_core.shell:create_environment_hook('tf_relay', 'pythonpath')
[2.998s] INFO:colcon.colcon_core.shell:Creating environment hook '/home/auro/Auro/install/tf_relay/share/tf_relay/hook/pythonpath.ps1'
[2.999s] INFO:colcon.colcon_core.shell:Creating environment descriptor '/home/auro/Auro/install/tf_relay/share/tf_relay/hook/pythonpath.dsv'
[3.000s] INFO:colcon.colcon_core.shell:Creating environment hook '/home/auro/Auro/install/tf_relay/share/tf_relay/hook/pythonpath.sh'
[3.001s] Level 1:colcon.colcon_core.environment:checking '/home/auro/Auro/install/tf_relay/bin'
[3.001s] Level 1:colcon.colcon_core.environment:create_environment_scripts_only(tf_relay)
[3.001s] INFO:colcon.colcon_core.shell:Creating package script '/home/auro/Auro/install/tf_relay/share/tf_relay/package.ps1'
[3.002s] INFO:colcon.colcon_core.shell:Creating package descriptor '/home/auro/Auro/install/tf_relay/share/tf_relay/package.dsv'
[3.002s] INFO:colcon.colcon_core.shell:Creating package script '/home/auro/Auro/install/tf_relay/share/tf_relay/package.sh'
[3.003s] INFO:colcon.colcon_core.shell:Creating package script '/home/auro/Auro/install/tf_relay/share/tf_relay/package.bash'
[3.003s] INFO:colcon.colcon_core.shell:Creating package script '/home/auro/Auro/install/tf_relay/share/tf_relay/package.zsh'
[3.004s] Level 1:colcon.colcon_core.environment:create_file_with_runtime_dependencies(/home/auro/Auro/install/tf_relay/share/colcon-core/packages/tf_relay)
[3.493s] DEBUG:colcon.colcon_core.event_handler.log_command:Invoking command in '/home/auro/Auro/build/assessment': AMENT_PREFIX_PATH=/home/auro/Auro/install/auro_interfaces:${AMENT_PREFIX_PATH} CMAKE_PREFIX_PATH=/home/auro/Auro/install/auro_interfaces:${CMAKE_PREFIX_PATH} LD_LIBRARY_PATH=/home/auro/Auro/install/auro_interfaces/lib:/home/auro/turtlebot3_ws/install/turtlebot3_msgs/lib:/home/auro/turtlebot3_ws/install/dynamixel_sdk_custom_interfaces/lib:/home/auro/turtlebot3_ws/install/dynamixel_sdk/lib:/usr/lib/x86_64-linux-gnu/gazebo-11/plugins:/opt/ros/humble/opt/rviz_ogre_vendor/lib:/opt/ros/humble/lib/x86_64-linux-gnu:/opt/ros/humble/lib:/usr/lib/x86_64-linux-gnu/gazebo-11/plugins PYTHONPATH=/home/auro/Auro/build/assessment/prefix_override:/usr/lib/python3/dist-packages/colcon_core/task/python/colcon_distutils_commands:/home/auro/Auro/install/assessment/lib/python3.10/site-packages:/home/auro/Auro/install/auro_interfaces/local/lib/python3.10/dist-packages:${PYTHONPATH} /usr/bin/python3 -W ignore:setup.py install is deprecated setup.py develop --editable --build-directory /home/auro/Auro/build/assessment/build --no-deps symlink_data
[4.098s] Level 1:colcon.colcon_core.shell:create_environment_hook('assessment', 'pythonpath_develop')
[4.099s] INFO:colcon.colcon_core.shell:Creating environment hook '/home/auro/Auro/build/assessment/share/assessment/hook/pythonpath_develop.ps1'
[4.099s] DEBUG:colcon.colcon_core.event_handler.log_command:Invoked command in '/home/auro/Auro/build/assessment' returned '0': AMENT_PREFIX_PATH=/home/auro/Auro/install/auro_interfaces:${AMENT_PREFIX_PATH} CMAKE_PREFIX_PATH=/home/auro/Auro/install/auro_interfaces:${CMAKE_PREFIX_PATH} LD_LIBRARY_PATH=/home/auro/Auro/install/auro_interfaces/lib:/home/auro/turtlebot3_ws/install/turtlebot3_msgs/lib:/home/auro/turtlebot3_ws/install/dynamixel_sdk_custom_interfaces/lib:/home/auro/turtlebot3_ws/install/dynamixel_sdk/lib:/usr/lib/x86_64-linux-gnu/gazebo-11/plugins:/opt/ros/humble/opt/rviz_ogre_vendor/lib:/opt/ros/humble/lib/x86_64-linux-gnu:/opt/ros/humble/lib:/usr/lib/x86_64-linux-gnu/gazebo-11/plugins PYTHONPATH=/home/auro/Auro/build/assessment/prefix_override:/usr/lib/python3/dist-packages/colcon_core/task/python/colcon_distutils_commands:/home/auro/Auro/install/assessment/lib/python3.10/site-packages:/home/auro/Auro/install/auro_interfaces/local/lib/python3.10/dist-packages:${PYTHONPATH} /usr/bin/python3 -W ignore:setup.py install is deprecated setup.py develop --editable --build-directory /home/auro/Auro/build/assessment/build --no-deps symlink_data
[4.100s] INFO:colcon.colcon_core.shell:Creating environment descriptor '/home/auro/Auro/build/assessment/share/assessment/hook/pythonpath_develop.dsv'
[4.100s] INFO:colcon.colcon_core.shell:Creating environment hook '/home/auro/Auro/build/assessment/share/assessment/hook/pythonpath_develop.sh'
[4.101s] Level 1:colcon.colcon_core.environment:checking '/home/auro/Auro/install/assessment' for CMake module files
[4.102s] Level 1:colcon.colcon_core.environment:checking '/home/auro/Auro/install/assessment' for CMake config files
[4.103s] Level 1:colcon.colcon_core.environment:checking '/home/auro/Auro/install/assessment/lib'
[4.103s] Level 1:colcon.colcon_core.environment:checking '/home/auro/Auro/install/assessment/bin'
[4.103s] Level 1:colcon.colcon_core.environment:checking '/home/auro/Auro/install/assessment/lib/pkgconfig/assessment.pc'
[4.103s] Level 1:colcon.colcon_core.environment:checking '/home/auro/Auro/install/assessment/lib/python3.10/site-packages'
[4.103s] Level 1:colcon.colcon_core.shell:create_environment_hook('assessment', 'pythonpath')
[4.104s] INFO:colcon.colcon_core.shell:Creating environment hook '/home/auro/Auro/install/assessment/share/assessment/hook/pythonpath.ps1'
[4.104s] INFO:colcon.colcon_core.shell:Creating environment descriptor '/home/auro/Auro/install/assessment/share/assessment/hook/pythonpath.dsv'
[4.105s] INFO:colcon.colcon_core.shell:Creating environment hook '/home/auro/Auro/install/assessment/share/assessment/hook/pythonpath.sh'
[4.106s] Level 1:colcon.colcon_core.environment:checking '/home/auro/Auro/install/assessment/bin'
[4.106s] Level 1:colcon.colcon_core.environment:create_environment_scripts_only(assessment)
[4.106s] INFO:colcon.colcon_core.shell:Creating package script '/home/auro/Auro/install/assessment/share/assessment/package.ps1'
[4.107s] INFO:colcon.colcon_core.shell:Creating package descriptor '/home/auro/Auro/install/assessment/share/assessment/package.dsv'
[4.108s] INFO:colcon.colcon_core.shell:Creating package script '/home/auro/Auro/install/assessment/share/assessment/package.sh'
[4.108s] INFO:colcon.colcon_core.shell:Creating package script '/home/auro/Auro/install/assessment/share/assessment/package.bash'
[4.109s] INFO:colcon.colcon_core.shell:Creating package script '/home/auro/Auro/install/assessment/share/assessment/package.zsh'
[4.109s] Level 1:colcon.colcon_core.environment:create_file_with_runtime_dependencies(/home/auro/Auro/install/assessment/share/colcon-core/packages/assessment)
[4.110s] DEBUG:colcon.colcon_parallel_executor.executor.parallel:closing loop
[4.111s] DEBUG:colcon.colcon_parallel_executor.executor.parallel:loop closed
[4.111s] DEBUG:colcon.colcon_parallel_executor.executor.parallel:run_until_complete finished with '0'
[4.111s] DEBUG:colcon.colcon_core.event_reactor:joining thread
[4.117s] INFO:colcon.colcon_core.plugin_system:Skipping extension 'colcon_notification.desktop_notification.terminal_notifier': Not used on non-Darwin systems
[4.117s] INFO:colcon.colcon_core.plugin_system:Skipping extension 'colcon_notification.desktop_notification.win32': Not used on non-Windows systems
[4.117s] INFO:colcon.colcon_notification.desktop_notification:Sending desktop notification using 'notify2'
[4.141s] DEBUG:colcon.colcon_core.event_reactor:joined thread
[4.142s] INFO:colcon.colcon_core.shell:Creating prefix script '/home/auro/Auro/install/local_setup.ps1'
[4.144s] INFO:colcon.colcon_core.shell:Creating prefix util module '/home/auro/Auro/install/_local_setup_util_ps1.py'
[4.146s] INFO:colcon.colcon_core.shell:Creating prefix chain script '/home/auro/Auro/install/setup.ps1'
[4.148s] INFO:colcon.colcon_core.shell:Creating prefix script '/home/auro/Auro/install/local_setup.sh'
[4.148s] INFO:colcon.colcon_core.shell:Creating prefix util module '/home/auro/Auro/install/_local_setup_util_sh.py'
[4.149s] INFO:colcon.colcon_core.shell:Creating prefix chain script '/home/auro/Auro/install/setup.sh'
[4.151s] INFO:colcon.colcon_core.shell:Creating prefix script '/home/auro/Auro/install/local_setup.bash'
[4.152s] INFO:colcon.colcon_core.shell:Creating prefix chain script '/home/auro/Auro/install/setup.bash'
[4.154s] INFO:colcon.colcon_core.shell:Creating prefix script '/home/auro/Auro/install/local_setup.zsh'
[4.155s] INFO:colcon.colcon_core.shell:Creating prefix chain script '/home/auro/Auro/install/setup.zsh'
