[1.906s] Invoking command in '/home/auro/Auro/build/solution': PYTHONPATH=/home/auro/Auro/build/solution/prefix_override:/usr/lib/python3/dist-packages/colcon_core/task/python/colcon_distutils_commands:/home/auro/Auro/install/solution/lib/python3.10/site-packages:${PYTHONPATH} /usr/bin/python3 -W ignore:setup.py install is deprecated setup.py develop --editable --build-directory /home/auro/Auro/build/solution/build --no-deps symlink_data
[2.362s] running develop
[2.606s] running egg_info
[2.606s] writing solution.egg-info/PKG-INFO
[2.607s] writing dependency_links to solution.egg-info/dependency_links.txt
[2.608s] writing entry points to solution.egg-info/entry_points.txt
[2.609s] writing requirements to solution.egg-info/requires.txt
[2.610s] writing top-level names to solution.egg-info/top_level.txt
[2.614s] reading manifest file 'solution.egg-info/SOURCES.txt'
[2.615s] writing manifest file 'solution.egg-info/SOURCES.txt'
[2.617s] running build_ext
[2.618s] Creating /home/auro/Auro/install/solution/lib/python3.10/site-packages/solution.egg-link (link to .)
[2.624s] Installing data_logger script to /home/auro/Auro/install/solution/lib/solution
[2.624s] Installing robot_controller script to /home/auro/Auro/install/solution/lib/solution
[2.624s] Installing robot_vision script to /home/auro/Auro/install/solution/lib/solution
[2.625s] Installing route_planner script to /home/auro/Auro/install/solution/lib/solution
[2.625s] 
[2.626s] Installed /home/auro/Auro/build/solution
[2.626s] running symlink_data
[2.795s] Invoked command in '/home/auro/Auro/build/solution' returned '0': PYTHONPATH=/home/auro/Auro/build/solution/prefix_override:/usr/lib/python3/dist-packages/colcon_core/task/python/colcon_distutils_commands:/home/auro/Auro/install/solution/lib/python3.10/site-packages:${PYTHONPATH} /usr/bin/python3 -W ignore:setup.py install is deprecated setup.py develop --editable --build-directory /home/auro/Auro/build/solution/build --no-deps symlink_data
