[0.093s] Invoking command in '/home/auro/Auro_Revised/build/auro_interfaces': CMAKE_PREFIX_PATH=${CMAKE_PREFIX_PATH}:/home/auro/Auro_Revised/install/tf_relay:/home/auro/Auro_Revised/install/solution:/home/auro/Auro_Revised/install/assessment:/home/auro/turtlebot3_ws/install/turtlebot3_teleop:/home/auro/turtlebot3_ws/install/turtlebot3_example:/opt/ros/humble /usr/bin/cmake --build /home/auro/Auro_Revised/build/auro_interfaces -- -j4 -l4
[0.809s] [  0%] Built target auro_interfaces__cpp
[0.810s] [  0%] Built target ament_cmake_python_symlink_auro_interfaces
[0.810s] [ 11%] Built target auro_interfaces__rosidl_typesupport_fastrtps_cpp
[0.810s] [ 23%] Built target auro_interfaces__rosidl_typesupport_introspection_cpp
[1.120s] running egg_info
[1.121s] writing auro_interfaces.egg-info/PKG-INFO
[1.121s] writing dependency_links to auro_interfaces.egg-info/dependency_links.txt
[1.122s] writing top-level names to auro_interfaces.egg-info/top_level.txt
[1.127s] reading manifest file 'auro_interfaces.egg-info/SOURCES.txt'
[1.140s] writing manifest file 'auro_interfaces.egg-info/SOURCES.txt'
[1.194s] [ 23%] Built target ament_cmake_python_build_auro_interfaces_egg
[1.264s] [ 35%] Built target auro_interfaces__rosidl_typesupport_cpp
[1.326s] [ 47%] Built target auro_interfaces__rosidl_generator_c
[1.425s] [ 59%] Built target auro_interfaces__rosidl_typesupport_fastrtps_c
[1.493s] [ 71%] Built target auro_interfaces__rosidl_typesupport_c
[1.557s] [ 83%] Built target auro_interfaces__rosidl_typesupport_introspection_c
[1.634s] [ 83%] Built target auro_interfaces
[1.690s] [ 84%] Built target auro_interfaces__py
[1.771s] [ 95%] Built target auro_interfaces__rosidl_generator_py
[1.828s] [ 97%] Built target auro_interfaces__rosidl_typesupport_fastrtps_c__pyext
[1.930s] [ 98%] Built target auro_interfaces__rosidl_typesupport_c__pyext
[1.998s] [100%] Built target auro_interfaces__rosidl_typesupport_introspection_c__pyext
[2.042s] Invoked command in '/home/auro/Auro_Revised/build/auro_interfaces' returned '0': CMAKE_PREFIX_PATH=${CMAKE_PREFIX_PATH}:/home/auro/Auro_Revised/install/tf_relay:/home/auro/Auro_Revised/install/solution:/home/auro/Auro_Revised/install/assessment:/home/auro/turtlebot3_ws/install/turtlebot3_teleop:/home/auro/turtlebot3_ws/install/turtlebot3_example:/opt/ros/humble /usr/bin/cmake --build /home/auro/Auro_Revised/build/auro_interfaces -- -j4 -l4
[3.396s] Invoking command in '/home/auro/Auro_Revised/build/auro_interfaces': CMAKE_PREFIX_PATH=${CMAKE_PREFIX_PATH}:/home/auro/Auro_Revised/install/tf_relay:/home/auro/Auro_Revised/install/solution:/home/auro/Auro_Revised/install/assessment:/home/auro/turtlebot3_ws/install/turtlebot3_teleop:/home/auro/turtlebot3_ws/install/turtlebot3_example:/opt/ros/humble /usr/bin/cmake --install /home/auro/Auro_Revised/build/auro_interfaces
[3.419s] -- Install configuration: ""
[3.419s] -- Execute custom install script
[3.419s] -- Up-to-date symlink: /home/auro/Auro_Revised/install/auro_interfaces/share/ament_index/resource_index/rosidl_interfaces/auro_interfaces
[3.420s] -- Up-to-date symlink: /home/auro/Auro_Revised/install/auro_interfaces/include/auro_interfaces/auro_interfaces/action/detail/move__functions.h
[3.423s] -- Up-to-date symlink: /home/auro/Auro_Revised/install/auro_interfaces/include/auro_interfaces/auro_interfaces/action/detail/move__struct.h
[3.430s] -- Up-to-date symlink: /home/auro/Auro_Revised/install/auro_interfaces/include/auro_interfaces/auro_interfaces/action/detail/move__type_support.h
[3.430s] -- Up-to-date symlink: /home/auro/Auro_Revised/install/auro_interfaces/include/auro_interfaces/auro_interfaces/action/move.h
[3.431s] -- Up-to-date symlink: /home/auro/Auro_Revised/install/auro_interfaces/include/auro_interfaces/auro_interfaces/msg/detail/direction__functions.h
[3.431s] -- Up-to-date symlink: /home/auro/Auro_Revised/install/auro_interfaces/include/auro_interfaces/auro_interfaces/msg/detail/direction__struct.h
[3.431s] -- Up-to-date symlink: /home/auro/Auro_Revised/install/auro_interfaces/include/auro_interfaces/auro_interfaces/msg/detail/direction__type_support.h
[3.431s] -- Up-to-date symlink: /home/auro/Auro_Revised/install/auro_interfaces/include/auro_interfaces/auro_interfaces/msg/detail/item__functions.h
[3.431s] -- Up-to-date symlink: /home/auro/Auro_Revised/install/auro_interfaces/include/auro_interfaces/auro_interfaces/msg/detail/item__struct.h
[3.431s] -- Up-to-date symlink: /home/auro/Auro_Revised/install/auro_interfaces/include/auro_interfaces/auro_interfaces/msg/detail/item__type_support.h
[3.432s] -- Up-to-date symlink: /home/auro/Auro_Revised/install/auro_interfaces/include/auro_interfaces/auro_interfaces/msg/detail/item_list__functions.h
[3.432s] -- Up-to-date symlink: /home/auro/Auro_Revised/install/auro_interfaces/include/auro_interfaces/auro_interfaces/msg/detail/item_list__struct.h
[3.432s] -- Up-to-date symlink: /home/auro/Auro_Revised/install/auro_interfaces/include/auro_interfaces/auro_interfaces/msg/detail/item_list__type_support.h
[3.432s] -- Up-to-date symlink: /home/auro/Auro_Revised/install/auro_interfaces/include/auro_interfaces/auro_interfaces/msg/detail/string_with_pose__functions.h
[3.432s] -- Up-to-date symlink: /home/auro/Auro_Revised/install/auro_interfaces/include/auro_interfaces/auro_interfaces/msg/detail/string_with_pose__struct.h
[3.432s] -- Up-to-date symlink: /home/auro/Auro_Revised/install/auro_interfaces/include/auro_interfaces/auro_interfaces/msg/detail/string_with_pose__type_support.h
[3.432s] -- Up-to-date symlink: /home/auro/Auro_Revised/install/auro_interfaces/include/auro_interfaces/auro_interfaces/msg/direction.h
[3.432s] -- Up-to-date symlink: /home/auro/Auro_Revised/install/auro_interfaces/include/auro_interfaces/auro_interfaces/msg/item.h
[3.432s] -- Up-to-date symlink: /home/auro/Auro_Revised/install/auro_interfaces/include/auro_interfaces/auro_interfaces/msg/item_list.h
[3.432s] -- Up-to-date symlink: /home/auro/Auro_Revised/install/auro_interfaces/include/auro_interfaces/auro_interfaces/msg/rosidl_generator_c__visibility_control.h
[3.433s] -- Up-to-date symlink: /home/auro/Auro_Revised/install/auro_interfaces/include/auro_interfaces/auro_interfaces/msg/string_with_pose.h
[3.433s] -- Up-to-date symlink: /home/auro/Auro_Revised/install/auro_interfaces/include/auro_interfaces/auro_interfaces/srv/check_goal.h
[3.433s] -- Up-to-date symlink: /home/auro/Auro_Revised/install/auro_interfaces/include/auro_interfaces/auro_interfaces/srv/collision.h
[3.433s] -- Up-to-date symlink: /home/auro/Auro_Revised/install/auro_interfaces/include/auro_interfaces/auro_interfaces/srv/detail/check_goal__functions.h
[3.433s] -- Up-to-date symlink: /home/auro/Auro_Revised/install/auro_interfaces/include/auro_interfaces/auro_interfaces/srv/detail/check_goal__struct.h
[3.433s] -- Up-to-date symlink: /home/auro/Auro_Revised/install/auro_interfaces/include/auro_interfaces/auro_interfaces/srv/detail/check_goal__type_support.h
[3.441s] -- Up-to-date symlink: /home/auro/Auro_Revised/install/auro_interfaces/include/auro_interfaces/auro_interfaces/srv/detail/collision__functions.h
[3.441s] -- Up-to-date symlink: /home/auro/Auro_Revised/install/auro_interfaces/include/auro_interfaces/auro_interfaces/srv/detail/collision__struct.h
[3.441s] -- Up-to-date symlink: /home/auro/Auro_Revised/install/auro_interfaces/include/auro_interfaces/auro_interfaces/srv/detail/collision__type_support.h
[3.442s] -- Up-to-date symlink: /home/auro/Auro_Revised/install/auro_interfaces/include/auro_interfaces/auro_interfaces/srv/detail/find_target__functions.h
[3.442s] -- Up-to-date symlink: /home/auro/Auro_Revised/install/auro_interfaces/include/auro_interfaces/auro_interfaces/srv/detail/find_target__struct.h
[3.442s] -- Up-to-date symlink: /home/auro/Auro_Revised/install/auro_interfaces/include/auro_interfaces/auro_interfaces/srv/detail/find_target__type_support.h
[3.442s] -- Up-to-date symlink: /home/auro/Auro_Revised/install/auro_interfaces/include/auro_interfaces/auro_interfaces/srv/detail/item_request__functions.h
[3.442s] -- Up-to-date symlink: /home/auro/Auro_Revised/install/auro_interfaces/include/auro_interfaces/auro_interfaces/srv/detail/item_request__struct.h
[3.442s] -- Up-to-date symlink: /home/auro/Auro_Revised/install/auro_interfaces/include/auro_interfaces/auro_interfaces/srv/detail/item_request__type_support.h
[3.443s] -- Up-to-date symlink: /home/auro/Auro_Revised/install/auro_interfaces/include/auro_interfaces/auro_interfaces/srv/detail/rotate__functions.h
[3.443s] -- Up-to-date symlink: /home/auro/Auro_Revised/install/auro_interfaces/include/auro_interfaces/auro_interfaces/srv/detail/rotate__struct.h
[3.443s] -- Up-to-date symlink: /home/auro/Auro_Revised/install/auro_interfaces/include/auro_interfaces/auro_interfaces/srv/detail/rotate__type_support.h
[3.443s] -- Up-to-date symlink: /home/auro/Auro_Revised/install/auro_interfaces/include/auro_interfaces/auro_interfaces/srv/detail/task__functions.h
[3.443s] -- Up-to-date symlink: /home/auro/Auro_Revised/install/auro_interfaces/include/auro_interfaces/auro_interfaces/srv/detail/task__struct.h
[3.443s] -- Up-to-date symlink: /home/auro/Auro_Revised/install/auro_interfaces/include/auro_interfaces/auro_interfaces/srv/detail/task__type_support.h
[3.444s] -- Up-to-date symlink: /home/auro/Auro_Revised/install/auro_interfaces/include/auro_interfaces/auro_interfaces/srv/detail/zone_request__functions.h
[3.444s] -- Up-to-date symlink: /home/auro/Auro_Revised/install/auro_interfaces/include/auro_interfaces/auro_interfaces/srv/detail/zone_request__struct.h
[3.444s] -- Up-to-date symlink: /home/auro/Auro_Revised/install/auro_interfaces/include/auro_interfaces/auro_interfaces/srv/detail/zone_request__type_support.h
[3.444s] -- Up-to-date symlink: /home/auro/Auro_Revised/install/auro_interfaces/include/auro_interfaces/auro_interfaces/srv/find_target.h
[3.444s] -- Up-to-date symlink: /home/auro/Auro_Revised/install/auro_interfaces/include/auro_interfaces/auro_interfaces/srv/item_request.h
[3.444s] -- Up-to-date symlink: /home/auro/Auro_Revised/install/auro_interfaces/include/auro_interfaces/auro_interfaces/srv/rotate.h
[3.444s] -- Up-to-date symlink: /home/auro/Auro_Revised/install/auro_interfaces/include/auro_interfaces/auro_interfaces/srv/task.h
[3.445s] -- Up-to-date symlink: /home/auro/Auro_Revised/install/auro_interfaces/include/auro_interfaces/auro_interfaces/srv/zone_request.h
[3.445s] -- Up-to-date symlink: /home/auro/Auro_Revised/install/auro_interfaces/share/auro_interfaces/environment/library_path.sh
[3.445s] -- Up-to-date symlink: /home/auro/Auro_Revised/install/auro_interfaces/share/auro_interfaces/environment/library_path.dsv
[3.448s] -- Up-to-date symlink: /home/auro/Auro_Revised/install/auro_interfaces/include/auro_interfaces/auro_interfaces/action/detail/move__rosidl_typesupport_fastrtps_c.h
[3.448s] -- Up-to-date symlink: /home/auro/Auro_Revised/install/auro_interfaces/include/auro_interfaces/auro_interfaces/msg/detail/direction__rosidl_typesupport_fastrtps_c.h
[3.449s] -- Up-to-date symlink: /home/auro/Auro_Revised/install/auro_interfaces/include/auro_interfaces/auro_interfaces/msg/detail/item__rosidl_typesupport_fastrtps_c.h
[3.449s] -- Up-to-date symlink: /home/auro/Auro_Revised/install/auro_interfaces/include/auro_interfaces/auro_interfaces/msg/detail/item_list__rosidl_typesupport_fastrtps_c.h
[3.449s] -- Up-to-date symlink: /home/auro/Auro_Revised/install/auro_interfaces/include/auro_interfaces/auro_interfaces/msg/detail/string_with_pose__rosidl_typesupport_fastrtps_c.h
[3.449s] -- Up-to-date symlink: /home/auro/Auro_Revised/install/auro_interfaces/include/auro_interfaces/auro_interfaces/msg/rosidl_typesupport_fastrtps_c__visibility_control.h
[3.450s] -- Up-to-date symlink: /home/auro/Auro_Revised/install/auro_interfaces/include/auro_interfaces/auro_interfaces/srv/detail/check_goal__rosidl_typesupport_fastrtps_c.h
[3.452s] -- Up-to-date symlink: /home/auro/Auro_Revised/install/auro_interfaces/include/auro_interfaces/auro_interfaces/srv/detail/collision__rosidl_typesupport_fastrtps_c.h
[3.452s] -- Up-to-date symlink: /home/auro/Auro_Revised/install/auro_interfaces/include/auro_interfaces/auro_interfaces/srv/detail/find_target__rosidl_typesupport_fastrtps_c.h
[3.453s] -- Up-to-date symlink: /home/auro/Auro_Revised/install/auro_interfaces/include/auro_interfaces/auro_interfaces/srv/detail/item_request__rosidl_typesupport_fastrtps_c.h
[3.453s] -- Up-to-date symlink: /home/auro/Auro_Revised/install/auro_interfaces/include/auro_interfaces/auro_interfaces/srv/detail/rotate__rosidl_typesupport_fastrtps_c.h
[3.455s] -- Up-to-date symlink: /home/auro/Auro_Revised/install/auro_interfaces/include/auro_interfaces/auro_interfaces/srv/detail/task__rosidl_typesupport_fastrtps_c.h
[3.455s] -- Up-to-date symlink: /home/auro/Auro_Revised/install/auro_interfaces/include/auro_interfaces/auro_interfaces/srv/detail/zone_request__rosidl_typesupport_fastrtps_c.h
[3.459s] -- Up-to-date symlink: /home/auro/Auro_Revised/install/auro_interfaces/include/auro_interfaces/auro_interfaces/action/detail/move__builder.hpp
[3.461s] -- Up-to-date symlink: /home/auro/Auro_Revised/install/auro_interfaces/include/auro_interfaces/auro_interfaces/action/detail/move__struct.hpp
[3.461s] -- Up-to-date symlink: /home/auro/Auro_Revised/install/auro_interfaces/include/auro_interfaces/auro_interfaces/action/detail/move__traits.hpp
[3.461s] -- Up-to-date symlink: /home/auro/Auro_Revised/install/auro_interfaces/include/auro_interfaces/auro_interfaces/action/move.hpp
[3.461s] -- Up-to-date symlink: /home/auro/Auro_Revised/install/auro_interfaces/include/auro_interfaces/auro_interfaces/msg/detail/direction__builder.hpp
[3.462s] -- Up-to-date symlink: /home/auro/Auro_Revised/install/auro_interfaces/include/auro_interfaces/auro_interfaces/msg/detail/direction__struct.hpp
[3.463s] -- Up-to-date symlink: /home/auro/Auro_Revised/install/auro_interfaces/include/auro_interfaces/auro_interfaces/msg/detail/direction__traits.hpp
[3.463s] -- Up-to-date symlink: /home/auro/Auro_Revised/install/auro_interfaces/include/auro_interfaces/auro_interfaces/msg/detail/item__builder.hpp
[3.463s] -- Up-to-date symlink: /home/auro/Auro_Revised/install/auro_interfaces/include/auro_interfaces/auro_interfaces/msg/detail/item__struct.hpp
[3.463s] -- Up-to-date symlink: /home/auro/Auro_Revised/install/auro_interfaces/include/auro_interfaces/auro_interfaces/msg/detail/item__traits.hpp
[3.463s] -- Up-to-date symlink: /home/auro/Auro_Revised/install/auro_interfaces/include/auro_interfaces/auro_interfaces/msg/detail/item_list__builder.hpp
[3.463s] -- Up-to-date symlink: /home/auro/Auro_Revised/install/auro_interfaces/include/auro_interfaces/auro_interfaces/msg/detail/item_list__struct.hpp
[3.464s] -- Up-to-date symlink: /home/auro/Auro_Revised/install/auro_interfaces/include/auro_interfaces/auro_interfaces/msg/detail/item_list__traits.hpp
[3.464s] -- Up-to-date symlink: /home/auro/Auro_Revised/install/auro_interfaces/include/auro_interfaces/auro_interfaces/msg/detail/string_with_pose__builder.hpp
[3.465s] -- Up-to-date symlink: /home/auro/Auro_Revised/install/auro_interfaces/include/auro_interfaces/auro_interfaces/msg/detail/string_with_pose__struct.hpp
[3.465s] -- Up-to-date symlink: /home/auro/Auro_Revised/install/auro_interfaces/include/auro_interfaces/auro_interfaces/msg/detail/string_with_pose__traits.hpp
[3.465s] -- Up-to-date symlink: /home/auro/Auro_Revised/install/auro_interfaces/include/auro_interfaces/auro_interfaces/msg/direction.hpp
[3.465s] -- Up-to-date symlink: /home/auro/Auro_Revised/install/auro_interfaces/include/auro_interfaces/auro_interfaces/msg/item.hpp
[3.465s] -- Up-to-date symlink: /home/auro/Auro_Revised/install/auro_interfaces/include/auro_interfaces/auro_interfaces/msg/item_list.hpp
[3.465s] -- Up-to-date symlink: /home/auro/Auro_Revised/install/auro_interfaces/include/auro_interfaces/auro_interfaces/msg/string_with_pose.hpp
[3.465s] -- Up-to-date symlink: /home/auro/Auro_Revised/install/auro_interfaces/include/auro_interfaces/auro_interfaces/srv/check_goal.hpp
[3.468s] -- Up-to-date symlink: /home/auro/Auro_Revised/install/auro_interfaces/include/auro_interfaces/auro_interfaces/srv/collision.hpp
[3.468s] -- Up-to-date symlink: /home/auro/Auro_Revised/install/auro_interfaces/include/auro_interfaces/auro_interfaces/srv/detail/check_goal__builder.hpp
[3.468s] -- Up-to-date symlink: /home/auro/Auro_Revised/install/auro_interfaces/include/auro_interfaces/auro_interfaces/srv/detail/check_goal__struct.hpp
[3.468s] -- Up-to-date symlink: /home/auro/Auro_Revised/install/auro_interfaces/include/auro_interfaces/auro_interfaces/srv/detail/check_goal__traits.hpp
[3.468s] -- Up-to-date symlink: /home/auro/Auro_Revised/install/auro_interfaces/include/auro_interfaces/auro_interfaces/srv/detail/collision__builder.hpp
[3.469s] -- Up-to-date symlink: /home/auro/Auro_Revised/install/auro_interfaces/include/auro_interfaces/auro_interfaces/srv/detail/collision__struct.hpp
[3.474s] -- Up-to-date symlink: /home/auro/Auro_Revised/install/auro_interfaces/include/auro_interfaces/auro_interfaces/srv/detail/collision__traits.hpp
[3.474s] -- Up-to-date symlink: /home/auro/Auro_Revised/install/auro_interfaces/include/auro_interfaces/auro_interfaces/srv/detail/find_target__builder.hpp
[3.474s] -- Up-to-date symlink: /home/auro/Auro_Revised/install/auro_interfaces/include/auro_interfaces/auro_interfaces/srv/detail/find_target__struct.hpp
[3.474s] -- Up-to-date symlink: /home/auro/Auro_Revised/install/auro_interfaces/include/auro_interfaces/auro_interfaces/srv/detail/find_target__traits.hpp
[3.475s] -- Up-to-date symlink: /home/auro/Auro_Revised/install/auro_interfaces/include/auro_interfaces/auro_interfaces/srv/detail/item_request__builder.hpp
[3.475s] -- Up-to-date symlink: /home/auro/Auro_Revised/install/auro_interfaces/include/auro_interfaces/auro_interfaces/srv/detail/item_request__struct.hpp
[3.475s] -- Up-to-date symlink: /home/auro/Auro_Revised/install/auro_interfaces/include/auro_interfaces/auro_interfaces/srv/detail/item_request__traits.hpp
[3.475s] -- Up-to-date symlink: /home/auro/Auro_Revised/install/auro_interfaces/include/auro_interfaces/auro_interfaces/srv/detail/rotate__builder.hpp
[3.475s] -- Up-to-date symlink: /home/auro/Auro_Revised/install/auro_interfaces/include/auro_interfaces/auro_interfaces/srv/detail/rotate__struct.hpp
[3.475s] -- Up-to-date symlink: /home/auro/Auro_Revised/install/auro_interfaces/include/auro_interfaces/auro_interfaces/srv/detail/rotate__traits.hpp
[3.475s] -- Up-to-date symlink: /home/auro/Auro_Revised/install/auro_interfaces/include/auro_interfaces/auro_interfaces/srv/detail/task__builder.hpp
[3.475s] -- Up-to-date symlink: /home/auro/Auro_Revised/install/auro_interfaces/include/auro_interfaces/auro_interfaces/srv/detail/task__struct.hpp
[3.507s] -- Up-to-date symlink: /home/auro/Auro_Revised/install/auro_interfaces/include/auro_interfaces/auro_interfaces/srv/detail/task__traits.hpp
[3.507s] -- Up-to-date symlink: /home/auro/Auro_Revised/install/auro_interfaces/include/auro_interfaces/auro_interfaces/srv/detail/zone_request__builder.hpp
[3.507s] -- Up-to-date symlink: /home/auro/Auro_Revised/install/auro_interfaces/include/auro_interfaces/auro_interfaces/srv/detail/zone_request__struct.hpp
[3.507s] -- Up-to-date symlink: /home/auro/Auro_Revised/install/auro_interfaces/include/auro_interfaces/auro_interfaces/srv/detail/zone_request__traits.hpp
[3.508s] -- Up-to-date symlink: /home/auro/Auro_Revised/install/auro_interfaces/include/auro_interfaces/auro_interfaces/srv/find_target.hpp
[3.508s] -- Up-to-date symlink: /home/auro/Auro_Revised/install/auro_interfaces/include/auro_interfaces/auro_interfaces/srv/item_request.hpp
[3.508s] -- Up-to-date symlink: /home/auro/Auro_Revised/install/auro_interfaces/include/auro_interfaces/auro_interfaces/srv/rotate.hpp
[3.508s] -- Up-to-date symlink: /home/auro/Auro_Revised/install/auro_interfaces/include/auro_interfaces/auro_interfaces/srv/task.hpp
[3.508s] -- Up-to-date symlink: /home/auro/Auro_Revised/install/auro_interfaces/include/auro_interfaces/auro_interfaces/srv/zone_request.hpp
[3.509s] -- Up-to-date symlink: /home/auro/Auro_Revised/install/auro_interfaces/include/auro_interfaces/auro_interfaces/action/detail/move__rosidl_typesupport_fastrtps_cpp.hpp
[3.509s] -- Up-to-date symlink: /home/auro/Auro_Revised/install/auro_interfaces/include/auro_interfaces/auro_interfaces/msg/detail/direction__rosidl_typesupport_fastrtps_cpp.hpp
[3.509s] -- Up-to-date symlink: /home/auro/Auro_Revised/install/auro_interfaces/include/auro_interfaces/auro_interfaces/msg/detail/item__rosidl_typesupport_fastrtps_cpp.hpp
[3.509s] -- Up-to-date symlink: /home/auro/Auro_Revised/install/auro_interfaces/include/auro_interfaces/auro_interfaces/msg/detail/item_list__rosidl_typesupport_fastrtps_cpp.hpp
[3.509s] -- Up-to-date symlink: /home/auro/Auro_Revised/install/auro_interfaces/include/auro_interfaces/auro_interfaces/msg/detail/string_with_pose__rosidl_typesupport_fastrtps_cpp.hpp
[3.509s] -- Up-to-date symlink: /home/auro/Auro_Revised/install/auro_interfaces/include/auro_interfaces/auro_interfaces/msg/rosidl_typesupport_fastrtps_cpp__visibility_control.h
[3.509s] -- Up-to-date symlink: /home/auro/Auro_Revised/install/auro_interfaces/include/auro_interfaces/auro_interfaces/srv/detail/check_goal__rosidl_typesupport_fastrtps_cpp.hpp
[3.509s] -- Up-to-date symlink: /home/auro/Auro_Revised/install/auro_interfaces/include/auro_interfaces/auro_interfaces/srv/detail/collision__rosidl_typesupport_fastrtps_cpp.hpp
[3.510s] -- Up-to-date symlink: /home/auro/Auro_Revised/install/auro_interfaces/include/auro_interfaces/auro_interfaces/srv/detail/find_target__rosidl_typesupport_fastrtps_cpp.hpp
[3.510s] -- Up-to-date symlink: /home/auro/Auro_Revised/install/auro_interfaces/include/auro_interfaces/auro_interfaces/srv/detail/item_request__rosidl_typesupport_fastrtps_cpp.hpp
[3.510s] -- Up-to-date symlink: /home/auro/Auro_Revised/install/auro_interfaces/include/auro_interfaces/auro_interfaces/srv/detail/rotate__rosidl_typesupport_fastrtps_cpp.hpp
[3.511s] -- Up-to-date symlink: /home/auro/Auro_Revised/install/auro_interfaces/include/auro_interfaces/auro_interfaces/srv/detail/task__rosidl_typesupport_fastrtps_cpp.hpp
[3.511s] -- Up-to-date symlink: /home/auro/Auro_Revised/install/auro_interfaces/include/auro_interfaces/auro_interfaces/srv/detail/zone_request__rosidl_typesupport_fastrtps_cpp.hpp
[3.511s] -- Up-to-date symlink: /home/auro/Auro_Revised/install/auro_interfaces/include/auro_interfaces/auro_interfaces/action/detail/move__rosidl_typesupport_introspection_c.h
[3.511s] -- Up-to-date symlink: /home/auro/Auro_Revised/install/auro_interfaces/include/auro_interfaces/auro_interfaces/msg/detail/direction__rosidl_typesupport_introspection_c.h
[3.511s] -- Up-to-date symlink: /home/auro/Auro_Revised/install/auro_interfaces/include/auro_interfaces/auro_interfaces/msg/detail/item__rosidl_typesupport_introspection_c.h
[3.511s] -- Up-to-date symlink: /home/auro/Auro_Revised/install/auro_interfaces/include/auro_interfaces/auro_interfaces/msg/detail/item_list__rosidl_typesupport_introspection_c.h
[3.511s] -- Up-to-date symlink: /home/auro/Auro_Revised/install/auro_interfaces/include/auro_interfaces/auro_interfaces/msg/detail/string_with_pose__rosidl_typesupport_introspection_c.h
[3.511s] -- Up-to-date symlink: /home/auro/Auro_Revised/install/auro_interfaces/include/auro_interfaces/auro_interfaces/msg/rosidl_typesupport_introspection_c__visibility_control.h
[3.511s] -- Up-to-date symlink: /home/auro/Auro_Revised/install/auro_interfaces/include/auro_interfaces/auro_interfaces/srv/detail/check_goal__rosidl_typesupport_introspection_c.h
[3.511s] -- Up-to-date symlink: /home/auro/Auro_Revised/install/auro_interfaces/include/auro_interfaces/auro_interfaces/srv/detail/collision__rosidl_typesupport_introspection_c.h
[3.512s] -- Up-to-date symlink: /home/auro/Auro_Revised/install/auro_interfaces/include/auro_interfaces/auro_interfaces/srv/detail/find_target__rosidl_typesupport_introspection_c.h
[3.512s] -- Up-to-date symlink: /home/auro/Auro_Revised/install/auro_interfaces/include/auro_interfaces/auro_interfaces/srv/detail/item_request__rosidl_typesupport_introspection_c.h
[3.512s] -- Up-to-date symlink: /home/auro/Auro_Revised/install/auro_interfaces/include/auro_interfaces/auro_interfaces/srv/detail/rotate__rosidl_typesupport_introspection_c.h
[3.512s] -- Up-to-date symlink: /home/auro/Auro_Revised/install/auro_interfaces/include/auro_interfaces/auro_interfaces/srv/detail/task__rosidl_typesupport_introspection_c.h
[3.512s] -- Up-to-date symlink: /home/auro/Auro_Revised/install/auro_interfaces/include/auro_interfaces/auro_interfaces/srv/detail/zone_request__rosidl_typesupport_introspection_c.h
[3.512s] -- Up-to-date symlink: /home/auro/Auro_Revised/install/auro_interfaces/include/auro_interfaces/auro_interfaces/action/detail/move__rosidl_typesupport_introspection_cpp.hpp
[3.512s] -- Up-to-date symlink: /home/auro/Auro_Revised/install/auro_interfaces/include/auro_interfaces/auro_interfaces/msg/detail/direction__rosidl_typesupport_introspection_cpp.hpp
[3.512s] -- Up-to-date symlink: /home/auro/Auro_Revised/install/auro_interfaces/include/auro_interfaces/auro_interfaces/msg/detail/item__rosidl_typesupport_introspection_cpp.hpp
[3.512s] -- Up-to-date symlink: /home/auro/Auro_Revised/install/auro_interfaces/include/auro_interfaces/auro_interfaces/msg/detail/item_list__rosidl_typesupport_introspection_cpp.hpp
[3.512s] -- Up-to-date symlink: /home/auro/Auro_Revised/install/auro_interfaces/include/auro_interfaces/auro_interfaces/msg/detail/string_with_pose__rosidl_typesupport_introspection_cpp.hpp
[3.527s] -- Up-to-date symlink: /home/auro/Auro_Revised/install/auro_interfaces/include/auro_interfaces/auro_interfaces/srv/detail/check_goal__rosidl_typesupport_introspection_cpp.hpp
[3.527s] -- Up-to-date symlink: /home/auro/Auro_Revised/install/auro_interfaces/include/auro_interfaces/auro_interfaces/srv/detail/collision__rosidl_typesupport_introspection_cpp.hpp
[3.527s] -- Up-to-date symlink: /home/auro/Auro_Revised/install/auro_interfaces/include/auro_interfaces/auro_interfaces/srv/detail/find_target__rosidl_typesupport_introspection_cpp.hpp
[3.527s] -- Up-to-date symlink: /home/auro/Auro_Revised/install/auro_interfaces/include/auro_interfaces/auro_interfaces/srv/detail/item_request__rosidl_typesupport_introspection_cpp.hpp
[3.528s] -- Up-to-date symlink: /home/auro/Auro_Revised/install/auro_interfaces/include/auro_interfaces/auro_interfaces/srv/detail/rotate__rosidl_typesupport_introspection_cpp.hpp
[3.528s] -- Up-to-date symlink: /home/auro/Auro_Revised/install/auro_interfaces/include/auro_interfaces/auro_interfaces/srv/detail/task__rosidl_typesupport_introspection_cpp.hpp
[3.528s] -- Up-to-date symlink: /home/auro/Auro_Revised/install/auro_interfaces/include/auro_interfaces/auro_interfaces/srv/detail/zone_request__rosidl_typesupport_introspection_cpp.hpp
[3.528s] -- Up-to-date symlink: /home/auro/Auro_Revised/install/auro_interfaces/share/auro_interfaces/environment/pythonpath.sh
[3.528s] -- Up-to-date symlink: /home/auro/Auro_Revised/install/auro_interfaces/share/auro_interfaces/environment/pythonpath.dsv
[3.528s] -- Up-to-date symlink: /home/auro/Auro_Revised/install/auro_interfaces/local/lib/python3.10/dist-packages/auro_interfaces-0.0.0-py3.10.egg-info/PKG-INFO
[3.528s] -- Up-to-date symlink: /home/auro/Auro_Revised/install/auro_interfaces/local/lib/python3.10/dist-packages/auro_interfaces-0.0.0-py3.10.egg-info/SOURCES.txt
[3.528s] -- Up-to-date symlink: /home/auro/Auro_Revised/install/auro_interfaces/local/lib/python3.10/dist-packages/auro_interfaces-0.0.0-py3.10.egg-info/dependency_links.txt
[3.528s] -- Up-to-date symlink: /home/auro/Auro_Revised/install/auro_interfaces/local/lib/python3.10/dist-packages/auro_interfaces-0.0.0-py3.10.egg-info/top_level.txt
[3.528s] -- Up-to-date symlink: /home/auro/Auro_Revised/install/auro_interfaces/local/lib/python3.10/dist-packages/auro_interfaces/__init__.py
[3.529s] -- Up-to-date symlink: /home/auro/Auro_Revised/install/auro_interfaces/local/lib/python3.10/dist-packages/auro_interfaces/_auro_interfaces_s.ep.rosidl_typesupport_c.c
[3.529s] -- Up-to-date symlink: /home/auro/Auro_Revised/install/auro_interfaces/local/lib/python3.10/dist-packages/auro_interfaces/_auro_interfaces_s.ep.rosidl_typesupport_fastrtps_c.c
[3.529s] -- Up-to-date symlink: /home/auro/Auro_Revised/install/auro_interfaces/local/lib/python3.10/dist-packages/auro_interfaces/_auro_interfaces_s.ep.rosidl_typesupport_introspection_c.c
[3.529s] -- Up-to-date symlink: /home/auro/Auro_Revised/install/auro_interfaces/local/lib/python3.10/dist-packages/auro_interfaces/action/__init__.py
[3.529s] -- Up-to-date symlink: /home/auro/Auro_Revised/install/auro_interfaces/local/lib/python3.10/dist-packages/auro_interfaces/action/_move.py
[3.529s] -- Up-to-date symlink: /home/auro/Auro_Revised/install/auro_interfaces/local/lib/python3.10/dist-packages/auro_interfaces/action/_move_s.c
[3.529s] -- Up-to-date symlink: /home/auro/Auro_Revised/install/auro_interfaces/local/lib/python3.10/dist-packages/auro_interfaces/auro_interfaces_s__rosidl_typesupport_c.cpython-310-x86_64-linux-gnu.so
[3.529s] -- Up-to-date symlink: /home/auro/Auro_Revised/install/auro_interfaces/local/lib/python3.10/dist-packages/auro_interfaces/auro_interfaces_s__rosidl_typesupport_fastrtps_c.cpython-310-x86_64-linux-gnu.so
[3.529s] -- Up-to-date symlink: /home/auro/Auro_Revised/install/auro_interfaces/local/lib/python3.10/dist-packages/auro_interfaces/auro_interfaces_s__rosidl_typesupport_introspection_c.cpython-310-x86_64-linux-gnu.so
[3.529s] -- Up-to-date symlink: /home/auro/Auro_Revised/install/auro_interfaces/local/lib/python3.10/dist-packages/auro_interfaces/libauro_interfaces__rosidl_generator_py.so
[3.530s] -- Up-to-date symlink: /home/auro/Auro_Revised/install/auro_interfaces/local/lib/python3.10/dist-packages/auro_interfaces/msg/__init__.py
[3.530s] -- Up-to-date symlink: /home/auro/Auro_Revised/install/auro_interfaces/local/lib/python3.10/dist-packages/auro_interfaces/msg/_direction.py
[3.530s] -- Up-to-date symlink: /home/auro/Auro_Revised/install/auro_interfaces/local/lib/python3.10/dist-packages/auro_interfaces/msg/_direction_s.c
[3.530s] -- Up-to-date symlink: /home/auro/Auro_Revised/install/auro_interfaces/local/lib/python3.10/dist-packages/auro_interfaces/msg/_item.py
[3.530s] -- Up-to-date symlink: /home/auro/Auro_Revised/install/auro_interfaces/local/lib/python3.10/dist-packages/auro_interfaces/msg/_item_list.py
[3.530s] -- Up-to-date symlink: /home/auro/Auro_Revised/install/auro_interfaces/local/lib/python3.10/dist-packages/auro_interfaces/msg/_item_list_s.c
[3.530s] -- Up-to-date symlink: /home/auro/Auro_Revised/install/auro_interfaces/local/lib/python3.10/dist-packages/auro_interfaces/msg/_item_s.c
[3.530s] -- Up-to-date symlink: /home/auro/Auro_Revised/install/auro_interfaces/local/lib/python3.10/dist-packages/auro_interfaces/msg/_string_with_pose.py
[3.530s] -- Up-to-date symlink: /home/auro/Auro_Revised/install/auro_interfaces/local/lib/python3.10/dist-packages/auro_interfaces/msg/_string_with_pose_s.c
[3.530s] -- Up-to-date symlink: /home/auro/Auro_Revised/install/auro_interfaces/local/lib/python3.10/dist-packages/auro_interfaces/srv/__init__.py
[3.531s] -- Up-to-date symlink: /home/auro/Auro_Revised/install/auro_interfaces/local/lib/python3.10/dist-packages/auro_interfaces/srv/_check_goal.py
[3.531s] -- Up-to-date symlink: /home/auro/Auro_Revised/install/auro_interfaces/local/lib/python3.10/dist-packages/auro_interfaces/srv/_check_goal_s.c
[3.531s] -- Up-to-date symlink: /home/auro/Auro_Revised/install/auro_interfaces/local/lib/python3.10/dist-packages/auro_interfaces/srv/_collision.py
[3.531s] -- Up-to-date symlink: /home/auro/Auro_Revised/install/auro_interfaces/local/lib/python3.10/dist-packages/auro_interfaces/srv/_collision_s.c
[3.531s] -- Up-to-date symlink: /home/auro/Auro_Revised/install/auro_interfaces/local/lib/python3.10/dist-packages/auro_interfaces/srv/_find_target.py
[3.531s] -- Up-to-date symlink: /home/auro/Auro_Revised/install/auro_interfaces/local/lib/python3.10/dist-packages/auro_interfaces/srv/_find_target_s.c
[3.531s] -- Up-to-date symlink: /home/auro/Auro_Revised/install/auro_interfaces/local/lib/python3.10/dist-packages/auro_interfaces/srv/_item_request.py
[3.531s] -- Up-to-date symlink: /home/auro/Auro_Revised/install/auro_interfaces/local/lib/python3.10/dist-packages/auro_interfaces/srv/_item_request_s.c
[3.531s] -- Up-to-date symlink: /home/auro/Auro_Revised/install/auro_interfaces/local/lib/python3.10/dist-packages/auro_interfaces/srv/_rotate.py
[3.532s] -- Up-to-date symlink: /home/auro/Auro_Revised/install/auro_interfaces/local/lib/python3.10/dist-packages/auro_interfaces/srv/_rotate_s.c
[3.532s] -- Up-to-date symlink: /home/auro/Auro_Revised/install/auro_interfaces/local/lib/python3.10/dist-packages/auro_interfaces/srv/_task.py
[3.532s] -- Up-to-date symlink: /home/auro/Auro_Revised/install/auro_interfaces/local/lib/python3.10/dist-packages/auro_interfaces/srv/_task_s.c
[3.532s] -- Up-to-date symlink: /home/auro/Auro_Revised/install/auro_interfaces/local/lib/python3.10/dist-packages/auro_interfaces/srv/_zone_request.py
[3.532s] -- Up-to-date symlink: /home/auro/Auro_Revised/install/auro_interfaces/local/lib/python3.10/dist-packages/auro_interfaces/srv/_zone_request_s.c
[3.532s] -- Up-to-date symlink: /home/auro/Auro_Revised/install/auro_interfaces/local/lib/python3.10/dist-packages/auro_interfaces/auro_interfaces_s__rosidl_typesupport_fastrtps_c.cpython-310-x86_64-linux-gnu.so
[3.532s] -- Up-to-date symlink: /home/auro/Auro_Revised/install/auro_interfaces/local/lib/python3.10/dist-packages/auro_interfaces/auro_interfaces_s__rosidl_typesupport_introspection_c.cpython-310-x86_64-linux-gnu.so
[3.532s] -- Up-to-date symlink: /home/auro/Auro_Revised/install/auro_interfaces/local/lib/python3.10/dist-packages/auro_interfaces/auro_interfaces_s__rosidl_typesupport_c.cpython-310-x86_64-linux-gnu.so
[3.532s] -- Up-to-date symlink: /home/auro/Auro_Revised/install/auro_interfaces/share/auro_interfaces/msg/StringWithPose.idl
[3.532s] -- Up-to-date symlink: /home/auro/Auro_Revised/install/auro_interfaces/share/auro_interfaces/msg/Item.idl
[3.532s] -- Up-to-date symlink: /home/auro/Auro_Revised/install/auro_interfaces/share/auro_interfaces/msg/ItemList.idl
[3.533s] -- Up-to-date symlink: /home/auro/Auro_Revised/install/auro_interfaces/share/auro_interfaces/msg/Direction.idl
[3.533s] -- Up-to-date symlink: /home/auro/Auro_Revised/install/auro_interfaces/share/auro_interfaces/srv/ItemRequest.idl
[3.533s] -- Up-to-date symlink: /home/auro/Auro_Revised/install/auro_interfaces/share/auro_interfaces/srv/ZoneRequest.idl
[3.533s] -- Up-to-date symlink: /home/auro/Auro_Revised/install/auro_interfaces/share/auro_interfaces/srv/Collision.idl
[3.533s] -- Up-to-date symlink: /home/auro/Auro_Revised/install/auro_interfaces/share/auro_interfaces/action/Move.idl
[3.533s] -- Up-to-date symlink: /home/auro/Auro_Revised/install/auro_interfaces/share/auro_interfaces/srv/CheckGoal.idl
[3.533s] -- Up-to-date symlink: /home/auro/Auro_Revised/install/auro_interfaces/share/auro_interfaces/srv/Rotate.idl
[3.533s] -- Up-to-date symlink: /home/auro/Auro_Revised/install/auro_interfaces/share/auro_interfaces/srv/Task.idl
[3.533s] -- Up-to-date symlink: /home/auro/Auro_Revised/install/auro_interfaces/share/auro_interfaces/srv/FindTarget.idl
[3.533s] -- Up-to-date symlink: /home/auro/Auro_Revised/install/auro_interfaces/share/auro_interfaces/msg/StringWithPose.msg
[3.534s] -- Up-to-date symlink: /home/auro/Auro_Revised/install/auro_interfaces/share/auro_interfaces/msg/Item.msg
[3.534s] -- Up-to-date symlink: /home/auro/Auro_Revised/install/auro_interfaces/share/auro_interfaces/msg/ItemList.msg
[3.534s] -- Up-to-date symlink: /home/auro/Auro_Revised/install/auro_interfaces/share/auro_interfaces/msg/Direction.msg
[3.534s] -- Up-to-date symlink: /home/auro/Auro_Revised/install/auro_interfaces/share/auro_interfaces/srv/ItemRequest.srv
[3.534s] -- Up-to-date symlink: /home/auro/Auro_Revised/install/auro_interfaces/share/auro_interfaces/srv/ItemRequest_Request.msg
[3.534s] -- Up-to-date symlink: /home/auro/Auro_Revised/install/auro_interfaces/share/auro_interfaces/srv/ItemRequest_Response.msg
[3.535s] -- Up-to-date symlink: /home/auro/Auro_Revised/install/auro_interfaces/share/auro_interfaces/srv/ZoneRequest.srv
[3.536s] -- Up-to-date symlink: /home/auro/Auro_Revised/install/auro_interfaces/share/auro_interfaces/srv/ZoneRequest_Request.msg
[3.536s] -- Up-to-date symlink: /home/auro/Auro_Revised/install/auro_interfaces/share/auro_interfaces/srv/ZoneRequest_Response.msg
[3.536s] -- Up-to-date symlink: /home/auro/Auro_Revised/install/auro_interfaces/share/auro_interfaces/srv/Collision.srv
[3.536s] -- Up-to-date symlink: /home/auro/Auro_Revised/install/auro_interfaces/share/auro_interfaces/srv/Collision_Request.msg
[3.536s] -- Up-to-date symlink: /home/auro/Auro_Revised/install/auro_interfaces/share/auro_interfaces/srv/Collision_Response.msg
[3.536s] -- Up-to-date symlink: /home/auro/Auro_Revised/install/auro_interfaces/share/auro_interfaces/action/Move.action
[3.536s] -- Up-to-date symlink: /home/auro/Auro_Revised/install/auro_interfaces/share/auro_interfaces/srv/CheckGoal.srv
[3.536s] -- Up-to-date symlink: /home/auro/Auro_Revised/install/auro_interfaces/share/auro_interfaces/srv/CheckGoal_Request.msg
[3.536s] -- Up-to-date symlink: /home/auro/Auro_Revised/install/auro_interfaces/share/auro_interfaces/srv/CheckGoal_Response.msg
[3.537s] -- Up-to-date symlink: /home/auro/Auro_Revised/install/auro_interfaces/share/auro_interfaces/srv/Rotate.srv
[3.537s] -- Up-to-date symlink: /home/auro/Auro_Revised/install/auro_interfaces/share/auro_interfaces/srv/Rotate_Request.msg
[3.537s] -- Up-to-date symlink: /home/auro/Auro_Revised/install/auro_interfaces/share/auro_interfaces/srv/Rotate_Response.msg
[3.537s] -- Up-to-date symlink: /home/auro/Auro_Revised/install/auro_interfaces/share/auro_interfaces/srv/Task.srv
[3.537s] -- Up-to-date symlink: /home/auro/Auro_Revised/install/auro_interfaces/share/auro_interfaces/srv/Task_Request.msg
[3.537s] -- Up-to-date symlink: /home/auro/Auro_Revised/install/auro_interfaces/share/auro_interfaces/srv/Task_Response.msg
[3.537s] -- Up-to-date symlink: /home/auro/Auro_Revised/install/auro_interfaces/share/auro_interfaces/srv/FindTarget.srv
[3.537s] -- Up-to-date symlink: /home/auro/Auro_Revised/install/auro_interfaces/share/auro_interfaces/srv/FindTarget_Request.msg
[3.537s] -- Up-to-date symlink: /home/auro/Auro_Revised/install/auro_interfaces/share/auro_interfaces/srv/FindTarget_Response.msg
[3.537s] -- Up-to-date symlink: /home/auro/Auro_Revised/install/auro_interfaces/share/ament_index/resource_index/package_run_dependencies/auro_interfaces
[3.538s] -- Up-to-date symlink: /home/auro/Auro_Revised/install/auro_interfaces/share/ament_index/resource_index/parent_prefix_path/auro_interfaces
[3.594s] -- Up-to-date symlink: /home/auro/Auro_Revised/install/auro_interfaces/share/auro_interfaces/environment/ament_prefix_path.sh
[3.594s] -- Up-to-date symlink: /home/auro/Auro_Revised/install/auro_interfaces/share/auro_interfaces/environment/ament_prefix_path.dsv
[3.595s] -- Up-to-date symlink: /home/auro/Auro_Revised/install/auro_interfaces/share/auro_interfaces/environment/path.sh
[3.595s] -- Up-to-date symlink: /home/auro/Auro_Revised/install/auro_interfaces/share/auro_interfaces/environment/path.dsv
[3.595s] -- Up-to-date symlink: /home/auro/Auro_Revised/install/auro_interfaces/share/auro_interfaces/local_setup.bash
[3.595s] -- Up-to-date symlink: /home/auro/Auro_Revised/install/auro_interfaces/share/auro_interfaces/local_setup.sh
[3.595s] -- Up-to-date symlink: /home/auro/Auro_Revised/install/auro_interfaces/share/auro_interfaces/local_setup.zsh
[3.595s] -- Up-to-date symlink: /home/auro/Auro_Revised/install/auro_interfaces/share/auro_interfaces/local_setup.dsv
[3.595s] -- Symlinking: /home/auro/Auro_Revised/install/auro_interfaces/share/auro_interfaces/package.dsv
[3.595s] -- Up-to-date symlink: /home/auro/Auro_Revised/install/auro_interfaces/share/ament_index/resource_index/packages/auro_interfaces
[3.595s] -- Up-to-date symlink: /home/auro/Auro_Revised/install/auro_interfaces/share/auro_interfaces/cmake/rosidl_cmake-extras.cmake
[3.595s] -- Up-to-date symlink: /home/auro/Auro_Revised/install/auro_interfaces/share/auro_interfaces/cmake/ament_cmake_export_dependencies-extras.cmake
[3.596s] -- Up-to-date symlink: /home/auro/Auro_Revised/install/auro_interfaces/share/auro_interfaces/cmake/ament_cmake_export_include_directories-extras.cmake
[3.596s] -- Up-to-date symlink: /home/auro/Auro_Revised/install/auro_interfaces/share/auro_interfaces/cmake/ament_cmake_export_libraries-extras.cmake
[3.596s] -- Up-to-date symlink: /home/auro/Auro_Revised/install/auro_interfaces/share/auro_interfaces/cmake/ament_cmake_export_targets-extras.cmake
[3.596s] -- Up-to-date symlink: /home/auro/Auro_Revised/install/auro_interfaces/share/auro_interfaces/cmake/rosidl_cmake_export_typesupport_targets-extras.cmake
[3.597s] -- Up-to-date symlink: /home/auro/Auro_Revised/install/auro_interfaces/share/auro_interfaces/cmake/rosidl_cmake_export_typesupport_libraries-extras.cmake
[3.597s] -- Up-to-date symlink: /home/auro/Auro_Revised/install/auro_interfaces/share/auro_interfaces/cmake/auro_interfacesConfig.cmake
[3.597s] -- Up-to-date symlink: /home/auro/Auro_Revised/install/auro_interfaces/share/auro_interfaces/cmake/auro_interfacesConfig-version.cmake
[3.597s] -- Up-to-date symlink: /home/auro/Auro_Revised/install/auro_interfaces/share/auro_interfaces/package.xml
[3.597s] -- Up-to-date: /home/auro/Auro_Revised/install/auro_interfaces/lib/libauro_interfaces__rosidl_generator_c.so
[3.597s] -- Up-to-date: /home/auro/Auro_Revised/install/auro_interfaces/lib/libauro_interfaces__rosidl_typesupport_fastrtps_c.so
[3.597s] -- Up-to-date: /home/auro/Auro_Revised/install/auro_interfaces/lib/libauro_interfaces__rosidl_typesupport_fastrtps_cpp.so
[3.597s] -- Up-to-date: /home/auro/Auro_Revised/install/auro_interfaces/lib/libauro_interfaces__rosidl_typesupport_introspection_c.so
[3.597s] -- Up-to-date: /home/auro/Auro_Revised/install/auro_interfaces/lib/libauro_interfaces__rosidl_typesupport_c.so
[3.597s] -- Up-to-date: /home/auro/Auro_Revised/install/auro_interfaces/lib/libauro_interfaces__rosidl_typesupport_introspection_cpp.so
[3.598s] -- Up-to-date: /home/auro/Auro_Revised/install/auro_interfaces/lib/libauro_interfaces__rosidl_typesupport_cpp.so
[3.658s] Listing '/home/auro/Auro_Revised/install/auro_interfaces/local/lib/python3.10/dist-packages/auro_interfaces'...
[3.660s] Listing '/home/auro/Auro_Revised/install/auro_interfaces/local/lib/python3.10/dist-packages/auro_interfaces/action'...
[3.660s] Listing '/home/auro/Auro_Revised/install/auro_interfaces/local/lib/python3.10/dist-packages/auro_interfaces/msg'...
[3.660s] Listing '/home/auro/Auro_Revised/install/auro_interfaces/local/lib/python3.10/dist-packages/auro_interfaces/srv'...
[3.676s] -- Up-to-date: /home/auro/Auro_Revised/install/auro_interfaces/lib/libauro_interfaces__rosidl_generator_py.so
[3.678s] -- Up-to-date: /home/auro/Auro_Revised/install/auro_interfaces/share/auro_interfaces/cmake/export_auro_interfaces__rosidl_generator_cExport.cmake
[3.679s] -- Up-to-date: /home/auro/Auro_Revised/install/auro_interfaces/share/auro_interfaces/cmake/export_auro_interfaces__rosidl_generator_cExport-noconfig.cmake
[3.680s] -- Up-to-date: /home/auro/Auro_Revised/install/auro_interfaces/share/auro_interfaces/cmake/export_auro_interfaces__rosidl_typesupport_fastrtps_cExport.cmake
[3.680s] -- Up-to-date: /home/auro/Auro_Revised/install/auro_interfaces/share/auro_interfaces/cmake/export_auro_interfaces__rosidl_typesupport_fastrtps_cExport-noconfig.cmake
[3.681s] -- Up-to-date: /home/auro/Auro_Revised/install/auro_interfaces/share/auro_interfaces/cmake/export_auro_interfaces__rosidl_generator_cppExport.cmake
[3.681s] -- Up-to-date: /home/auro/Auro_Revised/install/auro_interfaces/share/auro_interfaces/cmake/export_auro_interfaces__rosidl_typesupport_fastrtps_cppExport.cmake
[3.682s] -- Up-to-date: /home/auro/Auro_Revised/install/auro_interfaces/share/auro_interfaces/cmake/export_auro_interfaces__rosidl_typesupport_fastrtps_cppExport-noconfig.cmake
[3.682s] -- Up-to-date: /home/auro/Auro_Revised/install/auro_interfaces/share/auro_interfaces/cmake/auro_interfaces__rosidl_typesupport_introspection_cExport.cmake
[3.682s] -- Up-to-date: /home/auro/Auro_Revised/install/auro_interfaces/share/auro_interfaces/cmake/auro_interfaces__rosidl_typesupport_introspection_cExport-noconfig.cmake
[3.683s] -- Up-to-date: /home/auro/Auro_Revised/install/auro_interfaces/share/auro_interfaces/cmake/auro_interfaces__rosidl_typesupport_cExport.cmake
[3.683s] -- Up-to-date: /home/auro/Auro_Revised/install/auro_interfaces/share/auro_interfaces/cmake/auro_interfaces__rosidl_typesupport_cExport-noconfig.cmake
[3.684s] -- Up-to-date: /home/auro/Auro_Revised/install/auro_interfaces/share/auro_interfaces/cmake/auro_interfaces__rosidl_typesupport_introspection_cppExport.cmake
[3.684s] -- Up-to-date: /home/auro/Auro_Revised/install/auro_interfaces/share/auro_interfaces/cmake/auro_interfaces__rosidl_typesupport_introspection_cppExport-noconfig.cmake
[3.684s] -- Up-to-date: /home/auro/Auro_Revised/install/auro_interfaces/share/auro_interfaces/cmake/auro_interfaces__rosidl_typesupport_cppExport.cmake
[3.700s] -- Up-to-date: /home/auro/Auro_Revised/install/auro_interfaces/share/auro_interfaces/cmake/auro_interfaces__rosidl_typesupport_cppExport-noconfig.cmake
[3.700s] -- Up-to-date: /home/auro/Auro_Revised/install/auro_interfaces/share/auro_interfaces/cmake/export_auro_interfaces__rosidl_generator_pyExport.cmake
[3.700s] -- Up-to-date: /home/auro/Auro_Revised/install/auro_interfaces/share/auro_interfaces/cmake/export_auro_interfaces__rosidl_generator_pyExport-noconfig.cmake
[3.703s] Invoked command in '/home/auro/Auro_Revised/build/auro_interfaces' returned '0': CMAKE_PREFIX_PATH=${CMAKE_PREFIX_PATH}:/home/auro/Auro_Revised/install/tf_relay:/home/auro/Auro_Revised/install/solution:/home/auro/Auro_Revised/install/assessment:/home/auro/turtlebot3_ws/install/turtlebot3_teleop:/home/auro/turtlebot3_ws/install/turtlebot3_example:/opt/ros/humble /usr/bin/cmake --install /home/auro/Auro_Revised/build/auro_interfaces
