[0.174s] DEBUG:colcon:Command line arguments: ['/usr/bin/colcon', 'build', '--symlink-install']
[0.174s] DEBUG:colcon:Parsed command line arguments: Namespace(log_base=None, log_level=None, verb_name='build', build_base='build', install_base='install', merge_install=False, symlink_install=True, test_result_base=None, continue_on_error=False, executor='parallel', parallel_workers=4, event_handlers=None, ignore_user_meta=False, metas=['./colcon.meta'], base_paths=['.'], packages_ignore=None, packages_ignore_regex=None, paths=None, packages_up_to=None, packages_up_to_regex=None, packages_above=None, packages_above_and_dependencies=None, packages_above_depth=None, packages_select_by_dep=None, packages_skip_by_dep=None, packages_skip_up_to=None, packages_select_build_failed=False, packages_skip_build_finished=False, packages_select_test_failures=False, packages_skip_test_passed=False, packages_select=None, packages_skip=None, packages_select_regex=None, packages_skip_regex=None, packages_start=None, packages_end=None, allow_overriding=[], cmake_args=None, cmake_target=None, cmake_target_skip_unavailable=False, cmake_clean_cache=False, cmake_clean_first=False, cmake_force_configure=False, ament_cmake_args=None, catkin_cmake_args=None, catkin_skip_building_tests=False, mixin_files=None, mixin=None, verb_parser=<colcon_mixin.mixin.mixin_argument.MixinArgumentDecorator object at 0x7bb41ac90040>, verb_extension=<colcon_core.verb.build.BuildVerb object at 0x7bb41adee740>, main=<bound method BuildVerb.main of <colcon_core.verb.build.BuildVerb object at 0x7bb41adee740>>, mixin_verb=('build',))
[0.389s] Level 1:colcon.colcon_core.package_discovery:discover_packages(colcon_meta) check parameters
[0.389s] Level 1:colcon.colcon_core.package_discovery:discover_packages(recursive) check parameters
[0.389s] Level 1:colcon.colcon_core.package_discovery:discover_packages(ignore) check parameters
[0.389s] Level 1:colcon.colcon_core.package_discovery:discover_packages(path) check parameters
[0.389s] Level 1:colcon.colcon_core.package_discovery:discover_packages(colcon_meta) discover
[0.389s] Level 1:colcon.colcon_core.package_discovery:discover_packages(recursive) discover
[0.389s] INFO:colcon.colcon_core.package_discovery:Crawling recursively for packages in '/home/auro/Auro_Revised'
[0.389s] Level 1:colcon.colcon_core.package_identification:_identify(.) by extensions ['ignore', 'ignore_ament_install']
[0.390s] Level 1:colcon.colcon_core.package_identification:_identify(.) by extension 'ignore'
[0.390s] Level 1:colcon.colcon_core.package_identification:_identify(.) by extension 'ignore_ament_install'
[0.390s] Level 1:colcon.colcon_core.package_identification:_identify(.) by extensions ['colcon_pkg']
[0.390s] Level 1:colcon.colcon_core.package_identification:_identify(.) by extension 'colcon_pkg'
[0.390s] Level 1:colcon.colcon_core.package_identification:_identify(.) by extensions ['colcon_meta']
[0.390s] Level 1:colcon.colcon_core.package_identification:_identify(.) by extension 'colcon_meta'
[0.390s] Level 1:colcon.colcon_core.package_identification:_identify(.) by extensions ['ros']
[0.390s] Level 1:colcon.colcon_core.package_identification:_identify(.) by extension 'ros'
[0.419s] Level 1:colcon.colcon_core.package_identification:_identify(.) by extensions ['cmake', 'python']
[0.419s] Level 1:colcon.colcon_core.package_identification:_identify(.) by extension 'cmake'
[0.419s] Level 1:colcon.colcon_core.package_identification:_identify(.) by extension 'python'
[0.419s] Level 1:colcon.colcon_core.package_identification:_identify(.) by extensions ['python_setup_py']
[0.419s] Level 1:colcon.colcon_core.package_identification:_identify(.) by extension 'python_setup_py'
[0.419s] Level 1:colcon.colcon_core.package_identification:_identify(assessment) by extensions ['ignore', 'ignore_ament_install']
[0.419s] Level 1:colcon.colcon_core.package_identification:_identify(assessment) by extension 'ignore'
[0.420s] Level 1:colcon.colcon_core.package_identification:_identify(assessment) by extension 'ignore_ament_install'
[0.420s] Level 1:colcon.colcon_core.package_identification:_identify(assessment) by extensions ['colcon_pkg']
[0.420s] Level 1:colcon.colcon_core.package_identification:_identify(assessment) by extension 'colcon_pkg'
[0.420s] Level 1:colcon.colcon_core.package_identification:_identify(assessment) by extensions ['colcon_meta']
[0.420s] Level 1:colcon.colcon_core.package_identification:_identify(assessment) by extension 'colcon_meta'
[0.420s] Level 1:colcon.colcon_core.package_identification:_identify(assessment) by extensions ['ros']
[0.420s] Level 1:colcon.colcon_core.package_identification:_identify(assessment) by extension 'ros'
[0.423s] DEBUG:colcon.colcon_core.package_identification:Package 'assessment' with type 'ros.ament_python' and name 'assessment'
[0.423s] Level 1:colcon.colcon_core.package_identification:_identify(assessment_interfaces) by extensions ['ignore', 'ignore_ament_install']
[0.423s] Level 1:colcon.colcon_core.package_identification:_identify(assessment_interfaces) by extension 'ignore'
[0.423s] Level 1:colcon.colcon_core.package_identification:_identify(assessment_interfaces) by extension 'ignore_ament_install'
[0.423s] Level 1:colcon.colcon_core.package_identification:_identify(assessment_interfaces) by extensions ['colcon_pkg']
[0.423s] Level 1:colcon.colcon_core.package_identification:_identify(assessment_interfaces) by extension 'colcon_pkg'
[0.423s] Level 1:colcon.colcon_core.package_identification:_identify(assessment_interfaces) by extensions ['colcon_meta']
[0.423s] Level 1:colcon.colcon_core.package_identification:_identify(assessment_interfaces) by extension 'colcon_meta'
[0.423s] Level 1:colcon.colcon_core.package_identification:_identify(assessment_interfaces) by extensions ['ros']
[0.423s] Level 1:colcon.colcon_core.package_identification:_identify(assessment_interfaces) by extension 'ros'
[0.424s] DEBUG:colcon.colcon_core.package_identification:Package 'assessment_interfaces' with type 'ros.ament_cmake' and name 'assessment_interfaces'
[0.424s] Level 1:colcon.colcon_core.package_identification:_identify(auro_interfaces) by extensions ['ignore', 'ignore_ament_install']
[0.424s] Level 1:colcon.colcon_core.package_identification:_identify(auro_interfaces) by extension 'ignore'
[0.424s] Level 1:colcon.colcon_core.package_identification:_identify(auro_interfaces) by extension 'ignore_ament_install'
[0.424s] Level 1:colcon.colcon_core.package_identification:_identify(auro_interfaces) by extensions ['colcon_pkg']
[0.424s] Level 1:colcon.colcon_core.package_identification:_identify(auro_interfaces) by extension 'colcon_pkg'
[0.424s] Level 1:colcon.colcon_core.package_identification:_identify(auro_interfaces) by extensions ['colcon_meta']
[0.424s] Level 1:colcon.colcon_core.package_identification:_identify(auro_interfaces) by extension 'colcon_meta'
[0.424s] Level 1:colcon.colcon_core.package_identification:_identify(auro_interfaces) by extensions ['ros']
[0.424s] Level 1:colcon.colcon_core.package_identification:_identify(auro_interfaces) by extension 'ros'
[0.425s] DEBUG:colcon.colcon_core.package_identification:Package 'auro_interfaces' with type 'ros.ament_cmake' and name 'auro_interfaces'
[0.425s] Level 1:colcon.colcon_core.package_identification:_identify(build) by extensions ['ignore', 'ignore_ament_install']
[0.425s] Level 1:colcon.colcon_core.package_identification:_identify(build) by extension 'ignore'
[0.425s] Level 1:colcon.colcon_core.package_identification:_identify(build) ignored
[0.425s] Level 1:colcon.colcon_core.package_identification:_identify(install) by extensions ['ignore', 'ignore_ament_install']
[0.425s] Level 1:colcon.colcon_core.package_identification:_identify(install) by extension 'ignore'
[0.425s] Level 1:colcon.colcon_core.package_identification:_identify(install) ignored
[0.425s] Level 1:colcon.colcon_core.package_identification:_identify(log) by extensions ['ignore', 'ignore_ament_install']
[0.425s] Level 1:colcon.colcon_core.package_identification:_identify(log) by extension 'ignore'
[0.425s] Level 1:colcon.colcon_core.package_identification:_identify(log) ignored
[0.426s] Level 1:colcon.colcon_core.package_identification:_identify(solution) by extensions ['ignore', 'ignore_ament_install']
[0.426s] Level 1:colcon.colcon_core.package_identification:_identify(solution) by extension 'ignore'
[0.426s] Level 1:colcon.colcon_core.package_identification:_identify(solution) by extension 'ignore_ament_install'
[0.426s] Level 1:colcon.colcon_core.package_identification:_identify(solution) by extensions ['colcon_pkg']
[0.426s] Level 1:colcon.colcon_core.package_identification:_identify(solution) by extension 'colcon_pkg'
[0.426s] Level 1:colcon.colcon_core.package_identification:_identify(solution) by extensions ['colcon_meta']
[0.426s] Level 1:colcon.colcon_core.package_identification:_identify(solution) by extension 'colcon_meta'
[0.426s] Level 1:colcon.colcon_core.package_identification:_identify(solution) by extensions ['ros']
[0.426s] Level 1:colcon.colcon_core.package_identification:_identify(solution) by extension 'ros'
[0.426s] DEBUG:colcon.colcon_core.package_identification:Package 'solution' with type 'ros.ament_python' and name 'solution'
[0.427s] Level 1:colcon.colcon_core.package_identification:_identify(tf_relay) by extensions ['ignore', 'ignore_ament_install']
[0.427s] Level 1:colcon.colcon_core.package_identification:_identify(tf_relay) by extension 'ignore'
[0.427s] Level 1:colcon.colcon_core.package_identification:_identify(tf_relay) by extension 'ignore_ament_install'
[0.427s] Level 1:colcon.colcon_core.package_identification:_identify(tf_relay) by extensions ['colcon_pkg']
[0.427s] Level 1:colcon.colcon_core.package_identification:_identify(tf_relay) by extension 'colcon_pkg'
[0.427s] Level 1:colcon.colcon_core.package_identification:_identify(tf_relay) by extensions ['colcon_meta']
[0.427s] Level 1:colcon.colcon_core.package_identification:_identify(tf_relay) by extension 'colcon_meta'
[0.427s] Level 1:colcon.colcon_core.package_identification:_identify(tf_relay) by extensions ['ros']
[0.427s] Level 1:colcon.colcon_core.package_identification:_identify(tf_relay) by extension 'ros'
[0.428s] DEBUG:colcon.colcon_core.package_identification:Package 'tf_relay' with type 'ros.ament_python' and name 'tf_relay'
[0.428s] Level 1:colcon.colcon_core.package_discovery:discover_packages(recursive) using defaults
[0.428s] Level 1:colcon.colcon_core.package_discovery:discover_packages(ignore) discover
[0.428s] Level 1:colcon.colcon_core.package_discovery:discover_packages(ignore) using defaults
[0.428s] Level 1:colcon.colcon_core.package_discovery:discover_packages(path) discover
[0.428s] Level 1:colcon.colcon_core.package_discovery:discover_packages(path) using defaults
[0.455s] Level 1:colcon.colcon_core.package_discovery:discover_packages(prefix_path) check parameters
[0.455s] Level 1:colcon.colcon_core.package_discovery:discover_packages(prefix_path) discover
[0.457s] DEBUG:colcon.colcon_installed_package_information.package_discovery:Found 5 installed packages in /home/auro/Auro_Revised/install
[0.458s] DEBUG:colcon.colcon_installed_package_information.package_discovery:Found 15 installed packages in /home/auro/turtlebot3_ws/install
[0.461s] DEBUG:colcon.colcon_installed_package_information.package_discovery:Found 398 installed packages in /opt/ros/humble
[0.463s] Level 1:colcon.colcon_core.package_discovery:discover_packages(prefix_path) using defaults
[0.530s] Level 5:colcon.colcon_core.verb:set package 'assessment_interfaces' build argument 'cmake_args' from command line to 'None'
[0.530s] Level 5:colcon.colcon_core.verb:set package 'assessment_interfaces' build argument 'cmake_target' from command line to 'None'
[0.531s] Level 5:colcon.colcon_core.verb:set package 'assessment_interfaces' build argument 'cmake_target_skip_unavailable' from command line to 'False'
[0.531s] Level 5:colcon.colcon_core.verb:set package 'assessment_interfaces' build argument 'cmake_clean_cache' from command line to 'False'
[0.531s] Level 5:colcon.colcon_core.verb:set package 'assessment_interfaces' build argument 'cmake_clean_first' from command line to 'False'
[0.531s] Level 5:colcon.colcon_core.verb:set package 'assessment_interfaces' build argument 'cmake_force_configure' from command line to 'False'
[0.531s] Level 5:colcon.colcon_core.verb:set package 'assessment_interfaces' build argument 'ament_cmake_args' from command line to 'None'
[0.531s] Level 5:colcon.colcon_core.verb:set package 'assessment_interfaces' build argument 'catkin_cmake_args' from command line to 'None'
[0.531s] Level 5:colcon.colcon_core.verb:set package 'assessment_interfaces' build argument 'catkin_skip_building_tests' from command line to 'False'
[0.531s] DEBUG:colcon.colcon_core.verb:Building package 'assessment_interfaces' with the following arguments: {'ament_cmake_args': None, 'build_base': '/home/auro/Auro_Revised/build/assessment_interfaces', 'catkin_cmake_args': None, 'catkin_skip_building_tests': False, 'cmake_args': None, 'cmake_clean_cache': False, 'cmake_clean_first': False, 'cmake_force_configure': False, 'cmake_target': None, 'cmake_target_skip_unavailable': False, 'install_base': '/home/auro/Auro_Revised/install/assessment_interfaces', 'merge_install': False, 'path': '/home/auro/Auro_Revised/assessment_interfaces', 'symlink_install': True, 'test_result_base': None}
[0.533s] Level 5:colcon.colcon_core.verb:set package 'auro_interfaces' build argument 'cmake_args' from command line to 'None'
[0.533s] Level 5:colcon.colcon_core.verb:set package 'auro_interfaces' build argument 'cmake_target' from command line to 'None'
[0.533s] Level 5:colcon.colcon_core.verb:set package 'auro_interfaces' build argument 'cmake_target_skip_unavailable' from command line to 'False'
[0.533s] Level 5:colcon.colcon_core.verb:set package 'auro_interfaces' build argument 'cmake_clean_cache' from command line to 'False'
[0.533s] Level 5:colcon.colcon_core.verb:set package 'auro_interfaces' build argument 'cmake_clean_first' from command line to 'False'
[0.533s] Level 5:colcon.colcon_core.verb:set package 'auro_interfaces' build argument 'cmake_force_configure' from command line to 'False'
[0.533s] Level 5:colcon.colcon_core.verb:set package 'auro_interfaces' build argument 'ament_cmake_args' from command line to 'None'
[0.533s] Level 5:colcon.colcon_core.verb:set package 'auro_interfaces' build argument 'catkin_cmake_args' from command line to 'None'
[0.533s] Level 5:colcon.colcon_core.verb:set package 'auro_interfaces' build argument 'catkin_skip_building_tests' from command line to 'False'
[0.533s] DEBUG:colcon.colcon_core.verb:Building package 'auro_interfaces' with the following arguments: {'ament_cmake_args': None, 'build_base': '/home/auro/Auro_Revised/build/auro_interfaces', 'catkin_cmake_args': None, 'catkin_skip_building_tests': False, 'cmake_args': None, 'cmake_clean_cache': False, 'cmake_clean_first': False, 'cmake_force_configure': False, 'cmake_target': None, 'cmake_target_skip_unavailable': False, 'install_base': '/home/auro/Auro_Revised/install/auro_interfaces', 'merge_install': False, 'path': '/home/auro/Auro_Revised/auro_interfaces', 'symlink_install': True, 'test_result_base': None}
[0.533s] Level 5:colcon.colcon_core.verb:set package 'solution' build argument 'cmake_args' from command line to 'None'
[0.533s] Level 5:colcon.colcon_core.verb:set package 'solution' build argument 'cmake_target' from command line to 'None'
[0.533s] Level 5:colcon.colcon_core.verb:set package 'solution' build argument 'cmake_target_skip_unavailable' from command line to 'False'
[0.533s] Level 5:colcon.colcon_core.verb:set package 'solution' build argument 'cmake_clean_cache' from command line to 'False'
[0.533s] Level 5:colcon.colcon_core.verb:set package 'solution' build argument 'cmake_clean_first' from command line to 'False'
[0.533s] Level 5:colcon.colcon_core.verb:set package 'solution' build argument 'cmake_force_configure' from command line to 'False'
[0.533s] Level 5:colcon.colcon_core.verb:set package 'solution' build argument 'ament_cmake_args' from command line to 'None'
[0.534s] Level 5:colcon.colcon_core.verb:set package 'solution' build argument 'catkin_cmake_args' from command line to 'None'
[0.534s] Level 5:colcon.colcon_core.verb:set package 'solution' build argument 'catkin_skip_building_tests' from command line to 'False'
[0.534s] DEBUG:colcon.colcon_core.verb:Building package 'solution' with the following arguments: {'ament_cmake_args': None, 'build_base': '/home/auro/Auro_Revised/build/solution', 'catkin_cmake_args': None, 'catkin_skip_building_tests': False, 'cmake_args': None, 'cmake_clean_cache': False, 'cmake_clean_first': False, 'cmake_force_configure': False, 'cmake_target': None, 'cmake_target_skip_unavailable': False, 'install_base': '/home/auro/Auro_Revised/install/solution', 'merge_install': False, 'path': '/home/auro/Auro_Revised/solution', 'symlink_install': True, 'test_result_base': None}
[0.534s] Level 5:colcon.colcon_core.verb:set package 'tf_relay' build argument 'cmake_args' from command line to 'None'
[0.534s] Level 5:colcon.colcon_core.verb:set package 'tf_relay' build argument 'cmake_target' from command line to 'None'
[0.534s] Level 5:colcon.colcon_core.verb:set package 'tf_relay' build argument 'cmake_target_skip_unavailable' from command line to 'False'
[0.534s] Level 5:colcon.colcon_core.verb:set package 'tf_relay' build argument 'cmake_clean_cache' from command line to 'False'
[0.534s] Level 5:colcon.colcon_core.verb:set package 'tf_relay' build argument 'cmake_clean_first' from command line to 'False'
[0.534s] Level 5:colcon.colcon_core.verb:set package 'tf_relay' build argument 'cmake_force_configure' from command line to 'False'
[0.534s] Level 5:colcon.colcon_core.verb:set package 'tf_relay' build argument 'ament_cmake_args' from command line to 'None'
[0.534s] Level 5:colcon.colcon_core.verb:set package 'tf_relay' build argument 'catkin_cmake_args' from command line to 'None'
[0.534s] Level 5:colcon.colcon_core.verb:set package 'tf_relay' build argument 'catkin_skip_building_tests' from command line to 'False'
[0.534s] DEBUG:colcon.colcon_core.verb:Building package 'tf_relay' with the following arguments: {'ament_cmake_args': None, 'build_base': '/home/auro/Auro_Revised/build/tf_relay', 'catkin_cmake_args': None, 'catkin_skip_building_tests': False, 'cmake_args': None, 'cmake_clean_cache': False, 'cmake_clean_first': False, 'cmake_force_configure': False, 'cmake_target': None, 'cmake_target_skip_unavailable': False, 'install_base': '/home/auro/Auro_Revised/install/tf_relay', 'merge_install': False, 'path': '/home/auro/Auro_Revised/tf_relay', 'symlink_install': True, 'test_result_base': None}
[0.535s] Level 5:colcon.colcon_core.verb:set package 'assessment' build argument 'cmake_args' from command line to 'None'
[0.535s] Level 5:colcon.colcon_core.verb:set package 'assessment' build argument 'cmake_target' from command line to 'None'
[0.535s] Level 5:colcon.colcon_core.verb:set package 'assessment' build argument 'cmake_target_skip_unavailable' from command line to 'False'
[0.535s] Level 5:colcon.colcon_core.verb:set package 'assessment' build argument 'cmake_clean_cache' from command line to 'False'
[0.535s] Level 5:colcon.colcon_core.verb:set package 'assessment' build argument 'cmake_clean_first' from command line to 'False'
[0.535s] Level 5:colcon.colcon_core.verb:set package 'assessment' build argument 'cmake_force_configure' from command line to 'False'
[0.535s] Level 5:colcon.colcon_core.verb:set package 'assessment' build argument 'ament_cmake_args' from command line to 'None'
[0.535s] Level 5:colcon.colcon_core.verb:set package 'assessment' build argument 'catkin_cmake_args' from command line to 'None'
[0.535s] Level 5:colcon.colcon_core.verb:set package 'assessment' build argument 'catkin_skip_building_tests' from command line to 'False'
[0.535s] DEBUG:colcon.colcon_core.verb:Building package 'assessment' with the following arguments: {'ament_cmake_args': None, 'build_base': '/home/auro/Auro_Revised/build/assessment', 'catkin_cmake_args': None, 'catkin_skip_building_tests': False, 'cmake_args': None, 'cmake_clean_cache': False, 'cmake_clean_first': False, 'cmake_force_configure': False, 'cmake_target': None, 'cmake_target_skip_unavailable': False, 'install_base': '/home/auro/Auro_Revised/install/assessment', 'merge_install': False, 'path': '/home/auro/Auro_Revised/assessment', 'symlink_install': True, 'test_result_base': None}
[0.535s] INFO:colcon.colcon_core.executor:Executing jobs using 'parallel' executor
[0.537s] DEBUG:colcon.colcon_parallel_executor.executor.parallel:run_until_complete
[0.538s] INFO:colcon.colcon_ros.task.ament_cmake.build:Building ROS package in '/home/auro/Auro_Revised/auro_interfaces' with build type 'ament_cmake'
[0.538s] INFO:colcon.colcon_cmake.task.cmake.build:Building CMake package in '/home/auro/Auro_Revised/auro_interfaces'
[0.541s] INFO:colcon.colcon_core.plugin_system:Skipping extension 'colcon_core.shell.bat': Not used on non-Windows systems
[0.541s] INFO:colcon.colcon_core.shell:Skip shell extension 'powershell' for command environment: Not usable outside of PowerShell
[0.541s] DEBUG:colcon.colcon_core.shell:Skip shell extension 'dsv' for command environment
[0.548s] INFO:colcon.colcon_ros.task.ament_cmake.build:Building ROS package in '/home/auro/Auro_Revised/assessment_interfaces' with build type 'ament_cmake'
[0.548s] INFO:colcon.colcon_cmake.task.cmake.build:Building CMake package in '/home/auro/Auro_Revised/assessment_interfaces'
[0.549s] INFO:colcon.colcon_core.shell:Skip shell extension 'powershell' for command environment: Not usable outside of PowerShell
[0.549s] DEBUG:colcon.colcon_core.shell:Skip shell extension 'dsv' for command environment
[0.556s] INFO:colcon.colcon_ros.task.ament_python.build:Building ROS package in '/home/auro/Auro_Revised/solution' with build type 'ament_python'
[0.556s] Level 1:colcon.colcon_core.shell:create_environment_hook('solution', 'ament_prefix_path')
[0.557s] INFO:colcon.colcon_core.shell:Creating environment hook '/home/auro/Auro_Revised/install/solution/share/solution/hook/ament_prefix_path.ps1'
[0.558s] INFO:colcon.colcon_core.shell:Creating environment descriptor '/home/auro/Auro_Revised/install/solution/share/solution/hook/ament_prefix_path.dsv'
[0.559s] INFO:colcon.colcon_core.shell:Creating environment hook '/home/auro/Auro_Revised/install/solution/share/solution/hook/ament_prefix_path.sh'
[0.561s] INFO:colcon.colcon_core.shell:Skip shell extension 'powershell' for command environment: Not usable outside of PowerShell
[0.561s] DEBUG:colcon.colcon_core.shell:Skip shell extension 'dsv' for command environment
[0.574s] INFO:colcon.colcon_ros.task.ament_python.build:Building ROS package in '/home/auro/Auro_Revised/tf_relay' with build type 'ament_python'
[0.574s] Level 1:colcon.colcon_core.shell:create_environment_hook('tf_relay', 'ament_prefix_path')
[0.575s] INFO:colcon.colcon_core.shell:Creating environment hook '/home/auro/Auro_Revised/install/tf_relay/share/tf_relay/hook/ament_prefix_path.ps1'
[0.577s] INFO:colcon.colcon_core.shell:Creating environment descriptor '/home/auro/Auro_Revised/install/tf_relay/share/tf_relay/hook/ament_prefix_path.dsv'
[0.578s] INFO:colcon.colcon_core.shell:Creating environment hook '/home/auro/Auro_Revised/install/tf_relay/share/tf_relay/hook/ament_prefix_path.sh'
[0.580s] INFO:colcon.colcon_core.shell:Skip shell extension 'powershell' for command environment: Not usable outside of PowerShell
[0.580s] DEBUG:colcon.colcon_core.shell:Skip shell extension 'dsv' for command environment
[0.596s] DEBUG:colcon.colcon_core.event_handler.log_command:Invoking command in '/home/auro/Auro_Revised/build/auro_interfaces': CMAKE_PREFIX_PATH=${CMAKE_PREFIX_PATH}:/home/auro/Auro_Revised/install/tf_relay:/home/auro/Auro_Revised/install/solution:/home/auro/Auro_Revised/install/assessment:/home/auro/turtlebot3_ws/install/turtlebot3_teleop:/home/auro/turtlebot3_ws/install/turtlebot3_example:/opt/ros/humble /usr/bin/cmake --build /home/auro/Auro_Revised/build/auro_interfaces -- -j4 -l4
[0.601s] DEBUG:colcon.colcon_core.event_handler.log_command:Invoking command in '/home/auro/Auro_Revised/build/assessment_interfaces': CMAKE_PREFIX_PATH=${CMAKE_PREFIX_PATH}:/home/auro/Auro_Revised/install/tf_relay:/home/auro/Auro_Revised/install/solution:/home/auro/Auro_Revised/install/assessment:/home/auro/turtlebot3_ws/install/turtlebot3_teleop:/home/auro/turtlebot3_ws/install/turtlebot3_example:/opt/ros/humble /usr/bin/cmake --build /home/auro/Auro_Revised/build/assessment_interfaces -- -j4 -l4
[1.014s] INFO:colcon.colcon_core.task.python.build:Building Python package in '/home/auro/Auro_Revised/solution'
[1.014s] INFO:colcon.colcon_core.shell:Skip shell extension 'powershell' for command environment: Not usable outside of PowerShell
[1.014s] DEBUG:colcon.colcon_core.shell:Skip shell extension 'dsv' for command environment
[1.447s] INFO:colcon.colcon_core.task.python.build:Building Python package in '/home/auro/Auro_Revised/tf_relay'
[1.448s] INFO:colcon.colcon_core.shell:Skip shell extension 'powershell' for command environment: Not usable outside of PowerShell
[1.448s] DEBUG:colcon.colcon_core.shell:Skip shell extension 'dsv' for command environment
[1.772s] DEBUG:colcon.colcon_core.event_handler.log_command:Invoked command in '/home/auro/Auro_Revised/build/auro_interfaces' returned '0': CMAKE_PREFIX_PATH=${CMAKE_PREFIX_PATH}:/home/auro/Auro_Revised/install/tf_relay:/home/auro/Auro_Revised/install/solution:/home/auro/Auro_Revised/install/assessment:/home/auro/turtlebot3_ws/install/turtlebot3_teleop:/home/auro/turtlebot3_ws/install/turtlebot3_example:/opt/ros/humble /usr/bin/cmake --build /home/auro/Auro_Revised/build/auro_interfaces -- -j4 -l4
[1.810s] DEBUG:colcon.colcon_core.event_handler.log_command:Invoked command in '/home/auro/Auro_Revised/build/assessment_interfaces' returned '0': CMAKE_PREFIX_PATH=${CMAKE_PREFIX_PATH}:/home/auro/Auro_Revised/install/tf_relay:/home/auro/Auro_Revised/install/solution:/home/auro/Auro_Revised/install/assessment:/home/auro/turtlebot3_ws/install/turtlebot3_teleop:/home/auro/turtlebot3_ws/install/turtlebot3_example:/opt/ros/humble /usr/bin/cmake --build /home/auro/Auro_Revised/build/assessment_interfaces -- -j4 -l4
[2.137s] DEBUG:colcon.colcon_core.event_handler.log_command:Invoking command in '/home/auro/Auro_Revised/build/tf_relay': PYTHONPATH=/home/auro/Auro_Revised/build/tf_relay/prefix_override:/usr/lib/python3/dist-packages/colcon_core/task/python/colcon_distutils_commands:/home/auro/Auro_Revised/install/tf_relay/lib/python3.10/site-packages:${PYTHONPATH} /usr/bin/python3 -W ignore:setup.py install is deprecated setup.py develop --editable --build-directory /home/auro/Auro_Revised/build/tf_relay/build --no-deps symlink_data
[2.157s] DEBUG:colcon.colcon_core.event_handler.log_command:Invoking command in '/home/auro/Auro_Revised/build/solution': PYTHONPATH=/home/auro/Auro_Revised/build/solution/prefix_override:/usr/lib/python3/dist-packages/colcon_core/task/python/colcon_distutils_commands:/home/auro/Auro_Revised/install/solution/lib/python3.10/site-packages:${PYTHONPATH} /usr/bin/python3 -W ignore:setup.py install is deprecated setup.py develop --editable --build-directory /home/auro/Auro_Revised/build/solution/build --no-deps symlink_data
[2.358s] DEBUG:colcon.colcon_core.event_handler.log_command:Invoking command in '/home/auro/Auro_Revised/build/assessment_interfaces': CMAKE_PREFIX_PATH=${CMAKE_PREFIX_PATH}:/home/auro/Auro_Revised/install/tf_relay:/home/auro/Auro_Revised/install/solution:/home/auro/Auro_Revised/install/assessment:/home/auro/turtlebot3_ws/install/turtlebot3_teleop:/home/auro/turtlebot3_ws/install/turtlebot3_example:/opt/ros/humble /usr/bin/cmake --install /home/auro/Auro_Revised/build/assessment_interfaces
[2.523s] Level 1:colcon.colcon_core.environment:create_environment_scripts_only(assessment_interfaces)
[2.526s] Level 1:colcon.colcon_core.environment:checking '/home/auro/Auro_Revised/install/assessment_interfaces' for CMake module files
[2.528s] Level 1:colcon.colcon_core.environment:checking '/home/auro/Auro_Revised/install/assessment_interfaces' for CMake config files
[2.530s] Level 1:colcon.colcon_core.shell:create_environment_hook('assessment_interfaces', 'cmake_prefix_path')
[2.530s] INFO:colcon.colcon_core.shell:Creating environment hook '/home/auro/Auro_Revised/install/assessment_interfaces/share/assessment_interfaces/hook/cmake_prefix_path.ps1'
[2.531s] INFO:colcon.colcon_core.shell:Creating environment descriptor '/home/auro/Auro_Revised/install/assessment_interfaces/share/assessment_interfaces/hook/cmake_prefix_path.dsv'
[2.531s] DEBUG:colcon.colcon_core.event_handler.log_command:Invoked command in '/home/auro/Auro_Revised/build/assessment_interfaces' returned '0': CMAKE_PREFIX_PATH=${CMAKE_PREFIX_PATH}:/home/auro/Auro_Revised/install/tf_relay:/home/auro/Auro_Revised/install/solution:/home/auro/Auro_Revised/install/assessment:/home/auro/turtlebot3_ws/install/turtlebot3_teleop:/home/auro/turtlebot3_ws/install/turtlebot3_example:/opt/ros/humble /usr/bin/cmake --install /home/auro/Auro_Revised/build/assessment_interfaces
[2.532s] INFO:colcon.colcon_core.shell:Creating environment hook '/home/auro/Auro_Revised/install/assessment_interfaces/share/assessment_interfaces/hook/cmake_prefix_path.sh'
[2.533s] Level 1:colcon.colcon_core.environment:checking '/home/auro/Auro_Revised/install/assessment_interfaces/lib'
[2.534s] Level 1:colcon.colcon_core.shell:create_environment_hook('assessment_interfaces', 'ld_library_path_lib')
[2.534s] INFO:colcon.colcon_core.shell:Creating environment hook '/home/auro/Auro_Revised/install/assessment_interfaces/share/assessment_interfaces/hook/ld_library_path_lib.ps1'
[2.535s] INFO:colcon.colcon_core.shell:Creating environment descriptor '/home/auro/Auro_Revised/install/assessment_interfaces/share/assessment_interfaces/hook/ld_library_path_lib.dsv'
[2.536s] INFO:colcon.colcon_core.shell:Creating environment hook '/home/auro/Auro_Revised/install/assessment_interfaces/share/assessment_interfaces/hook/ld_library_path_lib.sh'
[2.537s] Level 1:colcon.colcon_core.environment:checking '/home/auro/Auro_Revised/install/assessment_interfaces/bin'
[2.537s] Level 1:colcon.colcon_core.environment:checking '/home/auro/Auro_Revised/install/assessment_interfaces/lib/pkgconfig/assessment_interfaces.pc'
[2.537s] Level 1:colcon.colcon_core.environment:checking '/home/auro/Auro_Revised/install/assessment_interfaces/lib/python3.10/site-packages'
[2.538s] Level 1:colcon.colcon_core.environment:checking '/home/auro/Auro_Revised/install/assessment_interfaces/bin'
[2.538s] INFO:colcon.colcon_core.shell:Creating package script '/home/auro/Auro_Revised/install/assessment_interfaces/share/assessment_interfaces/package.ps1'
[2.539s] INFO:colcon.colcon_core.shell:Creating package descriptor '/home/auro/Auro_Revised/install/assessment_interfaces/share/assessment_interfaces/package.dsv'
[2.540s] INFO:colcon.colcon_core.shell:Creating package script '/home/auro/Auro_Revised/install/assessment_interfaces/share/assessment_interfaces/package.sh'
[2.541s] INFO:colcon.colcon_core.shell:Creating package script '/home/auro/Auro_Revised/install/assessment_interfaces/share/assessment_interfaces/package.bash'
[2.543s] INFO:colcon.colcon_core.shell:Creating package script '/home/auro/Auro_Revised/install/assessment_interfaces/share/assessment_interfaces/package.zsh'
[2.544s] Level 1:colcon.colcon_core.environment:create_file_with_runtime_dependencies(/home/auro/Auro_Revised/install/assessment_interfaces/share/colcon-core/packages/assessment_interfaces)
[2.560s] DEBUG:colcon.colcon_core.event_handler.log_command:Invoking command in '/home/auro/Auro_Revised/build/auro_interfaces': CMAKE_PREFIX_PATH=${CMAKE_PREFIX_PATH}:/home/auro/Auro_Revised/install/tf_relay:/home/auro/Auro_Revised/install/solution:/home/auro/Auro_Revised/install/assessment:/home/auro/turtlebot3_ws/install/turtlebot3_teleop:/home/auro/turtlebot3_ws/install/turtlebot3_example:/opt/ros/humble /usr/bin/cmake --install /home/auro/Auro_Revised/build/auro_interfaces
[2.763s] Level 1:colcon.colcon_core.environment:create_environment_scripts_only(auro_interfaces)
[2.764s] Level 1:colcon.colcon_core.environment:checking '/home/auro/Auro_Revised/install/auro_interfaces' for CMake module files
[2.765s] Level 1:colcon.colcon_core.environment:checking '/home/auro/Auro_Revised/install/auro_interfaces' for CMake config files
[2.766s] DEBUG:colcon.colcon_core.event_handler.log_command:Invoked command in '/home/auro/Auro_Revised/build/auro_interfaces' returned '0': CMAKE_PREFIX_PATH=${CMAKE_PREFIX_PATH}:/home/auro/Auro_Revised/install/tf_relay:/home/auro/Auro_Revised/install/solution:/home/auro/Auro_Revised/install/assessment:/home/auro/turtlebot3_ws/install/turtlebot3_teleop:/home/auro/turtlebot3_ws/install/turtlebot3_example:/opt/ros/humble /usr/bin/cmake --install /home/auro/Auro_Revised/build/auro_interfaces
[2.786s] Level 1:colcon.colcon_core.shell:create_environment_hook('auro_interfaces', 'cmake_prefix_path')
[2.786s] INFO:colcon.colcon_core.shell:Creating environment hook '/home/auro/Auro_Revised/install/auro_interfaces/share/auro_interfaces/hook/cmake_prefix_path.ps1'
[2.787s] INFO:colcon.colcon_core.shell:Creating environment descriptor '/home/auro/Auro_Revised/install/auro_interfaces/share/auro_interfaces/hook/cmake_prefix_path.dsv'
[2.788s] INFO:colcon.colcon_core.shell:Creating environment hook '/home/auro/Auro_Revised/install/auro_interfaces/share/auro_interfaces/hook/cmake_prefix_path.sh'
[2.789s] Level 1:colcon.colcon_core.environment:checking '/home/auro/Auro_Revised/install/auro_interfaces/lib'
[2.789s] Level 1:colcon.colcon_core.shell:create_environment_hook('auro_interfaces', 'ld_library_path_lib')
[2.789s] INFO:colcon.colcon_core.shell:Creating environment hook '/home/auro/Auro_Revised/install/auro_interfaces/share/auro_interfaces/hook/ld_library_path_lib.ps1'
[2.790s] INFO:colcon.colcon_core.shell:Creating environment descriptor '/home/auro/Auro_Revised/install/auro_interfaces/share/auro_interfaces/hook/ld_library_path_lib.dsv'
[2.790s] INFO:colcon.colcon_core.shell:Creating environment hook '/home/auro/Auro_Revised/install/auro_interfaces/share/auro_interfaces/hook/ld_library_path_lib.sh'
[2.791s] Level 1:colcon.colcon_core.environment:checking '/home/auro/Auro_Revised/install/auro_interfaces/bin'
[2.791s] Level 1:colcon.colcon_core.environment:checking '/home/auro/Auro_Revised/install/auro_interfaces/lib/pkgconfig/auro_interfaces.pc'
[2.791s] Level 1:colcon.colcon_core.environment:checking '/home/auro/Auro_Revised/install/auro_interfaces/lib/python3.10/site-packages'
[2.792s] Level 1:colcon.colcon_core.environment:checking '/home/auro/Auro_Revised/install/auro_interfaces/bin'
[2.792s] INFO:colcon.colcon_core.shell:Creating package script '/home/auro/Auro_Revised/install/auro_interfaces/share/auro_interfaces/package.ps1'
[2.793s] INFO:colcon.colcon_core.shell:Creating package descriptor '/home/auro/Auro_Revised/install/auro_interfaces/share/auro_interfaces/package.dsv'
[2.794s] INFO:colcon.colcon_core.shell:Creating package script '/home/auro/Auro_Revised/install/auro_interfaces/share/auro_interfaces/package.sh'
[2.794s] INFO:colcon.colcon_core.shell:Creating package script '/home/auro/Auro_Revised/install/auro_interfaces/share/auro_interfaces/package.bash'
[2.795s] INFO:colcon.colcon_core.shell:Creating package script '/home/auro/Auro_Revised/install/auro_interfaces/share/auro_interfaces/package.zsh'
[2.795s] Level 1:colcon.colcon_core.environment:create_file_with_runtime_dependencies(/home/auro/Auro_Revised/install/auro_interfaces/share/colcon-core/packages/auro_interfaces)
[2.936s] Level 1:colcon.colcon_core.shell:create_environment_hook('tf_relay', 'pythonpath_develop')
[2.937s] INFO:colcon.colcon_core.shell:Creating environment hook '/home/auro/Auro_Revised/build/tf_relay/share/tf_relay/hook/pythonpath_develop.ps1'
[2.938s] INFO:colcon.colcon_core.shell:Creating environment descriptor '/home/auro/Auro_Revised/build/tf_relay/share/tf_relay/hook/pythonpath_develop.dsv'
[2.938s] INFO:colcon.colcon_core.shell:Creating environment hook '/home/auro/Auro_Revised/build/tf_relay/share/tf_relay/hook/pythonpath_develop.sh'
[2.940s] Level 1:colcon.colcon_core.environment:checking '/home/auro/Auro_Revised/install/tf_relay' for CMake module files
[2.941s] Level 1:colcon.colcon_core.environment:checking '/home/auro/Auro_Revised/install/tf_relay' for CMake config files
[2.942s] Level 1:colcon.colcon_core.environment:checking '/home/auro/Auro_Revised/install/tf_relay/lib'
[2.942s] Level 1:colcon.colcon_core.environment:checking '/home/auro/Auro_Revised/install/tf_relay/bin'
[2.942s] Level 1:colcon.colcon_core.environment:checking '/home/auro/Auro_Revised/install/tf_relay/lib/pkgconfig/tf_relay.pc'
[2.942s] Level 1:colcon.colcon_core.environment:checking '/home/auro/Auro_Revised/install/tf_relay/lib/python3.10/site-packages'
[2.943s] Level 1:colcon.colcon_core.shell:create_environment_hook('tf_relay', 'pythonpath')
[2.943s] DEBUG:colcon.colcon_core.event_handler.log_command:Invoked command in '/home/auro/Auro_Revised/build/tf_relay' returned '0': PYTHONPATH=/home/auro/Auro_Revised/build/tf_relay/prefix_override:/usr/lib/python3/dist-packages/colcon_core/task/python/colcon_distutils_commands:/home/auro/Auro_Revised/install/tf_relay/lib/python3.10/site-packages:${PYTHONPATH} /usr/bin/python3 -W ignore:setup.py install is deprecated setup.py develop --editable --build-directory /home/auro/Auro_Revised/build/tf_relay/build --no-deps symlink_data
[2.944s] INFO:colcon.colcon_core.shell:Creating environment hook '/home/auro/Auro_Revised/install/tf_relay/share/tf_relay/hook/pythonpath.ps1'
[2.945s] INFO:colcon.colcon_core.shell:Creating environment descriptor '/home/auro/Auro_Revised/install/tf_relay/share/tf_relay/hook/pythonpath.dsv'
[2.948s] INFO:colcon.colcon_core.shell:Creating environment hook '/home/auro/Auro_Revised/install/tf_relay/share/tf_relay/hook/pythonpath.sh'
[2.951s] Level 1:colcon.colcon_core.environment:checking '/home/auro/Auro_Revised/install/tf_relay/bin'
[2.951s] Level 1:colcon.colcon_core.environment:create_environment_scripts_only(tf_relay)
[2.952s] INFO:colcon.colcon_core.shell:Creating package script '/home/auro/Auro_Revised/install/tf_relay/share/tf_relay/package.ps1'
[2.953s] INFO:colcon.colcon_core.shell:Creating package descriptor '/home/auro/Auro_Revised/install/tf_relay/share/tf_relay/package.dsv'
[2.955s] INFO:colcon.colcon_core.shell:Creating package script '/home/auro/Auro_Revised/install/tf_relay/share/tf_relay/package.sh'
[2.956s] INFO:colcon.colcon_core.shell:Creating package script '/home/auro/Auro_Revised/install/tf_relay/share/tf_relay/package.bash'
[2.956s] INFO:colcon.colcon_core.shell:Creating package script '/home/auro/Auro_Revised/install/tf_relay/share/tf_relay/package.zsh'
[2.957s] Level 1:colcon.colcon_core.environment:create_file_with_runtime_dependencies(/home/auro/Auro_Revised/install/tf_relay/share/colcon-core/packages/tf_relay)
[3.029s] Level 1:colcon.colcon_core.shell:create_environment_hook('solution', 'pythonpath_develop')
[3.030s] INFO:colcon.colcon_core.shell:Creating environment hook '/home/auro/Auro_Revised/build/solution/share/solution/hook/pythonpath_develop.ps1'
[3.031s] INFO:colcon.colcon_core.shell:Creating environment descriptor '/home/auro/Auro_Revised/build/solution/share/solution/hook/pythonpath_develop.dsv'
[3.033s] INFO:colcon.colcon_core.shell:Creating environment hook '/home/auro/Auro_Revised/build/solution/share/solution/hook/pythonpath_develop.sh'
[3.035s] DEBUG:colcon.colcon_core.event_handler.log_command:Invoked command in '/home/auro/Auro_Revised/build/solution' returned '0': PYTHONPATH=/home/auro/Auro_Revised/build/solution/prefix_override:/usr/lib/python3/dist-packages/colcon_core/task/python/colcon_distutils_commands:/home/auro/Auro_Revised/install/solution/lib/python3.10/site-packages:${PYTHONPATH} /usr/bin/python3 -W ignore:setup.py install is deprecated setup.py develop --editable --build-directory /home/auro/Auro_Revised/build/solution/build --no-deps symlink_data
[3.037s] Level 1:colcon.colcon_core.environment:checking '/home/auro/Auro_Revised/install/solution' for CMake module files
[3.038s] Level 1:colcon.colcon_core.environment:checking '/home/auro/Auro_Revised/install/solution' for CMake config files
[3.039s] Level 1:colcon.colcon_core.environment:checking '/home/auro/Auro_Revised/install/solution/lib'
[3.039s] Level 1:colcon.colcon_core.environment:checking '/home/auro/Auro_Revised/install/solution/bin'
[3.039s] Level 1:colcon.colcon_core.environment:checking '/home/auro/Auro_Revised/install/solution/lib/pkgconfig/solution.pc'
[3.040s] Level 1:colcon.colcon_core.environment:checking '/home/auro/Auro_Revised/install/solution/lib/python3.10/site-packages'
[3.040s] Level 1:colcon.colcon_core.shell:create_environment_hook('solution', 'pythonpath')
[3.041s] INFO:colcon.colcon_core.shell:Creating environment hook '/home/auro/Auro_Revised/install/solution/share/solution/hook/pythonpath.ps1'
[3.041s] INFO:colcon.colcon_core.shell:Creating environment descriptor '/home/auro/Auro_Revised/install/solution/share/solution/hook/pythonpath.dsv'
[3.042s] INFO:colcon.colcon_core.shell:Creating environment hook '/home/auro/Auro_Revised/install/solution/share/solution/hook/pythonpath.sh'
[3.043s] Level 1:colcon.colcon_core.environment:checking '/home/auro/Auro_Revised/install/solution/bin'
[3.043s] Level 1:colcon.colcon_core.environment:create_environment_scripts_only(solution)
[3.043s] INFO:colcon.colcon_core.shell:Creating package script '/home/auro/Auro_Revised/install/solution/share/solution/package.ps1'
[3.044s] INFO:colcon.colcon_core.shell:Creating package descriptor '/home/auro/Auro_Revised/install/solution/share/solution/package.dsv'
[3.045s] INFO:colcon.colcon_core.shell:Creating package script '/home/auro/Auro_Revised/install/solution/share/solution/package.sh'
[3.045s] INFO:colcon.colcon_core.shell:Creating package script '/home/auro/Auro_Revised/install/solution/share/solution/package.bash'
[3.046s] INFO:colcon.colcon_core.shell:Creating package script '/home/auro/Auro_Revised/install/solution/share/solution/package.zsh'
[3.046s] Level 1:colcon.colcon_core.environment:create_file_with_runtime_dependencies(/home/auro/Auro_Revised/install/solution/share/colcon-core/packages/solution)
[3.169s] Level 1:colcon.colcon_core.environment:create_environment_scripts_only(assessment_interfaces)
[3.169s] Level 1:colcon.colcon_core.environment:checking '/home/auro/Auro_Revised/install/assessment_interfaces' for CMake module files
[3.171s] Level 1:colcon.colcon_core.environment:checking '/home/auro/Auro_Revised/install/assessment_interfaces' for CMake config files
[3.172s] Level 1:colcon.colcon_core.shell:create_environment_hook('assessment_interfaces', 'cmake_prefix_path')
[3.173s] INFO:colcon.colcon_core.shell:Creating environment hook '/home/auro/Auro_Revised/install/assessment_interfaces/share/assessment_interfaces/hook/cmake_prefix_path.ps1'
[3.174s] INFO:colcon.colcon_core.shell:Creating environment descriptor '/home/auro/Auro_Revised/install/assessment_interfaces/share/assessment_interfaces/hook/cmake_prefix_path.dsv'
[3.174s] INFO:colcon.colcon_core.shell:Creating environment hook '/home/auro/Auro_Revised/install/assessment_interfaces/share/assessment_interfaces/hook/cmake_prefix_path.sh'
[3.175s] Level 1:colcon.colcon_core.environment:checking '/home/auro/Auro_Revised/install/assessment_interfaces/lib'
[3.175s] Level 1:colcon.colcon_core.shell:create_environment_hook('assessment_interfaces', 'ld_library_path_lib')
[3.175s] INFO:colcon.colcon_core.shell:Creating environment hook '/home/auro/Auro_Revised/install/assessment_interfaces/share/assessment_interfaces/hook/ld_library_path_lib.ps1'
[3.176s] INFO:colcon.colcon_core.shell:Creating environment descriptor '/home/auro/Auro_Revised/install/assessment_interfaces/share/assessment_interfaces/hook/ld_library_path_lib.dsv'
[3.176s] INFO:colcon.colcon_core.shell:Creating environment hook '/home/auro/Auro_Revised/install/assessment_interfaces/share/assessment_interfaces/hook/ld_library_path_lib.sh'
[3.177s] Level 1:colcon.colcon_core.environment:checking '/home/auro/Auro_Revised/install/assessment_interfaces/bin'
[3.177s] Level 1:colcon.colcon_core.environment:checking '/home/auro/Auro_Revised/install/assessment_interfaces/lib/pkgconfig/assessment_interfaces.pc'
[3.177s] Level 1:colcon.colcon_core.environment:checking '/home/auro/Auro_Revised/install/assessment_interfaces/lib/python3.10/site-packages'
[3.178s] Level 1:colcon.colcon_core.environment:checking '/home/auro/Auro_Revised/install/assessment_interfaces/bin'
[3.178s] INFO:colcon.colcon_core.shell:Creating package script '/home/auro/Auro_Revised/install/assessment_interfaces/share/assessment_interfaces/package.ps1'
[3.179s] INFO:colcon.colcon_core.shell:Creating package descriptor '/home/auro/Auro_Revised/install/assessment_interfaces/share/assessment_interfaces/package.dsv'
[3.180s] INFO:colcon.colcon_core.shell:Creating package script '/home/auro/Auro_Revised/install/assessment_interfaces/share/assessment_interfaces/package.sh'
[3.180s] INFO:colcon.colcon_core.shell:Creating package script '/home/auro/Auro_Revised/install/assessment_interfaces/share/assessment_interfaces/package.bash'
[3.181s] INFO:colcon.colcon_core.shell:Creating package script '/home/auro/Auro_Revised/install/assessment_interfaces/share/assessment_interfaces/package.zsh'
[3.181s] Level 1:colcon.colcon_core.environment:create_file_with_runtime_dependencies(/home/auro/Auro_Revised/install/assessment_interfaces/share/colcon-core/packages/assessment_interfaces)
[3.383s] Level 1:colcon.colcon_core.environment:create_environment_scripts_only(auro_interfaces)
[3.383s] Level 1:colcon.colcon_core.environment:checking '/home/auro/Auro_Revised/install/auro_interfaces' for CMake module files
[3.384s] Level 1:colcon.colcon_core.environment:checking '/home/auro/Auro_Revised/install/auro_interfaces' for CMake config files
[3.386s] Level 1:colcon.colcon_core.shell:create_environment_hook('auro_interfaces', 'cmake_prefix_path')
[3.387s] INFO:colcon.colcon_core.shell:Creating environment hook '/home/auro/Auro_Revised/install/auro_interfaces/share/auro_interfaces/hook/cmake_prefix_path.ps1'
[3.387s] INFO:colcon.colcon_core.shell:Creating environment descriptor '/home/auro/Auro_Revised/install/auro_interfaces/share/auro_interfaces/hook/cmake_prefix_path.dsv'
[3.388s] INFO:colcon.colcon_core.shell:Creating environment hook '/home/auro/Auro_Revised/install/auro_interfaces/share/auro_interfaces/hook/cmake_prefix_path.sh'
[3.388s] Level 1:colcon.colcon_core.environment:checking '/home/auro/Auro_Revised/install/auro_interfaces/lib'
[3.388s] Level 1:colcon.colcon_core.shell:create_environment_hook('auro_interfaces', 'ld_library_path_lib')
[3.389s] INFO:colcon.colcon_core.shell:Creating environment hook '/home/auro/Auro_Revised/install/auro_interfaces/share/auro_interfaces/hook/ld_library_path_lib.ps1'
[3.389s] INFO:colcon.colcon_core.shell:Creating environment descriptor '/home/auro/Auro_Revised/install/auro_interfaces/share/auro_interfaces/hook/ld_library_path_lib.dsv'
[3.390s] INFO:colcon.colcon_core.shell:Creating environment hook '/home/auro/Auro_Revised/install/auro_interfaces/share/auro_interfaces/hook/ld_library_path_lib.sh'
[3.390s] Level 1:colcon.colcon_core.environment:checking '/home/auro/Auro_Revised/install/auro_interfaces/bin'
[3.390s] Level 1:colcon.colcon_core.environment:checking '/home/auro/Auro_Revised/install/auro_interfaces/lib/pkgconfig/auro_interfaces.pc'
[3.390s] Level 1:colcon.colcon_core.environment:checking '/home/auro/Auro_Revised/install/auro_interfaces/lib/python3.10/site-packages'
[3.391s] Level 1:colcon.colcon_core.environment:checking '/home/auro/Auro_Revised/install/auro_interfaces/bin'
[3.391s] INFO:colcon.colcon_core.shell:Creating package script '/home/auro/Auro_Revised/install/auro_interfaces/share/auro_interfaces/package.ps1'
[3.392s] INFO:colcon.colcon_core.shell:Creating package descriptor '/home/auro/Auro_Revised/install/auro_interfaces/share/auro_interfaces/package.dsv'
[3.392s] INFO:colcon.colcon_core.shell:Creating package script '/home/auro/Auro_Revised/install/auro_interfaces/share/auro_interfaces/package.sh'
[3.393s] INFO:colcon.colcon_core.shell:Creating package script '/home/auro/Auro_Revised/install/auro_interfaces/share/auro_interfaces/package.bash'
[3.393s] INFO:colcon.colcon_core.shell:Creating package script '/home/auro/Auro_Revised/install/auro_interfaces/share/auro_interfaces/package.zsh'
[3.394s] Level 1:colcon.colcon_core.environment:create_file_with_runtime_dependencies(/home/auro/Auro_Revised/install/auro_interfaces/share/colcon-core/packages/auro_interfaces)
[3.394s] INFO:colcon.colcon_ros.task.ament_python.build:Building ROS package in '/home/auro/Auro_Revised/assessment' with build type 'ament_python'
[3.394s] Level 1:colcon.colcon_core.shell:create_environment_hook('assessment', 'ament_prefix_path')
[3.395s] INFO:colcon.colcon_core.shell:Creating environment hook '/home/auro/Auro_Revised/install/assessment/share/assessment/hook/ament_prefix_path.ps1'
[3.396s] INFO:colcon.colcon_core.shell:Creating environment descriptor '/home/auro/Auro_Revised/install/assessment/share/assessment/hook/ament_prefix_path.dsv'
[3.397s] INFO:colcon.colcon_core.shell:Creating environment hook '/home/auro/Auro_Revised/install/assessment/share/assessment/hook/ament_prefix_path.sh'
[3.397s] INFO:colcon.colcon_core.shell:Skip shell extension 'powershell' for command environment: Not usable outside of PowerShell
[3.397s] DEBUG:colcon.colcon_core.shell:Skip shell extension 'dsv' for command environment
[3.806s] INFO:colcon.colcon_core.task.python.build:Building Python package in '/home/auro/Auro_Revised/assessment'
[3.807s] INFO:colcon.colcon_core.shell:Skip shell extension 'powershell' for command environment: Not usable outside of PowerShell
[3.807s] DEBUG:colcon.colcon_core.shell:Skip shell extension 'dsv' for command environment
[4.360s] DEBUG:colcon.colcon_core.event_handler.log_command:Invoking command in '/home/auro/Auro_Revised/build/assessment': LD_LIBRARY_PATH=/home/auro/Auro_Revised/install/auro_interfaces/lib:/home/auro/Auro_Revised/install/assessment_interfaces/lib:/home/auro/turtlebot3_ws/install/turtlebot3_msgs/lib:/home/auro/turtlebot3_ws/install/dynamixel_sdk_custom_interfaces/lib:/home/auro/turtlebot3_ws/install/dynamixel_sdk/lib:/usr/lib/x86_64-linux-gnu/gazebo-11/plugins:/opt/ros/humble/opt/rviz_ogre_vendor/lib:/opt/ros/humble/lib/x86_64-linux-gnu:/opt/ros/humble/lib:/usr/lib/x86_64-linux-gnu/gazebo-11/plugins PYTHONPATH=/home/auro/Auro_Revised/build/assessment/prefix_override:/usr/lib/python3/dist-packages/colcon_core/task/python/colcon_distutils_commands:/home/auro/Auro_Revised/install/assessment/lib/python3.10/site-packages:${PYTHONPATH} /usr/bin/python3 -W ignore:setup.py install is deprecated setup.py develop --editable --build-directory /home/auro/Auro_Revised/build/assessment/build --no-deps symlink_data
[5.009s] Level 1:colcon.colcon_core.shell:create_environment_hook('assessment', 'pythonpath_develop')
[5.009s] INFO:colcon.colcon_core.shell:Creating environment hook '/home/auro/Auro_Revised/build/assessment/share/assessment/hook/pythonpath_develop.ps1'
[5.010s] DEBUG:colcon.colcon_core.event_handler.log_command:Invoked command in '/home/auro/Auro_Revised/build/assessment' returned '0': LD_LIBRARY_PATH=/home/auro/Auro_Revised/install/auro_interfaces/lib:/home/auro/Auro_Revised/install/assessment_interfaces/lib:/home/auro/turtlebot3_ws/install/turtlebot3_msgs/lib:/home/auro/turtlebot3_ws/install/dynamixel_sdk_custom_interfaces/lib:/home/auro/turtlebot3_ws/install/dynamixel_sdk/lib:/usr/lib/x86_64-linux-gnu/gazebo-11/plugins:/opt/ros/humble/opt/rviz_ogre_vendor/lib:/opt/ros/humble/lib/x86_64-linux-gnu:/opt/ros/humble/lib:/usr/lib/x86_64-linux-gnu/gazebo-11/plugins PYTHONPATH=/home/auro/Auro_Revised/build/assessment/prefix_override:/usr/lib/python3/dist-packages/colcon_core/task/python/colcon_distutils_commands:/home/auro/Auro_Revised/install/assessment/lib/python3.10/site-packages:${PYTHONPATH} /usr/bin/python3 -W ignore:setup.py install is deprecated setup.py develop --editable --build-directory /home/auro/Auro_Revised/build/assessment/build --no-deps symlink_data
[5.010s] INFO:colcon.colcon_core.shell:Creating environment descriptor '/home/auro/Auro_Revised/build/assessment/share/assessment/hook/pythonpath_develop.dsv'
[5.011s] INFO:colcon.colcon_core.shell:Creating environment hook '/home/auro/Auro_Revised/build/assessment/share/assessment/hook/pythonpath_develop.sh'
[5.012s] Level 1:colcon.colcon_core.environment:checking '/home/auro/Auro_Revised/install/assessment' for CMake module files
[5.012s] Level 1:colcon.colcon_core.environment:checking '/home/auro/Auro_Revised/install/assessment' for CMake config files
[5.013s] Level 1:colcon.colcon_core.environment:checking '/home/auro/Auro_Revised/install/assessment/lib'
[5.014s] Level 1:colcon.colcon_core.environment:checking '/home/auro/Auro_Revised/install/assessment/bin'
[5.014s] Level 1:colcon.colcon_core.environment:checking '/home/auro/Auro_Revised/install/assessment/lib/pkgconfig/assessment.pc'
[5.014s] Level 1:colcon.colcon_core.environment:checking '/home/auro/Auro_Revised/install/assessment/lib/python3.10/site-packages'
[5.014s] Level 1:colcon.colcon_core.shell:create_environment_hook('assessment', 'pythonpath')
[5.014s] INFO:colcon.colcon_core.shell:Creating environment hook '/home/auro/Auro_Revised/install/assessment/share/assessment/hook/pythonpath.ps1'
[5.015s] INFO:colcon.colcon_core.shell:Creating environment descriptor '/home/auro/Auro_Revised/install/assessment/share/assessment/hook/pythonpath.dsv'
[5.016s] INFO:colcon.colcon_core.shell:Creating environment hook '/home/auro/Auro_Revised/install/assessment/share/assessment/hook/pythonpath.sh'
[5.017s] Level 1:colcon.colcon_core.environment:checking '/home/auro/Auro_Revised/install/assessment/bin'
[5.017s] Level 1:colcon.colcon_core.environment:create_environment_scripts_only(assessment)
[5.018s] INFO:colcon.colcon_core.shell:Creating package script '/home/auro/Auro_Revised/install/assessment/share/assessment/package.ps1'
[5.019s] INFO:colcon.colcon_core.shell:Creating package descriptor '/home/auro/Auro_Revised/install/assessment/share/assessment/package.dsv'
[5.020s] INFO:colcon.colcon_core.shell:Creating package script '/home/auro/Auro_Revised/install/assessment/share/assessment/package.sh'
[5.020s] INFO:colcon.colcon_core.shell:Creating package script '/home/auro/Auro_Revised/install/assessment/share/assessment/package.bash'
[5.021s] INFO:colcon.colcon_core.shell:Creating package script '/home/auro/Auro_Revised/install/assessment/share/assessment/package.zsh'
[5.021s] Level 1:colcon.colcon_core.environment:create_file_with_runtime_dependencies(/home/auro/Auro_Revised/install/assessment/share/colcon-core/packages/assessment)
[5.022s] DEBUG:colcon.colcon_parallel_executor.executor.parallel:closing loop
[5.022s] DEBUG:colcon.colcon_parallel_executor.executor.parallel:loop closed
[5.022s] DEBUG:colcon.colcon_parallel_executor.executor.parallel:run_until_complete finished with '0'
[5.022s] DEBUG:colcon.colcon_core.event_reactor:joining thread
[5.030s] INFO:colcon.colcon_core.plugin_system:Skipping extension 'colcon_notification.desktop_notification.terminal_notifier': Not used on non-Darwin systems
[5.030s] INFO:colcon.colcon_core.plugin_system:Skipping extension 'colcon_notification.desktop_notification.win32': Not used on non-Windows systems
[5.030s] INFO:colcon.colcon_notification.desktop_notification:Sending desktop notification using 'notify2'
[5.047s] DEBUG:colcon.colcon_core.event_reactor:joined thread
[5.048s] INFO:colcon.colcon_core.shell:Creating prefix script '/home/auro/Auro_Revised/install/local_setup.ps1'
[5.050s] INFO:colcon.colcon_core.shell:Creating prefix util module '/home/auro/Auro_Revised/install/_local_setup_util_ps1.py'
[5.052s] INFO:colcon.colcon_core.shell:Creating prefix chain script '/home/auro/Auro_Revised/install/setup.ps1'
[5.054s] INFO:colcon.colcon_core.shell:Creating prefix script '/home/auro/Auro_Revised/install/local_setup.sh'
[5.055s] INFO:colcon.colcon_core.shell:Creating prefix util module '/home/auro/Auro_Revised/install/_local_setup_util_sh.py'
[5.056s] INFO:colcon.colcon_core.shell:Creating prefix chain script '/home/auro/Auro_Revised/install/setup.sh'
[5.058s] INFO:colcon.colcon_core.shell:Creating prefix script '/home/auro/Auro_Revised/install/local_setup.bash'
[5.058s] INFO:colcon.colcon_core.shell:Creating prefix chain script '/home/auro/Auro_Revised/install/setup.bash'
[5.061s] INFO:colcon.colcon_core.shell:Creating prefix script '/home/auro/Auro_Revised/install/local_setup.zsh'
[5.061s] INFO:colcon.colcon_core.shell:Creating prefix chain script '/home/auro/Auro_Revised/install/setup.zsh'
