[0.073s] Invoking command in '/home/auro/Auro_Revised/build/assessment_interfaces': CMAKE_PREFIX_PATH=${CMAKE_PREFIX_PATH}:/home/auro/Auro_Revised/install/tf_relay:/home/auro/Auro_Revised/install/solution:/home/auro/Auro_Revised/install/assessment:/home/auro/turtlebot3_ws/install/turtlebot3_teleop:/home/auro/turtlebot3_ws/install/turtlebot3_example:/opt/ros/humble /usr/bin/cmake --build /home/auro/Auro_Revised/build/assessment_interfaces -- -j4 -l4
[0.536s] [  1%] Built target assessment_interfaces__cpp
[0.536s] [  1%] Built target ament_cmake_python_symlink_assessment_interfaces
[0.536s] [ 12%] Built target assessment_interfaces__rosidl_typesupport_fastrtps_cpp
[0.536s] [ 24%] Built target assessment_interfaces__rosidl_typesupport_introspection_cpp
[0.698s] running egg_info
[0.700s] writing assessment_interfaces.egg-info/PKG-INFO
[0.700s] writing dependency_links to assessment_interfaces.egg-info/dependency_links.txt
[0.701s] writing top-level names to assessment_interfaces.egg-info/top_level.txt
[0.715s] reading manifest file 'assessment_interfaces.egg-info/SOURCES.txt'
[0.715s] writing manifest file 'assessment_interfaces.egg-info/SOURCES.txt'
[0.763s] [ 24%] Built target ament_cmake_python_build_assessment_interfaces_egg
[0.801s] [ 35%] Built target assessment_interfaces__rosidl_typesupport_cpp
[0.853s] [ 47%] Built target assessment_interfaces__rosidl_generator_c
[0.904s] [ 58%] Built target assessment_interfaces__rosidl_typesupport_fastrtps_c
[0.947s] [ 70%] Built target assessment_interfaces__rosidl_typesupport_c
[0.990s] [ 82%] Built target assessment_interfaces__rosidl_typesupport_introspection_c
[1.029s] [ 82%] Built target assessment_interfaces
[1.063s] [ 83%] Built target assessment_interfaces__py
[1.114s] [ 93%] Built target assessment_interfaces__rosidl_generator_py
[1.162s] [ 95%] Built target assessment_interfaces__rosidl_typesupport_fastrtps_c__pyext
[1.201s] [ 97%] Built target assessment_interfaces__rosidl_typesupport_c__pyext
[1.248s] [100%] Built target assessment_interfaces__rosidl_typesupport_introspection_c__pyext
[1.274s] Invoked command in '/home/auro/Auro_Revised/build/assessment_interfaces' returned '0': CMAKE_PREFIX_PATH=${CMAKE_PREFIX_PATH}:/home/auro/Auro_Revised/install/tf_relay:/home/auro/Auro_Revised/install/solution:/home/auro/Auro_Revised/install/assessment:/home/auro/turtlebot3_ws/install/turtlebot3_teleop:/home/auro/turtlebot3_ws/install/turtlebot3_example:/opt/ros/humble /usr/bin/cmake --build /home/auro/Auro_Revised/build/assessment_interfaces -- -j4 -l4
[1.950s] Invoking command in '/home/auro/Auro_Revised/build/assessment_interfaces': CMAKE_PREFIX_PATH=${CMAKE_PREFIX_PATH}:/home/auro/Auro_Revised/install/tf_relay:/home/auro/Auro_Revised/install/solution:/home/auro/Auro_Revised/install/assessment:/home/auro/turtlebot3_ws/install/turtlebot3_teleop:/home/auro/turtlebot3_ws/install/turtlebot3_example:/opt/ros/humble /usr/bin/cmake --install /home/auro/Auro_Revised/build/assessment_interfaces
[1.965s] -- Install configuration: ""
[1.967s] -- Execute custom install script
[1.968s] -- Up-to-date symlink: /home/auro/Auro_Revised/install/assessment_interfaces/share/ament_index/resource_index/rosidl_interfaces/assessment_interfaces
[1.969s] -- Up-to-date symlink: /home/auro/Auro_Revised/install/assessment_interfaces/include/assessment_interfaces/assessment_interfaces/msg/detail/item__functions.h
[1.970s] -- Up-to-date symlink: /home/auro/Auro_Revised/install/assessment_interfaces/include/assessment_interfaces/assessment_interfaces/msg/detail/item__struct.h
[1.970s] -- Up-to-date symlink: /home/auro/Auro_Revised/install/assessment_interfaces/include/assessment_interfaces/assessment_interfaces/msg/detail/item__type_support.h
[1.971s] -- Up-to-date symlink: /home/auro/Auro_Revised/install/assessment_interfaces/include/assessment_interfaces/assessment_interfaces/msg/detail/item_holder__functions.h
[1.971s] -- Up-to-date symlink: /home/auro/Auro_Revised/install/assessment_interfaces/include/assessment_interfaces/assessment_interfaces/msg/detail/item_holder__struct.h
[1.971s] -- Up-to-date symlink: /home/auro/Auro_Revised/install/assessment_interfaces/include/assessment_interfaces/assessment_interfaces/msg/detail/item_holder__type_support.h
[1.972s] -- Up-to-date symlink: /home/auro/Auro_Revised/install/assessment_interfaces/include/assessment_interfaces/assessment_interfaces/msg/detail/item_holders__functions.h
[1.972s] -- Up-to-date symlink: /home/auro/Auro_Revised/install/assessment_interfaces/include/assessment_interfaces/assessment_interfaces/msg/detail/item_holders__struct.h
[1.972s] -- Up-to-date symlink: /home/auro/Auro_Revised/install/assessment_interfaces/include/assessment_interfaces/assessment_interfaces/msg/detail/item_holders__type_support.h
[1.973s] -- Up-to-date symlink: /home/auro/Auro_Revised/install/assessment_interfaces/include/assessment_interfaces/assessment_interfaces/msg/detail/item_list__functions.h
[1.973s] -- Up-to-date symlink: /home/auro/Auro_Revised/install/assessment_interfaces/include/assessment_interfaces/assessment_interfaces/msg/detail/item_list__struct.h
[1.973s] -- Up-to-date symlink: /home/auro/Auro_Revised/install/assessment_interfaces/include/assessment_interfaces/assessment_interfaces/msg/detail/item_list__type_support.h
[1.974s] -- Up-to-date symlink: /home/auro/Auro_Revised/install/assessment_interfaces/include/assessment_interfaces/assessment_interfaces/msg/detail/item_log__functions.h
[1.974s] -- Up-to-date symlink: /home/auro/Auro_Revised/install/assessment_interfaces/include/assessment_interfaces/assessment_interfaces/msg/detail/item_log__struct.h
[1.974s] -- Up-to-date symlink: /home/auro/Auro_Revised/install/assessment_interfaces/include/assessment_interfaces/assessment_interfaces/msg/detail/item_log__type_support.h
[1.975s] -- Up-to-date symlink: /home/auro/Auro_Revised/install/assessment_interfaces/include/assessment_interfaces/assessment_interfaces/msg/detail/robot__functions.h
[1.975s] -- Up-to-date symlink: /home/auro/Auro_Revised/install/assessment_interfaces/include/assessment_interfaces/assessment_interfaces/msg/detail/robot__struct.h
[1.975s] -- Up-to-date symlink: /home/auro/Auro_Revised/install/assessment_interfaces/include/assessment_interfaces/assessment_interfaces/msg/detail/robot__type_support.h
[1.976s] -- Up-to-date symlink: /home/auro/Auro_Revised/install/assessment_interfaces/include/assessment_interfaces/assessment_interfaces/msg/detail/robot_list__functions.h
[1.976s] -- Up-to-date symlink: /home/auro/Auro_Revised/install/assessment_interfaces/include/assessment_interfaces/assessment_interfaces/msg/detail/robot_list__struct.h
[1.977s] -- Up-to-date symlink: /home/auro/Auro_Revised/install/assessment_interfaces/include/assessment_interfaces/assessment_interfaces/msg/detail/robot_list__type_support.h
[1.977s] -- Up-to-date symlink: /home/auro/Auro_Revised/install/assessment_interfaces/include/assessment_interfaces/assessment_interfaces/msg/detail/zone__functions.h
[1.977s] -- Up-to-date symlink: /home/auro/Auro_Revised/install/assessment_interfaces/include/assessment_interfaces/assessment_interfaces/msg/detail/zone__struct.h
[1.977s] -- Up-to-date symlink: /home/auro/Auro_Revised/install/assessment_interfaces/include/assessment_interfaces/assessment_interfaces/msg/detail/zone__type_support.h
[1.978s] -- Up-to-date symlink: /home/auro/Auro_Revised/install/assessment_interfaces/include/assessment_interfaces/assessment_interfaces/msg/detail/zone_list__functions.h
[1.978s] -- Up-to-date symlink: /home/auro/Auro_Revised/install/assessment_interfaces/include/assessment_interfaces/assessment_interfaces/msg/detail/zone_list__struct.h
[1.978s] -- Up-to-date symlink: /home/auro/Auro_Revised/install/assessment_interfaces/include/assessment_interfaces/assessment_interfaces/msg/detail/zone_list__type_support.h
[1.979s] -- Up-to-date symlink: /home/auro/Auro_Revised/install/assessment_interfaces/include/assessment_interfaces/assessment_interfaces/msg/item.h
[1.979s] -- Up-to-date symlink: /home/auro/Auro_Revised/install/assessment_interfaces/include/assessment_interfaces/assessment_interfaces/msg/item_holder.h
[1.980s] -- Up-to-date symlink: /home/auro/Auro_Revised/install/assessment_interfaces/include/assessment_interfaces/assessment_interfaces/msg/item_holders.h
[1.980s] -- Up-to-date symlink: /home/auro/Auro_Revised/install/assessment_interfaces/include/assessment_interfaces/assessment_interfaces/msg/item_list.h
[1.980s] -- Up-to-date symlink: /home/auro/Auro_Revised/install/assessment_interfaces/include/assessment_interfaces/assessment_interfaces/msg/item_log.h
[1.981s] -- Up-to-date symlink: /home/auro/Auro_Revised/install/assessment_interfaces/include/assessment_interfaces/assessment_interfaces/msg/robot.h
[1.981s] -- Up-to-date symlink: /home/auro/Auro_Revised/install/assessment_interfaces/include/assessment_interfaces/assessment_interfaces/msg/robot_list.h
[1.981s] -- Up-to-date symlink: /home/auro/Auro_Revised/install/assessment_interfaces/include/assessment_interfaces/assessment_interfaces/msg/rosidl_generator_c__visibility_control.h
[1.982s] -- Up-to-date symlink: /home/auro/Auro_Revised/install/assessment_interfaces/include/assessment_interfaces/assessment_interfaces/msg/zone.h
[1.982s] -- Up-to-date symlink: /home/auro/Auro_Revised/install/assessment_interfaces/include/assessment_interfaces/assessment_interfaces/msg/zone_list.h
[1.983s] -- Up-to-date symlink: /home/auro/Auro_Revised/install/assessment_interfaces/share/assessment_interfaces/environment/library_path.sh
[1.984s] -- Up-to-date symlink: /home/auro/Auro_Revised/install/assessment_interfaces/share/assessment_interfaces/environment/library_path.dsv
[1.984s] -- Up-to-date symlink: /home/auro/Auro_Revised/install/assessment_interfaces/include/assessment_interfaces/assessment_interfaces/msg/detail/item__rosidl_typesupport_fastrtps_c.h
[1.985s] -- Up-to-date symlink: /home/auro/Auro_Revised/install/assessment_interfaces/include/assessment_interfaces/assessment_interfaces/msg/detail/item_holder__rosidl_typesupport_fastrtps_c.h
[1.985s] -- Up-to-date symlink: /home/auro/Auro_Revised/install/assessment_interfaces/include/assessment_interfaces/assessment_interfaces/msg/detail/item_holders__rosidl_typesupport_fastrtps_c.h
[1.985s] -- Up-to-date symlink: /home/auro/Auro_Revised/install/assessment_interfaces/include/assessment_interfaces/assessment_interfaces/msg/detail/item_list__rosidl_typesupport_fastrtps_c.h
[1.986s] -- Up-to-date symlink: /home/auro/Auro_Revised/install/assessment_interfaces/include/assessment_interfaces/assessment_interfaces/msg/detail/item_log__rosidl_typesupport_fastrtps_c.h
[1.986s] -- Up-to-date symlink: /home/auro/Auro_Revised/install/assessment_interfaces/include/assessment_interfaces/assessment_interfaces/msg/detail/robot__rosidl_typesupport_fastrtps_c.h
[1.988s] -- Up-to-date symlink: /home/auro/Auro_Revised/install/assessment_interfaces/include/assessment_interfaces/assessment_interfaces/msg/detail/robot_list__rosidl_typesupport_fastrtps_c.h
[1.988s] -- Up-to-date symlink: /home/auro/Auro_Revised/install/assessment_interfaces/include/assessment_interfaces/assessment_interfaces/msg/detail/zone__rosidl_typesupport_fastrtps_c.h
[1.989s] -- Up-to-date symlink: /home/auro/Auro_Revised/install/assessment_interfaces/include/assessment_interfaces/assessment_interfaces/msg/detail/zone_list__rosidl_typesupport_fastrtps_c.h
[1.990s] -- Up-to-date symlink: /home/auro/Auro_Revised/install/assessment_interfaces/include/assessment_interfaces/assessment_interfaces/msg/rosidl_typesupport_fastrtps_c__visibility_control.h
[1.991s] -- Up-to-date symlink: /home/auro/Auro_Revised/install/assessment_interfaces/include/assessment_interfaces/assessment_interfaces/msg/detail/item__rosidl_typesupport_introspection_c.h
[1.991s] -- Up-to-date symlink: /home/auro/Auro_Revised/install/assessment_interfaces/include/assessment_interfaces/assessment_interfaces/msg/detail/item_holder__rosidl_typesupport_introspection_c.h
[1.992s] -- Up-to-date symlink: /home/auro/Auro_Revised/install/assessment_interfaces/include/assessment_interfaces/assessment_interfaces/msg/detail/item_holders__rosidl_typesupport_introspection_c.h
[1.992s] -- Up-to-date symlink: /home/auro/Auro_Revised/install/assessment_interfaces/include/assessment_interfaces/assessment_interfaces/msg/detail/item_list__rosidl_typesupport_introspection_c.h
[1.993s] -- Up-to-date symlink: /home/auro/Auro_Revised/install/assessment_interfaces/include/assessment_interfaces/assessment_interfaces/msg/detail/item_log__rosidl_typesupport_introspection_c.h
[1.993s] -- Up-to-date symlink: /home/auro/Auro_Revised/install/assessment_interfaces/include/assessment_interfaces/assessment_interfaces/msg/detail/robot__rosidl_typesupport_introspection_c.h
[1.994s] -- Up-to-date symlink: /home/auro/Auro_Revised/install/assessment_interfaces/include/assessment_interfaces/assessment_interfaces/msg/detail/robot_list__rosidl_typesupport_introspection_c.h
[1.994s] -- Up-to-date symlink: /home/auro/Auro_Revised/install/assessment_interfaces/include/assessment_interfaces/assessment_interfaces/msg/detail/zone__rosidl_typesupport_introspection_c.h
[1.994s] -- Up-to-date symlink: /home/auro/Auro_Revised/install/assessment_interfaces/include/assessment_interfaces/assessment_interfaces/msg/detail/zone_list__rosidl_typesupport_introspection_c.h
[1.996s] -- Up-to-date symlink: /home/auro/Auro_Revised/install/assessment_interfaces/include/assessment_interfaces/assessment_interfaces/msg/rosidl_typesupport_introspection_c__visibility_control.h
[1.996s] -- Up-to-date symlink: /home/auro/Auro_Revised/install/assessment_interfaces/include/assessment_interfaces/assessment_interfaces/msg/detail/item__builder.hpp
[1.997s] -- Up-to-date symlink: /home/auro/Auro_Revised/install/assessment_interfaces/include/assessment_interfaces/assessment_interfaces/msg/detail/item__struct.hpp
[1.997s] -- Up-to-date symlink: /home/auro/Auro_Revised/install/assessment_interfaces/include/assessment_interfaces/assessment_interfaces/msg/detail/item__traits.hpp
[1.997s] -- Up-to-date symlink: /home/auro/Auro_Revised/install/assessment_interfaces/include/assessment_interfaces/assessment_interfaces/msg/detail/item_holder__builder.hpp
[1.998s] -- Up-to-date symlink: /home/auro/Auro_Revised/install/assessment_interfaces/include/assessment_interfaces/assessment_interfaces/msg/detail/item_holder__struct.hpp
[1.999s] -- Up-to-date symlink: /home/auro/Auro_Revised/install/assessment_interfaces/include/assessment_interfaces/assessment_interfaces/msg/detail/item_holder__traits.hpp
[1.999s] -- Up-to-date symlink: /home/auro/Auro_Revised/install/assessment_interfaces/include/assessment_interfaces/assessment_interfaces/msg/detail/item_holders__builder.hpp
[1.999s] -- Up-to-date symlink: /home/auro/Auro_Revised/install/assessment_interfaces/include/assessment_interfaces/assessment_interfaces/msg/detail/item_holders__struct.hpp
[1.999s] -- Up-to-date symlink: /home/auro/Auro_Revised/install/assessment_interfaces/include/assessment_interfaces/assessment_interfaces/msg/detail/item_holders__traits.hpp
[2.000s] -- Up-to-date symlink: /home/auro/Auro_Revised/install/assessment_interfaces/include/assessment_interfaces/assessment_interfaces/msg/detail/item_list__builder.hpp
[2.001s] -- Up-to-date symlink: /home/auro/Auro_Revised/install/assessment_interfaces/include/assessment_interfaces/assessment_interfaces/msg/detail/item_list__struct.hpp
[2.002s] -- Up-to-date symlink: /home/auro/Auro_Revised/install/assessment_interfaces/include/assessment_interfaces/assessment_interfaces/msg/detail/item_list__traits.hpp
[2.002s] -- Up-to-date symlink: /home/auro/Auro_Revised/install/assessment_interfaces/include/assessment_interfaces/assessment_interfaces/msg/detail/item_log__builder.hpp
[2.003s] -- Up-to-date symlink: /home/auro/Auro_Revised/install/assessment_interfaces/include/assessment_interfaces/assessment_interfaces/msg/detail/item_log__struct.hpp
[2.003s] -- Up-to-date symlink: /home/auro/Auro_Revised/install/assessment_interfaces/include/assessment_interfaces/assessment_interfaces/msg/detail/item_log__traits.hpp
[2.009s] -- Up-to-date symlink: /home/auro/Auro_Revised/install/assessment_interfaces/include/assessment_interfaces/assessment_interfaces/msg/detail/robot__builder.hpp
[2.009s] -- Up-to-date symlink: /home/auro/Auro_Revised/install/assessment_interfaces/include/assessment_interfaces/assessment_interfaces/msg/detail/robot__struct.hpp
[2.009s] -- Up-to-date symlink: /home/auro/Auro_Revised/install/assessment_interfaces/include/assessment_interfaces/assessment_interfaces/msg/detail/robot__traits.hpp
[2.010s] -- Up-to-date symlink: /home/auro/Auro_Revised/install/assessment_interfaces/include/assessment_interfaces/assessment_interfaces/msg/detail/robot_list__builder.hpp
[2.012s] -- Up-to-date symlink: /home/auro/Auro_Revised/install/assessment_interfaces/include/assessment_interfaces/assessment_interfaces/msg/detail/robot_list__struct.hpp
[2.012s] -- Up-to-date symlink: /home/auro/Auro_Revised/install/assessment_interfaces/include/assessment_interfaces/assessment_interfaces/msg/detail/robot_list__traits.hpp
[2.012s] -- Up-to-date symlink: /home/auro/Auro_Revised/install/assessment_interfaces/include/assessment_interfaces/assessment_interfaces/msg/detail/zone__builder.hpp
[2.012s] -- Up-to-date symlink: /home/auro/Auro_Revised/install/assessment_interfaces/include/assessment_interfaces/assessment_interfaces/msg/detail/zone__struct.hpp
[2.012s] -- Up-to-date symlink: /home/auro/Auro_Revised/install/assessment_interfaces/include/assessment_interfaces/assessment_interfaces/msg/detail/zone__traits.hpp
[2.012s] -- Up-to-date symlink: /home/auro/Auro_Revised/install/assessment_interfaces/include/assessment_interfaces/assessment_interfaces/msg/detail/zone_list__builder.hpp
[2.013s] -- Up-to-date symlink: /home/auro/Auro_Revised/install/assessment_interfaces/include/assessment_interfaces/assessment_interfaces/msg/detail/zone_list__struct.hpp
[2.013s] -- Up-to-date symlink: /home/auro/Auro_Revised/install/assessment_interfaces/include/assessment_interfaces/assessment_interfaces/msg/detail/zone_list__traits.hpp
[2.013s] -- Up-to-date symlink: /home/auro/Auro_Revised/install/assessment_interfaces/include/assessment_interfaces/assessment_interfaces/msg/item.hpp
[2.013s] -- Up-to-date symlink: /home/auro/Auro_Revised/install/assessment_interfaces/include/assessment_interfaces/assessment_interfaces/msg/item_holder.hpp
[2.016s] -- Up-to-date symlink: /home/auro/Auro_Revised/install/assessment_interfaces/include/assessment_interfaces/assessment_interfaces/msg/item_holders.hpp
[2.016s] -- Up-to-date symlink: /home/auro/Auro_Revised/install/assessment_interfaces/include/assessment_interfaces/assessment_interfaces/msg/item_list.hpp
[2.016s] -- Up-to-date symlink: /home/auro/Auro_Revised/install/assessment_interfaces/include/assessment_interfaces/assessment_interfaces/msg/item_log.hpp
[2.017s] -- Up-to-date symlink: /home/auro/Auro_Revised/install/assessment_interfaces/include/assessment_interfaces/assessment_interfaces/msg/robot.hpp
[2.017s] -- Up-to-date symlink: /home/auro/Auro_Revised/install/assessment_interfaces/include/assessment_interfaces/assessment_interfaces/msg/robot_list.hpp
[2.048s] -- Up-to-date symlink: /home/auro/Auro_Revised/install/assessment_interfaces/include/assessment_interfaces/assessment_interfaces/msg/zone.hpp
[2.049s] -- Up-to-date symlink: /home/auro/Auro_Revised/install/assessment_interfaces/include/assessment_interfaces/assessment_interfaces/msg/zone_list.hpp
[2.049s] -- Up-to-date symlink: /home/auro/Auro_Revised/install/assessment_interfaces/include/assessment_interfaces/assessment_interfaces/msg/detail/item__rosidl_typesupport_fastrtps_cpp.hpp
[2.049s] -- Up-to-date symlink: /home/auro/Auro_Revised/install/assessment_interfaces/include/assessment_interfaces/assessment_interfaces/msg/detail/item_holder__rosidl_typesupport_fastrtps_cpp.hpp
[2.049s] -- Up-to-date symlink: /home/auro/Auro_Revised/install/assessment_interfaces/include/assessment_interfaces/assessment_interfaces/msg/detail/item_holders__rosidl_typesupport_fastrtps_cpp.hpp
[2.049s] -- Up-to-date symlink: /home/auro/Auro_Revised/install/assessment_interfaces/include/assessment_interfaces/assessment_interfaces/msg/detail/item_list__rosidl_typesupport_fastrtps_cpp.hpp
[2.049s] -- Up-to-date symlink: /home/auro/Auro_Revised/install/assessment_interfaces/include/assessment_interfaces/assessment_interfaces/msg/detail/item_log__rosidl_typesupport_fastrtps_cpp.hpp
[2.051s] -- Up-to-date symlink: /home/auro/Auro_Revised/install/assessment_interfaces/include/assessment_interfaces/assessment_interfaces/msg/detail/robot__rosidl_typesupport_fastrtps_cpp.hpp
[2.051s] -- Up-to-date symlink: /home/auro/Auro_Revised/install/assessment_interfaces/include/assessment_interfaces/assessment_interfaces/msg/detail/robot_list__rosidl_typesupport_fastrtps_cpp.hpp
[2.051s] -- Up-to-date symlink: /home/auro/Auro_Revised/install/assessment_interfaces/include/assessment_interfaces/assessment_interfaces/msg/detail/zone__rosidl_typesupport_fastrtps_cpp.hpp
[2.051s] -- Up-to-date symlink: /home/auro/Auro_Revised/install/assessment_interfaces/include/assessment_interfaces/assessment_interfaces/msg/detail/zone_list__rosidl_typesupport_fastrtps_cpp.hpp
[2.051s] -- Up-to-date symlink: /home/auro/Auro_Revised/install/assessment_interfaces/include/assessment_interfaces/assessment_interfaces/msg/rosidl_typesupport_fastrtps_cpp__visibility_control.h
[2.051s] -- Up-to-date symlink: /home/auro/Auro_Revised/install/assessment_interfaces/include/assessment_interfaces/assessment_interfaces/msg/detail/item__rosidl_typesupport_introspection_cpp.hpp
[2.052s] -- Up-to-date symlink: /home/auro/Auro_Revised/install/assessment_interfaces/include/assessment_interfaces/assessment_interfaces/msg/detail/item_holder__rosidl_typesupport_introspection_cpp.hpp
[2.052s] -- Up-to-date symlink: /home/auro/Auro_Revised/install/assessment_interfaces/include/assessment_interfaces/assessment_interfaces/msg/detail/item_holders__rosidl_typesupport_introspection_cpp.hpp
[2.052s] -- Up-to-date symlink: /home/auro/Auro_Revised/install/assessment_interfaces/include/assessment_interfaces/assessment_interfaces/msg/detail/item_list__rosidl_typesupport_introspection_cpp.hpp
[2.052s] -- Up-to-date symlink: /home/auro/Auro_Revised/install/assessment_interfaces/include/assessment_interfaces/assessment_interfaces/msg/detail/item_log__rosidl_typesupport_introspection_cpp.hpp
[2.052s] -- Up-to-date symlink: /home/auro/Auro_Revised/install/assessment_interfaces/include/assessment_interfaces/assessment_interfaces/msg/detail/robot__rosidl_typesupport_introspection_cpp.hpp
[2.052s] -- Up-to-date symlink: /home/auro/Auro_Revised/install/assessment_interfaces/include/assessment_interfaces/assessment_interfaces/msg/detail/robot_list__rosidl_typesupport_introspection_cpp.hpp
[2.052s] -- Up-to-date symlink: /home/auro/Auro_Revised/install/assessment_interfaces/include/assessment_interfaces/assessment_interfaces/msg/detail/zone__rosidl_typesupport_introspection_cpp.hpp
[2.052s] -- Up-to-date symlink: /home/auro/Auro_Revised/install/assessment_interfaces/include/assessment_interfaces/assessment_interfaces/msg/detail/zone_list__rosidl_typesupport_introspection_cpp.hpp
[2.052s] -- Up-to-date symlink: /home/auro/Auro_Revised/install/assessment_interfaces/share/assessment_interfaces/environment/pythonpath.sh
[2.052s] -- Up-to-date symlink: /home/auro/Auro_Revised/install/assessment_interfaces/share/assessment_interfaces/environment/pythonpath.dsv
[2.052s] -- Up-to-date symlink: /home/auro/Auro_Revised/install/assessment_interfaces/local/lib/python3.10/dist-packages/assessment_interfaces-0.0.0-py3.10.egg-info/PKG-INFO
[2.052s] -- Up-to-date symlink: /home/auro/Auro_Revised/install/assessment_interfaces/local/lib/python3.10/dist-packages/assessment_interfaces-0.0.0-py3.10.egg-info/SOURCES.txt
[2.053s] -- Up-to-date symlink: /home/auro/Auro_Revised/install/assessment_interfaces/local/lib/python3.10/dist-packages/assessment_interfaces-0.0.0-py3.10.egg-info/dependency_links.txt
[2.053s] -- Up-to-date symlink: /home/auro/Auro_Revised/install/assessment_interfaces/local/lib/python3.10/dist-packages/assessment_interfaces-0.0.0-py3.10.egg-info/top_level.txt
[2.053s] -- Up-to-date symlink: /home/auro/Auro_Revised/install/assessment_interfaces/local/lib/python3.10/dist-packages/assessment_interfaces/__init__.py
[2.053s] -- Up-to-date symlink: /home/auro/Auro_Revised/install/assessment_interfaces/local/lib/python3.10/dist-packages/assessment_interfaces/_assessment_interfaces_s.ep.rosidl_typesupport_c.c
[2.053s] -- Up-to-date symlink: /home/auro/Auro_Revised/install/assessment_interfaces/local/lib/python3.10/dist-packages/assessment_interfaces/_assessment_interfaces_s.ep.rosidl_typesupport_fastrtps_c.c
[2.053s] -- Up-to-date symlink: /home/auro/Auro_Revised/install/assessment_interfaces/local/lib/python3.10/dist-packages/assessment_interfaces/_assessment_interfaces_s.ep.rosidl_typesupport_introspection_c.c
[2.053s] -- Up-to-date symlink: /home/auro/Auro_Revised/install/assessment_interfaces/local/lib/python3.10/dist-packages/assessment_interfaces/assessment_interfaces_s__rosidl_typesupport_c.cpython-310-x86_64-linux-gnu.so
[2.053s] -- Up-to-date symlink: /home/auro/Auro_Revised/install/assessment_interfaces/local/lib/python3.10/dist-packages/assessment_interfaces/assessment_interfaces_s__rosidl_typesupport_fastrtps_c.cpython-310-x86_64-linux-gnu.so
[2.053s] -- Up-to-date symlink: /home/auro/Auro_Revised/install/assessment_interfaces/local/lib/python3.10/dist-packages/assessment_interfaces/assessment_interfaces_s__rosidl_typesupport_introspection_c.cpython-310-x86_64-linux-gnu.so
[2.053s] -- Up-to-date symlink: /home/auro/Auro_Revised/install/assessment_interfaces/local/lib/python3.10/dist-packages/assessment_interfaces/libassessment_interfaces__rosidl_generator_py.so
[2.053s] -- Up-to-date symlink: /home/auro/Auro_Revised/install/assessment_interfaces/local/lib/python3.10/dist-packages/assessment_interfaces/msg/__init__.py
[2.053s] -- Up-to-date symlink: /home/auro/Auro_Revised/install/assessment_interfaces/local/lib/python3.10/dist-packages/assessment_interfaces/msg/_item.py
[2.053s] -- Up-to-date symlink: /home/auro/Auro_Revised/install/assessment_interfaces/local/lib/python3.10/dist-packages/assessment_interfaces/msg/_item_holder.py
[2.054s] -- Up-to-date symlink: /home/auro/Auro_Revised/install/assessment_interfaces/local/lib/python3.10/dist-packages/assessment_interfaces/msg/_item_holder_s.c
[2.054s] -- Up-to-date symlink: /home/auro/Auro_Revised/install/assessment_interfaces/local/lib/python3.10/dist-packages/assessment_interfaces/msg/_item_holders.py
[2.054s] -- Up-to-date symlink: /home/auro/Auro_Revised/install/assessment_interfaces/local/lib/python3.10/dist-packages/assessment_interfaces/msg/_item_holders_s.c
[2.054s] -- Up-to-date symlink: /home/auro/Auro_Revised/install/assessment_interfaces/local/lib/python3.10/dist-packages/assessment_interfaces/msg/_item_list.py
[2.054s] -- Up-to-date symlink: /home/auro/Auro_Revised/install/assessment_interfaces/local/lib/python3.10/dist-packages/assessment_interfaces/msg/_item_list_s.c
[2.054s] -- Up-to-date symlink: /home/auro/Auro_Revised/install/assessment_interfaces/local/lib/python3.10/dist-packages/assessment_interfaces/msg/_item_log.py
[2.054s] -- Up-to-date symlink: /home/auro/Auro_Revised/install/assessment_interfaces/local/lib/python3.10/dist-packages/assessment_interfaces/msg/_item_log_s.c
[2.054s] -- Up-to-date symlink: /home/auro/Auro_Revised/install/assessment_interfaces/local/lib/python3.10/dist-packages/assessment_interfaces/msg/_item_s.c
[2.054s] -- Up-to-date symlink: /home/auro/Auro_Revised/install/assessment_interfaces/local/lib/python3.10/dist-packages/assessment_interfaces/msg/_robot.py
[2.054s] -- Up-to-date symlink: /home/auro/Auro_Revised/install/assessment_interfaces/local/lib/python3.10/dist-packages/assessment_interfaces/msg/_robot_list.py
[2.055s] -- Up-to-date symlink: /home/auro/Auro_Revised/install/assessment_interfaces/local/lib/python3.10/dist-packages/assessment_interfaces/msg/_robot_list_s.c
[2.055s] -- Up-to-date symlink: /home/auro/Auro_Revised/install/assessment_interfaces/local/lib/python3.10/dist-packages/assessment_interfaces/msg/_robot_s.c
[2.055s] -- Up-to-date symlink: /home/auro/Auro_Revised/install/assessment_interfaces/local/lib/python3.10/dist-packages/assessment_interfaces/msg/_zone.py
[2.055s] -- Up-to-date symlink: /home/auro/Auro_Revised/install/assessment_interfaces/local/lib/python3.10/dist-packages/assessment_interfaces/msg/_zone_list.py
[2.055s] -- Up-to-date symlink: /home/auro/Auro_Revised/install/assessment_interfaces/local/lib/python3.10/dist-packages/assessment_interfaces/msg/_zone_list_s.c
[2.055s] -- Up-to-date symlink: /home/auro/Auro_Revised/install/assessment_interfaces/local/lib/python3.10/dist-packages/assessment_interfaces/msg/_zone_s.c
[2.056s] -- Up-to-date symlink: /home/auro/Auro_Revised/install/assessment_interfaces/local/lib/python3.10/dist-packages/assessment_interfaces/assessment_interfaces_s__rosidl_typesupport_fastrtps_c.cpython-310-x86_64-linux-gnu.so
[2.056s] -- Up-to-date symlink: /home/auro/Auro_Revised/install/assessment_interfaces/local/lib/python3.10/dist-packages/assessment_interfaces/assessment_interfaces_s__rosidl_typesupport_introspection_c.cpython-310-x86_64-linux-gnu.so
[2.056s] -- Up-to-date symlink: /home/auro/Auro_Revised/install/assessment_interfaces/local/lib/python3.10/dist-packages/assessment_interfaces/assessment_interfaces_s__rosidl_typesupport_c.cpython-310-x86_64-linux-gnu.so
[2.056s] -- Up-to-date symlink: /home/auro/Auro_Revised/install/assessment_interfaces/share/assessment_interfaces/msg/ItemLog.idl
[2.056s] -- Up-to-date symlink: /home/auro/Auro_Revised/install/assessment_interfaces/share/assessment_interfaces/msg/ItemHolder.idl
[2.056s] -- Up-to-date symlink: /home/auro/Auro_Revised/install/assessment_interfaces/share/assessment_interfaces/msg/ItemHolders.idl
[2.056s] -- Up-to-date symlink: /home/auro/Auro_Revised/install/assessment_interfaces/share/assessment_interfaces/msg/Item.idl
[2.067s] -- Up-to-date symlink: /home/auro/Auro_Revised/install/assessment_interfaces/share/assessment_interfaces/msg/ItemList.idl
[2.067s] -- Up-to-date symlink: /home/auro/Auro_Revised/install/assessment_interfaces/share/assessment_interfaces/msg/Zone.idl
[2.067s] -- Up-to-date symlink: /home/auro/Auro_Revised/install/assessment_interfaces/share/assessment_interfaces/msg/ZoneList.idl
[2.067s] -- Up-to-date symlink: /home/auro/Auro_Revised/install/assessment_interfaces/share/assessment_interfaces/msg/Robot.idl
[2.067s] -- Up-to-date symlink: /home/auro/Auro_Revised/install/assessment_interfaces/share/assessment_interfaces/msg/RobotList.idl
[2.067s] -- Up-to-date symlink: /home/auro/Auro_Revised/install/assessment_interfaces/share/assessment_interfaces/msg/ItemLog.msg
[2.067s] -- Up-to-date symlink: /home/auro/Auro_Revised/install/assessment_interfaces/share/assessment_interfaces/msg/ItemHolder.msg
[2.067s] -- Up-to-date symlink: /home/auro/Auro_Revised/install/assessment_interfaces/share/assessment_interfaces/msg/ItemHolders.msg
[2.067s] -- Up-to-date symlink: /home/auro/Auro_Revised/install/assessment_interfaces/share/assessment_interfaces/msg/Item.msg
[2.068s] -- Up-to-date symlink: /home/auro/Auro_Revised/install/assessment_interfaces/share/assessment_interfaces/msg/ItemList.msg
[2.068s] -- Up-to-date symlink: /home/auro/Auro_Revised/install/assessment_interfaces/share/assessment_interfaces/msg/Zone.msg
[2.068s] -- Up-to-date symlink: /home/auro/Auro_Revised/install/assessment_interfaces/share/assessment_interfaces/msg/ZoneList.msg
[2.068s] -- Up-to-date symlink: /home/auro/Auro_Revised/install/assessment_interfaces/share/assessment_interfaces/msg/Robot.msg
[2.068s] -- Up-to-date symlink: /home/auro/Auro_Revised/install/assessment_interfaces/share/assessment_interfaces/msg/RobotList.msg
[2.068s] -- Up-to-date symlink: /home/auro/Auro_Revised/install/assessment_interfaces/share/ament_index/resource_index/package_run_dependencies/assessment_interfaces
[2.068s] -- Up-to-date symlink: /home/auro/Auro_Revised/install/assessment_interfaces/share/ament_index/resource_index/parent_prefix_path/assessment_interfaces
[2.069s] -- Up-to-date symlink: /home/auro/Auro_Revised/install/assessment_interfaces/share/assessment_interfaces/environment/ament_prefix_path.sh
[2.069s] -- Up-to-date symlink: /home/auro/Auro_Revised/install/assessment_interfaces/share/assessment_interfaces/environment/ament_prefix_path.dsv
[2.069s] -- Up-to-date symlink: /home/auro/Auro_Revised/install/assessment_interfaces/share/assessment_interfaces/environment/path.sh
[2.069s] -- Up-to-date symlink: /home/auro/Auro_Revised/install/assessment_interfaces/share/assessment_interfaces/environment/path.dsv
[2.069s] -- Up-to-date symlink: /home/auro/Auro_Revised/install/assessment_interfaces/share/assessment_interfaces/local_setup.bash
[2.069s] -- Up-to-date symlink: /home/auro/Auro_Revised/install/assessment_interfaces/share/assessment_interfaces/local_setup.sh
[2.069s] -- Up-to-date symlink: /home/auro/Auro_Revised/install/assessment_interfaces/share/assessment_interfaces/local_setup.zsh
[2.069s] -- Up-to-date symlink: /home/auro/Auro_Revised/install/assessment_interfaces/share/assessment_interfaces/local_setup.dsv
[2.069s] -- Symlinking: /home/auro/Auro_Revised/install/assessment_interfaces/share/assessment_interfaces/package.dsv
[2.069s] -- Up-to-date symlink: /home/auro/Auro_Revised/install/assessment_interfaces/share/ament_index/resource_index/packages/assessment_interfaces
[2.069s] -- Up-to-date symlink: /home/auro/Auro_Revised/install/assessment_interfaces/share/assessment_interfaces/cmake/rosidl_cmake-extras.cmake
[2.069s] -- Up-to-date symlink: /home/auro/Auro_Revised/install/assessment_interfaces/share/assessment_interfaces/cmake/ament_cmake_export_include_directories-extras.cmake
[2.070s] -- Up-to-date symlink: /home/auro/Auro_Revised/install/assessment_interfaces/share/assessment_interfaces/cmake/ament_cmake_export_libraries-extras.cmake
[2.070s] -- Up-to-date symlink: /home/auro/Auro_Revised/install/assessment_interfaces/share/assessment_interfaces/cmake/ament_cmake_export_targets-extras.cmake
[2.070s] -- Up-to-date symlink: /home/auro/Auro_Revised/install/assessment_interfaces/share/assessment_interfaces/cmake/rosidl_cmake_export_typesupport_targets-extras.cmake
[2.070s] -- Up-to-date symlink: /home/auro/Auro_Revised/install/assessment_interfaces/share/assessment_interfaces/cmake/ament_cmake_export_dependencies-extras.cmake
[2.070s] -- Up-to-date symlink: /home/auro/Auro_Revised/install/assessment_interfaces/share/assessment_interfaces/cmake/rosidl_cmake_export_typesupport_libraries-extras.cmake
[2.070s] -- Up-to-date symlink: /home/auro/Auro_Revised/install/assessment_interfaces/share/assessment_interfaces/cmake/assessment_interfacesConfig.cmake
[2.070s] -- Up-to-date symlink: /home/auro/Auro_Revised/install/assessment_interfaces/share/assessment_interfaces/cmake/assessment_interfacesConfig-version.cmake
[2.070s] -- Up-to-date symlink: /home/auro/Auro_Revised/install/assessment_interfaces/share/assessment_interfaces/package.xml
[2.098s] -- Up-to-date: /home/auro/Auro_Revised/install/assessment_interfaces/lib/libassessment_interfaces__rosidl_generator_c.so
[2.098s] -- Up-to-date: /home/auro/Auro_Revised/install/assessment_interfaces/lib/libassessment_interfaces__rosidl_typesupport_fastrtps_c.so
[2.098s] -- Up-to-date: /home/auro/Auro_Revised/install/assessment_interfaces/lib/libassessment_interfaces__rosidl_typesupport_introspection_c.so
[2.098s] -- Up-to-date: /home/auro/Auro_Revised/install/assessment_interfaces/lib/libassessment_interfaces__rosidl_typesupport_c.so
[2.098s] -- Up-to-date: /home/auro/Auro_Revised/install/assessment_interfaces/lib/libassessment_interfaces__rosidl_typesupport_fastrtps_cpp.so
[2.098s] -- Up-to-date: /home/auro/Auro_Revised/install/assessment_interfaces/lib/libassessment_interfaces__rosidl_typesupport_introspection_cpp.so
[2.098s] -- Up-to-date: /home/auro/Auro_Revised/install/assessment_interfaces/lib/libassessment_interfaces__rosidl_typesupport_cpp.so
[2.134s] Listing '/home/auro/Auro_Revised/install/assessment_interfaces/local/lib/python3.10/dist-packages/assessment_interfaces'...
[2.134s] Listing '/home/auro/Auro_Revised/install/assessment_interfaces/local/lib/python3.10/dist-packages/assessment_interfaces/msg'...
[2.152s] -- Up-to-date: /home/auro/Auro_Revised/install/assessment_interfaces/lib/libassessment_interfaces__rosidl_generator_py.so
[2.152s] -- Up-to-date: /home/auro/Auro_Revised/install/assessment_interfaces/share/assessment_interfaces/cmake/export_assessment_interfaces__rosidl_generator_cExport.cmake
[2.152s] -- Up-to-date: /home/auro/Auro_Revised/install/assessment_interfaces/share/assessment_interfaces/cmake/export_assessment_interfaces__rosidl_generator_cExport-noconfig.cmake
[2.152s] -- Up-to-date: /home/auro/Auro_Revised/install/assessment_interfaces/share/assessment_interfaces/cmake/export_assessment_interfaces__rosidl_typesupport_fastrtps_cExport.cmake
[2.152s] -- Up-to-date: /home/auro/Auro_Revised/install/assessment_interfaces/share/assessment_interfaces/cmake/export_assessment_interfaces__rosidl_typesupport_fastrtps_cExport-noconfig.cmake
[2.152s] -- Up-to-date: /home/auro/Auro_Revised/install/assessment_interfaces/share/assessment_interfaces/cmake/assessment_interfaces__rosidl_typesupport_introspection_cExport.cmake
[2.156s] -- Up-to-date: /home/auro/Auro_Revised/install/assessment_interfaces/share/assessment_interfaces/cmake/assessment_interfaces__rosidl_typesupport_introspection_cExport-noconfig.cmake
[2.157s] -- Up-to-date: /home/auro/Auro_Revised/install/assessment_interfaces/share/assessment_interfaces/cmake/assessment_interfaces__rosidl_typesupport_cExport.cmake
[2.158s] -- Up-to-date: /home/auro/Auro_Revised/install/assessment_interfaces/share/assessment_interfaces/cmake/assessment_interfaces__rosidl_typesupport_cExport-noconfig.cmake
[2.158s] -- Up-to-date: /home/auro/Auro_Revised/install/assessment_interfaces/share/assessment_interfaces/cmake/export_assessment_interfaces__rosidl_generator_cppExport.cmake
[2.158s] -- Up-to-date: /home/auro/Auro_Revised/install/assessment_interfaces/share/assessment_interfaces/cmake/export_assessment_interfaces__rosidl_typesupport_fastrtps_cppExport.cmake
[2.158s] -- Up-to-date: /home/auro/Auro_Revised/install/assessment_interfaces/share/assessment_interfaces/cmake/export_assessment_interfaces__rosidl_typesupport_fastrtps_cppExport-noconfig.cmake
[2.158s] -- Up-to-date: /home/auro/Auro_Revised/install/assessment_interfaces/share/assessment_interfaces/cmake/assessment_interfaces__rosidl_typesupport_introspection_cppExport.cmake
[2.158s] -- Up-to-date: /home/auro/Auro_Revised/install/assessment_interfaces/share/assessment_interfaces/cmake/assessment_interfaces__rosidl_typesupport_introspection_cppExport-noconfig.cmake
[2.158s] -- Up-to-date: /home/auro/Auro_Revised/install/assessment_interfaces/share/assessment_interfaces/cmake/assessment_interfaces__rosidl_typesupport_cppExport.cmake
[2.158s] -- Up-to-date: /home/auro/Auro_Revised/install/assessment_interfaces/share/assessment_interfaces/cmake/assessment_interfaces__rosidl_typesupport_cppExport-noconfig.cmake
[2.158s] -- Up-to-date: /home/auro/Auro_Revised/install/assessment_interfaces/share/assessment_interfaces/cmake/export_assessment_interfaces__rosidl_generator_pyExport.cmake
[2.159s] -- Up-to-date: /home/auro/Auro_Revised/install/assessment_interfaces/share/assessment_interfaces/cmake/export_assessment_interfaces__rosidl_generator_pyExport-noconfig.cmake
[2.159s] Invoked command in '/home/auro/Auro_Revised/build/assessment_interfaces' returned '0': CMAKE_PREFIX_PATH=${CMAKE_PREFIX_PATH}:/home/auro/Auro_Revised/install/tf_relay:/home/auro/Auro_Revised/install/solution:/home/auro/Auro_Revised/install/assessment:/home/auro/turtlebot3_ws/install/turtlebot3_teleop:/home/auro/turtlebot3_ws/install/turtlebot3_example:/opt/ros/humble /usr/bin/cmake --install /home/auro/Auro_Revised/build/assessment_interfaces
