[1.872s] Invoking command in '/home/auro/AURO-Revised/build/solution': PYTHONPATH=/home/auro/AURO-Revised/build/solution/prefix_override:/usr/lib/python3/dist-packages/colcon_core/task/python/colcon_distutils_commands:/home/auro/AURO-Revised/install/solution/lib/python3.10/site-packages:${PYTHONPATH} /usr/bin/python3 -W ignore:setup.py install is deprecated setup.py develop --editable --build-directory /home/auro/AURO-Revised/build/solution/build --no-deps symlink_data
[2.341s] running develop
[2.649s] running egg_info
[2.652s] writing solution.egg-info/PKG-INFO
[2.652s] writing dependency_links to solution.egg-info/dependency_links.txt
[2.653s] writing entry points to solution.egg-info/entry_points.txt
[2.653s] writing requirements to solution.egg-info/requires.txt
[2.653s] writing top-level names to solution.egg-info/top_level.txt
[2.655s] reading manifest file 'solution.egg-info/SOURCES.txt'
[2.657s] writing manifest file 'solution.egg-info/SOURCES.txt'
[2.660s] running build_ext
[2.661s] Creating /home/auro/AURO-Revised/install/solution/lib/python3.10/site-packages/solution.egg-link (link to .)
[2.662s] Installing collision_avoidance script to /home/auro/AURO-Revised/install/solution/lib/solution
[2.662s] Installing data_logger script to /home/auro/AURO-Revised/install/solution/lib/solution
[2.664s] Installing navigation script to /home/auro/AURO-Revised/install/solution/lib/solution
[2.664s] Installing robot_controller script to /home/auro/AURO-Revised/install/solution/lib/solution
[2.664s] Installing robot_manager script to /home/auro/AURO-Revised/install/solution/lib/solution
[2.664s] Installing robot_vision script to /home/auro/AURO-Revised/install/solution/lib/solution
[2.664s] 
[2.664s] Installed /home/auro/AURO-Revised/build/solution
[2.664s] running symlink_data
[2.725s] Invoked command in '/home/auro/AURO-Revised/build/solution' returned '0': PYTHONPATH=/home/auro/AURO-Revised/build/solution/prefix_override:/usr/lib/python3/dist-packages/colcon_core/task/python/colcon_distutils_commands:/home/auro/AURO-Revised/install/solution/lib/python3.10/site-packages:${PYTHONPATH} /usr/bin/python3 -W ignore:setup.py install is deprecated setup.py develop --editable --build-directory /home/auro/AURO-Revised/build/solution/build --no-deps symlink_data
