[0.057s] Invoking command in '/home/auro/AURO-Revised/build/auro_interfaces': CMAKE_PREFIX_PATH=${CMAKE_PREFIX_PATH}:/home/auro/AURO-Revised/install/tf_relay:/home/auro/AURO-Revised/install/solution:/home/auro/AURO-Revised/install/assessment:/home/auro/turtlebot3_ws/install/turtlebot3_teleop:/home/auro/turtlebot3_ws/install/turtlebot3_example:/opt/ros/humble /usr/bin/cmake --build /home/auro/AURO-Revised/build/auro_interfaces -- -j4 -l4
[0.468s] [  0%] Built target auro_interfaces__cpp
[0.468s] [  0%] Built target ament_cmake_python_symlink_auro_interfaces
[0.468s] [ 11%] Built target auro_interfaces__rosidl_typesupport_fastrtps_cpp
[0.469s] [ 23%] Built target auro_interfaces__rosidl_typesupport_introspection_cpp
[0.650s] running egg_info
[0.651s] writing auro_interfaces.egg-info/PKG-INFO
[0.651s] writing dependency_links to auro_interfaces.egg-info/dependency_links.txt
[0.652s] writing top-level names to auro_interfaces.egg-info/top_level.txt
[0.661s] reading manifest file 'auro_interfaces.egg-info/SOURCES.txt'
[0.662s] writing manifest file 'auro_interfaces.egg-info/SOURCES.txt'
[0.703s] [ 23%] Built target ament_cmake_python_build_auro_interfaces_egg
[0.750s] [ 35%] Built target auro_interfaces__rosidl_typesupport_cpp
[0.786s] [ 47%] Built target auro_interfaces__rosidl_generator_c
[0.833s] [ 59%] Built target auro_interfaces__rosidl_typesupport_fastrtps_c
[0.869s] [ 71%] Built target auro_interfaces__rosidl_typesupport_c
[0.916s] [ 83%] Built target auro_interfaces__rosidl_typesupport_introspection_c
[0.951s] [ 83%] Built target auro_interfaces
[0.983s] [ 84%] Built target auro_interfaces__py
[1.024s] [ 95%] Built target auro_interfaces__rosidl_generator_py
[1.059s] [ 97%] Built target auro_interfaces__rosidl_typesupport_fastrtps_c__pyext
[1.094s] [ 98%] Built target auro_interfaces__rosidl_typesupport_c__pyext
[1.130s] [100%] Built target auro_interfaces__rosidl_typesupport_introspection_c__pyext
[1.151s] Invoked command in '/home/auro/AURO-Revised/build/auro_interfaces' returned '0': CMAKE_PREFIX_PATH=${CMAKE_PREFIX_PATH}:/home/auro/AURO-Revised/install/tf_relay:/home/auro/AURO-Revised/install/solution:/home/auro/AURO-Revised/install/assessment:/home/auro/turtlebot3_ws/install/turtlebot3_teleop:/home/auro/turtlebot3_ws/install/turtlebot3_example:/opt/ros/humble /usr/bin/cmake --build /home/auro/AURO-Revised/build/auro_interfaces -- -j4 -l4
[1.783s] Invoking command in '/home/auro/AURO-Revised/build/auro_interfaces': CMAKE_PREFIX_PATH=${CMAKE_PREFIX_PATH}:/home/auro/AURO-Revised/install/tf_relay:/home/auro/AURO-Revised/install/solution:/home/auro/AURO-Revised/install/assessment:/home/auro/turtlebot3_ws/install/turtlebot3_teleop:/home/auro/turtlebot3_ws/install/turtlebot3_example:/opt/ros/humble /usr/bin/cmake --install /home/auro/AURO-Revised/build/auro_interfaces
[1.799s] -- Install configuration: ""
[1.800s] -- Execute custom install script
[1.801s] -- Up-to-date symlink: /home/auro/AURO-Revised/install/auro_interfaces/share/ament_index/resource_index/rosidl_interfaces/auro_interfaces
[1.801s] -- Up-to-date symlink: /home/auro/AURO-Revised/install/auro_interfaces/include/auro_interfaces/auro_interfaces/action/detail/move__functions.h
[1.801s] -- Up-to-date symlink: /home/auro/AURO-Revised/install/auro_interfaces/include/auro_interfaces/auro_interfaces/action/detail/move__struct.h
[1.801s] -- Up-to-date symlink: /home/auro/AURO-Revised/install/auro_interfaces/include/auro_interfaces/auro_interfaces/action/detail/move__type_support.h
[1.801s] -- Up-to-date symlink: /home/auro/AURO-Revised/install/auro_interfaces/include/auro_interfaces/auro_interfaces/action/move.h
[1.801s] -- Up-to-date symlink: /home/auro/AURO-Revised/install/auro_interfaces/include/auro_interfaces/auro_interfaces/msg/detail/direction__functions.h
[1.802s] -- Up-to-date symlink: /home/auro/AURO-Revised/install/auro_interfaces/include/auro_interfaces/auro_interfaces/msg/detail/direction__struct.h
[1.802s] -- Up-to-date symlink: /home/auro/AURO-Revised/install/auro_interfaces/include/auro_interfaces/auro_interfaces/msg/detail/direction__type_support.h
[1.802s] -- Up-to-date symlink: /home/auro/AURO-Revised/install/auro_interfaces/include/auro_interfaces/auro_interfaces/msg/detail/item__functions.h
[1.802s] -- Up-to-date symlink: /home/auro/AURO-Revised/install/auro_interfaces/include/auro_interfaces/auro_interfaces/msg/detail/item__struct.h
[1.802s] -- Up-to-date symlink: /home/auro/AURO-Revised/install/auro_interfaces/include/auro_interfaces/auro_interfaces/msg/detail/item__type_support.h
[1.803s] -- Up-to-date symlink: /home/auro/AURO-Revised/install/auro_interfaces/include/auro_interfaces/auro_interfaces/msg/detail/item_list__functions.h
[1.803s] -- Up-to-date symlink: /home/auro/AURO-Revised/install/auro_interfaces/include/auro_interfaces/auro_interfaces/msg/detail/item_list__struct.h
[1.803s] -- Up-to-date symlink: /home/auro/AURO-Revised/install/auro_interfaces/include/auro_interfaces/auro_interfaces/msg/detail/item_list__type_support.h
[1.803s] -- Up-to-date symlink: /home/auro/AURO-Revised/install/auro_interfaces/include/auro_interfaces/auro_interfaces/msg/detail/string_with_pose__functions.h
[1.803s] -- Up-to-date symlink: /home/auro/AURO-Revised/install/auro_interfaces/include/auro_interfaces/auro_interfaces/msg/detail/string_with_pose__struct.h
[1.803s] -- Up-to-date symlink: /home/auro/AURO-Revised/install/auro_interfaces/include/auro_interfaces/auro_interfaces/msg/detail/string_with_pose__type_support.h
[1.804s] -- Up-to-date symlink: /home/auro/AURO-Revised/install/auro_interfaces/include/auro_interfaces/auro_interfaces/msg/direction.h
[1.804s] -- Up-to-date symlink: /home/auro/AURO-Revised/install/auro_interfaces/include/auro_interfaces/auro_interfaces/msg/item.h
[1.804s] -- Up-to-date symlink: /home/auro/AURO-Revised/install/auro_interfaces/include/auro_interfaces/auro_interfaces/msg/item_list.h
[1.805s] -- Up-to-date symlink: /home/auro/AURO-Revised/install/auro_interfaces/include/auro_interfaces/auro_interfaces/msg/rosidl_generator_c__visibility_control.h
[1.805s] -- Up-to-date symlink: /home/auro/AURO-Revised/install/auro_interfaces/include/auro_interfaces/auro_interfaces/msg/string_with_pose.h
[1.805s] -- Up-to-date symlink: /home/auro/AURO-Revised/install/auro_interfaces/include/auro_interfaces/auro_interfaces/srv/check_goal.h
[1.806s] -- Up-to-date symlink: /home/auro/AURO-Revised/install/auro_interfaces/include/auro_interfaces/auro_interfaces/srv/collision.h
[1.806s] -- Up-to-date symlink: /home/auro/AURO-Revised/install/auro_interfaces/include/auro_interfaces/auro_interfaces/srv/detail/check_goal__functions.h
[1.806s] -- Up-to-date symlink: /home/auro/AURO-Revised/install/auro_interfaces/include/auro_interfaces/auro_interfaces/srv/detail/check_goal__struct.h
[1.806s] -- Up-to-date symlink: /home/auro/AURO-Revised/install/auro_interfaces/include/auro_interfaces/auro_interfaces/srv/detail/check_goal__type_support.h
[1.807s] -- Up-to-date symlink: /home/auro/AURO-Revised/install/auro_interfaces/include/auro_interfaces/auro_interfaces/srv/detail/collision__functions.h
[1.807s] -- Up-to-date symlink: /home/auro/AURO-Revised/install/auro_interfaces/include/auro_interfaces/auro_interfaces/srv/detail/collision__struct.h
[1.807s] -- Up-to-date symlink: /home/auro/AURO-Revised/install/auro_interfaces/include/auro_interfaces/auro_interfaces/srv/detail/collision__type_support.h
[1.807s] -- Up-to-date symlink: /home/auro/AURO-Revised/install/auro_interfaces/include/auro_interfaces/auro_interfaces/srv/detail/find_target__functions.h
[1.807s] -- Up-to-date symlink: /home/auro/AURO-Revised/install/auro_interfaces/include/auro_interfaces/auro_interfaces/srv/detail/find_target__struct.h
[1.808s] -- Up-to-date symlink: /home/auro/AURO-Revised/install/auro_interfaces/include/auro_interfaces/auro_interfaces/srv/detail/find_target__type_support.h
[1.808s] -- Up-to-date symlink: /home/auro/AURO-Revised/install/auro_interfaces/include/auro_interfaces/auro_interfaces/srv/detail/item_request__functions.h
[1.808s] -- Up-to-date symlink: /home/auro/AURO-Revised/install/auro_interfaces/include/auro_interfaces/auro_interfaces/srv/detail/item_request__struct.h
[1.808s] -- Up-to-date symlink: /home/auro/AURO-Revised/install/auro_interfaces/include/auro_interfaces/auro_interfaces/srv/detail/item_request__type_support.h
[1.808s] -- Up-to-date symlink: /home/auro/AURO-Revised/install/auro_interfaces/include/auro_interfaces/auro_interfaces/srv/detail/rotate__functions.h
[1.808s] -- Up-to-date symlink: /home/auro/AURO-Revised/install/auro_interfaces/include/auro_interfaces/auro_interfaces/srv/detail/rotate__struct.h
[1.809s] -- Up-to-date symlink: /home/auro/AURO-Revised/install/auro_interfaces/include/auro_interfaces/auro_interfaces/srv/detail/rotate__type_support.h
[1.809s] -- Up-to-date symlink: /home/auro/AURO-Revised/install/auro_interfaces/include/auro_interfaces/auro_interfaces/srv/detail/task__functions.h
[1.810s] -- Up-to-date symlink: /home/auro/AURO-Revised/install/auro_interfaces/include/auro_interfaces/auro_interfaces/srv/detail/task__struct.h
[1.810s] -- Up-to-date symlink: /home/auro/AURO-Revised/install/auro_interfaces/include/auro_interfaces/auro_interfaces/srv/detail/task__type_support.h
[1.810s] -- Up-to-date symlink: /home/auro/AURO-Revised/install/auro_interfaces/include/auro_interfaces/auro_interfaces/srv/detail/zone_request__functions.h
[1.811s] -- Up-to-date symlink: /home/auro/AURO-Revised/install/auro_interfaces/include/auro_interfaces/auro_interfaces/srv/detail/zone_request__struct.h
[1.813s] -- Up-to-date symlink: /home/auro/AURO-Revised/install/auro_interfaces/include/auro_interfaces/auro_interfaces/srv/detail/zone_request__type_support.h
[1.813s] -- Up-to-date symlink: /home/auro/AURO-Revised/install/auro_interfaces/include/auro_interfaces/auro_interfaces/srv/find_target.h
[1.813s] -- Up-to-date symlink: /home/auro/AURO-Revised/install/auro_interfaces/include/auro_interfaces/auro_interfaces/srv/item_request.h
[1.813s] -- Up-to-date symlink: /home/auro/AURO-Revised/install/auro_interfaces/include/auro_interfaces/auro_interfaces/srv/rotate.h
[1.813s] -- Up-to-date symlink: /home/auro/AURO-Revised/install/auro_interfaces/include/auro_interfaces/auro_interfaces/srv/task.h
[1.814s] -- Up-to-date symlink: /home/auro/AURO-Revised/install/auro_interfaces/include/auro_interfaces/auro_interfaces/srv/zone_request.h
[1.814s] -- Up-to-date symlink: /home/auro/AURO-Revised/install/auro_interfaces/share/auro_interfaces/environment/library_path.sh
[1.814s] -- Up-to-date symlink: /home/auro/AURO-Revised/install/auro_interfaces/share/auro_interfaces/environment/library_path.dsv
[1.814s] -- Up-to-date symlink: /home/auro/AURO-Revised/install/auro_interfaces/include/auro_interfaces/auro_interfaces/action/detail/move__rosidl_typesupport_fastrtps_c.h
[1.814s] -- Up-to-date symlink: /home/auro/AURO-Revised/install/auro_interfaces/include/auro_interfaces/auro_interfaces/msg/detail/direction__rosidl_typesupport_fastrtps_c.h
[1.815s] -- Up-to-date symlink: /home/auro/AURO-Revised/install/auro_interfaces/include/auro_interfaces/auro_interfaces/msg/detail/item__rosidl_typesupport_fastrtps_c.h
[1.815s] -- Up-to-date symlink: /home/auro/AURO-Revised/install/auro_interfaces/include/auro_interfaces/auro_interfaces/msg/detail/item_list__rosidl_typesupport_fastrtps_c.h
[1.815s] -- Up-to-date symlink: /home/auro/AURO-Revised/install/auro_interfaces/include/auro_interfaces/auro_interfaces/msg/detail/string_with_pose__rosidl_typesupport_fastrtps_c.h
[1.815s] -- Up-to-date symlink: /home/auro/AURO-Revised/install/auro_interfaces/include/auro_interfaces/auro_interfaces/msg/rosidl_typesupport_fastrtps_c__visibility_control.h
[1.815s] -- Up-to-date symlink: /home/auro/AURO-Revised/install/auro_interfaces/include/auro_interfaces/auro_interfaces/srv/detail/check_goal__rosidl_typesupport_fastrtps_c.h
[1.816s] -- Up-to-date symlink: /home/auro/AURO-Revised/install/auro_interfaces/include/auro_interfaces/auro_interfaces/srv/detail/collision__rosidl_typesupport_fastrtps_c.h
[1.816s] -- Up-to-date symlink: /home/auro/AURO-Revised/install/auro_interfaces/include/auro_interfaces/auro_interfaces/srv/detail/find_target__rosidl_typesupport_fastrtps_c.h
[1.816s] -- Up-to-date symlink: /home/auro/AURO-Revised/install/auro_interfaces/include/auro_interfaces/auro_interfaces/srv/detail/item_request__rosidl_typesupport_fastrtps_c.h
[1.816s] -- Up-to-date symlink: /home/auro/AURO-Revised/install/auro_interfaces/include/auro_interfaces/auro_interfaces/srv/detail/rotate__rosidl_typesupport_fastrtps_c.h
[1.816s] -- Up-to-date symlink: /home/auro/AURO-Revised/install/auro_interfaces/include/auro_interfaces/auro_interfaces/srv/detail/task__rosidl_typesupport_fastrtps_c.h
[1.816s] -- Up-to-date symlink: /home/auro/AURO-Revised/install/auro_interfaces/include/auro_interfaces/auro_interfaces/srv/detail/zone_request__rosidl_typesupport_fastrtps_c.h
[1.818s] -- Up-to-date symlink: /home/auro/AURO-Revised/install/auro_interfaces/include/auro_interfaces/auro_interfaces/action/detail/move__builder.hpp
[1.818s] -- Up-to-date symlink: /home/auro/AURO-Revised/install/auro_interfaces/include/auro_interfaces/auro_interfaces/action/detail/move__struct.hpp
[1.818s] -- Up-to-date symlink: /home/auro/AURO-Revised/install/auro_interfaces/include/auro_interfaces/auro_interfaces/action/detail/move__traits.hpp
[1.819s] -- Up-to-date symlink: /home/auro/AURO-Revised/install/auro_interfaces/include/auro_interfaces/auro_interfaces/action/move.hpp
[1.819s] -- Up-to-date symlink: /home/auro/AURO-Revised/install/auro_interfaces/include/auro_interfaces/auro_interfaces/msg/detail/direction__builder.hpp
[1.819s] -- Up-to-date symlink: /home/auro/AURO-Revised/install/auro_interfaces/include/auro_interfaces/auro_interfaces/msg/detail/direction__struct.hpp
[1.819s] -- Up-to-date symlink: /home/auro/AURO-Revised/install/auro_interfaces/include/auro_interfaces/auro_interfaces/msg/detail/direction__traits.hpp
[1.820s] -- Up-to-date symlink: /home/auro/AURO-Revised/install/auro_interfaces/include/auro_interfaces/auro_interfaces/msg/detail/item__builder.hpp
[1.820s] -- Up-to-date symlink: /home/auro/AURO-Revised/install/auro_interfaces/include/auro_interfaces/auro_interfaces/msg/detail/item__struct.hpp
[1.823s] -- Up-to-date symlink: /home/auro/AURO-Revised/install/auro_interfaces/include/auro_interfaces/auro_interfaces/msg/detail/item__traits.hpp
[1.824s] -- Up-to-date symlink: /home/auro/AURO-Revised/install/auro_interfaces/include/auro_interfaces/auro_interfaces/msg/detail/item_list__builder.hpp
[1.824s] -- Up-to-date symlink: /home/auro/AURO-Revised/install/auro_interfaces/include/auro_interfaces/auro_interfaces/msg/detail/item_list__struct.hpp
[1.824s] -- Up-to-date symlink: /home/auro/AURO-Revised/install/auro_interfaces/include/auro_interfaces/auro_interfaces/msg/detail/item_list__traits.hpp
[1.824s] -- Up-to-date symlink: /home/auro/AURO-Revised/install/auro_interfaces/include/auro_interfaces/auro_interfaces/msg/detail/string_with_pose__builder.hpp
[1.824s] -- Up-to-date symlink: /home/auro/AURO-Revised/install/auro_interfaces/include/auro_interfaces/auro_interfaces/msg/detail/string_with_pose__struct.hpp
[1.824s] -- Up-to-date symlink: /home/auro/AURO-Revised/install/auro_interfaces/include/auro_interfaces/auro_interfaces/msg/detail/string_with_pose__traits.hpp
[1.826s] -- Up-to-date symlink: /home/auro/AURO-Revised/install/auro_interfaces/include/auro_interfaces/auro_interfaces/msg/direction.hpp
[1.826s] -- Up-to-date symlink: /home/auro/AURO-Revised/install/auro_interfaces/include/auro_interfaces/auro_interfaces/msg/item.hpp
[1.826s] -- Up-to-date symlink: /home/auro/AURO-Revised/install/auro_interfaces/include/auro_interfaces/auro_interfaces/msg/item_list.hpp
[1.826s] -- Up-to-date symlink: /home/auro/AURO-Revised/install/auro_interfaces/include/auro_interfaces/auro_interfaces/msg/string_with_pose.hpp
[1.826s] -- Up-to-date symlink: /home/auro/AURO-Revised/install/auro_interfaces/include/auro_interfaces/auro_interfaces/srv/check_goal.hpp
[1.826s] -- Up-to-date symlink: /home/auro/AURO-Revised/install/auro_interfaces/include/auro_interfaces/auro_interfaces/srv/collision.hpp
[1.826s] -- Up-to-date symlink: /home/auro/AURO-Revised/install/auro_interfaces/include/auro_interfaces/auro_interfaces/srv/detail/check_goal__builder.hpp
[1.827s] -- Up-to-date symlink: /home/auro/AURO-Revised/install/auro_interfaces/include/auro_interfaces/auro_interfaces/srv/detail/check_goal__struct.hpp
[1.827s] -- Up-to-date symlink: /home/auro/AURO-Revised/install/auro_interfaces/include/auro_interfaces/auro_interfaces/srv/detail/check_goal__traits.hpp
[1.827s] -- Up-to-date symlink: /home/auro/AURO-Revised/install/auro_interfaces/include/auro_interfaces/auro_interfaces/srv/detail/collision__builder.hpp
[1.827s] -- Up-to-date symlink: /home/auro/AURO-Revised/install/auro_interfaces/include/auro_interfaces/auro_interfaces/srv/detail/collision__struct.hpp
[1.827s] -- Up-to-date symlink: /home/auro/AURO-Revised/install/auro_interfaces/include/auro_interfaces/auro_interfaces/srv/detail/collision__traits.hpp
[1.827s] -- Up-to-date symlink: /home/auro/AURO-Revised/install/auro_interfaces/include/auro_interfaces/auro_interfaces/srv/detail/find_target__builder.hpp
[1.828s] -- Up-to-date symlink: /home/auro/AURO-Revised/install/auro_interfaces/include/auro_interfaces/auro_interfaces/srv/detail/find_target__struct.hpp
[1.830s] -- Up-to-date symlink: /home/auro/AURO-Revised/install/auro_interfaces/include/auro_interfaces/auro_interfaces/srv/detail/find_target__traits.hpp
[1.830s] -- Up-to-date symlink: /home/auro/AURO-Revised/install/auro_interfaces/include/auro_interfaces/auro_interfaces/srv/detail/item_request__builder.hpp
[1.830s] -- Up-to-date symlink: /home/auro/AURO-Revised/install/auro_interfaces/include/auro_interfaces/auro_interfaces/srv/detail/item_request__struct.hpp
[1.830s] -- Up-to-date symlink: /home/auro/AURO-Revised/install/auro_interfaces/include/auro_interfaces/auro_interfaces/srv/detail/item_request__traits.hpp
[1.831s] -- Up-to-date symlink: /home/auro/AURO-Revised/install/auro_interfaces/include/auro_interfaces/auro_interfaces/srv/detail/rotate__builder.hpp
[1.831s] -- Up-to-date symlink: /home/auro/AURO-Revised/install/auro_interfaces/include/auro_interfaces/auro_interfaces/srv/detail/rotate__struct.hpp
[1.831s] -- Up-to-date symlink: /home/auro/AURO-Revised/install/auro_interfaces/include/auro_interfaces/auro_interfaces/srv/detail/rotate__traits.hpp
[1.831s] -- Up-to-date symlink: /home/auro/AURO-Revised/install/auro_interfaces/include/auro_interfaces/auro_interfaces/srv/detail/task__builder.hpp
[1.831s] -- Up-to-date symlink: /home/auro/AURO-Revised/install/auro_interfaces/include/auro_interfaces/auro_interfaces/srv/detail/task__struct.hpp
[1.831s] -- Up-to-date symlink: /home/auro/AURO-Revised/install/auro_interfaces/include/auro_interfaces/auro_interfaces/srv/detail/task__traits.hpp
[1.832s] -- Up-to-date symlink: /home/auro/AURO-Revised/install/auro_interfaces/include/auro_interfaces/auro_interfaces/srv/detail/zone_request__builder.hpp
[1.832s] -- Up-to-date symlink: /home/auro/AURO-Revised/install/auro_interfaces/include/auro_interfaces/auro_interfaces/srv/detail/zone_request__struct.hpp
[1.832s] -- Up-to-date symlink: /home/auro/AURO-Revised/install/auro_interfaces/include/auro_interfaces/auro_interfaces/srv/detail/zone_request__traits.hpp
[1.833s] -- Up-to-date symlink: /home/auro/AURO-Revised/install/auro_interfaces/include/auro_interfaces/auro_interfaces/srv/find_target.hpp
[1.833s] -- Up-to-date symlink: /home/auro/AURO-Revised/install/auro_interfaces/include/auro_interfaces/auro_interfaces/srv/item_request.hpp
[1.833s] -- Up-to-date symlink: /home/auro/AURO-Revised/install/auro_interfaces/include/auro_interfaces/auro_interfaces/srv/rotate.hpp
[1.833s] -- Up-to-date symlink: /home/auro/AURO-Revised/install/auro_interfaces/include/auro_interfaces/auro_interfaces/srv/task.hpp
[1.833s] -- Up-to-date symlink: /home/auro/AURO-Revised/install/auro_interfaces/include/auro_interfaces/auro_interfaces/srv/zone_request.hpp
[1.833s] -- Up-to-date symlink: /home/auro/AURO-Revised/install/auro_interfaces/include/auro_interfaces/auro_interfaces/action/detail/move__rosidl_typesupport_fastrtps_cpp.hpp
[1.840s] -- Up-to-date symlink: /home/auro/AURO-Revised/install/auro_interfaces/include/auro_interfaces/auro_interfaces/msg/detail/direction__rosidl_typesupport_fastrtps_cpp.hpp
[1.841s] -- Up-to-date symlink: /home/auro/AURO-Revised/install/auro_interfaces/include/auro_interfaces/auro_interfaces/msg/detail/item__rosidl_typesupport_fastrtps_cpp.hpp
[1.847s] -- Up-to-date symlink: /home/auro/AURO-Revised/install/auro_interfaces/include/auro_interfaces/auro_interfaces/msg/detail/item_list__rosidl_typesupport_fastrtps_cpp.hpp
[1.848s] -- Up-to-date symlink: /home/auro/AURO-Revised/install/auro_interfaces/include/auro_interfaces/auro_interfaces/msg/detail/string_with_pose__rosidl_typesupport_fastrtps_cpp.hpp
[1.848s] -- Up-to-date symlink: /home/auro/AURO-Revised/install/auro_interfaces/include/auro_interfaces/auro_interfaces/msg/rosidl_typesupport_fastrtps_cpp__visibility_control.h
[1.848s] -- Up-to-date symlink: /home/auro/AURO-Revised/install/auro_interfaces/include/auro_interfaces/auro_interfaces/srv/detail/check_goal__rosidl_typesupport_fastrtps_cpp.hpp
[1.848s] -- Up-to-date symlink: /home/auro/AURO-Revised/install/auro_interfaces/include/auro_interfaces/auro_interfaces/srv/detail/collision__rosidl_typesupport_fastrtps_cpp.hpp
[1.848s] -- Up-to-date symlink: /home/auro/AURO-Revised/install/auro_interfaces/include/auro_interfaces/auro_interfaces/srv/detail/find_target__rosidl_typesupport_fastrtps_cpp.hpp
[1.848s] -- Up-to-date symlink: /home/auro/AURO-Revised/install/auro_interfaces/include/auro_interfaces/auro_interfaces/srv/detail/item_request__rosidl_typesupport_fastrtps_cpp.hpp
[1.848s] -- Up-to-date symlink: /home/auro/AURO-Revised/install/auro_interfaces/include/auro_interfaces/auro_interfaces/srv/detail/rotate__rosidl_typesupport_fastrtps_cpp.hpp
[1.848s] -- Up-to-date symlink: /home/auro/AURO-Revised/install/auro_interfaces/include/auro_interfaces/auro_interfaces/srv/detail/task__rosidl_typesupport_fastrtps_cpp.hpp
[1.848s] -- Up-to-date symlink: /home/auro/AURO-Revised/install/auro_interfaces/include/auro_interfaces/auro_interfaces/srv/detail/zone_request__rosidl_typesupport_fastrtps_cpp.hpp
[1.848s] -- Up-to-date symlink: /home/auro/AURO-Revised/install/auro_interfaces/include/auro_interfaces/auro_interfaces/action/detail/move__rosidl_typesupport_introspection_c.h
[1.848s] -- Up-to-date symlink: /home/auro/AURO-Revised/install/auro_interfaces/include/auro_interfaces/auro_interfaces/msg/detail/direction__rosidl_typesupport_introspection_c.h
[1.848s] -- Up-to-date symlink: /home/auro/AURO-Revised/install/auro_interfaces/include/auro_interfaces/auro_interfaces/msg/detail/item__rosidl_typesupport_introspection_c.h
[1.849s] -- Up-to-date symlink: /home/auro/AURO-Revised/install/auro_interfaces/include/auro_interfaces/auro_interfaces/msg/detail/item_list__rosidl_typesupport_introspection_c.h
[1.849s] -- Up-to-date symlink: /home/auro/AURO-Revised/install/auro_interfaces/include/auro_interfaces/auro_interfaces/msg/detail/string_with_pose__rosidl_typesupport_introspection_c.h
[1.849s] -- Up-to-date symlink: /home/auro/AURO-Revised/install/auro_interfaces/include/auro_interfaces/auro_interfaces/msg/rosidl_typesupport_introspection_c__visibility_control.h
[1.849s] -- Up-to-date symlink: /home/auro/AURO-Revised/install/auro_interfaces/include/auro_interfaces/auro_interfaces/srv/detail/check_goal__rosidl_typesupport_introspection_c.h
[1.849s] -- Up-to-date symlink: /home/auro/AURO-Revised/install/auro_interfaces/include/auro_interfaces/auro_interfaces/srv/detail/collision__rosidl_typesupport_introspection_c.h
[1.849s] -- Up-to-date symlink: /home/auro/AURO-Revised/install/auro_interfaces/include/auro_interfaces/auro_interfaces/srv/detail/find_target__rosidl_typesupport_introspection_c.h
[1.849s] -- Up-to-date symlink: /home/auro/AURO-Revised/install/auro_interfaces/include/auro_interfaces/auro_interfaces/srv/detail/item_request__rosidl_typesupport_introspection_c.h
[1.849s] -- Up-to-date symlink: /home/auro/AURO-Revised/install/auro_interfaces/include/auro_interfaces/auro_interfaces/srv/detail/rotate__rosidl_typesupport_introspection_c.h
[1.849s] -- Up-to-date symlink: /home/auro/AURO-Revised/install/auro_interfaces/include/auro_interfaces/auro_interfaces/srv/detail/task__rosidl_typesupport_introspection_c.h
[1.849s] -- Up-to-date symlink: /home/auro/AURO-Revised/install/auro_interfaces/include/auro_interfaces/auro_interfaces/srv/detail/zone_request__rosidl_typesupport_introspection_c.h
[1.849s] -- Up-to-date symlink: /home/auro/AURO-Revised/install/auro_interfaces/include/auro_interfaces/auro_interfaces/action/detail/move__rosidl_typesupport_introspection_cpp.hpp
[1.849s] -- Up-to-date symlink: /home/auro/AURO-Revised/install/auro_interfaces/include/auro_interfaces/auro_interfaces/msg/detail/direction__rosidl_typesupport_introspection_cpp.hpp
[1.849s] -- Up-to-date symlink: /home/auro/AURO-Revised/install/auro_interfaces/include/auro_interfaces/auro_interfaces/msg/detail/item__rosidl_typesupport_introspection_cpp.hpp
[1.850s] -- Up-to-date symlink: /home/auro/AURO-Revised/install/auro_interfaces/include/auro_interfaces/auro_interfaces/msg/detail/item_list__rosidl_typesupport_introspection_cpp.hpp
[1.850s] -- Up-to-date symlink: /home/auro/AURO-Revised/install/auro_interfaces/include/auro_interfaces/auro_interfaces/msg/detail/string_with_pose__rosidl_typesupport_introspection_cpp.hpp
[1.850s] -- Up-to-date symlink: /home/auro/AURO-Revised/install/auro_interfaces/include/auro_interfaces/auro_interfaces/srv/detail/check_goal__rosidl_typesupport_introspection_cpp.hpp
[1.850s] -- Up-to-date symlink: /home/auro/AURO-Revised/install/auro_interfaces/include/auro_interfaces/auro_interfaces/srv/detail/collision__rosidl_typesupport_introspection_cpp.hpp
[1.850s] -- Up-to-date symlink: /home/auro/AURO-Revised/install/auro_interfaces/include/auro_interfaces/auro_interfaces/srv/detail/find_target__rosidl_typesupport_introspection_cpp.hpp
[1.850s] -- Up-to-date symlink: /home/auro/AURO-Revised/install/auro_interfaces/include/auro_interfaces/auro_interfaces/srv/detail/item_request__rosidl_typesupport_introspection_cpp.hpp
[1.850s] -- Up-to-date symlink: /home/auro/AURO-Revised/install/auro_interfaces/include/auro_interfaces/auro_interfaces/srv/detail/rotate__rosidl_typesupport_introspection_cpp.hpp
[1.850s] -- Up-to-date symlink: /home/auro/AURO-Revised/install/auro_interfaces/include/auro_interfaces/auro_interfaces/srv/detail/task__rosidl_typesupport_introspection_cpp.hpp
[1.850s] -- Up-to-date symlink: /home/auro/AURO-Revised/install/auro_interfaces/include/auro_interfaces/auro_interfaces/srv/detail/zone_request__rosidl_typesupport_introspection_cpp.hpp
[1.850s] -- Up-to-date symlink: /home/auro/AURO-Revised/install/auro_interfaces/share/auro_interfaces/environment/pythonpath.sh
[1.850s] -- Up-to-date symlink: /home/auro/AURO-Revised/install/auro_interfaces/share/auro_interfaces/environment/pythonpath.dsv
[1.850s] -- Up-to-date symlink: /home/auro/AURO-Revised/install/auro_interfaces/local/lib/python3.10/dist-packages/auro_interfaces-0.0.0-py3.10.egg-info/PKG-INFO
[1.851s] -- Up-to-date symlink: /home/auro/AURO-Revised/install/auro_interfaces/local/lib/python3.10/dist-packages/auro_interfaces-0.0.0-py3.10.egg-info/SOURCES.txt
[1.851s] -- Up-to-date symlink: /home/auro/AURO-Revised/install/auro_interfaces/local/lib/python3.10/dist-packages/auro_interfaces-0.0.0-py3.10.egg-info/dependency_links.txt
[1.851s] -- Up-to-date symlink: /home/auro/AURO-Revised/install/auro_interfaces/local/lib/python3.10/dist-packages/auro_interfaces-0.0.0-py3.10.egg-info/top_level.txt
[1.851s] -- Up-to-date symlink: /home/auro/AURO-Revised/install/auro_interfaces/local/lib/python3.10/dist-packages/auro_interfaces/__init__.py
[1.851s] -- Up-to-date symlink: /home/auro/AURO-Revised/install/auro_interfaces/local/lib/python3.10/dist-packages/auro_interfaces/_auro_interfaces_s.ep.rosidl_typesupport_c.c
[1.851s] -- Up-to-date symlink: /home/auro/AURO-Revised/install/auro_interfaces/local/lib/python3.10/dist-packages/auro_interfaces/_auro_interfaces_s.ep.rosidl_typesupport_fastrtps_c.c
[1.851s] -- Up-to-date symlink: /home/auro/AURO-Revised/install/auro_interfaces/local/lib/python3.10/dist-packages/auro_interfaces/_auro_interfaces_s.ep.rosidl_typesupport_introspection_c.c
[1.851s] -- Up-to-date symlink: /home/auro/AURO-Revised/install/auro_interfaces/local/lib/python3.10/dist-packages/auro_interfaces/action/__init__.py
[1.851s] -- Up-to-date symlink: /home/auro/AURO-Revised/install/auro_interfaces/local/lib/python3.10/dist-packages/auro_interfaces/action/_move.py
[1.852s] -- Up-to-date symlink: /home/auro/AURO-Revised/install/auro_interfaces/local/lib/python3.10/dist-packages/auro_interfaces/action/_move_s.c
[1.852s] -- Up-to-date symlink: /home/auro/AURO-Revised/install/auro_interfaces/local/lib/python3.10/dist-packages/auro_interfaces/auro_interfaces_s__rosidl_typesupport_c.cpython-310-x86_64-linux-gnu.so
[1.852s] -- Up-to-date symlink: /home/auro/AURO-Revised/install/auro_interfaces/local/lib/python3.10/dist-packages/auro_interfaces/auro_interfaces_s__rosidl_typesupport_fastrtps_c.cpython-310-x86_64-linux-gnu.so
[1.852s] -- Up-to-date symlink: /home/auro/AURO-Revised/install/auro_interfaces/local/lib/python3.10/dist-packages/auro_interfaces/auro_interfaces_s__rosidl_typesupport_introspection_c.cpython-310-x86_64-linux-gnu.so
[1.852s] -- Up-to-date symlink: /home/auro/AURO-Revised/install/auro_interfaces/local/lib/python3.10/dist-packages/auro_interfaces/libauro_interfaces__rosidl_generator_py.so
[1.852s] -- Up-to-date symlink: /home/auro/AURO-Revised/install/auro_interfaces/local/lib/python3.10/dist-packages/auro_interfaces/msg/__init__.py
[1.852s] -- Up-to-date symlink: /home/auro/AURO-Revised/install/auro_interfaces/local/lib/python3.10/dist-packages/auro_interfaces/msg/_direction.py
[1.852s] -- Up-to-date symlink: /home/auro/AURO-Revised/install/auro_interfaces/local/lib/python3.10/dist-packages/auro_interfaces/msg/_direction_s.c
[1.852s] -- Up-to-date symlink: /home/auro/AURO-Revised/install/auro_interfaces/local/lib/python3.10/dist-packages/auro_interfaces/msg/_item.py
[1.852s] -- Up-to-date symlink: /home/auro/AURO-Revised/install/auro_interfaces/local/lib/python3.10/dist-packages/auro_interfaces/msg/_item_list.py
[1.852s] -- Up-to-date symlink: /home/auro/AURO-Revised/install/auro_interfaces/local/lib/python3.10/dist-packages/auro_interfaces/msg/_item_list_s.c
[1.852s] -- Up-to-date symlink: /home/auro/AURO-Revised/install/auro_interfaces/local/lib/python3.10/dist-packages/auro_interfaces/msg/_item_s.c
[1.853s] -- Up-to-date symlink: /home/auro/AURO-Revised/install/auro_interfaces/local/lib/python3.10/dist-packages/auro_interfaces/msg/_string_with_pose.py
[1.853s] -- Up-to-date symlink: /home/auro/AURO-Revised/install/auro_interfaces/local/lib/python3.10/dist-packages/auro_interfaces/msg/_string_with_pose_s.c
[1.853s] -- Up-to-date symlink: /home/auro/AURO-Revised/install/auro_interfaces/local/lib/python3.10/dist-packages/auro_interfaces/srv/__init__.py
[1.853s] -- Up-to-date symlink: /home/auro/AURO-Revised/install/auro_interfaces/local/lib/python3.10/dist-packages/auro_interfaces/srv/_check_goal.py
[1.853s] -- Up-to-date symlink: /home/auro/AURO-Revised/install/auro_interfaces/local/lib/python3.10/dist-packages/auro_interfaces/srv/_check_goal_s.c
[1.855s] -- Up-to-date symlink: /home/auro/AURO-Revised/install/auro_interfaces/local/lib/python3.10/dist-packages/auro_interfaces/srv/_collision.py
[1.855s] -- Up-to-date symlink: /home/auro/AURO-Revised/install/auro_interfaces/local/lib/python3.10/dist-packages/auro_interfaces/srv/_collision_s.c
[1.855s] -- Up-to-date symlink: /home/auro/AURO-Revised/install/auro_interfaces/local/lib/python3.10/dist-packages/auro_interfaces/srv/_find_target.py
[1.855s] -- Up-to-date symlink: /home/auro/AURO-Revised/install/auro_interfaces/local/lib/python3.10/dist-packages/auro_interfaces/srv/_find_target_s.c
[1.855s] -- Up-to-date symlink: /home/auro/AURO-Revised/install/auro_interfaces/local/lib/python3.10/dist-packages/auro_interfaces/srv/_item_request.py
[1.855s] -- Up-to-date symlink: /home/auro/AURO-Revised/install/auro_interfaces/local/lib/python3.10/dist-packages/auro_interfaces/srv/_item_request_s.c
[1.855s] -- Up-to-date symlink: /home/auro/AURO-Revised/install/auro_interfaces/local/lib/python3.10/dist-packages/auro_interfaces/srv/_rotate.py
[1.855s] -- Up-to-date symlink: /home/auro/AURO-Revised/install/auro_interfaces/local/lib/python3.10/dist-packages/auro_interfaces/srv/_rotate_s.c
[1.855s] -- Up-to-date symlink: /home/auro/AURO-Revised/install/auro_interfaces/local/lib/python3.10/dist-packages/auro_interfaces/srv/_task.py
[1.856s] -- Up-to-date symlink: /home/auro/AURO-Revised/install/auro_interfaces/local/lib/python3.10/dist-packages/auro_interfaces/srv/_task_s.c
[1.856s] -- Up-to-date symlink: /home/auro/AURO-Revised/install/auro_interfaces/local/lib/python3.10/dist-packages/auro_interfaces/srv/_zone_request.py
[1.857s] -- Up-to-date symlink: /home/auro/AURO-Revised/install/auro_interfaces/local/lib/python3.10/dist-packages/auro_interfaces/srv/_zone_request_s.c
[1.858s] -- Up-to-date symlink: /home/auro/AURO-Revised/install/auro_interfaces/local/lib/python3.10/dist-packages/auro_interfaces/auro_interfaces_s__rosidl_typesupport_fastrtps_c.cpython-310-x86_64-linux-gnu.so
[1.858s] -- Up-to-date symlink: /home/auro/AURO-Revised/install/auro_interfaces/local/lib/python3.10/dist-packages/auro_interfaces/auro_interfaces_s__rosidl_typesupport_introspection_c.cpython-310-x86_64-linux-gnu.so
[1.859s] -- Up-to-date symlink: /home/auro/AURO-Revised/install/auro_interfaces/local/lib/python3.10/dist-packages/auro_interfaces/auro_interfaces_s__rosidl_typesupport_c.cpython-310-x86_64-linux-gnu.so
[1.860s] -- Up-to-date symlink: /home/auro/AURO-Revised/install/auro_interfaces/share/auro_interfaces/msg/StringWithPose.idl
[1.861s] -- Up-to-date symlink: /home/auro/AURO-Revised/install/auro_interfaces/share/auro_interfaces/msg/Item.idl
[1.862s] -- Up-to-date symlink: /home/auro/AURO-Revised/install/auro_interfaces/share/auro_interfaces/msg/ItemList.idl
[1.862s] -- Up-to-date symlink: /home/auro/AURO-Revised/install/auro_interfaces/share/auro_interfaces/msg/Direction.idl
[1.863s] -- Up-to-date symlink: /home/auro/AURO-Revised/install/auro_interfaces/share/auro_interfaces/srv/ItemRequest.idl
[1.863s] -- Up-to-date symlink: /home/auro/AURO-Revised/install/auro_interfaces/share/auro_interfaces/srv/ZoneRequest.idl
[1.864s] -- Up-to-date symlink: /home/auro/AURO-Revised/install/auro_interfaces/share/auro_interfaces/srv/Collision.idl
[1.865s] -- Up-to-date symlink: /home/auro/AURO-Revised/install/auro_interfaces/share/auro_interfaces/action/Move.idl
[1.866s] -- Up-to-date symlink: /home/auro/AURO-Revised/install/auro_interfaces/share/auro_interfaces/srv/CheckGoal.idl
[1.866s] -- Up-to-date symlink: /home/auro/AURO-Revised/install/auro_interfaces/share/auro_interfaces/srv/Rotate.idl
[1.867s] -- Up-to-date symlink: /home/auro/AURO-Revised/install/auro_interfaces/share/auro_interfaces/srv/Task.idl
[1.868s] -- Up-to-date symlink: /home/auro/AURO-Revised/install/auro_interfaces/share/auro_interfaces/srv/FindTarget.idl
[1.868s] -- Up-to-date symlink: /home/auro/AURO-Revised/install/auro_interfaces/share/auro_interfaces/msg/StringWithPose.msg
[1.868s] -- Up-to-date symlink: /home/auro/AURO-Revised/install/auro_interfaces/share/auro_interfaces/msg/Item.msg
[1.869s] -- Up-to-date symlink: /home/auro/AURO-Revised/install/auro_interfaces/share/auro_interfaces/msg/ItemList.msg
[1.869s] -- Up-to-date symlink: /home/auro/AURO-Revised/install/auro_interfaces/share/auro_interfaces/msg/Direction.msg
[1.869s] -- Up-to-date symlink: /home/auro/AURO-Revised/install/auro_interfaces/share/auro_interfaces/srv/ItemRequest.srv
[1.870s] -- Up-to-date symlink: /home/auro/AURO-Revised/install/auro_interfaces/share/auro_interfaces/srv/ItemRequest_Request.msg
[1.870s] -- Up-to-date symlink: /home/auro/AURO-Revised/install/auro_interfaces/share/auro_interfaces/srv/ItemRequest_Response.msg
[1.871s] -- Up-to-date symlink: /home/auro/AURO-Revised/install/auro_interfaces/share/auro_interfaces/srv/ZoneRequest.srv
[1.871s] -- Up-to-date symlink: /home/auro/AURO-Revised/install/auro_interfaces/share/auro_interfaces/srv/ZoneRequest_Request.msg
[1.871s] -- Up-to-date symlink: /home/auro/AURO-Revised/install/auro_interfaces/share/auro_interfaces/srv/ZoneRequest_Response.msg
[1.872s] -- Up-to-date symlink: /home/auro/AURO-Revised/install/auro_interfaces/share/auro_interfaces/srv/Collision.srv
[1.873s] -- Up-to-date symlink: /home/auro/AURO-Revised/install/auro_interfaces/share/auro_interfaces/srv/Collision_Request.msg
[1.873s] -- Up-to-date symlink: /home/auro/AURO-Revised/install/auro_interfaces/share/auro_interfaces/srv/Collision_Response.msg
[1.873s] -- Up-to-date symlink: /home/auro/AURO-Revised/install/auro_interfaces/share/auro_interfaces/action/Move.action
[1.874s] -- Up-to-date symlink: /home/auro/AURO-Revised/install/auro_interfaces/share/auro_interfaces/srv/CheckGoal.srv
[1.874s] -- Up-to-date symlink: /home/auro/AURO-Revised/install/auro_interfaces/share/auro_interfaces/srv/CheckGoal_Request.msg
[1.875s] -- Up-to-date symlink: /home/auro/AURO-Revised/install/auro_interfaces/share/auro_interfaces/srv/CheckGoal_Response.msg
[1.875s] -- Up-to-date symlink: /home/auro/AURO-Revised/install/auro_interfaces/share/auro_interfaces/srv/Rotate.srv
[1.876s] -- Up-to-date symlink: /home/auro/AURO-Revised/install/auro_interfaces/share/auro_interfaces/srv/Rotate_Request.msg
[1.876s] -- Up-to-date symlink: /home/auro/AURO-Revised/install/auro_interfaces/share/auro_interfaces/srv/Rotate_Response.msg
[1.877s] -- Up-to-date symlink: /home/auro/AURO-Revised/install/auro_interfaces/share/auro_interfaces/srv/Task.srv
[1.877s] -- Up-to-date symlink: /home/auro/AURO-Revised/install/auro_interfaces/share/auro_interfaces/srv/Task_Request.msg
[1.877s] -- Up-to-date symlink: /home/auro/AURO-Revised/install/auro_interfaces/share/auro_interfaces/srv/Task_Response.msg
[1.878s] -- Up-to-date symlink: /home/auro/AURO-Revised/install/auro_interfaces/share/auro_interfaces/srv/FindTarget.srv
[1.878s] -- Up-to-date symlink: /home/auro/AURO-Revised/install/auro_interfaces/share/auro_interfaces/srv/FindTarget_Request.msg
[1.878s] -- Up-to-date symlink: /home/auro/AURO-Revised/install/auro_interfaces/share/auro_interfaces/srv/FindTarget_Response.msg
[1.879s] -- Up-to-date symlink: /home/auro/AURO-Revised/install/auro_interfaces/share/ament_index/resource_index/package_run_dependencies/auro_interfaces
[1.880s] -- Up-to-date symlink: /home/auro/AURO-Revised/install/auro_interfaces/share/ament_index/resource_index/parent_prefix_path/auro_interfaces
[1.880s] -- Up-to-date symlink: /home/auro/AURO-Revised/install/auro_interfaces/share/auro_interfaces/environment/ament_prefix_path.sh
[1.880s] -- Up-to-date symlink: /home/auro/AURO-Revised/install/auro_interfaces/share/auro_interfaces/environment/ament_prefix_path.dsv
[1.880s] -- Up-to-date symlink: /home/auro/AURO-Revised/install/auro_interfaces/share/auro_interfaces/environment/path.sh
[1.881s] -- Up-to-date symlink: /home/auro/AURO-Revised/install/auro_interfaces/share/auro_interfaces/environment/path.dsv
[1.881s] -- Up-to-date symlink: /home/auro/AURO-Revised/install/auro_interfaces/share/auro_interfaces/local_setup.bash
[1.881s] -- Up-to-date symlink: /home/auro/AURO-Revised/install/auro_interfaces/share/auro_interfaces/local_setup.sh
[1.882s] -- Up-to-date symlink: /home/auro/AURO-Revised/install/auro_interfaces/share/auro_interfaces/local_setup.zsh
[1.882s] -- Up-to-date symlink: /home/auro/AURO-Revised/install/auro_interfaces/share/auro_interfaces/local_setup.dsv
[1.882s] -- Symlinking: /home/auro/AURO-Revised/install/auro_interfaces/share/auro_interfaces/package.dsv
[1.900s] -- Up-to-date symlink: /home/auro/AURO-Revised/install/auro_interfaces/share/ament_index/resource_index/packages/auro_interfaces
[1.901s] -- Up-to-date symlink: /home/auro/AURO-Revised/install/auro_interfaces/share/auro_interfaces/cmake/rosidl_cmake-extras.cmake
[1.901s] -- Up-to-date symlink: /home/auro/AURO-Revised/install/auro_interfaces/share/auro_interfaces/cmake/ament_cmake_export_dependencies-extras.cmake
[1.901s] -- Up-to-date symlink: /home/auro/AURO-Revised/install/auro_interfaces/share/auro_interfaces/cmake/ament_cmake_export_include_directories-extras.cmake
[1.902s] -- Up-to-date symlink: /home/auro/AURO-Revised/install/auro_interfaces/share/auro_interfaces/cmake/ament_cmake_export_libraries-extras.cmake
[1.902s] -- Up-to-date symlink: /home/auro/AURO-Revised/install/auro_interfaces/share/auro_interfaces/cmake/ament_cmake_export_targets-extras.cmake
[1.903s] -- Up-to-date symlink: /home/auro/AURO-Revised/install/auro_interfaces/share/auro_interfaces/cmake/rosidl_cmake_export_typesupport_targets-extras.cmake
[1.903s] -- Up-to-date symlink: /home/auro/AURO-Revised/install/auro_interfaces/share/auro_interfaces/cmake/rosidl_cmake_export_typesupport_libraries-extras.cmake
[1.903s] -- Up-to-date symlink: /home/auro/AURO-Revised/install/auro_interfaces/share/auro_interfaces/cmake/auro_interfacesConfig.cmake
[1.904s] -- Up-to-date symlink: /home/auro/AURO-Revised/install/auro_interfaces/share/auro_interfaces/cmake/auro_interfacesConfig-version.cmake
[1.904s] -- Up-to-date symlink: /home/auro/AURO-Revised/install/auro_interfaces/share/auro_interfaces/package.xml
[1.905s] -- Up-to-date: /home/auro/AURO-Revised/install/auro_interfaces/lib/libauro_interfaces__rosidl_generator_c.so
[1.906s] -- Up-to-date: /home/auro/AURO-Revised/install/auro_interfaces/lib/libauro_interfaces__rosidl_typesupport_fastrtps_c.so
[1.906s] -- Up-to-date: /home/auro/AURO-Revised/install/auro_interfaces/lib/libauro_interfaces__rosidl_typesupport_fastrtps_cpp.so
[1.906s] -- Up-to-date: /home/auro/AURO-Revised/install/auro_interfaces/lib/libauro_interfaces__rosidl_typesupport_introspection_c.so
[1.907s] -- Up-to-date: /home/auro/AURO-Revised/install/auro_interfaces/lib/libauro_interfaces__rosidl_typesupport_c.so
[1.909s] -- Up-to-date: /home/auro/AURO-Revised/install/auro_interfaces/lib/libauro_interfaces__rosidl_typesupport_introspection_cpp.so
[1.909s] -- Up-to-date: /home/auro/AURO-Revised/install/auro_interfaces/lib/libauro_interfaces__rosidl_typesupport_cpp.so
[1.967s] Listing '/home/auro/AURO-Revised/install/auro_interfaces/local/lib/python3.10/dist-packages/auro_interfaces'...
[1.967s] Listing '/home/auro/AURO-Revised/install/auro_interfaces/local/lib/python3.10/dist-packages/auro_interfaces/action'...
[1.967s] Listing '/home/auro/AURO-Revised/install/auro_interfaces/local/lib/python3.10/dist-packages/auro_interfaces/msg'...
[1.967s] Listing '/home/auro/AURO-Revised/install/auro_interfaces/local/lib/python3.10/dist-packages/auro_interfaces/srv'...
[1.974s] -- Up-to-date: /home/auro/AURO-Revised/install/auro_interfaces/lib/libauro_interfaces__rosidl_generator_py.so
[1.976s] -- Up-to-date: /home/auro/AURO-Revised/install/auro_interfaces/share/auro_interfaces/cmake/export_auro_interfaces__rosidl_generator_cExport.cmake
[1.976s] -- Up-to-date: /home/auro/AURO-Revised/install/auro_interfaces/share/auro_interfaces/cmake/export_auro_interfaces__rosidl_generator_cExport-noconfig.cmake
[1.976s] -- Up-to-date: /home/auro/AURO-Revised/install/auro_interfaces/share/auro_interfaces/cmake/export_auro_interfaces__rosidl_typesupport_fastrtps_cExport.cmake
[1.976s] -- Up-to-date: /home/auro/AURO-Revised/install/auro_interfaces/share/auro_interfaces/cmake/export_auro_interfaces__rosidl_typesupport_fastrtps_cExport-noconfig.cmake
[1.976s] -- Up-to-date: /home/auro/AURO-Revised/install/auro_interfaces/share/auro_interfaces/cmake/export_auro_interfaces__rosidl_generator_cppExport.cmake
[1.976s] -- Up-to-date: /home/auro/AURO-Revised/install/auro_interfaces/share/auro_interfaces/cmake/export_auro_interfaces__rosidl_typesupport_fastrtps_cppExport.cmake
[1.976s] -- Up-to-date: /home/auro/AURO-Revised/install/auro_interfaces/share/auro_interfaces/cmake/export_auro_interfaces__rosidl_typesupport_fastrtps_cppExport-noconfig.cmake
[1.977s] -- Up-to-date: /home/auro/AURO-Revised/install/auro_interfaces/share/auro_interfaces/cmake/auro_interfaces__rosidl_typesupport_introspection_cExport.cmake
[1.977s] -- Up-to-date: /home/auro/AURO-Revised/install/auro_interfaces/share/auro_interfaces/cmake/auro_interfaces__rosidl_typesupport_introspection_cExport-noconfig.cmake
[1.977s] -- Up-to-date: /home/auro/AURO-Revised/install/auro_interfaces/share/auro_interfaces/cmake/auro_interfaces__rosidl_typesupport_cExport.cmake
[1.977s] -- Up-to-date: /home/auro/AURO-Revised/install/auro_interfaces/share/auro_interfaces/cmake/auro_interfaces__rosidl_typesupport_cExport-noconfig.cmake
[1.977s] -- Up-to-date: /home/auro/AURO-Revised/install/auro_interfaces/share/auro_interfaces/cmake/auro_interfaces__rosidl_typesupport_introspection_cppExport.cmake
[1.977s] -- Up-to-date: /home/auro/AURO-Revised/install/auro_interfaces/share/auro_interfaces/cmake/auro_interfaces__rosidl_typesupport_introspection_cppExport-noconfig.cmake
[1.977s] -- Up-to-date: /home/auro/AURO-Revised/install/auro_interfaces/share/auro_interfaces/cmake/auro_interfaces__rosidl_typesupport_cppExport.cmake
[1.977s] -- Up-to-date: /home/auro/AURO-Revised/install/auro_interfaces/share/auro_interfaces/cmake/auro_interfaces__rosidl_typesupport_cppExport-noconfig.cmake
[1.978s] -- Up-to-date: /home/auro/AURO-Revised/install/auro_interfaces/share/auro_interfaces/cmake/export_auro_interfaces__rosidl_generator_pyExport.cmake
[1.978s] -- Up-to-date: /home/auro/AURO-Revised/install/auro_interfaces/share/auro_interfaces/cmake/export_auro_interfaces__rosidl_generator_pyExport-noconfig.cmake
[1.980s] Invoked command in '/home/auro/AURO-Revised/build/auro_interfaces' returned '0': CMAKE_PREFIX_PATH=${CMAKE_PREFIX_PATH}:/home/auro/AURO-Revised/install/tf_relay:/home/auro/AURO-Revised/install/solution:/home/auro/AURO-Revised/install/assessment:/home/auro/turtlebot3_ws/install/turtlebot3_teleop:/home/auro/turtlebot3_ws/install/turtlebot3_example:/opt/ros/humble /usr/bin/cmake --install /home/auro/AURO-Revised/build/auro_interfaces
