[0.964s] Invoking command in '/home/auro/AURO-Revised/build/assessment': LD_LIBRARY_PATH=/home/auro/AURO-Revised/install/auro_interfaces/lib:/home/auro/AURO-Revised/install/assessment_interfaces/lib:/home/auro/turtlebot3_ws/install/turtlebot3_msgs/lib:/home/auro/turtlebot3_ws/install/dynamixel_sdk_custom_interfaces/lib:/home/auro/turtlebot3_ws/install/dynamixel_sdk/lib:/usr/lib/x86_64-linux-gnu/gazebo-11/plugins:/opt/ros/humble/opt/rviz_ogre_vendor/lib:/opt/ros/humble/lib/x86_64-linux-gnu:/opt/ros/humble/lib:/usr/lib/x86_64-linux-gnu/gazebo-11/plugins PYTHONPATH=/home/auro/AURO-Revised/build/assessment/prefix_override:/usr/lib/python3/dist-packages/colcon_core/task/python/colcon_distutils_commands:/home/auro/AURO-Revised/install/assessment/lib/python3.10/site-packages:${PYTHONPATH} /usr/bin/python3 -W ignore:setup.py install is deprecated setup.py develop --editable --build-directory /home/auro/AURO-Revised/build/assessment/build --no-deps symlink_data
[1.335s] running develop
[1.562s] running egg_info
[1.563s] writing assessment.egg-info/PKG-INFO
[1.563s] writing dependency_links to assessment.egg-info/dependency_links.txt
[1.564s] writing entry points to assessment.egg-info/entry_points.txt
[1.564s] writing requirements to assessment.egg-info/requires.txt
[1.564s] writing top-level names to assessment.egg-info/top_level.txt
[1.568s] reading manifest file 'assessment.egg-info/SOURCES.txt'
[1.575s] writing manifest file 'assessment.egg-info/SOURCES.txt'
[1.575s] running build_ext
[1.575s] Creating /home/auro/AURO-Revised/install/assessment/lib/python3.10/site-packages/assessment.egg-link (link to .)
[1.575s] Installing item_manager script to /home/auro/AURO-Revised/install/assessment/lib/assessment
[1.575s] Installing item_sensor script to /home/auro/AURO-Revised/install/assessment/lib/assessment
[1.575s] Installing robot_sensor script to /home/auro/AURO-Revised/install/assessment/lib/assessment
[1.575s] Installing zone_sensor script to /home/auro/AURO-Revised/install/assessment/lib/assessment
[1.576s] 
[1.576s] Installed /home/auro/AURO-Revised/build/assessment
[1.576s] running symlink_data
[1.626s] Invoked command in '/home/auro/AURO-Revised/build/assessment' returned '0': LD_LIBRARY_PATH=/home/auro/AURO-Revised/install/auro_interfaces/lib:/home/auro/AURO-Revised/install/assessment_interfaces/lib:/home/auro/turtlebot3_ws/install/turtlebot3_msgs/lib:/home/auro/turtlebot3_ws/install/dynamixel_sdk_custom_interfaces/lib:/home/auro/turtlebot3_ws/install/dynamixel_sdk/lib:/usr/lib/x86_64-linux-gnu/gazebo-11/plugins:/opt/ros/humble/opt/rviz_ogre_vendor/lib:/opt/ros/humble/lib/x86_64-linux-gnu:/opt/ros/humble/lib:/usr/lib/x86_64-linux-gnu/gazebo-11/plugins PYTHONPATH=/home/auro/AURO-Revised/build/assessment/prefix_override:/usr/lib/python3/dist-packages/colcon_core/task/python/colcon_distutils_commands:/home/auro/AURO-Revised/install/assessment/lib/python3.10/site-packages:${PYTHONPATH} /usr/bin/python3 -W ignore:setup.py install is deprecated setup.py develop --editable --build-directory /home/auro/AURO-Revised/build/assessment/build --no-deps symlink_data
