[1.756s] Invoking command in '/home/auro/Auro/build/solution': PYTHONPATH=/home/auro/Auro/build/solution/prefix_override:/usr/lib/python3/dist-packages/colcon_core/task/python/colcon_distutils_commands:/home/auro/Auro/install/solution/lib/python3.10/site-packages:${PYTHONPATH} /usr/bin/python3 -W ignore:setup.py install is deprecated setup.py develop --editable --build-directory /home/auro/Auro/build/solution/build --no-deps symlink_data
[2.306s] running develop
[2.649s] running egg_info
[2.650s] writing solution.egg-info/PKG-INFO
[2.650s] writing dependency_links to solution.egg-info/dependency_links.txt
[2.651s] writing entry points to solution.egg-info/entry_points.txt
[2.651s] writing requirements to solution.egg-info/requires.txt
[2.651s] writing top-level names to solution.egg-info/top_level.txt
[2.655s] reading manifest file 'solution.egg-info/SOURCES.txt'
[2.659s] writing manifest file 'solution.egg-info/SOURCES.txt'
[2.663s] running build_ext
[2.664s] Creating /home/auro/Auro/install/solution/lib/python3.10/site-packages/solution.egg-link (link to .)
[2.667s] Installing collision_avoidance script to /home/auro/Auro/install/solution/lib/solution
[2.667s] Installing data_logger script to /home/auro/Auro/install/solution/lib/solution
[2.668s] Installing robot_controller script to /home/auro/Auro/install/solution/lib/solution
[2.669s] Installing robot_manager script to /home/auro/Auro/install/solution/lib/solution
[2.669s] Installing robot_vision script to /home/auro/Auro/install/solution/lib/solution
[2.670s] Installing route_planner script to /home/auro/Auro/install/solution/lib/solution
[2.670s] 
[2.670s] Installed /home/auro/Auro/build/solution
[2.670s] running symlink_data
[2.736s] Invoked command in '/home/auro/Auro/build/solution' returned '0': PYTHONPATH=/home/auro/Auro/build/solution/prefix_override:/usr/lib/python3/dist-packages/colcon_core/task/python/colcon_distutils_commands:/home/auro/Auro/install/solution/lib/python3.10/site-packages:${PYTHONPATH} /usr/bin/python3 -W ignore:setup.py install is deprecated setup.py develop --editable --build-directory /home/auro/Auro/build/solution/build --no-deps symlink_data
