[0.320s] DEBUG:colcon:Command line arguments: ['/usr/bin/colcon', 'build', '--symlink-install']
[0.321s] DEBUG:colcon:Parsed command line arguments: Namespace(log_base=None, log_level=None, verb_name='build', build_base='build', install_base='install', merge_install=False, symlink_install=True, test_result_base=None, continue_on_error=False, executor='parallel', parallel_workers=4, event_handlers=None, ignore_user_meta=False, metas=['./colcon.meta'], base_paths=['.'], packages_ignore=None, packages_ignore_regex=None, paths=None, packages_up_to=None, packages_up_to_regex=None, packages_above=None, packages_above_and_dependencies=None, packages_above_depth=None, packages_select_by_dep=None, packages_skip_by_dep=None, packages_skip_up_to=None, packages_select_build_failed=False, packages_skip_build_finished=False, packages_select_test_failures=False, packages_skip_test_passed=False, packages_select=None, packages_skip=None, packages_select_regex=None, packages_skip_regex=None, packages_start=None, packages_end=None, allow_overriding=[], cmake_args=None, cmake_target=None, cmake_target_skip_unavailable=False, cmake_clean_cache=False, cmake_clean_first=False, cmake_force_configure=False, ament_cmake_args=None, catkin_cmake_args=None, catkin_skip_building_tests=False, mixin_files=None, mixin=None, verb_parser=<colcon_mixin.mixin.mixin_argument.MixinArgumentDecorator object at 0x733a79dac0d0>, verb_extension=<colcon_core.verb.build.BuildVerb object at 0x733a79d0ab30>, main=<bound method BuildVerb.main of <colcon_core.verb.build.BuildVerb object at 0x733a79d0ab30>>, mixin_verb=('build',))
[0.741s] Level 1:colcon.colcon_core.package_discovery:discover_packages(colcon_meta) check parameters
[0.741s] Level 1:colcon.colcon_core.package_discovery:discover_packages(recursive) check parameters
[0.741s] Level 1:colcon.colcon_core.package_discovery:discover_packages(ignore) check parameters
[0.741s] Level 1:colcon.colcon_core.package_discovery:discover_packages(path) check parameters
[0.741s] Level 1:colcon.colcon_core.package_discovery:discover_packages(colcon_meta) discover
[0.741s] Level 1:colcon.colcon_core.package_discovery:discover_packages(recursive) discover
[0.742s] INFO:colcon.colcon_core.package_discovery:Crawling recursively for packages in '/home/auro/Auro_Revised'
[0.742s] Level 1:colcon.colcon_core.package_identification:_identify(.) by extensions ['ignore', 'ignore_ament_install']
[0.742s] Level 1:colcon.colcon_core.package_identification:_identify(.) by extension 'ignore'
[0.742s] Level 1:colcon.colcon_core.package_identification:_identify(.) by extension 'ignore_ament_install'
[0.742s] Level 1:colcon.colcon_core.package_identification:_identify(.) by extensions ['colcon_pkg']
[0.742s] Level 1:colcon.colcon_core.package_identification:_identify(.) by extension 'colcon_pkg'
[0.742s] Level 1:colcon.colcon_core.package_identification:_identify(.) by extensions ['colcon_meta']
[0.742s] Level 1:colcon.colcon_core.package_identification:_identify(.) by extension 'colcon_meta'
[0.742s] Level 1:colcon.colcon_core.package_identification:_identify(.) by extensions ['ros']
[0.742s] Level 1:colcon.colcon_core.package_identification:_identify(.) by extension 'ros'
[0.793s] Level 1:colcon.colcon_core.package_identification:_identify(.) by extensions ['cmake', 'python']
[0.793s] Level 1:colcon.colcon_core.package_identification:_identify(.) by extension 'cmake'
[0.793s] Level 1:colcon.colcon_core.package_identification:_identify(.) by extension 'python'
[0.794s] Level 1:colcon.colcon_core.package_identification:_identify(.) by extensions ['python_setup_py']
[0.794s] Level 1:colcon.colcon_core.package_identification:_identify(.) by extension 'python_setup_py'
[0.794s] Level 1:colcon.colcon_core.package_identification:_identify(assessment) by extensions ['ignore', 'ignore_ament_install']
[0.794s] Level 1:colcon.colcon_core.package_identification:_identify(assessment) by extension 'ignore'
[0.794s] Level 1:colcon.colcon_core.package_identification:_identify(assessment) by extension 'ignore_ament_install'
[0.794s] Level 1:colcon.colcon_core.package_identification:_identify(assessment) by extensions ['colcon_pkg']
[0.795s] Level 1:colcon.colcon_core.package_identification:_identify(assessment) by extension 'colcon_pkg'
[0.795s] Level 1:colcon.colcon_core.package_identification:_identify(assessment) by extensions ['colcon_meta']
[0.795s] Level 1:colcon.colcon_core.package_identification:_identify(assessment) by extension 'colcon_meta'
[0.795s] Level 1:colcon.colcon_core.package_identification:_identify(assessment) by extensions ['ros']
[0.795s] Level 1:colcon.colcon_core.package_identification:_identify(assessment) by extension 'ros'
[0.800s] DEBUG:colcon.colcon_core.package_identification:Package 'assessment' with type 'ros.ament_python' and name 'assessment'
[0.802s] Level 1:colcon.colcon_core.package_identification:_identify(assessment_interfaces) by extensions ['ignore', 'ignore_ament_install']
[0.802s] Level 1:colcon.colcon_core.package_identification:_identify(assessment_interfaces) by extension 'ignore'
[0.802s] Level 1:colcon.colcon_core.package_identification:_identify(assessment_interfaces) by extension 'ignore_ament_install'
[0.803s] Level 1:colcon.colcon_core.package_identification:_identify(assessment_interfaces) by extensions ['colcon_pkg']
[0.803s] Level 1:colcon.colcon_core.package_identification:_identify(assessment_interfaces) by extension 'colcon_pkg'
[0.803s] Level 1:colcon.colcon_core.package_identification:_identify(assessment_interfaces) by extensions ['colcon_meta']
[0.803s] Level 1:colcon.colcon_core.package_identification:_identify(assessment_interfaces) by extension 'colcon_meta'
[0.803s] Level 1:colcon.colcon_core.package_identification:_identify(assessment_interfaces) by extensions ['ros']
[0.803s] Level 1:colcon.colcon_core.package_identification:_identify(assessment_interfaces) by extension 'ros'
[0.804s] DEBUG:colcon.colcon_core.package_identification:Package 'assessment_interfaces' with type 'ros.ament_cmake' and name 'assessment_interfaces'
[0.805s] Level 1:colcon.colcon_core.package_identification:_identify(auro_interfaces) by extensions ['ignore', 'ignore_ament_install']
[0.805s] Level 1:colcon.colcon_core.package_identification:_identify(auro_interfaces) by extension 'ignore'
[0.805s] Level 1:colcon.colcon_core.package_identification:_identify(auro_interfaces) by extension 'ignore_ament_install'
[0.805s] Level 1:colcon.colcon_core.package_identification:_identify(auro_interfaces) by extensions ['colcon_pkg']
[0.805s] Level 1:colcon.colcon_core.package_identification:_identify(auro_interfaces) by extension 'colcon_pkg'
[0.805s] Level 1:colcon.colcon_core.package_identification:_identify(auro_interfaces) by extensions ['colcon_meta']
[0.805s] Level 1:colcon.colcon_core.package_identification:_identify(auro_interfaces) by extension 'colcon_meta'
[0.805s] Level 1:colcon.colcon_core.package_identification:_identify(auro_interfaces) by extensions ['ros']
[0.805s] Level 1:colcon.colcon_core.package_identification:_identify(auro_interfaces) by extension 'ros'
[0.807s] DEBUG:colcon.colcon_core.package_identification:Package 'auro_interfaces' with type 'ros.ament_cmake' and name 'auro_interfaces'
[0.807s] Level 1:colcon.colcon_core.package_identification:_identify(build) by extensions ['ignore', 'ignore_ament_install']
[0.807s] Level 1:colcon.colcon_core.package_identification:_identify(build) by extension 'ignore'
[0.807s] Level 1:colcon.colcon_core.package_identification:_identify(build) ignored
[0.808s] Level 1:colcon.colcon_core.package_identification:_identify(install) by extensions ['ignore', 'ignore_ament_install']
[0.808s] Level 1:colcon.colcon_core.package_identification:_identify(install) by extension 'ignore'
[0.808s] Level 1:colcon.colcon_core.package_identification:_identify(install) ignored
[0.808s] Level 1:colcon.colcon_core.package_identification:_identify(log) by extensions ['ignore', 'ignore_ament_install']
[0.808s] Level 1:colcon.colcon_core.package_identification:_identify(log) by extension 'ignore'
[0.808s] Level 1:colcon.colcon_core.package_identification:_identify(log) ignored
[0.808s] Level 1:colcon.colcon_core.package_identification:_identify(solution) by extensions ['ignore', 'ignore_ament_install']
[0.809s] Level 1:colcon.colcon_core.package_identification:_identify(solution) by extension 'ignore'
[0.809s] Level 1:colcon.colcon_core.package_identification:_identify(solution) by extension 'ignore_ament_install'
[0.809s] Level 1:colcon.colcon_core.package_identification:_identify(solution) by extensions ['colcon_pkg']
[0.809s] Level 1:colcon.colcon_core.package_identification:_identify(solution) by extension 'colcon_pkg'
[0.809s] Level 1:colcon.colcon_core.package_identification:_identify(solution) by extensions ['colcon_meta']
[0.809s] Level 1:colcon.colcon_core.package_identification:_identify(solution) by extension 'colcon_meta'
[0.809s] Level 1:colcon.colcon_core.package_identification:_identify(solution) by extensions ['ros']
[0.809s] Level 1:colcon.colcon_core.package_identification:_identify(solution) by extension 'ros'
[0.810s] DEBUG:colcon.colcon_core.package_identification:Package 'solution' with type 'ros.ament_python' and name 'solution'
[0.811s] Level 1:colcon.colcon_core.package_identification:_identify(tf_relay) by extensions ['ignore', 'ignore_ament_install']
[0.811s] Level 1:colcon.colcon_core.package_identification:_identify(tf_relay) by extension 'ignore'
[0.811s] Level 1:colcon.colcon_core.package_identification:_identify(tf_relay) by extension 'ignore_ament_install'
[0.811s] Level 1:colcon.colcon_core.package_identification:_identify(tf_relay) by extensions ['colcon_pkg']
[0.811s] Level 1:colcon.colcon_core.package_identification:_identify(tf_relay) by extension 'colcon_pkg'
[0.811s] Level 1:colcon.colcon_core.package_identification:_identify(tf_relay) by extensions ['colcon_meta']
[0.811s] Level 1:colcon.colcon_core.package_identification:_identify(tf_relay) by extension 'colcon_meta'
[0.811s] Level 1:colcon.colcon_core.package_identification:_identify(tf_relay) by extensions ['ros']
[0.812s] Level 1:colcon.colcon_core.package_identification:_identify(tf_relay) by extension 'ros'
[0.813s] DEBUG:colcon.colcon_core.package_identification:Package 'tf_relay' with type 'ros.ament_python' and name 'tf_relay'
[0.814s] Level 1:colcon.colcon_core.package_discovery:discover_packages(recursive) using defaults
[0.814s] Level 1:colcon.colcon_core.package_discovery:discover_packages(ignore) discover
[0.814s] Level 1:colcon.colcon_core.package_discovery:discover_packages(ignore) using defaults
[0.814s] Level 1:colcon.colcon_core.package_discovery:discover_packages(path) discover
[0.814s] Level 1:colcon.colcon_core.package_discovery:discover_packages(path) using defaults
[0.865s] Level 1:colcon.colcon_core.package_discovery:discover_packages(prefix_path) check parameters
[0.865s] Level 1:colcon.colcon_core.package_discovery:discover_packages(prefix_path) discover
[0.871s] DEBUG:colcon.colcon_installed_package_information.package_discovery:Found 5 installed packages in /home/auro/Auro_Revised/install
[0.872s] DEBUG:colcon.colcon_installed_package_information.package_discovery:Found 15 installed packages in /home/auro/turtlebot3_ws/install
[0.877s] DEBUG:colcon.colcon_installed_package_information.package_discovery:Found 398 installed packages in /opt/ros/humble
[0.882s] Level 1:colcon.colcon_core.package_discovery:discover_packages(prefix_path) using defaults
[1.004s] Level 5:colcon.colcon_core.verb:set package 'assessment_interfaces' build argument 'cmake_args' from command line to 'None'
[1.004s] Level 5:colcon.colcon_core.verb:set package 'assessment_interfaces' build argument 'cmake_target' from command line to 'None'
[1.004s] Level 5:colcon.colcon_core.verb:set package 'assessment_interfaces' build argument 'cmake_target_skip_unavailable' from command line to 'False'
[1.004s] Level 5:colcon.colcon_core.verb:set package 'assessment_interfaces' build argument 'cmake_clean_cache' from command line to 'False'
[1.004s] Level 5:colcon.colcon_core.verb:set package 'assessment_interfaces' build argument 'cmake_clean_first' from command line to 'False'
[1.004s] Level 5:colcon.colcon_core.verb:set package 'assessment_interfaces' build argument 'cmake_force_configure' from command line to 'False'
[1.004s] Level 5:colcon.colcon_core.verb:set package 'assessment_interfaces' build argument 'ament_cmake_args' from command line to 'None'
[1.004s] Level 5:colcon.colcon_core.verb:set package 'assessment_interfaces' build argument 'catkin_cmake_args' from command line to 'None'
[1.004s] Level 5:colcon.colcon_core.verb:set package 'assessment_interfaces' build argument 'catkin_skip_building_tests' from command line to 'False'
[1.005s] DEBUG:colcon.colcon_core.verb:Building package 'assessment_interfaces' with the following arguments: {'ament_cmake_args': None, 'build_base': '/home/auro/Auro_Revised/build/assessment_interfaces', 'catkin_cmake_args': None, 'catkin_skip_building_tests': False, 'cmake_args': None, 'cmake_clean_cache': False, 'cmake_clean_first': False, 'cmake_force_configure': False, 'cmake_target': None, 'cmake_target_skip_unavailable': False, 'install_base': '/home/auro/Auro_Revised/install/assessment_interfaces', 'merge_install': False, 'path': '/home/auro/Auro_Revised/assessment_interfaces', 'symlink_install': True, 'test_result_base': None}
[1.005s] Level 5:colcon.colcon_core.verb:set package 'auro_interfaces' build argument 'cmake_args' from command line to 'None'
[1.006s] Level 5:colcon.colcon_core.verb:set package 'auro_interfaces' build argument 'cmake_target' from command line to 'None'
[1.006s] Level 5:colcon.colcon_core.verb:set package 'auro_interfaces' build argument 'cmake_target_skip_unavailable' from command line to 'False'
[1.006s] Level 5:colcon.colcon_core.verb:set package 'auro_interfaces' build argument 'cmake_clean_cache' from command line to 'False'
[1.006s] Level 5:colcon.colcon_core.verb:set package 'auro_interfaces' build argument 'cmake_clean_first' from command line to 'False'
[1.006s] Level 5:colcon.colcon_core.verb:set package 'auro_interfaces' build argument 'cmake_force_configure' from command line to 'False'
[1.006s] Level 5:colcon.colcon_core.verb:set package 'auro_interfaces' build argument 'ament_cmake_args' from command line to 'None'
[1.006s] Level 5:colcon.colcon_core.verb:set package 'auro_interfaces' build argument 'catkin_cmake_args' from command line to 'None'
[1.006s] Level 5:colcon.colcon_core.verb:set package 'auro_interfaces' build argument 'catkin_skip_building_tests' from command line to 'False'
[1.006s] DEBUG:colcon.colcon_core.verb:Building package 'auro_interfaces' with the following arguments: {'ament_cmake_args': None, 'build_base': '/home/auro/Auro_Revised/build/auro_interfaces', 'catkin_cmake_args': None, 'catkin_skip_building_tests': False, 'cmake_args': None, 'cmake_clean_cache': False, 'cmake_clean_first': False, 'cmake_force_configure': False, 'cmake_target': None, 'cmake_target_skip_unavailable': False, 'install_base': '/home/auro/Auro_Revised/install/auro_interfaces', 'merge_install': False, 'path': '/home/auro/Auro_Revised/auro_interfaces', 'symlink_install': True, 'test_result_base': None}
[1.007s] Level 5:colcon.colcon_core.verb:set package 'solution' build argument 'cmake_args' from command line to 'None'
[1.007s] Level 5:colcon.colcon_core.verb:set package 'solution' build argument 'cmake_target' from command line to 'None'
[1.007s] Level 5:colcon.colcon_core.verb:set package 'solution' build argument 'cmake_target_skip_unavailable' from command line to 'False'
[1.007s] Level 5:colcon.colcon_core.verb:set package 'solution' build argument 'cmake_clean_cache' from command line to 'False'
[1.007s] Level 5:colcon.colcon_core.verb:set package 'solution' build argument 'cmake_clean_first' from command line to 'False'
[1.007s] Level 5:colcon.colcon_core.verb:set package 'solution' build argument 'cmake_force_configure' from command line to 'False'
[1.007s] Level 5:colcon.colcon_core.verb:set package 'solution' build argument 'ament_cmake_args' from command line to 'None'
[1.007s] Level 5:colcon.colcon_core.verb:set package 'solution' build argument 'catkin_cmake_args' from command line to 'None'
[1.007s] Level 5:colcon.colcon_core.verb:set package 'solution' build argument 'catkin_skip_building_tests' from command line to 'False'
[1.007s] DEBUG:colcon.colcon_core.verb:Building package 'solution' with the following arguments: {'ament_cmake_args': None, 'build_base': '/home/auro/Auro_Revised/build/solution', 'catkin_cmake_args': None, 'catkin_skip_building_tests': False, 'cmake_args': None, 'cmake_clean_cache': False, 'cmake_clean_first': False, 'cmake_force_configure': False, 'cmake_target': None, 'cmake_target_skip_unavailable': False, 'install_base': '/home/auro/Auro_Revised/install/solution', 'merge_install': False, 'path': '/home/auro/Auro_Revised/solution', 'symlink_install': True, 'test_result_base': None}
[1.008s] Level 5:colcon.colcon_core.verb:set package 'tf_relay' build argument 'cmake_args' from command line to 'None'
[1.008s] Level 5:colcon.colcon_core.verb:set package 'tf_relay' build argument 'cmake_target' from command line to 'None'
[1.008s] Level 5:colcon.colcon_core.verb:set package 'tf_relay' build argument 'cmake_target_skip_unavailable' from command line to 'False'
[1.008s] Level 5:colcon.colcon_core.verb:set package 'tf_relay' build argument 'cmake_clean_cache' from command line to 'False'
[1.008s] Level 5:colcon.colcon_core.verb:set package 'tf_relay' build argument 'cmake_clean_first' from command line to 'False'
[1.008s] Level 5:colcon.colcon_core.verb:set package 'tf_relay' build argument 'cmake_force_configure' from command line to 'False'
[1.008s] Level 5:colcon.colcon_core.verb:set package 'tf_relay' build argument 'ament_cmake_args' from command line to 'None'
[1.008s] Level 5:colcon.colcon_core.verb:set package 'tf_relay' build argument 'catkin_cmake_args' from command line to 'None'
[1.008s] Level 5:colcon.colcon_core.verb:set package 'tf_relay' build argument 'catkin_skip_building_tests' from command line to 'False'
[1.008s] DEBUG:colcon.colcon_core.verb:Building package 'tf_relay' with the following arguments: {'ament_cmake_args': None, 'build_base': '/home/auro/Auro_Revised/build/tf_relay', 'catkin_cmake_args': None, 'catkin_skip_building_tests': False, 'cmake_args': None, 'cmake_clean_cache': False, 'cmake_clean_first': False, 'cmake_force_configure': False, 'cmake_target': None, 'cmake_target_skip_unavailable': False, 'install_base': '/home/auro/Auro_Revised/install/tf_relay', 'merge_install': False, 'path': '/home/auro/Auro_Revised/tf_relay', 'symlink_install': True, 'test_result_base': None}
[1.009s] Level 5:colcon.colcon_core.verb:set package 'assessment' build argument 'cmake_args' from command line to 'None'
[1.009s] Level 5:colcon.colcon_core.verb:set package 'assessment' build argument 'cmake_target' from command line to 'None'
[1.010s] Level 5:colcon.colcon_core.verb:set package 'assessment' build argument 'cmake_target_skip_unavailable' from command line to 'False'
[1.010s] Level 5:colcon.colcon_core.verb:set package 'assessment' build argument 'cmake_clean_cache' from command line to 'False'
[1.010s] Level 5:colcon.colcon_core.verb:set package 'assessment' build argument 'cmake_clean_first' from command line to 'False'
[1.010s] Level 5:colcon.colcon_core.verb:set package 'assessment' build argument 'cmake_force_configure' from command line to 'False'
[1.010s] Level 5:colcon.colcon_core.verb:set package 'assessment' build argument 'ament_cmake_args' from command line to 'None'
[1.010s] Level 5:colcon.colcon_core.verb:set package 'assessment' build argument 'catkin_cmake_args' from command line to 'None'
[1.010s] Level 5:colcon.colcon_core.verb:set package 'assessment' build argument 'catkin_skip_building_tests' from command line to 'False'
[1.010s] DEBUG:colcon.colcon_core.verb:Building package 'assessment' with the following arguments: {'ament_cmake_args': None, 'build_base': '/home/auro/Auro_Revised/build/assessment', 'catkin_cmake_args': None, 'catkin_skip_building_tests': False, 'cmake_args': None, 'cmake_clean_cache': False, 'cmake_clean_first': False, 'cmake_force_configure': False, 'cmake_target': None, 'cmake_target_skip_unavailable': False, 'install_base': '/home/auro/Auro_Revised/install/assessment', 'merge_install': False, 'path': '/home/auro/Auro_Revised/assessment', 'symlink_install': True, 'test_result_base': None}
[1.010s] INFO:colcon.colcon_core.executor:Executing jobs using 'parallel' executor
[1.013s] DEBUG:colcon.colcon_parallel_executor.executor.parallel:run_until_complete
[1.014s] INFO:colcon.colcon_ros.task.ament_cmake.build:Building ROS package in '/home/auro/Auro_Revised/auro_interfaces' with build type 'ament_cmake'
[1.014s] INFO:colcon.colcon_cmake.task.cmake.build:Building CMake package in '/home/auro/Auro_Revised/auro_interfaces'
[1.019s] INFO:colcon.colcon_core.plugin_system:Skipping extension 'colcon_core.shell.bat': Not used on non-Windows systems
[1.019s] INFO:colcon.colcon_core.shell:Skip shell extension 'powershell' for command environment: Not usable outside of PowerShell
[1.019s] DEBUG:colcon.colcon_core.shell:Skip shell extension 'dsv' for command environment
[1.031s] INFO:colcon.colcon_ros.task.ament_cmake.build:Building ROS package in '/home/auro/Auro_Revised/assessment_interfaces' with build type 'ament_cmake'
[1.031s] INFO:colcon.colcon_cmake.task.cmake.build:Building CMake package in '/home/auro/Auro_Revised/assessment_interfaces'
[1.031s] INFO:colcon.colcon_core.shell:Skip shell extension 'powershell' for command environment: Not usable outside of PowerShell
[1.032s] DEBUG:colcon.colcon_core.shell:Skip shell extension 'dsv' for command environment
[1.043s] INFO:colcon.colcon_ros.task.ament_python.build:Building ROS package in '/home/auro/Auro_Revised/solution' with build type 'ament_python'
[1.043s] Level 1:colcon.colcon_core.shell:create_environment_hook('solution', 'ament_prefix_path')
[1.044s] INFO:colcon.colcon_core.shell:Creating environment hook '/home/auro/Auro_Revised/install/solution/share/solution/hook/ament_prefix_path.ps1'
[1.045s] INFO:colcon.colcon_core.shell:Creating environment descriptor '/home/auro/Auro_Revised/install/solution/share/solution/hook/ament_prefix_path.dsv'
[1.047s] INFO:colcon.colcon_core.shell:Creating environment hook '/home/auro/Auro_Revised/install/solution/share/solution/hook/ament_prefix_path.sh'
[1.049s] INFO:colcon.colcon_core.shell:Skip shell extension 'powershell' for command environment: Not usable outside of PowerShell
[1.049s] DEBUG:colcon.colcon_core.shell:Skip shell extension 'dsv' for command environment
[1.065s] INFO:colcon.colcon_ros.task.ament_python.build:Building ROS package in '/home/auro/Auro_Revised/tf_relay' with build type 'ament_python'
[1.065s] Level 1:colcon.colcon_core.shell:create_environment_hook('tf_relay', 'ament_prefix_path')
[1.067s] INFO:colcon.colcon_core.shell:Creating environment hook '/home/auro/Auro_Revised/install/tf_relay/share/tf_relay/hook/ament_prefix_path.ps1'
[1.069s] INFO:colcon.colcon_core.shell:Creating environment descriptor '/home/auro/Auro_Revised/install/tf_relay/share/tf_relay/hook/ament_prefix_path.dsv'
[1.070s] INFO:colcon.colcon_core.shell:Creating environment hook '/home/auro/Auro_Revised/install/tf_relay/share/tf_relay/hook/ament_prefix_path.sh'
[1.072s] INFO:colcon.colcon_core.shell:Skip shell extension 'powershell' for command environment: Not usable outside of PowerShell
[1.072s] DEBUG:colcon.colcon_core.shell:Skip shell extension 'dsv' for command environment
[1.097s] DEBUG:colcon.colcon_core.event_handler.log_command:Invoking command in '/home/auro/Auro_Revised/build/auro_interfaces': CMAKE_PREFIX_PATH=${CMAKE_PREFIX_PATH}:/home/auro/Auro_Revised/install/tf_relay:/home/auro/Auro_Revised/install/solution:/home/auro/Auro_Revised/install/assessment:/home/auro/turtlebot3_ws/install/turtlebot3_teleop:/home/auro/turtlebot3_ws/install/turtlebot3_example:/opt/ros/humble /usr/bin/cmake --build /home/auro/Auro_Revised/build/auro_interfaces -- -j4 -l4
[1.111s] DEBUG:colcon.colcon_core.event_handler.log_command:Invoking command in '/home/auro/Auro_Revised/build/assessment_interfaces': CMAKE_PREFIX_PATH=${CMAKE_PREFIX_PATH}:/home/auro/Auro_Revised/install/tf_relay:/home/auro/Auro_Revised/install/solution:/home/auro/Auro_Revised/install/assessment:/home/auro/turtlebot3_ws/install/turtlebot3_teleop:/home/auro/turtlebot3_ws/install/turtlebot3_example:/opt/ros/humble /usr/bin/cmake --build /home/auro/Auro_Revised/build/assessment_interfaces -- -j4 -l4
[1.783s] INFO:colcon.colcon_core.task.python.build:Building Python package in '/home/auro/Auro_Revised/solution'
[1.783s] INFO:colcon.colcon_core.shell:Skip shell extension 'powershell' for command environment: Not usable outside of PowerShell
[1.783s] DEBUG:colcon.colcon_core.shell:Skip shell extension 'dsv' for command environment
[2.456s] INFO:colcon.colcon_core.task.python.build:Building Python package in '/home/auro/Auro_Revised/tf_relay'
[2.457s] INFO:colcon.colcon_core.shell:Skip shell extension 'powershell' for command environment: Not usable outside of PowerShell
[2.457s] DEBUG:colcon.colcon_core.shell:Skip shell extension 'dsv' for command environment
[2.748s] DEBUG:colcon.colcon_core.event_handler.log_command:Invoked command in '/home/auro/Auro_Revised/build/auro_interfaces' returned '0': CMAKE_PREFIX_PATH=${CMAKE_PREFIX_PATH}:/home/auro/Auro_Revised/install/tf_relay:/home/auro/Auro_Revised/install/solution:/home/auro/Auro_Revised/install/assessment:/home/auro/turtlebot3_ws/install/turtlebot3_teleop:/home/auro/turtlebot3_ws/install/turtlebot3_example:/opt/ros/humble /usr/bin/cmake --build /home/auro/Auro_Revised/build/auro_interfaces -- -j4 -l4
[2.812s] DEBUG:colcon.colcon_core.event_handler.log_command:Invoked command in '/home/auro/Auro_Revised/build/assessment_interfaces' returned '0': CMAKE_PREFIX_PATH=${CMAKE_PREFIX_PATH}:/home/auro/Auro_Revised/install/tf_relay:/home/auro/Auro_Revised/install/solution:/home/auro/Auro_Revised/install/assessment:/home/auro/turtlebot3_ws/install/turtlebot3_teleop:/home/auro/turtlebot3_ws/install/turtlebot3_example:/opt/ros/humble /usr/bin/cmake --build /home/auro/Auro_Revised/build/assessment_interfaces -- -j4 -l4
[3.379s] DEBUG:colcon.colcon_core.event_handler.log_command:Invoking command in '/home/auro/Auro_Revised/build/solution': PYTHONPATH=/home/auro/Auro_Revised/build/solution/prefix_override:/usr/lib/python3/dist-packages/colcon_core/task/python/colcon_distutils_commands:/home/auro/Auro_Revised/install/solution/lib/python3.10/site-packages:${PYTHONPATH} /usr/bin/python3 -W ignore:setup.py install is deprecated setup.py develop --editable --build-directory /home/auro/Auro_Revised/build/solution/build --no-deps symlink_data
[3.448s] DEBUG:colcon.colcon_core.event_handler.log_command:Invoking command in '/home/auro/Auro_Revised/build/tf_relay': PYTHONPATH=/home/auro/Auro_Revised/build/tf_relay/prefix_override:/usr/lib/python3/dist-packages/colcon_core/task/python/colcon_distutils_commands:/home/auro/Auro_Revised/install/tf_relay/lib/python3.10/site-packages:${PYTHONPATH} /usr/bin/python3 -W ignore:setup.py install is deprecated setup.py develop --editable --build-directory /home/auro/Auro_Revised/build/tf_relay/build --no-deps symlink_data
[3.612s] DEBUG:colcon.colcon_core.event_handler.log_command:Invoking command in '/home/auro/Auro_Revised/build/assessment_interfaces': CMAKE_PREFIX_PATH=${CMAKE_PREFIX_PATH}:/home/auro/Auro_Revised/install/tf_relay:/home/auro/Auro_Revised/install/solution:/home/auro/Auro_Revised/install/assessment:/home/auro/turtlebot3_ws/install/turtlebot3_teleop:/home/auro/turtlebot3_ws/install/turtlebot3_example:/opt/ros/humble /usr/bin/cmake --install /home/auro/Auro_Revised/build/assessment_interfaces
[3.775s] DEBUG:colcon.colcon_core.event_handler.log_command:Invoking command in '/home/auro/Auro_Revised/build/auro_interfaces': CMAKE_PREFIX_PATH=${CMAKE_PREFIX_PATH}:/home/auro/Auro_Revised/install/tf_relay:/home/auro/Auro_Revised/install/solution:/home/auro/Auro_Revised/install/assessment:/home/auro/turtlebot3_ws/install/turtlebot3_teleop:/home/auro/turtlebot3_ws/install/turtlebot3_example:/opt/ros/humble /usr/bin/cmake --install /home/auro/Auro_Revised/build/auro_interfaces
[3.838s] Level 1:colcon.colcon_core.environment:create_environment_scripts_only(assessment_interfaces)
[3.848s] DEBUG:colcon.colcon_core.event_handler.log_command:Invoked command in '/home/auro/Auro_Revised/build/assessment_interfaces' returned '0': CMAKE_PREFIX_PATH=${CMAKE_PREFIX_PATH}:/home/auro/Auro_Revised/install/tf_relay:/home/auro/Auro_Revised/install/solution:/home/auro/Auro_Revised/install/assessment:/home/auro/turtlebot3_ws/install/turtlebot3_teleop:/home/auro/turtlebot3_ws/install/turtlebot3_example:/opt/ros/humble /usr/bin/cmake --install /home/auro/Auro_Revised/build/assessment_interfaces
[3.871s] Level 1:colcon.colcon_core.environment:checking '/home/auro/Auro_Revised/install/assessment_interfaces' for CMake module files
[3.875s] Level 1:colcon.colcon_core.environment:checking '/home/auro/Auro_Revised/install/assessment_interfaces' for CMake config files
[3.885s] Level 1:colcon.colcon_core.shell:create_environment_hook('assessment_interfaces', 'cmake_prefix_path')
[3.891s] INFO:colcon.colcon_core.shell:Creating environment hook '/home/auro/Auro_Revised/install/assessment_interfaces/share/assessment_interfaces/hook/cmake_prefix_path.ps1'
[3.909s] INFO:colcon.colcon_core.shell:Creating environment descriptor '/home/auro/Auro_Revised/install/assessment_interfaces/share/assessment_interfaces/hook/cmake_prefix_path.dsv'
[3.910s] INFO:colcon.colcon_core.shell:Creating environment hook '/home/auro/Auro_Revised/install/assessment_interfaces/share/assessment_interfaces/hook/cmake_prefix_path.sh'
[3.916s] Level 1:colcon.colcon_core.environment:checking '/home/auro/Auro_Revised/install/assessment_interfaces/lib'
[3.921s] Level 1:colcon.colcon_core.shell:create_environment_hook('assessment_interfaces', 'ld_library_path_lib')
[3.921s] INFO:colcon.colcon_core.shell:Creating environment hook '/home/auro/Auro_Revised/install/assessment_interfaces/share/assessment_interfaces/hook/ld_library_path_lib.ps1'
[3.922s] INFO:colcon.colcon_core.shell:Creating environment descriptor '/home/auro/Auro_Revised/install/assessment_interfaces/share/assessment_interfaces/hook/ld_library_path_lib.dsv'
[3.923s] INFO:colcon.colcon_core.shell:Creating environment hook '/home/auro/Auro_Revised/install/assessment_interfaces/share/assessment_interfaces/hook/ld_library_path_lib.sh'
[3.923s] Level 1:colcon.colcon_core.environment:checking '/home/auro/Auro_Revised/install/assessment_interfaces/bin'
[3.924s] Level 1:colcon.colcon_core.environment:checking '/home/auro/Auro_Revised/install/assessment_interfaces/lib/pkgconfig/assessment_interfaces.pc'
[3.924s] Level 1:colcon.colcon_core.environment:checking '/home/auro/Auro_Revised/install/assessment_interfaces/lib/python3.10/site-packages'
[3.924s] Level 1:colcon.colcon_core.environment:checking '/home/auro/Auro_Revised/install/assessment_interfaces/bin'
[3.925s] INFO:colcon.colcon_core.shell:Creating package script '/home/auro/Auro_Revised/install/assessment_interfaces/share/assessment_interfaces/package.ps1'
[3.927s] INFO:colcon.colcon_core.shell:Creating package descriptor '/home/auro/Auro_Revised/install/assessment_interfaces/share/assessment_interfaces/package.dsv'
[3.928s] INFO:colcon.colcon_core.shell:Creating package script '/home/auro/Auro_Revised/install/assessment_interfaces/share/assessment_interfaces/package.sh'
[3.930s] INFO:colcon.colcon_core.shell:Creating package script '/home/auro/Auro_Revised/install/assessment_interfaces/share/assessment_interfaces/package.bash'
[3.931s] INFO:colcon.colcon_core.shell:Creating package script '/home/auro/Auro_Revised/install/assessment_interfaces/share/assessment_interfaces/package.zsh'
[3.933s] Level 1:colcon.colcon_core.environment:create_file_with_runtime_dependencies(/home/auro/Auro_Revised/install/assessment_interfaces/share/colcon-core/packages/assessment_interfaces)
[4.029s] Level 1:colcon.colcon_core.environment:create_environment_scripts_only(auro_interfaces)
[4.030s] Level 1:colcon.colcon_core.environment:checking '/home/auro/Auro_Revised/install/auro_interfaces' for CMake module files
[4.031s] Level 1:colcon.colcon_core.environment:checking '/home/auro/Auro_Revised/install/auro_interfaces' for CMake config files
[4.034s] Level 1:colcon.colcon_core.shell:create_environment_hook('auro_interfaces', 'cmake_prefix_path')
[4.034s] INFO:colcon.colcon_core.shell:Creating environment hook '/home/auro/Auro_Revised/install/auro_interfaces/share/auro_interfaces/hook/cmake_prefix_path.ps1'
[4.035s] INFO:colcon.colcon_core.shell:Creating environment descriptor '/home/auro/Auro_Revised/install/auro_interfaces/share/auro_interfaces/hook/cmake_prefix_path.dsv'
[4.036s] INFO:colcon.colcon_core.shell:Creating environment hook '/home/auro/Auro_Revised/install/auro_interfaces/share/auro_interfaces/hook/cmake_prefix_path.sh'
[4.037s] Level 1:colcon.colcon_core.environment:checking '/home/auro/Auro_Revised/install/auro_interfaces/lib'
[4.037s] Level 1:colcon.colcon_core.shell:create_environment_hook('auro_interfaces', 'ld_library_path_lib')
[4.038s] INFO:colcon.colcon_core.shell:Creating environment hook '/home/auro/Auro_Revised/install/auro_interfaces/share/auro_interfaces/hook/ld_library_path_lib.ps1'
[4.038s] INFO:colcon.colcon_core.shell:Creating environment descriptor '/home/auro/Auro_Revised/install/auro_interfaces/share/auro_interfaces/hook/ld_library_path_lib.dsv'
[4.039s] INFO:colcon.colcon_core.shell:Creating environment hook '/home/auro/Auro_Revised/install/auro_interfaces/share/auro_interfaces/hook/ld_library_path_lib.sh'
[4.040s] Level 1:colcon.colcon_core.environment:checking '/home/auro/Auro_Revised/install/auro_interfaces/bin'
[4.040s] Level 1:colcon.colcon_core.environment:checking '/home/auro/Auro_Revised/install/auro_interfaces/lib/pkgconfig/auro_interfaces.pc'
[4.040s] Level 1:colcon.colcon_core.environment:checking '/home/auro/Auro_Revised/install/auro_interfaces/lib/python3.10/site-packages'
[4.041s] Level 1:colcon.colcon_core.environment:checking '/home/auro/Auro_Revised/install/auro_interfaces/bin'
[4.041s] INFO:colcon.colcon_core.shell:Creating package script '/home/auro/Auro_Revised/install/auro_interfaces/share/auro_interfaces/package.ps1'
[4.042s] INFO:colcon.colcon_core.shell:Creating package descriptor '/home/auro/Auro_Revised/install/auro_interfaces/share/auro_interfaces/package.dsv'
[4.043s] INFO:colcon.colcon_core.shell:Creating package script '/home/auro/Auro_Revised/install/auro_interfaces/share/auro_interfaces/package.sh'
[4.043s] INFO:colcon.colcon_core.shell:Creating package script '/home/auro/Auro_Revised/install/auro_interfaces/share/auro_interfaces/package.bash'
[4.044s] INFO:colcon.colcon_core.shell:Creating package script '/home/auro/Auro_Revised/install/auro_interfaces/share/auro_interfaces/package.zsh'
[4.045s] Level 1:colcon.colcon_core.environment:create_file_with_runtime_dependencies(/home/auro/Auro_Revised/install/auro_interfaces/share/colcon-core/packages/auro_interfaces)
[4.048s] DEBUG:colcon.colcon_core.event_handler.log_command:Invoked command in '/home/auro/Auro_Revised/build/auro_interfaces' returned '0': CMAKE_PREFIX_PATH=${CMAKE_PREFIX_PATH}:/home/auro/Auro_Revised/install/tf_relay:/home/auro/Auro_Revised/install/solution:/home/auro/Auro_Revised/install/assessment:/home/auro/turtlebot3_ws/install/turtlebot3_teleop:/home/auro/turtlebot3_ws/install/turtlebot3_example:/opt/ros/humble /usr/bin/cmake --install /home/auro/Auro_Revised/build/auro_interfaces
[4.555s] Level 1:colcon.colcon_core.shell:create_environment_hook('solution', 'pythonpath_develop')
[4.555s] INFO:colcon.colcon_core.shell:Creating environment hook '/home/auro/Auro_Revised/build/solution/share/solution/hook/pythonpath_develop.ps1'
[4.556s] INFO:colcon.colcon_core.shell:Creating environment descriptor '/home/auro/Auro_Revised/build/solution/share/solution/hook/pythonpath_develop.dsv'
[4.558s] DEBUG:colcon.colcon_core.event_handler.log_command:Invoked command in '/home/auro/Auro_Revised/build/solution' returned '0': PYTHONPATH=/home/auro/Auro_Revised/build/solution/prefix_override:/usr/lib/python3/dist-packages/colcon_core/task/python/colcon_distutils_commands:/home/auro/Auro_Revised/install/solution/lib/python3.10/site-packages:${PYTHONPATH} /usr/bin/python3 -W ignore:setup.py install is deprecated setup.py develop --editable --build-directory /home/auro/Auro_Revised/build/solution/build --no-deps symlink_data
[4.559s] INFO:colcon.colcon_core.shell:Creating environment hook '/home/auro/Auro_Revised/build/solution/share/solution/hook/pythonpath_develop.sh'
[4.561s] Level 1:colcon.colcon_core.environment:checking '/home/auro/Auro_Revised/install/solution' for CMake module files
[4.562s] Level 1:colcon.colcon_core.environment:checking '/home/auro/Auro_Revised/install/solution' for CMake config files
[4.563s] Level 1:colcon.colcon_core.environment:checking '/home/auro/Auro_Revised/install/solution/lib'
[4.565s] Level 1:colcon.colcon_core.environment:checking '/home/auro/Auro_Revised/install/solution/bin'
[4.565s] Level 1:colcon.colcon_core.environment:checking '/home/auro/Auro_Revised/install/solution/lib/pkgconfig/solution.pc'
[4.568s] Level 1:colcon.colcon_core.environment:checking '/home/auro/Auro_Revised/install/solution/lib/python3.10/site-packages'
[4.568s] Level 1:colcon.colcon_core.shell:create_environment_hook('solution', 'pythonpath')
[4.569s] INFO:colcon.colcon_core.shell:Creating environment hook '/home/auro/Auro_Revised/install/solution/share/solution/hook/pythonpath.ps1'
[4.571s] INFO:colcon.colcon_core.shell:Creating environment descriptor '/home/auro/Auro_Revised/install/solution/share/solution/hook/pythonpath.dsv'
[4.572s] INFO:colcon.colcon_core.shell:Creating environment hook '/home/auro/Auro_Revised/install/solution/share/solution/hook/pythonpath.sh'
[4.574s] Level 1:colcon.colcon_core.environment:checking '/home/auro/Auro_Revised/install/solution/bin'
[4.574s] Level 1:colcon.colcon_core.environment:create_environment_scripts_only(solution)
[4.575s] INFO:colcon.colcon_core.shell:Creating package script '/home/auro/Auro_Revised/install/solution/share/solution/package.ps1'
[4.576s] INFO:colcon.colcon_core.shell:Creating package descriptor '/home/auro/Auro_Revised/install/solution/share/solution/package.dsv'
[4.578s] INFO:colcon.colcon_core.shell:Creating package script '/home/auro/Auro_Revised/install/solution/share/solution/package.sh'
[4.579s] INFO:colcon.colcon_core.shell:Creating package script '/home/auro/Auro_Revised/install/solution/share/solution/package.bash'
[4.581s] INFO:colcon.colcon_core.shell:Creating package script '/home/auro/Auro_Revised/install/solution/share/solution/package.zsh'
[4.582s] Level 1:colcon.colcon_core.environment:create_file_with_runtime_dependencies(/home/auro/Auro_Revised/install/solution/share/colcon-core/packages/solution)
[4.595s] Level 1:colcon.colcon_core.shell:create_environment_hook('tf_relay', 'pythonpath_develop')
[4.596s] INFO:colcon.colcon_core.shell:Creating environment hook '/home/auro/Auro_Revised/build/tf_relay/share/tf_relay/hook/pythonpath_develop.ps1'
[4.598s] INFO:colcon.colcon_core.shell:Creating environment descriptor '/home/auro/Auro_Revised/build/tf_relay/share/tf_relay/hook/pythonpath_develop.dsv'
[4.600s] DEBUG:colcon.colcon_core.event_handler.log_command:Invoked command in '/home/auro/Auro_Revised/build/tf_relay' returned '0': PYTHONPATH=/home/auro/Auro_Revised/build/tf_relay/prefix_override:/usr/lib/python3/dist-packages/colcon_core/task/python/colcon_distutils_commands:/home/auro/Auro_Revised/install/tf_relay/lib/python3.10/site-packages:${PYTHONPATH} /usr/bin/python3 -W ignore:setup.py install is deprecated setup.py develop --editable --build-directory /home/auro/Auro_Revised/build/tf_relay/build --no-deps symlink_data
[4.601s] INFO:colcon.colcon_core.shell:Creating environment hook '/home/auro/Auro_Revised/build/tf_relay/share/tf_relay/hook/pythonpath_develop.sh'
[4.602s] Level 1:colcon.colcon_core.environment:checking '/home/auro/Auro_Revised/install/tf_relay' for CMake module files
[4.603s] Level 1:colcon.colcon_core.environment:checking '/home/auro/Auro_Revised/install/tf_relay' for CMake config files
[4.604s] Level 1:colcon.colcon_core.environment:checking '/home/auro/Auro_Revised/install/tf_relay/lib'
[4.604s] Level 1:colcon.colcon_core.environment:checking '/home/auro/Auro_Revised/install/tf_relay/bin'
[4.604s] Level 1:colcon.colcon_core.environment:checking '/home/auro/Auro_Revised/install/tf_relay/lib/pkgconfig/tf_relay.pc'
[4.605s] Level 1:colcon.colcon_core.environment:checking '/home/auro/Auro_Revised/install/tf_relay/lib/python3.10/site-packages'
[4.605s] Level 1:colcon.colcon_core.shell:create_environment_hook('tf_relay', 'pythonpath')
[4.606s] INFO:colcon.colcon_core.shell:Creating environment hook '/home/auro/Auro_Revised/install/tf_relay/share/tf_relay/hook/pythonpath.ps1'
[4.607s] INFO:colcon.colcon_core.shell:Creating environment descriptor '/home/auro/Auro_Revised/install/tf_relay/share/tf_relay/hook/pythonpath.dsv'
[4.608s] INFO:colcon.colcon_core.shell:Creating environment hook '/home/auro/Auro_Revised/install/tf_relay/share/tf_relay/hook/pythonpath.sh'
[4.609s] Level 1:colcon.colcon_core.environment:checking '/home/auro/Auro_Revised/install/tf_relay/bin'
[4.610s] Level 1:colcon.colcon_core.environment:create_environment_scripts_only(tf_relay)
[4.610s] INFO:colcon.colcon_core.shell:Creating package script '/home/auro/Auro_Revised/install/tf_relay/share/tf_relay/package.ps1'
[4.612s] INFO:colcon.colcon_core.shell:Creating package descriptor '/home/auro/Auro_Revised/install/tf_relay/share/tf_relay/package.dsv'
[4.613s] INFO:colcon.colcon_core.shell:Creating package script '/home/auro/Auro_Revised/install/tf_relay/share/tf_relay/package.sh'
[4.615s] INFO:colcon.colcon_core.shell:Creating package script '/home/auro/Auro_Revised/install/tf_relay/share/tf_relay/package.bash'
[4.616s] INFO:colcon.colcon_core.shell:Creating package script '/home/auro/Auro_Revised/install/tf_relay/share/tf_relay/package.zsh'
[4.617s] Level 1:colcon.colcon_core.environment:create_file_with_runtime_dependencies(/home/auro/Auro_Revised/install/tf_relay/share/colcon-core/packages/tf_relay)
[4.639s] Level 1:colcon.colcon_core.environment:create_environment_scripts_only(assessment_interfaces)
[4.640s] Level 1:colcon.colcon_core.environment:checking '/home/auro/Auro_Revised/install/assessment_interfaces' for CMake module files
[4.641s] Level 1:colcon.colcon_core.environment:checking '/home/auro/Auro_Revised/install/assessment_interfaces' for CMake config files
[4.646s] Level 1:colcon.colcon_core.shell:create_environment_hook('assessment_interfaces', 'cmake_prefix_path')
[4.647s] INFO:colcon.colcon_core.shell:Creating environment hook '/home/auro/Auro_Revised/install/assessment_interfaces/share/assessment_interfaces/hook/cmake_prefix_path.ps1'
[4.649s] INFO:colcon.colcon_core.shell:Creating environment descriptor '/home/auro/Auro_Revised/install/assessment_interfaces/share/assessment_interfaces/hook/cmake_prefix_path.dsv'
[4.650s] INFO:colcon.colcon_core.shell:Creating environment hook '/home/auro/Auro_Revised/install/assessment_interfaces/share/assessment_interfaces/hook/cmake_prefix_path.sh'
[4.653s] Level 1:colcon.colcon_core.environment:checking '/home/auro/Auro_Revised/install/assessment_interfaces/lib'
[4.653s] Level 1:colcon.colcon_core.shell:create_environment_hook('assessment_interfaces', 'ld_library_path_lib')
[4.653s] INFO:colcon.colcon_core.shell:Creating environment hook '/home/auro/Auro_Revised/install/assessment_interfaces/share/assessment_interfaces/hook/ld_library_path_lib.ps1'
[4.654s] INFO:colcon.colcon_core.shell:Creating environment descriptor '/home/auro/Auro_Revised/install/assessment_interfaces/share/assessment_interfaces/hook/ld_library_path_lib.dsv'
[4.655s] INFO:colcon.colcon_core.shell:Creating environment hook '/home/auro/Auro_Revised/install/assessment_interfaces/share/assessment_interfaces/hook/ld_library_path_lib.sh'
[4.656s] Level 1:colcon.colcon_core.environment:checking '/home/auro/Auro_Revised/install/assessment_interfaces/bin'
[4.657s] Level 1:colcon.colcon_core.environment:checking '/home/auro/Auro_Revised/install/assessment_interfaces/lib/pkgconfig/assessment_interfaces.pc'
[4.657s] Level 1:colcon.colcon_core.environment:checking '/home/auro/Auro_Revised/install/assessment_interfaces/lib/python3.10/site-packages'
[4.658s] Level 1:colcon.colcon_core.environment:checking '/home/auro/Auro_Revised/install/assessment_interfaces/bin'
[4.658s] INFO:colcon.colcon_core.shell:Creating package script '/home/auro/Auro_Revised/install/assessment_interfaces/share/assessment_interfaces/package.ps1'
[4.660s] INFO:colcon.colcon_core.shell:Creating package descriptor '/home/auro/Auro_Revised/install/assessment_interfaces/share/assessment_interfaces/package.dsv'
[4.662s] INFO:colcon.colcon_core.shell:Creating package script '/home/auro/Auro_Revised/install/assessment_interfaces/share/assessment_interfaces/package.sh'
[4.664s] INFO:colcon.colcon_core.shell:Creating package script '/home/auro/Auro_Revised/install/assessment_interfaces/share/assessment_interfaces/package.bash'
[4.666s] INFO:colcon.colcon_core.shell:Creating package script '/home/auro/Auro_Revised/install/assessment_interfaces/share/assessment_interfaces/package.zsh'
[4.668s] Level 1:colcon.colcon_core.environment:create_file_with_runtime_dependencies(/home/auro/Auro_Revised/install/assessment_interfaces/share/colcon-core/packages/assessment_interfaces)
[4.831s] Level 1:colcon.colcon_core.environment:create_environment_scripts_only(auro_interfaces)
[4.832s] Level 1:colcon.colcon_core.environment:checking '/home/auro/Auro_Revised/install/auro_interfaces' for CMake module files
[4.834s] Level 1:colcon.colcon_core.environment:checking '/home/auro/Auro_Revised/install/auro_interfaces' for CMake config files
[4.837s] Level 1:colcon.colcon_core.shell:create_environment_hook('auro_interfaces', 'cmake_prefix_path')
[4.837s] INFO:colcon.colcon_core.shell:Creating environment hook '/home/auro/Auro_Revised/install/auro_interfaces/share/auro_interfaces/hook/cmake_prefix_path.ps1'
[4.838s] INFO:colcon.colcon_core.shell:Creating environment descriptor '/home/auro/Auro_Revised/install/auro_interfaces/share/auro_interfaces/hook/cmake_prefix_path.dsv'
[4.839s] INFO:colcon.colcon_core.shell:Creating environment hook '/home/auro/Auro_Revised/install/auro_interfaces/share/auro_interfaces/hook/cmake_prefix_path.sh'
[4.840s] Level 1:colcon.colcon_core.environment:checking '/home/auro/Auro_Revised/install/auro_interfaces/lib'
[4.840s] Level 1:colcon.colcon_core.shell:create_environment_hook('auro_interfaces', 'ld_library_path_lib')
[4.841s] INFO:colcon.colcon_core.shell:Creating environment hook '/home/auro/Auro_Revised/install/auro_interfaces/share/auro_interfaces/hook/ld_library_path_lib.ps1'
[4.842s] INFO:colcon.colcon_core.shell:Creating environment descriptor '/home/auro/Auro_Revised/install/auro_interfaces/share/auro_interfaces/hook/ld_library_path_lib.dsv'
[4.843s] INFO:colcon.colcon_core.shell:Creating environment hook '/home/auro/Auro_Revised/install/auro_interfaces/share/auro_interfaces/hook/ld_library_path_lib.sh'
[4.844s] Level 1:colcon.colcon_core.environment:checking '/home/auro/Auro_Revised/install/auro_interfaces/bin'
[4.844s] Level 1:colcon.colcon_core.environment:checking '/home/auro/Auro_Revised/install/auro_interfaces/lib/pkgconfig/auro_interfaces.pc'
[4.844s] Level 1:colcon.colcon_core.environment:checking '/home/auro/Auro_Revised/install/auro_interfaces/lib/python3.10/site-packages'
[4.845s] Level 1:colcon.colcon_core.environment:checking '/home/auro/Auro_Revised/install/auro_interfaces/bin'
[4.846s] INFO:colcon.colcon_core.shell:Creating package script '/home/auro/Auro_Revised/install/auro_interfaces/share/auro_interfaces/package.ps1'
[4.847s] INFO:colcon.colcon_core.shell:Creating package descriptor '/home/auro/Auro_Revised/install/auro_interfaces/share/auro_interfaces/package.dsv'
[4.849s] INFO:colcon.colcon_core.shell:Creating package script '/home/auro/Auro_Revised/install/auro_interfaces/share/auro_interfaces/package.sh'
[4.850s] INFO:colcon.colcon_core.shell:Creating package script '/home/auro/Auro_Revised/install/auro_interfaces/share/auro_interfaces/package.bash'
[4.851s] INFO:colcon.colcon_core.shell:Creating package script '/home/auro/Auro_Revised/install/auro_interfaces/share/auro_interfaces/package.zsh'
[4.852s] Level 1:colcon.colcon_core.environment:create_file_with_runtime_dependencies(/home/auro/Auro_Revised/install/auro_interfaces/share/colcon-core/packages/auro_interfaces)
[4.853s] INFO:colcon.colcon_ros.task.ament_python.build:Building ROS package in '/home/auro/Auro_Revised/assessment' with build type 'ament_python'
[4.853s] Level 1:colcon.colcon_core.shell:create_environment_hook('assessment', 'ament_prefix_path')
[4.854s] INFO:colcon.colcon_core.shell:Creating environment hook '/home/auro/Auro_Revised/install/assessment/share/assessment/hook/ament_prefix_path.ps1'
[4.856s] INFO:colcon.colcon_core.shell:Creating environment descriptor '/home/auro/Auro_Revised/install/assessment/share/assessment/hook/ament_prefix_path.dsv'
[4.857s] INFO:colcon.colcon_core.shell:Creating environment hook '/home/auro/Auro_Revised/install/assessment/share/assessment/hook/ament_prefix_path.sh'
[4.859s] INFO:colcon.colcon_core.shell:Skip shell extension 'powershell' for command environment: Not usable outside of PowerShell
[4.859s] DEBUG:colcon.colcon_core.shell:Skip shell extension 'dsv' for command environment
[5.418s] INFO:colcon.colcon_core.task.python.build:Building Python package in '/home/auro/Auro_Revised/assessment'
[5.420s] INFO:colcon.colcon_core.shell:Skip shell extension 'powershell' for command environment: Not usable outside of PowerShell
[5.420s] DEBUG:colcon.colcon_core.shell:Skip shell extension 'dsv' for command environment
[6.360s] DEBUG:colcon.colcon_core.event_handler.log_command:Invoking command in '/home/auro/Auro_Revised/build/assessment': LD_LIBRARY_PATH=/home/auro/Auro_Revised/install/auro_interfaces/lib:/home/auro/Auro_Revised/install/assessment_interfaces/lib:/home/auro/turtlebot3_ws/install/turtlebot3_msgs/lib:/home/auro/turtlebot3_ws/install/dynamixel_sdk_custom_interfaces/lib:/home/auro/turtlebot3_ws/install/dynamixel_sdk/lib:/usr/lib/x86_64-linux-gnu/gazebo-11/plugins:/opt/ros/humble/opt/rviz_ogre_vendor/lib:/opt/ros/humble/lib/x86_64-linux-gnu:/opt/ros/humble/lib:/usr/lib/x86_64-linux-gnu/gazebo-11/plugins PYTHONPATH=/home/auro/Auro_Revised/build/assessment/prefix_override:/usr/lib/python3/dist-packages/colcon_core/task/python/colcon_distutils_commands:/home/auro/Auro_Revised/install/assessment/lib/python3.10/site-packages:${PYTHONPATH} /usr/bin/python3 -W ignore:setup.py install is deprecated setup.py develop --editable --build-directory /home/auro/Auro_Revised/build/assessment/build --no-deps symlink_data
[7.527s] Level 1:colcon.colcon_core.shell:create_environment_hook('assessment', 'pythonpath_develop')
[7.528s] DEBUG:colcon.colcon_core.event_handler.log_command:Invoked command in '/home/auro/Auro_Revised/build/assessment' returned '0': LD_LIBRARY_PATH=/home/auro/Auro_Revised/install/auro_interfaces/lib:/home/auro/Auro_Revised/install/assessment_interfaces/lib:/home/auro/turtlebot3_ws/install/turtlebot3_msgs/lib:/home/auro/turtlebot3_ws/install/dynamixel_sdk_custom_interfaces/lib:/home/auro/turtlebot3_ws/install/dynamixel_sdk/lib:/usr/lib/x86_64-linux-gnu/gazebo-11/plugins:/opt/ros/humble/opt/rviz_ogre_vendor/lib:/opt/ros/humble/lib/x86_64-linux-gnu:/opt/ros/humble/lib:/usr/lib/x86_64-linux-gnu/gazebo-11/plugins PYTHONPATH=/home/auro/Auro_Revised/build/assessment/prefix_override:/usr/lib/python3/dist-packages/colcon_core/task/python/colcon_distutils_commands:/home/auro/Auro_Revised/install/assessment/lib/python3.10/site-packages:${PYTHONPATH} /usr/bin/python3 -W ignore:setup.py install is deprecated setup.py develop --editable --build-directory /home/auro/Auro_Revised/build/assessment/build --no-deps symlink_data
[7.529s] INFO:colcon.colcon_core.shell:Creating environment hook '/home/auro/Auro_Revised/build/assessment/share/assessment/hook/pythonpath_develop.ps1'
[7.530s] INFO:colcon.colcon_core.shell:Creating environment descriptor '/home/auro/Auro_Revised/build/assessment/share/assessment/hook/pythonpath_develop.dsv'
[7.531s] INFO:colcon.colcon_core.shell:Creating environment hook '/home/auro/Auro_Revised/build/assessment/share/assessment/hook/pythonpath_develop.sh'
[7.533s] Level 1:colcon.colcon_core.environment:checking '/home/auro/Auro_Revised/install/assessment' for CMake module files
[7.534s] Level 1:colcon.colcon_core.environment:checking '/home/auro/Auro_Revised/install/assessment' for CMake config files
[7.535s] Level 1:colcon.colcon_core.environment:checking '/home/auro/Auro_Revised/install/assessment/lib'
[7.535s] Level 1:colcon.colcon_core.environment:checking '/home/auro/Auro_Revised/install/assessment/bin'
[7.535s] Level 1:colcon.colcon_core.environment:checking '/home/auro/Auro_Revised/install/assessment/lib/pkgconfig/assessment.pc'
[7.536s] Level 1:colcon.colcon_core.environment:checking '/home/auro/Auro_Revised/install/assessment/lib/python3.10/site-packages'
[7.536s] Level 1:colcon.colcon_core.shell:create_environment_hook('assessment', 'pythonpath')
[7.536s] INFO:colcon.colcon_core.shell:Creating environment hook '/home/auro/Auro_Revised/install/assessment/share/assessment/hook/pythonpath.ps1'
[7.537s] INFO:colcon.colcon_core.shell:Creating environment descriptor '/home/auro/Auro_Revised/install/assessment/share/assessment/hook/pythonpath.dsv'
[7.538s] INFO:colcon.colcon_core.shell:Creating environment hook '/home/auro/Auro_Revised/install/assessment/share/assessment/hook/pythonpath.sh'
[7.539s] Level 1:colcon.colcon_core.environment:checking '/home/auro/Auro_Revised/install/assessment/bin'
[7.539s] Level 1:colcon.colcon_core.environment:create_environment_scripts_only(assessment)
[7.539s] INFO:colcon.colcon_core.shell:Creating package script '/home/auro/Auro_Revised/install/assessment/share/assessment/package.ps1'
[7.541s] INFO:colcon.colcon_core.shell:Creating package descriptor '/home/auro/Auro_Revised/install/assessment/share/assessment/package.dsv'
[7.543s] INFO:colcon.colcon_core.shell:Creating package script '/home/auro/Auro_Revised/install/assessment/share/assessment/package.sh'
[7.544s] INFO:colcon.colcon_core.shell:Creating package script '/home/auro/Auro_Revised/install/assessment/share/assessment/package.bash'
[7.546s] INFO:colcon.colcon_core.shell:Creating package script '/home/auro/Auro_Revised/install/assessment/share/assessment/package.zsh'
[7.547s] Level 1:colcon.colcon_core.environment:create_file_with_runtime_dependencies(/home/auro/Auro_Revised/install/assessment/share/colcon-core/packages/assessment)
[7.547s] DEBUG:colcon.colcon_parallel_executor.executor.parallel:closing loop
[7.549s] DEBUG:colcon.colcon_parallel_executor.executor.parallel:loop closed
[7.549s] DEBUG:colcon.colcon_parallel_executor.executor.parallel:run_until_complete finished with '0'
[7.549s] DEBUG:colcon.colcon_core.event_reactor:joining thread
[7.562s] INFO:colcon.colcon_core.plugin_system:Skipping extension 'colcon_notification.desktop_notification.terminal_notifier': Not used on non-Darwin systems
[7.563s] INFO:colcon.colcon_core.plugin_system:Skipping extension 'colcon_notification.desktop_notification.win32': Not used on non-Windows systems
[7.563s] INFO:colcon.colcon_notification.desktop_notification:Sending desktop notification using 'notify2'
[7.583s] DEBUG:colcon.colcon_core.event_reactor:joined thread
[7.584s] INFO:colcon.colcon_core.shell:Creating prefix script '/home/auro/Auro_Revised/install/local_setup.ps1'
[7.586s] INFO:colcon.colcon_core.shell:Creating prefix util module '/home/auro/Auro_Revised/install/_local_setup_util_ps1.py'
[7.589s] INFO:colcon.colcon_core.shell:Creating prefix chain script '/home/auro/Auro_Revised/install/setup.ps1'
[7.592s] INFO:colcon.colcon_core.shell:Creating prefix script '/home/auro/Auro_Revised/install/local_setup.sh'
[7.594s] INFO:colcon.colcon_core.shell:Creating prefix util module '/home/auro/Auro_Revised/install/_local_setup_util_sh.py'
[7.595s] INFO:colcon.colcon_core.shell:Creating prefix chain script '/home/auro/Auro_Revised/install/setup.sh'
[7.600s] INFO:colcon.colcon_core.shell:Creating prefix script '/home/auro/Auro_Revised/install/local_setup.bash'
[7.602s] INFO:colcon.colcon_core.shell:Creating prefix chain script '/home/auro/Auro_Revised/install/setup.bash'
[7.606s] INFO:colcon.colcon_core.shell:Creating prefix script '/home/auro/Auro_Revised/install/local_setup.zsh'
[7.608s] INFO:colcon.colcon_core.shell:Creating prefix chain script '/home/auro/Auro_Revised/install/setup.zsh'
