[0.171s] DEBUG:colcon:Command line arguments: ['/usr/bin/colcon', 'build', '--symlink-install']
[0.171s] DEBUG:colcon:Parsed command line arguments: Namespace(log_base=None, log_level=None, verb_name='build', build_base='build', install_base='install', merge_install=False, symlink_install=True, test_result_base=None, continue_on_error=False, executor='parallel', parallel_workers=4, event_handlers=None, ignore_user_meta=False, metas=['./colcon.meta'], base_paths=['.'], packages_ignore=None, packages_ignore_regex=None, paths=None, packages_up_to=None, packages_up_to_regex=None, packages_above=None, packages_above_and_dependencies=None, packages_above_depth=None, packages_select_by_dep=None, packages_skip_by_dep=None, packages_skip_up_to=None, packages_select_build_failed=False, packages_skip_build_finished=False, packages_select_test_failures=False, packages_skip_test_passed=False, packages_select=None, packages_skip=None, packages_select_regex=None, packages_skip_regex=None, packages_start=None, packages_end=None, allow_overriding=[], cmake_args=None, cmake_target=None, cmake_target_skip_unavailable=False, cmake_clean_cache=False, cmake_clean_first=False, cmake_force_configure=False, ament_cmake_args=None, catkin_cmake_args=None, catkin_skip_building_tests=False, mixin_files=None, mixin=None, verb_parser=<colcon_mixin.mixin.mixin_argument.MixinArgumentDecorator object at 0x759e1d4a40a0>, verb_extension=<colcon_core.verb.build.BuildVerb object at 0x759e1d403100>, main=<bound method BuildVerb.main of <colcon_core.verb.build.BuildVerb object at 0x759e1d403100>>, mixin_verb=('build',))
[0.389s] Level 1:colcon.colcon_core.package_discovery:discover_packages(colcon_meta) check parameters
[0.389s] Level 1:colcon.colcon_core.package_discovery:discover_packages(recursive) check parameters
[0.389s] Level 1:colcon.colcon_core.package_discovery:discover_packages(ignore) check parameters
[0.389s] Level 1:colcon.colcon_core.package_discovery:discover_packages(path) check parameters
[0.389s] Level 1:colcon.colcon_core.package_discovery:discover_packages(colcon_meta) discover
[0.389s] Level 1:colcon.colcon_core.package_discovery:discover_packages(recursive) discover
[0.390s] INFO:colcon.colcon_core.package_discovery:Crawling recursively for packages in '/home/auro/Auro3.0'
[0.390s] Level 1:colcon.colcon_core.package_identification:_identify(.) by extensions ['ignore', 'ignore_ament_install']
[0.390s] Level 1:colcon.colcon_core.package_identification:_identify(.) by extension 'ignore'
[0.390s] Level 1:colcon.colcon_core.package_identification:_identify(.) by extension 'ignore_ament_install'
[0.390s] Level 1:colcon.colcon_core.package_identification:_identify(.) by extensions ['colcon_pkg']
[0.390s] Level 1:colcon.colcon_core.package_identification:_identify(.) by extension 'colcon_pkg'
[0.390s] Level 1:colcon.colcon_core.package_identification:_identify(.) by extensions ['colcon_meta']
[0.390s] Level 1:colcon.colcon_core.package_identification:_identify(.) by extension 'colcon_meta'
[0.390s] Level 1:colcon.colcon_core.package_identification:_identify(.) by extensions ['ros']
[0.390s] Level 1:colcon.colcon_core.package_identification:_identify(.) by extension 'ros'
[0.421s] Level 1:colcon.colcon_core.package_identification:_identify(.) by extensions ['cmake', 'python']
[0.421s] Level 1:colcon.colcon_core.package_identification:_identify(.) by extension 'cmake'
[0.421s] Level 1:colcon.colcon_core.package_identification:_identify(.) by extension 'python'
[0.421s] Level 1:colcon.colcon_core.package_identification:_identify(.) by extensions ['python_setup_py']
[0.421s] Level 1:colcon.colcon_core.package_identification:_identify(.) by extension 'python_setup_py'
[0.422s] Level 1:colcon.colcon_core.package_identification:_identify(assessment) by extensions ['ignore', 'ignore_ament_install']
[0.422s] Level 1:colcon.colcon_core.package_identification:_identify(assessment) by extension 'ignore'
[0.422s] Level 1:colcon.colcon_core.package_identification:_identify(assessment) by extension 'ignore_ament_install'
[0.422s] Level 1:colcon.colcon_core.package_identification:_identify(assessment) by extensions ['colcon_pkg']
[0.422s] Level 1:colcon.colcon_core.package_identification:_identify(assessment) by extension 'colcon_pkg'
[0.422s] Level 1:colcon.colcon_core.package_identification:_identify(assessment) by extensions ['colcon_meta']
[0.422s] Level 1:colcon.colcon_core.package_identification:_identify(assessment) by extension 'colcon_meta'
[0.422s] Level 1:colcon.colcon_core.package_identification:_identify(assessment) by extensions ['ros']
[0.422s] Level 1:colcon.colcon_core.package_identification:_identify(assessment) by extension 'ros'
[0.425s] DEBUG:colcon.colcon_core.package_identification:Package 'assessment' with type 'ros.ament_python' and name 'assessment'
[0.425s] Level 1:colcon.colcon_core.package_identification:_identify(assessment_interfaces) by extensions ['ignore', 'ignore_ament_install']
[0.425s] Level 1:colcon.colcon_core.package_identification:_identify(assessment_interfaces) by extension 'ignore'
[0.425s] Level 1:colcon.colcon_core.package_identification:_identify(assessment_interfaces) by extension 'ignore_ament_install'
[0.425s] Level 1:colcon.colcon_core.package_identification:_identify(assessment_interfaces) by extensions ['colcon_pkg']
[0.425s] Level 1:colcon.colcon_core.package_identification:_identify(assessment_interfaces) by extension 'colcon_pkg'
[0.425s] Level 1:colcon.colcon_core.package_identification:_identify(assessment_interfaces) by extensions ['colcon_meta']
[0.425s] Level 1:colcon.colcon_core.package_identification:_identify(assessment_interfaces) by extension 'colcon_meta'
[0.425s] Level 1:colcon.colcon_core.package_identification:_identify(assessment_interfaces) by extensions ['ros']
[0.425s] Level 1:colcon.colcon_core.package_identification:_identify(assessment_interfaces) by extension 'ros'
[0.426s] DEBUG:colcon.colcon_core.package_identification:Package 'assessment_interfaces' with type 'ros.ament_cmake' and name 'assessment_interfaces'
[0.426s] Level 1:colcon.colcon_core.package_identification:_identify(auro_interfaces) by extensions ['ignore', 'ignore_ament_install']
[0.426s] Level 1:colcon.colcon_core.package_identification:_identify(auro_interfaces) by extension 'ignore'
[0.426s] Level 1:colcon.colcon_core.package_identification:_identify(auro_interfaces) by extension 'ignore_ament_install'
[0.427s] Level 1:colcon.colcon_core.package_identification:_identify(auro_interfaces) by extensions ['colcon_pkg']
[0.427s] Level 1:colcon.colcon_core.package_identification:_identify(auro_interfaces) by extension 'colcon_pkg'
[0.427s] Level 1:colcon.colcon_core.package_identification:_identify(auro_interfaces) by extensions ['colcon_meta']
[0.427s] Level 1:colcon.colcon_core.package_identification:_identify(auro_interfaces) by extension 'colcon_meta'
[0.427s] Level 1:colcon.colcon_core.package_identification:_identify(auro_interfaces) by extensions ['ros']
[0.427s] Level 1:colcon.colcon_core.package_identification:_identify(auro_interfaces) by extension 'ros'
[0.428s] DEBUG:colcon.colcon_core.package_identification:Package 'auro_interfaces' with type 'ros.ament_cmake' and name 'auro_interfaces'
[0.428s] Level 1:colcon.colcon_core.package_identification:_identify(build) by extensions ['ignore', 'ignore_ament_install']
[0.428s] Level 1:colcon.colcon_core.package_identification:_identify(build) by extension 'ignore'
[0.428s] Level 1:colcon.colcon_core.package_identification:_identify(build) ignored
[0.428s] Level 1:colcon.colcon_core.package_identification:_identify(install) by extensions ['ignore', 'ignore_ament_install']
[0.428s] Level 1:colcon.colcon_core.package_identification:_identify(install) by extension 'ignore'
[0.428s] Level 1:colcon.colcon_core.package_identification:_identify(install) ignored
[0.428s] Level 1:colcon.colcon_core.package_identification:_identify(log) by extensions ['ignore', 'ignore_ament_install']
[0.428s] Level 1:colcon.colcon_core.package_identification:_identify(log) by extension 'ignore'
[0.428s] Level 1:colcon.colcon_core.package_identification:_identify(log) ignored
[0.428s] Level 1:colcon.colcon_core.package_identification:_identify(solution) by extensions ['ignore', 'ignore_ament_install']
[0.429s] Level 1:colcon.colcon_core.package_identification:_identify(solution) by extension 'ignore'
[0.429s] Level 1:colcon.colcon_core.package_identification:_identify(solution) by extension 'ignore_ament_install'
[0.429s] Level 1:colcon.colcon_core.package_identification:_identify(solution) by extensions ['colcon_pkg']
[0.429s] Level 1:colcon.colcon_core.package_identification:_identify(solution) by extension 'colcon_pkg'
[0.429s] Level 1:colcon.colcon_core.package_identification:_identify(solution) by extensions ['colcon_meta']
[0.429s] Level 1:colcon.colcon_core.package_identification:_identify(solution) by extension 'colcon_meta'
[0.429s] Level 1:colcon.colcon_core.package_identification:_identify(solution) by extensions ['ros']
[0.429s] Level 1:colcon.colcon_core.package_identification:_identify(solution) by extension 'ros'
[0.429s] DEBUG:colcon.colcon_core.package_identification:Package 'solution' with type 'ros.ament_python' and name 'solution'
[0.430s] Level 1:colcon.colcon_core.package_identification:_identify(tf_relay) by extensions ['ignore', 'ignore_ament_install']
[0.430s] Level 1:colcon.colcon_core.package_identification:_identify(tf_relay) by extension 'ignore'
[0.430s] Level 1:colcon.colcon_core.package_identification:_identify(tf_relay) by extension 'ignore_ament_install'
[0.430s] Level 1:colcon.colcon_core.package_identification:_identify(tf_relay) by extensions ['colcon_pkg']
[0.430s] Level 1:colcon.colcon_core.package_identification:_identify(tf_relay) by extension 'colcon_pkg'
[0.430s] Level 1:colcon.colcon_core.package_identification:_identify(tf_relay) by extensions ['colcon_meta']
[0.430s] Level 1:colcon.colcon_core.package_identification:_identify(tf_relay) by extension 'colcon_meta'
[0.430s] Level 1:colcon.colcon_core.package_identification:_identify(tf_relay) by extensions ['ros']
[0.430s] Level 1:colcon.colcon_core.package_identification:_identify(tf_relay) by extension 'ros'
[0.431s] DEBUG:colcon.colcon_core.package_identification:Package 'tf_relay' with type 'ros.ament_python' and name 'tf_relay'
[0.431s] Level 1:colcon.colcon_core.package_discovery:discover_packages(recursive) using defaults
[0.431s] Level 1:colcon.colcon_core.package_discovery:discover_packages(ignore) discover
[0.431s] Level 1:colcon.colcon_core.package_discovery:discover_packages(ignore) using defaults
[0.431s] Level 1:colcon.colcon_core.package_discovery:discover_packages(path) discover
[0.431s] Level 1:colcon.colcon_core.package_discovery:discover_packages(path) using defaults
[0.457s] Level 1:colcon.colcon_core.package_discovery:discover_packages(prefix_path) check parameters
[0.457s] Level 1:colcon.colcon_core.package_discovery:discover_packages(prefix_path) discover
[0.460s] DEBUG:colcon.colcon_installed_package_information.package_discovery:Found 5 installed packages in /home/auro/Auro3.0/install
[0.461s] DEBUG:colcon.colcon_installed_package_information.package_discovery:Found 15 installed packages in /home/auro/turtlebot3_ws/install
[0.463s] DEBUG:colcon.colcon_installed_package_information.package_discovery:Found 398 installed packages in /opt/ros/humble
[0.466s] Level 1:colcon.colcon_core.package_discovery:discover_packages(prefix_path) using defaults
[0.537s] Level 5:colcon.colcon_core.verb:set package 'assessment_interfaces' build argument 'cmake_args' from command line to 'None'
[0.537s] Level 5:colcon.colcon_core.verb:set package 'assessment_interfaces' build argument 'cmake_target' from command line to 'None'
[0.537s] Level 5:colcon.colcon_core.verb:set package 'assessment_interfaces' build argument 'cmake_target_skip_unavailable' from command line to 'False'
[0.537s] Level 5:colcon.colcon_core.verb:set package 'assessment_interfaces' build argument 'cmake_clean_cache' from command line to 'False'
[0.537s] Level 5:colcon.colcon_core.verb:set package 'assessment_interfaces' build argument 'cmake_clean_first' from command line to 'False'
[0.537s] Level 5:colcon.colcon_core.verb:set package 'assessment_interfaces' build argument 'cmake_force_configure' from command line to 'False'
[0.537s] Level 5:colcon.colcon_core.verb:set package 'assessment_interfaces' build argument 'ament_cmake_args' from command line to 'None'
[0.537s] Level 5:colcon.colcon_core.verb:set package 'assessment_interfaces' build argument 'catkin_cmake_args' from command line to 'None'
[0.537s] Level 5:colcon.colcon_core.verb:set package 'assessment_interfaces' build argument 'catkin_skip_building_tests' from command line to 'False'
[0.537s] DEBUG:colcon.colcon_core.verb:Building package 'assessment_interfaces' with the following arguments: {'ament_cmake_args': None, 'build_base': '/home/auro/Auro3.0/build/assessment_interfaces', 'catkin_cmake_args': None, 'catkin_skip_building_tests': False, 'cmake_args': None, 'cmake_clean_cache': False, 'cmake_clean_first': False, 'cmake_force_configure': False, 'cmake_target': None, 'cmake_target_skip_unavailable': False, 'install_base': '/home/auro/Auro3.0/install/assessment_interfaces', 'merge_install': False, 'path': '/home/auro/Auro3.0/assessment_interfaces', 'symlink_install': True, 'test_result_base': None}
[0.538s] Level 5:colcon.colcon_core.verb:set package 'auro_interfaces' build argument 'cmake_args' from command line to 'None'
[0.538s] Level 5:colcon.colcon_core.verb:set package 'auro_interfaces' build argument 'cmake_target' from command line to 'None'
[0.538s] Level 5:colcon.colcon_core.verb:set package 'auro_interfaces' build argument 'cmake_target_skip_unavailable' from command line to 'False'
[0.538s] Level 5:colcon.colcon_core.verb:set package 'auro_interfaces' build argument 'cmake_clean_cache' from command line to 'False'
[0.538s] Level 5:colcon.colcon_core.verb:set package 'auro_interfaces' build argument 'cmake_clean_first' from command line to 'False'
[0.538s] Level 5:colcon.colcon_core.verb:set package 'auro_interfaces' build argument 'cmake_force_configure' from command line to 'False'
[0.538s] Level 5:colcon.colcon_core.verb:set package 'auro_interfaces' build argument 'ament_cmake_args' from command line to 'None'
[0.538s] Level 5:colcon.colcon_core.verb:set package 'auro_interfaces' build argument 'catkin_cmake_args' from command line to 'None'
[0.538s] Level 5:colcon.colcon_core.verb:set package 'auro_interfaces' build argument 'catkin_skip_building_tests' from command line to 'False'
[0.538s] DEBUG:colcon.colcon_core.verb:Building package 'auro_interfaces' with the following arguments: {'ament_cmake_args': None, 'build_base': '/home/auro/Auro3.0/build/auro_interfaces', 'catkin_cmake_args': None, 'catkin_skip_building_tests': False, 'cmake_args': None, 'cmake_clean_cache': False, 'cmake_clean_first': False, 'cmake_force_configure': False, 'cmake_target': None, 'cmake_target_skip_unavailable': False, 'install_base': '/home/auro/Auro3.0/install/auro_interfaces', 'merge_install': False, 'path': '/home/auro/Auro3.0/auro_interfaces', 'symlink_install': True, 'test_result_base': None}
[0.538s] Level 5:colcon.colcon_core.verb:set package 'solution' build argument 'cmake_args' from command line to 'None'
[0.538s] Level 5:colcon.colcon_core.verb:set package 'solution' build argument 'cmake_target' from command line to 'None'
[0.538s] Level 5:colcon.colcon_core.verb:set package 'solution' build argument 'cmake_target_skip_unavailable' from command line to 'False'
[0.538s] Level 5:colcon.colcon_core.verb:set package 'solution' build argument 'cmake_clean_cache' from command line to 'False'
[0.538s] Level 5:colcon.colcon_core.verb:set package 'solution' build argument 'cmake_clean_first' from command line to 'False'
[0.538s] Level 5:colcon.colcon_core.verb:set package 'solution' build argument 'cmake_force_configure' from command line to 'False'
[0.539s] Level 5:colcon.colcon_core.verb:set package 'solution' build argument 'ament_cmake_args' from command line to 'None'
[0.539s] Level 5:colcon.colcon_core.verb:set package 'solution' build argument 'catkin_cmake_args' from command line to 'None'
[0.539s] Level 5:colcon.colcon_core.verb:set package 'solution' build argument 'catkin_skip_building_tests' from command line to 'False'
[0.539s] DEBUG:colcon.colcon_core.verb:Building package 'solution' with the following arguments: {'ament_cmake_args': None, 'build_base': '/home/auro/Auro3.0/build/solution', 'catkin_cmake_args': None, 'catkin_skip_building_tests': False, 'cmake_args': None, 'cmake_clean_cache': False, 'cmake_clean_first': False, 'cmake_force_configure': False, 'cmake_target': None, 'cmake_target_skip_unavailable': False, 'install_base': '/home/auro/Auro3.0/install/solution', 'merge_install': False, 'path': '/home/auro/Auro3.0/solution', 'symlink_install': True, 'test_result_base': None}
[0.539s] Level 5:colcon.colcon_core.verb:set package 'tf_relay' build argument 'cmake_args' from command line to 'None'
[0.539s] Level 5:colcon.colcon_core.verb:set package 'tf_relay' build argument 'cmake_target' from command line to 'None'
[0.539s] Level 5:colcon.colcon_core.verb:set package 'tf_relay' build argument 'cmake_target_skip_unavailable' from command line to 'False'
[0.539s] Level 5:colcon.colcon_core.verb:set package 'tf_relay' build argument 'cmake_clean_cache' from command line to 'False'
[0.539s] Level 5:colcon.colcon_core.verb:set package 'tf_relay' build argument 'cmake_clean_first' from command line to 'False'
[0.539s] Level 5:colcon.colcon_core.verb:set package 'tf_relay' build argument 'cmake_force_configure' from command line to 'False'
[0.539s] Level 5:colcon.colcon_core.verb:set package 'tf_relay' build argument 'ament_cmake_args' from command line to 'None'
[0.539s] Level 5:colcon.colcon_core.verb:set package 'tf_relay' build argument 'catkin_cmake_args' from command line to 'None'
[0.539s] Level 5:colcon.colcon_core.verb:set package 'tf_relay' build argument 'catkin_skip_building_tests' from command line to 'False'
[0.539s] DEBUG:colcon.colcon_core.verb:Building package 'tf_relay' with the following arguments: {'ament_cmake_args': None, 'build_base': '/home/auro/Auro3.0/build/tf_relay', 'catkin_cmake_args': None, 'catkin_skip_building_tests': False, 'cmake_args': None, 'cmake_clean_cache': False, 'cmake_clean_first': False, 'cmake_force_configure': False, 'cmake_target': None, 'cmake_target_skip_unavailable': False, 'install_base': '/home/auro/Auro3.0/install/tf_relay', 'merge_install': False, 'path': '/home/auro/Auro3.0/tf_relay', 'symlink_install': True, 'test_result_base': None}
[0.540s] Level 5:colcon.colcon_core.verb:set package 'assessment' build argument 'cmake_args' from command line to 'None'
[0.540s] Level 5:colcon.colcon_core.verb:set package 'assessment' build argument 'cmake_target' from command line to 'None'
[0.540s] Level 5:colcon.colcon_core.verb:set package 'assessment' build argument 'cmake_target_skip_unavailable' from command line to 'False'
[0.540s] Level 5:colcon.colcon_core.verb:set package 'assessment' build argument 'cmake_clean_cache' from command line to 'False'
[0.540s] Level 5:colcon.colcon_core.verb:set package 'assessment' build argument 'cmake_clean_first' from command line to 'False'
[0.540s] Level 5:colcon.colcon_core.verb:set package 'assessment' build argument 'cmake_force_configure' from command line to 'False'
[0.540s] Level 5:colcon.colcon_core.verb:set package 'assessment' build argument 'ament_cmake_args' from command line to 'None'
[0.540s] Level 5:colcon.colcon_core.verb:set package 'assessment' build argument 'catkin_cmake_args' from command line to 'None'
[0.540s] Level 5:colcon.colcon_core.verb:set package 'assessment' build argument 'catkin_skip_building_tests' from command line to 'False'
[0.540s] DEBUG:colcon.colcon_core.verb:Building package 'assessment' with the following arguments: {'ament_cmake_args': None, 'build_base': '/home/auro/Auro3.0/build/assessment', 'catkin_cmake_args': None, 'catkin_skip_building_tests': False, 'cmake_args': None, 'cmake_clean_cache': False, 'cmake_clean_first': False, 'cmake_force_configure': False, 'cmake_target': None, 'cmake_target_skip_unavailable': False, 'install_base': '/home/auro/Auro3.0/install/assessment', 'merge_install': False, 'path': '/home/auro/Auro3.0/assessment', 'symlink_install': True, 'test_result_base': None}
[0.540s] INFO:colcon.colcon_core.executor:Executing jobs using 'parallel' executor
[0.542s] DEBUG:colcon.colcon_parallel_executor.executor.parallel:run_until_complete
[0.543s] INFO:colcon.colcon_ros.task.ament_cmake.build:Building ROS package in '/home/auro/Auro3.0/auro_interfaces' with build type 'ament_cmake'
[0.543s] INFO:colcon.colcon_cmake.task.cmake.build:Building CMake package in '/home/auro/Auro3.0/auro_interfaces'
[0.547s] INFO:colcon.colcon_core.plugin_system:Skipping extension 'colcon_core.shell.bat': Not used on non-Windows systems
[0.547s] INFO:colcon.colcon_core.shell:Skip shell extension 'powershell' for command environment: Not usable outside of PowerShell
[0.547s] DEBUG:colcon.colcon_core.shell:Skip shell extension 'dsv' for command environment
[0.555s] INFO:colcon.colcon_ros.task.ament_cmake.build:Building ROS package in '/home/auro/Auro3.0/assessment_interfaces' with build type 'ament_cmake'
[0.555s] INFO:colcon.colcon_cmake.task.cmake.build:Building CMake package in '/home/auro/Auro3.0/assessment_interfaces'
[0.556s] INFO:colcon.colcon_core.shell:Skip shell extension 'powershell' for command environment: Not usable outside of PowerShell
[0.556s] DEBUG:colcon.colcon_core.shell:Skip shell extension 'dsv' for command environment
[0.564s] INFO:colcon.colcon_ros.task.ament_python.build:Building ROS package in '/home/auro/Auro3.0/solution' with build type 'ament_python'
[0.564s] Level 1:colcon.colcon_core.shell:create_environment_hook('solution', 'ament_prefix_path')
[0.565s] INFO:colcon.colcon_core.shell:Creating environment hook '/home/auro/Auro3.0/install/solution/share/solution/hook/ament_prefix_path.ps1'
[0.566s] INFO:colcon.colcon_core.shell:Creating environment descriptor '/home/auro/Auro3.0/install/solution/share/solution/hook/ament_prefix_path.dsv'
[0.568s] INFO:colcon.colcon_core.shell:Creating environment hook '/home/auro/Auro3.0/install/solution/share/solution/hook/ament_prefix_path.sh'
[0.569s] INFO:colcon.colcon_core.shell:Skip shell extension 'powershell' for command environment: Not usable outside of PowerShell
[0.569s] DEBUG:colcon.colcon_core.shell:Skip shell extension 'dsv' for command environment
[0.577s] INFO:colcon.colcon_ros.task.ament_python.build:Building ROS package in '/home/auro/Auro3.0/tf_relay' with build type 'ament_python'
[0.577s] Level 1:colcon.colcon_core.shell:create_environment_hook('tf_relay', 'ament_prefix_path')
[0.577s] INFO:colcon.colcon_core.shell:Creating environment hook '/home/auro/Auro3.0/install/tf_relay/share/tf_relay/hook/ament_prefix_path.ps1'
[0.578s] INFO:colcon.colcon_core.shell:Creating environment descriptor '/home/auro/Auro3.0/install/tf_relay/share/tf_relay/hook/ament_prefix_path.dsv'
[0.579s] INFO:colcon.colcon_core.shell:Creating environment hook '/home/auro/Auro3.0/install/tf_relay/share/tf_relay/hook/ament_prefix_path.sh'
[0.580s] INFO:colcon.colcon_core.shell:Skip shell extension 'powershell' for command environment: Not usable outside of PowerShell
[0.580s] DEBUG:colcon.colcon_core.shell:Skip shell extension 'dsv' for command environment
[0.606s] DEBUG:colcon.colcon_core.event_handler.log_command:Invoking command in '/home/auro/Auro3.0/build/auro_interfaces': CMAKE_PREFIX_PATH=${CMAKE_PREFIX_PATH}:/home/auro/Auro3.0/install/tf_relay:/home/auro/Auro3.0/install/solution:/home/auro/Auro3.0/install/assessment:/home/auro/turtlebot3_ws/install/turtlebot3_teleop:/home/auro/turtlebot3_ws/install/turtlebot3_example:/opt/ros/humble /usr/bin/cmake --build /home/auro/Auro3.0/build/auro_interfaces -- -j4 -l4
[0.616s] DEBUG:colcon.colcon_core.event_handler.log_command:Invoking command in '/home/auro/Auro3.0/build/assessment_interfaces': CMAKE_PREFIX_PATH=${CMAKE_PREFIX_PATH}:/home/auro/Auro3.0/install/tf_relay:/home/auro/Auro3.0/install/solution:/home/auro/Auro3.0/install/assessment:/home/auro/turtlebot3_ws/install/turtlebot3_teleop:/home/auro/turtlebot3_ws/install/turtlebot3_example:/opt/ros/humble /usr/bin/cmake --build /home/auro/Auro3.0/build/assessment_interfaces -- -j4 -l4
[1.178s] INFO:colcon.colcon_core.task.python.build:Building Python package in '/home/auro/Auro3.0/solution'
[1.179s] INFO:colcon.colcon_core.shell:Skip shell extension 'powershell' for command environment: Not usable outside of PowerShell
[1.179s] DEBUG:colcon.colcon_core.shell:Skip shell extension 'dsv' for command environment
[1.568s] INFO:colcon.colcon_core.task.python.build:Building Python package in '/home/auro/Auro3.0/tf_relay'
[1.569s] INFO:colcon.colcon_core.shell:Skip shell extension 'powershell' for command environment: Not usable outside of PowerShell
[1.569s] DEBUG:colcon.colcon_core.shell:Skip shell extension 'dsv' for command environment
[1.582s] DEBUG:colcon.colcon_core.event_handler.log_command:Invoked command in '/home/auro/Auro3.0/build/assessment_interfaces' returned '0': CMAKE_PREFIX_PATH=${CMAKE_PREFIX_PATH}:/home/auro/Auro3.0/install/tf_relay:/home/auro/Auro3.0/install/solution:/home/auro/Auro3.0/install/assessment:/home/auro/turtlebot3_ws/install/turtlebot3_teleop:/home/auro/turtlebot3_ws/install/turtlebot3_example:/opt/ros/humble /usr/bin/cmake --build /home/auro/Auro3.0/build/assessment_interfaces -- -j4 -l4
[1.595s] DEBUG:colcon.colcon_core.event_handler.log_command:Invoked command in '/home/auro/Auro3.0/build/auro_interfaces' returned '0': CMAKE_PREFIX_PATH=${CMAKE_PREFIX_PATH}:/home/auro/Auro3.0/install/tf_relay:/home/auro/Auro3.0/install/solution:/home/auro/Auro3.0/install/assessment:/home/auro/turtlebot3_ws/install/turtlebot3_teleop:/home/auro/turtlebot3_ws/install/turtlebot3_example:/opt/ros/humble /usr/bin/cmake --build /home/auro/Auro3.0/build/auro_interfaces -- -j4 -l4
[2.012s] DEBUG:colcon.colcon_core.event_handler.log_command:Invoking command in '/home/auro/Auro3.0/build/assessment_interfaces': CMAKE_PREFIX_PATH=${CMAKE_PREFIX_PATH}:/home/auro/Auro3.0/install/tf_relay:/home/auro/Auro3.0/install/solution:/home/auro/Auro3.0/install/assessment:/home/auro/turtlebot3_ws/install/turtlebot3_teleop:/home/auro/turtlebot3_ws/install/turtlebot3_example:/opt/ros/humble /usr/bin/cmake --install /home/auro/Auro3.0/build/assessment_interfaces
[2.166s] DEBUG:colcon.colcon_core.event_handler.log_command:Invoking command in '/home/auro/Auro3.0/build/solution': PYTHONPATH=/home/auro/Auro3.0/build/solution/prefix_override:/usr/lib/python3/dist-packages/colcon_core/task/python/colcon_distutils_commands:/home/auro/Auro3.0/install/solution/lib/python3.10/site-packages:${PYTHONPATH} /usr/bin/python3 -W ignore:setup.py install is deprecated setup.py develop --editable --build-directory /home/auro/Auro3.0/build/solution/build --no-deps symlink_data
[2.170s] DEBUG:colcon.colcon_core.event_handler.log_command:Invoking command in '/home/auro/Auro3.0/build/auro_interfaces': CMAKE_PREFIX_PATH=${CMAKE_PREFIX_PATH}:/home/auro/Auro3.0/install/tf_relay:/home/auro/Auro3.0/install/solution:/home/auro/Auro3.0/install/assessment:/home/auro/turtlebot3_ws/install/turtlebot3_teleop:/home/auro/turtlebot3_ws/install/turtlebot3_example:/opt/ros/humble /usr/bin/cmake --install /home/auro/Auro3.0/build/auro_interfaces
[2.170s] Level 1:colcon.colcon_core.environment:create_environment_scripts_only(assessment_interfaces)
[2.173s] Level 1:colcon.colcon_core.environment:checking '/home/auro/Auro3.0/install/assessment_interfaces' for CMake module files
[2.174s] DEBUG:colcon.colcon_core.event_handler.log_command:Invoked command in '/home/auro/Auro3.0/build/assessment_interfaces' returned '0': CMAKE_PREFIX_PATH=${CMAKE_PREFIX_PATH}:/home/auro/Auro3.0/install/tf_relay:/home/auro/Auro3.0/install/solution:/home/auro/Auro3.0/install/assessment:/home/auro/turtlebot3_ws/install/turtlebot3_teleop:/home/auro/turtlebot3_ws/install/turtlebot3_example:/opt/ros/humble /usr/bin/cmake --install /home/auro/Auro3.0/build/assessment_interfaces
[2.175s] Level 1:colcon.colcon_core.environment:checking '/home/auro/Auro3.0/install/assessment_interfaces' for CMake config files
[2.177s] Level 1:colcon.colcon_core.shell:create_environment_hook('assessment_interfaces', 'cmake_prefix_path')
[2.177s] INFO:colcon.colcon_core.shell:Creating environment hook '/home/auro/Auro3.0/install/assessment_interfaces/share/assessment_interfaces/hook/cmake_prefix_path.ps1'
[2.178s] INFO:colcon.colcon_core.shell:Creating environment descriptor '/home/auro/Auro3.0/install/assessment_interfaces/share/assessment_interfaces/hook/cmake_prefix_path.dsv'
[2.178s] INFO:colcon.colcon_core.shell:Creating environment hook '/home/auro/Auro3.0/install/assessment_interfaces/share/assessment_interfaces/hook/cmake_prefix_path.sh'
[2.180s] Level 1:colcon.colcon_core.environment:checking '/home/auro/Auro3.0/install/assessment_interfaces/lib'
[2.180s] Level 1:colcon.colcon_core.shell:create_environment_hook('assessment_interfaces', 'ld_library_path_lib')
[2.180s] INFO:colcon.colcon_core.shell:Creating environment hook '/home/auro/Auro3.0/install/assessment_interfaces/share/assessment_interfaces/hook/ld_library_path_lib.ps1'
[2.182s] INFO:colcon.colcon_core.shell:Creating environment descriptor '/home/auro/Auro3.0/install/assessment_interfaces/share/assessment_interfaces/hook/ld_library_path_lib.dsv'
[2.187s] INFO:colcon.colcon_core.shell:Creating environment hook '/home/auro/Auro3.0/install/assessment_interfaces/share/assessment_interfaces/hook/ld_library_path_lib.sh'
[2.191s] Level 1:colcon.colcon_core.environment:checking '/home/auro/Auro3.0/install/assessment_interfaces/bin'
[2.191s] Level 1:colcon.colcon_core.environment:checking '/home/auro/Auro3.0/install/assessment_interfaces/lib/pkgconfig/assessment_interfaces.pc'
[2.191s] Level 1:colcon.colcon_core.environment:checking '/home/auro/Auro3.0/install/assessment_interfaces/lib/python3.10/site-packages'
[2.191s] Level 1:colcon.colcon_core.environment:checking '/home/auro/Auro3.0/install/assessment_interfaces/bin'
[2.192s] INFO:colcon.colcon_core.shell:Creating package script '/home/auro/Auro3.0/install/assessment_interfaces/share/assessment_interfaces/package.ps1'
[2.193s] INFO:colcon.colcon_core.shell:Creating package descriptor '/home/auro/Auro3.0/install/assessment_interfaces/share/assessment_interfaces/package.dsv'
[2.196s] INFO:colcon.colcon_core.shell:Creating package script '/home/auro/Auro3.0/install/assessment_interfaces/share/assessment_interfaces/package.sh'
[2.197s] INFO:colcon.colcon_core.shell:Creating package script '/home/auro/Auro3.0/install/assessment_interfaces/share/assessment_interfaces/package.bash'
[2.198s] INFO:colcon.colcon_core.shell:Creating package script '/home/auro/Auro3.0/install/assessment_interfaces/share/assessment_interfaces/package.zsh'
[2.199s] Level 1:colcon.colcon_core.environment:create_file_with_runtime_dependencies(/home/auro/Auro3.0/install/assessment_interfaces/share/colcon-core/packages/assessment_interfaces)
[2.218s] DEBUG:colcon.colcon_core.event_handler.log_command:Invoking command in '/home/auro/Auro3.0/build/tf_relay': PYTHONPATH=/home/auro/Auro3.0/build/tf_relay/prefix_override:/usr/lib/python3/dist-packages/colcon_core/task/python/colcon_distutils_commands:/home/auro/Auro3.0/install/tf_relay/lib/python3.10/site-packages:${PYTHONPATH} /usr/bin/python3 -W ignore:setup.py install is deprecated setup.py develop --editable --build-directory /home/auro/Auro3.0/build/tf_relay/build --no-deps symlink_data
[2.332s] Level 1:colcon.colcon_core.environment:create_environment_scripts_only(auro_interfaces)
[2.334s] DEBUG:colcon.colcon_core.event_handler.log_command:Invoked command in '/home/auro/Auro3.0/build/auro_interfaces' returned '0': CMAKE_PREFIX_PATH=${CMAKE_PREFIX_PATH}:/home/auro/Auro3.0/install/tf_relay:/home/auro/Auro3.0/install/solution:/home/auro/Auro3.0/install/assessment:/home/auro/turtlebot3_ws/install/turtlebot3_teleop:/home/auro/turtlebot3_ws/install/turtlebot3_example:/opt/ros/humble /usr/bin/cmake --install /home/auro/Auro3.0/build/auro_interfaces
[2.335s] Level 1:colcon.colcon_core.environment:checking '/home/auro/Auro3.0/install/auro_interfaces' for CMake module files
[2.339s] Level 1:colcon.colcon_core.environment:checking '/home/auro/Auro3.0/install/auro_interfaces' for CMake config files
[2.343s] Level 1:colcon.colcon_core.shell:create_environment_hook('auro_interfaces', 'cmake_prefix_path')
[2.343s] INFO:colcon.colcon_core.shell:Creating environment hook '/home/auro/Auro3.0/install/auro_interfaces/share/auro_interfaces/hook/cmake_prefix_path.ps1'
[2.344s] INFO:colcon.colcon_core.shell:Creating environment descriptor '/home/auro/Auro3.0/install/auro_interfaces/share/auro_interfaces/hook/cmake_prefix_path.dsv'
[2.346s] INFO:colcon.colcon_core.shell:Creating environment hook '/home/auro/Auro3.0/install/auro_interfaces/share/auro_interfaces/hook/cmake_prefix_path.sh'
[2.347s] Level 1:colcon.colcon_core.environment:checking '/home/auro/Auro3.0/install/auro_interfaces/lib'
[2.347s] Level 1:colcon.colcon_core.shell:create_environment_hook('auro_interfaces', 'ld_library_path_lib')
[2.348s] INFO:colcon.colcon_core.shell:Creating environment hook '/home/auro/Auro3.0/install/auro_interfaces/share/auro_interfaces/hook/ld_library_path_lib.ps1'
[2.349s] INFO:colcon.colcon_core.shell:Creating environment descriptor '/home/auro/Auro3.0/install/auro_interfaces/share/auro_interfaces/hook/ld_library_path_lib.dsv'
[2.350s] INFO:colcon.colcon_core.shell:Creating environment hook '/home/auro/Auro3.0/install/auro_interfaces/share/auro_interfaces/hook/ld_library_path_lib.sh'
[2.350s] Level 1:colcon.colcon_core.environment:checking '/home/auro/Auro3.0/install/auro_interfaces/bin'
[2.350s] Level 1:colcon.colcon_core.environment:checking '/home/auro/Auro3.0/install/auro_interfaces/lib/pkgconfig/auro_interfaces.pc'
[2.351s] Level 1:colcon.colcon_core.environment:checking '/home/auro/Auro3.0/install/auro_interfaces/lib/python3.10/site-packages'
[2.351s] Level 1:colcon.colcon_core.environment:checking '/home/auro/Auro3.0/install/auro_interfaces/bin'
[2.352s] INFO:colcon.colcon_core.shell:Creating package script '/home/auro/Auro3.0/install/auro_interfaces/share/auro_interfaces/package.ps1'
[2.352s] INFO:colcon.colcon_core.shell:Creating package descriptor '/home/auro/Auro3.0/install/auro_interfaces/share/auro_interfaces/package.dsv'
[2.353s] INFO:colcon.colcon_core.shell:Creating package script '/home/auro/Auro3.0/install/auro_interfaces/share/auro_interfaces/package.sh'
[2.353s] INFO:colcon.colcon_core.shell:Creating package script '/home/auro/Auro3.0/install/auro_interfaces/share/auro_interfaces/package.bash'
[2.354s] INFO:colcon.colcon_core.shell:Creating package script '/home/auro/Auro3.0/install/auro_interfaces/share/auro_interfaces/package.zsh'
[2.355s] Level 1:colcon.colcon_core.environment:create_file_with_runtime_dependencies(/home/auro/Auro3.0/install/auro_interfaces/share/colcon-core/packages/auro_interfaces)
[2.629s] Level 1:colcon.colcon_core.environment:create_environment_scripts_only(assessment_interfaces)
[2.629s] Level 1:colcon.colcon_core.environment:checking '/home/auro/Auro3.0/install/assessment_interfaces' for CMake module files
[2.630s] Level 1:colcon.colcon_core.environment:checking '/home/auro/Auro3.0/install/assessment_interfaces' for CMake config files
[2.632s] Level 1:colcon.colcon_core.shell:create_environment_hook('assessment_interfaces', 'cmake_prefix_path')
[2.632s] INFO:colcon.colcon_core.shell:Creating environment hook '/home/auro/Auro3.0/install/assessment_interfaces/share/assessment_interfaces/hook/cmake_prefix_path.ps1'
[2.633s] INFO:colcon.colcon_core.shell:Creating environment descriptor '/home/auro/Auro3.0/install/assessment_interfaces/share/assessment_interfaces/hook/cmake_prefix_path.dsv'
[2.633s] INFO:colcon.colcon_core.shell:Creating environment hook '/home/auro/Auro3.0/install/assessment_interfaces/share/assessment_interfaces/hook/cmake_prefix_path.sh'
[2.634s] Level 1:colcon.colcon_core.environment:checking '/home/auro/Auro3.0/install/assessment_interfaces/lib'
[2.634s] Level 1:colcon.colcon_core.shell:create_environment_hook('assessment_interfaces', 'ld_library_path_lib')
[2.634s] INFO:colcon.colcon_core.shell:Creating environment hook '/home/auro/Auro3.0/install/assessment_interfaces/share/assessment_interfaces/hook/ld_library_path_lib.ps1'
[2.635s] INFO:colcon.colcon_core.shell:Creating environment descriptor '/home/auro/Auro3.0/install/assessment_interfaces/share/assessment_interfaces/hook/ld_library_path_lib.dsv'
[2.635s] INFO:colcon.colcon_core.shell:Creating environment hook '/home/auro/Auro3.0/install/assessment_interfaces/share/assessment_interfaces/hook/ld_library_path_lib.sh'
[2.636s] Level 1:colcon.colcon_core.environment:checking '/home/auro/Auro3.0/install/assessment_interfaces/bin'
[2.636s] Level 1:colcon.colcon_core.environment:checking '/home/auro/Auro3.0/install/assessment_interfaces/lib/pkgconfig/assessment_interfaces.pc'
[2.636s] Level 1:colcon.colcon_core.environment:checking '/home/auro/Auro3.0/install/assessment_interfaces/lib/python3.10/site-packages'
[2.637s] Level 1:colcon.colcon_core.environment:checking '/home/auro/Auro3.0/install/assessment_interfaces/bin'
[2.637s] INFO:colcon.colcon_core.shell:Creating package script '/home/auro/Auro3.0/install/assessment_interfaces/share/assessment_interfaces/package.ps1'
[2.638s] INFO:colcon.colcon_core.shell:Creating package descriptor '/home/auro/Auro3.0/install/assessment_interfaces/share/assessment_interfaces/package.dsv'
[2.639s] INFO:colcon.colcon_core.shell:Creating package script '/home/auro/Auro3.0/install/assessment_interfaces/share/assessment_interfaces/package.sh'
[2.639s] INFO:colcon.colcon_core.shell:Creating package script '/home/auro/Auro3.0/install/assessment_interfaces/share/assessment_interfaces/package.bash'
[2.640s] INFO:colcon.colcon_core.shell:Creating package script '/home/auro/Auro3.0/install/assessment_interfaces/share/assessment_interfaces/package.zsh'
[2.642s] Level 1:colcon.colcon_core.environment:create_file_with_runtime_dependencies(/home/auro/Auro3.0/install/assessment_interfaces/share/colcon-core/packages/assessment_interfaces)
[2.891s] Level 1:colcon.colcon_core.shell:create_environment_hook('solution', 'pythonpath_develop')
[2.892s] INFO:colcon.colcon_core.shell:Creating environment hook '/home/auro/Auro3.0/build/solution/share/solution/hook/pythonpath_develop.ps1'
[2.892s] INFO:colcon.colcon_core.shell:Creating environment descriptor '/home/auro/Auro3.0/build/solution/share/solution/hook/pythonpath_develop.dsv'
[2.893s] INFO:colcon.colcon_core.shell:Creating environment hook '/home/auro/Auro3.0/build/solution/share/solution/hook/pythonpath_develop.sh'
[2.894s] DEBUG:colcon.colcon_core.event_handler.log_command:Invoked command in '/home/auro/Auro3.0/build/solution' returned '0': PYTHONPATH=/home/auro/Auro3.0/build/solution/prefix_override:/usr/lib/python3/dist-packages/colcon_core/task/python/colcon_distutils_commands:/home/auro/Auro3.0/install/solution/lib/python3.10/site-packages:${PYTHONPATH} /usr/bin/python3 -W ignore:setup.py install is deprecated setup.py develop --editable --build-directory /home/auro/Auro3.0/build/solution/build --no-deps symlink_data
[2.895s] Level 1:colcon.colcon_core.environment:checking '/home/auro/Auro3.0/install/solution' for CMake module files
[2.896s] Level 1:colcon.colcon_core.environment:checking '/home/auro/Auro3.0/install/solution' for CMake config files
[2.896s] Level 1:colcon.colcon_core.environment:checking '/home/auro/Auro3.0/install/solution/lib'
[2.897s] Level 1:colcon.colcon_core.environment:checking '/home/auro/Auro3.0/install/solution/bin'
[2.897s] Level 1:colcon.colcon_core.environment:checking '/home/auro/Auro3.0/install/solution/lib/pkgconfig/solution.pc'
[2.897s] Level 1:colcon.colcon_core.environment:checking '/home/auro/Auro3.0/install/solution/lib/python3.10/site-packages'
[2.897s] Level 1:colcon.colcon_core.shell:create_environment_hook('solution', 'pythonpath')
[2.897s] INFO:colcon.colcon_core.shell:Creating environment hook '/home/auro/Auro3.0/install/solution/share/solution/hook/pythonpath.ps1'
[2.898s] INFO:colcon.colcon_core.shell:Creating environment descriptor '/home/auro/Auro3.0/install/solution/share/solution/hook/pythonpath.dsv'
[2.899s] INFO:colcon.colcon_core.shell:Creating environment hook '/home/auro/Auro3.0/install/solution/share/solution/hook/pythonpath.sh'
[2.900s] Level 1:colcon.colcon_core.environment:checking '/home/auro/Auro3.0/install/solution/bin'
[2.900s] Level 1:colcon.colcon_core.environment:create_environment_scripts_only(solution)
[2.900s] INFO:colcon.colcon_core.shell:Creating package script '/home/auro/Auro3.0/install/solution/share/solution/package.ps1'
[2.901s] INFO:colcon.colcon_core.shell:Creating package descriptor '/home/auro/Auro3.0/install/solution/share/solution/package.dsv'
[2.902s] INFO:colcon.colcon_core.shell:Creating package script '/home/auro/Auro3.0/install/solution/share/solution/package.sh'
[2.903s] INFO:colcon.colcon_core.shell:Creating package script '/home/auro/Auro3.0/install/solution/share/solution/package.bash'
[2.903s] INFO:colcon.colcon_core.shell:Creating package script '/home/auro/Auro3.0/install/solution/share/solution/package.zsh'
[2.904s] Level 1:colcon.colcon_core.environment:create_file_with_runtime_dependencies(/home/auro/Auro3.0/install/solution/share/colcon-core/packages/solution)
[2.906s] Level 1:colcon.colcon_core.environment:create_environment_scripts_only(auro_interfaces)
[2.906s] Level 1:colcon.colcon_core.environment:checking '/home/auro/Auro3.0/install/auro_interfaces' for CMake module files
[2.907s] Level 1:colcon.colcon_core.environment:checking '/home/auro/Auro3.0/install/auro_interfaces' for CMake config files
[2.909s] Level 1:colcon.colcon_core.shell:create_environment_hook('auro_interfaces', 'cmake_prefix_path')
[2.910s] INFO:colcon.colcon_core.shell:Creating environment hook '/home/auro/Auro3.0/install/auro_interfaces/share/auro_interfaces/hook/cmake_prefix_path.ps1'
[2.910s] INFO:colcon.colcon_core.shell:Creating environment descriptor '/home/auro/Auro3.0/install/auro_interfaces/share/auro_interfaces/hook/cmake_prefix_path.dsv'
[2.911s] INFO:colcon.colcon_core.shell:Creating environment hook '/home/auro/Auro3.0/install/auro_interfaces/share/auro_interfaces/hook/cmake_prefix_path.sh'
[2.912s] Level 1:colcon.colcon_core.environment:checking '/home/auro/Auro3.0/install/auro_interfaces/lib'
[2.912s] Level 1:colcon.colcon_core.shell:create_environment_hook('auro_interfaces', 'ld_library_path_lib')
[2.912s] INFO:colcon.colcon_core.shell:Creating environment hook '/home/auro/Auro3.0/install/auro_interfaces/share/auro_interfaces/hook/ld_library_path_lib.ps1'
[2.913s] INFO:colcon.colcon_core.shell:Creating environment descriptor '/home/auro/Auro3.0/install/auro_interfaces/share/auro_interfaces/hook/ld_library_path_lib.dsv'
[2.913s] INFO:colcon.colcon_core.shell:Creating environment hook '/home/auro/Auro3.0/install/auro_interfaces/share/auro_interfaces/hook/ld_library_path_lib.sh'
[2.914s] Level 1:colcon.colcon_core.environment:checking '/home/auro/Auro3.0/install/auro_interfaces/bin'
[2.914s] Level 1:colcon.colcon_core.environment:checking '/home/auro/Auro3.0/install/auro_interfaces/lib/pkgconfig/auro_interfaces.pc'
[2.914s] Level 1:colcon.colcon_core.environment:checking '/home/auro/Auro3.0/install/auro_interfaces/lib/python3.10/site-packages'
[2.915s] Level 1:colcon.colcon_core.environment:checking '/home/auro/Auro3.0/install/auro_interfaces/bin'
[2.915s] INFO:colcon.colcon_core.shell:Creating package script '/home/auro/Auro3.0/install/auro_interfaces/share/auro_interfaces/package.ps1'
[2.916s] INFO:colcon.colcon_core.shell:Creating package descriptor '/home/auro/Auro3.0/install/auro_interfaces/share/auro_interfaces/package.dsv'
[2.917s] INFO:colcon.colcon_core.shell:Creating package script '/home/auro/Auro3.0/install/auro_interfaces/share/auro_interfaces/package.sh'
[2.917s] INFO:colcon.colcon_core.shell:Creating package script '/home/auro/Auro3.0/install/auro_interfaces/share/auro_interfaces/package.bash'
[2.918s] INFO:colcon.colcon_core.shell:Creating package script '/home/auro/Auro3.0/install/auro_interfaces/share/auro_interfaces/package.zsh'
[2.919s] Level 1:colcon.colcon_core.environment:create_file_with_runtime_dependencies(/home/auro/Auro3.0/install/auro_interfaces/share/colcon-core/packages/auro_interfaces)
[2.919s] INFO:colcon.colcon_ros.task.ament_python.build:Building ROS package in '/home/auro/Auro3.0/assessment' with build type 'ament_python'
[2.919s] Level 1:colcon.colcon_core.shell:create_environment_hook('assessment', 'ament_prefix_path')
[2.920s] INFO:colcon.colcon_core.shell:Creating environment hook '/home/auro/Auro3.0/install/assessment/share/assessment/hook/ament_prefix_path.ps1'
[2.921s] INFO:colcon.colcon_core.shell:Creating environment descriptor '/home/auro/Auro3.0/install/assessment/share/assessment/hook/ament_prefix_path.dsv'
[2.922s] INFO:colcon.colcon_core.shell:Creating environment hook '/home/auro/Auro3.0/install/assessment/share/assessment/hook/ament_prefix_path.sh'
[2.923s] INFO:colcon.colcon_core.shell:Skip shell extension 'powershell' for command environment: Not usable outside of PowerShell
[2.923s] DEBUG:colcon.colcon_core.shell:Skip shell extension 'dsv' for command environment
[3.284s] INFO:colcon.colcon_core.task.python.build:Building Python package in '/home/auro/Auro3.0/assessment'
[3.285s] INFO:colcon.colcon_core.shell:Skip shell extension 'powershell' for command environment: Not usable outside of PowerShell
[3.285s] DEBUG:colcon.colcon_core.shell:Skip shell extension 'dsv' for command environment
[3.293s] Level 1:colcon.colcon_core.shell:create_environment_hook('tf_relay', 'pythonpath_develop')
[3.293s] INFO:colcon.colcon_core.shell:Creating environment hook '/home/auro/Auro3.0/build/tf_relay/share/tf_relay/hook/pythonpath_develop.ps1'
[3.294s] DEBUG:colcon.colcon_core.event_handler.log_command:Invoked command in '/home/auro/Auro3.0/build/tf_relay' returned '0': PYTHONPATH=/home/auro/Auro3.0/build/tf_relay/prefix_override:/usr/lib/python3/dist-packages/colcon_core/task/python/colcon_distutils_commands:/home/auro/Auro3.0/install/tf_relay/lib/python3.10/site-packages:${PYTHONPATH} /usr/bin/python3 -W ignore:setup.py install is deprecated setup.py develop --editable --build-directory /home/auro/Auro3.0/build/tf_relay/build --no-deps symlink_data
[3.294s] INFO:colcon.colcon_core.shell:Creating environment descriptor '/home/auro/Auro3.0/build/tf_relay/share/tf_relay/hook/pythonpath_develop.dsv'
[3.295s] INFO:colcon.colcon_core.shell:Creating environment hook '/home/auro/Auro3.0/build/tf_relay/share/tf_relay/hook/pythonpath_develop.sh'
[3.296s] Level 1:colcon.colcon_core.environment:checking '/home/auro/Auro3.0/install/tf_relay' for CMake module files
[3.296s] Level 1:colcon.colcon_core.environment:checking '/home/auro/Auro3.0/install/tf_relay' for CMake config files
[3.296s] Level 1:colcon.colcon_core.environment:checking '/home/auro/Auro3.0/install/tf_relay/lib'
[3.297s] Level 1:colcon.colcon_core.environment:checking '/home/auro/Auro3.0/install/tf_relay/bin'
[3.297s] Level 1:colcon.colcon_core.environment:checking '/home/auro/Auro3.0/install/tf_relay/lib/pkgconfig/tf_relay.pc'
[3.297s] Level 1:colcon.colcon_core.environment:checking '/home/auro/Auro3.0/install/tf_relay/lib/python3.10/site-packages'
[3.297s] Level 1:colcon.colcon_core.shell:create_environment_hook('tf_relay', 'pythonpath')
[3.298s] INFO:colcon.colcon_core.shell:Creating environment hook '/home/auro/Auro3.0/install/tf_relay/share/tf_relay/hook/pythonpath.ps1'
[3.298s] INFO:colcon.colcon_core.shell:Creating environment descriptor '/home/auro/Auro3.0/install/tf_relay/share/tf_relay/hook/pythonpath.dsv'
[3.299s] INFO:colcon.colcon_core.shell:Creating environment hook '/home/auro/Auro3.0/install/tf_relay/share/tf_relay/hook/pythonpath.sh'
[3.299s] Level 1:colcon.colcon_core.environment:checking '/home/auro/Auro3.0/install/tf_relay/bin'
[3.300s] Level 1:colcon.colcon_core.environment:create_environment_scripts_only(tf_relay)
[3.300s] INFO:colcon.colcon_core.shell:Creating package script '/home/auro/Auro3.0/install/tf_relay/share/tf_relay/package.ps1'
[3.301s] INFO:colcon.colcon_core.shell:Creating package descriptor '/home/auro/Auro3.0/install/tf_relay/share/tf_relay/package.dsv'
[3.301s] INFO:colcon.colcon_core.shell:Creating package script '/home/auro/Auro3.0/install/tf_relay/share/tf_relay/package.sh'
[3.302s] INFO:colcon.colcon_core.shell:Creating package script '/home/auro/Auro3.0/install/tf_relay/share/tf_relay/package.bash'
[3.302s] INFO:colcon.colcon_core.shell:Creating package script '/home/auro/Auro3.0/install/tf_relay/share/tf_relay/package.zsh'
[3.303s] Level 1:colcon.colcon_core.environment:create_file_with_runtime_dependencies(/home/auro/Auro3.0/install/tf_relay/share/colcon-core/packages/tf_relay)
[3.804s] DEBUG:colcon.colcon_core.event_handler.log_command:Invoking command in '/home/auro/Auro3.0/build/assessment': LD_LIBRARY_PATH=/home/auro/Auro3.0/install/auro_interfaces/lib:/home/auro/Auro3.0/install/assessment_interfaces/lib:/home/auro/turtlebot3_ws/install/turtlebot3_msgs/lib:/home/auro/turtlebot3_ws/install/dynamixel_sdk_custom_interfaces/lib:/home/auro/turtlebot3_ws/install/dynamixel_sdk/lib:/usr/lib/x86_64-linux-gnu/gazebo-11/plugins:/opt/ros/humble/opt/rviz_ogre_vendor/lib:/opt/ros/humble/lib/x86_64-linux-gnu:/opt/ros/humble/lib:/usr/lib/x86_64-linux-gnu/gazebo-11/plugins PYTHONPATH=/home/auro/Auro3.0/build/assessment/prefix_override:/usr/lib/python3/dist-packages/colcon_core/task/python/colcon_distutils_commands:/home/auro/Auro3.0/install/assessment/lib/python3.10/site-packages:${PYTHONPATH} /usr/bin/python3 -W ignore:setup.py install is deprecated setup.py develop --editable --build-directory /home/auro/Auro3.0/build/assessment/build --no-deps symlink_data
[4.450s] Level 1:colcon.colcon_core.shell:create_environment_hook('assessment', 'pythonpath_develop')
[4.450s] INFO:colcon.colcon_core.shell:Creating environment hook '/home/auro/Auro3.0/build/assessment/share/assessment/hook/pythonpath_develop.ps1'
[4.451s] DEBUG:colcon.colcon_core.event_handler.log_command:Invoked command in '/home/auro/Auro3.0/build/assessment' returned '0': LD_LIBRARY_PATH=/home/auro/Auro3.0/install/auro_interfaces/lib:/home/auro/Auro3.0/install/assessment_interfaces/lib:/home/auro/turtlebot3_ws/install/turtlebot3_msgs/lib:/home/auro/turtlebot3_ws/install/dynamixel_sdk_custom_interfaces/lib:/home/auro/turtlebot3_ws/install/dynamixel_sdk/lib:/usr/lib/x86_64-linux-gnu/gazebo-11/plugins:/opt/ros/humble/opt/rviz_ogre_vendor/lib:/opt/ros/humble/lib/x86_64-linux-gnu:/opt/ros/humble/lib:/usr/lib/x86_64-linux-gnu/gazebo-11/plugins PYTHONPATH=/home/auro/Auro3.0/build/assessment/prefix_override:/usr/lib/python3/dist-packages/colcon_core/task/python/colcon_distutils_commands:/home/auro/Auro3.0/install/assessment/lib/python3.10/site-packages:${PYTHONPATH} /usr/bin/python3 -W ignore:setup.py install is deprecated setup.py develop --editable --build-directory /home/auro/Auro3.0/build/assessment/build --no-deps symlink_data
[4.452s] INFO:colcon.colcon_core.shell:Creating environment descriptor '/home/auro/Auro3.0/build/assessment/share/assessment/hook/pythonpath_develop.dsv'
[4.452s] INFO:colcon.colcon_core.shell:Creating environment hook '/home/auro/Auro3.0/build/assessment/share/assessment/hook/pythonpath_develop.sh'
[4.453s] Level 1:colcon.colcon_core.environment:checking '/home/auro/Auro3.0/install/assessment' for CMake module files
[4.453s] Level 1:colcon.colcon_core.environment:checking '/home/auro/Auro3.0/install/assessment' for CMake config files
[4.454s] Level 1:colcon.colcon_core.environment:checking '/home/auro/Auro3.0/install/assessment/lib'
[4.454s] Level 1:colcon.colcon_core.environment:checking '/home/auro/Auro3.0/install/assessment/bin'
[4.454s] Level 1:colcon.colcon_core.environment:checking '/home/auro/Auro3.0/install/assessment/lib/pkgconfig/assessment.pc'
[4.455s] Level 1:colcon.colcon_core.environment:checking '/home/auro/Auro3.0/install/assessment/lib/python3.10/site-packages'
[4.455s] Level 1:colcon.colcon_core.shell:create_environment_hook('assessment', 'pythonpath')
[4.455s] INFO:colcon.colcon_core.shell:Creating environment hook '/home/auro/Auro3.0/install/assessment/share/assessment/hook/pythonpath.ps1'
[4.456s] INFO:colcon.colcon_core.shell:Creating environment descriptor '/home/auro/Auro3.0/install/assessment/share/assessment/hook/pythonpath.dsv'
[4.456s] INFO:colcon.colcon_core.shell:Creating environment hook '/home/auro/Auro3.0/install/assessment/share/assessment/hook/pythonpath.sh'
[4.457s] Level 1:colcon.colcon_core.environment:checking '/home/auro/Auro3.0/install/assessment/bin'
[4.457s] Level 1:colcon.colcon_core.environment:create_environment_scripts_only(assessment)
[4.457s] INFO:colcon.colcon_core.shell:Creating package script '/home/auro/Auro3.0/install/assessment/share/assessment/package.ps1'
[4.458s] INFO:colcon.colcon_core.shell:Creating package descriptor '/home/auro/Auro3.0/install/assessment/share/assessment/package.dsv'
[4.458s] INFO:colcon.colcon_core.shell:Creating package script '/home/auro/Auro3.0/install/assessment/share/assessment/package.sh'
[4.459s] INFO:colcon.colcon_core.shell:Creating package script '/home/auro/Auro3.0/install/assessment/share/assessment/package.bash'
[4.459s] INFO:colcon.colcon_core.shell:Creating package script '/home/auro/Auro3.0/install/assessment/share/assessment/package.zsh'
[4.460s] Level 1:colcon.colcon_core.environment:create_file_with_runtime_dependencies(/home/auro/Auro3.0/install/assessment/share/colcon-core/packages/assessment)
[4.460s] DEBUG:colcon.colcon_parallel_executor.executor.parallel:closing loop
[4.461s] DEBUG:colcon.colcon_parallel_executor.executor.parallel:loop closed
[4.461s] DEBUG:colcon.colcon_parallel_executor.executor.parallel:run_until_complete finished with '0'
[4.461s] DEBUG:colcon.colcon_core.event_reactor:joining thread
[4.471s] INFO:colcon.colcon_core.plugin_system:Skipping extension 'colcon_notification.desktop_notification.terminal_notifier': Not used on non-Darwin systems
[4.471s] INFO:colcon.colcon_core.plugin_system:Skipping extension 'colcon_notification.desktop_notification.win32': Not used on non-Windows systems
[4.471s] INFO:colcon.colcon_notification.desktop_notification:Sending desktop notification using 'notify2'
[4.487s] DEBUG:colcon.colcon_core.event_reactor:joined thread
[4.488s] INFO:colcon.colcon_core.shell:Creating prefix script '/home/auro/Auro3.0/install/local_setup.ps1'
[4.489s] INFO:colcon.colcon_core.shell:Creating prefix util module '/home/auro/Auro3.0/install/_local_setup_util_ps1.py'
[4.491s] INFO:colcon.colcon_core.shell:Creating prefix chain script '/home/auro/Auro3.0/install/setup.ps1'
[4.493s] INFO:colcon.colcon_core.shell:Creating prefix script '/home/auro/Auro3.0/install/local_setup.sh'
[4.495s] INFO:colcon.colcon_core.shell:Creating prefix util module '/home/auro/Auro3.0/install/_local_setup_util_sh.py'
[4.496s] INFO:colcon.colcon_core.shell:Creating prefix chain script '/home/auro/Auro3.0/install/setup.sh'
[4.499s] INFO:colcon.colcon_core.shell:Creating prefix script '/home/auro/Auro3.0/install/local_setup.bash'
[4.501s] INFO:colcon.colcon_core.shell:Creating prefix chain script '/home/auro/Auro3.0/install/setup.bash'
[4.503s] INFO:colcon.colcon_core.shell:Creating prefix script '/home/auro/Auro3.0/install/local_setup.zsh'
[4.505s] INFO:colcon.colcon_core.shell:Creating prefix chain script '/home/auro/Auro3.0/install/setup.zsh'
