[0.312s] DEBUG:colcon:Command line arguments: ['/usr/bin/colcon', 'build', '--symlink-install']
[0.312s] DEBUG:colcon:Parsed command line arguments: Namespace(log_base=None, log_level=None, verb_name='build', build_base='build', install_base='install', merge_install=False, symlink_install=True, test_result_base=None, continue_on_error=False, executor='parallel', parallel_workers=4, event_handlers=None, ignore_user_meta=False, metas=['./colcon.meta'], base_paths=['.'], packages_ignore=None, packages_ignore_regex=None, paths=None, packages_up_to=None, packages_up_to_regex=None, packages_above=None, packages_above_and_dependencies=None, packages_above_depth=None, packages_select_by_dep=None, packages_skip_by_dep=None, packages_skip_up_to=None, packages_select_build_failed=False, packages_skip_build_finished=False, packages_select_test_failures=False, packages_skip_test_passed=False, packages_select=None, packages_skip=None, packages_select_regex=None, packages_skip_regex=None, packages_start=None, packages_end=None, allow_overriding=[], cmake_args=None, cmake_target=None, cmake_target_skip_unavailable=False, cmake_clean_cache=False, cmake_clean_first=False, cmake_force_configure=False, ament_cmake_args=None, catkin_cmake_args=None, catkin_skip_building_tests=False, mixin_files=None, mixin=None, verb_parser=<colcon_mixin.mixin.mixin_argument.MixinArgumentDecorator object at 0x7bdb52d94040>, verb_extension=<colcon_core.verb.build.BuildVerb object at 0x7bdb52ef1420>, main=<bound method BuildVerb.main of <colcon_core.verb.build.BuildVerb object at 0x7bdb52ef1420>>, mixin_verb=('build',))
[0.706s] Level 1:colcon.colcon_core.package_discovery:discover_packages(colcon_meta) check parameters
[0.707s] Level 1:colcon.colcon_core.package_discovery:discover_packages(recursive) check parameters
[0.707s] Level 1:colcon.colcon_core.package_discovery:discover_packages(ignore) check parameters
[0.707s] Level 1:colcon.colcon_core.package_discovery:discover_packages(path) check parameters
[0.707s] Level 1:colcon.colcon_core.package_discovery:discover_packages(colcon_meta) discover
[0.707s] Level 1:colcon.colcon_core.package_discovery:discover_packages(recursive) discover
[0.707s] INFO:colcon.colcon_core.package_discovery:Crawling recursively for packages in '/home/auro/Auro_Revised'
[0.707s] Level 1:colcon.colcon_core.package_identification:_identify(.) by extensions ['ignore', 'ignore_ament_install']
[0.707s] Level 1:colcon.colcon_core.package_identification:_identify(.) by extension 'ignore'
[0.707s] Level 1:colcon.colcon_core.package_identification:_identify(.) by extension 'ignore_ament_install'
[0.708s] Level 1:colcon.colcon_core.package_identification:_identify(.) by extensions ['colcon_pkg']
[0.708s] Level 1:colcon.colcon_core.package_identification:_identify(.) by extension 'colcon_pkg'
[0.708s] Level 1:colcon.colcon_core.package_identification:_identify(.) by extensions ['colcon_meta']
[0.708s] Level 1:colcon.colcon_core.package_identification:_identify(.) by extension 'colcon_meta'
[0.708s] Level 1:colcon.colcon_core.package_identification:_identify(.) by extensions ['ros']
[0.708s] Level 1:colcon.colcon_core.package_identification:_identify(.) by extension 'ros'
[0.751s] Level 1:colcon.colcon_core.package_identification:_identify(.) by extensions ['cmake', 'python']
[0.751s] Level 1:colcon.colcon_core.package_identification:_identify(.) by extension 'cmake'
[0.751s] Level 1:colcon.colcon_core.package_identification:_identify(.) by extension 'python'
[0.751s] Level 1:colcon.colcon_core.package_identification:_identify(.) by extensions ['python_setup_py']
[0.751s] Level 1:colcon.colcon_core.package_identification:_identify(.) by extension 'python_setup_py'
[0.751s] Level 1:colcon.colcon_core.package_identification:_identify(assessment) by extensions ['ignore', 'ignore_ament_install']
[0.752s] Level 1:colcon.colcon_core.package_identification:_identify(assessment) by extension 'ignore'
[0.752s] Level 1:colcon.colcon_core.package_identification:_identify(assessment) by extension 'ignore_ament_install'
[0.752s] Level 1:colcon.colcon_core.package_identification:_identify(assessment) by extensions ['colcon_pkg']
[0.752s] Level 1:colcon.colcon_core.package_identification:_identify(assessment) by extension 'colcon_pkg'
[0.752s] Level 1:colcon.colcon_core.package_identification:_identify(assessment) by extensions ['colcon_meta']
[0.752s] Level 1:colcon.colcon_core.package_identification:_identify(assessment) by extension 'colcon_meta'
[0.752s] Level 1:colcon.colcon_core.package_identification:_identify(assessment) by extensions ['ros']
[0.752s] Level 1:colcon.colcon_core.package_identification:_identify(assessment) by extension 'ros'
[0.756s] DEBUG:colcon.colcon_core.package_identification:Package 'assessment' with type 'ros.ament_python' and name 'assessment'
[0.756s] Level 1:colcon.colcon_core.package_identification:_identify(assessment_interfaces) by extensions ['ignore', 'ignore_ament_install']
[0.757s] Level 1:colcon.colcon_core.package_identification:_identify(assessment_interfaces) by extension 'ignore'
[0.757s] Level 1:colcon.colcon_core.package_identification:_identify(assessment_interfaces) by extension 'ignore_ament_install'
[0.757s] Level 1:colcon.colcon_core.package_identification:_identify(assessment_interfaces) by extensions ['colcon_pkg']
[0.757s] Level 1:colcon.colcon_core.package_identification:_identify(assessment_interfaces) by extension 'colcon_pkg'
[0.757s] Level 1:colcon.colcon_core.package_identification:_identify(assessment_interfaces) by extensions ['colcon_meta']
[0.757s] Level 1:colcon.colcon_core.package_identification:_identify(assessment_interfaces) by extension 'colcon_meta'
[0.757s] Level 1:colcon.colcon_core.package_identification:_identify(assessment_interfaces) by extensions ['ros']
[0.757s] Level 1:colcon.colcon_core.package_identification:_identify(assessment_interfaces) by extension 'ros'
[0.758s] DEBUG:colcon.colcon_core.package_identification:Package 'assessment_interfaces' with type 'ros.ament_cmake' and name 'assessment_interfaces'
[0.758s] Level 1:colcon.colcon_core.package_identification:_identify(auro_interfaces) by extensions ['ignore', 'ignore_ament_install']
[0.758s] Level 1:colcon.colcon_core.package_identification:_identify(auro_interfaces) by extension 'ignore'
[0.758s] Level 1:colcon.colcon_core.package_identification:_identify(auro_interfaces) by extension 'ignore_ament_install'
[0.759s] Level 1:colcon.colcon_core.package_identification:_identify(auro_interfaces) by extensions ['colcon_pkg']
[0.759s] Level 1:colcon.colcon_core.package_identification:_identify(auro_interfaces) by extension 'colcon_pkg'
[0.759s] Level 1:colcon.colcon_core.package_identification:_identify(auro_interfaces) by extensions ['colcon_meta']
[0.759s] Level 1:colcon.colcon_core.package_identification:_identify(auro_interfaces) by extension 'colcon_meta'
[0.759s] Level 1:colcon.colcon_core.package_identification:_identify(auro_interfaces) by extensions ['ros']
[0.759s] Level 1:colcon.colcon_core.package_identification:_identify(auro_interfaces) by extension 'ros'
[0.760s] DEBUG:colcon.colcon_core.package_identification:Package 'auro_interfaces' with type 'ros.ament_cmake' and name 'auro_interfaces'
[0.760s] Level 1:colcon.colcon_core.package_identification:_identify(build) by extensions ['ignore', 'ignore_ament_install']
[0.761s] Level 1:colcon.colcon_core.package_identification:_identify(build) by extension 'ignore'
[0.761s] Level 1:colcon.colcon_core.package_identification:_identify(build) ignored
[0.761s] Level 1:colcon.colcon_core.package_identification:_identify(install) by extensions ['ignore', 'ignore_ament_install']
[0.761s] Level 1:colcon.colcon_core.package_identification:_identify(install) by extension 'ignore'
[0.761s] Level 1:colcon.colcon_core.package_identification:_identify(install) ignored
[0.762s] Level 1:colcon.colcon_core.package_identification:_identify(log) by extensions ['ignore', 'ignore_ament_install']
[0.762s] Level 1:colcon.colcon_core.package_identification:_identify(log) by extension 'ignore'
[0.762s] Level 1:colcon.colcon_core.package_identification:_identify(log) ignored
[0.763s] Level 1:colcon.colcon_core.package_identification:_identify(solution) by extensions ['ignore', 'ignore_ament_install']
[0.764s] Level 1:colcon.colcon_core.package_identification:_identify(solution) by extension 'ignore'
[0.764s] Level 1:colcon.colcon_core.package_identification:_identify(solution) by extension 'ignore_ament_install'
[0.764s] Level 1:colcon.colcon_core.package_identification:_identify(solution) by extensions ['colcon_pkg']
[0.764s] Level 1:colcon.colcon_core.package_identification:_identify(solution) by extension 'colcon_pkg'
[0.764s] Level 1:colcon.colcon_core.package_identification:_identify(solution) by extensions ['colcon_meta']
[0.764s] Level 1:colcon.colcon_core.package_identification:_identify(solution) by extension 'colcon_meta'
[0.764s] Level 1:colcon.colcon_core.package_identification:_identify(solution) by extensions ['ros']
[0.764s] Level 1:colcon.colcon_core.package_identification:_identify(solution) by extension 'ros'
[0.766s] DEBUG:colcon.colcon_core.package_identification:Package 'solution' with type 'ros.ament_python' and name 'solution'
[0.766s] Level 1:colcon.colcon_core.package_identification:_identify(tf_relay) by extensions ['ignore', 'ignore_ament_install']
[0.766s] Level 1:colcon.colcon_core.package_identification:_identify(tf_relay) by extension 'ignore'
[0.766s] Level 1:colcon.colcon_core.package_identification:_identify(tf_relay) by extension 'ignore_ament_install'
[0.766s] Level 1:colcon.colcon_core.package_identification:_identify(tf_relay) by extensions ['colcon_pkg']
[0.766s] Level 1:colcon.colcon_core.package_identification:_identify(tf_relay) by extension 'colcon_pkg'
[0.766s] Level 1:colcon.colcon_core.package_identification:_identify(tf_relay) by extensions ['colcon_meta']
[0.766s] Level 1:colcon.colcon_core.package_identification:_identify(tf_relay) by extension 'colcon_meta'
[0.766s] Level 1:colcon.colcon_core.package_identification:_identify(tf_relay) by extensions ['ros']
[0.766s] Level 1:colcon.colcon_core.package_identification:_identify(tf_relay) by extension 'ros'
[0.768s] DEBUG:colcon.colcon_core.package_identification:Package 'tf_relay' with type 'ros.ament_python' and name 'tf_relay'
[0.768s] Level 1:colcon.colcon_core.package_discovery:discover_packages(recursive) using defaults
[0.768s] Level 1:colcon.colcon_core.package_discovery:discover_packages(ignore) discover
[0.768s] Level 1:colcon.colcon_core.package_discovery:discover_packages(ignore) using defaults
[0.768s] Level 1:colcon.colcon_core.package_discovery:discover_packages(path) discover
[0.768s] Level 1:colcon.colcon_core.package_discovery:discover_packages(path) using defaults
[0.815s] Level 1:colcon.colcon_core.package_discovery:discover_packages(prefix_path) check parameters
[0.815s] Level 1:colcon.colcon_core.package_discovery:discover_packages(prefix_path) discover
[0.820s] DEBUG:colcon.colcon_installed_package_information.package_discovery:Found 5 installed packages in /home/auro/Auro_Revised/install
[0.822s] DEBUG:colcon.colcon_installed_package_information.package_discovery:Found 15 installed packages in /home/auro/turtlebot3_ws/install
[0.827s] DEBUG:colcon.colcon_installed_package_information.package_discovery:Found 398 installed packages in /opt/ros/humble
[0.832s] Level 1:colcon.colcon_core.package_discovery:discover_packages(prefix_path) using defaults
[0.953s] Level 5:colcon.colcon_core.verb:set package 'assessment_interfaces' build argument 'cmake_args' from command line to 'None'
[0.953s] Level 5:colcon.colcon_core.verb:set package 'assessment_interfaces' build argument 'cmake_target' from command line to 'None'
[0.953s] Level 5:colcon.colcon_core.verb:set package 'assessment_interfaces' build argument 'cmake_target_skip_unavailable' from command line to 'False'
[0.953s] Level 5:colcon.colcon_core.verb:set package 'assessment_interfaces' build argument 'cmake_clean_cache' from command line to 'False'
[0.953s] Level 5:colcon.colcon_core.verb:set package 'assessment_interfaces' build argument 'cmake_clean_first' from command line to 'False'
[0.953s] Level 5:colcon.colcon_core.verb:set package 'assessment_interfaces' build argument 'cmake_force_configure' from command line to 'False'
[0.953s] Level 5:colcon.colcon_core.verb:set package 'assessment_interfaces' build argument 'ament_cmake_args' from command line to 'None'
[0.953s] Level 5:colcon.colcon_core.verb:set package 'assessment_interfaces' build argument 'catkin_cmake_args' from command line to 'None'
[0.953s] Level 5:colcon.colcon_core.verb:set package 'assessment_interfaces' build argument 'catkin_skip_building_tests' from command line to 'False'
[0.953s] DEBUG:colcon.colcon_core.verb:Building package 'assessment_interfaces' with the following arguments: {'ament_cmake_args': None, 'build_base': '/home/auro/Auro_Revised/build/assessment_interfaces', 'catkin_cmake_args': None, 'catkin_skip_building_tests': False, 'cmake_args': None, 'cmake_clean_cache': False, 'cmake_clean_first': False, 'cmake_force_configure': False, 'cmake_target': None, 'cmake_target_skip_unavailable': False, 'install_base': '/home/auro/Auro_Revised/install/assessment_interfaces', 'merge_install': False, 'path': '/home/auro/Auro_Revised/assessment_interfaces', 'symlink_install': True, 'test_result_base': None}
[0.954s] Level 5:colcon.colcon_core.verb:set package 'auro_interfaces' build argument 'cmake_args' from command line to 'None'
[0.954s] Level 5:colcon.colcon_core.verb:set package 'auro_interfaces' build argument 'cmake_target' from command line to 'None'
[0.954s] Level 5:colcon.colcon_core.verb:set package 'auro_interfaces' build argument 'cmake_target_skip_unavailable' from command line to 'False'
[0.954s] Level 5:colcon.colcon_core.verb:set package 'auro_interfaces' build argument 'cmake_clean_cache' from command line to 'False'
[0.954s] Level 5:colcon.colcon_core.verb:set package 'auro_interfaces' build argument 'cmake_clean_first' from command line to 'False'
[0.954s] Level 5:colcon.colcon_core.verb:set package 'auro_interfaces' build argument 'cmake_force_configure' from command line to 'False'
[0.954s] Level 5:colcon.colcon_core.verb:set package 'auro_interfaces' build argument 'ament_cmake_args' from command line to 'None'
[0.954s] Level 5:colcon.colcon_core.verb:set package 'auro_interfaces' build argument 'catkin_cmake_args' from command line to 'None'
[0.954s] Level 5:colcon.colcon_core.verb:set package 'auro_interfaces' build argument 'catkin_skip_building_tests' from command line to 'False'
[0.954s] DEBUG:colcon.colcon_core.verb:Building package 'auro_interfaces' with the following arguments: {'ament_cmake_args': None, 'build_base': '/home/auro/Auro_Revised/build/auro_interfaces', 'catkin_cmake_args': None, 'catkin_skip_building_tests': False, 'cmake_args': None, 'cmake_clean_cache': False, 'cmake_clean_first': False, 'cmake_force_configure': False, 'cmake_target': None, 'cmake_target_skip_unavailable': False, 'install_base': '/home/auro/Auro_Revised/install/auro_interfaces', 'merge_install': False, 'path': '/home/auro/Auro_Revised/auro_interfaces', 'symlink_install': True, 'test_result_base': None}
[0.955s] Level 5:colcon.colcon_core.verb:set package 'solution' build argument 'cmake_args' from command line to 'None'
[0.955s] Level 5:colcon.colcon_core.verb:set package 'solution' build argument 'cmake_target' from command line to 'None'
[0.955s] Level 5:colcon.colcon_core.verb:set package 'solution' build argument 'cmake_target_skip_unavailable' from command line to 'False'
[0.955s] Level 5:colcon.colcon_core.verb:set package 'solution' build argument 'cmake_clean_cache' from command line to 'False'
[0.955s] Level 5:colcon.colcon_core.verb:set package 'solution' build argument 'cmake_clean_first' from command line to 'False'
[0.955s] Level 5:colcon.colcon_core.verb:set package 'solution' build argument 'cmake_force_configure' from command line to 'False'
[0.955s] Level 5:colcon.colcon_core.verb:set package 'solution' build argument 'ament_cmake_args' from command line to 'None'
[0.955s] Level 5:colcon.colcon_core.verb:set package 'solution' build argument 'catkin_cmake_args' from command line to 'None'
[0.955s] Level 5:colcon.colcon_core.verb:set package 'solution' build argument 'catkin_skip_building_tests' from command line to 'False'
[0.956s] DEBUG:colcon.colcon_core.verb:Building package 'solution' with the following arguments: {'ament_cmake_args': None, 'build_base': '/home/auro/Auro_Revised/build/solution', 'catkin_cmake_args': None, 'catkin_skip_building_tests': False, 'cmake_args': None, 'cmake_clean_cache': False, 'cmake_clean_first': False, 'cmake_force_configure': False, 'cmake_target': None, 'cmake_target_skip_unavailable': False, 'install_base': '/home/auro/Auro_Revised/install/solution', 'merge_install': False, 'path': '/home/auro/Auro_Revised/solution', 'symlink_install': True, 'test_result_base': None}
[0.956s] Level 5:colcon.colcon_core.verb:set package 'tf_relay' build argument 'cmake_args' from command line to 'None'
[0.956s] Level 5:colcon.colcon_core.verb:set package 'tf_relay' build argument 'cmake_target' from command line to 'None'
[0.957s] Level 5:colcon.colcon_core.verb:set package 'tf_relay' build argument 'cmake_target_skip_unavailable' from command line to 'False'
[0.957s] Level 5:colcon.colcon_core.verb:set package 'tf_relay' build argument 'cmake_clean_cache' from command line to 'False'
[0.957s] Level 5:colcon.colcon_core.verb:set package 'tf_relay' build argument 'cmake_clean_first' from command line to 'False'
[0.957s] Level 5:colcon.colcon_core.verb:set package 'tf_relay' build argument 'cmake_force_configure' from command line to 'False'
[0.957s] Level 5:colcon.colcon_core.verb:set package 'tf_relay' build argument 'ament_cmake_args' from command line to 'None'
[0.957s] Level 5:colcon.colcon_core.verb:set package 'tf_relay' build argument 'catkin_cmake_args' from command line to 'None'
[0.957s] Level 5:colcon.colcon_core.verb:set package 'tf_relay' build argument 'catkin_skip_building_tests' from command line to 'False'
[0.957s] DEBUG:colcon.colcon_core.verb:Building package 'tf_relay' with the following arguments: {'ament_cmake_args': None, 'build_base': '/home/auro/Auro_Revised/build/tf_relay', 'catkin_cmake_args': None, 'catkin_skip_building_tests': False, 'cmake_args': None, 'cmake_clean_cache': False, 'cmake_clean_first': False, 'cmake_force_configure': False, 'cmake_target': None, 'cmake_target_skip_unavailable': False, 'install_base': '/home/auro/Auro_Revised/install/tf_relay', 'merge_install': False, 'path': '/home/auro/Auro_Revised/tf_relay', 'symlink_install': True, 'test_result_base': None}
[0.958s] Level 5:colcon.colcon_core.verb:set package 'assessment' build argument 'cmake_args' from command line to 'None'
[0.958s] Level 5:colcon.colcon_core.verb:set package 'assessment' build argument 'cmake_target' from command line to 'None'
[0.958s] Level 5:colcon.colcon_core.verb:set package 'assessment' build argument 'cmake_target_skip_unavailable' from command line to 'False'
[0.958s] Level 5:colcon.colcon_core.verb:set package 'assessment' build argument 'cmake_clean_cache' from command line to 'False'
[0.958s] Level 5:colcon.colcon_core.verb:set package 'assessment' build argument 'cmake_clean_first' from command line to 'False'
[0.958s] Level 5:colcon.colcon_core.verb:set package 'assessment' build argument 'cmake_force_configure' from command line to 'False'
[0.958s] Level 5:colcon.colcon_core.verb:set package 'assessment' build argument 'ament_cmake_args' from command line to 'None'
[0.958s] Level 5:colcon.colcon_core.verb:set package 'assessment' build argument 'catkin_cmake_args' from command line to 'None'
[0.958s] Level 5:colcon.colcon_core.verb:set package 'assessment' build argument 'catkin_skip_building_tests' from command line to 'False'
[0.958s] DEBUG:colcon.colcon_core.verb:Building package 'assessment' with the following arguments: {'ament_cmake_args': None, 'build_base': '/home/auro/Auro_Revised/build/assessment', 'catkin_cmake_args': None, 'catkin_skip_building_tests': False, 'cmake_args': None, 'cmake_clean_cache': False, 'cmake_clean_first': False, 'cmake_force_configure': False, 'cmake_target': None, 'cmake_target_skip_unavailable': False, 'install_base': '/home/auro/Auro_Revised/install/assessment', 'merge_install': False, 'path': '/home/auro/Auro_Revised/assessment', 'symlink_install': True, 'test_result_base': None}
[0.959s] INFO:colcon.colcon_core.executor:Executing jobs using 'parallel' executor
[0.961s] DEBUG:colcon.colcon_parallel_executor.executor.parallel:run_until_complete
[0.961s] INFO:colcon.colcon_ros.task.ament_cmake.build:Building ROS package in '/home/auro/Auro_Revised/auro_interfaces' with build type 'ament_cmake'
[0.962s] INFO:colcon.colcon_cmake.task.cmake.build:Building CMake package in '/home/auro/Auro_Revised/auro_interfaces'
[0.967s] INFO:colcon.colcon_core.plugin_system:Skipping extension 'colcon_core.shell.bat': Not used on non-Windows systems
[0.967s] INFO:colcon.colcon_core.shell:Skip shell extension 'powershell' for command environment: Not usable outside of PowerShell
[0.967s] DEBUG:colcon.colcon_core.shell:Skip shell extension 'dsv' for command environment
[0.978s] INFO:colcon.colcon_ros.task.ament_cmake.build:Building ROS package in '/home/auro/Auro_Revised/assessment_interfaces' with build type 'ament_cmake'
[0.979s] INFO:colcon.colcon_cmake.task.cmake.build:Building CMake package in '/home/auro/Auro_Revised/assessment_interfaces'
[0.979s] INFO:colcon.colcon_core.shell:Skip shell extension 'powershell' for command environment: Not usable outside of PowerShell
[0.979s] DEBUG:colcon.colcon_core.shell:Skip shell extension 'dsv' for command environment
[0.991s] INFO:colcon.colcon_ros.task.ament_python.build:Building ROS package in '/home/auro/Auro_Revised/solution' with build type 'ament_python'
[0.991s] Level 1:colcon.colcon_core.shell:create_environment_hook('solution', 'ament_prefix_path')
[0.992s] INFO:colcon.colcon_core.shell:Creating environment hook '/home/auro/Auro_Revised/install/solution/share/solution/hook/ament_prefix_path.ps1'
[0.994s] INFO:colcon.colcon_core.shell:Creating environment descriptor '/home/auro/Auro_Revised/install/solution/share/solution/hook/ament_prefix_path.dsv'
[0.997s] INFO:colcon.colcon_core.shell:Creating environment hook '/home/auro/Auro_Revised/install/solution/share/solution/hook/ament_prefix_path.sh'
[0.999s] INFO:colcon.colcon_core.shell:Skip shell extension 'powershell' for command environment: Not usable outside of PowerShell
[1.000s] DEBUG:colcon.colcon_core.shell:Skip shell extension 'dsv' for command environment
[1.019s] INFO:colcon.colcon_ros.task.ament_python.build:Building ROS package in '/home/auro/Auro_Revised/tf_relay' with build type 'ament_python'
[1.019s] Level 1:colcon.colcon_core.shell:create_environment_hook('tf_relay', 'ament_prefix_path')
[1.020s] INFO:colcon.colcon_core.shell:Creating environment hook '/home/auro/Auro_Revised/install/tf_relay/share/tf_relay/hook/ament_prefix_path.ps1'
[1.022s] INFO:colcon.colcon_core.shell:Creating environment descriptor '/home/auro/Auro_Revised/install/tf_relay/share/tf_relay/hook/ament_prefix_path.dsv'
[1.023s] INFO:colcon.colcon_core.shell:Creating environment hook '/home/auro/Auro_Revised/install/tf_relay/share/tf_relay/hook/ament_prefix_path.sh'
[1.024s] INFO:colcon.colcon_core.shell:Skip shell extension 'powershell' for command environment: Not usable outside of PowerShell
[1.024s] DEBUG:colcon.colcon_core.shell:Skip shell extension 'dsv' for command environment
[1.054s] DEBUG:colcon.colcon_core.event_handler.log_command:Invoking command in '/home/auro/Auro_Revised/build/auro_interfaces': CMAKE_PREFIX_PATH=${CMAKE_PREFIX_PATH}:/home/auro/Auro_Revised/install/tf_relay:/home/auro/Auro_Revised/install/solution:/home/auro/Auro_Revised/install/assessment:/home/auro/turtlebot3_ws/install/turtlebot3_teleop:/home/auro/turtlebot3_ws/install/turtlebot3_example:/opt/ros/humble /usr/bin/cmake --build /home/auro/Auro_Revised/build/auro_interfaces -- -j4 -l4
[1.084s] DEBUG:colcon.colcon_core.event_handler.log_command:Invoking command in '/home/auro/Auro_Revised/build/assessment_interfaces': CMAKE_PREFIX_PATH=${CMAKE_PREFIX_PATH}:/home/auro/Auro_Revised/install/tf_relay:/home/auro/Auro_Revised/install/solution:/home/auro/Auro_Revised/install/assessment:/home/auro/turtlebot3_ws/install/turtlebot3_teleop:/home/auro/turtlebot3_ws/install/turtlebot3_example:/opt/ros/humble /usr/bin/cmake --build /home/auro/Auro_Revised/build/assessment_interfaces -- -j4 -l4
[1.710s] INFO:colcon.colcon_core.task.python.build:Building Python package in '/home/auro/Auro_Revised/solution'
[1.710s] INFO:colcon.colcon_core.shell:Skip shell extension 'powershell' for command environment: Not usable outside of PowerShell
[1.710s] DEBUG:colcon.colcon_core.shell:Skip shell extension 'dsv' for command environment
[2.382s] INFO:colcon.colcon_core.task.python.build:Building Python package in '/home/auro/Auro_Revised/tf_relay'
[2.383s] INFO:colcon.colcon_core.shell:Skip shell extension 'powershell' for command environment: Not usable outside of PowerShell
[2.383s] DEBUG:colcon.colcon_core.shell:Skip shell extension 'dsv' for command environment
[2.598s] DEBUG:colcon.colcon_core.event_handler.log_command:Invoked command in '/home/auro/Auro_Revised/build/auro_interfaces' returned '0': CMAKE_PREFIX_PATH=${CMAKE_PREFIX_PATH}:/home/auro/Auro_Revised/install/tf_relay:/home/auro/Auro_Revised/install/solution:/home/auro/Auro_Revised/install/assessment:/home/auro/turtlebot3_ws/install/turtlebot3_teleop:/home/auro/turtlebot3_ws/install/turtlebot3_example:/opt/ros/humble /usr/bin/cmake --build /home/auro/Auro_Revised/build/auro_interfaces -- -j4 -l4
[2.739s] DEBUG:colcon.colcon_core.event_handler.log_command:Invoked command in '/home/auro/Auro_Revised/build/assessment_interfaces' returned '0': CMAKE_PREFIX_PATH=${CMAKE_PREFIX_PATH}:/home/auro/Auro_Revised/install/tf_relay:/home/auro/Auro_Revised/install/solution:/home/auro/Auro_Revised/install/assessment:/home/auro/turtlebot3_ws/install/turtlebot3_teleop:/home/auro/turtlebot3_ws/install/turtlebot3_example:/opt/ros/humble /usr/bin/cmake --build /home/auro/Auro_Revised/build/assessment_interfaces -- -j4 -l4
[3.253s] DEBUG:colcon.colcon_core.event_handler.log_command:Invoking command in '/home/auro/Auro_Revised/build/solution': PYTHONPATH=/home/auro/Auro_Revised/build/solution/prefix_override:/usr/lib/python3/dist-packages/colcon_core/task/python/colcon_distutils_commands:/home/auro/Auro_Revised/install/solution/lib/python3.10/site-packages:${PYTHONPATH} /usr/bin/python3 -W ignore:setup.py install is deprecated setup.py develop --editable --build-directory /home/auro/Auro_Revised/build/solution/build --no-deps symlink_data
[3.287s] DEBUG:colcon.colcon_core.event_handler.log_command:Invoking command in '/home/auro/Auro_Revised/build/tf_relay': PYTHONPATH=/home/auro/Auro_Revised/build/tf_relay/prefix_override:/usr/lib/python3/dist-packages/colcon_core/task/python/colcon_distutils_commands:/home/auro/Auro_Revised/install/tf_relay/lib/python3.10/site-packages:${PYTHONPATH} /usr/bin/python3 -W ignore:setup.py install is deprecated setup.py develop --editable --build-directory /home/auro/Auro_Revised/build/tf_relay/build --no-deps symlink_data
[3.493s] DEBUG:colcon.colcon_core.event_handler.log_command:Invoking command in '/home/auro/Auro_Revised/build/auro_interfaces': CMAKE_PREFIX_PATH=${CMAKE_PREFIX_PATH}:/home/auro/Auro_Revised/install/tf_relay:/home/auro/Auro_Revised/install/solution:/home/auro/Auro_Revised/install/assessment:/home/auro/turtlebot3_ws/install/turtlebot3_teleop:/home/auro/turtlebot3_ws/install/turtlebot3_example:/opt/ros/humble /usr/bin/cmake --install /home/auro/Auro_Revised/build/auro_interfaces
[3.617s] DEBUG:colcon.colcon_core.event_handler.log_command:Invoking command in '/home/auro/Auro_Revised/build/assessment_interfaces': CMAKE_PREFIX_PATH=${CMAKE_PREFIX_PATH}:/home/auro/Auro_Revised/install/tf_relay:/home/auro/Auro_Revised/install/solution:/home/auro/Auro_Revised/install/assessment:/home/auro/turtlebot3_ws/install/turtlebot3_teleop:/home/auro/turtlebot3_ws/install/turtlebot3_example:/opt/ros/humble /usr/bin/cmake --install /home/auro/Auro_Revised/build/assessment_interfaces
[3.737s] Level 1:colcon.colcon_core.environment:create_environment_scripts_only(auro_interfaces)
[3.741s] Level 1:colcon.colcon_core.environment:checking '/home/auro/Auro_Revised/install/auro_interfaces' for CMake module files
[3.742s] Level 1:colcon.colcon_core.environment:checking '/home/auro/Auro_Revised/install/auro_interfaces' for CMake config files
[3.745s] Level 1:colcon.colcon_core.shell:create_environment_hook('auro_interfaces', 'cmake_prefix_path')
[3.745s] INFO:colcon.colcon_core.shell:Creating environment hook '/home/auro/Auro_Revised/install/auro_interfaces/share/auro_interfaces/hook/cmake_prefix_path.ps1'
[3.746s] INFO:colcon.colcon_core.shell:Creating environment descriptor '/home/auro/Auro_Revised/install/auro_interfaces/share/auro_interfaces/hook/cmake_prefix_path.dsv'
[3.747s] INFO:colcon.colcon_core.shell:Creating environment hook '/home/auro/Auro_Revised/install/auro_interfaces/share/auro_interfaces/hook/cmake_prefix_path.sh'
[3.748s] Level 1:colcon.colcon_core.environment:checking '/home/auro/Auro_Revised/install/auro_interfaces/lib'
[3.748s] Level 1:colcon.colcon_core.shell:create_environment_hook('auro_interfaces', 'ld_library_path_lib')
[3.749s] INFO:colcon.colcon_core.shell:Creating environment hook '/home/auro/Auro_Revised/install/auro_interfaces/share/auro_interfaces/hook/ld_library_path_lib.ps1'
[3.749s] INFO:colcon.colcon_core.shell:Creating environment descriptor '/home/auro/Auro_Revised/install/auro_interfaces/share/auro_interfaces/hook/ld_library_path_lib.dsv'
[3.750s] INFO:colcon.colcon_core.shell:Creating environment hook '/home/auro/Auro_Revised/install/auro_interfaces/share/auro_interfaces/hook/ld_library_path_lib.sh'
[3.751s] Level 1:colcon.colcon_core.environment:checking '/home/auro/Auro_Revised/install/auro_interfaces/bin'
[3.751s] Level 1:colcon.colcon_core.environment:checking '/home/auro/Auro_Revised/install/auro_interfaces/lib/pkgconfig/auro_interfaces.pc'
[3.751s] Level 1:colcon.colcon_core.environment:checking '/home/auro/Auro_Revised/install/auro_interfaces/lib/python3.10/site-packages'
[3.752s] DEBUG:colcon.colcon_core.event_handler.log_command:Invoked command in '/home/auro/Auro_Revised/build/auro_interfaces' returned '0': CMAKE_PREFIX_PATH=${CMAKE_PREFIX_PATH}:/home/auro/Auro_Revised/install/tf_relay:/home/auro/Auro_Revised/install/solution:/home/auro/Auro_Revised/install/assessment:/home/auro/turtlebot3_ws/install/turtlebot3_teleop:/home/auro/turtlebot3_ws/install/turtlebot3_example:/opt/ros/humble /usr/bin/cmake --install /home/auro/Auro_Revised/build/auro_interfaces
[3.752s] Level 1:colcon.colcon_core.environment:checking '/home/auro/Auro_Revised/install/auro_interfaces/bin'
[3.753s] INFO:colcon.colcon_core.shell:Creating package script '/home/auro/Auro_Revised/install/auro_interfaces/share/auro_interfaces/package.ps1'
[3.755s] INFO:colcon.colcon_core.shell:Creating package descriptor '/home/auro/Auro_Revised/install/auro_interfaces/share/auro_interfaces/package.dsv'
[3.756s] INFO:colcon.colcon_core.shell:Creating package script '/home/auro/Auro_Revised/install/auro_interfaces/share/auro_interfaces/package.sh'
[3.757s] INFO:colcon.colcon_core.shell:Creating package script '/home/auro/Auro_Revised/install/auro_interfaces/share/auro_interfaces/package.bash'
[3.759s] INFO:colcon.colcon_core.shell:Creating package script '/home/auro/Auro_Revised/install/auro_interfaces/share/auro_interfaces/package.zsh'
[3.760s] Level 1:colcon.colcon_core.environment:create_file_with_runtime_dependencies(/home/auro/Auro_Revised/install/auro_interfaces/share/colcon-core/packages/auro_interfaces)
[3.832s] Level 1:colcon.colcon_core.environment:create_environment_scripts_only(assessment_interfaces)
[3.833s] Level 1:colcon.colcon_core.environment:checking '/home/auro/Auro_Revised/install/assessment_interfaces' for CMake module files
[3.834s] Level 1:colcon.colcon_core.environment:checking '/home/auro/Auro_Revised/install/assessment_interfaces' for CMake config files
[3.837s] Level 1:colcon.colcon_core.shell:create_environment_hook('assessment_interfaces', 'cmake_prefix_path')
[3.837s] INFO:colcon.colcon_core.shell:Creating environment hook '/home/auro/Auro_Revised/install/assessment_interfaces/share/assessment_interfaces/hook/cmake_prefix_path.ps1'
[3.838s] INFO:colcon.colcon_core.shell:Creating environment descriptor '/home/auro/Auro_Revised/install/assessment_interfaces/share/assessment_interfaces/hook/cmake_prefix_path.dsv'
[3.838s] INFO:colcon.colcon_core.shell:Creating environment hook '/home/auro/Auro_Revised/install/assessment_interfaces/share/assessment_interfaces/hook/cmake_prefix_path.sh'
[3.839s] Level 1:colcon.colcon_core.environment:checking '/home/auro/Auro_Revised/install/assessment_interfaces/lib'
[3.839s] Level 1:colcon.colcon_core.shell:create_environment_hook('assessment_interfaces', 'ld_library_path_lib')
[3.840s] INFO:colcon.colcon_core.shell:Creating environment hook '/home/auro/Auro_Revised/install/assessment_interfaces/share/assessment_interfaces/hook/ld_library_path_lib.ps1'
[3.840s] INFO:colcon.colcon_core.shell:Creating environment descriptor '/home/auro/Auro_Revised/install/assessment_interfaces/share/assessment_interfaces/hook/ld_library_path_lib.dsv'
[3.841s] INFO:colcon.colcon_core.shell:Creating environment hook '/home/auro/Auro_Revised/install/assessment_interfaces/share/assessment_interfaces/hook/ld_library_path_lib.sh'
[3.841s] Level 1:colcon.colcon_core.environment:checking '/home/auro/Auro_Revised/install/assessment_interfaces/bin'
[3.841s] Level 1:colcon.colcon_core.environment:checking '/home/auro/Auro_Revised/install/assessment_interfaces/lib/pkgconfig/assessment_interfaces.pc'
[3.842s] Level 1:colcon.colcon_core.environment:checking '/home/auro/Auro_Revised/install/assessment_interfaces/lib/python3.10/site-packages'
[3.842s] Level 1:colcon.colcon_core.environment:checking '/home/auro/Auro_Revised/install/assessment_interfaces/bin'
[3.843s] INFO:colcon.colcon_core.shell:Creating package script '/home/auro/Auro_Revised/install/assessment_interfaces/share/assessment_interfaces/package.ps1'
[3.844s] INFO:colcon.colcon_core.shell:Creating package descriptor '/home/auro/Auro_Revised/install/assessment_interfaces/share/assessment_interfaces/package.dsv'
[3.844s] INFO:colcon.colcon_core.shell:Creating package script '/home/auro/Auro_Revised/install/assessment_interfaces/share/assessment_interfaces/package.sh'
[3.845s] INFO:colcon.colcon_core.shell:Creating package script '/home/auro/Auro_Revised/install/assessment_interfaces/share/assessment_interfaces/package.bash'
[3.845s] INFO:colcon.colcon_core.shell:Creating package script '/home/auro/Auro_Revised/install/assessment_interfaces/share/assessment_interfaces/package.zsh'
[3.846s] Level 1:colcon.colcon_core.environment:create_file_with_runtime_dependencies(/home/auro/Auro_Revised/install/assessment_interfaces/share/colcon-core/packages/assessment_interfaces)
[3.852s] DEBUG:colcon.colcon_core.event_handler.log_command:Invoked command in '/home/auro/Auro_Revised/build/assessment_interfaces' returned '0': CMAKE_PREFIX_PATH=${CMAKE_PREFIX_PATH}:/home/auro/Auro_Revised/install/tf_relay:/home/auro/Auro_Revised/install/solution:/home/auro/Auro_Revised/install/assessment:/home/auro/turtlebot3_ws/install/turtlebot3_teleop:/home/auro/turtlebot3_ws/install/turtlebot3_example:/opt/ros/humble /usr/bin/cmake --install /home/auro/Auro_Revised/build/assessment_interfaces
[4.428s] Level 1:colcon.colcon_core.shell:create_environment_hook('tf_relay', 'pythonpath_develop')
[4.429s] INFO:colcon.colcon_core.shell:Creating environment hook '/home/auro/Auro_Revised/build/tf_relay/share/tf_relay/hook/pythonpath_develop.ps1'
[4.429s] DEBUG:colcon.colcon_core.event_handler.log_command:Invoked command in '/home/auro/Auro_Revised/build/tf_relay' returned '0': PYTHONPATH=/home/auro/Auro_Revised/build/tf_relay/prefix_override:/usr/lib/python3/dist-packages/colcon_core/task/python/colcon_distutils_commands:/home/auro/Auro_Revised/install/tf_relay/lib/python3.10/site-packages:${PYTHONPATH} /usr/bin/python3 -W ignore:setup.py install is deprecated setup.py develop --editable --build-directory /home/auro/Auro_Revised/build/tf_relay/build --no-deps symlink_data
[4.430s] INFO:colcon.colcon_core.shell:Creating environment descriptor '/home/auro/Auro_Revised/build/tf_relay/share/tf_relay/hook/pythonpath_develop.dsv'
[4.431s] INFO:colcon.colcon_core.shell:Creating environment hook '/home/auro/Auro_Revised/build/tf_relay/share/tf_relay/hook/pythonpath_develop.sh'
[4.433s] Level 1:colcon.colcon_core.environment:checking '/home/auro/Auro_Revised/install/tf_relay' for CMake module files
[4.434s] Level 1:colcon.colcon_core.environment:checking '/home/auro/Auro_Revised/install/tf_relay' for CMake config files
[4.435s] Level 1:colcon.colcon_core.environment:checking '/home/auro/Auro_Revised/install/tf_relay/lib'
[4.435s] Level 1:colcon.colcon_core.environment:checking '/home/auro/Auro_Revised/install/tf_relay/bin'
[4.435s] Level 1:colcon.colcon_core.environment:checking '/home/auro/Auro_Revised/install/tf_relay/lib/pkgconfig/tf_relay.pc'
[4.436s] Level 1:colcon.colcon_core.environment:checking '/home/auro/Auro_Revised/install/tf_relay/lib/python3.10/site-packages'
[4.436s] Level 1:colcon.colcon_core.shell:create_environment_hook('tf_relay', 'pythonpath')
[4.436s] INFO:colcon.colcon_core.shell:Creating environment hook '/home/auro/Auro_Revised/install/tf_relay/share/tf_relay/hook/pythonpath.ps1'
[4.438s] INFO:colcon.colcon_core.shell:Creating environment descriptor '/home/auro/Auro_Revised/install/tf_relay/share/tf_relay/hook/pythonpath.dsv'
[4.438s] INFO:colcon.colcon_core.shell:Creating environment hook '/home/auro/Auro_Revised/install/tf_relay/share/tf_relay/hook/pythonpath.sh'
[4.440s] Level 1:colcon.colcon_core.environment:checking '/home/auro/Auro_Revised/install/tf_relay/bin'
[4.440s] Level 1:colcon.colcon_core.environment:create_environment_scripts_only(tf_relay)
[4.441s] INFO:colcon.colcon_core.shell:Creating package script '/home/auro/Auro_Revised/install/tf_relay/share/tf_relay/package.ps1'
[4.442s] INFO:colcon.colcon_core.shell:Creating package descriptor '/home/auro/Auro_Revised/install/tf_relay/share/tf_relay/package.dsv'
[4.445s] INFO:colcon.colcon_core.shell:Creating package script '/home/auro/Auro_Revised/install/tf_relay/share/tf_relay/package.sh'
[4.446s] INFO:colcon.colcon_core.shell:Creating package script '/home/auro/Auro_Revised/install/tf_relay/share/tf_relay/package.bash'
[4.447s] INFO:colcon.colcon_core.shell:Creating package script '/home/auro/Auro_Revised/install/tf_relay/share/tf_relay/package.zsh'
[4.448s] Level 1:colcon.colcon_core.environment:create_file_with_runtime_dependencies(/home/auro/Auro_Revised/install/tf_relay/share/colcon-core/packages/tf_relay)
[4.482s] Level 1:colcon.colcon_core.shell:create_environment_hook('solution', 'pythonpath_develop')
[4.483s] INFO:colcon.colcon_core.shell:Creating environment hook '/home/auro/Auro_Revised/build/solution/share/solution/hook/pythonpath_develop.ps1'
[4.484s] INFO:colcon.colcon_core.shell:Creating environment descriptor '/home/auro/Auro_Revised/build/solution/share/solution/hook/pythonpath_develop.dsv'
[4.484s] DEBUG:colcon.colcon_core.event_handler.log_command:Invoked command in '/home/auro/Auro_Revised/build/solution' returned '0': PYTHONPATH=/home/auro/Auro_Revised/build/solution/prefix_override:/usr/lib/python3/dist-packages/colcon_core/task/python/colcon_distutils_commands:/home/auro/Auro_Revised/install/solution/lib/python3.10/site-packages:${PYTHONPATH} /usr/bin/python3 -W ignore:setup.py install is deprecated setup.py develop --editable --build-directory /home/auro/Auro_Revised/build/solution/build --no-deps symlink_data
[4.487s] INFO:colcon.colcon_core.shell:Creating environment hook '/home/auro/Auro_Revised/build/solution/share/solution/hook/pythonpath_develop.sh'
[4.488s] Level 1:colcon.colcon_core.environment:checking '/home/auro/Auro_Revised/install/solution' for CMake module files
[4.489s] Level 1:colcon.colcon_core.environment:checking '/home/auro/Auro_Revised/install/solution' for CMake config files
[4.492s] Level 1:colcon.colcon_core.environment:checking '/home/auro/Auro_Revised/install/solution/lib'
[4.492s] Level 1:colcon.colcon_core.environment:checking '/home/auro/Auro_Revised/install/solution/bin'
[4.492s] Level 1:colcon.colcon_core.environment:checking '/home/auro/Auro_Revised/install/solution/lib/pkgconfig/solution.pc'
[4.493s] Level 1:colcon.colcon_core.environment:checking '/home/auro/Auro_Revised/install/solution/lib/python3.10/site-packages'
[4.493s] Level 1:colcon.colcon_core.shell:create_environment_hook('solution', 'pythonpath')
[4.494s] INFO:colcon.colcon_core.shell:Creating environment hook '/home/auro/Auro_Revised/install/solution/share/solution/hook/pythonpath.ps1'
[4.496s] INFO:colcon.colcon_core.shell:Creating environment descriptor '/home/auro/Auro_Revised/install/solution/share/solution/hook/pythonpath.dsv'
[4.497s] INFO:colcon.colcon_core.shell:Creating environment hook '/home/auro/Auro_Revised/install/solution/share/solution/hook/pythonpath.sh'
[4.500s] Level 1:colcon.colcon_core.environment:checking '/home/auro/Auro_Revised/install/solution/bin'
[4.500s] Level 1:colcon.colcon_core.environment:create_environment_scripts_only(solution)
[4.501s] INFO:colcon.colcon_core.shell:Creating package script '/home/auro/Auro_Revised/install/solution/share/solution/package.ps1'
[4.502s] INFO:colcon.colcon_core.shell:Creating package descriptor '/home/auro/Auro_Revised/install/solution/share/solution/package.dsv'
[4.504s] INFO:colcon.colcon_core.shell:Creating package script '/home/auro/Auro_Revised/install/solution/share/solution/package.sh'
[4.505s] INFO:colcon.colcon_core.shell:Creating package script '/home/auro/Auro_Revised/install/solution/share/solution/package.bash'
[4.506s] INFO:colcon.colcon_core.shell:Creating package script '/home/auro/Auro_Revised/install/solution/share/solution/package.zsh'
[4.506s] Level 1:colcon.colcon_core.environment:create_file_with_runtime_dependencies(/home/auro/Auro_Revised/install/solution/share/colcon-core/packages/solution)
[4.530s] Level 1:colcon.colcon_core.environment:create_environment_scripts_only(assessment_interfaces)
[4.531s] Level 1:colcon.colcon_core.environment:checking '/home/auro/Auro_Revised/install/assessment_interfaces' for CMake module files
[4.532s] Level 1:colcon.colcon_core.environment:checking '/home/auro/Auro_Revised/install/assessment_interfaces' for CMake config files
[4.534s] Level 1:colcon.colcon_core.shell:create_environment_hook('assessment_interfaces', 'cmake_prefix_path')
[4.535s] INFO:colcon.colcon_core.shell:Creating environment hook '/home/auro/Auro_Revised/install/assessment_interfaces/share/assessment_interfaces/hook/cmake_prefix_path.ps1'
[4.536s] INFO:colcon.colcon_core.shell:Creating environment descriptor '/home/auro/Auro_Revised/install/assessment_interfaces/share/assessment_interfaces/hook/cmake_prefix_path.dsv'
[4.537s] INFO:colcon.colcon_core.shell:Creating environment hook '/home/auro/Auro_Revised/install/assessment_interfaces/share/assessment_interfaces/hook/cmake_prefix_path.sh'
[4.538s] Level 1:colcon.colcon_core.environment:checking '/home/auro/Auro_Revised/install/assessment_interfaces/lib'
[4.539s] Level 1:colcon.colcon_core.shell:create_environment_hook('assessment_interfaces', 'ld_library_path_lib')
[4.539s] INFO:colcon.colcon_core.shell:Creating environment hook '/home/auro/Auro_Revised/install/assessment_interfaces/share/assessment_interfaces/hook/ld_library_path_lib.ps1'
[4.540s] INFO:colcon.colcon_core.shell:Creating environment descriptor '/home/auro/Auro_Revised/install/assessment_interfaces/share/assessment_interfaces/hook/ld_library_path_lib.dsv'
[4.541s] INFO:colcon.colcon_core.shell:Creating environment hook '/home/auro/Auro_Revised/install/assessment_interfaces/share/assessment_interfaces/hook/ld_library_path_lib.sh'
[4.543s] Level 1:colcon.colcon_core.environment:checking '/home/auro/Auro_Revised/install/assessment_interfaces/bin'
[4.544s] Level 1:colcon.colcon_core.environment:checking '/home/auro/Auro_Revised/install/assessment_interfaces/lib/pkgconfig/assessment_interfaces.pc'
[4.547s] Level 1:colcon.colcon_core.environment:checking '/home/auro/Auro_Revised/install/assessment_interfaces/lib/python3.10/site-packages'
[4.547s] Level 1:colcon.colcon_core.environment:checking '/home/auro/Auro_Revised/install/assessment_interfaces/bin'
[4.548s] INFO:colcon.colcon_core.shell:Creating package script '/home/auro/Auro_Revised/install/assessment_interfaces/share/assessment_interfaces/package.ps1'
[4.557s] INFO:colcon.colcon_core.shell:Creating package descriptor '/home/auro/Auro_Revised/install/assessment_interfaces/share/assessment_interfaces/package.dsv'
[4.559s] INFO:colcon.colcon_core.shell:Creating package script '/home/auro/Auro_Revised/install/assessment_interfaces/share/assessment_interfaces/package.sh'
[4.560s] INFO:colcon.colcon_core.shell:Creating package script '/home/auro/Auro_Revised/install/assessment_interfaces/share/assessment_interfaces/package.bash'
[4.562s] INFO:colcon.colcon_core.shell:Creating package script '/home/auro/Auro_Revised/install/assessment_interfaces/share/assessment_interfaces/package.zsh'
[4.564s] Level 1:colcon.colcon_core.environment:create_file_with_runtime_dependencies(/home/auro/Auro_Revised/install/assessment_interfaces/share/colcon-core/packages/assessment_interfaces)
[4.656s] Level 1:colcon.colcon_core.environment:create_environment_scripts_only(auro_interfaces)
[4.656s] Level 1:colcon.colcon_core.environment:checking '/home/auro/Auro_Revised/install/auro_interfaces' for CMake module files
[4.658s] Level 1:colcon.colcon_core.environment:checking '/home/auro/Auro_Revised/install/auro_interfaces' for CMake config files
[4.662s] Level 1:colcon.colcon_core.shell:create_environment_hook('auro_interfaces', 'cmake_prefix_path')
[4.663s] INFO:colcon.colcon_core.shell:Creating environment hook '/home/auro/Auro_Revised/install/auro_interfaces/share/auro_interfaces/hook/cmake_prefix_path.ps1'
[4.663s] INFO:colcon.colcon_core.shell:Creating environment descriptor '/home/auro/Auro_Revised/install/auro_interfaces/share/auro_interfaces/hook/cmake_prefix_path.dsv'
[4.664s] INFO:colcon.colcon_core.shell:Creating environment hook '/home/auro/Auro_Revised/install/auro_interfaces/share/auro_interfaces/hook/cmake_prefix_path.sh'
[4.666s] Level 1:colcon.colcon_core.environment:checking '/home/auro/Auro_Revised/install/auro_interfaces/lib'
[4.666s] Level 1:colcon.colcon_core.shell:create_environment_hook('auro_interfaces', 'ld_library_path_lib')
[4.667s] INFO:colcon.colcon_core.shell:Creating environment hook '/home/auro/Auro_Revised/install/auro_interfaces/share/auro_interfaces/hook/ld_library_path_lib.ps1'
[4.668s] INFO:colcon.colcon_core.shell:Creating environment descriptor '/home/auro/Auro_Revised/install/auro_interfaces/share/auro_interfaces/hook/ld_library_path_lib.dsv'
[4.668s] INFO:colcon.colcon_core.shell:Creating environment hook '/home/auro/Auro_Revised/install/auro_interfaces/share/auro_interfaces/hook/ld_library_path_lib.sh'
[4.669s] Level 1:colcon.colcon_core.environment:checking '/home/auro/Auro_Revised/install/auro_interfaces/bin'
[4.669s] Level 1:colcon.colcon_core.environment:checking '/home/auro/Auro_Revised/install/auro_interfaces/lib/pkgconfig/auro_interfaces.pc'
[4.670s] Level 1:colcon.colcon_core.environment:checking '/home/auro/Auro_Revised/install/auro_interfaces/lib/python3.10/site-packages'
[4.670s] Level 1:colcon.colcon_core.environment:checking '/home/auro/Auro_Revised/install/auro_interfaces/bin'
[4.671s] INFO:colcon.colcon_core.shell:Creating package script '/home/auro/Auro_Revised/install/auro_interfaces/share/auro_interfaces/package.ps1'
[4.672s] INFO:colcon.colcon_core.shell:Creating package descriptor '/home/auro/Auro_Revised/install/auro_interfaces/share/auro_interfaces/package.dsv'
[4.674s] INFO:colcon.colcon_core.shell:Creating package script '/home/auro/Auro_Revised/install/auro_interfaces/share/auro_interfaces/package.sh'
[4.676s] INFO:colcon.colcon_core.shell:Creating package script '/home/auro/Auro_Revised/install/auro_interfaces/share/auro_interfaces/package.bash'
[4.677s] INFO:colcon.colcon_core.shell:Creating package script '/home/auro/Auro_Revised/install/auro_interfaces/share/auro_interfaces/package.zsh'
[4.678s] Level 1:colcon.colcon_core.environment:create_file_with_runtime_dependencies(/home/auro/Auro_Revised/install/auro_interfaces/share/colcon-core/packages/auro_interfaces)
[4.679s] INFO:colcon.colcon_ros.task.ament_python.build:Building ROS package in '/home/auro/Auro_Revised/assessment' with build type 'ament_python'
[4.680s] Level 1:colcon.colcon_core.shell:create_environment_hook('assessment', 'ament_prefix_path')
[4.681s] INFO:colcon.colcon_core.shell:Creating environment hook '/home/auro/Auro_Revised/install/assessment/share/assessment/hook/ament_prefix_path.ps1'
[4.682s] INFO:colcon.colcon_core.shell:Creating environment descriptor '/home/auro/Auro_Revised/install/assessment/share/assessment/hook/ament_prefix_path.dsv'
[4.683s] INFO:colcon.colcon_core.shell:Creating environment hook '/home/auro/Auro_Revised/install/assessment/share/assessment/hook/ament_prefix_path.sh'
[4.684s] INFO:colcon.colcon_core.shell:Skip shell extension 'powershell' for command environment: Not usable outside of PowerShell
[4.685s] DEBUG:colcon.colcon_core.shell:Skip shell extension 'dsv' for command environment
[5.345s] INFO:colcon.colcon_core.task.python.build:Building Python package in '/home/auro/Auro_Revised/assessment'
[5.345s] INFO:colcon.colcon_core.shell:Skip shell extension 'powershell' for command environment: Not usable outside of PowerShell
[5.346s] DEBUG:colcon.colcon_core.shell:Skip shell extension 'dsv' for command environment
[6.237s] DEBUG:colcon.colcon_core.event_handler.log_command:Invoking command in '/home/auro/Auro_Revised/build/assessment': LD_LIBRARY_PATH=/home/auro/Auro_Revised/install/auro_interfaces/lib:/home/auro/Auro_Revised/install/assessment_interfaces/lib:/home/auro/turtlebot3_ws/install/turtlebot3_msgs/lib:/home/auro/turtlebot3_ws/install/dynamixel_sdk_custom_interfaces/lib:/home/auro/turtlebot3_ws/install/dynamixel_sdk/lib:/usr/lib/x86_64-linux-gnu/gazebo-11/plugins:/opt/ros/humble/opt/rviz_ogre_vendor/lib:/opt/ros/humble/lib/x86_64-linux-gnu:/opt/ros/humble/lib:/usr/lib/x86_64-linux-gnu/gazebo-11/plugins PYTHONPATH=/home/auro/Auro_Revised/build/assessment/prefix_override:/usr/lib/python3/dist-packages/colcon_core/task/python/colcon_distutils_commands:/home/auro/Auro_Revised/install/assessment/lib/python3.10/site-packages:${PYTHONPATH} /usr/bin/python3 -W ignore:setup.py install is deprecated setup.py develop --editable --build-directory /home/auro/Auro_Revised/build/assessment/build --no-deps symlink_data
[7.342s] Level 1:colcon.colcon_core.shell:create_environment_hook('assessment', 'pythonpath_develop')
[7.343s] DEBUG:colcon.colcon_core.event_handler.log_command:Invoked command in '/home/auro/Auro_Revised/build/assessment' returned '0': LD_LIBRARY_PATH=/home/auro/Auro_Revised/install/auro_interfaces/lib:/home/auro/Auro_Revised/install/assessment_interfaces/lib:/home/auro/turtlebot3_ws/install/turtlebot3_msgs/lib:/home/auro/turtlebot3_ws/install/dynamixel_sdk_custom_interfaces/lib:/home/auro/turtlebot3_ws/install/dynamixel_sdk/lib:/usr/lib/x86_64-linux-gnu/gazebo-11/plugins:/opt/ros/humble/opt/rviz_ogre_vendor/lib:/opt/ros/humble/lib/x86_64-linux-gnu:/opt/ros/humble/lib:/usr/lib/x86_64-linux-gnu/gazebo-11/plugins PYTHONPATH=/home/auro/Auro_Revised/build/assessment/prefix_override:/usr/lib/python3/dist-packages/colcon_core/task/python/colcon_distutils_commands:/home/auro/Auro_Revised/install/assessment/lib/python3.10/site-packages:${PYTHONPATH} /usr/bin/python3 -W ignore:setup.py install is deprecated setup.py develop --editable --build-directory /home/auro/Auro_Revised/build/assessment/build --no-deps symlink_data
[7.343s] INFO:colcon.colcon_core.shell:Creating environment hook '/home/auro/Auro_Revised/build/assessment/share/assessment/hook/pythonpath_develop.ps1'
[7.345s] INFO:colcon.colcon_core.shell:Creating environment descriptor '/home/auro/Auro_Revised/build/assessment/share/assessment/hook/pythonpath_develop.dsv'
[7.345s] INFO:colcon.colcon_core.shell:Creating environment hook '/home/auro/Auro_Revised/build/assessment/share/assessment/hook/pythonpath_develop.sh'
[7.346s] Level 1:colcon.colcon_core.environment:checking '/home/auro/Auro_Revised/install/assessment' for CMake module files
[7.347s] Level 1:colcon.colcon_core.environment:checking '/home/auro/Auro_Revised/install/assessment' for CMake config files
[7.349s] Level 1:colcon.colcon_core.environment:checking '/home/auro/Auro_Revised/install/assessment/lib'
[7.349s] Level 1:colcon.colcon_core.environment:checking '/home/auro/Auro_Revised/install/assessment/bin'
[7.349s] Level 1:colcon.colcon_core.environment:checking '/home/auro/Auro_Revised/install/assessment/lib/pkgconfig/assessment.pc'
[7.349s] Level 1:colcon.colcon_core.environment:checking '/home/auro/Auro_Revised/install/assessment/lib/python3.10/site-packages'
[7.349s] Level 1:colcon.colcon_core.shell:create_environment_hook('assessment', 'pythonpath')
[7.350s] INFO:colcon.colcon_core.shell:Creating environment hook '/home/auro/Auro_Revised/install/assessment/share/assessment/hook/pythonpath.ps1'
[7.351s] INFO:colcon.colcon_core.shell:Creating environment descriptor '/home/auro/Auro_Revised/install/assessment/share/assessment/hook/pythonpath.dsv'
[7.352s] INFO:colcon.colcon_core.shell:Creating environment hook '/home/auro/Auro_Revised/install/assessment/share/assessment/hook/pythonpath.sh'
[7.354s] Level 1:colcon.colcon_core.environment:checking '/home/auro/Auro_Revised/install/assessment/bin'
[7.354s] Level 1:colcon.colcon_core.environment:create_environment_scripts_only(assessment)
[7.355s] INFO:colcon.colcon_core.shell:Creating package script '/home/auro/Auro_Revised/install/assessment/share/assessment/package.ps1'
[7.356s] INFO:colcon.colcon_core.shell:Creating package descriptor '/home/auro/Auro_Revised/install/assessment/share/assessment/package.dsv'
[7.358s] INFO:colcon.colcon_core.shell:Creating package script '/home/auro/Auro_Revised/install/assessment/share/assessment/package.sh'
[7.359s] INFO:colcon.colcon_core.shell:Creating package script '/home/auro/Auro_Revised/install/assessment/share/assessment/package.bash'
[7.360s] INFO:colcon.colcon_core.shell:Creating package script '/home/auro/Auro_Revised/install/assessment/share/assessment/package.zsh'
[7.360s] Level 1:colcon.colcon_core.environment:create_file_with_runtime_dependencies(/home/auro/Auro_Revised/install/assessment/share/colcon-core/packages/assessment)
[7.361s] DEBUG:colcon.colcon_parallel_executor.executor.parallel:closing loop
[7.362s] DEBUG:colcon.colcon_parallel_executor.executor.parallel:loop closed
[7.362s] DEBUG:colcon.colcon_parallel_executor.executor.parallel:run_until_complete finished with '0'
[7.362s] DEBUG:colcon.colcon_core.event_reactor:joining thread
[7.375s] INFO:colcon.colcon_core.plugin_system:Skipping extension 'colcon_notification.desktop_notification.terminal_notifier': Not used on non-Darwin systems
[7.376s] INFO:colcon.colcon_core.plugin_system:Skipping extension 'colcon_notification.desktop_notification.win32': Not used on non-Windows systems
[7.376s] INFO:colcon.colcon_notification.desktop_notification:Sending desktop notification using 'notify2'
[7.402s] DEBUG:colcon.colcon_core.event_reactor:joined thread
[7.402s] INFO:colcon.colcon_core.shell:Creating prefix script '/home/auro/Auro_Revised/install/local_setup.ps1'
[7.404s] INFO:colcon.colcon_core.shell:Creating prefix util module '/home/auro/Auro_Revised/install/_local_setup_util_ps1.py'
[7.408s] INFO:colcon.colcon_core.shell:Creating prefix chain script '/home/auro/Auro_Revised/install/setup.ps1'
[7.411s] INFO:colcon.colcon_core.shell:Creating prefix script '/home/auro/Auro_Revised/install/local_setup.sh'
[7.413s] INFO:colcon.colcon_core.shell:Creating prefix util module '/home/auro/Auro_Revised/install/_local_setup_util_sh.py'
[7.414s] INFO:colcon.colcon_core.shell:Creating prefix chain script '/home/auro/Auro_Revised/install/setup.sh'
[7.417s] INFO:colcon.colcon_core.shell:Creating prefix script '/home/auro/Auro_Revised/install/local_setup.bash'
[7.419s] INFO:colcon.colcon_core.shell:Creating prefix chain script '/home/auro/Auro_Revised/install/setup.bash'
[7.422s] INFO:colcon.colcon_core.shell:Creating prefix script '/home/auro/Auro_Revised/install/local_setup.zsh'
[7.424s] INFO:colcon.colcon_core.shell:Creating prefix chain script '/home/auro/Auro_Revised/install/setup.zsh'
