[2.894s] Invoking command in '/home/auro/Auro/build/solution': PYTHONPATH=/home/auro/Auro/build/solution/prefix_override:/usr/lib/python3/dist-packages/colcon_core/task/python/colcon_distutils_commands:/home/auro/Auro/install/solution/lib/python3.10/site-packages:${PYTHONPATH} /usr/bin/python3 -W ignore:setup.py install is deprecated setup.py develop --editable --build-directory /home/auro/Auro/build/solution/build --no-deps symlink_data
[3.715s] running develop
[4.167s] running egg_info
[4.174s] writing solution.egg-info/PKG-INFO
[4.175s] writing dependency_links to solution.egg-info/dependency_links.txt
[4.175s] writing entry points to solution.egg-info/entry_points.txt
[4.175s] writing requirements to solution.egg-info/requires.txt
[4.175s] writing top-level names to solution.egg-info/top_level.txt
[4.180s] reading manifest file 'solution.egg-info/SOURCES.txt'
[4.182s] writing manifest file 'solution.egg-info/SOURCES.txt'
[4.184s] running build_ext
[4.185s] Creating /home/auro/Auro/install/solution/lib/python3.10/site-packages/solution.egg-link (link to .)
[4.187s] Installing collision_avoidance script to /home/auro/Auro/install/solution/lib/solution
[4.187s] Installing data_logger script to /home/auro/Auro/install/solution/lib/solution
[4.187s] Installing robot_controller script to /home/auro/Auro/install/solution/lib/solution
[4.188s] Installing robot_manager script to /home/auro/Auro/install/solution/lib/solution
[4.188s] Installing robot_vision script to /home/auro/Auro/install/solution/lib/solution
[4.189s] 
[4.189s] Installed /home/auro/Auro/build/solution
[4.189s] running symlink_data
[4.312s] Invoked command in '/home/auro/Auro/build/solution' returned '0': PYTHONPATH=/home/auro/Auro/build/solution/prefix_override:/usr/lib/python3/dist-packages/colcon_core/task/python/colcon_distutils_commands:/home/auro/Auro/install/solution/lib/python3.10/site-packages:${PYTHONPATH} /usr/bin/python3 -W ignore:setup.py install is deprecated setup.py develop --editable --build-directory /home/auro/Auro/build/solution/build --no-deps symlink_data
