[0.187s] DEBUG:colcon:Command line arguments: ['/usr/bin/colcon', 'build', '--symlink-install']
[0.187s] DEBUG:colcon:Parsed command line arguments: Namespace(log_base=None, log_level=None, verb_name='build', build_base='build', install_base='install', merge_install=False, symlink_install=True, test_result_base=None, continue_on_error=False, executor='parallel', parallel_workers=4, event_handlers=None, ignore_user_meta=False, metas=['./colcon.meta'], base_paths=['.'], packages_ignore=None, packages_ignore_regex=None, paths=None, packages_up_to=None, packages_up_to_regex=None, packages_above=None, packages_above_and_dependencies=None, packages_above_depth=None, packages_select_by_dep=None, packages_skip_by_dep=None, packages_skip_up_to=None, packages_select_build_failed=False, packages_skip_build_finished=False, packages_select_test_failures=False, packages_skip_test_passed=False, packages_select=None, packages_skip=None, packages_select_regex=None, packages_skip_regex=None, packages_start=None, packages_end=None, allow_overriding=[], cmake_args=None, cmake_target=None, cmake_target_skip_unavailable=False, cmake_clean_cache=False, cmake_clean_first=False, cmake_force_configure=False, ament_cmake_args=None, catkin_cmake_args=None, catkin_skip_building_tests=False, mixin_files=None, mixin=None, verb_parser=<colcon_mixin.mixin.mixin_argument.MixinArgumentDecorator object at 0x79cc0fda80a0>, verb_extension=<colcon_core.verb.build.BuildVerb object at 0x79cc0fd07100>, main=<bound method BuildVerb.main of <colcon_core.verb.build.BuildVerb object at 0x79cc0fd07100>>, mixin_verb=('build',))
[0.426s] Level 1:colcon.colcon_core.package_discovery:discover_packages(colcon_meta) check parameters
[0.427s] Level 1:colcon.colcon_core.package_discovery:discover_packages(recursive) check parameters
[0.427s] Level 1:colcon.colcon_core.package_discovery:discover_packages(ignore) check parameters
[0.427s] Level 1:colcon.colcon_core.package_discovery:discover_packages(path) check parameters
[0.427s] Level 1:colcon.colcon_core.package_discovery:discover_packages(colcon_meta) discover
[0.427s] Level 1:colcon.colcon_core.package_discovery:discover_packages(recursive) discover
[0.427s] INFO:colcon.colcon_core.package_discovery:Crawling recursively for packages in '/home/auro/AURO-Revised'
[0.427s] Level 1:colcon.colcon_core.package_identification:_identify(.) by extensions ['ignore', 'ignore_ament_install']
[0.427s] Level 1:colcon.colcon_core.package_identification:_identify(.) by extension 'ignore'
[0.427s] Level 1:colcon.colcon_core.package_identification:_identify(.) by extension 'ignore_ament_install'
[0.427s] Level 1:colcon.colcon_core.package_identification:_identify(.) by extensions ['colcon_pkg']
[0.427s] Level 1:colcon.colcon_core.package_identification:_identify(.) by extension 'colcon_pkg'
[0.427s] Level 1:colcon.colcon_core.package_identification:_identify(.) by extensions ['colcon_meta']
[0.427s] Level 1:colcon.colcon_core.package_identification:_identify(.) by extension 'colcon_meta'
[0.427s] Level 1:colcon.colcon_core.package_identification:_identify(.) by extensions ['ros']
[0.427s] Level 1:colcon.colcon_core.package_identification:_identify(.) by extension 'ros'
[0.460s] Level 1:colcon.colcon_core.package_identification:_identify(.) by extensions ['cmake', 'python']
[0.460s] Level 1:colcon.colcon_core.package_identification:_identify(.) by extension 'cmake'
[0.460s] Level 1:colcon.colcon_core.package_identification:_identify(.) by extension 'python'
[0.461s] Level 1:colcon.colcon_core.package_identification:_identify(.) by extensions ['python_setup_py']
[0.461s] Level 1:colcon.colcon_core.package_identification:_identify(.) by extension 'python_setup_py'
[0.461s] Level 1:colcon.colcon_core.package_identification:_identify(assessment) by extensions ['ignore', 'ignore_ament_install']
[0.461s] Level 1:colcon.colcon_core.package_identification:_identify(assessment) by extension 'ignore'
[0.461s] Level 1:colcon.colcon_core.package_identification:_identify(assessment) by extension 'ignore_ament_install'
[0.461s] Level 1:colcon.colcon_core.package_identification:_identify(assessment) by extensions ['colcon_pkg']
[0.461s] Level 1:colcon.colcon_core.package_identification:_identify(assessment) by extension 'colcon_pkg'
[0.461s] Level 1:colcon.colcon_core.package_identification:_identify(assessment) by extensions ['colcon_meta']
[0.461s] Level 1:colcon.colcon_core.package_identification:_identify(assessment) by extension 'colcon_meta'
[0.461s] Level 1:colcon.colcon_core.package_identification:_identify(assessment) by extensions ['ros']
[0.461s] Level 1:colcon.colcon_core.package_identification:_identify(assessment) by extension 'ros'
[0.464s] DEBUG:colcon.colcon_core.package_identification:Package 'assessment' with type 'ros.ament_python' and name 'assessment'
[0.465s] Level 1:colcon.colcon_core.package_identification:_identify(assessment_interfaces) by extensions ['ignore', 'ignore_ament_install']
[0.465s] Level 1:colcon.colcon_core.package_identification:_identify(assessment_interfaces) by extension 'ignore'
[0.465s] Level 1:colcon.colcon_core.package_identification:_identify(assessment_interfaces) by extension 'ignore_ament_install'
[0.465s] Level 1:colcon.colcon_core.package_identification:_identify(assessment_interfaces) by extensions ['colcon_pkg']
[0.465s] Level 1:colcon.colcon_core.package_identification:_identify(assessment_interfaces) by extension 'colcon_pkg'
[0.465s] Level 1:colcon.colcon_core.package_identification:_identify(assessment_interfaces) by extensions ['colcon_meta']
[0.465s] Level 1:colcon.colcon_core.package_identification:_identify(assessment_interfaces) by extension 'colcon_meta'
[0.465s] Level 1:colcon.colcon_core.package_identification:_identify(assessment_interfaces) by extensions ['ros']
[0.465s] Level 1:colcon.colcon_core.package_identification:_identify(assessment_interfaces) by extension 'ros'
[0.466s] DEBUG:colcon.colcon_core.package_identification:Package 'assessment_interfaces' with type 'ros.ament_cmake' and name 'assessment_interfaces'
[0.466s] Level 1:colcon.colcon_core.package_identification:_identify(auro_interfaces) by extensions ['ignore', 'ignore_ament_install']
[0.466s] Level 1:colcon.colcon_core.package_identification:_identify(auro_interfaces) by extension 'ignore'
[0.466s] Level 1:colcon.colcon_core.package_identification:_identify(auro_interfaces) by extension 'ignore_ament_install'
[0.466s] Level 1:colcon.colcon_core.package_identification:_identify(auro_interfaces) by extensions ['colcon_pkg']
[0.466s] Level 1:colcon.colcon_core.package_identification:_identify(auro_interfaces) by extension 'colcon_pkg'
[0.466s] Level 1:colcon.colcon_core.package_identification:_identify(auro_interfaces) by extensions ['colcon_meta']
[0.466s] Level 1:colcon.colcon_core.package_identification:_identify(auro_interfaces) by extension 'colcon_meta'
[0.466s] Level 1:colcon.colcon_core.package_identification:_identify(auro_interfaces) by extensions ['ros']
[0.466s] Level 1:colcon.colcon_core.package_identification:_identify(auro_interfaces) by extension 'ros'
[0.467s] DEBUG:colcon.colcon_core.package_identification:Package 'auro_interfaces' with type 'ros.ament_cmake' and name 'auro_interfaces'
[0.467s] Level 1:colcon.colcon_core.package_identification:_identify(build) by extensions ['ignore', 'ignore_ament_install']
[0.467s] Level 1:colcon.colcon_core.package_identification:_identify(build) by extension 'ignore'
[0.468s] Level 1:colcon.colcon_core.package_identification:_identify(build) ignored
[0.468s] Level 1:colcon.colcon_core.package_identification:_identify(install) by extensions ['ignore', 'ignore_ament_install']
[0.468s] Level 1:colcon.colcon_core.package_identification:_identify(install) by extension 'ignore'
[0.468s] Level 1:colcon.colcon_core.package_identification:_identify(install) ignored
[0.468s] Level 1:colcon.colcon_core.package_identification:_identify(log) by extensions ['ignore', 'ignore_ament_install']
[0.468s] Level 1:colcon.colcon_core.package_identification:_identify(log) by extension 'ignore'
[0.468s] Level 1:colcon.colcon_core.package_identification:_identify(log) ignored
[0.468s] Level 1:colcon.colcon_core.package_identification:_identify(solution) by extensions ['ignore', 'ignore_ament_install']
[0.468s] Level 1:colcon.colcon_core.package_identification:_identify(solution) by extension 'ignore'
[0.468s] Level 1:colcon.colcon_core.package_identification:_identify(solution) by extension 'ignore_ament_install'
[0.469s] Level 1:colcon.colcon_core.package_identification:_identify(solution) by extensions ['colcon_pkg']
[0.469s] Level 1:colcon.colcon_core.package_identification:_identify(solution) by extension 'colcon_pkg'
[0.469s] Level 1:colcon.colcon_core.package_identification:_identify(solution) by extensions ['colcon_meta']
[0.469s] Level 1:colcon.colcon_core.package_identification:_identify(solution) by extension 'colcon_meta'
[0.469s] Level 1:colcon.colcon_core.package_identification:_identify(solution) by extensions ['ros']
[0.469s] Level 1:colcon.colcon_core.package_identification:_identify(solution) by extension 'ros'
[0.470s] DEBUG:colcon.colcon_core.package_identification:Package 'solution' with type 'ros.ament_python' and name 'solution'
[0.470s] Level 1:colcon.colcon_core.package_identification:_identify(tf_relay) by extensions ['ignore', 'ignore_ament_install']
[0.470s] Level 1:colcon.colcon_core.package_identification:_identify(tf_relay) by extension 'ignore'
[0.470s] Level 1:colcon.colcon_core.package_identification:_identify(tf_relay) by extension 'ignore_ament_install'
[0.470s] Level 1:colcon.colcon_core.package_identification:_identify(tf_relay) by extensions ['colcon_pkg']
[0.470s] Level 1:colcon.colcon_core.package_identification:_identify(tf_relay) by extension 'colcon_pkg'
[0.470s] Level 1:colcon.colcon_core.package_identification:_identify(tf_relay) by extensions ['colcon_meta']
[0.470s] Level 1:colcon.colcon_core.package_identification:_identify(tf_relay) by extension 'colcon_meta'
[0.470s] Level 1:colcon.colcon_core.package_identification:_identify(tf_relay) by extensions ['ros']
[0.470s] Level 1:colcon.colcon_core.package_identification:_identify(tf_relay) by extension 'ros'
[0.471s] DEBUG:colcon.colcon_core.package_identification:Package 'tf_relay' with type 'ros.ament_python' and name 'tf_relay'
[0.471s] Level 1:colcon.colcon_core.package_discovery:discover_packages(recursive) using defaults
[0.471s] Level 1:colcon.colcon_core.package_discovery:discover_packages(ignore) discover
[0.471s] Level 1:colcon.colcon_core.package_discovery:discover_packages(ignore) using defaults
[0.471s] Level 1:colcon.colcon_core.package_discovery:discover_packages(path) discover
[0.471s] Level 1:colcon.colcon_core.package_discovery:discover_packages(path) using defaults
[0.500s] Level 1:colcon.colcon_core.package_discovery:discover_packages(prefix_path) check parameters
[0.500s] Level 1:colcon.colcon_core.package_discovery:discover_packages(prefix_path) discover
[0.503s] DEBUG:colcon.colcon_installed_package_information.package_discovery:Found 5 installed packages in /home/auro/AURO-Revised/install
[0.504s] DEBUG:colcon.colcon_installed_package_information.package_discovery:Found 15 installed packages in /home/auro/turtlebot3_ws/install
[0.507s] DEBUG:colcon.colcon_installed_package_information.package_discovery:Found 398 installed packages in /opt/ros/humble
[0.510s] Level 1:colcon.colcon_core.package_discovery:discover_packages(prefix_path) using defaults
[0.586s] Level 5:colcon.colcon_core.verb:set package 'assessment_interfaces' build argument 'cmake_args' from command line to 'None'
[0.586s] Level 5:colcon.colcon_core.verb:set package 'assessment_interfaces' build argument 'cmake_target' from command line to 'None'
[0.586s] Level 5:colcon.colcon_core.verb:set package 'assessment_interfaces' build argument 'cmake_target_skip_unavailable' from command line to 'False'
[0.586s] Level 5:colcon.colcon_core.verb:set package 'assessment_interfaces' build argument 'cmake_clean_cache' from command line to 'False'
[0.586s] Level 5:colcon.colcon_core.verb:set package 'assessment_interfaces' build argument 'cmake_clean_first' from command line to 'False'
[0.586s] Level 5:colcon.colcon_core.verb:set package 'assessment_interfaces' build argument 'cmake_force_configure' from command line to 'False'
[0.586s] Level 5:colcon.colcon_core.verb:set package 'assessment_interfaces' build argument 'ament_cmake_args' from command line to 'None'
[0.586s] Level 5:colcon.colcon_core.verb:set package 'assessment_interfaces' build argument 'catkin_cmake_args' from command line to 'None'
[0.586s] Level 5:colcon.colcon_core.verb:set package 'assessment_interfaces' build argument 'catkin_skip_building_tests' from command line to 'False'
[0.586s] DEBUG:colcon.colcon_core.verb:Building package 'assessment_interfaces' with the following arguments: {'ament_cmake_args': None, 'build_base': '/home/auro/AURO-Revised/build/assessment_interfaces', 'catkin_cmake_args': None, 'catkin_skip_building_tests': False, 'cmake_args': None, 'cmake_clean_cache': False, 'cmake_clean_first': False, 'cmake_force_configure': False, 'cmake_target': None, 'cmake_target_skip_unavailable': False, 'install_base': '/home/auro/AURO-Revised/install/assessment_interfaces', 'merge_install': False, 'path': '/home/auro/AURO-Revised/assessment_interfaces', 'symlink_install': True, 'test_result_base': None}
[0.587s] Level 5:colcon.colcon_core.verb:set package 'auro_interfaces' build argument 'cmake_args' from command line to 'None'
[0.587s] Level 5:colcon.colcon_core.verb:set package 'auro_interfaces' build argument 'cmake_target' from command line to 'None'
[0.587s] Level 5:colcon.colcon_core.verb:set package 'auro_interfaces' build argument 'cmake_target_skip_unavailable' from command line to 'False'
[0.587s] Level 5:colcon.colcon_core.verb:set package 'auro_interfaces' build argument 'cmake_clean_cache' from command line to 'False'
[0.587s] Level 5:colcon.colcon_core.verb:set package 'auro_interfaces' build argument 'cmake_clean_first' from command line to 'False'
[0.587s] Level 5:colcon.colcon_core.verb:set package 'auro_interfaces' build argument 'cmake_force_configure' from command line to 'False'
[0.587s] Level 5:colcon.colcon_core.verb:set package 'auro_interfaces' build argument 'ament_cmake_args' from command line to 'None'
[0.587s] Level 5:colcon.colcon_core.verb:set package 'auro_interfaces' build argument 'catkin_cmake_args' from command line to 'None'
[0.587s] Level 5:colcon.colcon_core.verb:set package 'auro_interfaces' build argument 'catkin_skip_building_tests' from command line to 'False'
[0.587s] DEBUG:colcon.colcon_core.verb:Building package 'auro_interfaces' with the following arguments: {'ament_cmake_args': None, 'build_base': '/home/auro/AURO-Revised/build/auro_interfaces', 'catkin_cmake_args': None, 'catkin_skip_building_tests': False, 'cmake_args': None, 'cmake_clean_cache': False, 'cmake_clean_first': False, 'cmake_force_configure': False, 'cmake_target': None, 'cmake_target_skip_unavailable': False, 'install_base': '/home/auro/AURO-Revised/install/auro_interfaces', 'merge_install': False, 'path': '/home/auro/AURO-Revised/auro_interfaces', 'symlink_install': True, 'test_result_base': None}
[0.587s] Level 5:colcon.colcon_core.verb:set package 'solution' build argument 'cmake_args' from command line to 'None'
[0.587s] Level 5:colcon.colcon_core.verb:set package 'solution' build argument 'cmake_target' from command line to 'None'
[0.587s] Level 5:colcon.colcon_core.verb:set package 'solution' build argument 'cmake_target_skip_unavailable' from command line to 'False'
[0.587s] Level 5:colcon.colcon_core.verb:set package 'solution' build argument 'cmake_clean_cache' from command line to 'False'
[0.587s] Level 5:colcon.colcon_core.verb:set package 'solution' build argument 'cmake_clean_first' from command line to 'False'
[0.587s] Level 5:colcon.colcon_core.verb:set package 'solution' build argument 'cmake_force_configure' from command line to 'False'
[0.588s] Level 5:colcon.colcon_core.verb:set package 'solution' build argument 'ament_cmake_args' from command line to 'None'
[0.588s] Level 5:colcon.colcon_core.verb:set package 'solution' build argument 'catkin_cmake_args' from command line to 'None'
[0.588s] Level 5:colcon.colcon_core.verb:set package 'solution' build argument 'catkin_skip_building_tests' from command line to 'False'
[0.588s] DEBUG:colcon.colcon_core.verb:Building package 'solution' with the following arguments: {'ament_cmake_args': None, 'build_base': '/home/auro/AURO-Revised/build/solution', 'catkin_cmake_args': None, 'catkin_skip_building_tests': False, 'cmake_args': None, 'cmake_clean_cache': False, 'cmake_clean_first': False, 'cmake_force_configure': False, 'cmake_target': None, 'cmake_target_skip_unavailable': False, 'install_base': '/home/auro/AURO-Revised/install/solution', 'merge_install': False, 'path': '/home/auro/AURO-Revised/solution', 'symlink_install': True, 'test_result_base': None}
[0.588s] Level 5:colcon.colcon_core.verb:set package 'tf_relay' build argument 'cmake_args' from command line to 'None'
[0.588s] Level 5:colcon.colcon_core.verb:set package 'tf_relay' build argument 'cmake_target' from command line to 'None'
[0.588s] Level 5:colcon.colcon_core.verb:set package 'tf_relay' build argument 'cmake_target_skip_unavailable' from command line to 'False'
[0.588s] Level 5:colcon.colcon_core.verb:set package 'tf_relay' build argument 'cmake_clean_cache' from command line to 'False'
[0.588s] Level 5:colcon.colcon_core.verb:set package 'tf_relay' build argument 'cmake_clean_first' from command line to 'False'
[0.588s] Level 5:colcon.colcon_core.verb:set package 'tf_relay' build argument 'cmake_force_configure' from command line to 'False'
[0.588s] Level 5:colcon.colcon_core.verb:set package 'tf_relay' build argument 'ament_cmake_args' from command line to 'None'
[0.588s] Level 5:colcon.colcon_core.verb:set package 'tf_relay' build argument 'catkin_cmake_args' from command line to 'None'
[0.588s] Level 5:colcon.colcon_core.verb:set package 'tf_relay' build argument 'catkin_skip_building_tests' from command line to 'False'
[0.588s] DEBUG:colcon.colcon_core.verb:Building package 'tf_relay' with the following arguments: {'ament_cmake_args': None, 'build_base': '/home/auro/AURO-Revised/build/tf_relay', 'catkin_cmake_args': None, 'catkin_skip_building_tests': False, 'cmake_args': None, 'cmake_clean_cache': False, 'cmake_clean_first': False, 'cmake_force_configure': False, 'cmake_target': None, 'cmake_target_skip_unavailable': False, 'install_base': '/home/auro/AURO-Revised/install/tf_relay', 'merge_install': False, 'path': '/home/auro/AURO-Revised/tf_relay', 'symlink_install': True, 'test_result_base': None}
[0.589s] Level 5:colcon.colcon_core.verb:set package 'assessment' build argument 'cmake_args' from command line to 'None'
[0.589s] Level 5:colcon.colcon_core.verb:set package 'assessment' build argument 'cmake_target' from command line to 'None'
[0.589s] Level 5:colcon.colcon_core.verb:set package 'assessment' build argument 'cmake_target_skip_unavailable' from command line to 'False'
[0.589s] Level 5:colcon.colcon_core.verb:set package 'assessment' build argument 'cmake_clean_cache' from command line to 'False'
[0.589s] Level 5:colcon.colcon_core.verb:set package 'assessment' build argument 'cmake_clean_first' from command line to 'False'
[0.589s] Level 5:colcon.colcon_core.verb:set package 'assessment' build argument 'cmake_force_configure' from command line to 'False'
[0.589s] Level 5:colcon.colcon_core.verb:set package 'assessment' build argument 'ament_cmake_args' from command line to 'None'
[0.589s] Level 5:colcon.colcon_core.verb:set package 'assessment' build argument 'catkin_cmake_args' from command line to 'None'
[0.589s] Level 5:colcon.colcon_core.verb:set package 'assessment' build argument 'catkin_skip_building_tests' from command line to 'False'
[0.589s] DEBUG:colcon.colcon_core.verb:Building package 'assessment' with the following arguments: {'ament_cmake_args': None, 'build_base': '/home/auro/AURO-Revised/build/assessment', 'catkin_cmake_args': None, 'catkin_skip_building_tests': False, 'cmake_args': None, 'cmake_clean_cache': False, 'cmake_clean_first': False, 'cmake_force_configure': False, 'cmake_target': None, 'cmake_target_skip_unavailable': False, 'install_base': '/home/auro/AURO-Revised/install/assessment', 'merge_install': False, 'path': '/home/auro/AURO-Revised/assessment', 'symlink_install': True, 'test_result_base': None}
[0.589s] INFO:colcon.colcon_core.executor:Executing jobs using 'parallel' executor
[0.591s] DEBUG:colcon.colcon_parallel_executor.executor.parallel:run_until_complete
[0.591s] INFO:colcon.colcon_ros.task.ament_cmake.build:Building ROS package in '/home/auro/AURO-Revised/auro_interfaces' with build type 'ament_cmake'
[0.591s] INFO:colcon.colcon_cmake.task.cmake.build:Building CMake package in '/home/auro/AURO-Revised/auro_interfaces'
[0.594s] INFO:colcon.colcon_core.plugin_system:Skipping extension 'colcon_core.shell.bat': Not used on non-Windows systems
[0.595s] INFO:colcon.colcon_core.shell:Skip shell extension 'powershell' for command environment: Not usable outside of PowerShell
[0.595s] DEBUG:colcon.colcon_core.shell:Skip shell extension 'dsv' for command environment
[0.603s] INFO:colcon.colcon_ros.task.ament_cmake.build:Building ROS package in '/home/auro/AURO-Revised/assessment_interfaces' with build type 'ament_cmake'
[0.603s] INFO:colcon.colcon_cmake.task.cmake.build:Building CMake package in '/home/auro/AURO-Revised/assessment_interfaces'
[0.603s] INFO:colcon.colcon_core.shell:Skip shell extension 'powershell' for command environment: Not usable outside of PowerShell
[0.603s] DEBUG:colcon.colcon_core.shell:Skip shell extension 'dsv' for command environment
[0.613s] INFO:colcon.colcon_ros.task.ament_python.build:Building ROS package in '/home/auro/AURO-Revised/solution' with build type 'ament_python'
[0.614s] Level 1:colcon.colcon_core.shell:create_environment_hook('solution', 'ament_prefix_path')
[0.614s] INFO:colcon.colcon_core.shell:Creating environment hook '/home/auro/AURO-Revised/install/solution/share/solution/hook/ament_prefix_path.ps1'
[0.616s] INFO:colcon.colcon_core.shell:Creating environment descriptor '/home/auro/AURO-Revised/install/solution/share/solution/hook/ament_prefix_path.dsv'
[0.616s] INFO:colcon.colcon_core.shell:Creating environment hook '/home/auro/AURO-Revised/install/solution/share/solution/hook/ament_prefix_path.sh'
[0.618s] INFO:colcon.colcon_core.shell:Skip shell extension 'powershell' for command environment: Not usable outside of PowerShell
[0.618s] DEBUG:colcon.colcon_core.shell:Skip shell extension 'dsv' for command environment
[0.628s] INFO:colcon.colcon_ros.task.ament_python.build:Building ROS package in '/home/auro/AURO-Revised/tf_relay' with build type 'ament_python'
[0.629s] Level 1:colcon.colcon_core.shell:create_environment_hook('tf_relay', 'ament_prefix_path')
[0.630s] INFO:colcon.colcon_core.shell:Creating environment hook '/home/auro/AURO-Revised/install/tf_relay/share/tf_relay/hook/ament_prefix_path.ps1'
[0.631s] INFO:colcon.colcon_core.shell:Creating environment descriptor '/home/auro/AURO-Revised/install/tf_relay/share/tf_relay/hook/ament_prefix_path.dsv'
[0.632s] INFO:colcon.colcon_core.shell:Creating environment hook '/home/auro/AURO-Revised/install/tf_relay/share/tf_relay/hook/ament_prefix_path.sh'
[0.633s] INFO:colcon.colcon_core.shell:Skip shell extension 'powershell' for command environment: Not usable outside of PowerShell
[0.633s] DEBUG:colcon.colcon_core.shell:Skip shell extension 'dsv' for command environment
[0.661s] DEBUG:colcon.colcon_core.event_handler.log_command:Invoking command in '/home/auro/AURO-Revised/build/auro_interfaces': CMAKE_PREFIX_PATH=${CMAKE_PREFIX_PATH}:/home/auro/AURO-Revised/install/tf_relay:/home/auro/AURO-Revised/install/solution:/home/auro/AURO-Revised/install/assessment:/home/auro/turtlebot3_ws/install/turtlebot3_teleop:/home/auro/turtlebot3_ws/install/turtlebot3_example:/opt/ros/humble /usr/bin/cmake --build /home/auro/AURO-Revised/build/auro_interfaces -- -j4 -l4
[0.671s] DEBUG:colcon.colcon_core.event_handler.log_command:Invoking command in '/home/auro/AURO-Revised/build/assessment_interfaces': CMAKE_PREFIX_PATH=${CMAKE_PREFIX_PATH}:/home/auro/AURO-Revised/install/tf_relay:/home/auro/AURO-Revised/install/solution:/home/auro/AURO-Revised/install/assessment:/home/auro/turtlebot3_ws/install/turtlebot3_teleop:/home/auro/turtlebot3_ws/install/turtlebot3_example:/opt/ros/humble /usr/bin/cmake --build /home/auro/AURO-Revised/build/assessment_interfaces -- -j4 -l4
[1.231s] INFO:colcon.colcon_core.task.python.build:Building Python package in '/home/auro/AURO-Revised/solution'
[1.231s] INFO:colcon.colcon_core.shell:Skip shell extension 'powershell' for command environment: Not usable outside of PowerShell
[1.231s] DEBUG:colcon.colcon_core.shell:Skip shell extension 'dsv' for command environment
[1.755s] INFO:colcon.colcon_core.task.python.build:Building Python package in '/home/auro/AURO-Revised/tf_relay'
[1.756s] INFO:colcon.colcon_core.shell:Skip shell extension 'powershell' for command environment: Not usable outside of PowerShell
[1.756s] DEBUG:colcon.colcon_core.shell:Skip shell extension 'dsv' for command environment
[2.108s] DEBUG:colcon.colcon_core.event_handler.log_command:Invoked command in '/home/auro/AURO-Revised/build/assessment_interfaces' returned '0': CMAKE_PREFIX_PATH=${CMAKE_PREFIX_PATH}:/home/auro/AURO-Revised/install/tf_relay:/home/auro/AURO-Revised/install/solution:/home/auro/AURO-Revised/install/assessment:/home/auro/turtlebot3_ws/install/turtlebot3_teleop:/home/auro/turtlebot3_ws/install/turtlebot3_example:/opt/ros/humble /usr/bin/cmake --build /home/auro/AURO-Revised/build/assessment_interfaces -- -j4 -l4
[2.130s] DEBUG:colcon.colcon_core.event_handler.log_command:Invoked command in '/home/auro/AURO-Revised/build/auro_interfaces' returned '0': CMAKE_PREFIX_PATH=${CMAKE_PREFIX_PATH}:/home/auro/AURO-Revised/install/tf_relay:/home/auro/AURO-Revised/install/solution:/home/auro/AURO-Revised/install/assessment:/home/auro/turtlebot3_ws/install/turtlebot3_teleop:/home/auro/turtlebot3_ws/install/turtlebot3_example:/opt/ros/humble /usr/bin/cmake --build /home/auro/AURO-Revised/build/auro_interfaces -- -j4 -l4
[2.537s] DEBUG:colcon.colcon_core.event_handler.log_command:Invoking command in '/home/auro/AURO-Revised/build/tf_relay': PYTHONPATH=/home/auro/AURO-Revised/build/tf_relay/prefix_override:/usr/lib/python3/dist-packages/colcon_core/task/python/colcon_distutils_commands:/home/auro/AURO-Revised/install/tf_relay/lib/python3.10/site-packages:${PYTHONPATH} /usr/bin/python3 -W ignore:setup.py install is deprecated setup.py develop --editable --build-directory /home/auro/AURO-Revised/build/tf_relay/build --no-deps symlink_data
[2.562s] DEBUG:colcon.colcon_core.event_handler.log_command:Invoking command in '/home/auro/AURO-Revised/build/solution': PYTHONPATH=/home/auro/AURO-Revised/build/solution/prefix_override:/usr/lib/python3/dist-packages/colcon_core/task/python/colcon_distutils_commands:/home/auro/AURO-Revised/install/solution/lib/python3.10/site-packages:${PYTHONPATH} /usr/bin/python3 -W ignore:setup.py install is deprecated setup.py develop --editable --build-directory /home/auro/AURO-Revised/build/solution/build --no-deps symlink_data
[2.741s] DEBUG:colcon.colcon_core.event_handler.log_command:Invoking command in '/home/auro/AURO-Revised/build/assessment_interfaces': CMAKE_PREFIX_PATH=${CMAKE_PREFIX_PATH}:/home/auro/AURO-Revised/install/tf_relay:/home/auro/AURO-Revised/install/solution:/home/auro/AURO-Revised/install/assessment:/home/auro/turtlebot3_ws/install/turtlebot3_teleop:/home/auro/turtlebot3_ws/install/turtlebot3_example:/opt/ros/humble /usr/bin/cmake --install /home/auro/AURO-Revised/build/assessment_interfaces
[2.896s] DEBUG:colcon.colcon_core.event_handler.log_command:Invoking command in '/home/auro/AURO-Revised/build/auro_interfaces': CMAKE_PREFIX_PATH=${CMAKE_PREFIX_PATH}:/home/auro/AURO-Revised/install/tf_relay:/home/auro/AURO-Revised/install/solution:/home/auro/AURO-Revised/install/assessment:/home/auro/turtlebot3_ws/install/turtlebot3_teleop:/home/auro/turtlebot3_ws/install/turtlebot3_example:/opt/ros/humble /usr/bin/cmake --install /home/auro/AURO-Revised/build/auro_interfaces
[2.943s] Level 1:colcon.colcon_core.environment:create_environment_scripts_only(assessment_interfaces)
[2.949s] Level 1:colcon.colcon_core.environment:checking '/home/auro/AURO-Revised/install/assessment_interfaces' for CMake module files
[2.950s] Level 1:colcon.colcon_core.environment:checking '/home/auro/AURO-Revised/install/assessment_interfaces' for CMake config files
[2.952s] Level 1:colcon.colcon_core.shell:create_environment_hook('assessment_interfaces', 'cmake_prefix_path')
[2.953s] INFO:colcon.colcon_core.shell:Creating environment hook '/home/auro/AURO-Revised/install/assessment_interfaces/share/assessment_interfaces/hook/cmake_prefix_path.ps1'
[2.953s] INFO:colcon.colcon_core.shell:Creating environment descriptor '/home/auro/AURO-Revised/install/assessment_interfaces/share/assessment_interfaces/hook/cmake_prefix_path.dsv'
[2.954s] INFO:colcon.colcon_core.shell:Creating environment hook '/home/auro/AURO-Revised/install/assessment_interfaces/share/assessment_interfaces/hook/cmake_prefix_path.sh'
[2.955s] Level 1:colcon.colcon_core.environment:checking '/home/auro/AURO-Revised/install/assessment_interfaces/lib'
[2.955s] Level 1:colcon.colcon_core.shell:create_environment_hook('assessment_interfaces', 'ld_library_path_lib')
[2.956s] INFO:colcon.colcon_core.shell:Creating environment hook '/home/auro/AURO-Revised/install/assessment_interfaces/share/assessment_interfaces/hook/ld_library_path_lib.ps1'
[2.956s] INFO:colcon.colcon_core.shell:Creating environment descriptor '/home/auro/AURO-Revised/install/assessment_interfaces/share/assessment_interfaces/hook/ld_library_path_lib.dsv'
[2.957s] INFO:colcon.colcon_core.shell:Creating environment hook '/home/auro/AURO-Revised/install/assessment_interfaces/share/assessment_interfaces/hook/ld_library_path_lib.sh'
[2.957s] Level 1:colcon.colcon_core.environment:checking '/home/auro/AURO-Revised/install/assessment_interfaces/bin'
[2.958s] Level 1:colcon.colcon_core.environment:checking '/home/auro/AURO-Revised/install/assessment_interfaces/lib/pkgconfig/assessment_interfaces.pc'
[2.958s] Level 1:colcon.colcon_core.environment:checking '/home/auro/AURO-Revised/install/assessment_interfaces/lib/python3.10/site-packages'
[2.958s] Level 1:colcon.colcon_core.environment:checking '/home/auro/AURO-Revised/install/assessment_interfaces/bin'
[2.959s] INFO:colcon.colcon_core.shell:Creating package script '/home/auro/AURO-Revised/install/assessment_interfaces/share/assessment_interfaces/package.ps1'
[2.960s] INFO:colcon.colcon_core.shell:Creating package descriptor '/home/auro/AURO-Revised/install/assessment_interfaces/share/assessment_interfaces/package.dsv'
[2.961s] INFO:colcon.colcon_core.shell:Creating package script '/home/auro/AURO-Revised/install/assessment_interfaces/share/assessment_interfaces/package.sh'
[2.962s] INFO:colcon.colcon_core.shell:Creating package script '/home/auro/AURO-Revised/install/assessment_interfaces/share/assessment_interfaces/package.bash'
[2.971s] INFO:colcon.colcon_core.shell:Creating package script '/home/auro/AURO-Revised/install/assessment_interfaces/share/assessment_interfaces/package.zsh'
[2.972s] Level 1:colcon.colcon_core.environment:create_file_with_runtime_dependencies(/home/auro/AURO-Revised/install/assessment_interfaces/share/colcon-core/packages/assessment_interfaces)
[2.989s] DEBUG:colcon.colcon_core.event_handler.log_command:Invoked command in '/home/auro/AURO-Revised/build/assessment_interfaces' returned '0': CMAKE_PREFIX_PATH=${CMAKE_PREFIX_PATH}:/home/auro/AURO-Revised/install/tf_relay:/home/auro/AURO-Revised/install/solution:/home/auro/AURO-Revised/install/assessment:/home/auro/turtlebot3_ws/install/turtlebot3_teleop:/home/auro/turtlebot3_ws/install/turtlebot3_example:/opt/ros/humble /usr/bin/cmake --install /home/auro/AURO-Revised/build/assessment_interfaces
[3.077s] Level 1:colcon.colcon_core.environment:create_environment_scripts_only(auro_interfaces)
[3.078s] Level 1:colcon.colcon_core.environment:checking '/home/auro/AURO-Revised/install/auro_interfaces' for CMake module files
[3.079s] Level 1:colcon.colcon_core.environment:checking '/home/auro/AURO-Revised/install/auro_interfaces' for CMake config files
[3.081s] Level 1:colcon.colcon_core.shell:create_environment_hook('auro_interfaces', 'cmake_prefix_path')
[3.081s] INFO:colcon.colcon_core.shell:Creating environment hook '/home/auro/AURO-Revised/install/auro_interfaces/share/auro_interfaces/hook/cmake_prefix_path.ps1'
[3.077s] DEBUG:colcon.colcon_core.event_handler.log_command:Invoked command in '/home/auro/AURO-Revised/build/auro_interfaces' returned '0': CMAKE_PREFIX_PATH=${CMAKE_PREFIX_PATH}:/home/auro/AURO-Revised/install/tf_relay:/home/auro/AURO-Revised/install/solution:/home/auro/AURO-Revised/install/assessment:/home/auro/turtlebot3_ws/install/turtlebot3_teleop:/home/auro/turtlebot3_ws/install/turtlebot3_example:/opt/ros/humble /usr/bin/cmake --install /home/auro/AURO-Revised/build/auro_interfaces
[3.082s] INFO:colcon.colcon_core.shell:Creating environment descriptor '/home/auro/AURO-Revised/install/auro_interfaces/share/auro_interfaces/hook/cmake_prefix_path.dsv'
[3.083s] INFO:colcon.colcon_core.shell:Creating environment hook '/home/auro/AURO-Revised/install/auro_interfaces/share/auro_interfaces/hook/cmake_prefix_path.sh'
[3.084s] Level 1:colcon.colcon_core.environment:checking '/home/auro/AURO-Revised/install/auro_interfaces/lib'
[3.084s] Level 1:colcon.colcon_core.shell:create_environment_hook('auro_interfaces', 'ld_library_path_lib')
[3.084s] INFO:colcon.colcon_core.shell:Creating environment hook '/home/auro/AURO-Revised/install/auro_interfaces/share/auro_interfaces/hook/ld_library_path_lib.ps1'
[3.085s] INFO:colcon.colcon_core.shell:Creating environment descriptor '/home/auro/AURO-Revised/install/auro_interfaces/share/auro_interfaces/hook/ld_library_path_lib.dsv'
[3.086s] INFO:colcon.colcon_core.shell:Creating environment hook '/home/auro/AURO-Revised/install/auro_interfaces/share/auro_interfaces/hook/ld_library_path_lib.sh'
[3.087s] Level 1:colcon.colcon_core.environment:checking '/home/auro/AURO-Revised/install/auro_interfaces/bin'
[3.087s] Level 1:colcon.colcon_core.environment:checking '/home/auro/AURO-Revised/install/auro_interfaces/lib/pkgconfig/auro_interfaces.pc'
[3.088s] Level 1:colcon.colcon_core.environment:checking '/home/auro/AURO-Revised/install/auro_interfaces/lib/python3.10/site-packages'
[3.088s] Level 1:colcon.colcon_core.environment:checking '/home/auro/AURO-Revised/install/auro_interfaces/bin'
[3.089s] INFO:colcon.colcon_core.shell:Creating package script '/home/auro/AURO-Revised/install/auro_interfaces/share/auro_interfaces/package.ps1'
[3.090s] INFO:colcon.colcon_core.shell:Creating package descriptor '/home/auro/AURO-Revised/install/auro_interfaces/share/auro_interfaces/package.dsv'
[3.091s] INFO:colcon.colcon_core.shell:Creating package script '/home/auro/AURO-Revised/install/auro_interfaces/share/auro_interfaces/package.sh'
[3.091s] INFO:colcon.colcon_core.shell:Creating package script '/home/auro/AURO-Revised/install/auro_interfaces/share/auro_interfaces/package.bash'
[3.092s] INFO:colcon.colcon_core.shell:Creating package script '/home/auro/AURO-Revised/install/auro_interfaces/share/auro_interfaces/package.zsh'
[3.093s] Level 1:colcon.colcon_core.environment:create_file_with_runtime_dependencies(/home/auro/AURO-Revised/install/auro_interfaces/share/colcon-core/packages/auro_interfaces)
[3.523s] Level 1:colcon.colcon_core.shell:create_environment_hook('tf_relay', 'pythonpath_develop')
[3.524s] INFO:colcon.colcon_core.shell:Creating environment hook '/home/auro/AURO-Revised/build/tf_relay/share/tf_relay/hook/pythonpath_develop.ps1'
[3.525s] INFO:colcon.colcon_core.shell:Creating environment descriptor '/home/auro/AURO-Revised/build/tf_relay/share/tf_relay/hook/pythonpath_develop.dsv'
[3.525s] INFO:colcon.colcon_core.shell:Creating environment hook '/home/auro/AURO-Revised/build/tf_relay/share/tf_relay/hook/pythonpath_develop.sh'
[3.526s] Level 1:colcon.colcon_core.environment:checking '/home/auro/AURO-Revised/install/tf_relay' for CMake module files
[3.527s] Level 1:colcon.colcon_core.environment:checking '/home/auro/AURO-Revised/install/tf_relay' for CMake config files
[3.528s] Level 1:colcon.colcon_core.environment:checking '/home/auro/AURO-Revised/install/tf_relay/lib'
[3.528s] Level 1:colcon.colcon_core.environment:checking '/home/auro/AURO-Revised/install/tf_relay/bin'
[3.528s] Level 1:colcon.colcon_core.environment:checking '/home/auro/AURO-Revised/install/tf_relay/lib/pkgconfig/tf_relay.pc'
[3.528s] Level 1:colcon.colcon_core.environment:checking '/home/auro/AURO-Revised/install/tf_relay/lib/python3.10/site-packages'
[3.529s] Level 1:colcon.colcon_core.shell:create_environment_hook('tf_relay', 'pythonpath')
[3.529s] INFO:colcon.colcon_core.shell:Creating environment hook '/home/auro/AURO-Revised/install/tf_relay/share/tf_relay/hook/pythonpath.ps1'
[3.530s] INFO:colcon.colcon_core.shell:Creating environment descriptor '/home/auro/AURO-Revised/install/tf_relay/share/tf_relay/hook/pythonpath.dsv'
[3.530s] INFO:colcon.colcon_core.shell:Creating environment hook '/home/auro/AURO-Revised/install/tf_relay/share/tf_relay/hook/pythonpath.sh'
[3.532s] Level 1:colcon.colcon_core.environment:checking '/home/auro/AURO-Revised/install/tf_relay/bin'
[3.532s] Level 1:colcon.colcon_core.environment:create_environment_scripts_only(tf_relay)
[3.546s] DEBUG:colcon.colcon_core.event_handler.log_command:Invoked command in '/home/auro/AURO-Revised/build/tf_relay' returned '0': PYTHONPATH=/home/auro/AURO-Revised/build/tf_relay/prefix_override:/usr/lib/python3/dist-packages/colcon_core/task/python/colcon_distutils_commands:/home/auro/AURO-Revised/install/tf_relay/lib/python3.10/site-packages:${PYTHONPATH} /usr/bin/python3 -W ignore:setup.py install is deprecated setup.py develop --editable --build-directory /home/auro/AURO-Revised/build/tf_relay/build --no-deps symlink_data
[3.548s] INFO:colcon.colcon_core.shell:Creating package script '/home/auro/AURO-Revised/install/tf_relay/share/tf_relay/package.ps1'
[3.551s] INFO:colcon.colcon_core.shell:Creating package descriptor '/home/auro/AURO-Revised/install/tf_relay/share/tf_relay/package.dsv'
[3.552s] INFO:colcon.colcon_core.shell:Creating package script '/home/auro/AURO-Revised/install/tf_relay/share/tf_relay/package.sh'
[3.554s] INFO:colcon.colcon_core.shell:Creating package script '/home/auro/AURO-Revised/install/tf_relay/share/tf_relay/package.bash'
[3.555s] INFO:colcon.colcon_core.shell:Creating package script '/home/auro/AURO-Revised/install/tf_relay/share/tf_relay/package.zsh'
[3.557s] Level 1:colcon.colcon_core.environment:create_file_with_runtime_dependencies(/home/auro/AURO-Revised/install/tf_relay/share/colcon-core/packages/tf_relay)
[3.570s] Level 1:colcon.colcon_core.shell:create_environment_hook('solution', 'pythonpath_develop')
[3.572s] INFO:colcon.colcon_core.shell:Creating environment hook '/home/auro/AURO-Revised/build/solution/share/solution/hook/pythonpath_develop.ps1'
[3.573s] INFO:colcon.colcon_core.shell:Creating environment descriptor '/home/auro/AURO-Revised/build/solution/share/solution/hook/pythonpath_develop.dsv'
[3.574s] INFO:colcon.colcon_core.shell:Creating environment hook '/home/auro/AURO-Revised/build/solution/share/solution/hook/pythonpath_develop.sh'
[3.571s] DEBUG:colcon.colcon_core.event_handler.log_command:Invoked command in '/home/auro/AURO-Revised/build/solution' returned '0': PYTHONPATH=/home/auro/AURO-Revised/build/solution/prefix_override:/usr/lib/python3/dist-packages/colcon_core/task/python/colcon_distutils_commands:/home/auro/AURO-Revised/install/solution/lib/python3.10/site-packages:${PYTHONPATH} /usr/bin/python3 -W ignore:setup.py install is deprecated setup.py develop --editable --build-directory /home/auro/AURO-Revised/build/solution/build --no-deps symlink_data
[3.576s] Level 1:colcon.colcon_core.environment:checking '/home/auro/AURO-Revised/install/solution' for CMake module files
[3.577s] Level 1:colcon.colcon_core.environment:checking '/home/auro/AURO-Revised/install/solution' for CMake config files
[3.579s] Level 1:colcon.colcon_core.environment:checking '/home/auro/AURO-Revised/install/solution/lib'
[3.579s] Level 1:colcon.colcon_core.environment:checking '/home/auro/AURO-Revised/install/solution/bin'
[3.579s] Level 1:colcon.colcon_core.environment:checking '/home/auro/AURO-Revised/install/solution/lib/pkgconfig/solution.pc'
[3.580s] Level 1:colcon.colcon_core.environment:checking '/home/auro/AURO-Revised/install/solution/lib/python3.10/site-packages'
[3.580s] Level 1:colcon.colcon_core.shell:create_environment_hook('solution', 'pythonpath')
[3.580s] INFO:colcon.colcon_core.shell:Creating environment hook '/home/auro/AURO-Revised/install/solution/share/solution/hook/pythonpath.ps1'
[3.581s] INFO:colcon.colcon_core.shell:Creating environment descriptor '/home/auro/AURO-Revised/install/solution/share/solution/hook/pythonpath.dsv'
[3.582s] INFO:colcon.colcon_core.shell:Creating environment hook '/home/auro/AURO-Revised/install/solution/share/solution/hook/pythonpath.sh'
[3.583s] Level 1:colcon.colcon_core.environment:checking '/home/auro/AURO-Revised/install/solution/bin'
[3.583s] Level 1:colcon.colcon_core.environment:create_environment_scripts_only(solution)
[3.584s] INFO:colcon.colcon_core.shell:Creating package script '/home/auro/AURO-Revised/install/solution/share/solution/package.ps1'
[3.587s] INFO:colcon.colcon_core.shell:Creating package descriptor '/home/auro/AURO-Revised/install/solution/share/solution/package.dsv'
[3.588s] INFO:colcon.colcon_core.shell:Creating package script '/home/auro/AURO-Revised/install/solution/share/solution/package.sh'
[3.589s] INFO:colcon.colcon_core.shell:Creating package script '/home/auro/AURO-Revised/install/solution/share/solution/package.bash'
[3.590s] INFO:colcon.colcon_core.shell:Creating package script '/home/auro/AURO-Revised/install/solution/share/solution/package.zsh'
[3.590s] Level 1:colcon.colcon_core.environment:create_file_with_runtime_dependencies(/home/auro/AURO-Revised/install/solution/share/colcon-core/packages/solution)
[3.628s] Level 1:colcon.colcon_core.environment:create_environment_scripts_only(assessment_interfaces)
[3.628s] Level 1:colcon.colcon_core.environment:checking '/home/auro/AURO-Revised/install/assessment_interfaces' for CMake module files
[3.630s] Level 1:colcon.colcon_core.environment:checking '/home/auro/AURO-Revised/install/assessment_interfaces' for CMake config files
[3.633s] Level 1:colcon.colcon_core.shell:create_environment_hook('assessment_interfaces', 'cmake_prefix_path')
[3.633s] INFO:colcon.colcon_core.shell:Creating environment hook '/home/auro/AURO-Revised/install/assessment_interfaces/share/assessment_interfaces/hook/cmake_prefix_path.ps1'
[3.634s] INFO:colcon.colcon_core.shell:Creating environment descriptor '/home/auro/AURO-Revised/install/assessment_interfaces/share/assessment_interfaces/hook/cmake_prefix_path.dsv'
[3.635s] INFO:colcon.colcon_core.shell:Creating environment hook '/home/auro/AURO-Revised/install/assessment_interfaces/share/assessment_interfaces/hook/cmake_prefix_path.sh'
[3.636s] Level 1:colcon.colcon_core.environment:checking '/home/auro/AURO-Revised/install/assessment_interfaces/lib'
[3.636s] Level 1:colcon.colcon_core.shell:create_environment_hook('assessment_interfaces', 'ld_library_path_lib')
[3.636s] INFO:colcon.colcon_core.shell:Creating environment hook '/home/auro/AURO-Revised/install/assessment_interfaces/share/assessment_interfaces/hook/ld_library_path_lib.ps1'
[3.637s] INFO:colcon.colcon_core.shell:Creating environment descriptor '/home/auro/AURO-Revised/install/assessment_interfaces/share/assessment_interfaces/hook/ld_library_path_lib.dsv'
[3.638s] INFO:colcon.colcon_core.shell:Creating environment hook '/home/auro/AURO-Revised/install/assessment_interfaces/share/assessment_interfaces/hook/ld_library_path_lib.sh'
[3.639s] Level 1:colcon.colcon_core.environment:checking '/home/auro/AURO-Revised/install/assessment_interfaces/bin'
[3.639s] Level 1:colcon.colcon_core.environment:checking '/home/auro/AURO-Revised/install/assessment_interfaces/lib/pkgconfig/assessment_interfaces.pc'
[3.639s] Level 1:colcon.colcon_core.environment:checking '/home/auro/AURO-Revised/install/assessment_interfaces/lib/python3.10/site-packages'
[3.639s] Level 1:colcon.colcon_core.environment:checking '/home/auro/AURO-Revised/install/assessment_interfaces/bin'
[3.640s] INFO:colcon.colcon_core.shell:Creating package script '/home/auro/AURO-Revised/install/assessment_interfaces/share/assessment_interfaces/package.ps1'
[3.642s] INFO:colcon.colcon_core.shell:Creating package descriptor '/home/auro/AURO-Revised/install/assessment_interfaces/share/assessment_interfaces/package.dsv'
[3.643s] INFO:colcon.colcon_core.shell:Creating package script '/home/auro/AURO-Revised/install/assessment_interfaces/share/assessment_interfaces/package.sh'
[3.644s] INFO:colcon.colcon_core.shell:Creating package script '/home/auro/AURO-Revised/install/assessment_interfaces/share/assessment_interfaces/package.bash'
[3.645s] INFO:colcon.colcon_core.shell:Creating package script '/home/auro/AURO-Revised/install/assessment_interfaces/share/assessment_interfaces/package.zsh'
[3.645s] Level 1:colcon.colcon_core.environment:create_file_with_runtime_dependencies(/home/auro/AURO-Revised/install/assessment_interfaces/share/colcon-core/packages/assessment_interfaces)
[3.881s] Level 1:colcon.colcon_core.environment:create_environment_scripts_only(auro_interfaces)
[3.881s] Level 1:colcon.colcon_core.environment:checking '/home/auro/AURO-Revised/install/auro_interfaces' for CMake module files
[3.882s] Level 1:colcon.colcon_core.environment:checking '/home/auro/AURO-Revised/install/auro_interfaces' for CMake config files
[3.884s] Level 1:colcon.colcon_core.shell:create_environment_hook('auro_interfaces', 'cmake_prefix_path')
[3.885s] INFO:colcon.colcon_core.shell:Creating environment hook '/home/auro/AURO-Revised/install/auro_interfaces/share/auro_interfaces/hook/cmake_prefix_path.ps1'
[3.885s] INFO:colcon.colcon_core.shell:Creating environment descriptor '/home/auro/AURO-Revised/install/auro_interfaces/share/auro_interfaces/hook/cmake_prefix_path.dsv'
[3.886s] INFO:colcon.colcon_core.shell:Creating environment hook '/home/auro/AURO-Revised/install/auro_interfaces/share/auro_interfaces/hook/cmake_prefix_path.sh'
[3.886s] Level 1:colcon.colcon_core.environment:checking '/home/auro/AURO-Revised/install/auro_interfaces/lib'
[3.887s] Level 1:colcon.colcon_core.shell:create_environment_hook('auro_interfaces', 'ld_library_path_lib')
[3.887s] INFO:colcon.colcon_core.shell:Creating environment hook '/home/auro/AURO-Revised/install/auro_interfaces/share/auro_interfaces/hook/ld_library_path_lib.ps1'
[3.887s] INFO:colcon.colcon_core.shell:Creating environment descriptor '/home/auro/AURO-Revised/install/auro_interfaces/share/auro_interfaces/hook/ld_library_path_lib.dsv'
[3.888s] INFO:colcon.colcon_core.shell:Creating environment hook '/home/auro/AURO-Revised/install/auro_interfaces/share/auro_interfaces/hook/ld_library_path_lib.sh'
[3.888s] Level 1:colcon.colcon_core.environment:checking '/home/auro/AURO-Revised/install/auro_interfaces/bin'
[3.888s] Level 1:colcon.colcon_core.environment:checking '/home/auro/AURO-Revised/install/auro_interfaces/lib/pkgconfig/auro_interfaces.pc'
[3.889s] Level 1:colcon.colcon_core.environment:checking '/home/auro/AURO-Revised/install/auro_interfaces/lib/python3.10/site-packages'
[3.889s] Level 1:colcon.colcon_core.environment:checking '/home/auro/AURO-Revised/install/auro_interfaces/bin'
[3.890s] INFO:colcon.colcon_core.shell:Creating package script '/home/auro/AURO-Revised/install/auro_interfaces/share/auro_interfaces/package.ps1'
[3.890s] INFO:colcon.colcon_core.shell:Creating package descriptor '/home/auro/AURO-Revised/install/auro_interfaces/share/auro_interfaces/package.dsv'
[3.891s] INFO:colcon.colcon_core.shell:Creating package script '/home/auro/AURO-Revised/install/auro_interfaces/share/auro_interfaces/package.sh'
[3.892s] INFO:colcon.colcon_core.shell:Creating package script '/home/auro/AURO-Revised/install/auro_interfaces/share/auro_interfaces/package.bash'
[3.892s] INFO:colcon.colcon_core.shell:Creating package script '/home/auro/AURO-Revised/install/auro_interfaces/share/auro_interfaces/package.zsh'
[3.893s] Level 1:colcon.colcon_core.environment:create_file_with_runtime_dependencies(/home/auro/AURO-Revised/install/auro_interfaces/share/colcon-core/packages/auro_interfaces)
[3.893s] INFO:colcon.colcon_ros.task.ament_python.build:Building ROS package in '/home/auro/AURO-Revised/assessment' with build type 'ament_python'
[3.893s] Level 1:colcon.colcon_core.shell:create_environment_hook('assessment', 'ament_prefix_path')
[3.894s] INFO:colcon.colcon_core.shell:Creating environment hook '/home/auro/AURO-Revised/install/assessment/share/assessment/hook/ament_prefix_path.ps1'
[3.895s] INFO:colcon.colcon_core.shell:Creating environment descriptor '/home/auro/AURO-Revised/install/assessment/share/assessment/hook/ament_prefix_path.dsv'
[3.896s] INFO:colcon.colcon_core.shell:Creating environment hook '/home/auro/AURO-Revised/install/assessment/share/assessment/hook/ament_prefix_path.sh'
[3.897s] INFO:colcon.colcon_core.shell:Skip shell extension 'powershell' for command environment: Not usable outside of PowerShell
[3.897s] DEBUG:colcon.colcon_core.shell:Skip shell extension 'dsv' for command environment
[4.271s] INFO:colcon.colcon_core.task.python.build:Building Python package in '/home/auro/AURO-Revised/assessment'
[4.271s] INFO:colcon.colcon_core.shell:Skip shell extension 'powershell' for command environment: Not usable outside of PowerShell
[4.271s] DEBUG:colcon.colcon_core.shell:Skip shell extension 'dsv' for command environment
[4.785s] DEBUG:colcon.colcon_core.event_handler.log_command:Invoking command in '/home/auro/AURO-Revised/build/assessment': LD_LIBRARY_PATH=/home/auro/AURO-Revised/install/auro_interfaces/lib:/home/auro/AURO-Revised/install/assessment_interfaces/lib:/home/auro/turtlebot3_ws/install/turtlebot3_msgs/lib:/home/auro/turtlebot3_ws/install/dynamixel_sdk_custom_interfaces/lib:/home/auro/turtlebot3_ws/install/dynamixel_sdk/lib:/usr/lib/x86_64-linux-gnu/gazebo-11/plugins:/opt/ros/humble/opt/rviz_ogre_vendor/lib:/opt/ros/humble/lib/x86_64-linux-gnu:/opt/ros/humble/lib:/usr/lib/x86_64-linux-gnu/gazebo-11/plugins PYTHONPATH=/home/auro/AURO-Revised/build/assessment/prefix_override:/usr/lib/python3/dist-packages/colcon_core/task/python/colcon_distutils_commands:/home/auro/AURO-Revised/install/assessment/lib/python3.10/site-packages:${PYTHONPATH} /usr/bin/python3 -W ignore:setup.py install is deprecated setup.py develop --editable --build-directory /home/auro/AURO-Revised/build/assessment/build --no-deps symlink_data
[5.453s] Level 1:colcon.colcon_core.shell:create_environment_hook('assessment', 'pythonpath_develop')
[5.453s] INFO:colcon.colcon_core.shell:Creating environment hook '/home/auro/AURO-Revised/build/assessment/share/assessment/hook/pythonpath_develop.ps1'
[5.454s] DEBUG:colcon.colcon_core.event_handler.log_command:Invoked command in '/home/auro/AURO-Revised/build/assessment' returned '0': LD_LIBRARY_PATH=/home/auro/AURO-Revised/install/auro_interfaces/lib:/home/auro/AURO-Revised/install/assessment_interfaces/lib:/home/auro/turtlebot3_ws/install/turtlebot3_msgs/lib:/home/auro/turtlebot3_ws/install/dynamixel_sdk_custom_interfaces/lib:/home/auro/turtlebot3_ws/install/dynamixel_sdk/lib:/usr/lib/x86_64-linux-gnu/gazebo-11/plugins:/opt/ros/humble/opt/rviz_ogre_vendor/lib:/opt/ros/humble/lib/x86_64-linux-gnu:/opt/ros/humble/lib:/usr/lib/x86_64-linux-gnu/gazebo-11/plugins PYTHONPATH=/home/auro/AURO-Revised/build/assessment/prefix_override:/usr/lib/python3/dist-packages/colcon_core/task/python/colcon_distutils_commands:/home/auro/AURO-Revised/install/assessment/lib/python3.10/site-packages:${PYTHONPATH} /usr/bin/python3 -W ignore:setup.py install is deprecated setup.py develop --editable --build-directory /home/auro/AURO-Revised/build/assessment/build --no-deps symlink_data
[5.455s] INFO:colcon.colcon_core.shell:Creating environment descriptor '/home/auro/AURO-Revised/build/assessment/share/assessment/hook/pythonpath_develop.dsv'
[5.455s] INFO:colcon.colcon_core.shell:Creating environment hook '/home/auro/AURO-Revised/build/assessment/share/assessment/hook/pythonpath_develop.sh'
[5.456s] Level 1:colcon.colcon_core.environment:checking '/home/auro/AURO-Revised/install/assessment' for CMake module files
[5.457s] Level 1:colcon.colcon_core.environment:checking '/home/auro/AURO-Revised/install/assessment' for CMake config files
[5.458s] Level 1:colcon.colcon_core.environment:checking '/home/auro/AURO-Revised/install/assessment/lib'
[5.458s] Level 1:colcon.colcon_core.environment:checking '/home/auro/AURO-Revised/install/assessment/bin'
[5.458s] Level 1:colcon.colcon_core.environment:checking '/home/auro/AURO-Revised/install/assessment/lib/pkgconfig/assessment.pc'
[5.458s] Level 1:colcon.colcon_core.environment:checking '/home/auro/AURO-Revised/install/assessment/lib/python3.10/site-packages'
[5.459s] Level 1:colcon.colcon_core.shell:create_environment_hook('assessment', 'pythonpath')
[5.459s] INFO:colcon.colcon_core.shell:Creating environment hook '/home/auro/AURO-Revised/install/assessment/share/assessment/hook/pythonpath.ps1'
[5.459s] INFO:colcon.colcon_core.shell:Creating environment descriptor '/home/auro/AURO-Revised/install/assessment/share/assessment/hook/pythonpath.dsv'
[5.460s] INFO:colcon.colcon_core.shell:Creating environment hook '/home/auro/AURO-Revised/install/assessment/share/assessment/hook/pythonpath.sh'
[5.461s] Level 1:colcon.colcon_core.environment:checking '/home/auro/AURO-Revised/install/assessment/bin'
[5.461s] Level 1:colcon.colcon_core.environment:create_environment_scripts_only(assessment)
[5.461s] INFO:colcon.colcon_core.shell:Creating package script '/home/auro/AURO-Revised/install/assessment/share/assessment/package.ps1'
[5.462s] INFO:colcon.colcon_core.shell:Creating package descriptor '/home/auro/AURO-Revised/install/assessment/share/assessment/package.dsv'
[5.462s] INFO:colcon.colcon_core.shell:Creating package script '/home/auro/AURO-Revised/install/assessment/share/assessment/package.sh'
[5.463s] INFO:colcon.colcon_core.shell:Creating package script '/home/auro/AURO-Revised/install/assessment/share/assessment/package.bash'
[5.463s] INFO:colcon.colcon_core.shell:Creating package script '/home/auro/AURO-Revised/install/assessment/share/assessment/package.zsh'
[5.464s] Level 1:colcon.colcon_core.environment:create_file_with_runtime_dependencies(/home/auro/AURO-Revised/install/assessment/share/colcon-core/packages/assessment)
[5.464s] DEBUG:colcon.colcon_parallel_executor.executor.parallel:closing loop
[5.465s] DEBUG:colcon.colcon_parallel_executor.executor.parallel:loop closed
[5.465s] DEBUG:colcon.colcon_parallel_executor.executor.parallel:run_until_complete finished with '0'
[5.465s] DEBUG:colcon.colcon_core.event_reactor:joining thread
[5.472s] INFO:colcon.colcon_core.plugin_system:Skipping extension 'colcon_notification.desktop_notification.terminal_notifier': Not used on non-Darwin systems
[5.472s] INFO:colcon.colcon_core.plugin_system:Skipping extension 'colcon_notification.desktop_notification.win32': Not used on non-Windows systems
[5.473s] INFO:colcon.colcon_notification.desktop_notification:Sending desktop notification using 'notify2'
[5.488s] DEBUG:colcon.colcon_core.event_reactor:joined thread
[5.489s] INFO:colcon.colcon_core.shell:Creating prefix script '/home/auro/AURO-Revised/install/local_setup.ps1'
[5.490s] INFO:colcon.colcon_core.shell:Creating prefix util module '/home/auro/AURO-Revised/install/_local_setup_util_ps1.py'
[5.492s] INFO:colcon.colcon_core.shell:Creating prefix chain script '/home/auro/AURO-Revised/install/setup.ps1'
[5.503s] INFO:colcon.colcon_core.shell:Creating prefix script '/home/auro/AURO-Revised/install/local_setup.sh'
[5.504s] INFO:colcon.colcon_core.shell:Creating prefix util module '/home/auro/AURO-Revised/install/_local_setup_util_sh.py'
[5.505s] INFO:colcon.colcon_core.shell:Creating prefix chain script '/home/auro/AURO-Revised/install/setup.sh'
[5.509s] INFO:colcon.colcon_core.shell:Creating prefix script '/home/auro/AURO-Revised/install/local_setup.bash'
[5.512s] INFO:colcon.colcon_core.shell:Creating prefix chain script '/home/auro/AURO-Revised/install/setup.bash'
[5.515s] INFO:colcon.colcon_core.shell:Creating prefix script '/home/auro/AURO-Revised/install/local_setup.zsh'
[5.518s] INFO:colcon.colcon_core.shell:Creating prefix chain script '/home/auro/AURO-Revised/install/setup.zsh'
