[1.514s] Invoking command in '/home/auro/Auro3.0/build/solution': PYTHONPATH=/home/auro/Auro3.0/build/solution/prefix_override:/usr/lib/python3/dist-packages/colcon_core/task/python/colcon_distutils_commands:/home/auro/Auro3.0/install/solution/lib/python3.10/site-packages:${PYTHONPATH} /usr/bin/python3 -W ignore:setup.py install is deprecated setup.py develop --editable --build-directory /home/auro/Auro3.0/build/solution/build --no-deps symlink_data
[1.945s] running develop
[2.221s] running egg_info
[2.222s] writing solution.egg-info/PKG-INFO
[2.223s] writing dependency_links to solution.egg-info/dependency_links.txt
[2.223s] writing entry points to solution.egg-info/entry_points.txt
[2.224s] writing requirements to solution.egg-info/requires.txt
[2.224s] writing top-level names to solution.egg-info/top_level.txt
[2.228s] reading manifest file 'solution.egg-info/SOURCES.txt'
[2.230s] writing manifest file 'solution.egg-info/SOURCES.txt'
[2.234s] running build_ext
[2.234s] Creating /home/auro/Auro3.0/install/solution/lib/python3.10/site-packages/solution.egg-link (link to .)
[2.234s] Installing collision_avoidance script to /home/auro/Auro3.0/install/solution/lib/solution
[2.234s] Installing data_logger script to /home/auro/Auro3.0/install/solution/lib/solution
[2.234s] Installing navigation script to /home/auro/Auro3.0/install/solution/lib/solution
[2.235s] Installing robot_controller script to /home/auro/Auro3.0/install/solution/lib/solution
[2.235s] Installing robot_manager script to /home/auro/Auro3.0/install/solution/lib/solution
[2.236s] Installing robot_vision script to /home/auro/Auro3.0/install/solution/lib/solution
[2.237s] 
[2.237s] Installed /home/auro/Auro3.0/build/solution
[2.239s] running symlink_data
[2.303s] Invoked command in '/home/auro/Auro3.0/build/solution' returned '0': PYTHONPATH=/home/auro/Auro3.0/build/solution/prefix_override:/usr/lib/python3/dist-packages/colcon_core/task/python/colcon_distutils_commands:/home/auro/Auro3.0/install/solution/lib/python3.10/site-packages:${PYTHONPATH} /usr/bin/python3 -W ignore:setup.py install is deprecated setup.py develop --editable --build-directory /home/auro/Auro3.0/build/solution/build --no-deps symlink_data
