[0.138s] DEBUG:colcon:Command line arguments: ['/usr/bin/colcon', 'build', '--symlink-install']
[0.139s] DEBUG:colcon:Parsed command line arguments: Namespace(log_base=None, log_level=None, verb_name='build', build_base='build', install_base='install', merge_install=False, symlink_install=True, test_result_base=None, continue_on_error=False, executor='parallel', parallel_workers=4, event_handlers=None, ignore_user_meta=False, metas=['./colcon.meta'], base_paths=['.'], packages_ignore=None, packages_ignore_regex=None, paths=None, packages_up_to=None, packages_up_to_regex=None, packages_above=None, packages_above_and_dependencies=None, packages_above_depth=None, packages_select_by_dep=None, packages_skip_by_dep=None, packages_skip_up_to=None, packages_select_build_failed=False, packages_skip_build_finished=False, packages_select_test_failures=False, packages_skip_test_passed=False, packages_select=None, packages_skip=None, packages_select_regex=None, packages_skip_regex=None, packages_start=None, packages_end=None, allow_overriding=[], cmake_args=None, cmake_target=None, cmake_target_skip_unavailable=False, cmake_clean_cache=False, cmake_clean_first=False, cmake_force_configure=False, ament_cmake_args=None, catkin_cmake_args=None, catkin_skip_building_tests=False, mixin_files=None, mixin=None, verb_parser=<colcon_mixin.mixin.mixin_argument.MixinArgumentDecorator object at 0x7e96ca970040>, verb_extension=<colcon_core.verb.build.BuildVerb object at 0x7e96ca943250>, main=<bound method BuildVerb.main of <colcon_core.verb.build.BuildVerb object at 0x7e96ca943250>>, mixin_verb=('build',))
[0.343s] Level 1:colcon.colcon_core.package_discovery:discover_packages(colcon_meta) check parameters
[0.343s] Level 1:colcon.colcon_core.package_discovery:discover_packages(recursive) check parameters
[0.343s] Level 1:colcon.colcon_core.package_discovery:discover_packages(ignore) check parameters
[0.343s] Level 1:colcon.colcon_core.package_discovery:discover_packages(path) check parameters
[0.343s] Level 1:colcon.colcon_core.package_discovery:discover_packages(colcon_meta) discover
[0.343s] Level 1:colcon.colcon_core.package_discovery:discover_packages(recursive) discover
[0.344s] INFO:colcon.colcon_core.package_discovery:Crawling recursively for packages in '/home/auro/Auro'
[0.344s] Level 1:colcon.colcon_core.package_identification:_identify(.) by extensions ['ignore', 'ignore_ament_install']
[0.344s] Level 1:colcon.colcon_core.package_identification:_identify(.) by extension 'ignore'
[0.344s] Level 1:colcon.colcon_core.package_identification:_identify(.) by extension 'ignore_ament_install'
[0.344s] Level 1:colcon.colcon_core.package_identification:_identify(.) by extensions ['colcon_pkg']
[0.344s] Level 1:colcon.colcon_core.package_identification:_identify(.) by extension 'colcon_pkg'
[0.344s] Level 1:colcon.colcon_core.package_identification:_identify(.) by extensions ['colcon_meta']
[0.344s] Level 1:colcon.colcon_core.package_identification:_identify(.) by extension 'colcon_meta'
[0.344s] Level 1:colcon.colcon_core.package_identification:_identify(.) by extensions ['ros']
[0.344s] Level 1:colcon.colcon_core.package_identification:_identify(.) by extension 'ros'
[0.356s] Level 1:colcon.colcon_core.package_identification:_identify(.) by extensions ['cmake', 'python']
[0.356s] Level 1:colcon.colcon_core.package_identification:_identify(.) by extension 'cmake'
[0.356s] Level 1:colcon.colcon_core.package_identification:_identify(.) by extension 'python'
[0.356s] Level 1:colcon.colcon_core.package_identification:_identify(.) by extensions ['python_setup_py']
[0.356s] Level 1:colcon.colcon_core.package_identification:_identify(.) by extension 'python_setup_py'
[0.356s] Level 1:colcon.colcon_core.package_identification:_identify(assessment) by extensions ['ignore', 'ignore_ament_install']
[0.356s] Level 1:colcon.colcon_core.package_identification:_identify(assessment) by extension 'ignore'
[0.356s] Level 1:colcon.colcon_core.package_identification:_identify(assessment) by extension 'ignore_ament_install'
[0.356s] Level 1:colcon.colcon_core.package_identification:_identify(assessment) by extensions ['colcon_pkg']
[0.356s] Level 1:colcon.colcon_core.package_identification:_identify(assessment) by extension 'colcon_pkg'
[0.356s] Level 1:colcon.colcon_core.package_identification:_identify(assessment) by extensions ['colcon_meta']
[0.356s] Level 1:colcon.colcon_core.package_identification:_identify(assessment) by extension 'colcon_meta'
[0.356s] Level 1:colcon.colcon_core.package_identification:_identify(assessment) by extensions ['ros']
[0.356s] Level 1:colcon.colcon_core.package_identification:_identify(assessment) by extension 'ros'
[0.359s] DEBUG:colcon.colcon_core.package_identification:Package 'assessment' with type 'ros.ament_python' and name 'assessment'
[0.359s] Level 1:colcon.colcon_core.package_identification:_identify(assessment_interfaces) by extensions ['ignore', 'ignore_ament_install']
[0.359s] Level 1:colcon.colcon_core.package_identification:_identify(assessment_interfaces) by extension 'ignore'
[0.359s] Level 1:colcon.colcon_core.package_identification:_identify(assessment_interfaces) by extension 'ignore_ament_install'
[0.359s] Level 1:colcon.colcon_core.package_identification:_identify(assessment_interfaces) by extensions ['colcon_pkg']
[0.359s] Level 1:colcon.colcon_core.package_identification:_identify(assessment_interfaces) by extension 'colcon_pkg'
[0.360s] Level 1:colcon.colcon_core.package_identification:_identify(assessment_interfaces) by extensions ['colcon_meta']
[0.360s] Level 1:colcon.colcon_core.package_identification:_identify(assessment_interfaces) by extension 'colcon_meta'
[0.360s] Level 1:colcon.colcon_core.package_identification:_identify(assessment_interfaces) by extensions ['ros']
[0.360s] Level 1:colcon.colcon_core.package_identification:_identify(assessment_interfaces) by extension 'ros'
[0.360s] DEBUG:colcon.colcon_core.package_identification:Package 'assessment_interfaces' with type 'ros.ament_cmake' and name 'assessment_interfaces'
[0.360s] Level 1:colcon.colcon_core.package_identification:_identify(auro_interfaces) by extensions ['ignore', 'ignore_ament_install']
[0.360s] Level 1:colcon.colcon_core.package_identification:_identify(auro_interfaces) by extension 'ignore'
[0.360s] Level 1:colcon.colcon_core.package_identification:_identify(auro_interfaces) by extension 'ignore_ament_install'
[0.361s] Level 1:colcon.colcon_core.package_identification:_identify(auro_interfaces) by extensions ['colcon_pkg']
[0.361s] Level 1:colcon.colcon_core.package_identification:_identify(auro_interfaces) by extension 'colcon_pkg'
[0.361s] Level 1:colcon.colcon_core.package_identification:_identify(auro_interfaces) by extensions ['colcon_meta']
[0.361s] Level 1:colcon.colcon_core.package_identification:_identify(auro_interfaces) by extension 'colcon_meta'
[0.361s] Level 1:colcon.colcon_core.package_identification:_identify(auro_interfaces) by extensions ['ros']
[0.361s] Level 1:colcon.colcon_core.package_identification:_identify(auro_interfaces) by extension 'ros'
[0.361s] DEBUG:colcon.colcon_core.package_identification:Package 'auro_interfaces' with type 'ros.ament_cmake' and name 'auro_interfaces'
[0.362s] Level 1:colcon.colcon_core.package_identification:_identify(build) by extensions ['ignore', 'ignore_ament_install']
[0.362s] Level 1:colcon.colcon_core.package_identification:_identify(build) by extension 'ignore'
[0.362s] Level 1:colcon.colcon_core.package_identification:_identify(build) ignored
[0.362s] Level 1:colcon.colcon_core.package_identification:_identify(install) by extensions ['ignore', 'ignore_ament_install']
[0.362s] Level 1:colcon.colcon_core.package_identification:_identify(install) by extension 'ignore'
[0.362s] Level 1:colcon.colcon_core.package_identification:_identify(install) ignored
[0.363s] Level 1:colcon.colcon_core.package_identification:_identify(log) by extensions ['ignore', 'ignore_ament_install']
[0.363s] Level 1:colcon.colcon_core.package_identification:_identify(log) by extension 'ignore'
[0.363s] Level 1:colcon.colcon_core.package_identification:_identify(log) ignored
[0.363s] Level 1:colcon.colcon_core.package_identification:_identify(solution) by extensions ['ignore', 'ignore_ament_install']
[0.363s] Level 1:colcon.colcon_core.package_identification:_identify(solution) by extension 'ignore'
[0.363s] Level 1:colcon.colcon_core.package_identification:_identify(solution) by extension 'ignore_ament_install'
[0.363s] Level 1:colcon.colcon_core.package_identification:_identify(solution) by extensions ['colcon_pkg']
[0.363s] Level 1:colcon.colcon_core.package_identification:_identify(solution) by extension 'colcon_pkg'
[0.363s] Level 1:colcon.colcon_core.package_identification:_identify(solution) by extensions ['colcon_meta']
[0.363s] Level 1:colcon.colcon_core.package_identification:_identify(solution) by extension 'colcon_meta'
[0.363s] Level 1:colcon.colcon_core.package_identification:_identify(solution) by extensions ['ros']
[0.363s] Level 1:colcon.colcon_core.package_identification:_identify(solution) by extension 'ros'
[0.364s] DEBUG:colcon.colcon_core.package_identification:Package 'solution' with type 'ros.ament_python' and name 'solution'
[0.364s] Level 1:colcon.colcon_core.package_identification:_identify(tf_relay) by extensions ['ignore', 'ignore_ament_install']
[0.364s] Level 1:colcon.colcon_core.package_identification:_identify(tf_relay) by extension 'ignore'
[0.364s] Level 1:colcon.colcon_core.package_identification:_identify(tf_relay) by extension 'ignore_ament_install'
[0.364s] Level 1:colcon.colcon_core.package_identification:_identify(tf_relay) by extensions ['colcon_pkg']
[0.364s] Level 1:colcon.colcon_core.package_identification:_identify(tf_relay) by extension 'colcon_pkg'
[0.364s] Level 1:colcon.colcon_core.package_identification:_identify(tf_relay) by extensions ['colcon_meta']
[0.364s] Level 1:colcon.colcon_core.package_identification:_identify(tf_relay) by extension 'colcon_meta'
[0.364s] Level 1:colcon.colcon_core.package_identification:_identify(tf_relay) by extensions ['ros']
[0.364s] Level 1:colcon.colcon_core.package_identification:_identify(tf_relay) by extension 'ros'
[0.365s] DEBUG:colcon.colcon_core.package_identification:Package 'tf_relay' with type 'ros.ament_python' and name 'tf_relay'
[0.365s] Level 1:colcon.colcon_core.package_discovery:discover_packages(recursive) using defaults
[0.365s] Level 1:colcon.colcon_core.package_discovery:discover_packages(ignore) discover
[0.365s] Level 1:colcon.colcon_core.package_discovery:discover_packages(ignore) using defaults
[0.365s] Level 1:colcon.colcon_core.package_discovery:discover_packages(path) discover
[0.365s] Level 1:colcon.colcon_core.package_discovery:discover_packages(path) using defaults
[0.406s] Level 1:colcon.colcon_core.package_discovery:discover_packages(prefix_path) check parameters
[0.406s] Level 1:colcon.colcon_core.package_discovery:discover_packages(prefix_path) discover
[0.409s] DEBUG:colcon.colcon_installed_package_information.package_discovery:Found 5 installed packages in /home/auro/Auro/install
[0.410s] DEBUG:colcon.colcon_installed_package_information.package_discovery:Found 15 installed packages in /home/auro/turtlebot3_ws/install
[0.412s] DEBUG:colcon.colcon_installed_package_information.package_discovery:Found 398 installed packages in /opt/ros/humble
[0.415s] Level 1:colcon.colcon_core.package_discovery:discover_packages(prefix_path) using defaults
[0.480s] Level 5:colcon.colcon_core.verb:set package 'assessment_interfaces' build argument 'cmake_args' from command line to 'None'
[0.480s] Level 5:colcon.colcon_core.verb:set package 'assessment_interfaces' build argument 'cmake_target' from command line to 'None'
[0.480s] Level 5:colcon.colcon_core.verb:set package 'assessment_interfaces' build argument 'cmake_target_skip_unavailable' from command line to 'False'
[0.480s] Level 5:colcon.colcon_core.verb:set package 'assessment_interfaces' build argument 'cmake_clean_cache' from command line to 'False'
[0.480s] Level 5:colcon.colcon_core.verb:set package 'assessment_interfaces' build argument 'cmake_clean_first' from command line to 'False'
[0.480s] Level 5:colcon.colcon_core.verb:set package 'assessment_interfaces' build argument 'cmake_force_configure' from command line to 'False'
[0.480s] Level 5:colcon.colcon_core.verb:set package 'assessment_interfaces' build argument 'ament_cmake_args' from command line to 'None'
[0.480s] Level 5:colcon.colcon_core.verb:set package 'assessment_interfaces' build argument 'catkin_cmake_args' from command line to 'None'
[0.480s] Level 5:colcon.colcon_core.verb:set package 'assessment_interfaces' build argument 'catkin_skip_building_tests' from command line to 'False'
[0.480s] DEBUG:colcon.colcon_core.verb:Building package 'assessment_interfaces' with the following arguments: {'ament_cmake_args': None, 'build_base': '/home/auro/Auro/build/assessment_interfaces', 'catkin_cmake_args': None, 'catkin_skip_building_tests': False, 'cmake_args': None, 'cmake_clean_cache': False, 'cmake_clean_first': False, 'cmake_force_configure': False, 'cmake_target': None, 'cmake_target_skip_unavailable': False, 'install_base': '/home/auro/Auro/install/assessment_interfaces', 'merge_install': False, 'path': '/home/auro/Auro/assessment_interfaces', 'symlink_install': True, 'test_result_base': None}
[0.480s] Level 5:colcon.colcon_core.verb:set package 'auro_interfaces' build argument 'cmake_args' from command line to 'None'
[0.480s] Level 5:colcon.colcon_core.verb:set package 'auro_interfaces' build argument 'cmake_target' from command line to 'None'
[0.480s] Level 5:colcon.colcon_core.verb:set package 'auro_interfaces' build argument 'cmake_target_skip_unavailable' from command line to 'False'
[0.480s] Level 5:colcon.colcon_core.verb:set package 'auro_interfaces' build argument 'cmake_clean_cache' from command line to 'False'
[0.480s] Level 5:colcon.colcon_core.verb:set package 'auro_interfaces' build argument 'cmake_clean_first' from command line to 'False'
[0.480s] Level 5:colcon.colcon_core.verb:set package 'auro_interfaces' build argument 'cmake_force_configure' from command line to 'False'
[0.480s] Level 5:colcon.colcon_core.verb:set package 'auro_interfaces' build argument 'ament_cmake_args' from command line to 'None'
[0.480s] Level 5:colcon.colcon_core.verb:set package 'auro_interfaces' build argument 'catkin_cmake_args' from command line to 'None'
[0.480s] Level 5:colcon.colcon_core.verb:set package 'auro_interfaces' build argument 'catkin_skip_building_tests' from command line to 'False'
[0.481s] DEBUG:colcon.colcon_core.verb:Building package 'auro_interfaces' with the following arguments: {'ament_cmake_args': None, 'build_base': '/home/auro/Auro/build/auro_interfaces', 'catkin_cmake_args': None, 'catkin_skip_building_tests': False, 'cmake_args': None, 'cmake_clean_cache': False, 'cmake_clean_first': False, 'cmake_force_configure': False, 'cmake_target': None, 'cmake_target_skip_unavailable': False, 'install_base': '/home/auro/Auro/install/auro_interfaces', 'merge_install': False, 'path': '/home/auro/Auro/auro_interfaces', 'symlink_install': True, 'test_result_base': None}
[0.481s] Level 5:colcon.colcon_core.verb:set package 'solution' build argument 'cmake_args' from command line to 'None'
[0.481s] Level 5:colcon.colcon_core.verb:set package 'solution' build argument 'cmake_target' from command line to 'None'
[0.481s] Level 5:colcon.colcon_core.verb:set package 'solution' build argument 'cmake_target_skip_unavailable' from command line to 'False'
[0.481s] Level 5:colcon.colcon_core.verb:set package 'solution' build argument 'cmake_clean_cache' from command line to 'False'
[0.481s] Level 5:colcon.colcon_core.verb:set package 'solution' build argument 'cmake_clean_first' from command line to 'False'
[0.481s] Level 5:colcon.colcon_core.verb:set package 'solution' build argument 'cmake_force_configure' from command line to 'False'
[0.481s] Level 5:colcon.colcon_core.verb:set package 'solution' build argument 'ament_cmake_args' from command line to 'None'
[0.481s] Level 5:colcon.colcon_core.verb:set package 'solution' build argument 'catkin_cmake_args' from command line to 'None'
[0.481s] Level 5:colcon.colcon_core.verb:set package 'solution' build argument 'catkin_skip_building_tests' from command line to 'False'
[0.481s] DEBUG:colcon.colcon_core.verb:Building package 'solution' with the following arguments: {'ament_cmake_args': None, 'build_base': '/home/auro/Auro/build/solution', 'catkin_cmake_args': None, 'catkin_skip_building_tests': False, 'cmake_args': None, 'cmake_clean_cache': False, 'cmake_clean_first': False, 'cmake_force_configure': False, 'cmake_target': None, 'cmake_target_skip_unavailable': False, 'install_base': '/home/auro/Auro/install/solution', 'merge_install': False, 'path': '/home/auro/Auro/solution', 'symlink_install': True, 'test_result_base': None}
[0.482s] Level 5:colcon.colcon_core.verb:set package 'tf_relay' build argument 'cmake_args' from command line to 'None'
[0.482s] Level 5:colcon.colcon_core.verb:set package 'tf_relay' build argument 'cmake_target' from command line to 'None'
[0.482s] Level 5:colcon.colcon_core.verb:set package 'tf_relay' build argument 'cmake_target_skip_unavailable' from command line to 'False'
[0.482s] Level 5:colcon.colcon_core.verb:set package 'tf_relay' build argument 'cmake_clean_cache' from command line to 'False'
[0.482s] Level 5:colcon.colcon_core.verb:set package 'tf_relay' build argument 'cmake_clean_first' from command line to 'False'
[0.482s] Level 5:colcon.colcon_core.verb:set package 'tf_relay' build argument 'cmake_force_configure' from command line to 'False'
[0.482s] Level 5:colcon.colcon_core.verb:set package 'tf_relay' build argument 'ament_cmake_args' from command line to 'None'
[0.482s] Level 5:colcon.colcon_core.verb:set package 'tf_relay' build argument 'catkin_cmake_args' from command line to 'None'
[0.482s] Level 5:colcon.colcon_core.verb:set package 'tf_relay' build argument 'catkin_skip_building_tests' from command line to 'False'
[0.482s] DEBUG:colcon.colcon_core.verb:Building package 'tf_relay' with the following arguments: {'ament_cmake_args': None, 'build_base': '/home/auro/Auro/build/tf_relay', 'catkin_cmake_args': None, 'catkin_skip_building_tests': False, 'cmake_args': None, 'cmake_clean_cache': False, 'cmake_clean_first': False, 'cmake_force_configure': False, 'cmake_target': None, 'cmake_target_skip_unavailable': False, 'install_base': '/home/auro/Auro/install/tf_relay', 'merge_install': False, 'path': '/home/auro/Auro/tf_relay', 'symlink_install': True, 'test_result_base': None}
[0.482s] Level 5:colcon.colcon_core.verb:set package 'assessment' build argument 'cmake_args' from command line to 'None'
[0.482s] Level 5:colcon.colcon_core.verb:set package 'assessment' build argument 'cmake_target' from command line to 'None'
[0.482s] Level 5:colcon.colcon_core.verb:set package 'assessment' build argument 'cmake_target_skip_unavailable' from command line to 'False'
[0.482s] Level 5:colcon.colcon_core.verb:set package 'assessment' build argument 'cmake_clean_cache' from command line to 'False'
[0.482s] Level 5:colcon.colcon_core.verb:set package 'assessment' build argument 'cmake_clean_first' from command line to 'False'
[0.482s] Level 5:colcon.colcon_core.verb:set package 'assessment' build argument 'cmake_force_configure' from command line to 'False'
[0.482s] Level 5:colcon.colcon_core.verb:set package 'assessment' build argument 'ament_cmake_args' from command line to 'None'
[0.482s] Level 5:colcon.colcon_core.verb:set package 'assessment' build argument 'catkin_cmake_args' from command line to 'None'
[0.482s] Level 5:colcon.colcon_core.verb:set package 'assessment' build argument 'catkin_skip_building_tests' from command line to 'False'
[0.482s] DEBUG:colcon.colcon_core.verb:Building package 'assessment' with the following arguments: {'ament_cmake_args': None, 'build_base': '/home/auro/Auro/build/assessment', 'catkin_cmake_args': None, 'catkin_skip_building_tests': False, 'cmake_args': None, 'cmake_clean_cache': False, 'cmake_clean_first': False, 'cmake_force_configure': False, 'cmake_target': None, 'cmake_target_skip_unavailable': False, 'install_base': '/home/auro/Auro/install/assessment', 'merge_install': False, 'path': '/home/auro/Auro/assessment', 'symlink_install': True, 'test_result_base': None}
[0.483s] INFO:colcon.colcon_core.executor:Executing jobs using 'parallel' executor
[0.484s] DEBUG:colcon.colcon_parallel_executor.executor.parallel:run_until_complete
[0.484s] INFO:colcon.colcon_ros.task.ament_cmake.build:Building ROS package in '/home/auro/Auro/auro_interfaces' with build type 'ament_cmake'
[0.484s] INFO:colcon.colcon_cmake.task.cmake.build:Building CMake package in '/home/auro/Auro/auro_interfaces'
[0.487s] INFO:colcon.colcon_core.plugin_system:Skipping extension 'colcon_core.shell.bat': Not used on non-Windows systems
[0.487s] INFO:colcon.colcon_core.shell:Skip shell extension 'powershell' for command environment: Not usable outside of PowerShell
[0.487s] DEBUG:colcon.colcon_core.shell:Skip shell extension 'dsv' for command environment
[0.494s] INFO:colcon.colcon_ros.task.ament_cmake.build:Building ROS package in '/home/auro/Auro/assessment_interfaces' with build type 'ament_cmake'
[0.494s] INFO:colcon.colcon_cmake.task.cmake.build:Building CMake package in '/home/auro/Auro/assessment_interfaces'
[0.495s] INFO:colcon.colcon_core.shell:Skip shell extension 'powershell' for command environment: Not usable outside of PowerShell
[0.495s] DEBUG:colcon.colcon_core.shell:Skip shell extension 'dsv' for command environment
[0.502s] INFO:colcon.colcon_ros.task.ament_python.build:Building ROS package in '/home/auro/Auro/solution' with build type 'ament_python'
[0.502s] Level 1:colcon.colcon_core.shell:create_environment_hook('solution', 'ament_prefix_path')
[0.502s] INFO:colcon.colcon_core.shell:Creating environment hook '/home/auro/Auro/install/solution/share/solution/hook/ament_prefix_path.ps1'
[0.503s] INFO:colcon.colcon_core.shell:Creating environment descriptor '/home/auro/Auro/install/solution/share/solution/hook/ament_prefix_path.dsv'
[0.504s] INFO:colcon.colcon_core.shell:Creating environment hook '/home/auro/Auro/install/solution/share/solution/hook/ament_prefix_path.sh'
[0.506s] INFO:colcon.colcon_core.shell:Skip shell extension 'powershell' for command environment: Not usable outside of PowerShell
[0.506s] DEBUG:colcon.colcon_core.shell:Skip shell extension 'dsv' for command environment
[0.512s] INFO:colcon.colcon_ros.task.ament_python.build:Building ROS package in '/home/auro/Auro/tf_relay' with build type 'ament_python'
[0.512s] Level 1:colcon.colcon_core.shell:create_environment_hook('tf_relay', 'ament_prefix_path')
[0.513s] INFO:colcon.colcon_core.shell:Creating environment hook '/home/auro/Auro/install/tf_relay/share/tf_relay/hook/ament_prefix_path.ps1'
[0.514s] INFO:colcon.colcon_core.shell:Creating environment descriptor '/home/auro/Auro/install/tf_relay/share/tf_relay/hook/ament_prefix_path.dsv'
[0.514s] INFO:colcon.colcon_core.shell:Creating environment hook '/home/auro/Auro/install/tf_relay/share/tf_relay/hook/ament_prefix_path.sh'
[0.515s] INFO:colcon.colcon_core.shell:Skip shell extension 'powershell' for command environment: Not usable outside of PowerShell
[0.515s] DEBUG:colcon.colcon_core.shell:Skip shell extension 'dsv' for command environment
[0.541s] DEBUG:colcon.colcon_core.event_handler.log_command:Invoking command in '/home/auro/Auro/build/auro_interfaces': CMAKE_PREFIX_PATH=${CMAKE_PREFIX_PATH}:/home/auro/Auro/install/tf_relay:/home/auro/Auro/install/solution:/home/auro/Auro/install/assessment:/home/auro/turtlebot3_ws/install/turtlebot3_teleop:/home/auro/turtlebot3_ws/install/turtlebot3_example:/opt/ros/humble /usr/bin/cmake --build /home/auro/Auro/build/auro_interfaces -- -j4 -l4
[0.552s] DEBUG:colcon.colcon_core.event_handler.log_command:Invoking command in '/home/auro/Auro/build/assessment_interfaces': CMAKE_PREFIX_PATH=${CMAKE_PREFIX_PATH}:/home/auro/Auro/install/tf_relay:/home/auro/Auro/install/solution:/home/auro/Auro/install/assessment:/home/auro/turtlebot3_ws/install/turtlebot3_teleop:/home/auro/turtlebot3_ws/install/turtlebot3_example:/opt/ros/humble /usr/bin/cmake --build /home/auro/Auro/build/assessment_interfaces -- -j4 -l4
[0.906s] INFO:colcon.colcon_core.task.python.build:Building Python package in '/home/auro/Auro/solution'
[0.906s] INFO:colcon.colcon_core.shell:Skip shell extension 'powershell' for command environment: Not usable outside of PowerShell
[0.906s] DEBUG:colcon.colcon_core.shell:Skip shell extension 'dsv' for command environment
[1.288s] INFO:colcon.colcon_core.task.python.build:Building Python package in '/home/auro/Auro/tf_relay'
[1.289s] INFO:colcon.colcon_core.shell:Skip shell extension 'powershell' for command environment: Not usable outside of PowerShell
[1.289s] DEBUG:colcon.colcon_core.shell:Skip shell extension 'dsv' for command environment
[1.561s] DEBUG:colcon.colcon_core.event_handler.log_command:Invoked command in '/home/auro/Auro/build/auro_interfaces' returned '0': CMAKE_PREFIX_PATH=${CMAKE_PREFIX_PATH}:/home/auro/Auro/install/tf_relay:/home/auro/Auro/install/solution:/home/auro/Auro/install/assessment:/home/auro/turtlebot3_ws/install/turtlebot3_teleop:/home/auro/turtlebot3_ws/install/turtlebot3_example:/opt/ros/humble /usr/bin/cmake --build /home/auro/Auro/build/auro_interfaces -- -j4 -l4
[1.569s] DEBUG:colcon.colcon_core.event_handler.log_command:Invoked command in '/home/auro/Auro/build/assessment_interfaces' returned '0': CMAKE_PREFIX_PATH=${CMAKE_PREFIX_PATH}:/home/auro/Auro/install/tf_relay:/home/auro/Auro/install/solution:/home/auro/Auro/install/assessment:/home/auro/turtlebot3_ws/install/turtlebot3_teleop:/home/auro/turtlebot3_ws/install/turtlebot3_example:/opt/ros/humble /usr/bin/cmake --build /home/auro/Auro/build/assessment_interfaces -- -j4 -l4
[1.877s] DEBUG:colcon.colcon_core.event_handler.log_command:Invoking command in '/home/auro/Auro/build/solution': PYTHONPATH=/home/auro/Auro/build/solution/prefix_override:/usr/lib/python3/dist-packages/colcon_core/task/python/colcon_distutils_commands:/home/auro/Auro/install/solution/lib/python3.10/site-packages:${PYTHONPATH} /usr/bin/python3 -W ignore:setup.py install is deprecated setup.py develop --editable --build-directory /home/auro/Auro/build/solution/build --no-deps symlink_data
[1.894s] DEBUG:colcon.colcon_core.event_handler.log_command:Invoking command in '/home/auro/Auro/build/tf_relay': PYTHONPATH=/home/auro/Auro/build/tf_relay/prefix_override:/usr/lib/python3/dist-packages/colcon_core/task/python/colcon_distutils_commands:/home/auro/Auro/install/tf_relay/lib/python3.10/site-packages:${PYTHONPATH} /usr/bin/python3 -W ignore:setup.py install is deprecated setup.py develop --editable --build-directory /home/auro/Auro/build/tf_relay/build --no-deps symlink_data
[2.045s] DEBUG:colcon.colcon_core.event_handler.log_command:Invoking command in '/home/auro/Auro/build/auro_interfaces': CMAKE_PREFIX_PATH=${CMAKE_PREFIX_PATH}:/home/auro/Auro/install/tf_relay:/home/auro/Auro/install/solution:/home/auro/Auro/install/assessment:/home/auro/turtlebot3_ws/install/turtlebot3_teleop:/home/auro/turtlebot3_ws/install/turtlebot3_example:/opt/ros/humble /usr/bin/cmake --install /home/auro/Auro/build/auro_interfaces
[2.059s] DEBUG:colcon.colcon_core.event_handler.log_command:Invoking command in '/home/auro/Auro/build/assessment_interfaces': CMAKE_PREFIX_PATH=${CMAKE_PREFIX_PATH}:/home/auro/Auro/install/tf_relay:/home/auro/Auro/install/solution:/home/auro/Auro/install/assessment:/home/auro/turtlebot3_ws/install/turtlebot3_teleop:/home/auro/turtlebot3_ws/install/turtlebot3_example:/opt/ros/humble /usr/bin/cmake --install /home/auro/Auro/build/assessment_interfaces
[2.204s] Level 1:colcon.colcon_core.environment:create_environment_scripts_only(auro_interfaces)
[2.208s] DEBUG:colcon.colcon_core.event_handler.log_command:Invoked command in '/home/auro/Auro/build/auro_interfaces' returned '0': CMAKE_PREFIX_PATH=${CMAKE_PREFIX_PATH}:/home/auro/Auro/install/tf_relay:/home/auro/Auro/install/solution:/home/auro/Auro/install/assessment:/home/auro/turtlebot3_ws/install/turtlebot3_teleop:/home/auro/turtlebot3_ws/install/turtlebot3_example:/opt/ros/humble /usr/bin/cmake --install /home/auro/Auro/build/auro_interfaces
[2.209s] Level 1:colcon.colcon_core.environment:checking '/home/auro/Auro/install/auro_interfaces' for CMake module files
[2.210s] Level 1:colcon.colcon_core.environment:checking '/home/auro/Auro/install/auro_interfaces' for CMake config files
[2.211s] Level 1:colcon.colcon_core.shell:create_environment_hook('auro_interfaces', 'cmake_prefix_path')
[2.212s] INFO:colcon.colcon_core.shell:Creating environment hook '/home/auro/Auro/install/auro_interfaces/share/auro_interfaces/hook/cmake_prefix_path.ps1'
[2.214s] INFO:colcon.colcon_core.shell:Creating environment descriptor '/home/auro/Auro/install/auro_interfaces/share/auro_interfaces/hook/cmake_prefix_path.dsv'
[2.216s] INFO:colcon.colcon_core.shell:Creating environment hook '/home/auro/Auro/install/auro_interfaces/share/auro_interfaces/hook/cmake_prefix_path.sh'
[2.217s] Level 1:colcon.colcon_core.environment:checking '/home/auro/Auro/install/auro_interfaces/lib'
[2.217s] Level 1:colcon.colcon_core.shell:create_environment_hook('auro_interfaces', 'ld_library_path_lib')
[2.217s] INFO:colcon.colcon_core.shell:Creating environment hook '/home/auro/Auro/install/auro_interfaces/share/auro_interfaces/hook/ld_library_path_lib.ps1'
[2.218s] INFO:colcon.colcon_core.shell:Creating environment descriptor '/home/auro/Auro/install/auro_interfaces/share/auro_interfaces/hook/ld_library_path_lib.dsv'
[2.218s] INFO:colcon.colcon_core.shell:Creating environment hook '/home/auro/Auro/install/auro_interfaces/share/auro_interfaces/hook/ld_library_path_lib.sh'
[2.219s] Level 1:colcon.colcon_core.environment:checking '/home/auro/Auro/install/auro_interfaces/bin'
[2.219s] Level 1:colcon.colcon_core.environment:checking '/home/auro/Auro/install/auro_interfaces/lib/pkgconfig/auro_interfaces.pc'
[2.219s] Level 1:colcon.colcon_core.environment:checking '/home/auro/Auro/install/auro_interfaces/lib/python3.10/site-packages'
[2.220s] Level 1:colcon.colcon_core.environment:checking '/home/auro/Auro/install/auro_interfaces/bin'
[2.220s] INFO:colcon.colcon_core.shell:Creating package script '/home/auro/Auro/install/auro_interfaces/share/auro_interfaces/package.ps1'
[2.222s] INFO:colcon.colcon_core.shell:Creating package descriptor '/home/auro/Auro/install/auro_interfaces/share/auro_interfaces/package.dsv'
[2.222s] INFO:colcon.colcon_core.shell:Creating package script '/home/auro/Auro/install/auro_interfaces/share/auro_interfaces/package.sh'
[2.223s] INFO:colcon.colcon_core.shell:Creating package script '/home/auro/Auro/install/auro_interfaces/share/auro_interfaces/package.bash'
[2.225s] INFO:colcon.colcon_core.shell:Creating package script '/home/auro/Auro/install/auro_interfaces/share/auro_interfaces/package.zsh'
[2.225s] Level 1:colcon.colcon_core.environment:create_file_with_runtime_dependencies(/home/auro/Auro/install/auro_interfaces/share/colcon-core/packages/auro_interfaces)
[2.228s] Level 1:colcon.colcon_core.environment:create_environment_scripts_only(assessment_interfaces)
[2.228s] Level 1:colcon.colcon_core.environment:checking '/home/auro/Auro/install/assessment_interfaces' for CMake module files
[2.229s] Level 1:colcon.colcon_core.environment:checking '/home/auro/Auro/install/assessment_interfaces' for CMake config files
[2.231s] Level 1:colcon.colcon_core.shell:create_environment_hook('assessment_interfaces', 'cmake_prefix_path')
[2.231s] INFO:colcon.colcon_core.shell:Creating environment hook '/home/auro/Auro/install/assessment_interfaces/share/assessment_interfaces/hook/cmake_prefix_path.ps1'
[2.232s] INFO:colcon.colcon_core.shell:Creating environment descriptor '/home/auro/Auro/install/assessment_interfaces/share/assessment_interfaces/hook/cmake_prefix_path.dsv'
[2.232s] INFO:colcon.colcon_core.shell:Creating environment hook '/home/auro/Auro/install/assessment_interfaces/share/assessment_interfaces/hook/cmake_prefix_path.sh'
[2.233s] Level 1:colcon.colcon_core.environment:checking '/home/auro/Auro/install/assessment_interfaces/lib'
[2.233s] Level 1:colcon.colcon_core.shell:create_environment_hook('assessment_interfaces', 'ld_library_path_lib')
[2.234s] INFO:colcon.colcon_core.shell:Creating environment hook '/home/auro/Auro/install/assessment_interfaces/share/assessment_interfaces/hook/ld_library_path_lib.ps1'
[2.234s] INFO:colcon.colcon_core.shell:Creating environment descriptor '/home/auro/Auro/install/assessment_interfaces/share/assessment_interfaces/hook/ld_library_path_lib.dsv'
[2.235s] DEBUG:colcon.colcon_core.event_handler.log_command:Invoked command in '/home/auro/Auro/build/assessment_interfaces' returned '0': CMAKE_PREFIX_PATH=${CMAKE_PREFIX_PATH}:/home/auro/Auro/install/tf_relay:/home/auro/Auro/install/solution:/home/auro/Auro/install/assessment:/home/auro/turtlebot3_ws/install/turtlebot3_teleop:/home/auro/turtlebot3_ws/install/turtlebot3_example:/opt/ros/humble /usr/bin/cmake --install /home/auro/Auro/build/assessment_interfaces
[2.236s] INFO:colcon.colcon_core.shell:Creating environment hook '/home/auro/Auro/install/assessment_interfaces/share/assessment_interfaces/hook/ld_library_path_lib.sh'
[2.236s] Level 1:colcon.colcon_core.environment:checking '/home/auro/Auro/install/assessment_interfaces/bin'
[2.236s] Level 1:colcon.colcon_core.environment:checking '/home/auro/Auro/install/assessment_interfaces/lib/pkgconfig/assessment_interfaces.pc'
[2.237s] Level 1:colcon.colcon_core.environment:checking '/home/auro/Auro/install/assessment_interfaces/lib/python3.10/site-packages'
[2.237s] Level 1:colcon.colcon_core.environment:checking '/home/auro/Auro/install/assessment_interfaces/bin'
[2.238s] INFO:colcon.colcon_core.shell:Creating package script '/home/auro/Auro/install/assessment_interfaces/share/assessment_interfaces/package.ps1'
[2.238s] INFO:colcon.colcon_core.shell:Creating package descriptor '/home/auro/Auro/install/assessment_interfaces/share/assessment_interfaces/package.dsv'
[2.239s] INFO:colcon.colcon_core.shell:Creating package script '/home/auro/Auro/install/assessment_interfaces/share/assessment_interfaces/package.sh'
[2.240s] INFO:colcon.colcon_core.shell:Creating package script '/home/auro/Auro/install/assessment_interfaces/share/assessment_interfaces/package.bash'
[2.241s] INFO:colcon.colcon_core.shell:Creating package script '/home/auro/Auro/install/assessment_interfaces/share/assessment_interfaces/package.zsh'
[2.241s] Level 1:colcon.colcon_core.environment:create_file_with_runtime_dependencies(/home/auro/Auro/install/assessment_interfaces/share/colcon-core/packages/assessment_interfaces)
[2.603s] Level 1:colcon.colcon_core.shell:create_environment_hook('solution', 'pythonpath_develop')
[2.603s] INFO:colcon.colcon_core.shell:Creating environment hook '/home/auro/Auro/build/solution/share/solution/hook/pythonpath_develop.ps1'
[2.604s] INFO:colcon.colcon_core.shell:Creating environment descriptor '/home/auro/Auro/build/solution/share/solution/hook/pythonpath_develop.dsv'
[2.605s] INFO:colcon.colcon_core.shell:Creating environment hook '/home/auro/Auro/build/solution/share/solution/hook/pythonpath_develop.sh'
[2.605s] DEBUG:colcon.colcon_core.event_handler.log_command:Invoked command in '/home/auro/Auro/build/solution' returned '0': PYTHONPATH=/home/auro/Auro/build/solution/prefix_override:/usr/lib/python3/dist-packages/colcon_core/task/python/colcon_distutils_commands:/home/auro/Auro/install/solution/lib/python3.10/site-packages:${PYTHONPATH} /usr/bin/python3 -W ignore:setup.py install is deprecated setup.py develop --editable --build-directory /home/auro/Auro/build/solution/build --no-deps symlink_data
[2.607s] Level 1:colcon.colcon_core.environment:checking '/home/auro/Auro/install/solution' for CMake module files
[2.608s] Level 1:colcon.colcon_core.environment:checking '/home/auro/Auro/install/solution' for CMake config files
[2.609s] Level 1:colcon.colcon_core.environment:checking '/home/auro/Auro/install/solution/lib'
[2.609s] Level 1:colcon.colcon_core.environment:checking '/home/auro/Auro/install/solution/bin'
[2.610s] Level 1:colcon.colcon_core.environment:checking '/home/auro/Auro/install/solution/lib/pkgconfig/solution.pc'
[2.610s] Level 1:colcon.colcon_core.environment:checking '/home/auro/Auro/install/solution/lib/python3.10/site-packages'
[2.610s] Level 1:colcon.colcon_core.shell:create_environment_hook('solution', 'pythonpath')
[2.610s] INFO:colcon.colcon_core.shell:Creating environment hook '/home/auro/Auro/install/solution/share/solution/hook/pythonpath.ps1'
[2.612s] INFO:colcon.colcon_core.shell:Creating environment descriptor '/home/auro/Auro/install/solution/share/solution/hook/pythonpath.dsv'
[2.613s] INFO:colcon.colcon_core.shell:Creating environment hook '/home/auro/Auro/install/solution/share/solution/hook/pythonpath.sh'
[2.614s] Level 1:colcon.colcon_core.environment:checking '/home/auro/Auro/install/solution/bin'
[2.614s] Level 1:colcon.colcon_core.environment:create_environment_scripts_only(solution)
[2.614s] INFO:colcon.colcon_core.shell:Creating package script '/home/auro/Auro/install/solution/share/solution/package.ps1'
[2.615s] INFO:colcon.colcon_core.shell:Creating package descriptor '/home/auro/Auro/install/solution/share/solution/package.dsv'
[2.616s] INFO:colcon.colcon_core.shell:Creating package script '/home/auro/Auro/install/solution/share/solution/package.sh'
[2.616s] INFO:colcon.colcon_core.shell:Creating package script '/home/auro/Auro/install/solution/share/solution/package.bash'
[2.617s] INFO:colcon.colcon_core.shell:Creating package script '/home/auro/Auro/install/solution/share/solution/package.zsh'
[2.617s] Level 1:colcon.colcon_core.environment:create_file_with_runtime_dependencies(/home/auro/Auro/install/solution/share/colcon-core/packages/solution)
[2.676s] Level 1:colcon.colcon_core.environment:create_environment_scripts_only(auro_interfaces)
[2.676s] Level 1:colcon.colcon_core.environment:checking '/home/auro/Auro/install/auro_interfaces' for CMake module files
[2.677s] Level 1:colcon.colcon_core.environment:checking '/home/auro/Auro/install/auro_interfaces' for CMake config files
[2.679s] Level 1:colcon.colcon_core.shell:create_environment_hook('auro_interfaces', 'cmake_prefix_path')
[2.680s] INFO:colcon.colcon_core.shell:Creating environment hook '/home/auro/Auro/install/auro_interfaces/share/auro_interfaces/hook/cmake_prefix_path.ps1'
[2.681s] INFO:colcon.colcon_core.shell:Creating environment descriptor '/home/auro/Auro/install/auro_interfaces/share/auro_interfaces/hook/cmake_prefix_path.dsv'
[2.681s] INFO:colcon.colcon_core.shell:Creating environment hook '/home/auro/Auro/install/auro_interfaces/share/auro_interfaces/hook/cmake_prefix_path.sh'
[2.682s] Level 1:colcon.colcon_core.environment:checking '/home/auro/Auro/install/auro_interfaces/lib'
[2.682s] Level 1:colcon.colcon_core.shell:create_environment_hook('auro_interfaces', 'ld_library_path_lib')
[2.683s] INFO:colcon.colcon_core.shell:Creating environment hook '/home/auro/Auro/install/auro_interfaces/share/auro_interfaces/hook/ld_library_path_lib.ps1'
[2.683s] INFO:colcon.colcon_core.shell:Creating environment descriptor '/home/auro/Auro/install/auro_interfaces/share/auro_interfaces/hook/ld_library_path_lib.dsv'
[2.683s] INFO:colcon.colcon_core.shell:Creating environment hook '/home/auro/Auro/install/auro_interfaces/share/auro_interfaces/hook/ld_library_path_lib.sh'
[2.684s] Level 1:colcon.colcon_core.environment:checking '/home/auro/Auro/install/auro_interfaces/bin'
[2.684s] Level 1:colcon.colcon_core.environment:checking '/home/auro/Auro/install/auro_interfaces/lib/pkgconfig/auro_interfaces.pc'
[2.684s] Level 1:colcon.colcon_core.environment:checking '/home/auro/Auro/install/auro_interfaces/lib/python3.10/site-packages'
[2.685s] Level 1:colcon.colcon_core.environment:checking '/home/auro/Auro/install/auro_interfaces/bin'
[2.685s] INFO:colcon.colcon_core.shell:Creating package script '/home/auro/Auro/install/auro_interfaces/share/auro_interfaces/package.ps1'
[2.686s] INFO:colcon.colcon_core.shell:Creating package descriptor '/home/auro/Auro/install/auro_interfaces/share/auro_interfaces/package.dsv'
[2.687s] INFO:colcon.colcon_core.shell:Creating package script '/home/auro/Auro/install/auro_interfaces/share/auro_interfaces/package.sh'
[2.688s] INFO:colcon.colcon_core.shell:Creating package script '/home/auro/Auro/install/auro_interfaces/share/auro_interfaces/package.bash'
[2.689s] INFO:colcon.colcon_core.shell:Creating package script '/home/auro/Auro/install/auro_interfaces/share/auro_interfaces/package.zsh'
[2.690s] Level 1:colcon.colcon_core.environment:create_file_with_runtime_dependencies(/home/auro/Auro/install/auro_interfaces/share/colcon-core/packages/auro_interfaces)
[2.691s] INFO:colcon.colcon_ros.task.ament_python.build:Building ROS package in '/home/auro/Auro/assessment' with build type 'ament_python'
[2.692s] Level 1:colcon.colcon_core.shell:create_environment_hook('assessment', 'ament_prefix_path')
[2.692s] INFO:colcon.colcon_core.shell:Creating environment hook '/home/auro/Auro/install/assessment/share/assessment/hook/ament_prefix_path.ps1'
[2.693s] INFO:colcon.colcon_core.shell:Creating environment descriptor '/home/auro/Auro/install/assessment/share/assessment/hook/ament_prefix_path.dsv'
[2.694s] INFO:colcon.colcon_core.shell:Creating environment hook '/home/auro/Auro/install/assessment/share/assessment/hook/ament_prefix_path.sh'
[2.695s] INFO:colcon.colcon_core.shell:Skip shell extension 'powershell' for command environment: Not usable outside of PowerShell
[2.695s] DEBUG:colcon.colcon_core.shell:Skip shell extension 'dsv' for command environment
[2.707s] Level 1:colcon.colcon_core.shell:create_environment_hook('tf_relay', 'pythonpath_develop')
[2.707s] INFO:colcon.colcon_core.shell:Creating environment hook '/home/auro/Auro/build/tf_relay/share/tf_relay/hook/pythonpath_develop.ps1'
[2.708s] DEBUG:colcon.colcon_core.event_handler.log_command:Invoked command in '/home/auro/Auro/build/tf_relay' returned '0': PYTHONPATH=/home/auro/Auro/build/tf_relay/prefix_override:/usr/lib/python3/dist-packages/colcon_core/task/python/colcon_distutils_commands:/home/auro/Auro/install/tf_relay/lib/python3.10/site-packages:${PYTHONPATH} /usr/bin/python3 -W ignore:setup.py install is deprecated setup.py develop --editable --build-directory /home/auro/Auro/build/tf_relay/build --no-deps symlink_data
[2.710s] INFO:colcon.colcon_core.shell:Creating environment descriptor '/home/auro/Auro/build/tf_relay/share/tf_relay/hook/pythonpath_develop.dsv'
[2.710s] INFO:colcon.colcon_core.shell:Creating environment hook '/home/auro/Auro/build/tf_relay/share/tf_relay/hook/pythonpath_develop.sh'
[2.711s] Level 1:colcon.colcon_core.environment:checking '/home/auro/Auro/install/tf_relay' for CMake module files
[2.712s] Level 1:colcon.colcon_core.environment:checking '/home/auro/Auro/install/tf_relay' for CMake config files
[2.713s] Level 1:colcon.colcon_core.environment:checking '/home/auro/Auro/install/tf_relay/lib'
[2.713s] Level 1:colcon.colcon_core.environment:checking '/home/auro/Auro/install/tf_relay/bin'
[2.713s] Level 1:colcon.colcon_core.environment:checking '/home/auro/Auro/install/tf_relay/lib/pkgconfig/tf_relay.pc'
[2.713s] Level 1:colcon.colcon_core.environment:checking '/home/auro/Auro/install/tf_relay/lib/python3.10/site-packages'
[2.713s] Level 1:colcon.colcon_core.shell:create_environment_hook('tf_relay', 'pythonpath')
[2.713s] INFO:colcon.colcon_core.shell:Creating environment hook '/home/auro/Auro/install/tf_relay/share/tf_relay/hook/pythonpath.ps1'
[2.714s] INFO:colcon.colcon_core.shell:Creating environment descriptor '/home/auro/Auro/install/tf_relay/share/tf_relay/hook/pythonpath.dsv'
[2.715s] INFO:colcon.colcon_core.shell:Creating environment hook '/home/auro/Auro/install/tf_relay/share/tf_relay/hook/pythonpath.sh'
[2.715s] Level 1:colcon.colcon_core.environment:checking '/home/auro/Auro/install/tf_relay/bin'
[2.715s] Level 1:colcon.colcon_core.environment:create_environment_scripts_only(tf_relay)
[2.716s] INFO:colcon.colcon_core.shell:Creating package script '/home/auro/Auro/install/tf_relay/share/tf_relay/package.ps1'
[2.717s] INFO:colcon.colcon_core.shell:Creating package descriptor '/home/auro/Auro/install/tf_relay/share/tf_relay/package.dsv'
[2.717s] INFO:colcon.colcon_core.shell:Creating package script '/home/auro/Auro/install/tf_relay/share/tf_relay/package.sh'
[2.718s] INFO:colcon.colcon_core.shell:Creating package script '/home/auro/Auro/install/tf_relay/share/tf_relay/package.bash'
[2.719s] INFO:colcon.colcon_core.shell:Creating package script '/home/auro/Auro/install/tf_relay/share/tf_relay/package.zsh'
[2.719s] Level 1:colcon.colcon_core.environment:create_file_with_runtime_dependencies(/home/auro/Auro/install/tf_relay/share/colcon-core/packages/tf_relay)
[3.077s] INFO:colcon.colcon_core.task.python.build:Building Python package in '/home/auro/Auro/assessment'
[3.078s] INFO:colcon.colcon_core.shell:Skip shell extension 'powershell' for command environment: Not usable outside of PowerShell
[3.078s] DEBUG:colcon.colcon_core.shell:Skip shell extension 'dsv' for command environment
[3.086s] Level 1:colcon.colcon_core.environment:create_environment_scripts_only(assessment_interfaces)
[3.086s] Level 1:colcon.colcon_core.environment:checking '/home/auro/Auro/install/assessment_interfaces' for CMake module files
[3.087s] Level 1:colcon.colcon_core.environment:checking '/home/auro/Auro/install/assessment_interfaces' for CMake config files
[3.089s] Level 1:colcon.colcon_core.shell:create_environment_hook('assessment_interfaces', 'cmake_prefix_path')
[3.089s] INFO:colcon.colcon_core.shell:Creating environment hook '/home/auro/Auro/install/assessment_interfaces/share/assessment_interfaces/hook/cmake_prefix_path.ps1'
[3.090s] INFO:colcon.colcon_core.shell:Creating environment descriptor '/home/auro/Auro/install/assessment_interfaces/share/assessment_interfaces/hook/cmake_prefix_path.dsv'
[3.090s] INFO:colcon.colcon_core.shell:Creating environment hook '/home/auro/Auro/install/assessment_interfaces/share/assessment_interfaces/hook/cmake_prefix_path.sh'
[3.091s] Level 1:colcon.colcon_core.environment:checking '/home/auro/Auro/install/assessment_interfaces/lib'
[3.091s] Level 1:colcon.colcon_core.shell:create_environment_hook('assessment_interfaces', 'ld_library_path_lib')
[3.091s] INFO:colcon.colcon_core.shell:Creating environment hook '/home/auro/Auro/install/assessment_interfaces/share/assessment_interfaces/hook/ld_library_path_lib.ps1'
[3.092s] INFO:colcon.colcon_core.shell:Creating environment descriptor '/home/auro/Auro/install/assessment_interfaces/share/assessment_interfaces/hook/ld_library_path_lib.dsv'
[3.092s] INFO:colcon.colcon_core.shell:Creating environment hook '/home/auro/Auro/install/assessment_interfaces/share/assessment_interfaces/hook/ld_library_path_lib.sh'
[3.092s] Level 1:colcon.colcon_core.environment:checking '/home/auro/Auro/install/assessment_interfaces/bin'
[3.093s] Level 1:colcon.colcon_core.environment:checking '/home/auro/Auro/install/assessment_interfaces/lib/pkgconfig/assessment_interfaces.pc'
[3.093s] Level 1:colcon.colcon_core.environment:checking '/home/auro/Auro/install/assessment_interfaces/lib/python3.10/site-packages'
[3.093s] Level 1:colcon.colcon_core.environment:checking '/home/auro/Auro/install/assessment_interfaces/bin'
[3.094s] INFO:colcon.colcon_core.shell:Creating package script '/home/auro/Auro/install/assessment_interfaces/share/assessment_interfaces/package.ps1'
[3.094s] INFO:colcon.colcon_core.shell:Creating package descriptor '/home/auro/Auro/install/assessment_interfaces/share/assessment_interfaces/package.dsv'
[3.095s] INFO:colcon.colcon_core.shell:Creating package script '/home/auro/Auro/install/assessment_interfaces/share/assessment_interfaces/package.sh'
[3.096s] INFO:colcon.colcon_core.shell:Creating package script '/home/auro/Auro/install/assessment_interfaces/share/assessment_interfaces/package.bash'
[3.096s] INFO:colcon.colcon_core.shell:Creating package script '/home/auro/Auro/install/assessment_interfaces/share/assessment_interfaces/package.zsh'
[3.097s] Level 1:colcon.colcon_core.environment:create_file_with_runtime_dependencies(/home/auro/Auro/install/assessment_interfaces/share/colcon-core/packages/assessment_interfaces)
[3.567s] DEBUG:colcon.colcon_core.event_handler.log_command:Invoking command in '/home/auro/Auro/build/assessment': LD_LIBRARY_PATH=/home/auro/Auro/install/auro_interfaces/lib:/home/auro/Auro/install/assessment_interfaces/lib:/home/auro/turtlebot3_ws/install/turtlebot3_msgs/lib:/home/auro/turtlebot3_ws/install/dynamixel_sdk_custom_interfaces/lib:/home/auro/turtlebot3_ws/install/dynamixel_sdk/lib:/usr/lib/x86_64-linux-gnu/gazebo-11/plugins:/opt/ros/humble/opt/rviz_ogre_vendor/lib:/opt/ros/humble/lib/x86_64-linux-gnu:/opt/ros/humble/lib:/usr/lib/x86_64-linux-gnu/gazebo-11/plugins PYTHONPATH=/home/auro/Auro/build/assessment/prefix_override:/usr/lib/python3/dist-packages/colcon_core/task/python/colcon_distutils_commands:/home/auro/Auro/install/assessment/lib/python3.10/site-packages:${PYTHONPATH} /usr/bin/python3 -W ignore:setup.py install is deprecated setup.py develop --editable --build-directory /home/auro/Auro/build/assessment/build --no-deps symlink_data
[4.166s] Level 1:colcon.colcon_core.shell:create_environment_hook('assessment', 'pythonpath_develop')
[4.167s] INFO:colcon.colcon_core.shell:Creating environment hook '/home/auro/Auro/build/assessment/share/assessment/hook/pythonpath_develop.ps1'
[4.168s] DEBUG:colcon.colcon_core.event_handler.log_command:Invoked command in '/home/auro/Auro/build/assessment' returned '0': LD_LIBRARY_PATH=/home/auro/Auro/install/auro_interfaces/lib:/home/auro/Auro/install/assessment_interfaces/lib:/home/auro/turtlebot3_ws/install/turtlebot3_msgs/lib:/home/auro/turtlebot3_ws/install/dynamixel_sdk_custom_interfaces/lib:/home/auro/turtlebot3_ws/install/dynamixel_sdk/lib:/usr/lib/x86_64-linux-gnu/gazebo-11/plugins:/opt/ros/humble/opt/rviz_ogre_vendor/lib:/opt/ros/humble/lib/x86_64-linux-gnu:/opt/ros/humble/lib:/usr/lib/x86_64-linux-gnu/gazebo-11/plugins PYTHONPATH=/home/auro/Auro/build/assessment/prefix_override:/usr/lib/python3/dist-packages/colcon_core/task/python/colcon_distutils_commands:/home/auro/Auro/install/assessment/lib/python3.10/site-packages:${PYTHONPATH} /usr/bin/python3 -W ignore:setup.py install is deprecated setup.py develop --editable --build-directory /home/auro/Auro/build/assessment/build --no-deps symlink_data
[4.168s] INFO:colcon.colcon_core.shell:Creating environment descriptor '/home/auro/Auro/build/assessment/share/assessment/hook/pythonpath_develop.dsv'
[4.169s] INFO:colcon.colcon_core.shell:Creating environment hook '/home/auro/Auro/build/assessment/share/assessment/hook/pythonpath_develop.sh'
[4.170s] Level 1:colcon.colcon_core.environment:checking '/home/auro/Auro/install/assessment' for CMake module files
[4.170s] Level 1:colcon.colcon_core.environment:checking '/home/auro/Auro/install/assessment' for CMake config files
[4.172s] Level 1:colcon.colcon_core.environment:checking '/home/auro/Auro/install/assessment/lib'
[4.172s] Level 1:colcon.colcon_core.environment:checking '/home/auro/Auro/install/assessment/bin'
[4.172s] Level 1:colcon.colcon_core.environment:checking '/home/auro/Auro/install/assessment/lib/pkgconfig/assessment.pc'
[4.172s] Level 1:colcon.colcon_core.environment:checking '/home/auro/Auro/install/assessment/lib/python3.10/site-packages'
[4.172s] Level 1:colcon.colcon_core.shell:create_environment_hook('assessment', 'pythonpath')
[4.173s] INFO:colcon.colcon_core.shell:Creating environment hook '/home/auro/Auro/install/assessment/share/assessment/hook/pythonpath.ps1'
[4.173s] INFO:colcon.colcon_core.shell:Creating environment descriptor '/home/auro/Auro/install/assessment/share/assessment/hook/pythonpath.dsv'
[4.174s] INFO:colcon.colcon_core.shell:Creating environment hook '/home/auro/Auro/install/assessment/share/assessment/hook/pythonpath.sh'
[4.174s] Level 1:colcon.colcon_core.environment:checking '/home/auro/Auro/install/assessment/bin'
[4.174s] Level 1:colcon.colcon_core.environment:create_environment_scripts_only(assessment)
[4.175s] INFO:colcon.colcon_core.shell:Creating package script '/home/auro/Auro/install/assessment/share/assessment/package.ps1'
[4.175s] INFO:colcon.colcon_core.shell:Creating package descriptor '/home/auro/Auro/install/assessment/share/assessment/package.dsv'
[4.176s] INFO:colcon.colcon_core.shell:Creating package script '/home/auro/Auro/install/assessment/share/assessment/package.sh'
[4.176s] INFO:colcon.colcon_core.shell:Creating package script '/home/auro/Auro/install/assessment/share/assessment/package.bash'
[4.177s] INFO:colcon.colcon_core.shell:Creating package script '/home/auro/Auro/install/assessment/share/assessment/package.zsh'
[4.177s] Level 1:colcon.colcon_core.environment:create_file_with_runtime_dependencies(/home/auro/Auro/install/assessment/share/colcon-core/packages/assessment)
[4.178s] DEBUG:colcon.colcon_parallel_executor.executor.parallel:closing loop
[4.178s] DEBUG:colcon.colcon_parallel_executor.executor.parallel:loop closed
[4.178s] DEBUG:colcon.colcon_parallel_executor.executor.parallel:run_until_complete finished with '0'
[4.178s] DEBUG:colcon.colcon_core.event_reactor:joining thread
[4.185s] INFO:colcon.colcon_core.plugin_system:Skipping extension 'colcon_notification.desktop_notification.terminal_notifier': Not used on non-Darwin systems
[4.186s] INFO:colcon.colcon_core.plugin_system:Skipping extension 'colcon_notification.desktop_notification.win32': Not used on non-Windows systems
[4.186s] INFO:colcon.colcon_notification.desktop_notification:Sending desktop notification using 'notify2'
[4.198s] DEBUG:colcon.colcon_core.event_reactor:joined thread
[4.199s] INFO:colcon.colcon_core.shell:Creating prefix script '/home/auro/Auro/install/local_setup.ps1'
[4.201s] INFO:colcon.colcon_core.shell:Creating prefix util module '/home/auro/Auro/install/_local_setup_util_ps1.py'
[4.203s] INFO:colcon.colcon_core.shell:Creating prefix chain script '/home/auro/Auro/install/setup.ps1'
[4.205s] INFO:colcon.colcon_core.shell:Creating prefix script '/home/auro/Auro/install/local_setup.sh'
[4.206s] INFO:colcon.colcon_core.shell:Creating prefix util module '/home/auro/Auro/install/_local_setup_util_sh.py'
[4.206s] INFO:colcon.colcon_core.shell:Creating prefix chain script '/home/auro/Auro/install/setup.sh'
[4.209s] INFO:colcon.colcon_core.shell:Creating prefix script '/home/auro/Auro/install/local_setup.bash'
[4.209s] INFO:colcon.colcon_core.shell:Creating prefix chain script '/home/auro/Auro/install/setup.bash'
[4.212s] INFO:colcon.colcon_core.shell:Creating prefix script '/home/auro/Auro/install/local_setup.zsh'
[4.212s] INFO:colcon.colcon_core.shell:Creating prefix chain script '/home/auro/Auro/install/setup.zsh'
