[0.108s] Invoking command in '/home/auro/Auro/build/auro_interfaces': CMAKE_PREFIX_PATH=${CMAKE_PREFIX_PATH}:/home/auro/Auro/install/tf_relay:/home/auro/Auro/install/solution:/home/auro/Auro/install/assessment:/home/auro/turtlebot3_ws/install/turtlebot3_teleop:/home/auro/turtlebot3_ws/install/turtlebot3_example:/opt/ros/humble /usr/bin/cmake --build /home/auro/Auro/build/auro_interfaces -- -j4 -l4
[0.722s] [  1%] Built target auro_interfaces__cpp
[0.722s] [  1%] Built target ament_cmake_python_symlink_auro_interfaces
[0.723s] [ 12%] Built target auro_interfaces__rosidl_typesupport_fastrtps_cpp
[0.723s] [ 23%] Built target auro_interfaces__rosidl_typesupport_introspection_cpp
[1.039s] running egg_info
[1.041s] writing auro_interfaces.egg-info/PKG-INFO
[1.042s] writing dependency_links to auro_interfaces.egg-info/dependency_links.txt
[1.042s] writing top-level names to auro_interfaces.egg-info/top_level.txt
[1.045s] reading manifest file 'auro_interfaces.egg-info/SOURCES.txt'
[1.051s] writing manifest file 'auro_interfaces.egg-info/SOURCES.txt'
[1.111s] [ 23%] Built target ament_cmake_python_build_auro_interfaces_egg
[1.168s] [ 34%] Built target auro_interfaces__rosidl_typesupport_cpp
[1.219s] [ 46%] Built target auro_interfaces__rosidl_generator_c
[1.287s] [ 57%] Built target auro_interfaces__rosidl_typesupport_fastrtps_c
[1.333s] [ 68%] Built target auro_interfaces__rosidl_typesupport_c
[1.398s] [ 79%] Built target auro_interfaces__rosidl_typesupport_introspection_c
[1.444s] [ 79%] Built target auro_interfaces
[1.504s] [ 80%] Built target auro_interfaces__py
[1.581s] [ 90%] Built target auro_interfaces__rosidl_generator_py
[1.621s] [ 93%] Built target auro_interfaces__rosidl_typesupport_fastrtps_c__pyext
[1.680s] [ 96%] Built target auro_interfaces__rosidl_typesupport_c__pyext
[1.716s] [100%] Built target auro_interfaces__rosidl_typesupport_introspection_c__pyext
[1.744s] Invoked command in '/home/auro/Auro/build/auro_interfaces' returned '0': CMAKE_PREFIX_PATH=${CMAKE_PREFIX_PATH}:/home/auro/Auro/install/tf_relay:/home/auro/Auro/install/solution:/home/auro/Auro/install/assessment:/home/auro/turtlebot3_ws/install/turtlebot3_teleop:/home/auro/turtlebot3_ws/install/turtlebot3_example:/opt/ros/humble /usr/bin/cmake --build /home/auro/Auro/build/auro_interfaces -- -j4 -l4
[2.265s] Invoking command in '/home/auro/Auro/build/auro_interfaces': CMAKE_PREFIX_PATH=${CMAKE_PREFIX_PATH}:/home/auro/Auro/install/tf_relay:/home/auro/Auro/install/solution:/home/auro/Auro/install/assessment:/home/auro/turtlebot3_ws/install/turtlebot3_teleop:/home/auro/turtlebot3_ws/install/turtlebot3_example:/opt/ros/humble /usr/bin/cmake --install /home/auro/Auro/build/auro_interfaces
[2.287s] -- Install configuration: ""
[2.288s] -- Execute custom install script
[2.289s] -- Up-to-date symlink: /home/auro/Auro/install/auro_interfaces/share/ament_index/resource_index/rosidl_interfaces/auro_interfaces
[2.291s] -- Up-to-date symlink: /home/auro/Auro/install/auro_interfaces/include/auro_interfaces/auro_interfaces/msg/detail/direction__functions.h
[2.292s] -- Up-to-date symlink: /home/auro/Auro/install/auro_interfaces/include/auro_interfaces/auro_interfaces/msg/detail/direction__struct.h
[2.292s] -- Up-to-date symlink: /home/auro/Auro/install/auro_interfaces/include/auro_interfaces/auro_interfaces/msg/detail/direction__type_support.h
[2.294s] -- Up-to-date symlink: /home/auro/Auro/install/auro_interfaces/include/auro_interfaces/auro_interfaces/msg/detail/item__functions.h
[2.294s] -- Up-to-date symlink: /home/auro/Auro/install/auro_interfaces/include/auro_interfaces/auro_interfaces/msg/detail/item__struct.h
[2.294s] -- Up-to-date symlink: /home/auro/Auro/install/auro_interfaces/include/auro_interfaces/auro_interfaces/msg/detail/item__type_support.h
[2.294s] -- Up-to-date symlink: /home/auro/Auro/install/auro_interfaces/include/auro_interfaces/auro_interfaces/msg/detail/item_list__functions.h
[2.295s] -- Up-to-date symlink: /home/auro/Auro/install/auro_interfaces/include/auro_interfaces/auro_interfaces/msg/detail/item_list__struct.h
[2.296s] -- Up-to-date symlink: /home/auro/Auro/install/auro_interfaces/include/auro_interfaces/auro_interfaces/msg/detail/item_list__type_support.h
[2.297s] -- Up-to-date symlink: /home/auro/Auro/install/auro_interfaces/include/auro_interfaces/auro_interfaces/msg/detail/string_with_pose__functions.h
[2.297s] -- Up-to-date symlink: /home/auro/Auro/install/auro_interfaces/include/auro_interfaces/auro_interfaces/msg/detail/string_with_pose__struct.h
[2.297s] -- Up-to-date symlink: /home/auro/Auro/install/auro_interfaces/include/auro_interfaces/auro_interfaces/msg/detail/string_with_pose__type_support.h
[2.298s] -- Up-to-date symlink: /home/auro/Auro/install/auro_interfaces/include/auro_interfaces/auro_interfaces/msg/direction.h
[2.299s] -- Up-to-date symlink: /home/auro/Auro/install/auro_interfaces/include/auro_interfaces/auro_interfaces/msg/item.h
[2.300s] -- Up-to-date symlink: /home/auro/Auro/install/auro_interfaces/include/auro_interfaces/auro_interfaces/msg/item_list.h
[2.301s] -- Up-to-date symlink: /home/auro/Auro/install/auro_interfaces/include/auro_interfaces/auro_interfaces/msg/rosidl_generator_c__visibility_control.h
[2.301s] -- Up-to-date symlink: /home/auro/Auro/install/auro_interfaces/include/auro_interfaces/auro_interfaces/msg/string_with_pose.h
[2.302s] -- Up-to-date symlink: /home/auro/Auro/install/auro_interfaces/include/auro_interfaces/auro_interfaces/srv/detail/item_request__functions.h
[2.303s] -- Up-to-date symlink: /home/auro/Auro/install/auro_interfaces/include/auro_interfaces/auro_interfaces/srv/detail/item_request__struct.h
[2.304s] -- Up-to-date symlink: /home/auro/Auro/install/auro_interfaces/include/auro_interfaces/auro_interfaces/srv/detail/item_request__type_support.h
[2.305s] -- Up-to-date symlink: /home/auro/Auro/install/auro_interfaces/include/auro_interfaces/auro_interfaces/srv/item_request.h
[2.305s] -- Up-to-date symlink: /home/auro/Auro/install/auro_interfaces/share/auro_interfaces/environment/library_path.sh
[2.306s] -- Up-to-date symlink: /home/auro/Auro/install/auro_interfaces/share/auro_interfaces/environment/library_path.dsv
[2.307s] -- Up-to-date symlink: /home/auro/Auro/install/auro_interfaces/include/auro_interfaces/auro_interfaces/msg/detail/direction__rosidl_typesupport_fastrtps_c.h
[2.309s] -- Up-to-date symlink: /home/auro/Auro/install/auro_interfaces/include/auro_interfaces/auro_interfaces/msg/detail/item__rosidl_typesupport_fastrtps_c.h
[2.309s] -- Up-to-date symlink: /home/auro/Auro/install/auro_interfaces/include/auro_interfaces/auro_interfaces/msg/detail/item_list__rosidl_typesupport_fastrtps_c.h
[2.310s] -- Up-to-date symlink: /home/auro/Auro/install/auro_interfaces/include/auro_interfaces/auro_interfaces/msg/detail/string_with_pose__rosidl_typesupport_fastrtps_c.h
[2.310s] -- Up-to-date symlink: /home/auro/Auro/install/auro_interfaces/include/auro_interfaces/auro_interfaces/msg/rosidl_typesupport_fastrtps_c__visibility_control.h
[2.311s] -- Up-to-date symlink: /home/auro/Auro/install/auro_interfaces/include/auro_interfaces/auro_interfaces/srv/detail/item_request__rosidl_typesupport_fastrtps_c.h
[2.313s] -- Up-to-date symlink: /home/auro/Auro/install/auro_interfaces/include/auro_interfaces/auro_interfaces/msg/detail/direction__builder.hpp
[2.314s] -- Up-to-date symlink: /home/auro/Auro/install/auro_interfaces/include/auro_interfaces/auro_interfaces/msg/detail/direction__struct.hpp
[2.314s] -- Up-to-date symlink: /home/auro/Auro/install/auro_interfaces/include/auro_interfaces/auro_interfaces/msg/detail/direction__traits.hpp
[2.316s] -- Up-to-date symlink: /home/auro/Auro/install/auro_interfaces/include/auro_interfaces/auro_interfaces/msg/detail/item__builder.hpp
[2.317s] -- Up-to-date symlink: /home/auro/Auro/install/auro_interfaces/include/auro_interfaces/auro_interfaces/msg/detail/item__struct.hpp
[2.319s] -- Up-to-date symlink: /home/auro/Auro/install/auro_interfaces/include/auro_interfaces/auro_interfaces/msg/detail/item__traits.hpp
[2.320s] -- Up-to-date symlink: /home/auro/Auro/install/auro_interfaces/include/auro_interfaces/auro_interfaces/msg/detail/item_list__builder.hpp
[2.320s] -- Up-to-date symlink: /home/auro/Auro/install/auro_interfaces/include/auro_interfaces/auro_interfaces/msg/detail/item_list__struct.hpp
[2.321s] -- Up-to-date symlink: /home/auro/Auro/install/auro_interfaces/include/auro_interfaces/auro_interfaces/msg/detail/item_list__traits.hpp
[2.322s] -- Up-to-date symlink: /home/auro/Auro/install/auro_interfaces/include/auro_interfaces/auro_interfaces/msg/detail/string_with_pose__builder.hpp
[2.323s] -- Up-to-date symlink: /home/auro/Auro/install/auro_interfaces/include/auro_interfaces/auro_interfaces/msg/detail/string_with_pose__struct.hpp
[2.323s] -- Up-to-date symlink: /home/auro/Auro/install/auro_interfaces/include/auro_interfaces/auro_interfaces/msg/detail/string_with_pose__traits.hpp
[2.325s] -- Up-to-date symlink: /home/auro/Auro/install/auro_interfaces/include/auro_interfaces/auro_interfaces/msg/direction.hpp
[2.326s] -- Up-to-date symlink: /home/auro/Auro/install/auro_interfaces/include/auro_interfaces/auro_interfaces/msg/item.hpp
[2.326s] -- Up-to-date symlink: /home/auro/Auro/install/auro_interfaces/include/auro_interfaces/auro_interfaces/msg/item_list.hpp
[2.327s] -- Up-to-date symlink: /home/auro/Auro/install/auro_interfaces/include/auro_interfaces/auro_interfaces/msg/string_with_pose.hpp
[2.328s] -- Up-to-date symlink: /home/auro/Auro/install/auro_interfaces/include/auro_interfaces/auro_interfaces/srv/detail/item_request__builder.hpp
[2.328s] -- Up-to-date symlink: /home/auro/Auro/install/auro_interfaces/include/auro_interfaces/auro_interfaces/srv/detail/item_request__struct.hpp
[2.329s] -- Up-to-date symlink: /home/auro/Auro/install/auro_interfaces/include/auro_interfaces/auro_interfaces/srv/detail/item_request__traits.hpp
[2.329s] -- Up-to-date symlink: /home/auro/Auro/install/auro_interfaces/include/auro_interfaces/auro_interfaces/srv/item_request.hpp
[2.331s] -- Up-to-date symlink: /home/auro/Auro/install/auro_interfaces/include/auro_interfaces/auro_interfaces/msg/detail/direction__rosidl_typesupport_fastrtps_cpp.hpp
[2.332s] -- Up-to-date symlink: /home/auro/Auro/install/auro_interfaces/include/auro_interfaces/auro_interfaces/msg/detail/item__rosidl_typesupport_fastrtps_cpp.hpp
[2.332s] -- Up-to-date symlink: /home/auro/Auro/install/auro_interfaces/include/auro_interfaces/auro_interfaces/msg/detail/item_list__rosidl_typesupport_fastrtps_cpp.hpp
[2.333s] -- Up-to-date symlink: /home/auro/Auro/install/auro_interfaces/include/auro_interfaces/auro_interfaces/msg/detail/string_with_pose__rosidl_typesupport_fastrtps_cpp.hpp
[2.334s] -- Up-to-date symlink: /home/auro/Auro/install/auro_interfaces/include/auro_interfaces/auro_interfaces/msg/rosidl_typesupport_fastrtps_cpp__visibility_control.h
[2.334s] -- Up-to-date symlink: /home/auro/Auro/install/auro_interfaces/include/auro_interfaces/auro_interfaces/srv/detail/item_request__rosidl_typesupport_fastrtps_cpp.hpp
[2.336s] -- Up-to-date symlink: /home/auro/Auro/install/auro_interfaces/include/auro_interfaces/auro_interfaces/msg/detail/direction__rosidl_typesupport_introspection_c.h
[2.337s] -- Up-to-date symlink: /home/auro/Auro/install/auro_interfaces/include/auro_interfaces/auro_interfaces/msg/detail/item__rosidl_typesupport_introspection_c.h
[2.337s] -- Up-to-date symlink: /home/auro/Auro/install/auro_interfaces/include/auro_interfaces/auro_interfaces/msg/detail/item_list__rosidl_typesupport_introspection_c.h
[2.337s] -- Up-to-date symlink: /home/auro/Auro/install/auro_interfaces/include/auro_interfaces/auro_interfaces/msg/detail/string_with_pose__rosidl_typesupport_introspection_c.h
[2.338s] -- Up-to-date symlink: /home/auro/Auro/install/auro_interfaces/include/auro_interfaces/auro_interfaces/msg/rosidl_typesupport_introspection_c__visibility_control.h
[2.338s] -- Up-to-date symlink: /home/auro/Auro/install/auro_interfaces/include/auro_interfaces/auro_interfaces/srv/detail/item_request__rosidl_typesupport_introspection_c.h
[2.340s] -- Up-to-date symlink: /home/auro/Auro/install/auro_interfaces/include/auro_interfaces/auro_interfaces/msg/detail/direction__rosidl_typesupport_introspection_cpp.hpp
[2.341s] -- Up-to-date symlink: /home/auro/Auro/install/auro_interfaces/include/auro_interfaces/auro_interfaces/msg/detail/item__rosidl_typesupport_introspection_cpp.hpp
[2.341s] -- Up-to-date symlink: /home/auro/Auro/install/auro_interfaces/include/auro_interfaces/auro_interfaces/msg/detail/item_list__rosidl_typesupport_introspection_cpp.hpp
[2.342s] -- Up-to-date symlink: /home/auro/Auro/install/auro_interfaces/include/auro_interfaces/auro_interfaces/msg/detail/string_with_pose__rosidl_typesupport_introspection_cpp.hpp
[2.342s] -- Up-to-date symlink: /home/auro/Auro/install/auro_interfaces/include/auro_interfaces/auro_interfaces/srv/detail/item_request__rosidl_typesupport_introspection_cpp.hpp
[2.343s] -- Up-to-date symlink: /home/auro/Auro/install/auro_interfaces/share/auro_interfaces/environment/pythonpath.sh
[2.346s] -- Up-to-date symlink: /home/auro/Auro/install/auro_interfaces/share/auro_interfaces/environment/pythonpath.dsv
[2.347s] -- Up-to-date symlink: /home/auro/Auro/install/auro_interfaces/local/lib/python3.10/dist-packages/auro_interfaces-0.0.0-py3.10.egg-info/PKG-INFO
[2.348s] -- Up-to-date symlink: /home/auro/Auro/install/auro_interfaces/local/lib/python3.10/dist-packages/auro_interfaces-0.0.0-py3.10.egg-info/SOURCES.txt
[2.348s] -- Up-to-date symlink: /home/auro/Auro/install/auro_interfaces/local/lib/python3.10/dist-packages/auro_interfaces-0.0.0-py3.10.egg-info/dependency_links.txt
[2.349s] -- Up-to-date symlink: /home/auro/Auro/install/auro_interfaces/local/lib/python3.10/dist-packages/auro_interfaces-0.0.0-py3.10.egg-info/top_level.txt
[2.352s] -- Up-to-date symlink: /home/auro/Auro/install/auro_interfaces/local/lib/python3.10/dist-packages/auro_interfaces/__init__.py
[2.353s] -- Up-to-date symlink: /home/auro/Auro/install/auro_interfaces/local/lib/python3.10/dist-packages/auro_interfaces/_auro_interfaces_s.ep.rosidl_typesupport_c.c
[2.354s] -- Up-to-date symlink: /home/auro/Auro/install/auro_interfaces/local/lib/python3.10/dist-packages/auro_interfaces/_auro_interfaces_s.ep.rosidl_typesupport_fastrtps_c.c
[2.354s] -- Up-to-date symlink: /home/auro/Auro/install/auro_interfaces/local/lib/python3.10/dist-packages/auro_interfaces/_auro_interfaces_s.ep.rosidl_typesupport_introspection_c.c
[2.355s] -- Up-to-date symlink: /home/auro/Auro/install/auro_interfaces/local/lib/python3.10/dist-packages/auro_interfaces/auro_interfaces_s__rosidl_typesupport_c.cpython-310-x86_64-linux-gnu.so
[2.356s] -- Up-to-date symlink: /home/auro/Auro/install/auro_interfaces/local/lib/python3.10/dist-packages/auro_interfaces/auro_interfaces_s__rosidl_typesupport_fastrtps_c.cpython-310-x86_64-linux-gnu.so
[2.357s] -- Up-to-date symlink: /home/auro/Auro/install/auro_interfaces/local/lib/python3.10/dist-packages/auro_interfaces/auro_interfaces_s__rosidl_typesupport_introspection_c.cpython-310-x86_64-linux-gnu.so
[2.357s] -- Up-to-date symlink: /home/auro/Auro/install/auro_interfaces/local/lib/python3.10/dist-packages/auro_interfaces/libauro_interfaces__rosidl_generator_py.so
[2.357s] -- Up-to-date symlink: /home/auro/Auro/install/auro_interfaces/local/lib/python3.10/dist-packages/auro_interfaces/msg/__init__.py
[2.358s] -- Up-to-date symlink: /home/auro/Auro/install/auro_interfaces/local/lib/python3.10/dist-packages/auro_interfaces/msg/_direction.py
[2.359s] -- Up-to-date symlink: /home/auro/Auro/install/auro_interfaces/local/lib/python3.10/dist-packages/auro_interfaces/msg/_direction_s.c
[2.359s] -- Up-to-date symlink: /home/auro/Auro/install/auro_interfaces/local/lib/python3.10/dist-packages/auro_interfaces/msg/_item.py
[2.360s] -- Up-to-date symlink: /home/auro/Auro/install/auro_interfaces/local/lib/python3.10/dist-packages/auro_interfaces/msg/_item_list.py
[2.360s] -- Up-to-date symlink: /home/auro/Auro/install/auro_interfaces/local/lib/python3.10/dist-packages/auro_interfaces/msg/_item_list_s.c
[2.361s] -- Up-to-date symlink: /home/auro/Auro/install/auro_interfaces/local/lib/python3.10/dist-packages/auro_interfaces/msg/_item_s.c
[2.361s] -- Up-to-date symlink: /home/auro/Auro/install/auro_interfaces/local/lib/python3.10/dist-packages/auro_interfaces/msg/_string_with_pose.py
[2.362s] -- Up-to-date symlink: /home/auro/Auro/install/auro_interfaces/local/lib/python3.10/dist-packages/auro_interfaces/msg/_string_with_pose_s.c
[2.363s] -- Up-to-date symlink: /home/auro/Auro/install/auro_interfaces/local/lib/python3.10/dist-packages/auro_interfaces/srv/__init__.py
[2.363s] -- Up-to-date symlink: /home/auro/Auro/install/auro_interfaces/local/lib/python3.10/dist-packages/auro_interfaces/srv/_item_request.py
[2.363s] -- Up-to-date symlink: /home/auro/Auro/install/auro_interfaces/local/lib/python3.10/dist-packages/auro_interfaces/srv/_item_request_s.c
[2.364s] -- Up-to-date symlink: /home/auro/Auro/install/auro_interfaces/local/lib/python3.10/dist-packages/auro_interfaces/auro_interfaces_s__rosidl_typesupport_fastrtps_c.cpython-310-x86_64-linux-gnu.so
[2.366s] -- Up-to-date symlink: /home/auro/Auro/install/auro_interfaces/local/lib/python3.10/dist-packages/auro_interfaces/auro_interfaces_s__rosidl_typesupport_introspection_c.cpython-310-x86_64-linux-gnu.so
[2.366s] -- Up-to-date symlink: /home/auro/Auro/install/auro_interfaces/local/lib/python3.10/dist-packages/auro_interfaces/auro_interfaces_s__rosidl_typesupport_c.cpython-310-x86_64-linux-gnu.so
[2.367s] -- Up-to-date symlink: /home/auro/Auro/install/auro_interfaces/share/auro_interfaces/msg/StringWithPose.idl
[2.368s] -- Up-to-date symlink: /home/auro/Auro/install/auro_interfaces/share/auro_interfaces/msg/Item.idl
[2.368s] -- Up-to-date symlink: /home/auro/Auro/install/auro_interfaces/share/auro_interfaces/msg/ItemList.idl
[2.370s] -- Up-to-date symlink: /home/auro/Auro/install/auro_interfaces/share/auro_interfaces/msg/Direction.idl
[2.370s] -- Up-to-date symlink: /home/auro/Auro/install/auro_interfaces/share/auro_interfaces/srv/ItemRequest.idl
[2.371s] -- Up-to-date symlink: /home/auro/Auro/install/auro_interfaces/share/auro_interfaces/msg/StringWithPose.msg
[2.372s] -- Up-to-date symlink: /home/auro/Auro/install/auro_interfaces/share/auro_interfaces/msg/Item.msg
[2.373s] -- Up-to-date symlink: /home/auro/Auro/install/auro_interfaces/share/auro_interfaces/msg/ItemList.msg
[2.373s] -- Up-to-date symlink: /home/auro/Auro/install/auro_interfaces/share/auro_interfaces/msg/Direction.msg
[2.374s] -- Up-to-date symlink: /home/auro/Auro/install/auro_interfaces/share/auro_interfaces/srv/ItemRequest.srv
[2.375s] -- Up-to-date symlink: /home/auro/Auro/install/auro_interfaces/share/auro_interfaces/srv/ItemRequest_Request.msg
[2.375s] -- Up-to-date symlink: /home/auro/Auro/install/auro_interfaces/share/auro_interfaces/srv/ItemRequest_Response.msg
[2.376s] -- Up-to-date symlink: /home/auro/Auro/install/auro_interfaces/share/ament_index/resource_index/package_run_dependencies/auro_interfaces
[2.377s] -- Up-to-date symlink: /home/auro/Auro/install/auro_interfaces/share/ament_index/resource_index/parent_prefix_path/auro_interfaces
[2.377s] -- Up-to-date symlink: /home/auro/Auro/install/auro_interfaces/share/auro_interfaces/environment/ament_prefix_path.sh
[2.378s] -- Up-to-date symlink: /home/auro/Auro/install/auro_interfaces/share/auro_interfaces/environment/ament_prefix_path.dsv
[2.379s] -- Up-to-date symlink: /home/auro/Auro/install/auro_interfaces/share/auro_interfaces/environment/path.sh
[2.379s] -- Up-to-date symlink: /home/auro/Auro/install/auro_interfaces/share/auro_interfaces/environment/path.dsv
[2.380s] -- Up-to-date symlink: /home/auro/Auro/install/auro_interfaces/share/auro_interfaces/local_setup.bash
[2.380s] -- Up-to-date symlink: /home/auro/Auro/install/auro_interfaces/share/auro_interfaces/local_setup.sh
[2.381s] -- Up-to-date symlink: /home/auro/Auro/install/auro_interfaces/share/auro_interfaces/local_setup.zsh
[2.381s] -- Up-to-date symlink: /home/auro/Auro/install/auro_interfaces/share/auro_interfaces/local_setup.dsv
[2.383s] -- Symlinking: /home/auro/Auro/install/auro_interfaces/share/auro_interfaces/package.dsv
[2.403s] -- Up-to-date symlink: /home/auro/Auro/install/auro_interfaces/share/ament_index/resource_index/packages/auro_interfaces
[2.404s] -- Up-to-date symlink: /home/auro/Auro/install/auro_interfaces/share/auro_interfaces/cmake/rosidl_cmake-extras.cmake
[2.404s] -- Up-to-date symlink: /home/auro/Auro/install/auro_interfaces/share/auro_interfaces/cmake/ament_cmake_export_dependencies-extras.cmake
[2.404s] -- Up-to-date symlink: /home/auro/Auro/install/auro_interfaces/share/auro_interfaces/cmake/ament_cmake_export_include_directories-extras.cmake
[2.405s] -- Up-to-date symlink: /home/auro/Auro/install/auro_interfaces/share/auro_interfaces/cmake/ament_cmake_export_libraries-extras.cmake
[2.405s] -- Up-to-date symlink: /home/auro/Auro/install/auro_interfaces/share/auro_interfaces/cmake/ament_cmake_export_targets-extras.cmake
[2.406s] -- Up-to-date symlink: /home/auro/Auro/install/auro_interfaces/share/auro_interfaces/cmake/rosidl_cmake_export_typesupport_targets-extras.cmake
[2.407s] -- Up-to-date symlink: /home/auro/Auro/install/auro_interfaces/share/auro_interfaces/cmake/rosidl_cmake_export_typesupport_libraries-extras.cmake
[2.407s] -- Up-to-date symlink: /home/auro/Auro/install/auro_interfaces/share/auro_interfaces/cmake/auro_interfacesConfig.cmake
[2.407s] -- Up-to-date symlink: /home/auro/Auro/install/auro_interfaces/share/auro_interfaces/cmake/auro_interfacesConfig-version.cmake
[2.408s] -- Up-to-date symlink: /home/auro/Auro/install/auro_interfaces/share/auro_interfaces/package.xml
[2.409s] -- Up-to-date: /home/auro/Auro/install/auro_interfaces/lib/libauro_interfaces__rosidl_generator_c.so
[2.409s] -- Up-to-date: /home/auro/Auro/install/auro_interfaces/lib/libauro_interfaces__rosidl_typesupport_fastrtps_c.so
[2.410s] -- Up-to-date: /home/auro/Auro/install/auro_interfaces/lib/libauro_interfaces__rosidl_typesupport_fastrtps_cpp.so
[2.411s] -- Up-to-date: /home/auro/Auro/install/auro_interfaces/lib/libauro_interfaces__rosidl_typesupport_introspection_c.so
[2.412s] -- Up-to-date: /home/auro/Auro/install/auro_interfaces/lib/libauro_interfaces__rosidl_typesupport_c.so
[2.412s] -- Up-to-date: /home/auro/Auro/install/auro_interfaces/lib/libauro_interfaces__rosidl_typesupport_introspection_cpp.so
[2.413s] -- Up-to-date: /home/auro/Auro/install/auro_interfaces/lib/libauro_interfaces__rosidl_typesupport_cpp.so
[2.493s] Listing '/home/auro/Auro/install/auro_interfaces/local/lib/python3.10/dist-packages/auro_interfaces'...
[2.493s] Listing '/home/auro/Auro/install/auro_interfaces/local/lib/python3.10/dist-packages/auro_interfaces/msg'...
[2.493s] Listing '/home/auro/Auro/install/auro_interfaces/local/lib/python3.10/dist-packages/auro_interfaces/srv'...
[2.508s] -- Up-to-date: /home/auro/Auro/install/auro_interfaces/lib/libauro_interfaces__rosidl_generator_py.so
[2.509s] -- Up-to-date: /home/auro/Auro/install/auro_interfaces/share/auro_interfaces/cmake/export_auro_interfaces__rosidl_generator_cExport.cmake
[2.510s] -- Up-to-date: /home/auro/Auro/install/auro_interfaces/share/auro_interfaces/cmake/export_auro_interfaces__rosidl_generator_cExport-noconfig.cmake
[2.511s] -- Up-to-date: /home/auro/Auro/install/auro_interfaces/share/auro_interfaces/cmake/export_auro_interfaces__rosidl_typesupport_fastrtps_cExport.cmake
[2.511s] -- Up-to-date: /home/auro/Auro/install/auro_interfaces/share/auro_interfaces/cmake/export_auro_interfaces__rosidl_typesupport_fastrtps_cExport-noconfig.cmake
[2.512s] -- Up-to-date: /home/auro/Auro/install/auro_interfaces/share/auro_interfaces/cmake/export_auro_interfaces__rosidl_generator_cppExport.cmake
[2.512s] -- Up-to-date: /home/auro/Auro/install/auro_interfaces/share/auro_interfaces/cmake/export_auro_interfaces__rosidl_typesupport_fastrtps_cppExport.cmake
[2.513s] -- Up-to-date: /home/auro/Auro/install/auro_interfaces/share/auro_interfaces/cmake/export_auro_interfaces__rosidl_typesupport_fastrtps_cppExport-noconfig.cmake
[2.513s] -- Up-to-date: /home/auro/Auro/install/auro_interfaces/share/auro_interfaces/cmake/auro_interfaces__rosidl_typesupport_introspection_cExport.cmake
[2.514s] -- Up-to-date: /home/auro/Auro/install/auro_interfaces/share/auro_interfaces/cmake/auro_interfaces__rosidl_typesupport_introspection_cExport-noconfig.cmake
[2.514s] -- Up-to-date: /home/auro/Auro/install/auro_interfaces/share/auro_interfaces/cmake/auro_interfaces__rosidl_typesupport_cExport.cmake
[2.515s] -- Up-to-date: /home/auro/Auro/install/auro_interfaces/share/auro_interfaces/cmake/auro_interfaces__rosidl_typesupport_cExport-noconfig.cmake
[2.515s] -- Up-to-date: /home/auro/Auro/install/auro_interfaces/share/auro_interfaces/cmake/auro_interfaces__rosidl_typesupport_introspection_cppExport.cmake
[2.516s] -- Up-to-date: /home/auro/Auro/install/auro_interfaces/share/auro_interfaces/cmake/auro_interfaces__rosidl_typesupport_introspection_cppExport-noconfig.cmake
[2.516s] -- Up-to-date: /home/auro/Auro/install/auro_interfaces/share/auro_interfaces/cmake/auro_interfaces__rosidl_typesupport_cppExport.cmake
[2.516s] -- Up-to-date: /home/auro/Auro/install/auro_interfaces/share/auro_interfaces/cmake/auro_interfaces__rosidl_typesupport_cppExport-noconfig.cmake
[2.517s] -- Up-to-date: /home/auro/Auro/install/auro_interfaces/share/auro_interfaces/cmake/export_auro_interfaces__rosidl_generator_pyExport.cmake
[2.518s] -- Up-to-date: /home/auro/Auro/install/auro_interfaces/share/auro_interfaces/cmake/export_auro_interfaces__rosidl_generator_pyExport-noconfig.cmake
[2.523s] Invoked command in '/home/auro/Auro/build/auro_interfaces' returned '0': CMAKE_PREFIX_PATH=${CMAKE_PREFIX_PATH}:/home/auro/Auro/install/tf_relay:/home/auro/Auro/install/solution:/home/auro/Auro/install/assessment:/home/auro/turtlebot3_ws/install/turtlebot3_teleop:/home/auro/turtlebot3_ws/install/turtlebot3_example:/opt/ros/humble /usr/bin/cmake --install /home/auro/Auro/build/auro_interfaces
