[0.099s] Invoking command in '/home/auro/AURO-Revised/build/auro_interfaces': CMAKE_PREFIX_PATH=${CMAKE_PREFIX_PATH}:/home/auro/AURO-Revised/install/tf_relay:/home/auro/AURO-Revised/install/solution:/home/auro/AURO-Revised/install/assessment:/home/auro/turtlebot3_ws/install/turtlebot3_teleop:/home/auro/turtlebot3_ws/install/turtlebot3_example:/opt/ros/humble /usr/bin/cmake --build /home/auro/AURO-Revised/build/auro_interfaces -- -j4 -l4
[0.605s] [  0%] Built target auro_interfaces__cpp
[0.606s] [  0%] Built target ament_cmake_python_symlink_auro_interfaces
[0.606s] [ 11%] Built target auro_interfaces__rosidl_typesupport_fastrtps_cpp
[0.606s] [ 23%] Built target auro_interfaces__rosidl_typesupport_introspection_cpp
[0.767s] running egg_info
[0.769s] writing auro_interfaces.egg-info/PKG-INFO
[0.770s] writing dependency_links to auro_interfaces.egg-info/dependency_links.txt
[0.770s] writing top-level names to auro_interfaces.egg-info/top_level.txt
[0.776s] reading manifest file 'auro_interfaces.egg-info/SOURCES.txt'
[0.777s] writing manifest file 'auro_interfaces.egg-info/SOURCES.txt'
[0.840s] [ 23%] Built target ament_cmake_python_build_auro_interfaces_egg
[0.901s] [ 35%] Built target auro_interfaces__rosidl_typesupport_cpp
[0.951s] [ 47%] Built target auro_interfaces__rosidl_generator_c
[1.021s] [ 59%] Built target auro_interfaces__rosidl_typesupport_fastrtps_c
[1.073s] [ 71%] Built target auro_interfaces__rosidl_typesupport_c
[1.124s] [ 83%] Built target auro_interfaces__rosidl_typesupport_introspection_c
[1.167s] [ 83%] Built target auro_interfaces
[1.209s] [ 84%] Built target auro_interfaces__py
[1.270s] [ 95%] Built target auro_interfaces__rosidl_generator_py
[1.324s] [ 97%] Built target auro_interfaces__rosidl_typesupport_fastrtps_c__pyext
[1.364s] [ 98%] Built target auro_interfaces__rosidl_typesupport_c__pyext
[1.407s] [100%] Built target auro_interfaces__rosidl_typesupport_introspection_c__pyext
[1.431s] Invoked command in '/home/auro/AURO-Revised/build/auro_interfaces' returned '0': CMAKE_PREFIX_PATH=${CMAKE_PREFIX_PATH}:/home/auro/AURO-Revised/install/tf_relay:/home/auro/AURO-Revised/install/solution:/home/auro/AURO-Revised/install/assessment:/home/auro/turtlebot3_ws/install/turtlebot3_teleop:/home/auro/turtlebot3_ws/install/turtlebot3_example:/opt/ros/humble /usr/bin/cmake --build /home/auro/AURO-Revised/build/auro_interfaces -- -j4 -l4
[2.368s] Invoking command in '/home/auro/AURO-Revised/build/auro_interfaces': CMAKE_PREFIX_PATH=${CMAKE_PREFIX_PATH}:/home/auro/AURO-Revised/install/tf_relay:/home/auro/AURO-Revised/install/solution:/home/auro/AURO-Revised/install/assessment:/home/auro/turtlebot3_ws/install/turtlebot3_teleop:/home/auro/turtlebot3_ws/install/turtlebot3_example:/opt/ros/humble /usr/bin/cmake --install /home/auro/AURO-Revised/build/auro_interfaces
[2.378s] -- Install configuration: ""
[2.380s] -- Execute custom install script
[2.380s] -- Up-to-date symlink: /home/auro/AURO-Revised/install/auro_interfaces/share/ament_index/resource_index/rosidl_interfaces/auro_interfaces
[2.382s] -- Up-to-date symlink: /home/auro/AURO-Revised/install/auro_interfaces/include/auro_interfaces/auro_interfaces/action/detail/move__functions.h
[2.382s] -- Up-to-date symlink: /home/auro/AURO-Revised/install/auro_interfaces/include/auro_interfaces/auro_interfaces/action/detail/move__struct.h
[2.383s] -- Up-to-date symlink: /home/auro/AURO-Revised/install/auro_interfaces/include/auro_interfaces/auro_interfaces/action/detail/move__type_support.h
[2.383s] -- Up-to-date symlink: /home/auro/AURO-Revised/install/auro_interfaces/include/auro_interfaces/auro_interfaces/action/move.h
[2.383s] -- Up-to-date symlink: /home/auro/AURO-Revised/install/auro_interfaces/include/auro_interfaces/auro_interfaces/msg/detail/direction__functions.h
[2.384s] -- Up-to-date symlink: /home/auro/AURO-Revised/install/auro_interfaces/include/auro_interfaces/auro_interfaces/msg/detail/direction__struct.h
[2.384s] -- Up-to-date symlink: /home/auro/AURO-Revised/install/auro_interfaces/include/auro_interfaces/auro_interfaces/msg/detail/direction__type_support.h
[2.385s] -- Up-to-date symlink: /home/auro/AURO-Revised/install/auro_interfaces/include/auro_interfaces/auro_interfaces/msg/detail/item__functions.h
[2.385s] -- Up-to-date symlink: /home/auro/AURO-Revised/install/auro_interfaces/include/auro_interfaces/auro_interfaces/msg/detail/item__struct.h
[2.385s] -- Up-to-date symlink: /home/auro/AURO-Revised/install/auro_interfaces/include/auro_interfaces/auro_interfaces/msg/detail/item__type_support.h
[2.386s] -- Up-to-date symlink: /home/auro/AURO-Revised/install/auro_interfaces/include/auro_interfaces/auro_interfaces/msg/detail/item_list__functions.h
[2.386s] -- Up-to-date symlink: /home/auro/AURO-Revised/install/auro_interfaces/include/auro_interfaces/auro_interfaces/msg/detail/item_list__struct.h
[2.387s] -- Up-to-date symlink: /home/auro/AURO-Revised/install/auro_interfaces/include/auro_interfaces/auro_interfaces/msg/detail/item_list__type_support.h
[2.387s] -- Up-to-date symlink: /home/auro/AURO-Revised/install/auro_interfaces/include/auro_interfaces/auro_interfaces/msg/detail/string_with_pose__functions.h
[2.387s] -- Up-to-date symlink: /home/auro/AURO-Revised/install/auro_interfaces/include/auro_interfaces/auro_interfaces/msg/detail/string_with_pose__struct.h
[2.388s] -- Up-to-date symlink: /home/auro/AURO-Revised/install/auro_interfaces/include/auro_interfaces/auro_interfaces/msg/detail/string_with_pose__type_support.h
[2.388s] -- Up-to-date symlink: /home/auro/AURO-Revised/install/auro_interfaces/include/auro_interfaces/auro_interfaces/msg/direction.h
[2.389s] -- Up-to-date symlink: /home/auro/AURO-Revised/install/auro_interfaces/include/auro_interfaces/auro_interfaces/msg/item.h
[2.389s] -- Up-to-date symlink: /home/auro/AURO-Revised/install/auro_interfaces/include/auro_interfaces/auro_interfaces/msg/item_list.h
[2.389s] -- Up-to-date symlink: /home/auro/AURO-Revised/install/auro_interfaces/include/auro_interfaces/auro_interfaces/msg/rosidl_generator_c__visibility_control.h
[2.390s] -- Up-to-date symlink: /home/auro/AURO-Revised/install/auro_interfaces/include/auro_interfaces/auro_interfaces/msg/string_with_pose.h
[2.391s] -- Up-to-date symlink: /home/auro/AURO-Revised/install/auro_interfaces/include/auro_interfaces/auro_interfaces/srv/check_goal.h
[2.391s] -- Up-to-date symlink: /home/auro/AURO-Revised/install/auro_interfaces/include/auro_interfaces/auro_interfaces/srv/collision.h
[2.392s] -- Up-to-date symlink: /home/auro/AURO-Revised/install/auro_interfaces/include/auro_interfaces/auro_interfaces/srv/detail/check_goal__functions.h
[2.392s] -- Up-to-date symlink: /home/auro/AURO-Revised/install/auro_interfaces/include/auro_interfaces/auro_interfaces/srv/detail/check_goal__struct.h
[2.393s] -- Up-to-date symlink: /home/auro/AURO-Revised/install/auro_interfaces/include/auro_interfaces/auro_interfaces/srv/detail/check_goal__type_support.h
[2.394s] -- Up-to-date symlink: /home/auro/AURO-Revised/install/auro_interfaces/include/auro_interfaces/auro_interfaces/srv/detail/collision__functions.h
[2.394s] -- Up-to-date symlink: /home/auro/AURO-Revised/install/auro_interfaces/include/auro_interfaces/auro_interfaces/srv/detail/collision__struct.h
[2.395s] -- Up-to-date symlink: /home/auro/AURO-Revised/install/auro_interfaces/include/auro_interfaces/auro_interfaces/srv/detail/collision__type_support.h
[2.396s] -- Up-to-date symlink: /home/auro/AURO-Revised/install/auro_interfaces/include/auro_interfaces/auro_interfaces/srv/detail/find_target__functions.h
[2.396s] -- Up-to-date symlink: /home/auro/AURO-Revised/install/auro_interfaces/include/auro_interfaces/auro_interfaces/srv/detail/find_target__struct.h
[2.397s] -- Up-to-date symlink: /home/auro/AURO-Revised/install/auro_interfaces/include/auro_interfaces/auro_interfaces/srv/detail/find_target__type_support.h
[2.397s] -- Up-to-date symlink: /home/auro/AURO-Revised/install/auro_interfaces/include/auro_interfaces/auro_interfaces/srv/detail/item_request__functions.h
[2.397s] -- Up-to-date symlink: /home/auro/AURO-Revised/install/auro_interfaces/include/auro_interfaces/auro_interfaces/srv/detail/item_request__struct.h
[2.398s] -- Up-to-date symlink: /home/auro/AURO-Revised/install/auro_interfaces/include/auro_interfaces/auro_interfaces/srv/detail/item_request__type_support.h
[2.401s] -- Up-to-date symlink: /home/auro/AURO-Revised/install/auro_interfaces/include/auro_interfaces/auro_interfaces/srv/detail/rotate__functions.h
[2.401s] -- Up-to-date symlink: /home/auro/AURO-Revised/install/auro_interfaces/include/auro_interfaces/auro_interfaces/srv/detail/rotate__struct.h
[2.401s] -- Up-to-date symlink: /home/auro/AURO-Revised/install/auro_interfaces/include/auro_interfaces/auro_interfaces/srv/detail/rotate__type_support.h
[2.402s] -- Up-to-date symlink: /home/auro/AURO-Revised/install/auro_interfaces/include/auro_interfaces/auro_interfaces/srv/detail/task__functions.h
[2.403s] -- Up-to-date symlink: /home/auro/AURO-Revised/install/auro_interfaces/include/auro_interfaces/auro_interfaces/srv/detail/task__struct.h
[2.403s] -- Up-to-date symlink: /home/auro/AURO-Revised/install/auro_interfaces/include/auro_interfaces/auro_interfaces/srv/detail/task__type_support.h
[2.404s] -- Up-to-date symlink: /home/auro/AURO-Revised/install/auro_interfaces/include/auro_interfaces/auro_interfaces/srv/detail/zone_request__functions.h
[2.405s] -- Up-to-date symlink: /home/auro/AURO-Revised/install/auro_interfaces/include/auro_interfaces/auro_interfaces/srv/detail/zone_request__struct.h
[2.405s] -- Up-to-date symlink: /home/auro/AURO-Revised/install/auro_interfaces/include/auro_interfaces/auro_interfaces/srv/detail/zone_request__type_support.h
[2.405s] -- Up-to-date symlink: /home/auro/AURO-Revised/install/auro_interfaces/include/auro_interfaces/auro_interfaces/srv/find_target.h
[2.406s] -- Up-to-date symlink: /home/auro/AURO-Revised/install/auro_interfaces/include/auro_interfaces/auro_interfaces/srv/item_request.h
[2.406s] -- Up-to-date symlink: /home/auro/AURO-Revised/install/auro_interfaces/include/auro_interfaces/auro_interfaces/srv/rotate.h
[2.406s] -- Up-to-date symlink: /home/auro/AURO-Revised/install/auro_interfaces/include/auro_interfaces/auro_interfaces/srv/task.h
[2.407s] -- Up-to-date symlink: /home/auro/AURO-Revised/install/auro_interfaces/include/auro_interfaces/auro_interfaces/srv/zone_request.h
[2.408s] -- Up-to-date symlink: /home/auro/AURO-Revised/install/auro_interfaces/share/auro_interfaces/environment/library_path.sh
[2.408s] -- Up-to-date symlink: /home/auro/AURO-Revised/install/auro_interfaces/share/auro_interfaces/environment/library_path.dsv
[2.409s] -- Up-to-date symlink: /home/auro/AURO-Revised/install/auro_interfaces/include/auro_interfaces/auro_interfaces/action/detail/move__rosidl_typesupport_fastrtps_c.h
[2.410s] -- Up-to-date symlink: /home/auro/AURO-Revised/install/auro_interfaces/include/auro_interfaces/auro_interfaces/msg/detail/direction__rosidl_typesupport_fastrtps_c.h
[2.410s] -- Up-to-date symlink: /home/auro/AURO-Revised/install/auro_interfaces/include/auro_interfaces/auro_interfaces/msg/detail/item__rosidl_typesupport_fastrtps_c.h
[2.411s] -- Up-to-date symlink: /home/auro/AURO-Revised/install/auro_interfaces/include/auro_interfaces/auro_interfaces/msg/detail/item_list__rosidl_typesupport_fastrtps_c.h
[2.411s] -- Up-to-date symlink: /home/auro/AURO-Revised/install/auro_interfaces/include/auro_interfaces/auro_interfaces/msg/detail/string_with_pose__rosidl_typesupport_fastrtps_c.h
[2.411s] -- Up-to-date symlink: /home/auro/AURO-Revised/install/auro_interfaces/include/auro_interfaces/auro_interfaces/msg/rosidl_typesupport_fastrtps_c__visibility_control.h
[2.412s] -- Up-to-date symlink: /home/auro/AURO-Revised/install/auro_interfaces/include/auro_interfaces/auro_interfaces/srv/detail/check_goal__rosidl_typesupport_fastrtps_c.h
[2.412s] -- Up-to-date symlink: /home/auro/AURO-Revised/install/auro_interfaces/include/auro_interfaces/auro_interfaces/srv/detail/collision__rosidl_typesupport_fastrtps_c.h
[2.412s] -- Up-to-date symlink: /home/auro/AURO-Revised/install/auro_interfaces/include/auro_interfaces/auro_interfaces/srv/detail/find_target__rosidl_typesupport_fastrtps_c.h
[2.413s] -- Up-to-date symlink: /home/auro/AURO-Revised/install/auro_interfaces/include/auro_interfaces/auro_interfaces/srv/detail/item_request__rosidl_typesupport_fastrtps_c.h
[2.413s] -- Up-to-date symlink: /home/auro/AURO-Revised/install/auro_interfaces/include/auro_interfaces/auro_interfaces/srv/detail/rotate__rosidl_typesupport_fastrtps_c.h
[2.413s] -- Up-to-date symlink: /home/auro/AURO-Revised/install/auro_interfaces/include/auro_interfaces/auro_interfaces/srv/detail/task__rosidl_typesupport_fastrtps_c.h
[2.414s] -- Up-to-date symlink: /home/auro/AURO-Revised/install/auro_interfaces/include/auro_interfaces/auro_interfaces/srv/detail/zone_request__rosidl_typesupport_fastrtps_c.h
[2.415s] -- Up-to-date symlink: /home/auro/AURO-Revised/install/auro_interfaces/include/auro_interfaces/auro_interfaces/action/detail/move__builder.hpp
[2.416s] -- Up-to-date symlink: /home/auro/AURO-Revised/install/auro_interfaces/include/auro_interfaces/auro_interfaces/action/detail/move__struct.hpp
[2.416s] -- Up-to-date symlink: /home/auro/AURO-Revised/install/auro_interfaces/include/auro_interfaces/auro_interfaces/action/detail/move__traits.hpp
[2.416s] -- Up-to-date symlink: /home/auro/AURO-Revised/install/auro_interfaces/include/auro_interfaces/auro_interfaces/action/move.hpp
[2.417s] -- Up-to-date symlink: /home/auro/AURO-Revised/install/auro_interfaces/include/auro_interfaces/auro_interfaces/msg/detail/direction__builder.hpp
[2.417s] -- Up-to-date symlink: /home/auro/AURO-Revised/install/auro_interfaces/include/auro_interfaces/auro_interfaces/msg/detail/direction__struct.hpp
[2.418s] -- Up-to-date symlink: /home/auro/AURO-Revised/install/auro_interfaces/include/auro_interfaces/auro_interfaces/msg/detail/direction__traits.hpp
[2.418s] -- Up-to-date symlink: /home/auro/AURO-Revised/install/auro_interfaces/include/auro_interfaces/auro_interfaces/msg/detail/item__builder.hpp
[2.418s] -- Up-to-date symlink: /home/auro/AURO-Revised/install/auro_interfaces/include/auro_interfaces/auro_interfaces/msg/detail/item__struct.hpp
[2.419s] -- Up-to-date symlink: /home/auro/AURO-Revised/install/auro_interfaces/include/auro_interfaces/auro_interfaces/msg/detail/item__traits.hpp
[2.419s] -- Up-to-date symlink: /home/auro/AURO-Revised/install/auro_interfaces/include/auro_interfaces/auro_interfaces/msg/detail/item_list__builder.hpp
[2.419s] -- Up-to-date symlink: /home/auro/AURO-Revised/install/auro_interfaces/include/auro_interfaces/auro_interfaces/msg/detail/item_list__struct.hpp
[2.420s] -- Up-to-date symlink: /home/auro/AURO-Revised/install/auro_interfaces/include/auro_interfaces/auro_interfaces/msg/detail/item_list__traits.hpp
[2.420s] -- Up-to-date symlink: /home/auro/AURO-Revised/install/auro_interfaces/include/auro_interfaces/auro_interfaces/msg/detail/string_with_pose__builder.hpp
[2.421s] -- Up-to-date symlink: /home/auro/AURO-Revised/install/auro_interfaces/include/auro_interfaces/auro_interfaces/msg/detail/string_with_pose__struct.hpp
[2.421s] -- Up-to-date symlink: /home/auro/AURO-Revised/install/auro_interfaces/include/auro_interfaces/auro_interfaces/msg/detail/string_with_pose__traits.hpp
[2.421s] -- Up-to-date symlink: /home/auro/AURO-Revised/install/auro_interfaces/include/auro_interfaces/auro_interfaces/msg/direction.hpp
[2.422s] -- Up-to-date symlink: /home/auro/AURO-Revised/install/auro_interfaces/include/auro_interfaces/auro_interfaces/msg/item.hpp
[2.422s] -- Up-to-date symlink: /home/auro/AURO-Revised/install/auro_interfaces/include/auro_interfaces/auro_interfaces/msg/item_list.hpp
[2.422s] -- Up-to-date symlink: /home/auro/AURO-Revised/install/auro_interfaces/include/auro_interfaces/auro_interfaces/msg/string_with_pose.hpp
[2.423s] -- Up-to-date symlink: /home/auro/AURO-Revised/install/auro_interfaces/include/auro_interfaces/auro_interfaces/srv/check_goal.hpp
[2.423s] -- Up-to-date symlink: /home/auro/AURO-Revised/install/auro_interfaces/include/auro_interfaces/auro_interfaces/srv/collision.hpp
[2.423s] -- Up-to-date symlink: /home/auro/AURO-Revised/install/auro_interfaces/include/auro_interfaces/auro_interfaces/srv/detail/check_goal__builder.hpp
[2.424s] -- Up-to-date symlink: /home/auro/AURO-Revised/install/auro_interfaces/include/auro_interfaces/auro_interfaces/srv/detail/check_goal__struct.hpp
[2.424s] -- Up-to-date symlink: /home/auro/AURO-Revised/install/auro_interfaces/include/auro_interfaces/auro_interfaces/srv/detail/check_goal__traits.hpp
[2.424s] -- Up-to-date symlink: /home/auro/AURO-Revised/install/auro_interfaces/include/auro_interfaces/auro_interfaces/srv/detail/collision__builder.hpp
[2.425s] -- Up-to-date symlink: /home/auro/AURO-Revised/install/auro_interfaces/include/auro_interfaces/auro_interfaces/srv/detail/collision__struct.hpp
[2.425s] -- Up-to-date symlink: /home/auro/AURO-Revised/install/auro_interfaces/include/auro_interfaces/auro_interfaces/srv/detail/collision__traits.hpp
[2.426s] -- Up-to-date symlink: /home/auro/AURO-Revised/install/auro_interfaces/include/auro_interfaces/auro_interfaces/srv/detail/find_target__builder.hpp
[2.426s] -- Up-to-date symlink: /home/auro/AURO-Revised/install/auro_interfaces/include/auro_interfaces/auro_interfaces/srv/detail/find_target__struct.hpp
[2.426s] -- Up-to-date symlink: /home/auro/AURO-Revised/install/auro_interfaces/include/auro_interfaces/auro_interfaces/srv/detail/find_target__traits.hpp
[2.426s] -- Up-to-date symlink: /home/auro/AURO-Revised/install/auro_interfaces/include/auro_interfaces/auro_interfaces/srv/detail/item_request__builder.hpp
[2.427s] -- Up-to-date symlink: /home/auro/AURO-Revised/install/auro_interfaces/include/auro_interfaces/auro_interfaces/srv/detail/item_request__struct.hpp
[2.427s] -- Up-to-date symlink: /home/auro/AURO-Revised/install/auro_interfaces/include/auro_interfaces/auro_interfaces/srv/detail/item_request__traits.hpp
[2.428s] -- Up-to-date symlink: /home/auro/AURO-Revised/install/auro_interfaces/include/auro_interfaces/auro_interfaces/srv/detail/rotate__builder.hpp
[2.428s] -- Up-to-date symlink: /home/auro/AURO-Revised/install/auro_interfaces/include/auro_interfaces/auro_interfaces/srv/detail/rotate__struct.hpp
[2.428s] -- Up-to-date symlink: /home/auro/AURO-Revised/install/auro_interfaces/include/auro_interfaces/auro_interfaces/srv/detail/rotate__traits.hpp
[2.429s] -- Up-to-date symlink: /home/auro/AURO-Revised/install/auro_interfaces/include/auro_interfaces/auro_interfaces/srv/detail/task__builder.hpp
[2.429s] -- Up-to-date symlink: /home/auro/AURO-Revised/install/auro_interfaces/include/auro_interfaces/auro_interfaces/srv/detail/task__struct.hpp
[2.429s] -- Up-to-date symlink: /home/auro/AURO-Revised/install/auro_interfaces/include/auro_interfaces/auro_interfaces/srv/detail/task__traits.hpp
[2.430s] -- Up-to-date symlink: /home/auro/AURO-Revised/install/auro_interfaces/include/auro_interfaces/auro_interfaces/srv/detail/zone_request__builder.hpp
[2.430s] -- Up-to-date symlink: /home/auro/AURO-Revised/install/auro_interfaces/include/auro_interfaces/auro_interfaces/srv/detail/zone_request__struct.hpp
[2.430s] -- Up-to-date symlink: /home/auro/AURO-Revised/install/auro_interfaces/include/auro_interfaces/auro_interfaces/srv/detail/zone_request__traits.hpp
[2.431s] -- Up-to-date symlink: /home/auro/AURO-Revised/install/auro_interfaces/include/auro_interfaces/auro_interfaces/srv/find_target.hpp
[2.431s] -- Up-to-date symlink: /home/auro/AURO-Revised/install/auro_interfaces/include/auro_interfaces/auro_interfaces/srv/item_request.hpp
[2.431s] -- Up-to-date symlink: /home/auro/AURO-Revised/install/auro_interfaces/include/auro_interfaces/auro_interfaces/srv/rotate.hpp
[2.432s] -- Up-to-date symlink: /home/auro/AURO-Revised/install/auro_interfaces/include/auro_interfaces/auro_interfaces/srv/task.hpp
[2.432s] -- Up-to-date symlink: /home/auro/AURO-Revised/install/auro_interfaces/include/auro_interfaces/auro_interfaces/srv/zone_request.hpp
[2.434s] -- Up-to-date symlink: /home/auro/AURO-Revised/install/auro_interfaces/include/auro_interfaces/auro_interfaces/action/detail/move__rosidl_typesupport_fastrtps_cpp.hpp
[2.434s] -- Up-to-date symlink: /home/auro/AURO-Revised/install/auro_interfaces/include/auro_interfaces/auro_interfaces/msg/detail/direction__rosidl_typesupport_fastrtps_cpp.hpp
[2.434s] -- Up-to-date symlink: /home/auro/AURO-Revised/install/auro_interfaces/include/auro_interfaces/auro_interfaces/msg/detail/item__rosidl_typesupport_fastrtps_cpp.hpp
[2.435s] -- Up-to-date symlink: /home/auro/AURO-Revised/install/auro_interfaces/include/auro_interfaces/auro_interfaces/msg/detail/item_list__rosidl_typesupport_fastrtps_cpp.hpp
[2.435s] -- Up-to-date symlink: /home/auro/AURO-Revised/install/auro_interfaces/include/auro_interfaces/auro_interfaces/msg/detail/string_with_pose__rosidl_typesupport_fastrtps_cpp.hpp
[2.435s] -- Up-to-date symlink: /home/auro/AURO-Revised/install/auro_interfaces/include/auro_interfaces/auro_interfaces/msg/rosidl_typesupport_fastrtps_cpp__visibility_control.h
[2.436s] -- Up-to-date symlink: /home/auro/AURO-Revised/install/auro_interfaces/include/auro_interfaces/auro_interfaces/srv/detail/check_goal__rosidl_typesupport_fastrtps_cpp.hpp
[2.436s] -- Up-to-date symlink: /home/auro/AURO-Revised/install/auro_interfaces/include/auro_interfaces/auro_interfaces/srv/detail/collision__rosidl_typesupport_fastrtps_cpp.hpp
[2.436s] -- Up-to-date symlink: /home/auro/AURO-Revised/install/auro_interfaces/include/auro_interfaces/auro_interfaces/srv/detail/find_target__rosidl_typesupport_fastrtps_cpp.hpp
[2.437s] -- Up-to-date symlink: /home/auro/AURO-Revised/install/auro_interfaces/include/auro_interfaces/auro_interfaces/srv/detail/item_request__rosidl_typesupport_fastrtps_cpp.hpp
[2.437s] -- Up-to-date symlink: /home/auro/AURO-Revised/install/auro_interfaces/include/auro_interfaces/auro_interfaces/srv/detail/rotate__rosidl_typesupport_fastrtps_cpp.hpp
[2.437s] -- Up-to-date symlink: /home/auro/AURO-Revised/install/auro_interfaces/include/auro_interfaces/auro_interfaces/srv/detail/task__rosidl_typesupport_fastrtps_cpp.hpp
[2.438s] -- Up-to-date symlink: /home/auro/AURO-Revised/install/auro_interfaces/include/auro_interfaces/auro_interfaces/srv/detail/zone_request__rosidl_typesupport_fastrtps_cpp.hpp
[2.439s] -- Up-to-date symlink: /home/auro/AURO-Revised/install/auro_interfaces/include/auro_interfaces/auro_interfaces/action/detail/move__rosidl_typesupport_introspection_c.h
[2.439s] -- Up-to-date symlink: /home/auro/AURO-Revised/install/auro_interfaces/include/auro_interfaces/auro_interfaces/msg/detail/direction__rosidl_typesupport_introspection_c.h
[2.440s] -- Up-to-date symlink: /home/auro/AURO-Revised/install/auro_interfaces/include/auro_interfaces/auro_interfaces/msg/detail/item__rosidl_typesupport_introspection_c.h
[2.440s] -- Up-to-date symlink: /home/auro/AURO-Revised/install/auro_interfaces/include/auro_interfaces/auro_interfaces/msg/detail/item_list__rosidl_typesupport_introspection_c.h
[2.440s] -- Up-to-date symlink: /home/auro/AURO-Revised/install/auro_interfaces/include/auro_interfaces/auro_interfaces/msg/detail/string_with_pose__rosidl_typesupport_introspection_c.h
[2.443s] -- Up-to-date symlink: /home/auro/AURO-Revised/install/auro_interfaces/include/auro_interfaces/auro_interfaces/msg/rosidl_typesupport_introspection_c__visibility_control.h
[2.443s] -- Up-to-date symlink: /home/auro/AURO-Revised/install/auro_interfaces/include/auro_interfaces/auro_interfaces/srv/detail/check_goal__rosidl_typesupport_introspection_c.h
[2.443s] -- Up-to-date symlink: /home/auro/AURO-Revised/install/auro_interfaces/include/auro_interfaces/auro_interfaces/srv/detail/collision__rosidl_typesupport_introspection_c.h
[2.444s] -- Up-to-date symlink: /home/auro/AURO-Revised/install/auro_interfaces/include/auro_interfaces/auro_interfaces/srv/detail/find_target__rosidl_typesupport_introspection_c.h
[2.444s] -- Up-to-date symlink: /home/auro/AURO-Revised/install/auro_interfaces/include/auro_interfaces/auro_interfaces/srv/detail/item_request__rosidl_typesupport_introspection_c.h
[2.445s] -- Up-to-date symlink: /home/auro/AURO-Revised/install/auro_interfaces/include/auro_interfaces/auro_interfaces/srv/detail/rotate__rosidl_typesupport_introspection_c.h
[2.445s] -- Up-to-date symlink: /home/auro/AURO-Revised/install/auro_interfaces/include/auro_interfaces/auro_interfaces/srv/detail/task__rosidl_typesupport_introspection_c.h
[2.445s] -- Up-to-date symlink: /home/auro/AURO-Revised/install/auro_interfaces/include/auro_interfaces/auro_interfaces/srv/detail/zone_request__rosidl_typesupport_introspection_c.h
[2.446s] -- Up-to-date symlink: /home/auro/AURO-Revised/install/auro_interfaces/include/auro_interfaces/auro_interfaces/action/detail/move__rosidl_typesupport_introspection_cpp.hpp
[2.447s] -- Up-to-date symlink: /home/auro/AURO-Revised/install/auro_interfaces/include/auro_interfaces/auro_interfaces/msg/detail/direction__rosidl_typesupport_introspection_cpp.hpp
[2.447s] -- Up-to-date symlink: /home/auro/AURO-Revised/install/auro_interfaces/include/auro_interfaces/auro_interfaces/msg/detail/item__rosidl_typesupport_introspection_cpp.hpp
[2.447s] -- Up-to-date symlink: /home/auro/AURO-Revised/install/auro_interfaces/include/auro_interfaces/auro_interfaces/msg/detail/item_list__rosidl_typesupport_introspection_cpp.hpp
[2.448s] -- Up-to-date symlink: /home/auro/AURO-Revised/install/auro_interfaces/include/auro_interfaces/auro_interfaces/msg/detail/string_with_pose__rosidl_typesupport_introspection_cpp.hpp
[2.448s] -- Up-to-date symlink: /home/auro/AURO-Revised/install/auro_interfaces/include/auro_interfaces/auro_interfaces/srv/detail/check_goal__rosidl_typesupport_introspection_cpp.hpp
[2.448s] -- Up-to-date symlink: /home/auro/AURO-Revised/install/auro_interfaces/include/auro_interfaces/auro_interfaces/srv/detail/collision__rosidl_typesupport_introspection_cpp.hpp
[2.449s] -- Up-to-date symlink: /home/auro/AURO-Revised/install/auro_interfaces/include/auro_interfaces/auro_interfaces/srv/detail/find_target__rosidl_typesupport_introspection_cpp.hpp
[2.452s] -- Up-to-date symlink: /home/auro/AURO-Revised/install/auro_interfaces/include/auro_interfaces/auro_interfaces/srv/detail/item_request__rosidl_typesupport_introspection_cpp.hpp
[2.455s] -- Up-to-date symlink: /home/auro/AURO-Revised/install/auro_interfaces/include/auro_interfaces/auro_interfaces/srv/detail/rotate__rosidl_typesupport_introspection_cpp.hpp
[2.457s] -- Up-to-date symlink: /home/auro/AURO-Revised/install/auro_interfaces/include/auro_interfaces/auro_interfaces/srv/detail/task__rosidl_typesupport_introspection_cpp.hpp
[2.457s] -- Up-to-date symlink: /home/auro/AURO-Revised/install/auro_interfaces/include/auro_interfaces/auro_interfaces/srv/detail/zone_request__rosidl_typesupport_introspection_cpp.hpp
[2.457s] -- Up-to-date symlink: /home/auro/AURO-Revised/install/auro_interfaces/share/auro_interfaces/environment/pythonpath.sh
[2.458s] -- Up-to-date symlink: /home/auro/AURO-Revised/install/auro_interfaces/share/auro_interfaces/environment/pythonpath.dsv
[2.458s] -- Up-to-date symlink: /home/auro/AURO-Revised/install/auro_interfaces/local/lib/python3.10/dist-packages/auro_interfaces-0.0.0-py3.10.egg-info/PKG-INFO
[2.458s] -- Up-to-date symlink: /home/auro/AURO-Revised/install/auro_interfaces/local/lib/python3.10/dist-packages/auro_interfaces-0.0.0-py3.10.egg-info/SOURCES.txt
[2.465s] -- Up-to-date symlink: /home/auro/AURO-Revised/install/auro_interfaces/local/lib/python3.10/dist-packages/auro_interfaces-0.0.0-py3.10.egg-info/dependency_links.txt
[2.465s] -- Up-to-date symlink: /home/auro/AURO-Revised/install/auro_interfaces/local/lib/python3.10/dist-packages/auro_interfaces-0.0.0-py3.10.egg-info/top_level.txt
[2.465s] -- Up-to-date symlink: /home/auro/AURO-Revised/install/auro_interfaces/local/lib/python3.10/dist-packages/auro_interfaces/__init__.py
[2.466s] -- Up-to-date symlink: /home/auro/AURO-Revised/install/auro_interfaces/local/lib/python3.10/dist-packages/auro_interfaces/_auro_interfaces_s.ep.rosidl_typesupport_c.c
[2.467s] -- Up-to-date symlink: /home/auro/AURO-Revised/install/auro_interfaces/local/lib/python3.10/dist-packages/auro_interfaces/_auro_interfaces_s.ep.rosidl_typesupport_fastrtps_c.c
[2.467s] -- Up-to-date symlink: /home/auro/AURO-Revised/install/auro_interfaces/local/lib/python3.10/dist-packages/auro_interfaces/_auro_interfaces_s.ep.rosidl_typesupport_introspection_c.c
[2.467s] -- Up-to-date symlink: /home/auro/AURO-Revised/install/auro_interfaces/local/lib/python3.10/dist-packages/auro_interfaces/action/__init__.py
[2.468s] -- Up-to-date symlink: /home/auro/AURO-Revised/install/auro_interfaces/local/lib/python3.10/dist-packages/auro_interfaces/action/_move.py
[2.468s] -- Up-to-date symlink: /home/auro/AURO-Revised/install/auro_interfaces/local/lib/python3.10/dist-packages/auro_interfaces/action/_move_s.c
[2.468s] -- Up-to-date symlink: /home/auro/AURO-Revised/install/auro_interfaces/local/lib/python3.10/dist-packages/auro_interfaces/auro_interfaces_s__rosidl_typesupport_c.cpython-310-x86_64-linux-gnu.so
[2.468s] -- Up-to-date symlink: /home/auro/AURO-Revised/install/auro_interfaces/local/lib/python3.10/dist-packages/auro_interfaces/auro_interfaces_s__rosidl_typesupport_fastrtps_c.cpython-310-x86_64-linux-gnu.so
[2.468s] -- Up-to-date symlink: /home/auro/AURO-Revised/install/auro_interfaces/local/lib/python3.10/dist-packages/auro_interfaces/auro_interfaces_s__rosidl_typesupport_introspection_c.cpython-310-x86_64-linux-gnu.so
[2.469s] -- Up-to-date symlink: /home/auro/AURO-Revised/install/auro_interfaces/local/lib/python3.10/dist-packages/auro_interfaces/libauro_interfaces__rosidl_generator_py.so
[2.469s] -- Up-to-date symlink: /home/auro/AURO-Revised/install/auro_interfaces/local/lib/python3.10/dist-packages/auro_interfaces/msg/__init__.py
[2.469s] -- Up-to-date symlink: /home/auro/AURO-Revised/install/auro_interfaces/local/lib/python3.10/dist-packages/auro_interfaces/msg/_direction.py
[2.469s] -- Up-to-date symlink: /home/auro/AURO-Revised/install/auro_interfaces/local/lib/python3.10/dist-packages/auro_interfaces/msg/_direction_s.c
[2.469s] -- Up-to-date symlink: /home/auro/AURO-Revised/install/auro_interfaces/local/lib/python3.10/dist-packages/auro_interfaces/msg/_item.py
[2.469s] -- Up-to-date symlink: /home/auro/AURO-Revised/install/auro_interfaces/local/lib/python3.10/dist-packages/auro_interfaces/msg/_item_list.py
[2.470s] -- Up-to-date symlink: /home/auro/AURO-Revised/install/auro_interfaces/local/lib/python3.10/dist-packages/auro_interfaces/msg/_item_list_s.c
[2.470s] -- Up-to-date symlink: /home/auro/AURO-Revised/install/auro_interfaces/local/lib/python3.10/dist-packages/auro_interfaces/msg/_item_s.c
[2.470s] -- Up-to-date symlink: /home/auro/AURO-Revised/install/auro_interfaces/local/lib/python3.10/dist-packages/auro_interfaces/msg/_string_with_pose.py
[2.470s] -- Up-to-date symlink: /home/auro/AURO-Revised/install/auro_interfaces/local/lib/python3.10/dist-packages/auro_interfaces/msg/_string_with_pose_s.c
[2.470s] -- Up-to-date symlink: /home/auro/AURO-Revised/install/auro_interfaces/local/lib/python3.10/dist-packages/auro_interfaces/srv/__init__.py
[2.471s] -- Up-to-date symlink: /home/auro/AURO-Revised/install/auro_interfaces/local/lib/python3.10/dist-packages/auro_interfaces/srv/_check_goal.py
[2.471s] -- Up-to-date symlink: /home/auro/AURO-Revised/install/auro_interfaces/local/lib/python3.10/dist-packages/auro_interfaces/srv/_check_goal_s.c
[2.471s] -- Up-to-date symlink: /home/auro/AURO-Revised/install/auro_interfaces/local/lib/python3.10/dist-packages/auro_interfaces/srv/_collision.py
[2.471s] -- Up-to-date symlink: /home/auro/AURO-Revised/install/auro_interfaces/local/lib/python3.10/dist-packages/auro_interfaces/srv/_collision_s.c
[2.472s] -- Up-to-date symlink: /home/auro/AURO-Revised/install/auro_interfaces/local/lib/python3.10/dist-packages/auro_interfaces/srv/_find_target.py
[2.472s] -- Up-to-date symlink: /home/auro/AURO-Revised/install/auro_interfaces/local/lib/python3.10/dist-packages/auro_interfaces/srv/_find_target_s.c
[2.475s] -- Up-to-date symlink: /home/auro/AURO-Revised/install/auro_interfaces/local/lib/python3.10/dist-packages/auro_interfaces/srv/_item_request.py
[2.475s] -- Up-to-date symlink: /home/auro/AURO-Revised/install/auro_interfaces/local/lib/python3.10/dist-packages/auro_interfaces/srv/_item_request_s.c
[2.476s] -- Up-to-date symlink: /home/auro/AURO-Revised/install/auro_interfaces/local/lib/python3.10/dist-packages/auro_interfaces/srv/_rotate.py
[2.476s] -- Up-to-date symlink: /home/auro/AURO-Revised/install/auro_interfaces/local/lib/python3.10/dist-packages/auro_interfaces/srv/_rotate_s.c
[2.476s] -- Up-to-date symlink: /home/auro/AURO-Revised/install/auro_interfaces/local/lib/python3.10/dist-packages/auro_interfaces/srv/_task.py
[2.476s] -- Up-to-date symlink: /home/auro/AURO-Revised/install/auro_interfaces/local/lib/python3.10/dist-packages/auro_interfaces/srv/_task_s.c
[2.476s] -- Up-to-date symlink: /home/auro/AURO-Revised/install/auro_interfaces/local/lib/python3.10/dist-packages/auro_interfaces/srv/_zone_request.py
[2.476s] -- Up-to-date symlink: /home/auro/AURO-Revised/install/auro_interfaces/local/lib/python3.10/dist-packages/auro_interfaces/srv/_zone_request_s.c
[2.478s] -- Up-to-date symlink: /home/auro/AURO-Revised/install/auro_interfaces/local/lib/python3.10/dist-packages/auro_interfaces/auro_interfaces_s__rosidl_typesupport_fastrtps_c.cpython-310-x86_64-linux-gnu.so
[2.479s] -- Up-to-date symlink: /home/auro/AURO-Revised/install/auro_interfaces/local/lib/python3.10/dist-packages/auro_interfaces/auro_interfaces_s__rosidl_typesupport_introspection_c.cpython-310-x86_64-linux-gnu.so
[2.481s] -- Up-to-date symlink: /home/auro/AURO-Revised/install/auro_interfaces/local/lib/python3.10/dist-packages/auro_interfaces/auro_interfaces_s__rosidl_typesupport_c.cpython-310-x86_64-linux-gnu.so
[2.482s] -- Up-to-date symlink: /home/auro/AURO-Revised/install/auro_interfaces/share/auro_interfaces/msg/StringWithPose.idl
[2.483s] -- Up-to-date symlink: /home/auro/AURO-Revised/install/auro_interfaces/share/auro_interfaces/msg/Item.idl
[2.484s] -- Up-to-date symlink: /home/auro/AURO-Revised/install/auro_interfaces/share/auro_interfaces/msg/ItemList.idl
[2.484s] -- Up-to-date symlink: /home/auro/AURO-Revised/install/auro_interfaces/share/auro_interfaces/msg/Direction.idl
[2.484s] -- Up-to-date symlink: /home/auro/AURO-Revised/install/auro_interfaces/share/auro_interfaces/srv/ItemRequest.idl
[2.484s] -- Up-to-date symlink: /home/auro/AURO-Revised/install/auro_interfaces/share/auro_interfaces/srv/ZoneRequest.idl
[2.484s] -- Up-to-date symlink: /home/auro/AURO-Revised/install/auro_interfaces/share/auro_interfaces/srv/Collision.idl
[2.484s] -- Up-to-date symlink: /home/auro/AURO-Revised/install/auro_interfaces/share/auro_interfaces/action/Move.idl
[2.484s] -- Up-to-date symlink: /home/auro/AURO-Revised/install/auro_interfaces/share/auro_interfaces/srv/CheckGoal.idl
[2.485s] -- Up-to-date symlink: /home/auro/AURO-Revised/install/auro_interfaces/share/auro_interfaces/srv/Rotate.idl
[2.485s] -- Up-to-date symlink: /home/auro/AURO-Revised/install/auro_interfaces/share/auro_interfaces/srv/Task.idl
[2.485s] -- Up-to-date symlink: /home/auro/AURO-Revised/install/auro_interfaces/share/auro_interfaces/srv/FindTarget.idl
[2.486s] -- Up-to-date symlink: /home/auro/AURO-Revised/install/auro_interfaces/share/auro_interfaces/msg/StringWithPose.msg
[2.486s] -- Up-to-date symlink: /home/auro/AURO-Revised/install/auro_interfaces/share/auro_interfaces/msg/Item.msg
[2.486s] -- Up-to-date symlink: /home/auro/AURO-Revised/install/auro_interfaces/share/auro_interfaces/msg/ItemList.msg
[2.486s] -- Up-to-date symlink: /home/auro/AURO-Revised/install/auro_interfaces/share/auro_interfaces/msg/Direction.msg
[2.486s] -- Up-to-date symlink: /home/auro/AURO-Revised/install/auro_interfaces/share/auro_interfaces/srv/ItemRequest.srv
[2.495s] -- Up-to-date symlink: /home/auro/AURO-Revised/install/auro_interfaces/share/auro_interfaces/srv/ItemRequest_Request.msg
[2.495s] -- Up-to-date symlink: /home/auro/AURO-Revised/install/auro_interfaces/share/auro_interfaces/srv/ItemRequest_Response.msg
[2.499s] -- Up-to-date symlink: /home/auro/AURO-Revised/install/auro_interfaces/share/auro_interfaces/srv/ZoneRequest.srv
[2.499s] -- Up-to-date symlink: /home/auro/AURO-Revised/install/auro_interfaces/share/auro_interfaces/srv/ZoneRequest_Request.msg
[2.499s] -- Up-to-date symlink: /home/auro/AURO-Revised/install/auro_interfaces/share/auro_interfaces/srv/ZoneRequest_Response.msg
[2.499s] -- Up-to-date symlink: /home/auro/AURO-Revised/install/auro_interfaces/share/auro_interfaces/srv/Collision.srv
[2.500s] -- Up-to-date symlink: /home/auro/AURO-Revised/install/auro_interfaces/share/auro_interfaces/srv/Collision_Request.msg
[2.509s] -- Up-to-date symlink: /home/auro/AURO-Revised/install/auro_interfaces/share/auro_interfaces/srv/Collision_Response.msg
[2.509s] -- Up-to-date symlink: /home/auro/AURO-Revised/install/auro_interfaces/share/auro_interfaces/action/Move.action
[2.510s] -- Up-to-date symlink: /home/auro/AURO-Revised/install/auro_interfaces/share/auro_interfaces/srv/CheckGoal.srv
[2.510s] -- Up-to-date symlink: /home/auro/AURO-Revised/install/auro_interfaces/share/auro_interfaces/srv/CheckGoal_Request.msg
[2.511s] -- Up-to-date symlink: /home/auro/AURO-Revised/install/auro_interfaces/share/auro_interfaces/srv/CheckGoal_Response.msg
[2.511s] -- Up-to-date symlink: /home/auro/AURO-Revised/install/auro_interfaces/share/auro_interfaces/srv/Rotate.srv
[2.512s] -- Up-to-date symlink: /home/auro/AURO-Revised/install/auro_interfaces/share/auro_interfaces/srv/Rotate_Request.msg
[2.512s] -- Up-to-date symlink: /home/auro/AURO-Revised/install/auro_interfaces/share/auro_interfaces/srv/Rotate_Response.msg
[2.513s] -- Up-to-date symlink: /home/auro/AURO-Revised/install/auro_interfaces/share/auro_interfaces/srv/Task.srv
[2.513s] -- Up-to-date symlink: /home/auro/AURO-Revised/install/auro_interfaces/share/auro_interfaces/srv/Task_Request.msg
[2.513s] -- Up-to-date symlink: /home/auro/AURO-Revised/install/auro_interfaces/share/auro_interfaces/srv/Task_Response.msg
[2.514s] -- Up-to-date symlink: /home/auro/AURO-Revised/install/auro_interfaces/share/auro_interfaces/srv/FindTarget.srv
[2.514s] -- Up-to-date symlink: /home/auro/AURO-Revised/install/auro_interfaces/share/auro_interfaces/srv/FindTarget_Request.msg
[2.514s] -- Up-to-date symlink: /home/auro/AURO-Revised/install/auro_interfaces/share/auro_interfaces/srv/FindTarget_Response.msg
[2.515s] -- Up-to-date symlink: /home/auro/AURO-Revised/install/auro_interfaces/share/ament_index/resource_index/package_run_dependencies/auro_interfaces
[2.516s] -- Up-to-date symlink: /home/auro/AURO-Revised/install/auro_interfaces/share/ament_index/resource_index/parent_prefix_path/auro_interfaces
[2.516s] -- Up-to-date symlink: /home/auro/AURO-Revised/install/auro_interfaces/share/auro_interfaces/environment/ament_prefix_path.sh
[2.516s] -- Up-to-date symlink: /home/auro/AURO-Revised/install/auro_interfaces/share/auro_interfaces/environment/ament_prefix_path.dsv
[2.517s] -- Up-to-date symlink: /home/auro/AURO-Revised/install/auro_interfaces/share/auro_interfaces/environment/path.sh
[2.519s] -- Up-to-date symlink: /home/auro/AURO-Revised/install/auro_interfaces/share/auro_interfaces/environment/path.dsv
[2.520s] -- Up-to-date symlink: /home/auro/AURO-Revised/install/auro_interfaces/share/auro_interfaces/local_setup.bash
[2.521s] -- Up-to-date symlink: /home/auro/AURO-Revised/install/auro_interfaces/share/auro_interfaces/local_setup.sh
[2.521s] -- Up-to-date symlink: /home/auro/AURO-Revised/install/auro_interfaces/share/auro_interfaces/local_setup.zsh
[2.521s] -- Up-to-date symlink: /home/auro/AURO-Revised/install/auro_interfaces/share/auro_interfaces/local_setup.dsv
[2.521s] -- Symlinking: /home/auro/AURO-Revised/install/auro_interfaces/share/auro_interfaces/package.dsv
[2.544s] -- Up-to-date symlink: /home/auro/AURO-Revised/install/auro_interfaces/share/ament_index/resource_index/packages/auro_interfaces
[2.545s] -- Up-to-date symlink: /home/auro/AURO-Revised/install/auro_interfaces/share/auro_interfaces/cmake/rosidl_cmake-extras.cmake
[2.545s] -- Up-to-date symlink: /home/auro/AURO-Revised/install/auro_interfaces/share/auro_interfaces/cmake/ament_cmake_export_dependencies-extras.cmake
[2.545s] -- Up-to-date symlink: /home/auro/AURO-Revised/install/auro_interfaces/share/auro_interfaces/cmake/ament_cmake_export_include_directories-extras.cmake
[2.545s] -- Up-to-date symlink: /home/auro/AURO-Revised/install/auro_interfaces/share/auro_interfaces/cmake/ament_cmake_export_libraries-extras.cmake
[2.545s] -- Up-to-date symlink: /home/auro/AURO-Revised/install/auro_interfaces/share/auro_interfaces/cmake/ament_cmake_export_targets-extras.cmake
[2.545s] -- Up-to-date symlink: /home/auro/AURO-Revised/install/auro_interfaces/share/auro_interfaces/cmake/rosidl_cmake_export_typesupport_targets-extras.cmake
[2.546s] -- Up-to-date symlink: /home/auro/AURO-Revised/install/auro_interfaces/share/auro_interfaces/cmake/rosidl_cmake_export_typesupport_libraries-extras.cmake
[2.546s] -- Up-to-date symlink: /home/auro/AURO-Revised/install/auro_interfaces/share/auro_interfaces/cmake/auro_interfacesConfig.cmake
[2.546s] -- Up-to-date symlink: /home/auro/AURO-Revised/install/auro_interfaces/share/auro_interfaces/cmake/auro_interfacesConfig-version.cmake
[2.546s] -- Up-to-date symlink: /home/auro/AURO-Revised/install/auro_interfaces/share/auro_interfaces/package.xml
[2.546s] -- Up-to-date: /home/auro/AURO-Revised/install/auro_interfaces/lib/libauro_interfaces__rosidl_generator_c.so
[2.547s] -- Up-to-date: /home/auro/AURO-Revised/install/auro_interfaces/lib/libauro_interfaces__rosidl_typesupport_fastrtps_c.so
[2.547s] -- Up-to-date: /home/auro/AURO-Revised/install/auro_interfaces/lib/libauro_interfaces__rosidl_typesupport_fastrtps_cpp.so
[2.547s] -- Up-to-date: /home/auro/AURO-Revised/install/auro_interfaces/lib/libauro_interfaces__rosidl_typesupport_introspection_c.so
[2.548s] -- Up-to-date: /home/auro/AURO-Revised/install/auro_interfaces/lib/libauro_interfaces__rosidl_typesupport_c.so
[2.548s] -- Up-to-date: /home/auro/AURO-Revised/install/auro_interfaces/lib/libauro_interfaces__rosidl_typesupport_introspection_cpp.so
[2.548s] -- Up-to-date: /home/auro/AURO-Revised/install/auro_interfaces/lib/libauro_interfaces__rosidl_typesupport_cpp.so
[2.635s] Listing '/home/auro/AURO-Revised/install/auro_interfaces/local/lib/python3.10/dist-packages/auro_interfaces'...
[2.635s] Listing '/home/auro/AURO-Revised/install/auro_interfaces/local/lib/python3.10/dist-packages/auro_interfaces/action'...
[2.636s] Listing '/home/auro/AURO-Revised/install/auro_interfaces/local/lib/python3.10/dist-packages/auro_interfaces/msg'...
[2.637s] Listing '/home/auro/AURO-Revised/install/auro_interfaces/local/lib/python3.10/dist-packages/auro_interfaces/srv'...
[2.637s] -- Up-to-date: /home/auro/AURO-Revised/install/auro_interfaces/lib/libauro_interfaces__rosidl_generator_py.so
[2.637s] -- Up-to-date: /home/auro/AURO-Revised/install/auro_interfaces/share/auro_interfaces/cmake/export_auro_interfaces__rosidl_generator_cExport.cmake
[2.637s] -- Up-to-date: /home/auro/AURO-Revised/install/auro_interfaces/share/auro_interfaces/cmake/export_auro_interfaces__rosidl_generator_cExport-noconfig.cmake
[2.637s] -- Up-to-date: /home/auro/AURO-Revised/install/auro_interfaces/share/auro_interfaces/cmake/export_auro_interfaces__rosidl_typesupport_fastrtps_cExport.cmake
[2.637s] -- Up-to-date: /home/auro/AURO-Revised/install/auro_interfaces/share/auro_interfaces/cmake/export_auro_interfaces__rosidl_typesupport_fastrtps_cExport-noconfig.cmake
[2.637s] -- Up-to-date: /home/auro/AURO-Revised/install/auro_interfaces/share/auro_interfaces/cmake/export_auro_interfaces__rosidl_generator_cppExport.cmake
[2.637s] -- Up-to-date: /home/auro/AURO-Revised/install/auro_interfaces/share/auro_interfaces/cmake/export_auro_interfaces__rosidl_typesupport_fastrtps_cppExport.cmake
[2.637s] -- Up-to-date: /home/auro/AURO-Revised/install/auro_interfaces/share/auro_interfaces/cmake/export_auro_interfaces__rosidl_typesupport_fastrtps_cppExport-noconfig.cmake
[2.637s] -- Up-to-date: /home/auro/AURO-Revised/install/auro_interfaces/share/auro_interfaces/cmake/auro_interfaces__rosidl_typesupport_introspection_cExport.cmake
[2.637s] -- Up-to-date: /home/auro/AURO-Revised/install/auro_interfaces/share/auro_interfaces/cmake/auro_interfaces__rosidl_typesupport_introspection_cExport-noconfig.cmake
[2.638s] -- Up-to-date: /home/auro/AURO-Revised/install/auro_interfaces/share/auro_interfaces/cmake/auro_interfaces__rosidl_typesupport_cExport.cmake
[2.638s] -- Up-to-date: /home/auro/AURO-Revised/install/auro_interfaces/share/auro_interfaces/cmake/auro_interfaces__rosidl_typesupport_cExport-noconfig.cmake
[2.638s] -- Up-to-date: /home/auro/AURO-Revised/install/auro_interfaces/share/auro_interfaces/cmake/auro_interfaces__rosidl_typesupport_introspection_cppExport.cmake
[2.638s] -- Up-to-date: /home/auro/AURO-Revised/install/auro_interfaces/share/auro_interfaces/cmake/auro_interfaces__rosidl_typesupport_introspection_cppExport-noconfig.cmake
[2.638s] -- Up-to-date: /home/auro/AURO-Revised/install/auro_interfaces/share/auro_interfaces/cmake/auro_interfaces__rosidl_typesupport_cppExport.cmake
[2.638s] -- Up-to-date: /home/auro/AURO-Revised/install/auro_interfaces/share/auro_interfaces/cmake/auro_interfaces__rosidl_typesupport_cppExport-noconfig.cmake
[2.640s] -- Up-to-date: /home/auro/AURO-Revised/install/auro_interfaces/share/auro_interfaces/cmake/export_auro_interfaces__rosidl_generator_pyExport.cmake
[2.641s] -- Up-to-date: /home/auro/AURO-Revised/install/auro_interfaces/share/auro_interfaces/cmake/export_auro_interfaces__rosidl_generator_pyExport-noconfig.cmake
[2.642s] Invoked command in '/home/auro/AURO-Revised/build/auro_interfaces' returned '0': CMAKE_PREFIX_PATH=${CMAKE_PREFIX_PATH}:/home/auro/AURO-Revised/install/tf_relay:/home/auro/AURO-Revised/install/solution:/home/auro/AURO-Revised/install/assessment:/home/auro/turtlebot3_ws/install/turtlebot3_teleop:/home/auro/turtlebot3_ws/install/turtlebot3_example:/opt/ros/humble /usr/bin/cmake --install /home/auro/AURO-Revised/build/auro_interfaces
