[0.058s] Invoking command in '/home/auro/Auro/build/auro_interfaces': CMAKE_PREFIX_PATH=${CMAKE_PREFIX_PATH}:/home/auro/Auro/install/tf_relay:/home/auro/Auro/install/solution:/home/auro/Auro/install/assessment:/home/auro/turtlebot3_ws/install/turtlebot3_teleop:/home/auro/turtlebot3_ws/install/turtlebot3_example:/opt/ros/humble /usr/bin/cmake --build /home/auro/Auro/build/auro_interfaces -- -j4 -l4
[0.487s] -- Found ament_cmake: 1.3.10 (/opt/ros/humble/share/ament_cmake/cmake)
[0.488s] -- Override CMake install command with custom implementation using symlinks instead of copying resources
[0.488s] -- Found geometry_msgs: 4.2.4 (/opt/ros/humble/share/geometry_msgs/cmake)
[0.488s] -- Found rosidl_generator_c: 3.1.5 (/opt/ros/humble/share/rosidl_generator_c/cmake)
[0.488s] -- Found rosidl_adapter: 3.1.5 (/opt/ros/humble/share/rosidl_adapter/cmake)
[0.488s] -- Found rosidl_generator_cpp: 3.1.5 (/opt/ros/humble/share/rosidl_generator_cpp/cmake)
[0.488s] -- Using all available rosidl_typesupport_c: rosidl_typesupport_fastrtps_c;rosidl_typesupport_introspection_c
[0.488s] -- Using all available rosidl_typesupport_cpp: rosidl_typesupport_fastrtps_cpp;rosidl_typesupport_introspection_cpp
[0.491s] -- Found rosidl_default_generators: 1.2.0 (/opt/ros/humble/share/rosidl_default_generators/cmake)
[1.108s] -- Found ament_cmake_ros: 0.10.0 (/opt/ros/humble/share/ament_cmake_ros/cmake)
[1.910s] -- Using all available rosidl_typesupport_c: rosidl_typesupport_fastrtps_c;rosidl_typesupport_introspection_c
[2.248s] -- Using all available rosidl_typesupport_cpp: rosidl_typesupport_fastrtps_cpp;rosidl_typesupport_introspection_cpp
[2.308s] -- Found python_cmake_module: 0.10.0 (/opt/ros/humble/share/python_cmake_module/cmake)
[2.361s] -- Using PYTHON_EXECUTABLE: /usr/bin/python3
[2.361s] -- Using PYTHON_INCLUDE_DIRS: /usr/include/python3.10
[2.361s] -- Using PYTHON_LIBRARIES: /usr/lib/x86_64-linux-gnu/libpython3.10.so
[2.460s] -- Found ament_lint_auto: 0.12.11 (/opt/ros/humble/share/ament_lint_auto/cmake)
[2.475s] -- Added test 'lint_cmake' to check CMake code style
[2.478s] -- Added test 'xmllint' to check XML markup files
[2.482s] -- Configuring done
[2.556s] -- Generating done
[2.564s] -- Build files have been written to: /home/auro/Auro/build/auro_interfaces
[2.626s] [  1%] [34m[1mGenerating C++ code for ROS interfaces[0m
[3.921s] [  1%] Built target auro_interfaces__cpp
[3.964s] [  1%] Built target ament_cmake_python_symlink_auro_interfaces
[3.979s] [  2%] [34m[1mGenerating C++ type support for eProsima Fast-RTPS[0m
[5.033s] [35m[1mConsolidate compiler generated dependencies of target auro_interfaces__rosidl_typesupport_fastrtps_cpp[0m
[5.058s] [  4%] [32mBuilding CXX object CMakeFiles/auro_interfaces__rosidl_typesupport_fastrtps_cpp.dir/rosidl_typesupport_fastrtps_cpp/auro_interfaces/msg/detail/dds_fastrtps/string_with_pose__type_support.cpp.o[0m
[5.473s] [  5%] [32mBuilding CXX object CMakeFiles/auro_interfaces__rosidl_typesupport_fastrtps_cpp.dir/rosidl_typesupport_fastrtps_cpp/auro_interfaces/msg/detail/dds_fastrtps/item__type_support.cpp.o[0m
[5.876s] [  7%] [32mBuilding CXX object CMakeFiles/auro_interfaces__rosidl_typesupport_fastrtps_cpp.dir/rosidl_typesupport_fastrtps_cpp/auro_interfaces/msg/detail/dds_fastrtps/item_list__type_support.cpp.o[0m
[6.329s] [  8%] [32mBuilding CXX object CMakeFiles/auro_interfaces__rosidl_typesupport_fastrtps_cpp.dir/rosidl_typesupport_fastrtps_cpp/auro_interfaces/msg/detail/dds_fastrtps/direction__type_support.cpp.o[0m
[6.745s] [  9%] [32mBuilding CXX object CMakeFiles/auro_interfaces__rosidl_typesupport_fastrtps_cpp.dir/rosidl_typesupport_fastrtps_cpp/auro_interfaces/srv/detail/dds_fastrtps/item_request__type_support.cpp.o[0m
[7.165s] [ 11%] [32mBuilding CXX object CMakeFiles/auro_interfaces__rosidl_typesupport_fastrtps_cpp.dir/rosidl_typesupport_fastrtps_cpp/auro_interfaces/action/detail/dds_fastrtps/move__type_support.cpp.o[0m
[7.766s] [ 12%] [32m[1mLinking CXX shared library libauro_interfaces__rosidl_typesupport_fastrtps_cpp.so[0m
[7.935s] [ 12%] Built target auro_interfaces__rosidl_typesupport_fastrtps_cpp
[7.951s] [ 14%] [34m[1mGenerating C++ introspection for ROS interfaces[0m
[8.866s] [35m[1mConsolidate compiler generated dependencies of target auro_interfaces__rosidl_typesupport_introspection_cpp[0m
[8.888s] [ 15%] [32mBuilding CXX object CMakeFiles/auro_interfaces__rosidl_typesupport_introspection_cpp.dir/rosidl_typesupport_introspection_cpp/auro_interfaces/msg/detail/string_with_pose__type_support.cpp.o[0m
[9.288s] [ 16%] [32mBuilding CXX object CMakeFiles/auro_interfaces__rosidl_typesupport_introspection_cpp.dir/rosidl_typesupport_introspection_cpp/auro_interfaces/msg/detail/item__type_support.cpp.o[0m
[9.685s] [ 18%] [32mBuilding CXX object CMakeFiles/auro_interfaces__rosidl_typesupport_introspection_cpp.dir/rosidl_typesupport_introspection_cpp/auro_interfaces/msg/detail/item_list__type_support.cpp.o[0m
[10.116s] [ 19%] [32mBuilding CXX object CMakeFiles/auro_interfaces__rosidl_typesupport_introspection_cpp.dir/rosidl_typesupport_introspection_cpp/auro_interfaces/msg/detail/direction__type_support.cpp.o[0m
[10.512s] [ 21%] [32mBuilding CXX object CMakeFiles/auro_interfaces__rosidl_typesupport_introspection_cpp.dir/rosidl_typesupport_introspection_cpp/auro_interfaces/srv/detail/item_request__type_support.cpp.o[0m
[10.906s] [ 22%] [32mBuilding CXX object CMakeFiles/auro_interfaces__rosidl_typesupport_introspection_cpp.dir/rosidl_typesupport_introspection_cpp/auro_interfaces/action/detail/move__type_support.cpp.o[0m
[11.510s] [ 23%] [32m[1mLinking CXX shared library libauro_interfaces__rosidl_typesupport_introspection_cpp.so[0m
[11.689s] [ 23%] Built target auro_interfaces__rosidl_typesupport_introspection_cpp
[12.029s] running egg_info
[12.030s] writing auro_interfaces.egg-info/PKG-INFO
[12.030s] writing dependency_links to auro_interfaces.egg-info/dependency_links.txt
[12.031s] writing top-level names to auro_interfaces.egg-info/top_level.txt
[12.034s] reading manifest file 'auro_interfaces.egg-info/SOURCES.txt'
[12.035s] writing manifest file 'auro_interfaces.egg-info/SOURCES.txt'
[12.078s] [ 23%] Built target ament_cmake_python_build_auro_interfaces_egg
[12.096s] [ 25%] [34m[1mGenerating C++ type support dispatch for ROS interfaces[0m
[12.779s] [35m[1mConsolidate compiler generated dependencies of target auro_interfaces__rosidl_typesupport_cpp[0m
[12.800s] [ 26%] [32mBuilding CXX object CMakeFiles/auro_interfaces__rosidl_typesupport_cpp.dir/rosidl_typesupport_cpp/auro_interfaces/msg/string_with_pose__type_support.cpp.o[0m
[13.075s] [ 28%] [32mBuilding CXX object CMakeFiles/auro_interfaces__rosidl_typesupport_cpp.dir/rosidl_typesupport_cpp/auro_interfaces/msg/item_list__type_support.cpp.o[0m
[13.348s] [ 29%] [32mBuilding CXX object CMakeFiles/auro_interfaces__rosidl_typesupport_cpp.dir/rosidl_typesupport_cpp/auro_interfaces/msg/direction__type_support.cpp.o[0m
[13.627s] [ 30%] [32mBuilding CXX object CMakeFiles/auro_interfaces__rosidl_typesupport_cpp.dir/rosidl_typesupport_cpp/auro_interfaces/srv/item_request__type_support.cpp.o[0m
[13.909s] [ 32%] [32mBuilding CXX object CMakeFiles/auro_interfaces__rosidl_typesupport_cpp.dir/rosidl_typesupport_cpp/auro_interfaces/action/move__type_support.cpp.o[0m
[14.379s] [ 33%] [32mBuilding CXX object CMakeFiles/auro_interfaces__rosidl_typesupport_cpp.dir/rosidl_typesupport_cpp/auro_interfaces/msg/item__type_support.cpp.o[0m
[14.670s] [ 35%] [32m[1mLinking CXX shared library libauro_interfaces__rosidl_typesupport_cpp.so[0m
[14.728s] [ 35%] Built target auro_interfaces__rosidl_typesupport_cpp
[14.743s] [ 36%] [34m[1mGenerating C code for ROS interfaces[0m
[16.178s] [35m[1mConsolidate compiler generated dependencies of target auro_interfaces__rosidl_generator_c[0m
[16.197s] [ 38%] [32mBuilding C object CMakeFiles/auro_interfaces__rosidl_generator_c.dir/rosidl_generator_c/auro_interfaces/msg/detail/string_with_pose__functions.c.o[0m
[16.259s] [ 39%] [32mBuilding C object CMakeFiles/auro_interfaces__rosidl_generator_c.dir/rosidl_generator_c/auro_interfaces/msg/detail/direction__functions.c.o[0m
[16.318s] [ 40%] [32mBuilding C object CMakeFiles/auro_interfaces__rosidl_generator_c.dir/rosidl_generator_c/auro_interfaces/srv/detail/item_request__functions.c.o[0m
[16.388s] [ 42%] [32mBuilding C object CMakeFiles/auro_interfaces__rosidl_generator_c.dir/rosidl_generator_c/auro_interfaces/action/detail/move__functions.c.o[0m
[16.524s] [ 43%] [32mBuilding C object CMakeFiles/auro_interfaces__rosidl_generator_c.dir/rosidl_generator_c/auro_interfaces/msg/detail/item_list__functions.c.o[0m
[16.583s] [ 45%] [32mBuilding C object CMakeFiles/auro_interfaces__rosidl_generator_c.dir/rosidl_generator_c/auro_interfaces/msg/detail/item__functions.c.o[0m
[16.645s] [ 46%] [32m[1mLinking C shared library libauro_interfaces__rosidl_generator_c.so[0m
[16.704s] [ 46%] Built target auro_interfaces__rosidl_generator_c
[16.720s] [ 47%] [34m[1mGenerating C type support for eProsima Fast-RTPS[0m
[17.724s] [35m[1mConsolidate compiler generated dependencies of target auro_interfaces__rosidl_typesupport_fastrtps_c[0m
[17.747s] [ 49%] [32mBuilding CXX object CMakeFiles/auro_interfaces__rosidl_typesupport_fastrtps_c.dir/rosidl_typesupport_fastrtps_c/auro_interfaces/msg/detail/string_with_pose__type_support_c.cpp.o[0m
[18.115s] [ 50%] [32mBuilding CXX object CMakeFiles/auro_interfaces__rosidl_typesupport_fastrtps_c.dir/rosidl_typesupport_fastrtps_c/auro_interfaces/msg/detail/item__type_support_c.cpp.o[0m
[18.490s] [ 52%] [32mBuilding CXX object CMakeFiles/auro_interfaces__rosidl_typesupport_fastrtps_c.dir/rosidl_typesupport_fastrtps_c/auro_interfaces/msg/detail/item_list__type_support_c.cpp.o[0m
[18.849s] [ 53%] [32mBuilding CXX object CMakeFiles/auro_interfaces__rosidl_typesupport_fastrtps_c.dir/rosidl_typesupport_fastrtps_c/auro_interfaces/msg/detail/direction__type_support_c.cpp.o[0m
[19.192s] [ 54%] [32mBuilding CXX object CMakeFiles/auro_interfaces__rosidl_typesupport_fastrtps_c.dir/rosidl_typesupport_fastrtps_c/auro_interfaces/srv/detail/item_request__type_support_c.cpp.o[0m
[19.570s] [ 56%] [32mBuilding CXX object CMakeFiles/auro_interfaces__rosidl_typesupport_fastrtps_c.dir/rosidl_typesupport_fastrtps_c/auro_interfaces/action/detail/move__type_support_c.cpp.o[0m
[20.010s] [ 57%] [32m[1mLinking CXX shared library libauro_interfaces__rosidl_typesupport_fastrtps_c.so[0m
[20.179s] [ 57%] Built target auro_interfaces__rosidl_typesupport_fastrtps_c
[20.196s] [ 59%] [34m[1mGenerating C type support dispatch for ROS interfaces[0m
[20.854s] [35m[1mConsolidate compiler generated dependencies of target auro_interfaces__rosidl_typesupport_c[0m
[20.874s] [ 60%] [32mBuilding CXX object CMakeFiles/auro_interfaces__rosidl_typesupport_c.dir/rosidl_typesupport_c/auro_interfaces/msg/string_with_pose__type_support.cpp.o[0m
[20.917s] [ 61%] [32mBuilding CXX object CMakeFiles/auro_interfaces__rosidl_typesupport_c.dir/rosidl_typesupport_c/auro_interfaces/msg/item_list__type_support.cpp.o[0m
[20.960s] [ 63%] [32mBuilding CXX object CMakeFiles/auro_interfaces__rosidl_typesupport_c.dir/rosidl_typesupport_c/auro_interfaces/msg/direction__type_support.cpp.o[0m
[21.006s] [ 64%] [32mBuilding CXX object CMakeFiles/auro_interfaces__rosidl_typesupport_c.dir/rosidl_typesupport_c/auro_interfaces/srv/item_request__type_support.cpp.o[0m
[21.049s] [ 66%] [32mBuilding CXX object CMakeFiles/auro_interfaces__rosidl_typesupport_c.dir/rosidl_typesupport_c/auro_interfaces/action/move__type_support.cpp.o[0m
[21.115s] [ 67%] [32mBuilding CXX object CMakeFiles/auro_interfaces__rosidl_typesupport_c.dir/rosidl_typesupport_c/auro_interfaces/msg/item__type_support.cpp.o[0m
[21.157s] [ 69%] [32m[1mLinking CXX shared library libauro_interfaces__rosidl_typesupport_c.so[0m
[21.225s] [ 69%] Built target auro_interfaces__rosidl_typesupport_c
[21.243s] [ 70%] [34m[1mGenerating C introspection for ROS interfaces[0m
[22.220s] [35m[1mConsolidate compiler generated dependencies of target auro_interfaces__rosidl_typesupport_introspection_c[0m
[22.238s] [ 71%] [32mBuilding C object CMakeFiles/auro_interfaces__rosidl_typesupport_introspection_c.dir/rosidl_typesupport_introspection_c/auro_interfaces/msg/detail/string_with_pose__type_support.c.o[0m
[22.288s] [ 73%] [32mBuilding C object CMakeFiles/auro_interfaces__rosidl_typesupport_introspection_c.dir/rosidl_typesupport_introspection_c/auro_interfaces/msg/detail/direction__type_support.c.o[0m
[22.334s] [ 74%] [32mBuilding C object CMakeFiles/auro_interfaces__rosidl_typesupport_introspection_c.dir/rosidl_typesupport_introspection_c/auro_interfaces/srv/detail/item_request__type_support.c.o[0m
[22.384s] [ 76%] [32mBuilding C object CMakeFiles/auro_interfaces__rosidl_typesupport_introspection_c.dir/rosidl_typesupport_introspection_c/auro_interfaces/action/detail/move__type_support.c.o[0m
[22.446s] [ 77%] [32mBuilding C object CMakeFiles/auro_interfaces__rosidl_typesupport_introspection_c.dir/rosidl_typesupport_introspection_c/auro_interfaces/msg/detail/item_list__type_support.c.o[0m
[22.496s] [ 78%] [32mBuilding C object CMakeFiles/auro_interfaces__rosidl_typesupport_introspection_c.dir/rosidl_typesupport_introspection_c/auro_interfaces/msg/detail/item__type_support.c.o[0m
[22.547s] [ 80%] [32m[1mLinking C shared library libauro_interfaces__rosidl_typesupport_introspection_c.so[0m
[22.598s] [ 80%] Built target auro_interfaces__rosidl_typesupport_introspection_c
[22.627s] [ 80%] Built target auro_interfaces
[22.662s] [ 81%] [34m[1mGenerating Python code for ROS interfaces[0m
[24.986s] [ 81%] Built target auro_interfaces__py
[25.011s] [35m[1mConsolidate compiler generated dependencies of target auro_interfaces__rosidl_generator_py[0m
[25.041s] [ 83%] [32mBuilding C object CMakeFiles/auro_interfaces__rosidl_generator_py.dir/rosidl_generator_py/auro_interfaces/msg/_string_with_pose_s.c.o[0m
[25.193s] [ 84%] [32mBuilding C object CMakeFiles/auro_interfaces__rosidl_generator_py.dir/rosidl_generator_py/auro_interfaces/msg/_direction_s.c.o[0m
[25.345s] [ 85%] [32mBuilding C object CMakeFiles/auro_interfaces__rosidl_generator_py.dir/rosidl_generator_py/auro_interfaces/srv/_item_request_s.c.o[0m
[25.497s] [ 87%] [32mBuilding C object CMakeFiles/auro_interfaces__rosidl_generator_py.dir/rosidl_generator_py/auro_interfaces/action/_move_s.c.o[0m
[25.660s] [ 88%] [32mBuilding C object CMakeFiles/auro_interfaces__rosidl_generator_py.dir/rosidl_generator_py/auro_interfaces/msg/_item_list_s.c.o[0m
[25.788s] [ 90%] [32mBuilding C object CMakeFiles/auro_interfaces__rosidl_generator_py.dir/rosidl_generator_py/auro_interfaces/msg/_item_s.c.o[0m
[25.909s] [ 91%] [32m[1mLinking C shared library rosidl_generator_py/auro_interfaces/libauro_interfaces__rosidl_generator_py.so[0m
[25.983s] [ 91%] Built target auro_interfaces__rosidl_generator_py
[25.998s] [35m[1mConsolidate compiler generated dependencies of target auro_interfaces__rosidl_typesupport_fastrtps_c__pyext[0m
[26.016s] [ 92%] [32mBuilding C object CMakeFiles/auro_interfaces__rosidl_typesupport_fastrtps_c__pyext.dir/rosidl_generator_py/auro_interfaces/_auro_interfaces_s.ep.rosidl_typesupport_fastrtps_c.c.o[0m
[26.184s] [ 94%] [32m[1mLinking C shared library rosidl_generator_py/auro_interfaces/auro_interfaces_s__rosidl_typesupport_fastrtps_c.cpython-310-x86_64-linux-gnu.so[0m
[26.257s] [ 94%] Built target auro_interfaces__rosidl_typesupport_fastrtps_c__pyext
[26.273s] [35m[1mConsolidate compiler generated dependencies of target auro_interfaces__rosidl_typesupport_c__pyext[0m
[26.291s] [ 95%] [32mBuilding C object CMakeFiles/auro_interfaces__rosidl_typesupport_c__pyext.dir/rosidl_generator_py/auro_interfaces/_auro_interfaces_s.ep.rosidl_typesupport_c.c.o[0m
[26.519s] [ 97%] [32m[1mLinking C shared library rosidl_generator_py/auro_interfaces/auro_interfaces_s__rosidl_typesupport_c.cpython-310-x86_64-linux-gnu.so[0m
[26.605s] [ 97%] Built target auro_interfaces__rosidl_typesupport_c__pyext
[26.624s] [35m[1mConsolidate compiler generated dependencies of target auro_interfaces__rosidl_typesupport_introspection_c__pyext[0m
[26.649s] [ 98%] [32mBuilding C object CMakeFiles/auro_interfaces__rosidl_typesupport_introspection_c__pyext.dir/rosidl_generator_py/auro_interfaces/_auro_interfaces_s.ep.rosidl_typesupport_introspection_c.c.o[0m
[26.905s] [100%] [32m[1mLinking C shared library rosidl_generator_py/auro_interfaces/auro_interfaces_s__rosidl_typesupport_introspection_c.cpython-310-x86_64-linux-gnu.so[0m
[26.981s] [100%] Built target auro_interfaces__rosidl_typesupport_introspection_c__pyext
[27.001s] Invoked command in '/home/auro/Auro/build/auro_interfaces' returned '0': CMAKE_PREFIX_PATH=${CMAKE_PREFIX_PATH}:/home/auro/Auro/install/tf_relay:/home/auro/Auro/install/solution:/home/auro/Auro/install/assessment:/home/auro/turtlebot3_ws/install/turtlebot3_teleop:/home/auro/turtlebot3_ws/install/turtlebot3_example:/opt/ros/humble /usr/bin/cmake --build /home/auro/Auro/build/auro_interfaces -- -j4 -l4
[27.262s] Invoking command in '/home/auro/Auro/build/auro_interfaces': CMAKE_PREFIX_PATH=${CMAKE_PREFIX_PATH}:/home/auro/Auro/install/tf_relay:/home/auro/Auro/install/solution:/home/auro/Auro/install/assessment:/home/auro/turtlebot3_ws/install/turtlebot3_teleop:/home/auro/turtlebot3_ws/install/turtlebot3_example:/opt/ros/humble /usr/bin/cmake --install /home/auro/Auro/build/auro_interfaces
[27.273s] -- Install configuration: ""
[27.274s] -- Execute custom install script
[27.274s] -- Up-to-date symlink: /home/auro/Auro/install/auro_interfaces/share/ament_index/resource_index/rosidl_interfaces/auro_interfaces
[27.275s] -- Up-to-date symlink: /home/auro/Auro/install/auro_interfaces/include/auro_interfaces/auro_interfaces/action/detail/move__functions.h
[27.275s] -- Up-to-date symlink: /home/auro/Auro/install/auro_interfaces/include/auro_interfaces/auro_interfaces/action/detail/move__struct.h
[27.275s] -- Up-to-date symlink: /home/auro/Auro/install/auro_interfaces/include/auro_interfaces/auro_interfaces/action/detail/move__type_support.h
[27.276s] -- Up-to-date symlink: /home/auro/Auro/install/auro_interfaces/include/auro_interfaces/auro_interfaces/action/move.h
[27.276s] -- Up-to-date symlink: /home/auro/Auro/install/auro_interfaces/include/auro_interfaces/auro_interfaces/msg/detail/direction__functions.h
[27.276s] -- Up-to-date symlink: /home/auro/Auro/install/auro_interfaces/include/auro_interfaces/auro_interfaces/msg/detail/direction__struct.h
[27.276s] -- Up-to-date symlink: /home/auro/Auro/install/auro_interfaces/include/auro_interfaces/auro_interfaces/msg/detail/direction__type_support.h
[27.276s] -- Up-to-date symlink: /home/auro/Auro/install/auro_interfaces/include/auro_interfaces/auro_interfaces/msg/detail/item__functions.h
[27.277s] -- Up-to-date symlink: /home/auro/Auro/install/auro_interfaces/include/auro_interfaces/auro_interfaces/msg/detail/item__struct.h
[27.277s] -- Up-to-date symlink: /home/auro/Auro/install/auro_interfaces/include/auro_interfaces/auro_interfaces/msg/detail/item__type_support.h
[27.277s] -- Up-to-date symlink: /home/auro/Auro/install/auro_interfaces/include/auro_interfaces/auro_interfaces/msg/detail/item_list__functions.h
[27.277s] -- Up-to-date symlink: /home/auro/Auro/install/auro_interfaces/include/auro_interfaces/auro_interfaces/msg/detail/item_list__struct.h
[27.277s] -- Up-to-date symlink: /home/auro/Auro/install/auro_interfaces/include/auro_interfaces/auro_interfaces/msg/detail/item_list__type_support.h
[27.277s] -- Up-to-date symlink: /home/auro/Auro/install/auro_interfaces/include/auro_interfaces/auro_interfaces/msg/detail/string_with_pose__functions.h
[27.278s] -- Up-to-date symlink: /home/auro/Auro/install/auro_interfaces/include/auro_interfaces/auro_interfaces/msg/detail/string_with_pose__struct.h
[27.278s] -- Up-to-date symlink: /home/auro/Auro/install/auro_interfaces/include/auro_interfaces/auro_interfaces/msg/detail/string_with_pose__type_support.h
[27.278s] -- Up-to-date symlink: /home/auro/Auro/install/auro_interfaces/include/auro_interfaces/auro_interfaces/msg/direction.h
[27.278s] -- Up-to-date symlink: /home/auro/Auro/install/auro_interfaces/include/auro_interfaces/auro_interfaces/msg/item.h
[27.278s] -- Up-to-date symlink: /home/auro/Auro/install/auro_interfaces/include/auro_interfaces/auro_interfaces/msg/item_list.h
[27.278s] -- Up-to-date symlink: /home/auro/Auro/install/auro_interfaces/include/auro_interfaces/auro_interfaces/msg/rosidl_generator_c__visibility_control.h
[27.279s] -- Up-to-date symlink: /home/auro/Auro/install/auro_interfaces/include/auro_interfaces/auro_interfaces/msg/string_with_pose.h
[27.279s] -- Up-to-date symlink: /home/auro/Auro/install/auro_interfaces/include/auro_interfaces/auro_interfaces/srv/detail/item_request__functions.h
[27.279s] -- Up-to-date symlink: /home/auro/Auro/install/auro_interfaces/include/auro_interfaces/auro_interfaces/srv/detail/item_request__struct.h
[27.279s] -- Up-to-date symlink: /home/auro/Auro/install/auro_interfaces/include/auro_interfaces/auro_interfaces/srv/detail/item_request__type_support.h
[27.279s] -- Up-to-date symlink: /home/auro/Auro/install/auro_interfaces/include/auro_interfaces/auro_interfaces/srv/item_request.h
[27.279s] -- Up-to-date symlink: /home/auro/Auro/install/auro_interfaces/share/auro_interfaces/environment/library_path.sh
[27.280s] -- Up-to-date symlink: /home/auro/Auro/install/auro_interfaces/share/auro_interfaces/environment/library_path.dsv
[27.281s] -- Up-to-date symlink: /home/auro/Auro/install/auro_interfaces/include/auro_interfaces/auro_interfaces/action/detail/move__rosidl_typesupport_fastrtps_c.h
[27.281s] -- Up-to-date symlink: /home/auro/Auro/install/auro_interfaces/include/auro_interfaces/auro_interfaces/msg/detail/direction__rosidl_typesupport_fastrtps_c.h
[27.281s] -- Up-to-date symlink: /home/auro/Auro/install/auro_interfaces/include/auro_interfaces/auro_interfaces/msg/detail/item__rosidl_typesupport_fastrtps_c.h
[27.281s] -- Up-to-date symlink: /home/auro/Auro/install/auro_interfaces/include/auro_interfaces/auro_interfaces/msg/detail/item_list__rosidl_typesupport_fastrtps_c.h
[27.281s] -- Up-to-date symlink: /home/auro/Auro/install/auro_interfaces/include/auro_interfaces/auro_interfaces/msg/detail/string_with_pose__rosidl_typesupport_fastrtps_c.h
[27.281s] -- Up-to-date symlink: /home/auro/Auro/install/auro_interfaces/include/auro_interfaces/auro_interfaces/msg/rosidl_typesupport_fastrtps_c__visibility_control.h
[27.282s] -- Up-to-date symlink: /home/auro/Auro/install/auro_interfaces/include/auro_interfaces/auro_interfaces/srv/detail/item_request__rosidl_typesupport_fastrtps_c.h
[27.282s] -- Up-to-date symlink: /home/auro/Auro/install/auro_interfaces/include/auro_interfaces/auro_interfaces/action/detail/move__builder.hpp
[27.283s] -- Up-to-date symlink: /home/auro/Auro/install/auro_interfaces/include/auro_interfaces/auro_interfaces/action/detail/move__struct.hpp
[27.283s] -- Up-to-date symlink: /home/auro/Auro/install/auro_interfaces/include/auro_interfaces/auro_interfaces/action/detail/move__traits.hpp
[27.283s] -- Up-to-date symlink: /home/auro/Auro/install/auro_interfaces/include/auro_interfaces/auro_interfaces/action/move.hpp
[27.283s] -- Up-to-date symlink: /home/auro/Auro/install/auro_interfaces/include/auro_interfaces/auro_interfaces/msg/detail/direction__builder.hpp
[27.283s] -- Up-to-date symlink: /home/auro/Auro/install/auro_interfaces/include/auro_interfaces/auro_interfaces/msg/detail/direction__struct.hpp
[27.283s] -- Up-to-date symlink: /home/auro/Auro/install/auro_interfaces/include/auro_interfaces/auro_interfaces/msg/detail/direction__traits.hpp
[27.284s] -- Up-to-date symlink: /home/auro/Auro/install/auro_interfaces/include/auro_interfaces/auro_interfaces/msg/detail/item__builder.hpp
[27.284s] -- Up-to-date symlink: /home/auro/Auro/install/auro_interfaces/include/auro_interfaces/auro_interfaces/msg/detail/item__struct.hpp
[27.284s] -- Up-to-date symlink: /home/auro/Auro/install/auro_interfaces/include/auro_interfaces/auro_interfaces/msg/detail/item__traits.hpp
[27.284s] -- Up-to-date symlink: /home/auro/Auro/install/auro_interfaces/include/auro_interfaces/auro_interfaces/msg/detail/item_list__builder.hpp
[27.284s] -- Up-to-date symlink: /home/auro/Auro/install/auro_interfaces/include/auro_interfaces/auro_interfaces/msg/detail/item_list__struct.hpp
[27.284s] -- Up-to-date symlink: /home/auro/Auro/install/auro_interfaces/include/auro_interfaces/auro_interfaces/msg/detail/item_list__traits.hpp
[27.285s] -- Up-to-date symlink: /home/auro/Auro/install/auro_interfaces/include/auro_interfaces/auro_interfaces/msg/detail/string_with_pose__builder.hpp
[27.285s] -- Up-to-date symlink: /home/auro/Auro/install/auro_interfaces/include/auro_interfaces/auro_interfaces/msg/detail/string_with_pose__struct.hpp
[27.285s] -- Up-to-date symlink: /home/auro/Auro/install/auro_interfaces/include/auro_interfaces/auro_interfaces/msg/detail/string_with_pose__traits.hpp
[27.285s] -- Up-to-date symlink: /home/auro/Auro/install/auro_interfaces/include/auro_interfaces/auro_interfaces/msg/direction.hpp
[27.285s] -- Up-to-date symlink: /home/auro/Auro/install/auro_interfaces/include/auro_interfaces/auro_interfaces/msg/item.hpp
[27.285s] -- Up-to-date symlink: /home/auro/Auro/install/auro_interfaces/include/auro_interfaces/auro_interfaces/msg/item_list.hpp
[27.285s] -- Up-to-date symlink: /home/auro/Auro/install/auro_interfaces/include/auro_interfaces/auro_interfaces/msg/string_with_pose.hpp
[27.286s] -- Up-to-date symlink: /home/auro/Auro/install/auro_interfaces/include/auro_interfaces/auro_interfaces/srv/detail/item_request__builder.hpp
[27.286s] -- Up-to-date symlink: /home/auro/Auro/install/auro_interfaces/include/auro_interfaces/auro_interfaces/srv/detail/item_request__struct.hpp
[27.286s] -- Up-to-date symlink: /home/auro/Auro/install/auro_interfaces/include/auro_interfaces/auro_interfaces/srv/detail/item_request__traits.hpp
[27.286s] -- Up-to-date symlink: /home/auro/Auro/install/auro_interfaces/include/auro_interfaces/auro_interfaces/srv/item_request.hpp
[27.287s] -- Up-to-date symlink: /home/auro/Auro/install/auro_interfaces/include/auro_interfaces/auro_interfaces/action/detail/move__rosidl_typesupport_fastrtps_cpp.hpp
[27.287s] -- Up-to-date symlink: /home/auro/Auro/install/auro_interfaces/include/auro_interfaces/auro_interfaces/msg/detail/direction__rosidl_typesupport_fastrtps_cpp.hpp
[27.287s] -- Up-to-date symlink: /home/auro/Auro/install/auro_interfaces/include/auro_interfaces/auro_interfaces/msg/detail/item__rosidl_typesupport_fastrtps_cpp.hpp
[27.288s] -- Up-to-date symlink: /home/auro/Auro/install/auro_interfaces/include/auro_interfaces/auro_interfaces/msg/detail/item_list__rosidl_typesupport_fastrtps_cpp.hpp
[27.288s] -- Up-to-date symlink: /home/auro/Auro/install/auro_interfaces/include/auro_interfaces/auro_interfaces/msg/detail/string_with_pose__rosidl_typesupport_fastrtps_cpp.hpp
[27.288s] -- Up-to-date symlink: /home/auro/Auro/install/auro_interfaces/include/auro_interfaces/auro_interfaces/msg/rosidl_typesupport_fastrtps_cpp__visibility_control.h
[27.288s] -- Up-to-date symlink: /home/auro/Auro/install/auro_interfaces/include/auro_interfaces/auro_interfaces/srv/detail/item_request__rosidl_typesupport_fastrtps_cpp.hpp
[27.289s] -- Up-to-date symlink: /home/auro/Auro/install/auro_interfaces/include/auro_interfaces/auro_interfaces/action/detail/move__rosidl_typesupport_introspection_c.h
[27.289s] -- Up-to-date symlink: /home/auro/Auro/install/auro_interfaces/include/auro_interfaces/auro_interfaces/msg/detail/direction__rosidl_typesupport_introspection_c.h
[27.289s] -- Up-to-date symlink: /home/auro/Auro/install/auro_interfaces/include/auro_interfaces/auro_interfaces/msg/detail/item__rosidl_typesupport_introspection_c.h
[27.290s] -- Up-to-date symlink: /home/auro/Auro/install/auro_interfaces/include/auro_interfaces/auro_interfaces/msg/detail/item_list__rosidl_typesupport_introspection_c.h
[27.290s] -- Up-to-date symlink: /home/auro/Auro/install/auro_interfaces/include/auro_interfaces/auro_interfaces/msg/detail/string_with_pose__rosidl_typesupport_introspection_c.h
[27.290s] -- Up-to-date symlink: /home/auro/Auro/install/auro_interfaces/include/auro_interfaces/auro_interfaces/msg/rosidl_typesupport_introspection_c__visibility_control.h
[27.290s] -- Up-to-date symlink: /home/auro/Auro/install/auro_interfaces/include/auro_interfaces/auro_interfaces/srv/detail/item_request__rosidl_typesupport_introspection_c.h
[27.291s] -- Up-to-date symlink: /home/auro/Auro/install/auro_interfaces/include/auro_interfaces/auro_interfaces/action/detail/move__rosidl_typesupport_introspection_cpp.hpp
[27.291s] -- Up-to-date symlink: /home/auro/Auro/install/auro_interfaces/include/auro_interfaces/auro_interfaces/msg/detail/direction__rosidl_typesupport_introspection_cpp.hpp
[27.291s] -- Up-to-date symlink: /home/auro/Auro/install/auro_interfaces/include/auro_interfaces/auro_interfaces/msg/detail/item__rosidl_typesupport_introspection_cpp.hpp
[27.291s] -- Up-to-date symlink: /home/auro/Auro/install/auro_interfaces/include/auro_interfaces/auro_interfaces/msg/detail/item_list__rosidl_typesupport_introspection_cpp.hpp
[27.291s] -- Up-to-date symlink: /home/auro/Auro/install/auro_interfaces/include/auro_interfaces/auro_interfaces/msg/detail/string_with_pose__rosidl_typesupport_introspection_cpp.hpp
[27.292s] -- Up-to-date symlink: /home/auro/Auro/install/auro_interfaces/include/auro_interfaces/auro_interfaces/srv/detail/item_request__rosidl_typesupport_introspection_cpp.hpp
[27.292s] -- Up-to-date symlink: /home/auro/Auro/install/auro_interfaces/share/auro_interfaces/environment/pythonpath.sh
[27.292s] -- Up-to-date symlink: /home/auro/Auro/install/auro_interfaces/share/auro_interfaces/environment/pythonpath.dsv
[27.293s] -- Up-to-date symlink: /home/auro/Auro/install/auro_interfaces/local/lib/python3.10/dist-packages/auro_interfaces-0.0.0-py3.10.egg-info/PKG-INFO
[27.293s] -- Up-to-date symlink: /home/auro/Auro/install/auro_interfaces/local/lib/python3.10/dist-packages/auro_interfaces-0.0.0-py3.10.egg-info/SOURCES.txt
[27.293s] -- Up-to-date symlink: /home/auro/Auro/install/auro_interfaces/local/lib/python3.10/dist-packages/auro_interfaces-0.0.0-py3.10.egg-info/dependency_links.txt
[27.293s] -- Up-to-date symlink: /home/auro/Auro/install/auro_interfaces/local/lib/python3.10/dist-packages/auro_interfaces-0.0.0-py3.10.egg-info/top_level.txt
[27.294s] -- Up-to-date symlink: /home/auro/Auro/install/auro_interfaces/local/lib/python3.10/dist-packages/auro_interfaces/__init__.py
[27.295s] -- Up-to-date symlink: /home/auro/Auro/install/auro_interfaces/local/lib/python3.10/dist-packages/auro_interfaces/_auro_interfaces_s.ep.rosidl_typesupport_c.c
[27.295s] -- Up-to-date symlink: /home/auro/Auro/install/auro_interfaces/local/lib/python3.10/dist-packages/auro_interfaces/_auro_interfaces_s.ep.rosidl_typesupport_fastrtps_c.c
[27.295s] -- Up-to-date symlink: /home/auro/Auro/install/auro_interfaces/local/lib/python3.10/dist-packages/auro_interfaces/_auro_interfaces_s.ep.rosidl_typesupport_introspection_c.c
[27.295s] -- Up-to-date symlink: /home/auro/Auro/install/auro_interfaces/local/lib/python3.10/dist-packages/auro_interfaces/action/__init__.py
[27.295s] -- Up-to-date symlink: /home/auro/Auro/install/auro_interfaces/local/lib/python3.10/dist-packages/auro_interfaces/action/_move.py
[27.295s] -- Up-to-date symlink: /home/auro/Auro/install/auro_interfaces/local/lib/python3.10/dist-packages/auro_interfaces/action/_move_s.c
[27.296s] -- Up-to-date symlink: /home/auro/Auro/install/auro_interfaces/local/lib/python3.10/dist-packages/auro_interfaces/auro_interfaces_s__rosidl_typesupport_c.cpython-310-x86_64-linux-gnu.so
[27.296s] -- Up-to-date symlink: /home/auro/Auro/install/auro_interfaces/local/lib/python3.10/dist-packages/auro_interfaces/auro_interfaces_s__rosidl_typesupport_fastrtps_c.cpython-310-x86_64-linux-gnu.so
[27.296s] -- Up-to-date symlink: /home/auro/Auro/install/auro_interfaces/local/lib/python3.10/dist-packages/auro_interfaces/auro_interfaces_s__rosidl_typesupport_introspection_c.cpython-310-x86_64-linux-gnu.so
[27.296s] -- Up-to-date symlink: /home/auro/Auro/install/auro_interfaces/local/lib/python3.10/dist-packages/auro_interfaces/libauro_interfaces__rosidl_generator_py.so
[27.296s] -- Up-to-date symlink: /home/auro/Auro/install/auro_interfaces/local/lib/python3.10/dist-packages/auro_interfaces/msg/__init__.py
[27.296s] -- Up-to-date symlink: /home/auro/Auro/install/auro_interfaces/local/lib/python3.10/dist-packages/auro_interfaces/msg/_direction.py
[27.297s] -- Up-to-date symlink: /home/auro/Auro/install/auro_interfaces/local/lib/python3.10/dist-packages/auro_interfaces/msg/_direction_s.c
[27.297s] -- Up-to-date symlink: /home/auro/Auro/install/auro_interfaces/local/lib/python3.10/dist-packages/auro_interfaces/msg/_item.py
[27.297s] -- Up-to-date symlink: /home/auro/Auro/install/auro_interfaces/local/lib/python3.10/dist-packages/auro_interfaces/msg/_item_list.py
[27.297s] -- Up-to-date symlink: /home/auro/Auro/install/auro_interfaces/local/lib/python3.10/dist-packages/auro_interfaces/msg/_item_list_s.c
[27.297s] -- Up-to-date symlink: /home/auro/Auro/install/auro_interfaces/local/lib/python3.10/dist-packages/auro_interfaces/msg/_item_s.c
[27.297s] -- Up-to-date symlink: /home/auro/Auro/install/auro_interfaces/local/lib/python3.10/dist-packages/auro_interfaces/msg/_string_with_pose.py
[27.298s] -- Up-to-date symlink: /home/auro/Auro/install/auro_interfaces/local/lib/python3.10/dist-packages/auro_interfaces/msg/_string_with_pose_s.c
[27.298s] -- Up-to-date symlink: /home/auro/Auro/install/auro_interfaces/local/lib/python3.10/dist-packages/auro_interfaces/srv/__init__.py
[27.298s] -- Up-to-date symlink: /home/auro/Auro/install/auro_interfaces/local/lib/python3.10/dist-packages/auro_interfaces/srv/_item_request.py
[27.298s] -- Up-to-date symlink: /home/auro/Auro/install/auro_interfaces/local/lib/python3.10/dist-packages/auro_interfaces/srv/_item_request_s.c
[27.298s] -- Up-to-date symlink: /home/auro/Auro/install/auro_interfaces/local/lib/python3.10/dist-packages/auro_interfaces/auro_interfaces_s__rosidl_typesupport_fastrtps_c.cpython-310-x86_64-linux-gnu.so
[27.299s] -- Up-to-date symlink: /home/auro/Auro/install/auro_interfaces/local/lib/python3.10/dist-packages/auro_interfaces/auro_interfaces_s__rosidl_typesupport_introspection_c.cpython-310-x86_64-linux-gnu.so
[27.299s] -- Up-to-date symlink: /home/auro/Auro/install/auro_interfaces/local/lib/python3.10/dist-packages/auro_interfaces/auro_interfaces_s__rosidl_typesupport_c.cpython-310-x86_64-linux-gnu.so
[27.299s] -- Up-to-date symlink: /home/auro/Auro/install/auro_interfaces/share/auro_interfaces/msg/StringWithPose.idl
[27.300s] -- Up-to-date symlink: /home/auro/Auro/install/auro_interfaces/share/auro_interfaces/msg/Item.idl
[27.300s] -- Up-to-date symlink: /home/auro/Auro/install/auro_interfaces/share/auro_interfaces/msg/ItemList.idl
[27.300s] -- Up-to-date symlink: /home/auro/Auro/install/auro_interfaces/share/auro_interfaces/msg/Direction.idl
[27.300s] -- Up-to-date symlink: /home/auro/Auro/install/auro_interfaces/share/auro_interfaces/srv/ItemRequest.idl
[27.300s] -- Up-to-date symlink: /home/auro/Auro/install/auro_interfaces/share/auro_interfaces/action/Move.idl
[27.301s] -- Up-to-date symlink: /home/auro/Auro/install/auro_interfaces/share/auro_interfaces/msg/StringWithPose.msg
[27.301s] -- Up-to-date symlink: /home/auro/Auro/install/auro_interfaces/share/auro_interfaces/msg/Item.msg
[27.301s] -- Up-to-date symlink: /home/auro/Auro/install/auro_interfaces/share/auro_interfaces/msg/ItemList.msg
[27.301s] -- Up-to-date symlink: /home/auro/Auro/install/auro_interfaces/share/auro_interfaces/msg/Direction.msg
[27.301s] -- Up-to-date symlink: /home/auro/Auro/install/auro_interfaces/share/auro_interfaces/srv/ItemRequest.srv
[27.302s] -- Up-to-date symlink: /home/auro/Auro/install/auro_interfaces/share/auro_interfaces/srv/ItemRequest_Request.msg
[27.302s] -- Up-to-date symlink: /home/auro/Auro/install/auro_interfaces/share/auro_interfaces/srv/ItemRequest_Response.msg
[27.302s] -- Up-to-date symlink: /home/auro/Auro/install/auro_interfaces/share/auro_interfaces/action/Move.action
[27.302s] -- Up-to-date symlink: /home/auro/Auro/install/auro_interfaces/share/ament_index/resource_index/package_run_dependencies/auro_interfaces
[27.302s] -- Up-to-date symlink: /home/auro/Auro/install/auro_interfaces/share/ament_index/resource_index/parent_prefix_path/auro_interfaces
[27.303s] -- Up-to-date symlink: /home/auro/Auro/install/auro_interfaces/share/auro_interfaces/environment/ament_prefix_path.sh
[27.303s] -- Up-to-date symlink: /home/auro/Auro/install/auro_interfaces/share/auro_interfaces/environment/ament_prefix_path.dsv
[27.303s] -- Up-to-date symlink: /home/auro/Auro/install/auro_interfaces/share/auro_interfaces/environment/path.sh
[27.303s] -- Up-to-date symlink: /home/auro/Auro/install/auro_interfaces/share/auro_interfaces/environment/path.dsv
[27.304s] -- Up-to-date symlink: /home/auro/Auro/install/auro_interfaces/share/auro_interfaces/local_setup.bash
[27.304s] -- Up-to-date symlink: /home/auro/Auro/install/auro_interfaces/share/auro_interfaces/local_setup.sh
[27.304s] -- Up-to-date symlink: /home/auro/Auro/install/auro_interfaces/share/auro_interfaces/local_setup.zsh
[27.304s] -- Up-to-date symlink: /home/auro/Auro/install/auro_interfaces/share/auro_interfaces/local_setup.dsv
[27.305s] -- Symlinking: /home/auro/Auro/install/auro_interfaces/share/auro_interfaces/package.dsv
[27.317s] -- Up-to-date symlink: /home/auro/Auro/install/auro_interfaces/share/ament_index/resource_index/packages/auro_interfaces
[27.317s] -- Up-to-date symlink: /home/auro/Auro/install/auro_interfaces/share/auro_interfaces/cmake/rosidl_cmake-extras.cmake
[27.318s] -- Up-to-date symlink: /home/auro/Auro/install/auro_interfaces/share/auro_interfaces/cmake/ament_cmake_export_dependencies-extras.cmake
[27.318s] -- Up-to-date symlink: /home/auro/Auro/install/auro_interfaces/share/auro_interfaces/cmake/ament_cmake_export_include_directories-extras.cmake
[27.318s] -- Up-to-date symlink: /home/auro/Auro/install/auro_interfaces/share/auro_interfaces/cmake/ament_cmake_export_libraries-extras.cmake
[27.318s] -- Up-to-date symlink: /home/auro/Auro/install/auro_interfaces/share/auro_interfaces/cmake/ament_cmake_export_targets-extras.cmake
[27.318s] -- Up-to-date symlink: /home/auro/Auro/install/auro_interfaces/share/auro_interfaces/cmake/rosidl_cmake_export_typesupport_targets-extras.cmake
[27.319s] -- Up-to-date symlink: /home/auro/Auro/install/auro_interfaces/share/auro_interfaces/cmake/rosidl_cmake_export_typesupport_libraries-extras.cmake
[27.319s] -- Up-to-date symlink: /home/auro/Auro/install/auro_interfaces/share/auro_interfaces/cmake/auro_interfacesConfig.cmake
[27.319s] -- Up-to-date symlink: /home/auro/Auro/install/auro_interfaces/share/auro_interfaces/cmake/auro_interfacesConfig-version.cmake
[27.319s] -- Up-to-date symlink: /home/auro/Auro/install/auro_interfaces/share/auro_interfaces/package.xml
[27.319s] -- Installing: /home/auro/Auro/install/auro_interfaces/lib/libauro_interfaces__rosidl_generator_c.so
[27.320s] -- Set runtime path of "/home/auro/Auro/install/auro_interfaces/lib/libauro_interfaces__rosidl_generator_c.so" to ""
[27.320s] -- Installing: /home/auro/Auro/install/auro_interfaces/lib/libauro_interfaces__rosidl_typesupport_fastrtps_c.so
[27.321s] -- Set runtime path of "/home/auro/Auro/install/auro_interfaces/lib/libauro_interfaces__rosidl_typesupport_fastrtps_c.so" to ""
[27.321s] -- Installing: /home/auro/Auro/install/auro_interfaces/lib/libauro_interfaces__rosidl_typesupport_fastrtps_cpp.so
[27.322s] -- Set runtime path of "/home/auro/Auro/install/auro_interfaces/lib/libauro_interfaces__rosidl_typesupport_fastrtps_cpp.so" to ""
[27.322s] -- Installing: /home/auro/Auro/install/auro_interfaces/lib/libauro_interfaces__rosidl_typesupport_introspection_c.so
[27.322s] -- Set runtime path of "/home/auro/Auro/install/auro_interfaces/lib/libauro_interfaces__rosidl_typesupport_introspection_c.so" to ""
[27.323s] -- Installing: /home/auro/Auro/install/auro_interfaces/lib/libauro_interfaces__rosidl_typesupport_c.so
[27.323s] -- Set runtime path of "/home/auro/Auro/install/auro_interfaces/lib/libauro_interfaces__rosidl_typesupport_c.so" to ""
[27.323s] -- Installing: /home/auro/Auro/install/auro_interfaces/lib/libauro_interfaces__rosidl_typesupport_introspection_cpp.so
[27.324s] -- Set runtime path of "/home/auro/Auro/install/auro_interfaces/lib/libauro_interfaces__rosidl_typesupport_introspection_cpp.so" to ""
[27.324s] -- Installing: /home/auro/Auro/install/auro_interfaces/lib/libauro_interfaces__rosidl_typesupport_cpp.so
[27.325s] -- Set runtime path of "/home/auro/Auro/install/auro_interfaces/lib/libauro_interfaces__rosidl_typesupport_cpp.so" to ""
[27.392s] Listing '/home/auro/Auro/install/auro_interfaces/local/lib/python3.10/dist-packages/auro_interfaces'...
[27.392s] Compiling '/home/auro/Auro/install/auro_interfaces/local/lib/python3.10/dist-packages/auro_interfaces/__init__.py'...
[27.392s] Listing '/home/auro/Auro/install/auro_interfaces/local/lib/python3.10/dist-packages/auro_interfaces/action'...
[27.392s] Compiling '/home/auro/Auro/install/auro_interfaces/local/lib/python3.10/dist-packages/auro_interfaces/action/__init__.py'...
[27.393s] Compiling '/home/auro/Auro/install/auro_interfaces/local/lib/python3.10/dist-packages/auro_interfaces/action/_move.py'...
[27.393s] Listing '/home/auro/Auro/install/auro_interfaces/local/lib/python3.10/dist-packages/auro_interfaces/msg'...
[27.393s] Compiling '/home/auro/Auro/install/auro_interfaces/local/lib/python3.10/dist-packages/auro_interfaces/msg/__init__.py'...
[27.393s] Compiling '/home/auro/Auro/install/auro_interfaces/local/lib/python3.10/dist-packages/auro_interfaces/msg/_direction.py'...
[27.393s] Compiling '/home/auro/Auro/install/auro_interfaces/local/lib/python3.10/dist-packages/auro_interfaces/msg/_item.py'...
[27.393s] Compiling '/home/auro/Auro/install/auro_interfaces/local/lib/python3.10/dist-packages/auro_interfaces/msg/_item_list.py'...
[27.393s] Compiling '/home/auro/Auro/install/auro_interfaces/local/lib/python3.10/dist-packages/auro_interfaces/msg/_string_with_pose.py'...
[27.393s] Listing '/home/auro/Auro/install/auro_interfaces/local/lib/python3.10/dist-packages/auro_interfaces/srv'...
[27.393s] Compiling '/home/auro/Auro/install/auro_interfaces/local/lib/python3.10/dist-packages/auro_interfaces/srv/__init__.py'...
[27.393s] Compiling '/home/auro/Auro/install/auro_interfaces/local/lib/python3.10/dist-packages/auro_interfaces/srv/_item_request.py'...
[27.400s] -- Installing: /home/auro/Auro/install/auro_interfaces/lib/libauro_interfaces__rosidl_generator_py.so
[27.400s] -- Set runtime path of "/home/auro/Auro/install/auro_interfaces/lib/libauro_interfaces__rosidl_generator_py.so" to ""
[27.400s] -- Up-to-date: /home/auro/Auro/install/auro_interfaces/share/auro_interfaces/cmake/export_auro_interfaces__rosidl_generator_cExport.cmake
[27.401s] -- Up-to-date: /home/auro/Auro/install/auro_interfaces/share/auro_interfaces/cmake/export_auro_interfaces__rosidl_generator_cExport-noconfig.cmake
[27.401s] -- Up-to-date: /home/auro/Auro/install/auro_interfaces/share/auro_interfaces/cmake/export_auro_interfaces__rosidl_typesupport_fastrtps_cExport.cmake
[27.401s] -- Up-to-date: /home/auro/Auro/install/auro_interfaces/share/auro_interfaces/cmake/export_auro_interfaces__rosidl_typesupport_fastrtps_cExport-noconfig.cmake
[27.401s] -- Up-to-date: /home/auro/Auro/install/auro_interfaces/share/auro_interfaces/cmake/export_auro_interfaces__rosidl_generator_cppExport.cmake
[27.401s] -- Up-to-date: /home/auro/Auro/install/auro_interfaces/share/auro_interfaces/cmake/export_auro_interfaces__rosidl_typesupport_fastrtps_cppExport.cmake
[27.401s] -- Up-to-date: /home/auro/Auro/install/auro_interfaces/share/auro_interfaces/cmake/export_auro_interfaces__rosidl_typesupport_fastrtps_cppExport-noconfig.cmake
[27.401s] -- Up-to-date: /home/auro/Auro/install/auro_interfaces/share/auro_interfaces/cmake/auro_interfaces__rosidl_typesupport_introspection_cExport.cmake
[27.401s] -- Up-to-date: /home/auro/Auro/install/auro_interfaces/share/auro_interfaces/cmake/auro_interfaces__rosidl_typesupport_introspection_cExport-noconfig.cmake
[27.402s] -- Up-to-date: /home/auro/Auro/install/auro_interfaces/share/auro_interfaces/cmake/auro_interfaces__rosidl_typesupport_cExport.cmake
[27.402s] -- Up-to-date: /home/auro/Auro/install/auro_interfaces/share/auro_interfaces/cmake/auro_interfaces__rosidl_typesupport_cExport-noconfig.cmake
[27.402s] -- Up-to-date: /home/auro/Auro/install/auro_interfaces/share/auro_interfaces/cmake/auro_interfaces__rosidl_typesupport_introspection_cppExport.cmake
[27.402s] -- Up-to-date: /home/auro/Auro/install/auro_interfaces/share/auro_interfaces/cmake/auro_interfaces__rosidl_typesupport_introspection_cppExport-noconfig.cmake
[27.402s] -- Up-to-date: /home/auro/Auro/install/auro_interfaces/share/auro_interfaces/cmake/auro_interfaces__rosidl_typesupport_cppExport.cmake
[27.402s] -- Up-to-date: /home/auro/Auro/install/auro_interfaces/share/auro_interfaces/cmake/auro_interfaces__rosidl_typesupport_cppExport-noconfig.cmake
[27.402s] -- Up-to-date: /home/auro/Auro/install/auro_interfaces/share/auro_interfaces/cmake/export_auro_interfaces__rosidl_generator_pyExport.cmake
[27.402s] -- Up-to-date: /home/auro/Auro/install/auro_interfaces/share/auro_interfaces/cmake/export_auro_interfaces__rosidl_generator_pyExport-noconfig.cmake
[27.405s] Invoked command in '/home/auro/Auro/build/auro_interfaces' returned '0': CMAKE_PREFIX_PATH=${CMAKE_PREFIX_PATH}:/home/auro/Auro/install/tf_relay:/home/auro/Auro/install/solution:/home/auro/Auro/install/assessment:/home/auro/turtlebot3_ws/install/turtlebot3_teleop:/home/auro/turtlebot3_ws/install/turtlebot3_example:/opt/ros/humble /usr/bin/cmake --install /home/auro/Auro/build/auro_interfaces
