[0.166s] DEBUG:colcon:Command line arguments: ['/usr/bin/colcon', 'build', '--symlink-install']
[0.166s] DEBUG:colcon:Parsed command line arguments: Namespace(log_base=None, log_level=None, verb_name='build', build_base='build', install_base='install', merge_install=False, symlink_install=True, test_result_base=None, continue_on_error=False, executor='parallel', parallel_workers=4, event_handlers=None, ignore_user_meta=False, metas=['./colcon.meta'], base_paths=['.'], packages_ignore=None, packages_ignore_regex=None, paths=None, packages_up_to=None, packages_up_to_regex=None, packages_above=None, packages_above_and_dependencies=None, packages_above_depth=None, packages_select_by_dep=None, packages_skip_by_dep=None, packages_skip_up_to=None, packages_select_build_failed=False, packages_skip_build_finished=False, packages_select_test_failures=False, packages_skip_test_passed=False, packages_select=None, packages_skip=None, packages_select_regex=None, packages_skip_regex=None, packages_start=None, packages_end=None, allow_overriding=[], cmake_args=None, cmake_target=None, cmake_target_skip_unavailable=False, cmake_clean_cache=False, cmake_clean_first=False, cmake_force_configure=False, ament_cmake_args=None, catkin_cmake_args=None, catkin_skip_building_tests=False, mixin_files=None, mixin=None, verb_parser=<colcon_mixin.mixin.mixin_argument.MixinArgumentDecorator object at 0x7187957a0070>, verb_extension=<colcon_core.verb.build.BuildVerb object at 0x7187958feb00>, main=<bound method BuildVerb.main of <colcon_core.verb.build.BuildVerb object at 0x7187958feb00>>, mixin_verb=('build',))
[0.380s] Level 1:colcon.colcon_core.package_discovery:discover_packages(colcon_meta) check parameters
[0.380s] Level 1:colcon.colcon_core.package_discovery:discover_packages(recursive) check parameters
[0.380s] Level 1:colcon.colcon_core.package_discovery:discover_packages(ignore) check parameters
[0.380s] Level 1:colcon.colcon_core.package_discovery:discover_packages(path) check parameters
[0.380s] Level 1:colcon.colcon_core.package_discovery:discover_packages(colcon_meta) discover
[0.380s] Level 1:colcon.colcon_core.package_discovery:discover_packages(recursive) discover
[0.380s] INFO:colcon.colcon_core.package_discovery:Crawling recursively for packages in '/home/auro/AURO-Revised'
[0.380s] Level 1:colcon.colcon_core.package_identification:_identify(.) by extensions ['ignore', 'ignore_ament_install']
[0.380s] Level 1:colcon.colcon_core.package_identification:_identify(.) by extension 'ignore'
[0.380s] Level 1:colcon.colcon_core.package_identification:_identify(.) by extension 'ignore_ament_install'
[0.380s] Level 1:colcon.colcon_core.package_identification:_identify(.) by extensions ['colcon_pkg']
[0.380s] Level 1:colcon.colcon_core.package_identification:_identify(.) by extension 'colcon_pkg'
[0.380s] Level 1:colcon.colcon_core.package_identification:_identify(.) by extensions ['colcon_meta']
[0.380s] Level 1:colcon.colcon_core.package_identification:_identify(.) by extension 'colcon_meta'
[0.380s] Level 1:colcon.colcon_core.package_identification:_identify(.) by extensions ['ros']
[0.380s] Level 1:colcon.colcon_core.package_identification:_identify(.) by extension 'ros'
[0.408s] Level 1:colcon.colcon_core.package_identification:_identify(.) by extensions ['cmake', 'python']
[0.408s] Level 1:colcon.colcon_core.package_identification:_identify(.) by extension 'cmake'
[0.409s] Level 1:colcon.colcon_core.package_identification:_identify(.) by extension 'python'
[0.409s] Level 1:colcon.colcon_core.package_identification:_identify(.) by extensions ['python_setup_py']
[0.409s] Level 1:colcon.colcon_core.package_identification:_identify(.) by extension 'python_setup_py'
[0.409s] Level 1:colcon.colcon_core.package_identification:_identify(assessment) by extensions ['ignore', 'ignore_ament_install']
[0.409s] Level 1:colcon.colcon_core.package_identification:_identify(assessment) by extension 'ignore'
[0.409s] Level 1:colcon.colcon_core.package_identification:_identify(assessment) by extension 'ignore_ament_install'
[0.409s] Level 1:colcon.colcon_core.package_identification:_identify(assessment) by extensions ['colcon_pkg']
[0.409s] Level 1:colcon.colcon_core.package_identification:_identify(assessment) by extension 'colcon_pkg'
[0.409s] Level 1:colcon.colcon_core.package_identification:_identify(assessment) by extensions ['colcon_meta']
[0.409s] Level 1:colcon.colcon_core.package_identification:_identify(assessment) by extension 'colcon_meta'
[0.409s] Level 1:colcon.colcon_core.package_identification:_identify(assessment) by extensions ['ros']
[0.409s] Level 1:colcon.colcon_core.package_identification:_identify(assessment) by extension 'ros'
[0.412s] DEBUG:colcon.colcon_core.package_identification:Package 'assessment' with type 'ros.ament_python' and name 'assessment'
[0.412s] Level 1:colcon.colcon_core.package_identification:_identify(assessment_interfaces) by extensions ['ignore', 'ignore_ament_install']
[0.412s] Level 1:colcon.colcon_core.package_identification:_identify(assessment_interfaces) by extension 'ignore'
[0.412s] Level 1:colcon.colcon_core.package_identification:_identify(assessment_interfaces) by extension 'ignore_ament_install'
[0.412s] Level 1:colcon.colcon_core.package_identification:_identify(assessment_interfaces) by extensions ['colcon_pkg']
[0.412s] Level 1:colcon.colcon_core.package_identification:_identify(assessment_interfaces) by extension 'colcon_pkg'
[0.412s] Level 1:colcon.colcon_core.package_identification:_identify(assessment_interfaces) by extensions ['colcon_meta']
[0.412s] Level 1:colcon.colcon_core.package_identification:_identify(assessment_interfaces) by extension 'colcon_meta'
[0.412s] Level 1:colcon.colcon_core.package_identification:_identify(assessment_interfaces) by extensions ['ros']
[0.412s] Level 1:colcon.colcon_core.package_identification:_identify(assessment_interfaces) by extension 'ros'
[0.413s] DEBUG:colcon.colcon_core.package_identification:Package 'assessment_interfaces' with type 'ros.ament_cmake' and name 'assessment_interfaces'
[0.413s] Level 1:colcon.colcon_core.package_identification:_identify(auro_interfaces) by extensions ['ignore', 'ignore_ament_install']
[0.413s] Level 1:colcon.colcon_core.package_identification:_identify(auro_interfaces) by extension 'ignore'
[0.413s] Level 1:colcon.colcon_core.package_identification:_identify(auro_interfaces) by extension 'ignore_ament_install'
[0.413s] Level 1:colcon.colcon_core.package_identification:_identify(auro_interfaces) by extensions ['colcon_pkg']
[0.413s] Level 1:colcon.colcon_core.package_identification:_identify(auro_interfaces) by extension 'colcon_pkg'
[0.413s] Level 1:colcon.colcon_core.package_identification:_identify(auro_interfaces) by extensions ['colcon_meta']
[0.413s] Level 1:colcon.colcon_core.package_identification:_identify(auro_interfaces) by extension 'colcon_meta'
[0.414s] Level 1:colcon.colcon_core.package_identification:_identify(auro_interfaces) by extensions ['ros']
[0.414s] Level 1:colcon.colcon_core.package_identification:_identify(auro_interfaces) by extension 'ros'
[0.414s] DEBUG:colcon.colcon_core.package_identification:Package 'auro_interfaces' with type 'ros.ament_cmake' and name 'auro_interfaces'
[0.414s] Level 1:colcon.colcon_core.package_identification:_identify(build) by extensions ['ignore', 'ignore_ament_install']
[0.414s] Level 1:colcon.colcon_core.package_identification:_identify(build) by extension 'ignore'
[0.414s] Level 1:colcon.colcon_core.package_identification:_identify(build) ignored
[0.415s] Level 1:colcon.colcon_core.package_identification:_identify(install) by extensions ['ignore', 'ignore_ament_install']
[0.415s] Level 1:colcon.colcon_core.package_identification:_identify(install) by extension 'ignore'
[0.415s] Level 1:colcon.colcon_core.package_identification:_identify(install) ignored
[0.415s] Level 1:colcon.colcon_core.package_identification:_identify(log) by extensions ['ignore', 'ignore_ament_install']
[0.415s] Level 1:colcon.colcon_core.package_identification:_identify(log) by extension 'ignore'
[0.415s] Level 1:colcon.colcon_core.package_identification:_identify(log) ignored
[0.415s] Level 1:colcon.colcon_core.package_identification:_identify(solution) by extensions ['ignore', 'ignore_ament_install']
[0.415s] Level 1:colcon.colcon_core.package_identification:_identify(solution) by extension 'ignore'
[0.415s] Level 1:colcon.colcon_core.package_identification:_identify(solution) by extension 'ignore_ament_install'
[0.415s] Level 1:colcon.colcon_core.package_identification:_identify(solution) by extensions ['colcon_pkg']
[0.415s] Level 1:colcon.colcon_core.package_identification:_identify(solution) by extension 'colcon_pkg'
[0.415s] Level 1:colcon.colcon_core.package_identification:_identify(solution) by extensions ['colcon_meta']
[0.415s] Level 1:colcon.colcon_core.package_identification:_identify(solution) by extension 'colcon_meta'
[0.415s] Level 1:colcon.colcon_core.package_identification:_identify(solution) by extensions ['ros']
[0.415s] Level 1:colcon.colcon_core.package_identification:_identify(solution) by extension 'ros'
[0.416s] DEBUG:colcon.colcon_core.package_identification:Package 'solution' with type 'ros.ament_python' and name 'solution'
[0.416s] Level 1:colcon.colcon_core.package_identification:_identify(tf_relay) by extensions ['ignore', 'ignore_ament_install']
[0.416s] Level 1:colcon.colcon_core.package_identification:_identify(tf_relay) by extension 'ignore'
[0.416s] Level 1:colcon.colcon_core.package_identification:_identify(tf_relay) by extension 'ignore_ament_install'
[0.416s] Level 1:colcon.colcon_core.package_identification:_identify(tf_relay) by extensions ['colcon_pkg']
[0.416s] Level 1:colcon.colcon_core.package_identification:_identify(tf_relay) by extension 'colcon_pkg'
[0.416s] Level 1:colcon.colcon_core.package_identification:_identify(tf_relay) by extensions ['colcon_meta']
[0.416s] Level 1:colcon.colcon_core.package_identification:_identify(tf_relay) by extension 'colcon_meta'
[0.416s] Level 1:colcon.colcon_core.package_identification:_identify(tf_relay) by extensions ['ros']
[0.416s] Level 1:colcon.colcon_core.package_identification:_identify(tf_relay) by extension 'ros'
[0.417s] DEBUG:colcon.colcon_core.package_identification:Package 'tf_relay' with type 'ros.ament_python' and name 'tf_relay'
[0.417s] Level 1:colcon.colcon_core.package_discovery:discover_packages(recursive) using defaults
[0.417s] Level 1:colcon.colcon_core.package_discovery:discover_packages(ignore) discover
[0.417s] Level 1:colcon.colcon_core.package_discovery:discover_packages(ignore) using defaults
[0.417s] Level 1:colcon.colcon_core.package_discovery:discover_packages(path) discover
[0.417s] Level 1:colcon.colcon_core.package_discovery:discover_packages(path) using defaults
[0.442s] Level 1:colcon.colcon_core.package_discovery:discover_packages(prefix_path) check parameters
[0.442s] Level 1:colcon.colcon_core.package_discovery:discover_packages(prefix_path) discover
[0.444s] DEBUG:colcon.colcon_installed_package_information.package_discovery:Found 5 installed packages in /home/auro/AURO-Revised/install
[0.445s] DEBUG:colcon.colcon_installed_package_information.package_discovery:Found 15 installed packages in /home/auro/turtlebot3_ws/install
[0.447s] DEBUG:colcon.colcon_installed_package_information.package_discovery:Found 398 installed packages in /opt/ros/humble
[0.450s] Level 1:colcon.colcon_core.package_discovery:discover_packages(prefix_path) using defaults
[0.514s] Level 5:colcon.colcon_core.verb:set package 'assessment_interfaces' build argument 'cmake_args' from command line to 'None'
[0.514s] Level 5:colcon.colcon_core.verb:set package 'assessment_interfaces' build argument 'cmake_target' from command line to 'None'
[0.514s] Level 5:colcon.colcon_core.verb:set package 'assessment_interfaces' build argument 'cmake_target_skip_unavailable' from command line to 'False'
[0.514s] Level 5:colcon.colcon_core.verb:set package 'assessment_interfaces' build argument 'cmake_clean_cache' from command line to 'False'
[0.514s] Level 5:colcon.colcon_core.verb:set package 'assessment_interfaces' build argument 'cmake_clean_first' from command line to 'False'
[0.514s] Level 5:colcon.colcon_core.verb:set package 'assessment_interfaces' build argument 'cmake_force_configure' from command line to 'False'
[0.514s] Level 5:colcon.colcon_core.verb:set package 'assessment_interfaces' build argument 'ament_cmake_args' from command line to 'None'
[0.514s] Level 5:colcon.colcon_core.verb:set package 'assessment_interfaces' build argument 'catkin_cmake_args' from command line to 'None'
[0.514s] Level 5:colcon.colcon_core.verb:set package 'assessment_interfaces' build argument 'catkin_skip_building_tests' from command line to 'False'
[0.514s] DEBUG:colcon.colcon_core.verb:Building package 'assessment_interfaces' with the following arguments: {'ament_cmake_args': None, 'build_base': '/home/auro/AURO-Revised/build/assessment_interfaces', 'catkin_cmake_args': None, 'catkin_skip_building_tests': False, 'cmake_args': None, 'cmake_clean_cache': False, 'cmake_clean_first': False, 'cmake_force_configure': False, 'cmake_target': None, 'cmake_target_skip_unavailable': False, 'install_base': '/home/auro/AURO-Revised/install/assessment_interfaces', 'merge_install': False, 'path': '/home/auro/AURO-Revised/assessment_interfaces', 'symlink_install': True, 'test_result_base': None}
[0.514s] Level 5:colcon.colcon_core.verb:set package 'auro_interfaces' build argument 'cmake_args' from command line to 'None'
[0.514s] Level 5:colcon.colcon_core.verb:set package 'auro_interfaces' build argument 'cmake_target' from command line to 'None'
[0.514s] Level 5:colcon.colcon_core.verb:set package 'auro_interfaces' build argument 'cmake_target_skip_unavailable' from command line to 'False'
[0.514s] Level 5:colcon.colcon_core.verb:set package 'auro_interfaces' build argument 'cmake_clean_cache' from command line to 'False'
[0.514s] Level 5:colcon.colcon_core.verb:set package 'auro_interfaces' build argument 'cmake_clean_first' from command line to 'False'
[0.514s] Level 5:colcon.colcon_core.verb:set package 'auro_interfaces' build argument 'cmake_force_configure' from command line to 'False'
[0.514s] Level 5:colcon.colcon_core.verb:set package 'auro_interfaces' build argument 'ament_cmake_args' from command line to 'None'
[0.514s] Level 5:colcon.colcon_core.verb:set package 'auro_interfaces' build argument 'catkin_cmake_args' from command line to 'None'
[0.515s] Level 5:colcon.colcon_core.verb:set package 'auro_interfaces' build argument 'catkin_skip_building_tests' from command line to 'False'
[0.515s] DEBUG:colcon.colcon_core.verb:Building package 'auro_interfaces' with the following arguments: {'ament_cmake_args': None, 'build_base': '/home/auro/AURO-Revised/build/auro_interfaces', 'catkin_cmake_args': None, 'catkin_skip_building_tests': False, 'cmake_args': None, 'cmake_clean_cache': False, 'cmake_clean_first': False, 'cmake_force_configure': False, 'cmake_target': None, 'cmake_target_skip_unavailable': False, 'install_base': '/home/auro/AURO-Revised/install/auro_interfaces', 'merge_install': False, 'path': '/home/auro/AURO-Revised/auro_interfaces', 'symlink_install': True, 'test_result_base': None}
[0.515s] Level 5:colcon.colcon_core.verb:set package 'solution' build argument 'cmake_args' from command line to 'None'
[0.515s] Level 5:colcon.colcon_core.verb:set package 'solution' build argument 'cmake_target' from command line to 'None'
[0.515s] Level 5:colcon.colcon_core.verb:set package 'solution' build argument 'cmake_target_skip_unavailable' from command line to 'False'
[0.515s] Level 5:colcon.colcon_core.verb:set package 'solution' build argument 'cmake_clean_cache' from command line to 'False'
[0.515s] Level 5:colcon.colcon_core.verb:set package 'solution' build argument 'cmake_clean_first' from command line to 'False'
[0.515s] Level 5:colcon.colcon_core.verb:set package 'solution' build argument 'cmake_force_configure' from command line to 'False'
[0.515s] Level 5:colcon.colcon_core.verb:set package 'solution' build argument 'ament_cmake_args' from command line to 'None'
[0.515s] Level 5:colcon.colcon_core.verb:set package 'solution' build argument 'catkin_cmake_args' from command line to 'None'
[0.515s] Level 5:colcon.colcon_core.verb:set package 'solution' build argument 'catkin_skip_building_tests' from command line to 'False'
[0.515s] DEBUG:colcon.colcon_core.verb:Building package 'solution' with the following arguments: {'ament_cmake_args': None, 'build_base': '/home/auro/AURO-Revised/build/solution', 'catkin_cmake_args': None, 'catkin_skip_building_tests': False, 'cmake_args': None, 'cmake_clean_cache': False, 'cmake_clean_first': False, 'cmake_force_configure': False, 'cmake_target': None, 'cmake_target_skip_unavailable': False, 'install_base': '/home/auro/AURO-Revised/install/solution', 'merge_install': False, 'path': '/home/auro/AURO-Revised/solution', 'symlink_install': True, 'test_result_base': None}
[0.516s] Level 5:colcon.colcon_core.verb:set package 'tf_relay' build argument 'cmake_args' from command line to 'None'
[0.516s] Level 5:colcon.colcon_core.verb:set package 'tf_relay' build argument 'cmake_target' from command line to 'None'
[0.516s] Level 5:colcon.colcon_core.verb:set package 'tf_relay' build argument 'cmake_target_skip_unavailable' from command line to 'False'
[0.516s] Level 5:colcon.colcon_core.verb:set package 'tf_relay' build argument 'cmake_clean_cache' from command line to 'False'
[0.516s] Level 5:colcon.colcon_core.verb:set package 'tf_relay' build argument 'cmake_clean_first' from command line to 'False'
[0.516s] Level 5:colcon.colcon_core.verb:set package 'tf_relay' build argument 'cmake_force_configure' from command line to 'False'
[0.516s] Level 5:colcon.colcon_core.verb:set package 'tf_relay' build argument 'ament_cmake_args' from command line to 'None'
[0.516s] Level 5:colcon.colcon_core.verb:set package 'tf_relay' build argument 'catkin_cmake_args' from command line to 'None'
[0.516s] Level 5:colcon.colcon_core.verb:set package 'tf_relay' build argument 'catkin_skip_building_tests' from command line to 'False'
[0.516s] DEBUG:colcon.colcon_core.verb:Building package 'tf_relay' with the following arguments: {'ament_cmake_args': None, 'build_base': '/home/auro/AURO-Revised/build/tf_relay', 'catkin_cmake_args': None, 'catkin_skip_building_tests': False, 'cmake_args': None, 'cmake_clean_cache': False, 'cmake_clean_first': False, 'cmake_force_configure': False, 'cmake_target': None, 'cmake_target_skip_unavailable': False, 'install_base': '/home/auro/AURO-Revised/install/tf_relay', 'merge_install': False, 'path': '/home/auro/AURO-Revised/tf_relay', 'symlink_install': True, 'test_result_base': None}
[0.516s] Level 5:colcon.colcon_core.verb:set package 'assessment' build argument 'cmake_args' from command line to 'None'
[0.516s] Level 5:colcon.colcon_core.verb:set package 'assessment' build argument 'cmake_target' from command line to 'None'
[0.516s] Level 5:colcon.colcon_core.verb:set package 'assessment' build argument 'cmake_target_skip_unavailable' from command line to 'False'
[0.516s] Level 5:colcon.colcon_core.verb:set package 'assessment' build argument 'cmake_clean_cache' from command line to 'False'
[0.516s] Level 5:colcon.colcon_core.verb:set package 'assessment' build argument 'cmake_clean_first' from command line to 'False'
[0.516s] Level 5:colcon.colcon_core.verb:set package 'assessment' build argument 'cmake_force_configure' from command line to 'False'
[0.516s] Level 5:colcon.colcon_core.verb:set package 'assessment' build argument 'ament_cmake_args' from command line to 'None'
[0.516s] Level 5:colcon.colcon_core.verb:set package 'assessment' build argument 'catkin_cmake_args' from command line to 'None'
[0.516s] Level 5:colcon.colcon_core.verb:set package 'assessment' build argument 'catkin_skip_building_tests' from command line to 'False'
[0.516s] DEBUG:colcon.colcon_core.verb:Building package 'assessment' with the following arguments: {'ament_cmake_args': None, 'build_base': '/home/auro/AURO-Revised/build/assessment', 'catkin_cmake_args': None, 'catkin_skip_building_tests': False, 'cmake_args': None, 'cmake_clean_cache': False, 'cmake_clean_first': False, 'cmake_force_configure': False, 'cmake_target': None, 'cmake_target_skip_unavailable': False, 'install_base': '/home/auro/AURO-Revised/install/assessment', 'merge_install': False, 'path': '/home/auro/AURO-Revised/assessment', 'symlink_install': True, 'test_result_base': None}
[0.517s] INFO:colcon.colcon_core.executor:Executing jobs using 'parallel' executor
[0.518s] DEBUG:colcon.colcon_parallel_executor.executor.parallel:run_until_complete
[0.519s] INFO:colcon.colcon_ros.task.ament_cmake.build:Building ROS package in '/home/auro/AURO-Revised/auro_interfaces' with build type 'ament_cmake'
[0.519s] INFO:colcon.colcon_cmake.task.cmake.build:Building CMake package in '/home/auro/AURO-Revised/auro_interfaces'
[0.522s] INFO:colcon.colcon_core.plugin_system:Skipping extension 'colcon_core.shell.bat': Not used on non-Windows systems
[0.523s] INFO:colcon.colcon_core.shell:Skip shell extension 'powershell' for command environment: Not usable outside of PowerShell
[0.523s] DEBUG:colcon.colcon_core.shell:Skip shell extension 'dsv' for command environment
[0.529s] INFO:colcon.colcon_ros.task.ament_cmake.build:Building ROS package in '/home/auro/AURO-Revised/assessment_interfaces' with build type 'ament_cmake'
[0.529s] INFO:colcon.colcon_cmake.task.cmake.build:Building CMake package in '/home/auro/AURO-Revised/assessment_interfaces'
[0.530s] INFO:colcon.colcon_core.shell:Skip shell extension 'powershell' for command environment: Not usable outside of PowerShell
[0.530s] DEBUG:colcon.colcon_core.shell:Skip shell extension 'dsv' for command environment
[0.537s] INFO:colcon.colcon_ros.task.ament_python.build:Building ROS package in '/home/auro/AURO-Revised/solution' with build type 'ament_python'
[0.537s] Level 1:colcon.colcon_core.shell:create_environment_hook('solution', 'ament_prefix_path')
[0.537s] INFO:colcon.colcon_core.shell:Creating environment hook '/home/auro/AURO-Revised/install/solution/share/solution/hook/ament_prefix_path.ps1'
[0.539s] INFO:colcon.colcon_core.shell:Creating environment descriptor '/home/auro/AURO-Revised/install/solution/share/solution/hook/ament_prefix_path.dsv'
[0.541s] INFO:colcon.colcon_core.shell:Creating environment hook '/home/auro/AURO-Revised/install/solution/share/solution/hook/ament_prefix_path.sh'
[0.543s] INFO:colcon.colcon_core.shell:Skip shell extension 'powershell' for command environment: Not usable outside of PowerShell
[0.543s] DEBUG:colcon.colcon_core.shell:Skip shell extension 'dsv' for command environment
[0.549s] INFO:colcon.colcon_ros.task.ament_python.build:Building ROS package in '/home/auro/AURO-Revised/tf_relay' with build type 'ament_python'
[0.549s] Level 1:colcon.colcon_core.shell:create_environment_hook('tf_relay', 'ament_prefix_path')
[0.550s] INFO:colcon.colcon_core.shell:Creating environment hook '/home/auro/AURO-Revised/install/tf_relay/share/tf_relay/hook/ament_prefix_path.ps1'
[0.550s] INFO:colcon.colcon_core.shell:Creating environment descriptor '/home/auro/AURO-Revised/install/tf_relay/share/tf_relay/hook/ament_prefix_path.dsv'
[0.551s] INFO:colcon.colcon_core.shell:Creating environment hook '/home/auro/AURO-Revised/install/tf_relay/share/tf_relay/hook/ament_prefix_path.sh'
[0.551s] INFO:colcon.colcon_core.shell:Skip shell extension 'powershell' for command environment: Not usable outside of PowerShell
[0.552s] DEBUG:colcon.colcon_core.shell:Skip shell extension 'dsv' for command environment
[0.572s] DEBUG:colcon.colcon_core.event_handler.log_command:Invoking command in '/home/auro/AURO-Revised/build/auro_interfaces': CMAKE_PREFIX_PATH=${CMAKE_PREFIX_PATH}:/home/auro/AURO-Revised/install/tf_relay:/home/auro/AURO-Revised/install/solution:/home/auro/AURO-Revised/install/assessment:/home/auro/turtlebot3_ws/install/turtlebot3_teleop:/home/auro/turtlebot3_ws/install/turtlebot3_example:/opt/ros/humble /usr/bin/cmake --build /home/auro/AURO-Revised/build/auro_interfaces -- -j4 -l4
[0.577s] DEBUG:colcon.colcon_core.event_handler.log_command:Invoking command in '/home/auro/AURO-Revised/build/assessment_interfaces': CMAKE_PREFIX_PATH=${CMAKE_PREFIX_PATH}:/home/auro/AURO-Revised/install/tf_relay:/home/auro/AURO-Revised/install/solution:/home/auro/AURO-Revised/install/assessment:/home/auro/turtlebot3_ws/install/turtlebot3_teleop:/home/auro/turtlebot3_ws/install/turtlebot3_example:/opt/ros/humble /usr/bin/cmake --build /home/auro/AURO-Revised/build/assessment_interfaces -- -j4 -l4
[1.004s] INFO:colcon.colcon_core.task.python.build:Building Python package in '/home/auro/AURO-Revised/solution'
[1.005s] INFO:colcon.colcon_core.shell:Skip shell extension 'powershell' for command environment: Not usable outside of PowerShell
[1.005s] DEBUG:colcon.colcon_core.shell:Skip shell extension 'dsv' for command environment
[1.432s] INFO:colcon.colcon_core.task.python.build:Building Python package in '/home/auro/AURO-Revised/tf_relay'
[1.433s] INFO:colcon.colcon_core.shell:Skip shell extension 'powershell' for command environment: Not usable outside of PowerShell
[1.433s] DEBUG:colcon.colcon_core.shell:Skip shell extension 'dsv' for command environment
[1.712s] DEBUG:colcon.colcon_core.event_handler.log_command:Invoked command in '/home/auro/AURO-Revised/build/auro_interfaces' returned '0': CMAKE_PREFIX_PATH=${CMAKE_PREFIX_PATH}:/home/auro/AURO-Revised/install/tf_relay:/home/auro/AURO-Revised/install/solution:/home/auro/AURO-Revised/install/assessment:/home/auro/turtlebot3_ws/install/turtlebot3_teleop:/home/auro/turtlebot3_ws/install/turtlebot3_example:/opt/ros/humble /usr/bin/cmake --build /home/auro/AURO-Revised/build/auro_interfaces -- -j4 -l4
[1.717s] DEBUG:colcon.colcon_core.event_handler.log_command:Invoked command in '/home/auro/AURO-Revised/build/assessment_interfaces' returned '0': CMAKE_PREFIX_PATH=${CMAKE_PREFIX_PATH}:/home/auro/AURO-Revised/install/tf_relay:/home/auro/AURO-Revised/install/solution:/home/auro/AURO-Revised/install/assessment:/home/auro/turtlebot3_ws/install/turtlebot3_teleop:/home/auro/turtlebot3_ws/install/turtlebot3_example:/opt/ros/humble /usr/bin/cmake --build /home/auro/AURO-Revised/build/assessment_interfaces -- -j4 -l4
[2.119s] DEBUG:colcon.colcon_core.event_handler.log_command:Invoking command in '/home/auro/AURO-Revised/build/solution': PYTHONPATH=/home/auro/AURO-Revised/build/solution/prefix_override:/usr/lib/python3/dist-packages/colcon_core/task/python/colcon_distutils_commands:/home/auro/AURO-Revised/install/solution/lib/python3.10/site-packages:${PYTHONPATH} /usr/bin/python3 -W ignore:setup.py install is deprecated setup.py develop --editable --build-directory /home/auro/AURO-Revised/build/solution/build --no-deps symlink_data
[2.122s] DEBUG:colcon.colcon_core.event_handler.log_command:Invoking command in '/home/auro/AURO-Revised/build/tf_relay': PYTHONPATH=/home/auro/AURO-Revised/build/tf_relay/prefix_override:/usr/lib/python3/dist-packages/colcon_core/task/python/colcon_distutils_commands:/home/auro/AURO-Revised/install/tf_relay/lib/python3.10/site-packages:${PYTHONPATH} /usr/bin/python3 -W ignore:setup.py install is deprecated setup.py develop --editable --build-directory /home/auro/AURO-Revised/build/tf_relay/build --no-deps symlink_data
[2.208s] DEBUG:colcon.colcon_core.event_handler.log_command:Invoking command in '/home/auro/AURO-Revised/build/assessment_interfaces': CMAKE_PREFIX_PATH=${CMAKE_PREFIX_PATH}:/home/auro/AURO-Revised/install/tf_relay:/home/auro/AURO-Revised/install/solution:/home/auro/AURO-Revised/install/assessment:/home/auro/turtlebot3_ws/install/turtlebot3_teleop:/home/auro/turtlebot3_ws/install/turtlebot3_example:/opt/ros/humble /usr/bin/cmake --install /home/auro/AURO-Revised/build/assessment_interfaces
[2.366s] Level 1:colcon.colcon_core.environment:create_environment_scripts_only(assessment_interfaces)
[2.372s] Level 1:colcon.colcon_core.environment:checking '/home/auro/AURO-Revised/install/assessment_interfaces' for CMake module files
[2.374s] Level 1:colcon.colcon_core.environment:checking '/home/auro/AURO-Revised/install/assessment_interfaces' for CMake config files
[2.375s] Level 1:colcon.colcon_core.shell:create_environment_hook('assessment_interfaces', 'cmake_prefix_path')
[2.376s] INFO:colcon.colcon_core.shell:Creating environment hook '/home/auro/AURO-Revised/install/assessment_interfaces/share/assessment_interfaces/hook/cmake_prefix_path.ps1'
[2.377s] INFO:colcon.colcon_core.shell:Creating environment descriptor '/home/auro/AURO-Revised/install/assessment_interfaces/share/assessment_interfaces/hook/cmake_prefix_path.dsv'
[2.367s] DEBUG:colcon.colcon_core.event_handler.log_command:Invoked command in '/home/auro/AURO-Revised/build/assessment_interfaces' returned '0': CMAKE_PREFIX_PATH=${CMAKE_PREFIX_PATH}:/home/auro/AURO-Revised/install/tf_relay:/home/auro/AURO-Revised/install/solution:/home/auro/AURO-Revised/install/assessment:/home/auro/turtlebot3_ws/install/turtlebot3_teleop:/home/auro/turtlebot3_ws/install/turtlebot3_example:/opt/ros/humble /usr/bin/cmake --install /home/auro/AURO-Revised/build/assessment_interfaces
[2.380s] INFO:colcon.colcon_core.shell:Creating environment hook '/home/auro/AURO-Revised/install/assessment_interfaces/share/assessment_interfaces/hook/cmake_prefix_path.sh'
[2.382s] Level 1:colcon.colcon_core.environment:checking '/home/auro/AURO-Revised/install/assessment_interfaces/lib'
[2.382s] Level 1:colcon.colcon_core.shell:create_environment_hook('assessment_interfaces', 'ld_library_path_lib')
[2.382s] INFO:colcon.colcon_core.shell:Creating environment hook '/home/auro/AURO-Revised/install/assessment_interfaces/share/assessment_interfaces/hook/ld_library_path_lib.ps1'
[2.383s] INFO:colcon.colcon_core.shell:Creating environment descriptor '/home/auro/AURO-Revised/install/assessment_interfaces/share/assessment_interfaces/hook/ld_library_path_lib.dsv'
[2.383s] INFO:colcon.colcon_core.shell:Creating environment hook '/home/auro/AURO-Revised/install/assessment_interfaces/share/assessment_interfaces/hook/ld_library_path_lib.sh'
[2.384s] Level 1:colcon.colcon_core.environment:checking '/home/auro/AURO-Revised/install/assessment_interfaces/bin'
[2.384s] Level 1:colcon.colcon_core.environment:checking '/home/auro/AURO-Revised/install/assessment_interfaces/lib/pkgconfig/assessment_interfaces.pc'
[2.384s] Level 1:colcon.colcon_core.environment:checking '/home/auro/AURO-Revised/install/assessment_interfaces/lib/python3.10/site-packages'
[2.385s] Level 1:colcon.colcon_core.environment:checking '/home/auro/AURO-Revised/install/assessment_interfaces/bin'
[2.385s] INFO:colcon.colcon_core.shell:Creating package script '/home/auro/AURO-Revised/install/assessment_interfaces/share/assessment_interfaces/package.ps1'
[2.387s] INFO:colcon.colcon_core.shell:Creating package descriptor '/home/auro/AURO-Revised/install/assessment_interfaces/share/assessment_interfaces/package.dsv'
[2.387s] INFO:colcon.colcon_core.shell:Creating package script '/home/auro/AURO-Revised/install/assessment_interfaces/share/assessment_interfaces/package.sh'
[2.389s] INFO:colcon.colcon_core.shell:Creating package script '/home/auro/AURO-Revised/install/assessment_interfaces/share/assessment_interfaces/package.bash'
[2.390s] INFO:colcon.colcon_core.shell:Creating package script '/home/auro/AURO-Revised/install/assessment_interfaces/share/assessment_interfaces/package.zsh'
[2.391s] Level 1:colcon.colcon_core.environment:create_file_with_runtime_dependencies(/home/auro/AURO-Revised/install/assessment_interfaces/share/colcon-core/packages/assessment_interfaces)
[2.404s] DEBUG:colcon.colcon_core.event_handler.log_command:Invoking command in '/home/auro/AURO-Revised/build/auro_interfaces': CMAKE_PREFIX_PATH=${CMAKE_PREFIX_PATH}:/home/auro/AURO-Revised/install/tf_relay:/home/auro/AURO-Revised/install/solution:/home/auro/AURO-Revised/install/assessment:/home/auro/turtlebot3_ws/install/turtlebot3_teleop:/home/auro/turtlebot3_ws/install/turtlebot3_example:/opt/ros/humble /usr/bin/cmake --install /home/auro/AURO-Revised/build/auro_interfaces
[2.622s] Level 1:colcon.colcon_core.environment:create_environment_scripts_only(auro_interfaces)
[2.623s] Level 1:colcon.colcon_core.environment:checking '/home/auro/AURO-Revised/install/auro_interfaces' for CMake module files
[2.624s] Level 1:colcon.colcon_core.environment:checking '/home/auro/AURO-Revised/install/auro_interfaces' for CMake config files
[2.626s] Level 1:colcon.colcon_core.shell:create_environment_hook('auro_interfaces', 'cmake_prefix_path')
[2.626s] INFO:colcon.colcon_core.shell:Creating environment hook '/home/auro/AURO-Revised/install/auro_interfaces/share/auro_interfaces/hook/cmake_prefix_path.ps1'
[2.627s] INFO:colcon.colcon_core.shell:Creating environment descriptor '/home/auro/AURO-Revised/install/auro_interfaces/share/auro_interfaces/hook/cmake_prefix_path.dsv'
[2.627s] INFO:colcon.colcon_core.shell:Creating environment hook '/home/auro/AURO-Revised/install/auro_interfaces/share/auro_interfaces/hook/cmake_prefix_path.sh'
[2.628s] Level 1:colcon.colcon_core.environment:checking '/home/auro/AURO-Revised/install/auro_interfaces/lib'
[2.628s] Level 1:colcon.colcon_core.shell:create_environment_hook('auro_interfaces', 'ld_library_path_lib')
[2.629s] INFO:colcon.colcon_core.shell:Creating environment hook '/home/auro/AURO-Revised/install/auro_interfaces/share/auro_interfaces/hook/ld_library_path_lib.ps1'
[2.629s] INFO:colcon.colcon_core.shell:Creating environment descriptor '/home/auro/AURO-Revised/install/auro_interfaces/share/auro_interfaces/hook/ld_library_path_lib.dsv'
[2.630s] INFO:colcon.colcon_core.shell:Creating environment hook '/home/auro/AURO-Revised/install/auro_interfaces/share/auro_interfaces/hook/ld_library_path_lib.sh'
[2.631s] Level 1:colcon.colcon_core.environment:checking '/home/auro/AURO-Revised/install/auro_interfaces/bin'
[2.631s] Level 1:colcon.colcon_core.environment:checking '/home/auro/AURO-Revised/install/auro_interfaces/lib/pkgconfig/auro_interfaces.pc'
[2.631s] Level 1:colcon.colcon_core.environment:checking '/home/auro/AURO-Revised/install/auro_interfaces/lib/python3.10/site-packages'
[2.631s] Level 1:colcon.colcon_core.environment:checking '/home/auro/AURO-Revised/install/auro_interfaces/bin'
[2.632s] INFO:colcon.colcon_core.shell:Creating package script '/home/auro/AURO-Revised/install/auro_interfaces/share/auro_interfaces/package.ps1'
[2.633s] INFO:colcon.colcon_core.shell:Creating package descriptor '/home/auro/AURO-Revised/install/auro_interfaces/share/auro_interfaces/package.dsv'
[2.634s] INFO:colcon.colcon_core.shell:Creating package script '/home/auro/AURO-Revised/install/auro_interfaces/share/auro_interfaces/package.sh'
[2.634s] INFO:colcon.colcon_core.shell:Creating package script '/home/auro/AURO-Revised/install/auro_interfaces/share/auro_interfaces/package.bash'
[2.635s] INFO:colcon.colcon_core.shell:Creating package script '/home/auro/AURO-Revised/install/auro_interfaces/share/auro_interfaces/package.zsh'
[2.635s] Level 1:colcon.colcon_core.environment:create_file_with_runtime_dependencies(/home/auro/AURO-Revised/install/auro_interfaces/share/colcon-core/packages/auro_interfaces)
[2.648s] DEBUG:colcon.colcon_core.event_handler.log_command:Invoked command in '/home/auro/AURO-Revised/build/auro_interfaces' returned '0': CMAKE_PREFIX_PATH=${CMAKE_PREFIX_PATH}:/home/auro/AURO-Revised/install/tf_relay:/home/auro/AURO-Revised/install/solution:/home/auro/AURO-Revised/install/assessment:/home/auro/turtlebot3_ws/install/turtlebot3_teleop:/home/auro/turtlebot3_ws/install/turtlebot3_example:/opt/ros/humble /usr/bin/cmake --install /home/auro/AURO-Revised/build/auro_interfaces
[2.945s] Level 1:colcon.colcon_core.environment:create_environment_scripts_only(assessment_interfaces)
[2.945s] Level 1:colcon.colcon_core.environment:checking '/home/auro/AURO-Revised/install/assessment_interfaces' for CMake module files
[2.946s] Level 1:colcon.colcon_core.environment:checking '/home/auro/AURO-Revised/install/assessment_interfaces' for CMake config files
[2.947s] Level 1:colcon.colcon_core.shell:create_environment_hook('assessment_interfaces', 'cmake_prefix_path')
[2.948s] INFO:colcon.colcon_core.shell:Creating environment hook '/home/auro/AURO-Revised/install/assessment_interfaces/share/assessment_interfaces/hook/cmake_prefix_path.ps1'
[2.948s] INFO:colcon.colcon_core.shell:Creating environment descriptor '/home/auro/AURO-Revised/install/assessment_interfaces/share/assessment_interfaces/hook/cmake_prefix_path.dsv'
[2.949s] INFO:colcon.colcon_core.shell:Creating environment hook '/home/auro/AURO-Revised/install/assessment_interfaces/share/assessment_interfaces/hook/cmake_prefix_path.sh'
[2.950s] Level 1:colcon.colcon_core.environment:checking '/home/auro/AURO-Revised/install/assessment_interfaces/lib'
[2.950s] Level 1:colcon.colcon_core.shell:create_environment_hook('assessment_interfaces', 'ld_library_path_lib')
[2.950s] INFO:colcon.colcon_core.shell:Creating environment hook '/home/auro/AURO-Revised/install/assessment_interfaces/share/assessment_interfaces/hook/ld_library_path_lib.ps1'
[2.951s] INFO:colcon.colcon_core.shell:Creating environment descriptor '/home/auro/AURO-Revised/install/assessment_interfaces/share/assessment_interfaces/hook/ld_library_path_lib.dsv'
[2.951s] INFO:colcon.colcon_core.shell:Creating environment hook '/home/auro/AURO-Revised/install/assessment_interfaces/share/assessment_interfaces/hook/ld_library_path_lib.sh'
[2.952s] Level 1:colcon.colcon_core.environment:checking '/home/auro/AURO-Revised/install/assessment_interfaces/bin'
[2.952s] Level 1:colcon.colcon_core.environment:checking '/home/auro/AURO-Revised/install/assessment_interfaces/lib/pkgconfig/assessment_interfaces.pc'
[2.952s] Level 1:colcon.colcon_core.environment:checking '/home/auro/AURO-Revised/install/assessment_interfaces/lib/python3.10/site-packages'
[2.953s] Level 1:colcon.colcon_core.environment:checking '/home/auro/AURO-Revised/install/assessment_interfaces/bin'
[2.953s] INFO:colcon.colcon_core.shell:Creating package script '/home/auro/AURO-Revised/install/assessment_interfaces/share/assessment_interfaces/package.ps1'
[2.954s] INFO:colcon.colcon_core.shell:Creating package descriptor '/home/auro/AURO-Revised/install/assessment_interfaces/share/assessment_interfaces/package.dsv'
[2.955s] INFO:colcon.colcon_core.shell:Creating package script '/home/auro/AURO-Revised/install/assessment_interfaces/share/assessment_interfaces/package.sh'
[2.955s] INFO:colcon.colcon_core.shell:Creating package script '/home/auro/AURO-Revised/install/assessment_interfaces/share/assessment_interfaces/package.bash'
[2.956s] INFO:colcon.colcon_core.shell:Creating package script '/home/auro/AURO-Revised/install/assessment_interfaces/share/assessment_interfaces/package.zsh'
[2.956s] Level 1:colcon.colcon_core.environment:create_file_with_runtime_dependencies(/home/auro/AURO-Revised/install/assessment_interfaces/share/colcon-core/packages/assessment_interfaces)
[2.958s] Level 1:colcon.colcon_core.shell:create_environment_hook('tf_relay', 'pythonpath_develop')
[2.959s] INFO:colcon.colcon_core.shell:Creating environment hook '/home/auro/AURO-Revised/build/tf_relay/share/tf_relay/hook/pythonpath_develop.ps1'
[2.960s] DEBUG:colcon.colcon_core.event_handler.log_command:Invoked command in '/home/auro/AURO-Revised/build/tf_relay' returned '0': PYTHONPATH=/home/auro/AURO-Revised/build/tf_relay/prefix_override:/usr/lib/python3/dist-packages/colcon_core/task/python/colcon_distutils_commands:/home/auro/AURO-Revised/install/tf_relay/lib/python3.10/site-packages:${PYTHONPATH} /usr/bin/python3 -W ignore:setup.py install is deprecated setup.py develop --editable --build-directory /home/auro/AURO-Revised/build/tf_relay/build --no-deps symlink_data
[2.961s] INFO:colcon.colcon_core.shell:Creating environment descriptor '/home/auro/AURO-Revised/build/tf_relay/share/tf_relay/hook/pythonpath_develop.dsv'
[2.963s] INFO:colcon.colcon_core.shell:Creating environment hook '/home/auro/AURO-Revised/build/tf_relay/share/tf_relay/hook/pythonpath_develop.sh'
[2.964s] Level 1:colcon.colcon_core.environment:checking '/home/auro/AURO-Revised/install/tf_relay' for CMake module files
[2.965s] Level 1:colcon.colcon_core.environment:checking '/home/auro/AURO-Revised/install/tf_relay' for CMake config files
[2.966s] Level 1:colcon.colcon_core.environment:checking '/home/auro/AURO-Revised/install/tf_relay/lib'
[2.966s] Level 1:colcon.colcon_core.environment:checking '/home/auro/AURO-Revised/install/tf_relay/bin'
[2.966s] Level 1:colcon.colcon_core.environment:checking '/home/auro/AURO-Revised/install/tf_relay/lib/pkgconfig/tf_relay.pc'
[2.966s] Level 1:colcon.colcon_core.environment:checking '/home/auro/AURO-Revised/install/tf_relay/lib/python3.10/site-packages'
[2.966s] Level 1:colcon.colcon_core.shell:create_environment_hook('tf_relay', 'pythonpath')
[2.967s] INFO:colcon.colcon_core.shell:Creating environment hook '/home/auro/AURO-Revised/install/tf_relay/share/tf_relay/hook/pythonpath.ps1'
[2.967s] INFO:colcon.colcon_core.shell:Creating environment descriptor '/home/auro/AURO-Revised/install/tf_relay/share/tf_relay/hook/pythonpath.dsv'
[2.968s] INFO:colcon.colcon_core.shell:Creating environment hook '/home/auro/AURO-Revised/install/tf_relay/share/tf_relay/hook/pythonpath.sh'
[2.969s] Level 1:colcon.colcon_core.environment:checking '/home/auro/AURO-Revised/install/tf_relay/bin'
[2.969s] Level 1:colcon.colcon_core.environment:create_environment_scripts_only(tf_relay)
[2.969s] INFO:colcon.colcon_core.shell:Creating package script '/home/auro/AURO-Revised/install/tf_relay/share/tf_relay/package.ps1'
[2.970s] INFO:colcon.colcon_core.shell:Creating package descriptor '/home/auro/AURO-Revised/install/tf_relay/share/tf_relay/package.dsv'
[2.971s] INFO:colcon.colcon_core.shell:Creating package script '/home/auro/AURO-Revised/install/tf_relay/share/tf_relay/package.sh'
[2.971s] INFO:colcon.colcon_core.shell:Creating package script '/home/auro/AURO-Revised/install/tf_relay/share/tf_relay/package.bash'
[2.972s] INFO:colcon.colcon_core.shell:Creating package script '/home/auro/AURO-Revised/install/tf_relay/share/tf_relay/package.zsh'
[2.972s] Level 1:colcon.colcon_core.environment:create_file_with_runtime_dependencies(/home/auro/AURO-Revised/install/tf_relay/share/colcon-core/packages/tf_relay)
[2.973s] Level 1:colcon.colcon_core.shell:create_environment_hook('solution', 'pythonpath_develop')
[2.974s] INFO:colcon.colcon_core.shell:Creating environment hook '/home/auro/AURO-Revised/build/solution/share/solution/hook/pythonpath_develop.ps1'
[2.977s] DEBUG:colcon.colcon_core.event_handler.log_command:Invoked command in '/home/auro/AURO-Revised/build/solution' returned '0': PYTHONPATH=/home/auro/AURO-Revised/build/solution/prefix_override:/usr/lib/python3/dist-packages/colcon_core/task/python/colcon_distutils_commands:/home/auro/AURO-Revised/install/solution/lib/python3.10/site-packages:${PYTHONPATH} /usr/bin/python3 -W ignore:setup.py install is deprecated setup.py develop --editable --build-directory /home/auro/AURO-Revised/build/solution/build --no-deps symlink_data
[2.977s] INFO:colcon.colcon_core.shell:Creating environment descriptor '/home/auro/AURO-Revised/build/solution/share/solution/hook/pythonpath_develop.dsv'
[2.978s] INFO:colcon.colcon_core.shell:Creating environment hook '/home/auro/AURO-Revised/build/solution/share/solution/hook/pythonpath_develop.sh'
[2.979s] Level 1:colcon.colcon_core.environment:checking '/home/auro/AURO-Revised/install/solution' for CMake module files
[2.980s] Level 1:colcon.colcon_core.environment:checking '/home/auro/AURO-Revised/install/solution' for CMake config files
[2.981s] Level 1:colcon.colcon_core.environment:checking '/home/auro/AURO-Revised/install/solution/lib'
[2.981s] Level 1:colcon.colcon_core.environment:checking '/home/auro/AURO-Revised/install/solution/bin'
[2.981s] Level 1:colcon.colcon_core.environment:checking '/home/auro/AURO-Revised/install/solution/lib/pkgconfig/solution.pc'
[2.982s] Level 1:colcon.colcon_core.environment:checking '/home/auro/AURO-Revised/install/solution/lib/python3.10/site-packages'
[2.982s] Level 1:colcon.colcon_core.shell:create_environment_hook('solution', 'pythonpath')
[2.982s] INFO:colcon.colcon_core.shell:Creating environment hook '/home/auro/AURO-Revised/install/solution/share/solution/hook/pythonpath.ps1'
[2.983s] INFO:colcon.colcon_core.shell:Creating environment descriptor '/home/auro/AURO-Revised/install/solution/share/solution/hook/pythonpath.dsv'
[2.983s] INFO:colcon.colcon_core.shell:Creating environment hook '/home/auro/AURO-Revised/install/solution/share/solution/hook/pythonpath.sh'
[2.984s] Level 1:colcon.colcon_core.environment:checking '/home/auro/AURO-Revised/install/solution/bin'
[2.984s] Level 1:colcon.colcon_core.environment:create_environment_scripts_only(solution)
[2.985s] INFO:colcon.colcon_core.shell:Creating package script '/home/auro/AURO-Revised/install/solution/share/solution/package.ps1'
[2.985s] INFO:colcon.colcon_core.shell:Creating package descriptor '/home/auro/AURO-Revised/install/solution/share/solution/package.dsv'
[2.986s] INFO:colcon.colcon_core.shell:Creating package script '/home/auro/AURO-Revised/install/solution/share/solution/package.sh'
[2.987s] INFO:colcon.colcon_core.shell:Creating package script '/home/auro/AURO-Revised/install/solution/share/solution/package.bash'
[2.987s] INFO:colcon.colcon_core.shell:Creating package script '/home/auro/AURO-Revised/install/solution/share/solution/package.zsh'
[2.988s] Level 1:colcon.colcon_core.environment:create_file_with_runtime_dependencies(/home/auro/AURO-Revised/install/solution/share/colcon-core/packages/solution)
[3.181s] Level 1:colcon.colcon_core.environment:create_environment_scripts_only(auro_interfaces)
[3.181s] Level 1:colcon.colcon_core.environment:checking '/home/auro/AURO-Revised/install/auro_interfaces' for CMake module files
[3.183s] Level 1:colcon.colcon_core.environment:checking '/home/auro/AURO-Revised/install/auro_interfaces' for CMake config files
[3.185s] Level 1:colcon.colcon_core.shell:create_environment_hook('auro_interfaces', 'cmake_prefix_path')
[3.185s] INFO:colcon.colcon_core.shell:Creating environment hook '/home/auro/AURO-Revised/install/auro_interfaces/share/auro_interfaces/hook/cmake_prefix_path.ps1'
[3.186s] INFO:colcon.colcon_core.shell:Creating environment descriptor '/home/auro/AURO-Revised/install/auro_interfaces/share/auro_interfaces/hook/cmake_prefix_path.dsv'
[3.186s] INFO:colcon.colcon_core.shell:Creating environment hook '/home/auro/AURO-Revised/install/auro_interfaces/share/auro_interfaces/hook/cmake_prefix_path.sh'
[3.187s] Level 1:colcon.colcon_core.environment:checking '/home/auro/AURO-Revised/install/auro_interfaces/lib'
[3.187s] Level 1:colcon.colcon_core.shell:create_environment_hook('auro_interfaces', 'ld_library_path_lib')
[3.187s] INFO:colcon.colcon_core.shell:Creating environment hook '/home/auro/AURO-Revised/install/auro_interfaces/share/auro_interfaces/hook/ld_library_path_lib.ps1'
[3.188s] INFO:colcon.colcon_core.shell:Creating environment descriptor '/home/auro/AURO-Revised/install/auro_interfaces/share/auro_interfaces/hook/ld_library_path_lib.dsv'
[3.188s] INFO:colcon.colcon_core.shell:Creating environment hook '/home/auro/AURO-Revised/install/auro_interfaces/share/auro_interfaces/hook/ld_library_path_lib.sh'
[3.189s] Level 1:colcon.colcon_core.environment:checking '/home/auro/AURO-Revised/install/auro_interfaces/bin'
[3.189s] Level 1:colcon.colcon_core.environment:checking '/home/auro/AURO-Revised/install/auro_interfaces/lib/pkgconfig/auro_interfaces.pc'
[3.189s] Level 1:colcon.colcon_core.environment:checking '/home/auro/AURO-Revised/install/auro_interfaces/lib/python3.10/site-packages'
[3.189s] Level 1:colcon.colcon_core.environment:checking '/home/auro/AURO-Revised/install/auro_interfaces/bin'
[3.190s] INFO:colcon.colcon_core.shell:Creating package script '/home/auro/AURO-Revised/install/auro_interfaces/share/auro_interfaces/package.ps1'
[3.190s] INFO:colcon.colcon_core.shell:Creating package descriptor '/home/auro/AURO-Revised/install/auro_interfaces/share/auro_interfaces/package.dsv'
[3.191s] INFO:colcon.colcon_core.shell:Creating package script '/home/auro/AURO-Revised/install/auro_interfaces/share/auro_interfaces/package.sh'
[3.192s] INFO:colcon.colcon_core.shell:Creating package script '/home/auro/AURO-Revised/install/auro_interfaces/share/auro_interfaces/package.bash'
[3.193s] INFO:colcon.colcon_core.shell:Creating package script '/home/auro/AURO-Revised/install/auro_interfaces/share/auro_interfaces/package.zsh'
[3.194s] Level 1:colcon.colcon_core.environment:create_file_with_runtime_dependencies(/home/auro/AURO-Revised/install/auro_interfaces/share/colcon-core/packages/auro_interfaces)
[3.195s] INFO:colcon.colcon_ros.task.ament_python.build:Building ROS package in '/home/auro/AURO-Revised/assessment' with build type 'ament_python'
[3.195s] Level 1:colcon.colcon_core.shell:create_environment_hook('assessment', 'ament_prefix_path')
[3.195s] INFO:colcon.colcon_core.shell:Creating environment hook '/home/auro/AURO-Revised/install/assessment/share/assessment/hook/ament_prefix_path.ps1'
[3.197s] INFO:colcon.colcon_core.shell:Creating environment descriptor '/home/auro/AURO-Revised/install/assessment/share/assessment/hook/ament_prefix_path.dsv'
[3.197s] INFO:colcon.colcon_core.shell:Creating environment hook '/home/auro/AURO-Revised/install/assessment/share/assessment/hook/ament_prefix_path.sh'
[3.198s] INFO:colcon.colcon_core.shell:Skip shell extension 'powershell' for command environment: Not usable outside of PowerShell
[3.198s] DEBUG:colcon.colcon_core.shell:Skip shell extension 'dsv' for command environment
[3.583s] INFO:colcon.colcon_core.task.python.build:Building Python package in '/home/auro/AURO-Revised/assessment'
[3.583s] INFO:colcon.colcon_core.shell:Skip shell extension 'powershell' for command environment: Not usable outside of PowerShell
[3.583s] DEBUG:colcon.colcon_core.shell:Skip shell extension 'dsv' for command environment
[4.103s] DEBUG:colcon.colcon_core.event_handler.log_command:Invoking command in '/home/auro/AURO-Revised/build/assessment': LD_LIBRARY_PATH=/home/auro/AURO-Revised/install/auro_interfaces/lib:/home/auro/AURO-Revised/install/assessment_interfaces/lib:/home/auro/turtlebot3_ws/install/turtlebot3_msgs/lib:/home/auro/turtlebot3_ws/install/dynamixel_sdk_custom_interfaces/lib:/home/auro/turtlebot3_ws/install/dynamixel_sdk/lib:/usr/lib/x86_64-linux-gnu/gazebo-11/plugins:/opt/ros/humble/opt/rviz_ogre_vendor/lib:/opt/ros/humble/lib/x86_64-linux-gnu:/opt/ros/humble/lib:/usr/lib/x86_64-linux-gnu/gazebo-11/plugins PYTHONPATH=/home/auro/AURO-Revised/build/assessment/prefix_override:/usr/lib/python3/dist-packages/colcon_core/task/python/colcon_distutils_commands:/home/auro/AURO-Revised/install/assessment/lib/python3.10/site-packages:${PYTHONPATH} /usr/bin/python3 -W ignore:setup.py install is deprecated setup.py develop --editable --build-directory /home/auro/AURO-Revised/build/assessment/build --no-deps symlink_data
[4.735s] Level 1:colcon.colcon_core.shell:create_environment_hook('assessment', 'pythonpath_develop')
[4.735s] DEBUG:colcon.colcon_core.event_handler.log_command:Invoked command in '/home/auro/AURO-Revised/build/assessment' returned '0': LD_LIBRARY_PATH=/home/auro/AURO-Revised/install/auro_interfaces/lib:/home/auro/AURO-Revised/install/assessment_interfaces/lib:/home/auro/turtlebot3_ws/install/turtlebot3_msgs/lib:/home/auro/turtlebot3_ws/install/dynamixel_sdk_custom_interfaces/lib:/home/auro/turtlebot3_ws/install/dynamixel_sdk/lib:/usr/lib/x86_64-linux-gnu/gazebo-11/plugins:/opt/ros/humble/opt/rviz_ogre_vendor/lib:/opt/ros/humble/lib/x86_64-linux-gnu:/opt/ros/humble/lib:/usr/lib/x86_64-linux-gnu/gazebo-11/plugins PYTHONPATH=/home/auro/AURO-Revised/build/assessment/prefix_override:/usr/lib/python3/dist-packages/colcon_core/task/python/colcon_distutils_commands:/home/auro/AURO-Revised/install/assessment/lib/python3.10/site-packages:${PYTHONPATH} /usr/bin/python3 -W ignore:setup.py install is deprecated setup.py develop --editable --build-directory /home/auro/AURO-Revised/build/assessment/build --no-deps symlink_data
[4.736s] INFO:colcon.colcon_core.shell:Creating environment hook '/home/auro/AURO-Revised/build/assessment/share/assessment/hook/pythonpath_develop.ps1'
[4.737s] INFO:colcon.colcon_core.shell:Creating environment descriptor '/home/auro/AURO-Revised/build/assessment/share/assessment/hook/pythonpath_develop.dsv'
[4.737s] INFO:colcon.colcon_core.shell:Creating environment hook '/home/auro/AURO-Revised/build/assessment/share/assessment/hook/pythonpath_develop.sh'
[4.738s] Level 1:colcon.colcon_core.environment:checking '/home/auro/AURO-Revised/install/assessment' for CMake module files
[4.738s] Level 1:colcon.colcon_core.environment:checking '/home/auro/AURO-Revised/install/assessment' for CMake config files
[4.739s] Level 1:colcon.colcon_core.environment:checking '/home/auro/AURO-Revised/install/assessment/lib'
[4.739s] Level 1:colcon.colcon_core.environment:checking '/home/auro/AURO-Revised/install/assessment/bin'
[4.739s] Level 1:colcon.colcon_core.environment:checking '/home/auro/AURO-Revised/install/assessment/lib/pkgconfig/assessment.pc'
[4.739s] Level 1:colcon.colcon_core.environment:checking '/home/auro/AURO-Revised/install/assessment/lib/python3.10/site-packages'
[4.739s] Level 1:colcon.colcon_core.shell:create_environment_hook('assessment', 'pythonpath')
[4.740s] INFO:colcon.colcon_core.shell:Creating environment hook '/home/auro/AURO-Revised/install/assessment/share/assessment/hook/pythonpath.ps1'
[4.740s] INFO:colcon.colcon_core.shell:Creating environment descriptor '/home/auro/AURO-Revised/install/assessment/share/assessment/hook/pythonpath.dsv'
[4.741s] INFO:colcon.colcon_core.shell:Creating environment hook '/home/auro/AURO-Revised/install/assessment/share/assessment/hook/pythonpath.sh'
[4.742s] Level 1:colcon.colcon_core.environment:checking '/home/auro/AURO-Revised/install/assessment/bin'
[4.742s] Level 1:colcon.colcon_core.environment:create_environment_scripts_only(assessment)
[4.742s] INFO:colcon.colcon_core.shell:Creating package script '/home/auro/AURO-Revised/install/assessment/share/assessment/package.ps1'
[4.743s] INFO:colcon.colcon_core.shell:Creating package descriptor '/home/auro/AURO-Revised/install/assessment/share/assessment/package.dsv'
[4.744s] INFO:colcon.colcon_core.shell:Creating package script '/home/auro/AURO-Revised/install/assessment/share/assessment/package.sh'
[4.744s] INFO:colcon.colcon_core.shell:Creating package script '/home/auro/AURO-Revised/install/assessment/share/assessment/package.bash'
[4.744s] INFO:colcon.colcon_core.shell:Creating package script '/home/auro/AURO-Revised/install/assessment/share/assessment/package.zsh'
[4.745s] Level 1:colcon.colcon_core.environment:create_file_with_runtime_dependencies(/home/auro/AURO-Revised/install/assessment/share/colcon-core/packages/assessment)
[4.745s] DEBUG:colcon.colcon_parallel_executor.executor.parallel:closing loop
[4.745s] DEBUG:colcon.colcon_parallel_executor.executor.parallel:loop closed
[4.746s] DEBUG:colcon.colcon_parallel_executor.executor.parallel:run_until_complete finished with '0'
[4.746s] DEBUG:colcon.colcon_core.event_reactor:joining thread
[4.752s] INFO:colcon.colcon_core.plugin_system:Skipping extension 'colcon_notification.desktop_notification.terminal_notifier': Not used on non-Darwin systems
[4.752s] INFO:colcon.colcon_core.plugin_system:Skipping extension 'colcon_notification.desktop_notification.win32': Not used on non-Windows systems
[4.753s] INFO:colcon.colcon_notification.desktop_notification:Sending desktop notification using 'notify2'
[4.769s] DEBUG:colcon.colcon_core.event_reactor:joined thread
[4.770s] INFO:colcon.colcon_core.shell:Creating prefix script '/home/auro/AURO-Revised/install/local_setup.ps1'
[4.771s] INFO:colcon.colcon_core.shell:Creating prefix util module '/home/auro/AURO-Revised/install/_local_setup_util_ps1.py'
[4.773s] INFO:colcon.colcon_core.shell:Creating prefix chain script '/home/auro/AURO-Revised/install/setup.ps1'
[4.775s] INFO:colcon.colcon_core.shell:Creating prefix script '/home/auro/AURO-Revised/install/local_setup.sh'
[4.776s] INFO:colcon.colcon_core.shell:Creating prefix util module '/home/auro/AURO-Revised/install/_local_setup_util_sh.py'
[4.777s] INFO:colcon.colcon_core.shell:Creating prefix chain script '/home/auro/AURO-Revised/install/setup.sh'
[4.780s] INFO:colcon.colcon_core.shell:Creating prefix script '/home/auro/AURO-Revised/install/local_setup.bash'
[4.781s] INFO:colcon.colcon_core.shell:Creating prefix chain script '/home/auro/AURO-Revised/install/setup.bash'
[4.783s] INFO:colcon.colcon_core.shell:Creating prefix script '/home/auro/AURO-Revised/install/local_setup.zsh'
[4.784s] INFO:colcon.colcon_core.shell:Creating prefix chain script '/home/auro/AURO-Revised/install/setup.zsh'
